4689.122 ********************************************************
4689.195 ** Session beginning Thursday May 02, 2019 12:42:43 AM **
4689.205 ** ExperimentBuilder Project : 23255_P48 **
4689.212 ** ExperimentBuilder Version : 2.1.140 **
4689.218 ** ExperimentBuilder Build   : Nov 10 2017 **
4689.225 ********************************************************
5355.147 WELCOME_SCREEN WELCOME_SCREEN (BEGIN) 
5362.240 WELCOME_SCREEN WELCOME_SCREEN
82652.367 KEYBOARD KEYBOARD
83103.164 PREPARE_SEQUENCE BLOCK.PREPARE_SEQUENCE
83103.543 SetValueAction 
83124.793 TRIAL_IMAGE BLOCK.RECORDING_SEQUENCE.TRIAL_IMAGE (BEGIN) 
83133.130 TRIAL_IMAGE BLOCK.RECORDING_SEQUENCE.TRIAL_IMAGE
83608.237 TIMER[2] BLOCK.RECORDING_SEQUENCE.TIMER[2]
83618.620 DISPLAY_SCREEN[1] BLOCK.RECORDING_SEQUENCE.DISPLAY_SCREEN[1] (BEGIN) 
83633.268 DISPLAY_SCREEN[1] BLOCK.RECORDING_SEQUENCE.DISPLAY_SCREEN[1]
85340.835 MOUSE_R BLOCK.RECORDING_SEQUENCE.MOUSE_R
85340.977 SET_BUTTON_PRESS2 BLOCK.RECORDING_SEQUENCE.SET_BUTTON_PRESS2
85341.122 ADD_TO_RESULTS_FILE[1] BLOCK.RECORDING_SEQUENCE.ADD_TO_RESULTS_FILE[1]
85341.177 SetValueAction 
85359.383 TRIAL_IMAGE BLOCK.RECORDING_SEQUENCE.TRIAL_IMAGE (BEGIN) 
85367.063 TRIAL_IMAGE BLOCK.RECORDING_SEQUENCE.TRIAL_IMAGE
85842.183 TIMER[2] BLOCK.RECORDING_SEQUENCE.TIMER[2]
85852.628 DISPLAY_SCREEN[1] BLOCK.RECORDING_SEQUENCE.DISPLAY_SCREEN[1] (BEGIN) 
85867.214 DISPLAY_SCREEN[1] BLOCK.RECORDING_SEQUENCE.DISPLAY_SCREEN[1]
86523.954 MOUSE_R BLOCK.RECORDING_SEQUENCE.MOUSE_R
86524.095 SET_BUTTON_PRESS2 BLOCK.RECORDING_SEQUENCE.SET_BUTTON_PRESS2
86524.238 ADD_TO_RESULTS_FILE[1] BLOCK.RECORDING_SEQUENCE.ADD_TO_RESULTS_FILE[1]
86524.291 SetValueAction 
86548.901 TRIAL_IMAGE BLOCK.RECORDING_SEQUENCE.TRIAL_IMAGE (BEGIN) 
86567.389 TRIAL_IMAGE BLOCK.RECORDING_SEQUENCE.TRIAL_IMAGE
87042.497 TIMER[2] BLOCK.RECORDING_SEQUENCE.TIMER[2]
87052.612 DISPLAY_SCREEN[1] BLOCK.RECORDING_SEQUENCE.DISPLAY_SCREEN[1] (BEGIN) 
87067.525 DISPLAY_SCREEN[1] BLOCK.RECORDING_SEQUENCE.DISPLAY_SCREEN[1]
87620.733 MOUSE_R BLOCK.RECORDING_SEQUENCE.MOUSE_R
87620.870 SET_BUTTON_PRESS2 BLOCK.RECORDING_SEQUENCE.SET_BUTTON_PRESS2
87621.010 ADD_TO_RESULTS_FILE[1] BLOCK.RECORDING_SEQUENCE.ADD_TO_RESULTS_FILE[1]
87621.063 SetValueAction 
87645.504 TRIAL_IMAGE BLOCK.RECORDING_SEQUENCE.TRIAL_IMAGE (BEGIN) 
87651.009 TRIAL_IMAGE BLOCK.RECORDING_SEQUENCE.TRIAL_IMAGE
88126.097 TIMER[2] BLOCK.RECORDING_SEQUENCE.TIMER[2]
88136.613 DISPLAY_SCREEN[1] BLOCK.RECORDING_SEQUENCE.DISPLAY_SCREEN[1] (BEGIN) 
88151.166 DISPLAY_SCREEN[1] BLOCK.RECORDING_SEQUENCE.DISPLAY_SCREEN[1]
88725.218 MOUSE_R BLOCK.RECORDING_SEQUENCE.MOUSE_R
88725.357 SET_BUTTON_PRESS2 BLOCK.RECORDING_SEQUENCE.SET_BUTTON_PRESS2
88725.501 ADD_TO_RESULTS_FILE[1] BLOCK.RECORDING_SEQUENCE.ADD_TO_RESULTS_FILE[1]
88725.553 SetValueAction 
88751.996 TRIAL_IMAGE BLOCK.RECORDING_SEQUENCE.TRIAL_IMAGE (BEGIN) 
88767.987 TRIAL_IMAGE BLOCK.RECORDING_SEQUENCE.TRIAL_IMAGE
89243.052 TIMER[2] BLOCK.RECORDING_SEQUENCE.TIMER[2]
89253.612 DISPLAY_SCREEN[1] BLOCK.RECORDING_SEQUENCE.DISPLAY_SCREEN[1] (BEGIN) 
89268.124 DISPLAY_SCREEN[1] BLOCK.RECORDING_SEQUENCE.DISPLAY_SCREEN[1]
89725.195 MOUSE_R BLOCK.RECORDING_SEQUENCE.MOUSE_R
89725.329 SET_BUTTON_PRESS2 BLOCK.RECORDING_SEQUENCE.SET_BUTTON_PRESS2
89725.469 ADD_TO_RESULTS_FILE[1] BLOCK.RECORDING_SEQUENCE.ADD_TO_RESULTS_FILE[1]
89725.521 SetValueAction 
89746.929 TRIAL_IMAGE BLOCK.RECORDING_SEQUENCE.TRIAL_IMAGE (BEGIN) 
89751.572 TRIAL_IMAGE BLOCK.RECORDING_SEQUENCE.TRIAL_IMAGE
90226.685 TIMER[2] BLOCK.RECORDING_SEQUENCE.TIMER[2]
90236.612 DISPLAY_SCREEN[1] BLOCK.RECORDING_SEQUENCE.DISPLAY_SCREEN[1] (BEGIN) 
90251.718 DISPLAY_SCREEN[1] BLOCK.RECORDING_SEQUENCE.DISPLAY_SCREEN[1]
90651.654 MOUSE_R BLOCK.RECORDING_SEQUENCE.MOUSE_R
90651.788 SET_BUTTON_PRESS2 BLOCK.RECORDING_SEQUENCE.SET_BUTTON_PRESS2
90651.933 ADD_TO_RESULTS_FILE[1] BLOCK.RECORDING_SEQUENCE.ADD_TO_RESULTS_FILE[1]
90651.985 SetValueAction 
90674.094 TRIAL_IMAGE BLOCK.RECORDING_SEQUENCE.TRIAL_IMAGE (BEGIN) 
90685.170 TRIAL_IMAGE BLOCK.RECORDING_SEQUENCE.TRIAL_IMAGE
91160.279 TIMER[2] BLOCK.RECORDING_SEQUENCE.TIMER[2]
91170.613 DISPLAY_SCREEN[1] BLOCK.RECORDING_SEQUENCE.DISPLAY_SCREEN[1] (BEGIN) 
91185.304 DISPLAY_SCREEN[1] BLOCK.RECORDING_SEQUENCE.DISPLAY_SCREEN[1]
91524.925 MOUSE_R BLOCK.RECORDING_SEQUENCE.MOUSE_R
91525.058 SET_BUTTON_PRESS2 BLOCK.RECORDING_SEQUENCE.SET_BUTTON_PRESS2
91525.218 ADD_TO_RESULTS_FILE[1] BLOCK.RECORDING_SEQUENCE.ADD_TO_RESULTS_FILE[1]
91525.270 SetValueAction 
91545.378 TRIAL_IMAGE BLOCK.RECORDING_SEQUENCE.TRIAL_IMAGE (BEGIN) 
91552.053 TRIAL_IMAGE BLOCK.RECORDING_SEQUENCE.TRIAL_IMAGE
92027.158 TIMER[2] BLOCK.RECORDING_SEQUENCE.TIMER[2]
92037.625 DISPLAY_SCREEN[1] BLOCK.RECORDING_SEQUENCE.DISPLAY_SCREEN[1] (BEGIN) 
92052.219 DISPLAY_SCREEN[1] BLOCK.RECORDING_SEQUENCE.DISPLAY_SCREEN[1]
92500.374 MOUSE_R BLOCK.RECORDING_SEQUENCE.MOUSE_R
92500.509 SET_BUTTON_PRESS2 BLOCK.RECORDING_SEQUENCE.SET_BUTTON_PRESS2
92500.650 ADD_TO_RESULTS_FILE[1] BLOCK.RECORDING_SEQUENCE.ADD_TO_RESULTS_FILE[1]
92500.702 SetValueAction 
92521.940 TRIAL_IMAGE BLOCK.RECORDING_SEQUENCE.TRIAL_IMAGE (BEGIN) 
92535.671 TRIAL_IMAGE BLOCK.RECORDING_SEQUENCE.TRIAL_IMAGE
93010.755 TIMER[2] BLOCK.RECORDING_SEQUENCE.TIMER[2]
93020.612 DISPLAY_SCREEN[1] BLOCK.RECORDING_SEQUENCE.DISPLAY_SCREEN[1] (BEGIN) 
93035.793 DISPLAY_SCREEN[1] BLOCK.RECORDING_SEQUENCE.DISPLAY_SCREEN[1]
93364.856 MOUSE_R BLOCK.RECORDING_SEQUENCE.MOUSE_R
93364.997 SET_BUTTON_PRESS2 BLOCK.RECORDING_SEQUENCE.SET_BUTTON_PRESS2
93365.139 ADD_TO_RESULTS_FILE[1] BLOCK.RECORDING_SEQUENCE.ADD_TO_RESULTS_FILE[1]
93365.193 SetValueAction 
93386.575 TRIAL_IMAGE BLOCK.RECORDING_SEQUENCE.TRIAL_IMAGE (BEGIN) 
93402.565 TRIAL_IMAGE BLOCK.RECORDING_SEQUENCE.TRIAL_IMAGE
93877.670 TIMER[2] BLOCK.RECORDING_SEQUENCE.TIMER[2]
93887.612 DISPLAY_SCREEN[1] BLOCK.RECORDING_SEQUENCE.DISPLAY_SCREEN[1] (BEGIN) 
93902.708 DISPLAY_SCREEN[1] BLOCK.RECORDING_SEQUENCE.DISPLAY_SCREEN[1]
94252.822 MOUSE_R BLOCK.RECORDING_SEQUENCE.MOUSE_R
94252.952 SET_BUTTON_PRESS2 BLOCK.RECORDING_SEQUENCE.SET_BUTTON_PRESS2
94253.092 ADD_TO_RESULTS_FILE[1] BLOCK.RECORDING_SEQUENCE.ADD_TO_RESULTS_FILE[1]
94253.144 SetValueAction 
94278.231 TRIAL_IMAGE BLOCK.RECORDING_SEQUENCE.TRIAL_IMAGE (BEGIN) 
94286.121 TRIAL_IMAGE BLOCK.RECORDING_SEQUENCE.TRIAL_IMAGE
94761.208 TIMER[2] BLOCK.RECORDING_SEQUENCE.TIMER[2]
94771.612 DISPLAY_SCREEN[1] BLOCK.RECORDING_SEQUENCE.DISPLAY_SCREEN[1] (BEGIN) 
94786.272 DISPLAY_SCREEN[1] BLOCK.RECORDING_SEQUENCE.DISPLAY_SCREEN[1]
95300.550 MOUSE_R BLOCK.RECORDING_SEQUENCE.MOUSE_R
95300.686 SET_BUTTON_PRESS2 BLOCK.RECORDING_SEQUENCE.SET_BUTTON_PRESS2
95300.826 ADD_TO_RESULTS_FILE[1] BLOCK.RECORDING_SEQUENCE.ADD_TO_RESULTS_FILE[1]
95300.878 SetValueAction 
95318.430 TRIAL_IMAGE BLOCK.RECORDING_SEQUENCE.TRIAL_IMAGE (BEGIN) 
95336.412 TRIAL_IMAGE BLOCK.RECORDING_SEQUENCE.TRIAL_IMAGE
95811.533 TIMER[2] BLOCK.RECORDING_SEQUENCE.TIMER[2]
95821.612 DISPLAY_SCREEN[1] BLOCK.RECORDING_SEQUENCE.DISPLAY_SCREEN[1] (BEGIN) 
95836.556 DISPLAY_SCREEN[1] BLOCK.RECORDING_SEQUENCE.DISPLAY_SCREEN[1]
96131.381 MOUSE_R BLOCK.RECORDING_SEQUENCE.MOUSE_R
96131.514 SET_BUTTON_PRESS2 BLOCK.RECORDING_SEQUENCE.SET_BUTTON_PRESS2
96131.655 ADD_TO_RESULTS_FILE[1] BLOCK.RECORDING_SEQUENCE.ADD_TO_RESULTS_FILE[1]
96131.706 SetValueAction 
96152.836 TRIAL_IMAGE BLOCK.RECORDING_SEQUENCE.TRIAL_IMAGE (BEGIN) 
96169.978 TRIAL_IMAGE BLOCK.RECORDING_SEQUENCE.TRIAL_IMAGE
96645.076 TIMER[2] BLOCK.RECORDING_SEQUENCE.TIMER[2]
96655.612 DISPLAY_SCREEN[1] BLOCK.RECORDING_SEQUENCE.DISPLAY_SCREEN[1] (BEGIN) 
96670.112 DISPLAY_SCREEN[1] BLOCK.RECORDING_SEQUENCE.DISPLAY_SCREEN[1]
97139.463 MOUSE_R BLOCK.RECORDING_SEQUENCE.MOUSE_R
97139.610 SET_BUTTON_PRESS2 BLOCK.RECORDING_SEQUENCE.SET_BUTTON_PRESS2
97139.767 ADD_TO_RESULTS_FILE[1] BLOCK.RECORDING_SEQUENCE.ADD_TO_RESULTS_FILE[1]
97139.822 SetValueAction 
97140.602 TRIAL_IMAGE BLOCK.RECORDING_SEQUENCE.TRIAL_IMAGE (BEGIN) 
97153.571 TRIAL_IMAGE BLOCK.RECORDING_SEQUENCE.TRIAL_IMAGE
97628.661 TIMER[2] BLOCK.RECORDING_SEQUENCE.TIMER[2]
97638.614 DISPLAY_SCREEN[1] BLOCK.RECORDING_SEQUENCE.DISPLAY_SCREEN[1] (BEGIN) 
97653.706 DISPLAY_SCREEN[1] BLOCK.RECORDING_SEQUENCE.DISPLAY_SCREEN[1]
98051.268 MOUSE_R BLOCK.RECORDING_SEQUENCE.MOUSE_R
98051.419 SET_BUTTON_PRESS2 BLOCK.RECORDING_SEQUENCE.SET_BUTTON_PRESS2
98051.562 ADD_TO_RESULTS_FILE[1] BLOCK.RECORDING_SEQUENCE.ADD_TO_RESULTS_FILE[1]
98051.614 SetValueAction 
98073.696 TRIAL_IMAGE BLOCK.RECORDING_SEQUENCE.TRIAL_IMAGE (BEGIN) 
98087.149 TRIAL_IMAGE BLOCK.RECORDING_SEQUENCE.TRIAL_IMAGE
98562.253 TIMER[2] BLOCK.RECORDING_SEQUENCE.TIMER[2]
98572.613 DISPLAY_SCREEN[1] BLOCK.RECORDING_SEQUENCE.DISPLAY_SCREEN[1] (BEGIN) 
98587.295 DISPLAY_SCREEN[1] BLOCK.RECORDING_SEQUENCE.DISPLAY_SCREEN[1]
99316.192 MOUSE_R BLOCK.RECORDING_SEQUENCE.MOUSE_R
99316.334 SET_BUTTON_PRESS2 BLOCK.RECORDING_SEQUENCE.SET_BUTTON_PRESS2
99316.477 ADD_TO_RESULTS_FILE[1] BLOCK.RECORDING_SEQUENCE.ADD_TO_RESULTS_FILE[1]
99316.531 SetValueAction 
99340.163 TRIAL_IMAGE BLOCK.RECORDING_SEQUENCE.TRIAL_IMAGE (BEGIN) 
99354.165 TRIAL_IMAGE BLOCK.RECORDING_SEQUENCE.TRIAL_IMAGE
99829.314 TIMER[2] BLOCK.RECORDING_SEQUENCE.TIMER[2]
99839.614 DISPLAY_SCREEN[1] BLOCK.RECORDING_SEQUENCE.DISPLAY_SCREEN[1] (BEGIN) 
99854.310 DISPLAY_SCREEN[1] BLOCK.RECORDING_SEQUENCE.DISPLAY_SCREEN[1]
100859.053 MOUSE_R BLOCK.RECORDING_SEQUENCE.MOUSE_R
100859.199 SET_BUTTON_PRESS2 BLOCK.RECORDING_SEQUENCE.SET_BUTTON_PRESS2
100859.344 ADD_TO_RESULTS_FILE[1] BLOCK.RECORDING_SEQUENCE.ADD_TO_RESULTS_FILE[1]
100859.396 SetValueAction 
100879.058 TRIAL_IMAGE BLOCK.RECORDING_SEQUENCE.TRIAL_IMAGE (BEGIN) 
100887.899 TRIAL_IMAGE BLOCK.RECORDING_SEQUENCE.TRIAL_IMAGE
101362.985 TIMER[2] BLOCK.RECORDING_SEQUENCE.TIMER[2]
101373.613 DISPLAY_SCREEN[1] BLOCK.RECORDING_SEQUENCE.DISPLAY_SCREEN[1] (BEGIN) 
101388.036 DISPLAY_SCREEN[1] BLOCK.RECORDING_SEQUENCE.DISPLAY_SCREEN[1]
102004.169 MOUSE_R BLOCK.RECORDING_SEQUENCE.MOUSE_R
102004.318 SET_BUTTON_PRESS2 BLOCK.RECORDING_SEQUENCE.SET_BUTTON_PRESS2
102004.467 ADD_TO_RESULTS_FILE[1] BLOCK.RECORDING_SEQUENCE.ADD_TO_RESULTS_FILE[1]
102004.519 SetValueAction 
102022.618 TRIAL_IMAGE BLOCK.RECORDING_SEQUENCE.TRIAL_IMAGE (BEGIN) 
102038.230 TRIAL_IMAGE BLOCK.RECORDING_SEQUENCE.TRIAL_IMAGE
102513.309 TIMER[2] BLOCK.RECORDING_SEQUENCE.TIMER[2]
102523.612 DISPLAY_SCREEN[1] BLOCK.RECORDING_SEQUENCE.DISPLAY_SCREEN[1] (BEGIN) 
102538.349 DISPLAY_SCREEN[1] BLOCK.RECORDING_SEQUENCE.DISPLAY_SCREEN[1]
103355.651 MOUSE_R BLOCK.RECORDING_SEQUENCE.MOUSE_R
103355.793 SET_BUTTON_PRESS2 BLOCK.RECORDING_SEQUENCE.SET_BUTTON_PRESS2
103355.935 ADD_TO_RESULTS_FILE[1] BLOCK.RECORDING_SEQUENCE.ADD_TO_RESULTS_FILE[1]
103355.987 SetValueAction 
103376.661 TRIAL_IMAGE BLOCK.RECORDING_SEQUENCE.TRIAL_IMAGE (BEGIN) 
103388.585 TRIAL_IMAGE BLOCK.RECORDING_SEQUENCE.TRIAL_IMAGE
103863.713 TIMER[2] BLOCK.RECORDING_SEQUENCE.TIMER[2]
103873.612 DISPLAY_SCREEN[1] BLOCK.RECORDING_SEQUENCE.DISPLAY_SCREEN[1] (BEGIN) 
103888.720 DISPLAY_SCREEN[1] BLOCK.RECORDING_SEQUENCE.DISPLAY_SCREEN[1]
104460.111 MOUSE_R BLOCK.RECORDING_SEQUENCE.MOUSE_R
104460.242 SET_BUTTON_PRESS2 BLOCK.RECORDING_SEQUENCE.SET_BUTTON_PRESS2
104460.403 ADD_TO_RESULTS_FILE[1] BLOCK.RECORDING_SEQUENCE.ADD_TO_RESULTS_FILE[1]
104460.454 SetValueAction 
104481.793 TRIAL_IMAGE BLOCK.RECORDING_SEQUENCE.TRIAL_IMAGE (BEGIN) 
104488.870 TRIAL_IMAGE BLOCK.RECORDING_SEQUENCE.TRIAL_IMAGE
104963.944 TIMER[2] BLOCK.RECORDING_SEQUENCE.TIMER[2]
104973.614 DISPLAY_SCREEN[1] BLOCK.RECORDING_SEQUENCE.DISPLAY_SCREEN[1] (BEGIN) 
104989.016 DISPLAY_SCREEN[1] BLOCK.RECORDING_SEQUENCE.DISPLAY_SCREEN[1]
105691.238 MOUSE_R BLOCK.RECORDING_SEQUENCE.MOUSE_R
105691.382 SET_BUTTON_PRESS2 BLOCK.RECORDING_SEQUENCE.SET_BUTTON_PRESS2
105691.524 ADD_TO_RESULTS_FILE[1] BLOCK.RECORDING_SEQUENCE.ADD_TO_RESULTS_FILE[1]
105691.576 SetValueAction 
105707.200 TRIAL_IMAGE BLOCK.RECORDING_SEQUENCE.TRIAL_IMAGE (BEGIN) 
105722.539 TRIAL_IMAGE BLOCK.RECORDING_SEQUENCE.TRIAL_IMAGE
106197.630 TIMER[2] BLOCK.RECORDING_SEQUENCE.TIMER[2]
106207.613 DISPLAY_SCREEN[1] BLOCK.RECORDING_SEQUENCE.DISPLAY_SCREEN[1] (BEGIN) 
106222.673 DISPLAY_SCREEN[1] BLOCK.RECORDING_SEQUENCE.DISPLAY_SCREEN[1]
107172.148 MOUSE_R BLOCK.RECORDING_SEQUENCE.MOUSE_R
107172.292 SET_BUTTON_PRESS2 BLOCK.RECORDING_SEQUENCE.SET_BUTTON_PRESS2
107172.452 ADD_TO_RESULTS_FILE[1] BLOCK.RECORDING_SEQUENCE.ADD_TO_RESULTS_FILE[1]
107172.503 SetValueAction 
107192.780 TRIAL_IMAGE BLOCK.RECORDING_SEQUENCE.TRIAL_IMAGE (BEGIN) 
107206.279 TRIAL_IMAGE BLOCK.RECORDING_SEQUENCE.TRIAL_IMAGE
107681.430 TIMER[2] BLOCK.RECORDING_SEQUENCE.TIMER[2]
107691.612 DISPLAY_SCREEN[1] BLOCK.RECORDING_SEQUENCE.DISPLAY_SCREEN[1] (BEGIN) 
107706.406 DISPLAY_SCREEN[1] BLOCK.RECORDING_SEQUENCE.DISPLAY_SCREEN[1]
108324.494 MOUSE_R BLOCK.RECORDING_SEQUENCE.MOUSE_R
108324.632 SET_BUTTON_PRESS2 BLOCK.RECORDING_SEQUENCE.SET_BUTTON_PRESS2
108324.773 ADD_TO_RESULTS_FILE[1] BLOCK.RECORDING_SEQUENCE.ADD_TO_RESULTS_FILE[1]
108324.825 SetValueAction 
108325.496 TRIAL_IMAGE BLOCK.RECORDING_SEQUENCE.TRIAL_IMAGE (BEGIN) 
108339.912 TRIAL_IMAGE BLOCK.RECORDING_SEQUENCE.TRIAL_IMAGE
108815.009 TIMER[2] BLOCK.RECORDING_SEQUENCE.TIMER[2]
108825.612 DISPLAY_SCREEN[1] BLOCK.RECORDING_SEQUENCE.DISPLAY_SCREEN[1] (BEGIN) 
108840.050 DISPLAY_SCREEN[1] BLOCK.RECORDING_SEQUENCE.DISPLAY_SCREEN[1]
109523.710 MOUSE_R BLOCK.RECORDING_SEQUENCE.MOUSE_R
109523.853 SET_BUTTON_PRESS2 BLOCK.RECORDING_SEQUENCE.SET_BUTTON_PRESS2
109523.996 ADD_TO_RESULTS_FILE[1] BLOCK.RECORDING_SEQUENCE.ADD_TO_RESULTS_FILE[1]
109526.507 DISPLAY_SCREEN BLOCK.DISPLAY_SCREEN (BEGIN) 
109540.231 DISPLAY_SCREEN BLOCK.DISPLAY_SCREEN
109651.071 MOUSE BLOCK.MOUSE
109866.746 PREPARE_SEQUENCE BLOCK.PREPARE_SEQUENCE
109866.849 SetValueAction 
109895.583 TRIAL_IMAGE BLOCK.RECORDING_SEQUENCE.TRIAL_IMAGE (BEGIN) 
109906.990 TRIAL_IMAGE BLOCK.RECORDING_SEQUENCE.TRIAL_IMAGE
110382.053 TIMER[2] BLOCK.RECORDING_SEQUENCE.TIMER[2]
110392.616 DISPLAY_SCREEN[1] BLOCK.RECORDING_SEQUENCE.DISPLAY_SCREEN[1] (BEGIN) 
110407.129 DISPLAY_SCREEN[1] BLOCK.RECORDING_SEQUENCE.DISPLAY_SCREEN[1]
112907.201 TIMER[1] BLOCK.RECORDING_SEQUENCE.TIMER[1]
112907.336 SET_BUTTON_PRESS BLOCK.RECORDING_SEQUENCE.SET_BUTTON_PRESS
112907.494 ADD_TO_RESULTS_FILE[1] BLOCK.RECORDING_SEQUENCE.ADD_TO_RESULTS_FILE[1]
112907.546 SetValueAction 
112921.319 TRIAL_IMAGE BLOCK.RECORDING_SEQUENCE.TRIAL_IMAGE (BEGIN) 
112924.465 TRIAL_IMAGE BLOCK.RECORDING_SEQUENCE.TRIAL_IMAGE
113399.516 TIMER[2] BLOCK.RECORDING_SEQUENCE.TIMER[2]
113409.624 DISPLAY_SCREEN[1] BLOCK.RECORDING_SEQUENCE.DISPLAY_SCREEN[1] (BEGIN) 
113424.610 DISPLAY_SCREEN[1] BLOCK.RECORDING_SEQUENCE.DISPLAY_SCREEN[1]
115924.669 TIMER[1] BLOCK.RECORDING_SEQUENCE.TIMER[1]
115924.807 SET_BUTTON_PRESS BLOCK.RECORDING_SEQUENCE.SET_BUTTON_PRESS
115924.947 ADD_TO_RESULTS_FILE[1] BLOCK.RECORDING_SEQUENCE.ADD_TO_RESULTS_FILE[1]
115924.999 SetValueAction 
115948.503 TRIAL_IMAGE BLOCK.RECORDING_SEQUENCE.TRIAL_IMAGE (BEGIN) 
115958.619 TRIAL_IMAGE BLOCK.RECORDING_SEQUENCE.TRIAL_IMAGE
116433.747 TIMER[2] BLOCK.RECORDING_SEQUENCE.TIMER[2]
116443.612 DISPLAY_SCREEN[1] BLOCK.RECORDING_SEQUENCE.DISPLAY_SCREEN[1] (BEGIN) 
116458.760 DISPLAY_SCREEN[1] BLOCK.RECORDING_SEQUENCE.DISPLAY_SCREEN[1]
118958.785 TIMER[1] BLOCK.RECORDING_SEQUENCE.TIMER[1]
118958.922 SET_BUTTON_PRESS BLOCK.RECORDING_SEQUENCE.SET_BUTTON_PRESS
118959.063 ADD_TO_RESULTS_FILE[1] BLOCK.RECORDING_SEQUENCE.ADD_TO_RESULTS_FILE[1]
118959.115 SetValueAction 
118965.959 TRIAL_IMAGE BLOCK.RECORDING_SEQUENCE.TRIAL_IMAGE (BEGIN) 
118976.105 TRIAL_IMAGE BLOCK.RECORDING_SEQUENCE.TRIAL_IMAGE
119451.213 TIMER[2] BLOCK.RECORDING_SEQUENCE.TIMER[2]
119461.613 DISPLAY_SCREEN[1] BLOCK.RECORDING_SEQUENCE.DISPLAY_SCREEN[1] (BEGIN) 
119476.244 DISPLAY_SCREEN[1] BLOCK.RECORDING_SEQUENCE.DISPLAY_SCREEN[1]
119571.052 MOUSE_R BLOCK.RECORDING_SEQUENCE.MOUSE_R
119571.180 SET_BUTTON_PRESS2 BLOCK.RECORDING_SEQUENCE.SET_BUTTON_PRESS2
119571.318 ADD_TO_RESULTS_FILE[1] BLOCK.RECORDING_SEQUENCE.ADD_TO_RESULTS_FILE[1]
119571.369 SetValueAction 
119587.040 TRIAL_IMAGE BLOCK.RECORDING_SEQUENCE.TRIAL_IMAGE (BEGIN) 
119592.930 TRIAL_IMAGE BLOCK.RECORDING_SEQUENCE.TRIAL_IMAGE
120068.053 TIMER[2] BLOCK.RECORDING_SEQUENCE.TIMER[2]
120078.623 DISPLAY_SCREEN[1] BLOCK.RECORDING_SEQUENCE.DISPLAY_SCREEN[1] (BEGIN) 
120093.073 DISPLAY_SCREEN[1] BLOCK.RECORDING_SEQUENCE.DISPLAY_SCREEN[1]
120762.918 MOUSE_R BLOCK.RECORDING_SEQUENCE.MOUSE_R
120763.052 SET_BUTTON_PRESS2 BLOCK.RECORDING_SEQUENCE.SET_BUTTON_PRESS2
120763.195 ADD_TO_RESULTS_FILE[1] BLOCK.RECORDING_SEQUENCE.ADD_TO_RESULTS_FILE[1]
120763.248 SetValueAction 
120763.979 TRIAL_IMAGE BLOCK.RECORDING_SEQUENCE.TRIAL_IMAGE (BEGIN) 
120776.592 TRIAL_IMAGE BLOCK.RECORDING_SEQUENCE.TRIAL_IMAGE
121251.674 TIMER[2] BLOCK.RECORDING_SEQUENCE.TIMER[2]
121261.612 DISPLAY_SCREEN[1] BLOCK.RECORDING_SEQUENCE.DISPLAY_SCREEN[1] (BEGIN) 
121276.717 DISPLAY_SCREEN[1] BLOCK.RECORDING_SEQUENCE.DISPLAY_SCREEN[1]
121795.404 MOUSE_R BLOCK.RECORDING_SEQUENCE.MOUSE_R
121795.537 SET_BUTTON_PRESS2 BLOCK.RECORDING_SEQUENCE.SET_BUTTON_PRESS2
121795.676 ADD_TO_RESULTS_FILE[1] BLOCK.RECORDING_SEQUENCE.ADD_TO_RESULTS_FILE[1]
121795.726 SetValueAction 
121819.252 TRIAL_IMAGE BLOCK.RECORDING_SEQUENCE.TRIAL_IMAGE (BEGIN) 
121826.863 TRIAL_IMAGE BLOCK.RECORDING_SEQUENCE.TRIAL_IMAGE
122301.911 TIMER[2] BLOCK.RECORDING_SEQUENCE.TIMER[2]
122311.612 DISPLAY_SCREEN[1] BLOCK.RECORDING_SEQUENCE.DISPLAY_SCREEN[1] (BEGIN) 
122326.999 DISPLAY_SCREEN[1] BLOCK.RECORDING_SEQUENCE.DISPLAY_SCREEN[1]
122738.033 MOUSE_R BLOCK.RECORDING_SEQUENCE.MOUSE_R
122738.169 SET_BUTTON_PRESS2 BLOCK.RECORDING_SEQUENCE.SET_BUTTON_PRESS2
122738.311 ADD_TO_RESULTS_FILE[1] BLOCK.RECORDING_SEQUENCE.ADD_TO_RESULTS_FILE[1]
122738.364 SetValueAction 
122746.223 TRIAL_IMAGE BLOCK.RECORDING_SEQUENCE.TRIAL_IMAGE (BEGIN) 
122760.450 TRIAL_IMAGE BLOCK.RECORDING_SEQUENCE.TRIAL_IMAGE
123235.596 TIMER[2] BLOCK.RECORDING_SEQUENCE.TIMER[2]
123245.616 DISPLAY_SCREEN[1] BLOCK.RECORDING_SEQUENCE.DISPLAY_SCREEN[1] (BEGIN) 
123260.601 DISPLAY_SCREEN[1] BLOCK.RECORDING_SEQUENCE.DISPLAY_SCREEN[1]
123610.325 MOUSE_R BLOCK.RECORDING_SEQUENCE.MOUSE_R
123610.459 SET_BUTTON_PRESS2 BLOCK.RECORDING_SEQUENCE.SET_BUTTON_PRESS2
123610.598 ADD_TO_RESULTS_FILE[1] BLOCK.RECORDING_SEQUENCE.ADD_TO_RESULTS_FILE[1]
123610.650 SetValueAction 
123629.987 TRIAL_IMAGE BLOCK.RECORDING_SEQUENCE.TRIAL_IMAGE (BEGIN) 
123644.021 TRIAL_IMAGE BLOCK.RECORDING_SEQUENCE.TRIAL_IMAGE
124119.136 TIMER[2] BLOCK.RECORDING_SEQUENCE.TIMER[2]
124129.617 DISPLAY_SCREEN[1] BLOCK.RECORDING_SEQUENCE.DISPLAY_SCREEN[1] (BEGIN) 
124144.160 DISPLAY_SCREEN[1] BLOCK.RECORDING_SEQUENCE.DISPLAY_SCREEN[1]
124570.554 MOUSE_R BLOCK.RECORDING_SEQUENCE.MOUSE_R
124570.715 SET_BUTTON_PRESS2 BLOCK.RECORDING_SEQUENCE.SET_BUTTON_PRESS2
124570.854 ADD_TO_RESULTS_FILE[1] BLOCK.RECORDING_SEQUENCE.ADD_TO_RESULTS_FILE[1]
124570.905 SetValueAction 
124571.544 TRIAL_IMAGE BLOCK.RECORDING_SEQUENCE.TRIAL_IMAGE (BEGIN) 
124577.593 TRIAL_IMAGE BLOCK.RECORDING_SEQUENCE.TRIAL_IMAGE
125052.675 TIMER[2] BLOCK.RECORDING_SEQUENCE.TIMER[2]
125062.612 DISPLAY_SCREEN[1] BLOCK.RECORDING_SEQUENCE.DISPLAY_SCREEN[1] (BEGIN) 
125077.746 DISPLAY_SCREEN[1] BLOCK.RECORDING_SEQUENCE.DISPLAY_SCREEN[1]
127577.784 TIMER[1] BLOCK.RECORDING_SEQUENCE.TIMER[1]
127577.918 SET_BUTTON_PRESS BLOCK.RECORDING_SEQUENCE.SET_BUTTON_PRESS
127578.060 ADD_TO_RESULTS_FILE[1] BLOCK.RECORDING_SEQUENCE.ADD_TO_RESULTS_FILE[1]
127578.113 SetValueAction 
127595.668 TRIAL_IMAGE BLOCK.RECORDING_SEQUENCE.TRIAL_IMAGE (BEGIN) 
127611.762 TRIAL_IMAGE BLOCK.RECORDING_SEQUENCE.TRIAL_IMAGE
128086.889 TIMER[2] BLOCK.RECORDING_SEQUENCE.TIMER[2]
128096.613 DISPLAY_SCREEN[1] BLOCK.RECORDING_SEQUENCE.DISPLAY_SCREEN[1] (BEGIN) 
128111.897 DISPLAY_SCREEN[1] BLOCK.RECORDING_SEQUENCE.DISPLAY_SCREEN[1]
128473.899 MOUSE_R BLOCK.RECORDING_SEQUENCE.MOUSE_R
128474.041 SET_BUTTON_PRESS2 BLOCK.RECORDING_SEQUENCE.SET_BUTTON_PRESS2
128474.184 ADD_TO_RESULTS_FILE[1] BLOCK.RECORDING_SEQUENCE.ADD_TO_RESULTS_FILE[1]
128474.238 SetValueAction 
128492.156 TRIAL_IMAGE BLOCK.RECORDING_SEQUENCE.TRIAL_IMAGE (BEGIN) 
128495.318 TRIAL_IMAGE BLOCK.RECORDING_SEQUENCE.TRIAL_IMAGE
128970.375 TIMER[2] BLOCK.RECORDING_SEQUENCE.TIMER[2]
128980.613 DISPLAY_SCREEN[1] BLOCK.RECORDING_SEQUENCE.DISPLAY_SCREEN[1] (BEGIN) 
128995.466 DISPLAY_SCREEN[1] BLOCK.RECORDING_SEQUENCE.DISPLAY_SCREEN[1]
129666.829 MOUSE_R BLOCK.RECORDING_SEQUENCE.MOUSE_R
129666.974 SET_BUTTON_PRESS2 BLOCK.RECORDING_SEQUENCE.SET_BUTTON_PRESS2
129667.118 ADD_TO_RESULTS_FILE[1] BLOCK.RECORDING_SEQUENCE.ADD_TO_RESULTS_FILE[1]
129667.171 SetValueAction 
129675.643 TRIAL_IMAGE BLOCK.RECORDING_SEQUENCE.TRIAL_IMAGE (BEGIN) 
129678.969 TRIAL_IMAGE BLOCK.RECORDING_SEQUENCE.TRIAL_IMAGE
130154.045 TIMER[2] BLOCK.RECORDING_SEQUENCE.TIMER[2]
130164.612 DISPLAY_SCREEN[1] BLOCK.RECORDING_SEQUENCE.DISPLAY_SCREEN[1] (BEGIN) 
130179.110 DISPLAY_SCREEN[1] BLOCK.RECORDING_SEQUENCE.DISPLAY_SCREEN[1]
130650.010 MOUSE_R BLOCK.RECORDING_SEQUENCE.MOUSE_R
130650.144 SET_BUTTON_PRESS2 BLOCK.RECORDING_SEQUENCE.SET_BUTTON_PRESS2
130650.285 ADD_TO_RESULTS_FILE[1] BLOCK.RECORDING_SEQUENCE.ADD_TO_RESULTS_FILE[1]
130650.337 SetValueAction 
130672.519 TRIAL_IMAGE BLOCK.RECORDING_SEQUENCE.TRIAL_IMAGE (BEGIN) 
130679.242 TRIAL_IMAGE BLOCK.RECORDING_SEQUENCE.TRIAL_IMAGE
131154.325 TIMER[2] BLOCK.RECORDING_SEQUENCE.TIMER[2]
131164.612 DISPLAY_SCREEN[1] BLOCK.RECORDING_SEQUENCE.DISPLAY_SCREEN[1] (BEGIN) 
131179.376 DISPLAY_SCREEN[1] BLOCK.RECORDING_SEQUENCE.DISPLAY_SCREEN[1]
131658.599 MOUSE_R BLOCK.RECORDING_SEQUENCE.MOUSE_R
131658.734 SET_BUTTON_PRESS2 BLOCK.RECORDING_SEQUENCE.SET_BUTTON_PRESS2
131658.874 ADD_TO_RESULTS_FILE[1] BLOCK.RECORDING_SEQUENCE.ADD_TO_RESULTS_FILE[1]
131658.926 SetValueAction 
131666.526 TRIAL_IMAGE BLOCK.RECORDING_SEQUENCE.TRIAL_IMAGE (BEGIN) 
131679.517 TRIAL_IMAGE BLOCK.RECORDING_SEQUENCE.TRIAL_IMAGE
132154.566 TIMER[2] BLOCK.RECORDING_SEQUENCE.TIMER[2]
132164.612 DISPLAY_SCREEN[1] BLOCK.RECORDING_SEQUENCE.DISPLAY_SCREEN[1] (BEGIN) 
132179.659 DISPLAY_SCREEN[1] BLOCK.RECORDING_SEQUENCE.DISPLAY_SCREEN[1]
132634.634 MOUSE_R BLOCK.RECORDING_SEQUENCE.MOUSE_R
132634.800 SET_BUTTON_PRESS2 BLOCK.RECORDING_SEQUENCE.SET_BUTTON_PRESS2
132634.944 ADD_TO_RESULTS_FILE[1] BLOCK.RECORDING_SEQUENCE.ADD_TO_RESULTS_FILE[1]
132634.999 SetValueAction 
132653.405 TRIAL_IMAGE BLOCK.RECORDING_SEQUENCE.TRIAL_IMAGE (BEGIN) 
132663.107 TRIAL_IMAGE BLOCK.RECORDING_SEQUENCE.TRIAL_IMAGE
133138.196 TIMER[2] BLOCK.RECORDING_SEQUENCE.TIMER[2]
133148.613 DISPLAY_SCREEN[1] BLOCK.RECORDING_SEQUENCE.DISPLAY_SCREEN[1] (BEGIN) 
133163.243 DISPLAY_SCREEN[1] BLOCK.RECORDING_SEQUENCE.DISPLAY_SCREEN[1]
133530.078 MOUSE_R BLOCK.RECORDING_SEQUENCE.MOUSE_R
133530.211 SET_BUTTON_PRESS2 BLOCK.RECORDING_SEQUENCE.SET_BUTTON_PRESS2
133530.351 ADD_TO_RESULTS_FILE[1] BLOCK.RECORDING_SEQUENCE.ADD_TO_RESULTS_FILE[1]
133530.402 SetValueAction 
133552.198 TRIAL_IMAGE BLOCK.RECORDING_SEQUENCE.TRIAL_IMAGE (BEGIN) 
133563.354 TRIAL_IMAGE BLOCK.RECORDING_SEQUENCE.TRIAL_IMAGE
134038.484 TIMER[2] BLOCK.RECORDING_SEQUENCE.TIMER[2]
134048.613 DISPLAY_SCREEN[1] BLOCK.RECORDING_SEQUENCE.DISPLAY_SCREEN[1] (BEGIN) 
134063.497 DISPLAY_SCREEN[1] BLOCK.RECORDING_SEQUENCE.DISPLAY_SCREEN[1]
134321.816 MOUSE_R BLOCK.RECORDING_SEQUENCE.MOUSE_R
134321.968 SET_BUTTON_PRESS2 BLOCK.RECORDING_SEQUENCE.SET_BUTTON_PRESS2
134322.126 ADD_TO_RESULTS_FILE[1] BLOCK.RECORDING_SEQUENCE.ADD_TO_RESULTS_FILE[1]
134322.184 SetValueAction 
134344.670 TRIAL_IMAGE BLOCK.RECORDING_SEQUENCE.TRIAL_IMAGE (BEGIN) 
134346.895 TRIAL_IMAGE BLOCK.RECORDING_SEQUENCE.TRIAL_IMAGE
134822.019 TIMER[2] BLOCK.RECORDING_SEQUENCE.TIMER[2]
134832.614 DISPLAY_SCREEN[1] BLOCK.RECORDING_SEQUENCE.DISPLAY_SCREEN[1] (BEGIN) 
134847.039 DISPLAY_SCREEN[1] BLOCK.RECORDING_SEQUENCE.DISPLAY_SCREEN[1]
135097.763 MOUSE_R BLOCK.RECORDING_SEQUENCE.MOUSE_R
135097.915 SET_BUTTON_PRESS2 BLOCK.RECORDING_SEQUENCE.SET_BUTTON_PRESS2
135098.073 ADD_TO_RESULTS_FILE[1] BLOCK.RECORDING_SEQUENCE.ADD_TO_RESULTS_FILE[1]
135098.131 SetValueAction 
135120.011 TRIAL_IMAGE BLOCK.RECORDING_SEQUENCE.TRIAL_IMAGE (BEGIN) 
135130.438 TRIAL_IMAGE BLOCK.RECORDING_SEQUENCE.TRIAL_IMAGE
135605.544 TIMER[2] BLOCK.RECORDING_SEQUENCE.TIMER[2]
135615.612 DISPLAY_SCREEN[1] BLOCK.RECORDING_SEQUENCE.DISPLAY_SCREEN[1] (BEGIN) 
135630.584 DISPLAY_SCREEN[1] BLOCK.RECORDING_SEQUENCE.DISPLAY_SCREEN[1]
135898.813 MOUSE_R BLOCK.RECORDING_SEQUENCE.MOUSE_R
135898.943 SET_BUTTON_PRESS2 BLOCK.RECORDING_SEQUENCE.SET_BUTTON_PRESS2
135899.082 ADD_TO_RESULTS_FILE[1] BLOCK.RECORDING_SEQUENCE.ADD_TO_RESULTS_FILE[1]
135899.133 SetValueAction 
135920.577 TRIAL_IMAGE BLOCK.RECORDING_SEQUENCE.TRIAL_IMAGE (BEGIN) 
135930.650 TRIAL_IMAGE BLOCK.RECORDING_SEQUENCE.TRIAL_IMAGE
136405.719 TIMER[2] BLOCK.RECORDING_SEQUENCE.TIMER[2]
136415.613 DISPLAY_SCREEN[1] BLOCK.RECORDING_SEQUENCE.DISPLAY_SCREEN[1] (BEGIN) 
136430.791 DISPLAY_SCREEN[1] BLOCK.RECORDING_SEQUENCE.DISPLAY_SCREEN[1]
136666.240 MOUSE_R BLOCK.RECORDING_SEQUENCE.MOUSE_R
136666.371 SET_BUTTON_PRESS2 BLOCK.RECORDING_SEQUENCE.SET_BUTTON_PRESS2
136666.511 ADD_TO_RESULTS_FILE[1] BLOCK.RECORDING_SEQUENCE.ADD_TO_RESULTS_FILE[1]
136666.563 SetValueAction 
136674.828 TRIAL_IMAGE BLOCK.RECORDING_SEQUENCE.TRIAL_IMAGE (BEGIN) 
136680.850 TRIAL_IMAGE BLOCK.RECORDING_SEQUENCE.TRIAL_IMAGE
137155.906 TIMER[2] BLOCK.RECORDING_SEQUENCE.TIMER[2]
137165.614 DISPLAY_SCREEN[1] BLOCK.RECORDING_SEQUENCE.DISPLAY_SCREEN[1] (BEGIN) 
137181.017 DISPLAY_SCREEN[1] BLOCK.RECORDING_SEQUENCE.DISPLAY_SCREEN[1]
137393.468 MOUSE_R BLOCK.RECORDING_SEQUENCE.MOUSE_R
137393.609 SET_BUTTON_PRESS2 BLOCK.RECORDING_SEQUENCE.SET_BUTTON_PRESS2
137393.763 ADD_TO_RESULTS_FILE[1] BLOCK.RECORDING_SEQUENCE.ADD_TO_RESULTS_FILE[1]
137393.825 SetValueAction 
137413.054 TRIAL_IMAGE BLOCK.RECORDING_SEQUENCE.TRIAL_IMAGE (BEGIN) 
137431.058 TRIAL_IMAGE BLOCK.RECORDING_SEQUENCE.TRIAL_IMAGE
137906.170 TIMER[2] BLOCK.RECORDING_SEQUENCE.TIMER[2]
137916.613 DISPLAY_SCREEN[1] BLOCK.RECORDING_SEQUENCE.DISPLAY_SCREEN[1] (BEGIN) 
137931.199 DISPLAY_SCREEN[1] BLOCK.RECORDING_SEQUENCE.DISPLAY_SCREEN[1]
138138.138 MOUSE_R BLOCK.RECORDING_SEQUENCE.MOUSE_R
138138.270 SET_BUTTON_PRESS2 BLOCK.RECORDING_SEQUENCE.SET_BUTTON_PRESS2
138138.412 ADD_TO_RESULTS_FILE[1] BLOCK.RECORDING_SEQUENCE.ADD_TO_RESULTS_FILE[1]
138138.464 SetValueAction 
138139.158 TRIAL_IMAGE BLOCK.RECORDING_SEQUENCE.TRIAL_IMAGE (BEGIN) 
138147.914 TRIAL_IMAGE BLOCK.RECORDING_SEQUENCE.TRIAL_IMAGE
138623.042 TIMER[2] BLOCK.RECORDING_SEQUENCE.TIMER[2]
138633.613 DISPLAY_SCREEN[1] BLOCK.RECORDING_SEQUENCE.DISPLAY_SCREEN[1] (BEGIN) 
138648.051 DISPLAY_SCREEN[1] BLOCK.RECORDING_SEQUENCE.DISPLAY_SCREEN[1]
138858.534 MOUSE_R BLOCK.RECORDING_SEQUENCE.MOUSE_R
138858.666 SET_BUTTON_PRESS2 BLOCK.RECORDING_SEQUENCE.SET_BUTTON_PRESS2
138858.806 ADD_TO_RESULTS_FILE[1] BLOCK.RECORDING_SEQUENCE.ADD_TO_RESULTS_FILE[1]
138858.857 SetValueAction 
138880.377 TRIAL_IMAGE BLOCK.RECORDING_SEQUENCE.TRIAL_IMAGE (BEGIN) 
138898.120 TRIAL_IMAGE BLOCK.RECORDING_SEQUENCE.TRIAL_IMAGE
139373.171 TIMER[2] BLOCK.RECORDING_SEQUENCE.TIMER[2]
139383.613 DISPLAY_SCREEN[1] BLOCK.RECORDING_SEQUENCE.DISPLAY_SCREEN[1] (BEGIN) 
139398.258 DISPLAY_SCREEN[1] BLOCK.RECORDING_SEQUENCE.DISPLAY_SCREEN[1]
139595.110 MOUSE_R BLOCK.RECORDING_SEQUENCE.MOUSE_R
139595.238 SET_BUTTON_PRESS2 BLOCK.RECORDING_SEQUENCE.SET_BUTTON_PRESS2
139595.379 ADD_TO_RESULTS_FILE[1] BLOCK.RECORDING_SEQUENCE.ADD_TO_RESULTS_FILE[1]
139595.430 SetValueAction 
139596.182 TRIAL_IMAGE BLOCK.RECORDING_SEQUENCE.TRIAL_IMAGE (BEGIN) 
139598.294 TRIAL_IMAGE BLOCK.RECORDING_SEQUENCE.TRIAL_IMAGE
140073.427 TIMER[2] BLOCK.RECORDING_SEQUENCE.TIMER[2]
140083.613 DISPLAY_SCREEN[1] BLOCK.RECORDING_SEQUENCE.DISPLAY_SCREEN[1] (BEGIN) 
140098.452 DISPLAY_SCREEN[1] BLOCK.RECORDING_SEQUENCE.DISPLAY_SCREEN[1]
140297.433 MOUSE_R BLOCK.RECORDING_SEQUENCE.MOUSE_R
140297.562 SET_BUTTON_PRESS2 BLOCK.RECORDING_SEQUENCE.SET_BUTTON_PRESS2
140297.700 ADD_TO_RESULTS_FILE[1] BLOCK.RECORDING_SEQUENCE.ADD_TO_RESULTS_FILE[1]
140297.750 SetValueAction 
140298.444 TRIAL_IMAGE BLOCK.RECORDING_SEQUENCE.TRIAL_IMAGE (BEGIN) 
140315.166 TRIAL_IMAGE BLOCK.RECORDING_SEQUENCE.TRIAL_IMAGE
140790.277 TIMER[2] BLOCK.RECORDING_SEQUENCE.TIMER[2]
140800.612 DISPLAY_SCREEN[1] BLOCK.RECORDING_SEQUENCE.DISPLAY_SCREEN[1] (BEGIN) 
140815.303 DISPLAY_SCREEN[1] BLOCK.RECORDING_SEQUENCE.DISPLAY_SCREEN[1]
141017.420 MOUSE_R BLOCK.RECORDING_SEQUENCE.MOUSE_R
141017.551 SET_BUTTON_PRESS2 BLOCK.RECORDING_SEQUENCE.SET_BUTTON_PRESS2
141017.689 ADD_TO_RESULTS_FILE[1] BLOCK.RECORDING_SEQUENCE.ADD_TO_RESULTS_FILE[1]
141017.740 SetValueAction 
141042.079 TRIAL_IMAGE BLOCK.RECORDING_SEQUENCE.TRIAL_IMAGE (BEGIN) 
141048.694 TRIAL_IMAGE BLOCK.RECORDING_SEQUENCE.TRIAL_IMAGE
141523.797 TIMER[2] BLOCK.RECORDING_SEQUENCE.TIMER[2]
141533.613 DISPLAY_SCREEN[1] BLOCK.RECORDING_SEQUENCE.DISPLAY_SCREEN[1] (BEGIN) 
141548.838 DISPLAY_SCREEN[1] BLOCK.RECORDING_SEQUENCE.DISPLAY_SCREEN[1]
141770.012 MOUSE_R BLOCK.RECORDING_SEQUENCE.MOUSE_R
141770.140 SET_BUTTON_PRESS2 BLOCK.RECORDING_SEQUENCE.SET_BUTTON_PRESS2
141770.280 ADD_TO_RESULTS_FILE[1] BLOCK.RECORDING_SEQUENCE.ADD_TO_RESULTS_FILE[1]
141770.332 SetValueAction 
141789.655 TRIAL_IMAGE BLOCK.RECORDING_SEQUENCE.TRIAL_IMAGE (BEGIN) 
141798.896 TRIAL_IMAGE BLOCK.RECORDING_SEQUENCE.TRIAL_IMAGE
142273.980 TIMER[2] BLOCK.RECORDING_SEQUENCE.TIMER[2]
142284.612 DISPLAY_SCREEN[1] BLOCK.RECORDING_SEQUENCE.DISPLAY_SCREEN[1] (BEGIN) 
142299.035 DISPLAY_SCREEN[1] BLOCK.RECORDING_SEQUENCE.DISPLAY_SCREEN[1]
142522.885 MOUSE_R BLOCK.RECORDING_SEQUENCE.MOUSE_R
142523.016 SET_BUTTON_PRESS2 BLOCK.RECORDING_SEQUENCE.SET_BUTTON_PRESS2
142523.154 ADD_TO_RESULTS_FILE[1] BLOCK.RECORDING_SEQUENCE.ADD_TO_RESULTS_FILE[1]
142523.206 SetValueAction 
142544.091 TRIAL_IMAGE BLOCK.RECORDING_SEQUENCE.TRIAL_IMAGE (BEGIN) 
142549.092 TRIAL_IMAGE BLOCK.RECORDING_SEQUENCE.TRIAL_IMAGE
143024.202 TIMER[2] BLOCK.RECORDING_SEQUENCE.TIMER[2]
143034.613 DISPLAY_SCREEN[1] BLOCK.RECORDING_SEQUENCE.DISPLAY_SCREEN[1] (BEGIN) 
143049.245 DISPLAY_SCREEN[1] BLOCK.RECORDING_SEQUENCE.DISPLAY_SCREEN[1]
143217.413 MOUSE_R BLOCK.RECORDING_SEQUENCE.MOUSE_R
143217.544 SET_BUTTON_PRESS2 BLOCK.RECORDING_SEQUENCE.SET_BUTTON_PRESS2
143217.688 ADD_TO_RESULTS_FILE[1] BLOCK.RECORDING_SEQUENCE.ADD_TO_RESULTS_FILE[1]
143217.740 SetValueAction 
143239.487 TRIAL_IMAGE BLOCK.RECORDING_SEQUENCE.TRIAL_IMAGE (BEGIN) 
143249.293 TRIAL_IMAGE BLOCK.RECORDING_SEQUENCE.TRIAL_IMAGE
143724.378 TIMER[2] BLOCK.RECORDING_SEQUENCE.TIMER[2]
143734.613 DISPLAY_SCREEN[1] BLOCK.RECORDING_SEQUENCE.DISPLAY_SCREEN[1] (BEGIN) 
143749.425 DISPLAY_SCREEN[1] BLOCK.RECORDING_SEQUENCE.DISPLAY_SCREEN[1]
144018.736 MOUSE_R BLOCK.RECORDING_SEQUENCE.MOUSE_R
144018.870 SET_BUTTON_PRESS2 BLOCK.RECORDING_SEQUENCE.SET_BUTTON_PRESS2
144019.011 ADD_TO_RESULTS_FILE[1] BLOCK.RECORDING_SEQUENCE.ADD_TO_RESULTS_FILE[1]
144019.062 SetValueAction 
144019.710 TRIAL_IMAGE BLOCK.RECORDING_SEQUENCE.TRIAL_IMAGE (BEGIN) 
144032.847 TRIAL_IMAGE BLOCK.RECORDING_SEQUENCE.TRIAL_IMAGE
144507.908 TIMER[2] BLOCK.RECORDING_SEQUENCE.TIMER[2]
144517.612 DISPLAY_SCREEN[1] BLOCK.RECORDING_SEQUENCE.DISPLAY_SCREEN[1] (BEGIN) 
144532.971 DISPLAY_SCREEN[1] BLOCK.RECORDING_SEQUENCE.DISPLAY_SCREEN[1]
144817.235 MOUSE_R BLOCK.RECORDING_SEQUENCE.MOUSE_R
144817.366 SET_BUTTON_PRESS2 BLOCK.RECORDING_SEQUENCE.SET_BUTTON_PRESS2
144817.505 ADD_TO_RESULTS_FILE[1] BLOCK.RECORDING_SEQUENCE.ADD_TO_RESULTS_FILE[1]
144817.559 SetValueAction 
144818.319 TRIAL_IMAGE BLOCK.RECORDING_SEQUENCE.TRIAL_IMAGE (BEGIN) 
144833.055 TRIAL_IMAGE BLOCK.RECORDING_SEQUENCE.TRIAL_IMAGE
145308.160 TIMER[2] BLOCK.RECORDING_SEQUENCE.TIMER[2]
145318.615 DISPLAY_SCREEN[1] BLOCK.RECORDING_SEQUENCE.DISPLAY_SCREEN[1] (BEGIN) 
145333.188 DISPLAY_SCREEN[1] BLOCK.RECORDING_SEQUENCE.DISPLAY_SCREEN[1]
145633.546 MOUSE_R BLOCK.RECORDING_SEQUENCE.MOUSE_R
145633.680 SET_BUTTON_PRESS2 BLOCK.RECORDING_SEQUENCE.SET_BUTTON_PRESS2
145633.819 ADD_TO_RESULTS_FILE[1] BLOCK.RECORDING_SEQUENCE.ADD_TO_RESULTS_FILE[1]
145633.871 SetValueAction 
145657.380 TRIAL_IMAGE BLOCK.RECORDING_SEQUENCE.TRIAL_IMAGE (BEGIN) 
145666.607 TRIAL_IMAGE BLOCK.RECORDING_SEQUENCE.TRIAL_IMAGE
146141.655 TIMER[2] BLOCK.RECORDING_SEQUENCE.TIMER[2]
146151.613 DISPLAY_SCREEN[1] BLOCK.RECORDING_SEQUENCE.DISPLAY_SCREEN[1] (BEGIN) 
146166.748 DISPLAY_SCREEN[1] BLOCK.RECORDING_SEQUENCE.DISPLAY_SCREEN[1]
147009.069 MOUSE_R BLOCK.RECORDING_SEQUENCE.MOUSE_R
147009.218 SET_BUTTON_PRESS2 BLOCK.RECORDING_SEQUENCE.SET_BUTTON_PRESS2
147009.383 ADD_TO_RESULTS_FILE[1] BLOCK.RECORDING_SEQUENCE.ADD_TO_RESULTS_FILE[1]
147009.441 SetValueAction 
147010.195 TRIAL_IMAGE BLOCK.RECORDING_SEQUENCE.TRIAL_IMAGE (BEGIN) 
147016.961 TRIAL_IMAGE BLOCK.RECORDING_SEQUENCE.TRIAL_IMAGE
147492.092 TIMER[2] BLOCK.RECORDING_SEQUENCE.TIMER[2]
147502.612 DISPLAY_SCREEN[1] BLOCK.RECORDING_SEQUENCE.DISPLAY_SCREEN[1] (BEGIN) 
147517.110 DISPLAY_SCREEN[1] BLOCK.RECORDING_SEQUENCE.DISPLAY_SCREEN[1]
147761.383 MOUSE_R BLOCK.RECORDING_SEQUENCE.MOUSE_R
147761.512 SET_BUTTON_PRESS2 BLOCK.RECORDING_SEQUENCE.SET_BUTTON_PRESS2
147761.650 ADD_TO_RESULTS_FILE[1] BLOCK.RECORDING_SEQUENCE.ADD_TO_RESULTS_FILE[1]
147761.700 SetValueAction 
147770.013 TRIAL_IMAGE BLOCK.RECORDING_SEQUENCE.TRIAL_IMAGE (BEGIN) 
147783.847 TRIAL_IMAGE BLOCK.RECORDING_SEQUENCE.TRIAL_IMAGE
148258.915 TIMER[2] BLOCK.RECORDING_SEQUENCE.TIMER[2]
148268.613 DISPLAY_SCREEN[1] BLOCK.RECORDING_SEQUENCE.DISPLAY_SCREEN[1] (BEGIN) 
148283.983 DISPLAY_SCREEN[1] BLOCK.RECORDING_SEQUENCE.DISPLAY_SCREEN[1]
149425.677 MOUSE_R BLOCK.RECORDING_SEQUENCE.MOUSE_R
149425.818 SET_BUTTON_PRESS2 BLOCK.RECORDING_SEQUENCE.SET_BUTTON_PRESS2
149425.991 ADD_TO_RESULTS_FILE[1] BLOCK.RECORDING_SEQUENCE.ADD_TO_RESULTS_FILE[1]
149426.046 SetValueAction 
149443.438 TRIAL_IMAGE BLOCK.RECORDING_SEQUENCE.TRIAL_IMAGE (BEGIN) 
149450.956 TRIAL_IMAGE BLOCK.RECORDING_SEQUENCE.TRIAL_IMAGE
149926.001 TIMER[2] BLOCK.RECORDING_SEQUENCE.TIMER[2]
149936.613 DISPLAY_SCREEN[1] BLOCK.RECORDING_SEQUENCE.DISPLAY_SCREEN[1] (BEGIN) 
149951.096 DISPLAY_SCREEN[1] BLOCK.RECORDING_SEQUENCE.DISPLAY_SCREEN[1]
150793.500 MOUSE_R BLOCK.RECORDING_SEQUENCE.MOUSE_R
150793.640 SET_BUTTON_PRESS2 BLOCK.RECORDING_SEQUENCE.SET_BUTTON_PRESS2
150793.781 ADD_TO_RESULTS_FILE[1] BLOCK.RECORDING_SEQUENCE.ADD_TO_RESULTS_FILE[1]
150793.834 SetValueAction 
150794.567 TRIAL_IMAGE BLOCK.RECORDING_SEQUENCE.TRIAL_IMAGE (BEGIN) 
150801.320 TRIAL_IMAGE BLOCK.RECORDING_SEQUENCE.TRIAL_IMAGE
151276.381 TIMER[2] BLOCK.RECORDING_SEQUENCE.TIMER[2]
151286.612 DISPLAY_SCREEN[1] BLOCK.RECORDING_SEQUENCE.DISPLAY_SCREEN[1] (BEGIN) 
151301.451 DISPLAY_SCREEN[1] BLOCK.RECORDING_SEQUENCE.DISPLAY_SCREEN[1]
152746.233 MOUSE_R BLOCK.RECORDING_SEQUENCE.MOUSE_R
152746.375 SET_BUTTON_PRESS2 BLOCK.RECORDING_SEQUENCE.SET_BUTTON_PRESS2
152746.531 ADD_TO_RESULTS_FILE[1] BLOCK.RECORDING_SEQUENCE.ADD_TO_RESULTS_FILE[1]
152746.589 SetValueAction 
152747.320 TRIAL_IMAGE BLOCK.RECORDING_SEQUENCE.TRIAL_IMAGE (BEGIN) 
152751.833 TRIAL_IMAGE BLOCK.RECORDING_SEQUENCE.TRIAL_IMAGE
153226.922 TIMER[2] BLOCK.RECORDING_SEQUENCE.TIMER[2]
153236.613 DISPLAY_SCREEN[1] BLOCK.RECORDING_SEQUENCE.DISPLAY_SCREEN[1] (BEGIN) 
153251.987 DISPLAY_SCREEN[1] BLOCK.RECORDING_SEQUENCE.DISPLAY_SCREEN[1]
153705.967 MOUSE_R BLOCK.RECORDING_SEQUENCE.MOUSE_R
153706.104 SET_BUTTON_PRESS2 BLOCK.RECORDING_SEQUENCE.SET_BUTTON_PRESS2
153706.245 ADD_TO_RESULTS_FILE[1] BLOCK.RECORDING_SEQUENCE.ADD_TO_RESULTS_FILE[1]
153706.298 SetValueAction 
153729.068 TRIAL_IMAGE BLOCK.RECORDING_SEQUENCE.TRIAL_IMAGE (BEGIN) 
153735.434 TRIAL_IMAGE BLOCK.RECORDING_SEQUENCE.TRIAL_IMAGE
154210.512 TIMER[2] BLOCK.RECORDING_SEQUENCE.TIMER[2]
154220.613 DISPLAY_SCREEN[1] BLOCK.RECORDING_SEQUENCE.DISPLAY_SCREEN[1] (BEGIN) 
154235.584 DISPLAY_SCREEN[1] BLOCK.RECORDING_SEQUENCE.DISPLAY_SCREEN[1]
154561.419 MOUSE_R BLOCK.RECORDING_SEQUENCE.MOUSE_R
154561.550 SET_BUTTON_PRESS2 BLOCK.RECORDING_SEQUENCE.SET_BUTTON_PRESS2
154561.690 ADD_TO_RESULTS_FILE[1] BLOCK.RECORDING_SEQUENCE.ADD_TO_RESULTS_FILE[1]
154561.742 SetValueAction 
154585.204 TRIAL_IMAGE BLOCK.RECORDING_SEQUENCE.TRIAL_IMAGE (BEGIN) 
154602.340 TRIAL_IMAGE BLOCK.RECORDING_SEQUENCE.TRIAL_IMAGE
155077.420 TIMER[2] BLOCK.RECORDING_SEQUENCE.TIMER[2]
155087.613 DISPLAY_SCREEN[1] BLOCK.RECORDING_SEQUENCE.DISPLAY_SCREEN[1] (BEGIN) 
155102.480 DISPLAY_SCREEN[1] BLOCK.RECORDING_SEQUENCE.DISPLAY_SCREEN[1]
155648.718 MOUSE_R BLOCK.RECORDING_SEQUENCE.MOUSE_R
155648.852 SET_BUTTON_PRESS2 BLOCK.RECORDING_SEQUENCE.SET_BUTTON_PRESS2
155649.006 ADD_TO_RESULTS_FILE[1] BLOCK.RECORDING_SEQUENCE.ADD_TO_RESULTS_FILE[1]
155649.077 SetValueAction 
155670.918 TRIAL_IMAGE BLOCK.RECORDING_SEQUENCE.TRIAL_IMAGE (BEGIN) 
155686.018 TRIAL_IMAGE BLOCK.RECORDING_SEQUENCE.TRIAL_IMAGE
156161.059 TIMER[2] BLOCK.RECORDING_SEQUENCE.TIMER[2]
156171.613 DISPLAY_SCREEN[1] BLOCK.RECORDING_SEQUENCE.DISPLAY_SCREEN[1] (BEGIN) 
156186.096 DISPLAY_SCREEN[1] BLOCK.RECORDING_SEQUENCE.DISPLAY_SCREEN[1]
156888.892 MOUSE_R BLOCK.RECORDING_SEQUENCE.MOUSE_R
156889.030 SET_BUTTON_PRESS2 BLOCK.RECORDING_SEQUENCE.SET_BUTTON_PRESS2
156889.172 ADD_TO_RESULTS_FILE[1] BLOCK.RECORDING_SEQUENCE.ADD_TO_RESULTS_FILE[1]
156889.225 SetValueAction 
156889.933 TRIAL_IMAGE BLOCK.RECORDING_SEQUENCE.TRIAL_IMAGE (BEGIN) 
156902.960 TRIAL_IMAGE BLOCK.RECORDING_SEQUENCE.TRIAL_IMAGE
157378.080 TIMER[2] BLOCK.RECORDING_SEQUENCE.TIMER[2]
157388.613 DISPLAY_SCREEN[1] BLOCK.RECORDING_SEQUENCE.DISPLAY_SCREEN[1] (BEGIN) 
157403.096 DISPLAY_SCREEN[1] BLOCK.RECORDING_SEQUENCE.DISPLAY_SCREEN[1]
157664.534 MOUSE_R BLOCK.RECORDING_SEQUENCE.MOUSE_R
157664.661 SET_BUTTON_PRESS2 BLOCK.RECORDING_SEQUENCE.SET_BUTTON_PRESS2
157664.800 ADD_TO_RESULTS_FILE[1] BLOCK.RECORDING_SEQUENCE.ADD_TO_RESULTS_FILE[1]
157664.850 SetValueAction 
157665.515 TRIAL_IMAGE BLOCK.RECORDING_SEQUENCE.TRIAL_IMAGE (BEGIN) 
157669.829 TRIAL_IMAGE BLOCK.RECORDING_SEQUENCE.TRIAL_IMAGE
158144.889 TIMER[2] BLOCK.RECORDING_SEQUENCE.TIMER[2]
158154.613 DISPLAY_SCREEN[1] BLOCK.RECORDING_SEQUENCE.DISPLAY_SCREEN[1] (BEGIN) 
158169.971 DISPLAY_SCREEN[1] BLOCK.RECORDING_SEQUENCE.DISPLAY_SCREEN[1]
158489.676 MOUSE_R BLOCK.RECORDING_SEQUENCE.MOUSE_R
158489.808 SET_BUTTON_PRESS2 BLOCK.RECORDING_SEQUENCE.SET_BUTTON_PRESS2
158489.949 ADD_TO_RESULTS_FILE[1] BLOCK.RECORDING_SEQUENCE.ADD_TO_RESULTS_FILE[1]
158490.000 SetValueAction 
158497.608 TRIAL_IMAGE BLOCK.RECORDING_SEQUENCE.TRIAL_IMAGE (BEGIN) 
158503.380 TRIAL_IMAGE BLOCK.RECORDING_SEQUENCE.TRIAL_IMAGE
158978.494 TIMER[2] BLOCK.RECORDING_SEQUENCE.TIMER[2]
158988.613 DISPLAY_SCREEN[1] BLOCK.RECORDING_SEQUENCE.DISPLAY_SCREEN[1] (BEGIN) 
159003.526 DISPLAY_SCREEN[1] BLOCK.RECORDING_SEQUENCE.DISPLAY_SCREEN[1]
160048.646 MOUSE_R BLOCK.RECORDING_SEQUENCE.MOUSE_R
160048.791 SET_BUTTON_PRESS2 BLOCK.RECORDING_SEQUENCE.SET_BUTTON_PRESS2
160048.936 ADD_TO_RESULTS_FILE[1] BLOCK.RECORDING_SEQUENCE.ADD_TO_RESULTS_FILE[1]
160048.989 SetValueAction 
160049.724 TRIAL_IMAGE BLOCK.RECORDING_SEQUENCE.TRIAL_IMAGE (BEGIN) 
160053.793 TRIAL_IMAGE BLOCK.RECORDING_SEQUENCE.TRIAL_IMAGE
160528.864 TIMER[2] BLOCK.RECORDING_SEQUENCE.TIMER[2]
160538.612 DISPLAY_SCREEN[1] BLOCK.RECORDING_SEQUENCE.DISPLAY_SCREEN[1] (BEGIN) 
160553.940 DISPLAY_SCREEN[1] BLOCK.RECORDING_SEQUENCE.DISPLAY_SCREEN[1]
161497.143 MOUSE_R BLOCK.RECORDING_SEQUENCE.MOUSE_R
161497.283 SET_BUTTON_PRESS2 BLOCK.RECORDING_SEQUENCE.SET_BUTTON_PRESS2
161497.425 ADD_TO_RESULTS_FILE[1] BLOCK.RECORDING_SEQUENCE.ADD_TO_RESULTS_FILE[1]
161497.478 SetValueAction 
161516.479 TRIAL_IMAGE BLOCK.RECORDING_SEQUENCE.TRIAL_IMAGE (BEGIN) 
161520.857 TRIAL_IMAGE BLOCK.RECORDING_SEQUENCE.TRIAL_IMAGE
161995.930 TIMER[2] BLOCK.RECORDING_SEQUENCE.TIMER[2]
162005.612 DISPLAY_SCREEN[1] BLOCK.RECORDING_SEQUENCE.DISPLAY_SCREEN[1] (BEGIN) 
162021.000 DISPLAY_SCREEN[1] BLOCK.RECORDING_SEQUENCE.DISPLAY_SCREEN[1]
162873.306 MOUSE_R BLOCK.RECORDING_SEQUENCE.MOUSE_R
162873.445 SET_BUTTON_PRESS2 BLOCK.RECORDING_SEQUENCE.SET_BUTTON_PRESS2
162873.586 ADD_TO_RESULTS_FILE[1] BLOCK.RECORDING_SEQUENCE.ADD_TO_RESULTS_FILE[1]
162873.641 SetValueAction 
162874.370 TRIAL_IMAGE BLOCK.RECORDING_SEQUENCE.TRIAL_IMAGE (BEGIN) 
162887.901 TRIAL_IMAGE BLOCK.RECORDING_SEQUENCE.TRIAL_IMAGE
163363.014 TIMER[2] BLOCK.RECORDING_SEQUENCE.TIMER[2]
163373.612 DISPLAY_SCREEN[1] BLOCK.RECORDING_SEQUENCE.DISPLAY_SCREEN[1] (BEGIN) 
163388.033 DISPLAY_SCREEN[1] BLOCK.RECORDING_SEQUENCE.DISPLAY_SCREEN[1]
163721.680 MOUSE_R BLOCK.RECORDING_SEQUENCE.MOUSE_R
163721.810 SET_BUTTON_PRESS2 BLOCK.RECORDING_SEQUENCE.SET_BUTTON_PRESS2
163721.947 ADD_TO_RESULTS_FILE[1] BLOCK.RECORDING_SEQUENCE.ADD_TO_RESULTS_FILE[1]
163721.999 SetValueAction 
163722.677 TRIAL_IMAGE BLOCK.RECORDING_SEQUENCE.TRIAL_IMAGE (BEGIN) 
163738.134 TRIAL_IMAGE BLOCK.RECORDING_SEQUENCE.TRIAL_IMAGE
164213.248 TIMER[2] BLOCK.RECORDING_SEQUENCE.TIMER[2]
164223.613 DISPLAY_SCREEN[1] BLOCK.RECORDING_SEQUENCE.DISPLAY_SCREEN[1] (BEGIN) 
164238.273 DISPLAY_SCREEN[1] BLOCK.RECORDING_SEQUENCE.DISPLAY_SCREEN[1]
164520.547 MOUSE_R BLOCK.RECORDING_SEQUENCE.MOUSE_R
164520.676 SET_BUTTON_PRESS2 BLOCK.RECORDING_SEQUENCE.SET_BUTTON_PRESS2
164520.815 ADD_TO_RESULTS_FILE[1] BLOCK.RECORDING_SEQUENCE.ADD_TO_RESULTS_FILE[1]
164520.866 SetValueAction 
164521.537 TRIAL_IMAGE BLOCK.RECORDING_SEQUENCE.TRIAL_IMAGE (BEGIN) 
164538.343 TRIAL_IMAGE BLOCK.RECORDING_SEQUENCE.TRIAL_IMAGE
165013.477 TIMER[2] BLOCK.RECORDING_SEQUENCE.TIMER[2]
165023.612 DISPLAY_SCREEN[1] BLOCK.RECORDING_SEQUENCE.DISPLAY_SCREEN[1] (BEGIN) 
165038.480 DISPLAY_SCREEN[1] BLOCK.RECORDING_SEQUENCE.DISPLAY_SCREEN[1]
165353.887 MOUSE_R BLOCK.RECORDING_SEQUENCE.MOUSE_R
165354.029 SET_BUTTON_PRESS2 BLOCK.RECORDING_SEQUENCE.SET_BUTTON_PRESS2
165354.202 ADD_TO_RESULTS_FILE[1] BLOCK.RECORDING_SEQUENCE.ADD_TO_RESULTS_FILE[1]
165354.256 SetValueAction 
165362.714 TRIAL_IMAGE BLOCK.RECORDING_SEQUENCE.TRIAL_IMAGE (BEGIN) 
165371.896 TRIAL_IMAGE BLOCK.RECORDING_SEQUENCE.TRIAL_IMAGE
165846.955 TIMER[2] BLOCK.RECORDING_SEQUENCE.TIMER[2]
165857.612 DISPLAY_SCREEN[1] BLOCK.RECORDING_SEQUENCE.DISPLAY_SCREEN[1] (BEGIN) 
165872.038 DISPLAY_SCREEN[1] BLOCK.RECORDING_SEQUENCE.DISPLAY_SCREEN[1]
165977.284 MOUSE_R BLOCK.RECORDING_SEQUENCE.MOUSE_R
165977.413 SET_BUTTON_PRESS2 BLOCK.RECORDING_SEQUENCE.SET_BUTTON_PRESS2
165977.554 ADD_TO_RESULTS_FILE[1] BLOCK.RECORDING_SEQUENCE.ADD_TO_RESULTS_FILE[1]
165977.607 SetValueAction 
165986.242 TRIAL_IMAGE BLOCK.RECORDING_SEQUENCE.TRIAL_IMAGE (BEGIN) 
165988.722 TRIAL_IMAGE BLOCK.RECORDING_SEQUENCE.TRIAL_IMAGE
166463.828 TIMER[2] BLOCK.RECORDING_SEQUENCE.TIMER[2]
166473.613 DISPLAY_SCREEN[1] BLOCK.RECORDING_SEQUENCE.DISPLAY_SCREEN[1] (BEGIN) 
166488.869 DISPLAY_SCREEN[1] BLOCK.RECORDING_SEQUENCE.DISPLAY_SCREEN[1]
166713.402 MOUSE_R BLOCK.RECORDING_SEQUENCE.MOUSE_R
166713.533 SET_BUTTON_PRESS2 BLOCK.RECORDING_SEQUENCE.SET_BUTTON_PRESS2
166713.673 ADD_TO_RESULTS_FILE[1] BLOCK.RECORDING_SEQUENCE.ADD_TO_RESULTS_FILE[1]
166713.725 SetValueAction 
166714.431 TRIAL_IMAGE BLOCK.RECORDING_SEQUENCE.TRIAL_IMAGE (BEGIN) 
166722.254 TRIAL_IMAGE BLOCK.RECORDING_SEQUENCE.TRIAL_IMAGE
167197.342 TIMER[2] BLOCK.RECORDING_SEQUENCE.TIMER[2]
167207.613 DISPLAY_SCREEN[1] BLOCK.RECORDING_SEQUENCE.DISPLAY_SCREEN[1] (BEGIN) 
167222.407 DISPLAY_SCREEN[1] BLOCK.RECORDING_SEQUENCE.DISPLAY_SCREEN[1]
167417.694 MOUSE_R BLOCK.RECORDING_SEQUENCE.MOUSE_R
167417.825 SET_BUTTON_PRESS2 BLOCK.RECORDING_SEQUENCE.SET_BUTTON_PRESS2
167417.966 ADD_TO_RESULTS_FILE[1] BLOCK.RECORDING_SEQUENCE.ADD_TO_RESULTS_FILE[1]
167418.017 SetValueAction 
167426.588 TRIAL_IMAGE BLOCK.RECORDING_SEQUENCE.TRIAL_IMAGE (BEGIN) 
167439.121 TRIAL_IMAGE BLOCK.RECORDING_SEQUENCE.TRIAL_IMAGE
167914.215 TIMER[2] BLOCK.RECORDING_SEQUENCE.TIMER[2]
167924.613 DISPLAY_SCREEN[1] BLOCK.RECORDING_SEQUENCE.DISPLAY_SCREEN[1] (BEGIN) 
167939.257 DISPLAY_SCREEN[1] BLOCK.RECORDING_SEQUENCE.DISPLAY_SCREEN[1]
168112.246 MOUSE_R BLOCK.RECORDING_SEQUENCE.MOUSE_R
168112.373 SET_BUTTON_PRESS2 BLOCK.RECORDING_SEQUENCE.SET_BUTTON_PRESS2
168112.513 ADD_TO_RESULTS_FILE[1] BLOCK.RECORDING_SEQUENCE.ADD_TO_RESULTS_FILE[1]
168112.565 SetValueAction 
168113.205 TRIAL_IMAGE BLOCK.RECORDING_SEQUENCE.TRIAL_IMAGE (BEGIN) 
168122.646 TRIAL_IMAGE BLOCK.RECORDING_SEQUENCE.TRIAL_IMAGE
168597.722 TIMER[2] BLOCK.RECORDING_SEQUENCE.TIMER[2]
168607.612 DISPLAY_SCREEN[1] BLOCK.RECORDING_SEQUENCE.DISPLAY_SCREEN[1] (BEGIN) 
168622.778 DISPLAY_SCREEN[1] BLOCK.RECORDING_SEQUENCE.DISPLAY_SCREEN[1]
168792.463 MOUSE_R BLOCK.RECORDING_SEQUENCE.MOUSE_R
168792.590 SET_BUTTON_PRESS2 BLOCK.RECORDING_SEQUENCE.SET_BUTTON_PRESS2
168792.728 ADD_TO_RESULTS_FILE[1] BLOCK.RECORDING_SEQUENCE.ADD_TO_RESULTS_FILE[1]
168792.779 SetValueAction 
168793.564 TRIAL_IMAGE BLOCK.RECORDING_SEQUENCE.TRIAL_IMAGE (BEGIN) 
168806.165 TRIAL_IMAGE BLOCK.RECORDING_SEQUENCE.TRIAL_IMAGE
169281.243 TIMER[2] BLOCK.RECORDING_SEQUENCE.TIMER[2]
169291.613 DISPLAY_SCREEN[1] BLOCK.RECORDING_SEQUENCE.DISPLAY_SCREEN[1] (BEGIN) 
169306.289 DISPLAY_SCREEN[1] BLOCK.RECORDING_SEQUENCE.DISPLAY_SCREEN[1]
169553.260 MOUSE_R BLOCK.RECORDING_SEQUENCE.MOUSE_R
169553.391 SET_BUTTON_PRESS2 BLOCK.RECORDING_SEQUENCE.SET_BUTTON_PRESS2
169553.532 ADD_TO_RESULTS_FILE[1] BLOCK.RECORDING_SEQUENCE.ADD_TO_RESULTS_FILE[1]
169553.585 SetValueAction 
169562.390 TRIAL_IMAGE BLOCK.RECORDING_SEQUENCE.TRIAL_IMAGE (BEGIN) 
169573.025 TRIAL_IMAGE BLOCK.RECORDING_SEQUENCE.TRIAL_IMAGE
170048.154 TIMER[2] BLOCK.RECORDING_SEQUENCE.TIMER[2]
170058.612 DISPLAY_SCREEN[1] BLOCK.RECORDING_SEQUENCE.DISPLAY_SCREEN[1] (BEGIN) 
170073.169 DISPLAY_SCREEN[1] BLOCK.RECORDING_SEQUENCE.DISPLAY_SCREEN[1]
170337.113 MOUSE_R BLOCK.RECORDING_SEQUENCE.MOUSE_R
170337.242 SET_BUTTON_PRESS2 BLOCK.RECORDING_SEQUENCE.SET_BUTTON_PRESS2
170337.382 ADD_TO_RESULTS_FILE[1] BLOCK.RECORDING_SEQUENCE.ADD_TO_RESULTS_FILE[1]
170337.435 SetValueAction 
170341.616 TRIAL_IMAGE BLOCK.RECORDING_SEQUENCE.TRIAL_IMAGE (BEGIN) 
170356.582 TRIAL_IMAGE BLOCK.RECORDING_SEQUENCE.TRIAL_IMAGE
170831.706 TIMER[2] BLOCK.RECORDING_SEQUENCE.TIMER[2]
170841.612 DISPLAY_SCREEN[1] BLOCK.RECORDING_SEQUENCE.DISPLAY_SCREEN[1] (BEGIN) 
170856.718 DISPLAY_SCREEN[1] BLOCK.RECORDING_SEQUENCE.DISPLAY_SCREEN[1]
170960.939 MOUSE_R BLOCK.RECORDING_SEQUENCE.MOUSE_R
170961.066 SET_BUTTON_PRESS2 BLOCK.RECORDING_SEQUENCE.SET_BUTTON_PRESS2
170961.226 ADD_TO_RESULTS_FILE[1] BLOCK.RECORDING_SEQUENCE.ADD_TO_RESULTS_FILE[1]
170961.277 SetValueAction 
170983.020 TRIAL_IMAGE BLOCK.RECORDING_SEQUENCE.TRIAL_IMAGE (BEGIN) 
170990.067 TRIAL_IMAGE BLOCK.RECORDING_SEQUENCE.TRIAL_IMAGE
171465.224 TIMER[2] BLOCK.RECORDING_SEQUENCE.TIMER[2]
171475.612 DISPLAY_SCREEN[1] BLOCK.RECORDING_SEQUENCE.DISPLAY_SCREEN[1] (BEGIN) 
171490.221 DISPLAY_SCREEN[1] BLOCK.RECORDING_SEQUENCE.DISPLAY_SCREEN[1]
171656.102 MOUSE_R BLOCK.RECORDING_SEQUENCE.MOUSE_R
171656.253 SET_BUTTON_PRESS2 BLOCK.RECORDING_SEQUENCE.SET_BUTTON_PRESS2
171656.392 ADD_TO_RESULTS_FILE[1] BLOCK.RECORDING_SEQUENCE.ADD_TO_RESULTS_FILE[1]
171656.441 SetValueAction 
171657.106 TRIAL_IMAGE BLOCK.RECORDING_SEQUENCE.TRIAL_IMAGE (BEGIN) 
171673.605 TRIAL_IMAGE BLOCK.RECORDING_SEQUENCE.TRIAL_IMAGE
172148.670 TIMER[2] BLOCK.RECORDING_SEQUENCE.TIMER[2]
172158.612 DISPLAY_SCREEN[1] BLOCK.RECORDING_SEQUENCE.DISPLAY_SCREEN[1] (BEGIN) 
172173.733 DISPLAY_SCREEN[1] BLOCK.RECORDING_SEQUENCE.DISPLAY_SCREEN[1]
172392.631 MOUSE_R BLOCK.RECORDING_SEQUENCE.MOUSE_R
172392.766 SET_BUTTON_PRESS2 BLOCK.RECORDING_SEQUENCE.SET_BUTTON_PRESS2
172392.907 ADD_TO_RESULTS_FILE[1] BLOCK.RECORDING_SEQUENCE.ADD_TO_RESULTS_FILE[1]
172392.959 SetValueAction 
172393.618 TRIAL_IMAGE BLOCK.RECORDING_SEQUENCE.TRIAL_IMAGE (BEGIN) 
172407.127 TRIAL_IMAGE BLOCK.RECORDING_SEQUENCE.TRIAL_IMAGE
172882.174 TIMER[2] BLOCK.RECORDING_SEQUENCE.TIMER[2]
172892.613 DISPLAY_SCREEN[1] BLOCK.RECORDING_SEQUENCE.DISPLAY_SCREEN[1] (BEGIN) 
172907.261 DISPLAY_SCREEN[1] BLOCK.RECORDING_SEQUENCE.DISPLAY_SCREEN[1]
173192.265 MOUSE_R BLOCK.RECORDING_SEQUENCE.MOUSE_R
173192.397 SET_BUTTON_PRESS2 BLOCK.RECORDING_SEQUENCE.SET_BUTTON_PRESS2
173192.538 ADD_TO_RESULTS_FILE[1] BLOCK.RECORDING_SEQUENCE.ADD_TO_RESULTS_FILE[1]
173192.590 SetValueAction 
173193.264 TRIAL_IMAGE BLOCK.RECORDING_SEQUENCE.TRIAL_IMAGE (BEGIN) 
173207.335 TRIAL_IMAGE BLOCK.RECORDING_SEQUENCE.TRIAL_IMAGE
173682.433 TIMER[2] BLOCK.RECORDING_SEQUENCE.TIMER[2]
173692.611 DISPLAY_SCREEN[1] BLOCK.RECORDING_SEQUENCE.DISPLAY_SCREEN[1] (BEGIN) 
173707.478 DISPLAY_SCREEN[1] BLOCK.RECORDING_SEQUENCE.DISPLAY_SCREEN[1]
173944.168 MOUSE_R BLOCK.RECORDING_SEQUENCE.MOUSE_R
173944.298 SET_BUTTON_PRESS2 BLOCK.RECORDING_SEQUENCE.SET_BUTTON_PRESS2
173944.433 ADD_TO_RESULTS_FILE[1] BLOCK.RECORDING_SEQUENCE.ADD_TO_RESULTS_FILE[1]
173944.483 SetValueAction 
173945.137 TRIAL_IMAGE BLOCK.RECORDING_SEQUENCE.TRIAL_IMAGE (BEGIN) 
173957.548 TRIAL_IMAGE BLOCK.RECORDING_SEQUENCE.TRIAL_IMAGE
174432.585 TIMER[2] BLOCK.RECORDING_SEQUENCE.TIMER[2]
174442.613 DISPLAY_SCREEN[1] BLOCK.RECORDING_SEQUENCE.DISPLAY_SCREEN[1] (BEGIN) 
174457.674 DISPLAY_SCREEN[1] BLOCK.RECORDING_SEQUENCE.DISPLAY_SCREEN[1]
174840.955 MOUSE_R BLOCK.RECORDING_SEQUENCE.MOUSE_R
174841.088 SET_BUTTON_PRESS2 BLOCK.RECORDING_SEQUENCE.SET_BUTTON_PRESS2
174841.230 ADD_TO_RESULTS_FILE[1] BLOCK.RECORDING_SEQUENCE.ADD_TO_RESULTS_FILE[1]
174841.283 SetValueAction 
174860.436 TRIAL_IMAGE BLOCK.RECORDING_SEQUENCE.TRIAL_IMAGE (BEGIN) 
174874.456 TRIAL_IMAGE BLOCK.RECORDING_SEQUENCE.TRIAL_IMAGE
175349.513 TIMER[2] BLOCK.RECORDING_SEQUENCE.TIMER[2]
175359.613 DISPLAY_SCREEN[1] BLOCK.RECORDING_SEQUENCE.DISPLAY_SCREEN[1] (BEGIN) 
175374.600 DISPLAY_SCREEN[1] BLOCK.RECORDING_SEQUENCE.DISPLAY_SCREEN[1]
175568.524 MOUSE_R BLOCK.RECORDING_SEQUENCE.MOUSE_R
175568.652 SET_BUTTON_PRESS2 BLOCK.RECORDING_SEQUENCE.SET_BUTTON_PRESS2
175568.791 ADD_TO_RESULTS_FILE[1] BLOCK.RECORDING_SEQUENCE.ADD_TO_RESULTS_FILE[1]
175568.843 SetValueAction 
175569.498 TRIAL_IMAGE BLOCK.RECORDING_SEQUENCE.TRIAL_IMAGE (BEGIN) 
175574.630 TRIAL_IMAGE BLOCK.RECORDING_SEQUENCE.TRIAL_IMAGE
176049.752 TIMER[2] BLOCK.RECORDING_SEQUENCE.TIMER[2]
176059.613 DISPLAY_SCREEN[1] BLOCK.RECORDING_SEQUENCE.DISPLAY_SCREEN[1] (BEGIN) 
176074.778 DISPLAY_SCREEN[1] BLOCK.RECORDING_SEQUENCE.DISPLAY_SCREEN[1]
176295.754 MOUSE_R BLOCK.RECORDING_SEQUENCE.MOUSE_R
176295.880 SET_BUTTON_PRESS2 BLOCK.RECORDING_SEQUENCE.SET_BUTTON_PRESS2
176296.016 ADD_TO_RESULTS_FILE[1] BLOCK.RECORDING_SEQUENCE.ADD_TO_RESULTS_FILE[1]
176296.066 SetValueAction 
176296.769 TRIAL_IMAGE BLOCK.RECORDING_SEQUENCE.TRIAL_IMAGE (BEGIN) 
176308.181 TRIAL_IMAGE BLOCK.RECORDING_SEQUENCE.TRIAL_IMAGE
176783.290 TIMER[2] BLOCK.RECORDING_SEQUENCE.TIMER[2]
176793.613 DISPLAY_SCREEN[1] BLOCK.RECORDING_SEQUENCE.DISPLAY_SCREEN[1] (BEGIN) 
176808.306 DISPLAY_SCREEN[1] BLOCK.RECORDING_SEQUENCE.DISPLAY_SCREEN[1]
176993.247 MOUSE_R BLOCK.RECORDING_SEQUENCE.MOUSE_R
176993.381 SET_BUTTON_PRESS2 BLOCK.RECORDING_SEQUENCE.SET_BUTTON_PRESS2
176993.519 ADD_TO_RESULTS_FILE[1] BLOCK.RECORDING_SEQUENCE.ADD_TO_RESULTS_FILE[1]
176993.571 SetValueAction 
177015.962 TRIAL_IMAGE BLOCK.RECORDING_SEQUENCE.TRIAL_IMAGE (BEGIN) 
177025.026 TRIAL_IMAGE BLOCK.RECORDING_SEQUENCE.TRIAL_IMAGE
177500.088 TIMER[2] BLOCK.RECORDING_SEQUENCE.TIMER[2]
177510.626 DISPLAY_SCREEN[1] BLOCK.RECORDING_SEQUENCE.DISPLAY_SCREEN[1] (BEGIN) 
177525.177 DISPLAY_SCREEN[1] BLOCK.RECORDING_SEQUENCE.DISPLAY_SCREEN[1]
177735.882 MOUSE_R BLOCK.RECORDING_SEQUENCE.MOUSE_R
177736.012 SET_BUTTON_PRESS2 BLOCK.RECORDING_SEQUENCE.SET_BUTTON_PRESS2
177736.153 ADD_TO_RESULTS_FILE[1] BLOCK.RECORDING_SEQUENCE.ADD_TO_RESULTS_FILE[1]
177736.206 SetValueAction 
177736.882 TRIAL_IMAGE BLOCK.RECORDING_SEQUENCE.TRIAL_IMAGE (BEGIN) 
177741.887 TRIAL_IMAGE BLOCK.RECORDING_SEQUENCE.TRIAL_IMAGE
178217.013 TIMER[2] BLOCK.RECORDING_SEQUENCE.TIMER[2]
178226.612 DISPLAY_SCREEN[1] BLOCK.RECORDING_SEQUENCE.DISPLAY_SCREEN[1] (BEGIN) 
178242.030 DISPLAY_SCREEN[1] BLOCK.RECORDING_SEQUENCE.DISPLAY_SCREEN[1]
178465.098 MOUSE_R BLOCK.RECORDING_SEQUENCE.MOUSE_R
178465.232 SET_BUTTON_PRESS2 BLOCK.RECORDING_SEQUENCE.SET_BUTTON_PRESS2
178465.395 ADD_TO_RESULTS_FILE[1] BLOCK.RECORDING_SEQUENCE.ADD_TO_RESULTS_FILE[1]
178465.447 SetValueAction 
178477.617 TRIAL_IMAGE BLOCK.RECORDING_SEQUENCE.TRIAL_IMAGE (BEGIN) 
178492.094 TRIAL_IMAGE BLOCK.RECORDING_SEQUENCE.TRIAL_IMAGE
178967.195 TIMER[2] BLOCK.RECORDING_SEQUENCE.TIMER[2]
178977.652 DISPLAY_SCREEN[1] BLOCK.RECORDING_SEQUENCE.DISPLAY_SCREEN[1] (BEGIN) 
178992.228 DISPLAY_SCREEN[1] BLOCK.RECORDING_SEQUENCE.DISPLAY_SCREEN[1]
179055.802 MOUSE_R BLOCK.RECORDING_SEQUENCE.MOUSE_R
179055.943 SET_BUTTON_PRESS2 BLOCK.RECORDING_SEQUENCE.SET_BUTTON_PRESS2
179056.083 ADD_TO_RESULTS_FILE[1] BLOCK.RECORDING_SEQUENCE.ADD_TO_RESULTS_FILE[1]
179056.136 SetValueAction 
179056.843 TRIAL_IMAGE BLOCK.RECORDING_SEQUENCE.TRIAL_IMAGE (BEGIN) 
179058.903 TRIAL_IMAGE BLOCK.RECORDING_SEQUENCE.TRIAL_IMAGE
179534.010 TIMER[2] BLOCK.RECORDING_SEQUENCE.TIMER[2]
179544.612 DISPLAY_SCREEN[1] BLOCK.RECORDING_SEQUENCE.DISPLAY_SCREEN[1] (BEGIN) 
179559.049 DISPLAY_SCREEN[1] BLOCK.RECORDING_SEQUENCE.DISPLAY_SCREEN[1]
179655.568 MOUSE_R BLOCK.RECORDING_SEQUENCE.MOUSE_R
179655.697 SET_BUTTON_PRESS2 BLOCK.RECORDING_SEQUENCE.SET_BUTTON_PRESS2
179655.833 ADD_TO_RESULTS_FILE[1] BLOCK.RECORDING_SEQUENCE.ADD_TO_RESULTS_FILE[1]
179655.882 SetValueAction 
179656.542 TRIAL_IMAGE BLOCK.RECORDING_SEQUENCE.TRIAL_IMAGE (BEGIN) 
179659.059 TRIAL_IMAGE BLOCK.RECORDING_SEQUENCE.TRIAL_IMAGE
180134.164 TIMER[2] BLOCK.RECORDING_SEQUENCE.TIMER[2]
180144.612 DISPLAY_SCREEN[1] BLOCK.RECORDING_SEQUENCE.DISPLAY_SCREEN[1] (BEGIN) 
180159.214 DISPLAY_SCREEN[1] BLOCK.RECORDING_SEQUENCE.DISPLAY_SCREEN[1]
182659.247 TIMER[1] BLOCK.RECORDING_SEQUENCE.TIMER[1]
182659.406 SET_BUTTON_PRESS BLOCK.RECORDING_SEQUENCE.SET_BUTTON_PRESS
182659.546 ADD_TO_RESULTS_FILE[1] BLOCK.RECORDING_SEQUENCE.ADD_TO_RESULTS_FILE[1]
182659.598 SetValueAction 
182660.417 TRIAL_IMAGE BLOCK.RECORDING_SEQUENCE.TRIAL_IMAGE (BEGIN) 
182676.560 TRIAL_IMAGE BLOCK.RECORDING_SEQUENCE.TRIAL_IMAGE
183151.634 TIMER[2] BLOCK.RECORDING_SEQUENCE.TIMER[2]
183161.612 DISPLAY_SCREEN[1] BLOCK.RECORDING_SEQUENCE.DISPLAY_SCREEN[1] (BEGIN) 
183176.687 DISPLAY_SCREEN[1] BLOCK.RECORDING_SEQUENCE.DISPLAY_SCREEN[1]
183696.113 MOUSE_R BLOCK.RECORDING_SEQUENCE.MOUSE_R
183696.250 SET_BUTTON_PRESS2 BLOCK.RECORDING_SEQUENCE.SET_BUTTON_PRESS2
183696.391 ADD_TO_RESULTS_FILE[1] BLOCK.RECORDING_SEQUENCE.ADD_TO_RESULTS_FILE[1]
183696.443 SetValueAction 
183705.128 TRIAL_IMAGE BLOCK.RECORDING_SEQUENCE.TRIAL_IMAGE (BEGIN) 
183710.160 TRIAL_IMAGE BLOCK.RECORDING_SEQUENCE.TRIAL_IMAGE
184185.236 TIMER[2] BLOCK.RECORDING_SEQUENCE.TIMER[2]
184195.612 DISPLAY_SCREEN[1] BLOCK.RECORDING_SEQUENCE.DISPLAY_SCREEN[1] (BEGIN) 
184210.302 DISPLAY_SCREEN[1] BLOCK.RECORDING_SEQUENCE.DISPLAY_SCREEN[1]
184400.845 MOUSE_R BLOCK.RECORDING_SEQUENCE.MOUSE_R
184400.973 SET_BUTTON_PRESS2 BLOCK.RECORDING_SEQUENCE.SET_BUTTON_PRESS2
184401.113 ADD_TO_RESULTS_FILE[1] BLOCK.RECORDING_SEQUENCE.ADD_TO_RESULTS_FILE[1]
184401.165 SetValueAction 
184410.363 TRIAL_IMAGE BLOCK.RECORDING_SEQUENCE.TRIAL_IMAGE (BEGIN) 
184427.032 TRIAL_IMAGE BLOCK.RECORDING_SEQUENCE.TRIAL_IMAGE
184902.138 TIMER[2] BLOCK.RECORDING_SEQUENCE.TIMER[2]
184912.613 DISPLAY_SCREEN[1] BLOCK.RECORDING_SEQUENCE.DISPLAY_SCREEN[1] (BEGIN) 
184927.156 DISPLAY_SCREEN[1] BLOCK.RECORDING_SEQUENCE.DISPLAY_SCREEN[1]
185055.761 MOUSE_R BLOCK.RECORDING_SEQUENCE.MOUSE_R
185055.889 SET_BUTTON_PRESS2 BLOCK.RECORDING_SEQUENCE.SET_BUTTON_PRESS2
185056.031 ADD_TO_RESULTS_FILE[1] BLOCK.RECORDING_SEQUENCE.ADD_TO_RESULTS_FILE[1]
185056.084 SetValueAction 
185056.778 TRIAL_IMAGE BLOCK.RECORDING_SEQUENCE.TRIAL_IMAGE (BEGIN) 
185060.521 TRIAL_IMAGE BLOCK.RECORDING_SEQUENCE.TRIAL_IMAGE
185535.630 TIMER[2] BLOCK.RECORDING_SEQUENCE.TIMER[2]
185545.611 DISPLAY_SCREEN[1] BLOCK.RECORDING_SEQUENCE.DISPLAY_SCREEN[1] (BEGIN) 
185560.657 DISPLAY_SCREEN[1] BLOCK.RECORDING_SEQUENCE.DISPLAY_SCREEN[1]
186353.152 MOUSE_R BLOCK.RECORDING_SEQUENCE.MOUSE_R
186353.292 SET_BUTTON_PRESS2 BLOCK.RECORDING_SEQUENCE.SET_BUTTON_PRESS2
186353.435 ADD_TO_RESULTS_FILE[1] BLOCK.RECORDING_SEQUENCE.ADD_TO_RESULTS_FILE[1]
186353.487 SetValueAction 
186354.202 TRIAL_IMAGE BLOCK.RECORDING_SEQUENCE.TRIAL_IMAGE (BEGIN) 
186360.868 TRIAL_IMAGE BLOCK.RECORDING_SEQUENCE.TRIAL_IMAGE
186835.974 TIMER[2] BLOCK.RECORDING_SEQUENCE.TIMER[2]
186845.612 DISPLAY_SCREEN[1] BLOCK.RECORDING_SEQUENCE.DISPLAY_SCREEN[1] (BEGIN) 
186861.014 DISPLAY_SCREEN[1] BLOCK.RECORDING_SEQUENCE.DISPLAY_SCREEN[1]
187119.338 MOUSE_R BLOCK.RECORDING_SEQUENCE.MOUSE_R
187119.505 SET_BUTTON_PRESS2 BLOCK.RECORDING_SEQUENCE.SET_BUTTON_PRESS2
187119.648 ADD_TO_RESULTS_FILE[1] BLOCK.RECORDING_SEQUENCE.ADD_TO_RESULTS_FILE[1]
187119.701 SetValueAction 
187139.182 TRIAL_IMAGE BLOCK.RECORDING_SEQUENCE.TRIAL_IMAGE (BEGIN) 
187144.420 TRIAL_IMAGE BLOCK.RECORDING_SEQUENCE.TRIAL_IMAGE
187619.513 TIMER[2] BLOCK.RECORDING_SEQUENCE.TIMER[2]
187629.613 DISPLAY_SCREEN[1] BLOCK.RECORDING_SEQUENCE.DISPLAY_SCREEN[1] (BEGIN) 
187644.556 DISPLAY_SCREEN[1] BLOCK.RECORDING_SEQUENCE.DISPLAY_SCREEN[1]
187743.465 MOUSE_R BLOCK.RECORDING_SEQUENCE.MOUSE_R
187743.593 SET_BUTTON_PRESS2 BLOCK.RECORDING_SEQUENCE.SET_BUTTON_PRESS2
187743.733 ADD_TO_RESULTS_FILE[1] BLOCK.RECORDING_SEQUENCE.ADD_TO_RESULTS_FILE[1]
187743.785 SetValueAction 
187746.612 TRIAL_IMAGE BLOCK.RECORDING_SEQUENCE.TRIAL_IMAGE (BEGIN) 
187761.261 TRIAL_IMAGE BLOCK.RECORDING_SEQUENCE.TRIAL_IMAGE
188236.326 TIMER[2] BLOCK.RECORDING_SEQUENCE.TIMER[2]
188246.612 DISPLAY_SCREEN[1] BLOCK.RECORDING_SEQUENCE.DISPLAY_SCREEN[1] (BEGIN) 
188261.392 DISPLAY_SCREEN[1] BLOCK.RECORDING_SEQUENCE.DISPLAY_SCREEN[1]
189032.552 MOUSE_R BLOCK.RECORDING_SEQUENCE.MOUSE_R
189032.693 SET_BUTTON_PRESS2 BLOCK.RECORDING_SEQUENCE.SET_BUTTON_PRESS2
189032.834 ADD_TO_RESULTS_FILE[1] BLOCK.RECORDING_SEQUENCE.ADD_TO_RESULTS_FILE[1]
189032.887 SetValueAction 
189033.607 TRIAL_IMAGE BLOCK.RECORDING_SEQUENCE.TRIAL_IMAGE (BEGIN) 
189044.930 TRIAL_IMAGE BLOCK.RECORDING_SEQUENCE.TRIAL_IMAGE
189520.023 TIMER[2] BLOCK.RECORDING_SEQUENCE.TIMER[2]
189530.612 DISPLAY_SCREEN[1] BLOCK.RECORDING_SEQUENCE.DISPLAY_SCREEN[1] (BEGIN) 
189545.064 DISPLAY_SCREEN[1] BLOCK.RECORDING_SEQUENCE.DISPLAY_SCREEN[1]
189639.579 MOUSE_R BLOCK.RECORDING_SEQUENCE.MOUSE_R
189639.706 SET_BUTTON_PRESS2 BLOCK.RECORDING_SEQUENCE.SET_BUTTON_PRESS2
189639.840 ADD_TO_RESULTS_FILE[1] BLOCK.RECORDING_SEQUENCE.ADD_TO_RESULTS_FILE[1]
189639.888 SetValueAction 
189640.508 TRIAL_IMAGE BLOCK.RECORDING_SEQUENCE.TRIAL_IMAGE (BEGIN) 
189645.086 TRIAL_IMAGE BLOCK.RECORDING_SEQUENCE.TRIAL_IMAGE
190120.204 TIMER[2] BLOCK.RECORDING_SEQUENCE.TIMER[2]
190130.612 DISPLAY_SCREEN[1] BLOCK.RECORDING_SEQUENCE.DISPLAY_SCREEN[1] (BEGIN) 
190145.228 DISPLAY_SCREEN[1] BLOCK.RECORDING_SEQUENCE.DISPLAY_SCREEN[1]
190311.222 MOUSE_R BLOCK.RECORDING_SEQUENCE.MOUSE_R
190311.348 SET_BUTTON_PRESS2 BLOCK.RECORDING_SEQUENCE.SET_BUTTON_PRESS2
190311.485 ADD_TO_RESULTS_FILE[1] BLOCK.RECORDING_SEQUENCE.ADD_TO_RESULTS_FILE[1]
190311.534 SetValueAction 
190334.967 TRIAL_IMAGE BLOCK.RECORDING_SEQUENCE.TRIAL_IMAGE (BEGIN) 
190345.278 TRIAL_IMAGE BLOCK.RECORDING_SEQUENCE.TRIAL_IMAGE
190820.344 TIMER[2] BLOCK.RECORDING_SEQUENCE.TIMER[2]
190830.613 DISPLAY_SCREEN[1] BLOCK.RECORDING_SEQUENCE.DISPLAY_SCREEN[1] (BEGIN) 
190845.423 DISPLAY_SCREEN[1] BLOCK.RECORDING_SEQUENCE.DISPLAY_SCREEN[1]
191663.350 MOUSE_R BLOCK.RECORDING_SEQUENCE.MOUSE_R
191663.510 SET_BUTTON_PRESS2 BLOCK.RECORDING_SEQUENCE.SET_BUTTON_PRESS2
191663.650 ADD_TO_RESULTS_FILE[1] BLOCK.RECORDING_SEQUENCE.ADD_TO_RESULTS_FILE[1]
191663.704 SetValueAction 
191664.402 TRIAL_IMAGE BLOCK.RECORDING_SEQUENCE.TRIAL_IMAGE (BEGIN) 
191678.975 TRIAL_IMAGE BLOCK.RECORDING_SEQUENCE.TRIAL_IMAGE
192154.094 TIMER[2] BLOCK.RECORDING_SEQUENCE.TIMER[2]
192164.612 DISPLAY_SCREEN[1] BLOCK.RECORDING_SEQUENCE.DISPLAY_SCREEN[1] (BEGIN) 
192179.110 DISPLAY_SCREEN[1] BLOCK.RECORDING_SEQUENCE.DISPLAY_SCREEN[1]
192304.267 MOUSE_R BLOCK.RECORDING_SEQUENCE.MOUSE_R
192304.395 SET_BUTTON_PRESS2 BLOCK.RECORDING_SEQUENCE.SET_BUTTON_PRESS2
192304.554 ADD_TO_RESULTS_FILE[1] BLOCK.RECORDING_SEQUENCE.ADD_TO_RESULTS_FILE[1]
192304.602 SetValueAction 
192305.249 TRIAL_IMAGE BLOCK.RECORDING_SEQUENCE.TRIAL_IMAGE (BEGIN) 
192312.470 TRIAL_IMAGE BLOCK.RECORDING_SEQUENCE.TRIAL_IMAGE
192787.569 TIMER[2] BLOCK.RECORDING_SEQUENCE.TIMER[2]
192797.613 DISPLAY_SCREEN[1] BLOCK.RECORDING_SEQUENCE.DISPLAY_SCREEN[1] (BEGIN) 
192812.614 DISPLAY_SCREEN[1] BLOCK.RECORDING_SEQUENCE.DISPLAY_SCREEN[1]
192935.942 MOUSE_R BLOCK.RECORDING_SEQUENCE.MOUSE_R
192936.073 SET_BUTTON_PRESS2 BLOCK.RECORDING_SEQUENCE.SET_BUTTON_PRESS2
192936.213 ADD_TO_RESULTS_FILE[1] BLOCK.RECORDING_SEQUENCE.ADD_TO_RESULTS_FILE[1]
192936.266 SetValueAction 
192954.911 TRIAL_IMAGE BLOCK.RECORDING_SEQUENCE.TRIAL_IMAGE (BEGIN) 
192962.655 TRIAL_IMAGE BLOCK.RECORDING_SEQUENCE.TRIAL_IMAGE
193437.763 TIMER[2] BLOCK.RECORDING_SEQUENCE.TIMER[2]
193447.612 DISPLAY_SCREEN[1] BLOCK.RECORDING_SEQUENCE.DISPLAY_SCREEN[1] (BEGIN) 
193462.793 DISPLAY_SCREEN[1] BLOCK.RECORDING_SEQUENCE.DISPLAY_SCREEN[1]
193567.145 MOUSE_R BLOCK.RECORDING_SEQUENCE.MOUSE_R
193567.274 SET_BUTTON_PRESS2 BLOCK.RECORDING_SEQUENCE.SET_BUTTON_PRESS2
193567.413 ADD_TO_RESULTS_FILE[1] BLOCK.RECORDING_SEQUENCE.ADD_TO_RESULTS_FILE[1]
193567.465 SetValueAction 
193568.154 TRIAL_IMAGE BLOCK.RECORDING_SEQUENCE.TRIAL_IMAGE (BEGIN) 
193579.483 TRIAL_IMAGE BLOCK.RECORDING_SEQUENCE.TRIAL_IMAGE
194054.621 TIMER[2] BLOCK.RECORDING_SEQUENCE.TIMER[2]
194064.613 DISPLAY_SCREEN[1] BLOCK.RECORDING_SEQUENCE.DISPLAY_SCREEN[1] (BEGIN) 
194079.615 DISPLAY_SCREEN[1] BLOCK.RECORDING_SEQUENCE.DISPLAY_SCREEN[1]
194798.963 MOUSE_R BLOCK.RECORDING_SEQUENCE.MOUSE_R
194799.102 SET_BUTTON_PRESS2 BLOCK.RECORDING_SEQUENCE.SET_BUTTON_PRESS2
194799.244 ADD_TO_RESULTS_FILE[1] BLOCK.RECORDING_SEQUENCE.ADD_TO_RESULTS_FILE[1]
194799.297 SetValueAction 
194800.038 TRIAL_IMAGE BLOCK.RECORDING_SEQUENCE.TRIAL_IMAGE (BEGIN) 
194813.154 TRIAL_IMAGE BLOCK.RECORDING_SEQUENCE.TRIAL_IMAGE
195288.213 TIMER[2] BLOCK.RECORDING_SEQUENCE.TIMER[2]
195298.612 DISPLAY_SCREEN[1] BLOCK.RECORDING_SEQUENCE.DISPLAY_SCREEN[1] (BEGIN) 
195313.288 DISPLAY_SCREEN[1] BLOCK.RECORDING_SEQUENCE.DISPLAY_SCREEN[1]
195976.688 MOUSE_R BLOCK.RECORDING_SEQUENCE.MOUSE_R
195976.824 SET_BUTTON_PRESS2 BLOCK.RECORDING_SEQUENCE.SET_BUTTON_PRESS2
195976.966 ADD_TO_RESULTS_FILE[1] BLOCK.RECORDING_SEQUENCE.ADD_TO_RESULTS_FILE[1]
195977.019 SetValueAction 
195977.719 TRIAL_IMAGE BLOCK.RECORDING_SEQUENCE.TRIAL_IMAGE (BEGIN) 
195980.113 TRIAL_IMAGE BLOCK.RECORDING_SEQUENCE.TRIAL_IMAGE
196455.210 TIMER[2] BLOCK.RECORDING_SEQUENCE.TIMER[2]
196465.612 DISPLAY_SCREEN[1] BLOCK.RECORDING_SEQUENCE.DISPLAY_SCREEN[1] (BEGIN) 
196480.272 DISPLAY_SCREEN[1] BLOCK.RECORDING_SEQUENCE.DISPLAY_SCREEN[1]
196702.823 MOUSE_R BLOCK.RECORDING_SEQUENCE.MOUSE_R
196702.965 SET_BUTTON_PRESS2 BLOCK.RECORDING_SEQUENCE.SET_BUTTON_PRESS2
196703.108 ADD_TO_RESULTS_FILE[1] BLOCK.RECORDING_SEQUENCE.ADD_TO_RESULTS_FILE[1]
196703.161 SetValueAction 
196703.972 TRIAL_IMAGE BLOCK.RECORDING_SEQUENCE.TRIAL_IMAGE (BEGIN) 
196713.663 TRIAL_IMAGE BLOCK.RECORDING_SEQUENCE.TRIAL_IMAGE
197188.722 TIMER[2] BLOCK.RECORDING_SEQUENCE.TIMER[2]
197198.613 DISPLAY_SCREEN[1] BLOCK.RECORDING_SEQUENCE.DISPLAY_SCREEN[1] (BEGIN) 
197213.791 DISPLAY_SCREEN[1] BLOCK.RECORDING_SEQUENCE.DISPLAY_SCREEN[1]
198816.056 MOUSE_R BLOCK.RECORDING_SEQUENCE.MOUSE_R
198816.201 SET_BUTTON_PRESS2 BLOCK.RECORDING_SEQUENCE.SET_BUTTON_PRESS2
198816.344 ADD_TO_RESULTS_FILE[1] BLOCK.RECORDING_SEQUENCE.ADD_TO_RESULTS_FILE[1]
198816.397 SetValueAction 
198817.139 TRIAL_IMAGE BLOCK.RECORDING_SEQUENCE.TRIAL_IMAGE (BEGIN) 
198830.894 TRIAL_IMAGE BLOCK.RECORDING_SEQUENCE.TRIAL_IMAGE
199306.031 TIMER[2] BLOCK.RECORDING_SEQUENCE.TIMER[2]
199315.613 DISPLAY_SCREEN[1] BLOCK.RECORDING_SEQUENCE.DISPLAY_SCREEN[1] (BEGIN) 
199331.032 DISPLAY_SCREEN[1] BLOCK.RECORDING_SEQUENCE.DISPLAY_SCREEN[1]
199648.326 MOUSE_R BLOCK.RECORDING_SEQUENCE.MOUSE_R
199648.461 SET_BUTTON_PRESS2 BLOCK.RECORDING_SEQUENCE.SET_BUTTON_PRESS2
199648.623 ADD_TO_RESULTS_FILE[1] BLOCK.RECORDING_SEQUENCE.ADD_TO_RESULTS_FILE[1]
199648.678 SetValueAction 
199669.660 TRIAL_IMAGE BLOCK.RECORDING_SEQUENCE.TRIAL_IMAGE (BEGIN) 
199681.128 TRIAL_IMAGE BLOCK.RECORDING_SEQUENCE.TRIAL_IMAGE
200156.242 TIMER[2] BLOCK.RECORDING_SEQUENCE.TIMER[2]
200166.617 DISPLAY_SCREEN[1] BLOCK.RECORDING_SEQUENCE.DISPLAY_SCREEN[1] (BEGIN) 
200181.264 DISPLAY_SCREEN[1] BLOCK.RECORDING_SEQUENCE.DISPLAY_SCREEN[1]
200439.144 MOUSE_R BLOCK.RECORDING_SEQUENCE.MOUSE_R
200439.277 SET_BUTTON_PRESS2 BLOCK.RECORDING_SEQUENCE.SET_BUTTON_PRESS2
200439.417 ADD_TO_RESULTS_FILE[1] BLOCK.RECORDING_SEQUENCE.ADD_TO_RESULTS_FILE[1]
200439.468 SetValueAction 
200440.179 TRIAL_IMAGE BLOCK.RECORDING_SEQUENCE.TRIAL_IMAGE (BEGIN) 
200447.987 TRIAL_IMAGE BLOCK.RECORDING_SEQUENCE.TRIAL_IMAGE
200923.077 TIMER[2] BLOCK.RECORDING_SEQUENCE.TIMER[2]
200933.613 DISPLAY_SCREEN[1] BLOCK.RECORDING_SEQUENCE.DISPLAY_SCREEN[1] (BEGIN) 
200948.124 DISPLAY_SCREEN[1] BLOCK.RECORDING_SEQUENCE.DISPLAY_SCREEN[1]
201294.765 MOUSE_R BLOCK.RECORDING_SEQUENCE.MOUSE_R
201294.900 SET_BUTTON_PRESS2 BLOCK.RECORDING_SEQUENCE.SET_BUTTON_PRESS2
201295.040 ADD_TO_RESULTS_FILE[1] BLOCK.RECORDING_SEQUENCE.ADD_TO_RESULTS_FILE[1]
201295.092 SetValueAction 
201313.758 TRIAL_IMAGE BLOCK.RECORDING_SEQUENCE.TRIAL_IMAGE (BEGIN) 
201331.563 TRIAL_IMAGE BLOCK.RECORDING_SEQUENCE.TRIAL_IMAGE
201806.684 TIMER[2] BLOCK.RECORDING_SEQUENCE.TIMER[2]
201816.612 DISPLAY_SCREEN[1] BLOCK.RECORDING_SEQUENCE.DISPLAY_SCREEN[1] (BEGIN) 
201831.703 DISPLAY_SCREEN[1] BLOCK.RECORDING_SEQUENCE.DISPLAY_SCREEN[1]
203135.021 MOUSE_R BLOCK.RECORDING_SEQUENCE.MOUSE_R
203135.165 SET_BUTTON_PRESS2 BLOCK.RECORDING_SEQUENCE.SET_BUTTON_PRESS2
203135.306 ADD_TO_RESULTS_FILE[1] BLOCK.RECORDING_SEQUENCE.ADD_TO_RESULTS_FILE[1]
203135.359 SetValueAction 
203143.996 TRIAL_IMAGE BLOCK.RECORDING_SEQUENCE.TRIAL_IMAGE (BEGIN) 
203148.716 TRIAL_IMAGE BLOCK.RECORDING_SEQUENCE.TRIAL_IMAGE
203623.776 TIMER[2] BLOCK.RECORDING_SEQUENCE.TIMER[2]
203633.612 DISPLAY_SCREEN[1] BLOCK.RECORDING_SEQUENCE.DISPLAY_SCREEN[1] (BEGIN) 
203648.851 DISPLAY_SCREEN[1] BLOCK.RECORDING_SEQUENCE.DISPLAY_SCREEN[1]
204191.329 MOUSE_R BLOCK.RECORDING_SEQUENCE.MOUSE_R
204191.470 SET_BUTTON_PRESS2 BLOCK.RECORDING_SEQUENCE.SET_BUTTON_PRESS2
204191.624 ADD_TO_RESULTS_FILE[1] BLOCK.RECORDING_SEQUENCE.ADD_TO_RESULTS_FILE[1]
204191.694 SetValueAction 
204192.431 TRIAL_IMAGE BLOCK.RECORDING_SEQUENCE.TRIAL_IMAGE (BEGIN) 
204198.991 TRIAL_IMAGE BLOCK.RECORDING_SEQUENCE.TRIAL_IMAGE
204674.058 TIMER[2] BLOCK.RECORDING_SEQUENCE.TIMER[2]
204684.630 DISPLAY_SCREEN[1] BLOCK.RECORDING_SEQUENCE.DISPLAY_SCREEN[1] (BEGIN) 
204699.142 DISPLAY_SCREEN[1] BLOCK.RECORDING_SEQUENCE.DISPLAY_SCREEN[1]
205048.171 MOUSE_R BLOCK.RECORDING_SEQUENCE.MOUSE_R
205048.304 SET_BUTTON_PRESS2 BLOCK.RECORDING_SEQUENCE.SET_BUTTON_PRESS2
205048.443 ADD_TO_RESULTS_FILE[1] BLOCK.RECORDING_SEQUENCE.ADD_TO_RESULTS_FILE[1]
205048.494 SetValueAction 
205049.170 TRIAL_IMAGE BLOCK.RECORDING_SEQUENCE.TRIAL_IMAGE (BEGIN) 
205065.900 TRIAL_IMAGE BLOCK.RECORDING_SEQUENCE.TRIAL_IMAGE
205541.037 TIMER[2] BLOCK.RECORDING_SEQUENCE.TIMER[2]
205551.612 DISPLAY_SCREEN[1] BLOCK.RECORDING_SEQUENCE.DISPLAY_SCREEN[1] (BEGIN) 
205566.034 DISPLAY_SCREEN[1] BLOCK.RECORDING_SEQUENCE.DISPLAY_SCREEN[1]
205911.792 MOUSE_R BLOCK.RECORDING_SEQUENCE.MOUSE_R
205911.924 SET_BUTTON_PRESS2 BLOCK.RECORDING_SEQUENCE.SET_BUTTON_PRESS2
205912.063 ADD_TO_RESULTS_FILE[1] BLOCK.RECORDING_SEQUENCE.ADD_TO_RESULTS_FILE[1]
205912.114 SetValueAction 
205912.869 TRIAL_IMAGE BLOCK.RECORDING_SEQUENCE.TRIAL_IMAGE (BEGIN) 
205916.129 TRIAL_IMAGE BLOCK.RECORDING_SEQUENCE.TRIAL_IMAGE
206391.172 TIMER[2] BLOCK.RECORDING_SEQUENCE.TIMER[2]
206401.612 DISPLAY_SCREEN[1] BLOCK.RECORDING_SEQUENCE.DISPLAY_SCREEN[1] (BEGIN) 
206416.267 DISPLAY_SCREEN[1] BLOCK.RECORDING_SEQUENCE.DISPLAY_SCREEN[1]
207286.685 MOUSE_R BLOCK.RECORDING_SEQUENCE.MOUSE_R
207286.827 SET_BUTTON_PRESS2 BLOCK.RECORDING_SEQUENCE.SET_BUTTON_PRESS2
207286.968 ADD_TO_RESULTS_FILE[1] BLOCK.RECORDING_SEQUENCE.ADD_TO_RESULTS_FILE[1]
207287.021 SetValueAction 
207287.764 TRIAL_IMAGE BLOCK.RECORDING_SEQUENCE.TRIAL_IMAGE (BEGIN) 
207299.843 TRIAL_IMAGE BLOCK.RECORDING_SEQUENCE.TRIAL_IMAGE
207774.918 TIMER[2] BLOCK.RECORDING_SEQUENCE.TIMER[2]
207784.613 DISPLAY_SCREEN[1] BLOCK.RECORDING_SEQUENCE.DISPLAY_SCREEN[1] (BEGIN) 
207799.968 DISPLAY_SCREEN[1] BLOCK.RECORDING_SEQUENCE.DISPLAY_SCREEN[1]
208502.359 MOUSE_R BLOCK.RECORDING_SEQUENCE.MOUSE_R
208502.500 SET_BUTTON_PRESS2 BLOCK.RECORDING_SEQUENCE.SET_BUTTON_PRESS2
208502.643 ADD_TO_RESULTS_FILE[1] BLOCK.RECORDING_SEQUENCE.ADD_TO_RESULTS_FILE[1]
208502.727 SetValueAction 
208510.813 TRIAL_IMAGE BLOCK.RECORDING_SEQUENCE.TRIAL_IMAGE (BEGIN) 
208516.820 TRIAL_IMAGE BLOCK.RECORDING_SEQUENCE.TRIAL_IMAGE
208991.908 TIMER[2] BLOCK.RECORDING_SEQUENCE.TIMER[2]
209001.612 DISPLAY_SCREEN[1] BLOCK.RECORDING_SEQUENCE.DISPLAY_SCREEN[1] (BEGIN) 
209016.971 DISPLAY_SCREEN[1] BLOCK.RECORDING_SEQUENCE.DISPLAY_SCREEN[1]
209264.037 MOUSE_R BLOCK.RECORDING_SEQUENCE.MOUSE_R
209264.165 SET_BUTTON_PRESS2 BLOCK.RECORDING_SEQUENCE.SET_BUTTON_PRESS2
209264.304 ADD_TO_RESULTS_FILE[1] BLOCK.RECORDING_SEQUENCE.ADD_TO_RESULTS_FILE[1]
209264.355 SetValueAction 
209268.614 TRIAL_IMAGE BLOCK.RECORDING_SEQUENCE.TRIAL_IMAGE (BEGIN) 
209283.711 TRIAL_IMAGE BLOCK.RECORDING_SEQUENCE.TRIAL_IMAGE
209758.769 TIMER[2] BLOCK.RECORDING_SEQUENCE.TIMER[2]
209768.612 DISPLAY_SCREEN[1] BLOCK.RECORDING_SEQUENCE.DISPLAY_SCREEN[1] (BEGIN) 
209783.834 DISPLAY_SCREEN[1] BLOCK.RECORDING_SEQUENCE.DISPLAY_SCREEN[1]
209966.285 MOUSE_R BLOCK.RECORDING_SEQUENCE.MOUSE_R
209966.416 SET_BUTTON_PRESS2 BLOCK.RECORDING_SEQUENCE.SET_BUTTON_PRESS2
209966.556 ADD_TO_RESULTS_FILE[1] BLOCK.RECORDING_SEQUENCE.ADD_TO_RESULTS_FILE[1]
209966.610 SetValueAction 
209967.263 TRIAL_IMAGE BLOCK.RECORDING_SEQUENCE.TRIAL_IMAGE (BEGIN) 
209983.897 TRIAL_IMAGE BLOCK.RECORDING_SEQUENCE.TRIAL_IMAGE
210458.997 TIMER[2] BLOCK.RECORDING_SEQUENCE.TIMER[2]
210468.612 DISPLAY_SCREEN[1] BLOCK.RECORDING_SEQUENCE.DISPLAY_SCREEN[1] (BEGIN) 
210484.028 DISPLAY_SCREEN[1] BLOCK.RECORDING_SEQUENCE.DISPLAY_SCREEN[1]
210766.542 MOUSE_R BLOCK.RECORDING_SEQUENCE.MOUSE_R
210766.675 SET_BUTTON_PRESS2 BLOCK.RECORDING_SEQUENCE.SET_BUTTON_PRESS2
210766.859 ADD_TO_RESULTS_FILE[1] BLOCK.RECORDING_SEQUENCE.ADD_TO_RESULTS_FILE[1]
210766.909 SetValueAction 
210767.607 TRIAL_IMAGE BLOCK.RECORDING_SEQUENCE.TRIAL_IMAGE (BEGIN) 
210784.106 TRIAL_IMAGE BLOCK.RECORDING_SEQUENCE.TRIAL_IMAGE
211259.185 TIMER[2] BLOCK.RECORDING_SEQUENCE.TIMER[2]
211269.612 DISPLAY_SCREEN[1] BLOCK.RECORDING_SEQUENCE.DISPLAY_SCREEN[1] (BEGIN) 
211284.244 DISPLAY_SCREEN[1] BLOCK.RECORDING_SEQUENCE.DISPLAY_SCREEN[1]
211567.124 MOUSE_R BLOCK.RECORDING_SEQUENCE.MOUSE_R
211567.254 SET_BUTTON_PRESS2 BLOCK.RECORDING_SEQUENCE.SET_BUTTON_PRESS2
211567.393 ADD_TO_RESULTS_FILE[1] BLOCK.RECORDING_SEQUENCE.ADD_TO_RESULTS_FILE[1]
211567.444 SetValueAction 
211568.089 TRIAL_IMAGE BLOCK.RECORDING_SEQUENCE.TRIAL_IMAGE (BEGIN) 
211584.323 TRIAL_IMAGE BLOCK.RECORDING_SEQUENCE.TRIAL_IMAGE
212059.424 TIMER[2] BLOCK.RECORDING_SEQUENCE.TIMER[2]
212069.613 DISPLAY_SCREEN[1] BLOCK.RECORDING_SEQUENCE.DISPLAY_SCREEN[1] (BEGIN) 
212084.451 DISPLAY_SCREEN[1] BLOCK.RECORDING_SEQUENCE.DISPLAY_SCREEN[1]
212750.542 MOUSE_R BLOCK.RECORDING_SEQUENCE.MOUSE_R
212750.682 SET_BUTTON_PRESS2 BLOCK.RECORDING_SEQUENCE.SET_BUTTON_PRESS2
212750.823 ADD_TO_RESULTS_FILE[1] BLOCK.RECORDING_SEQUENCE.ADD_TO_RESULTS_FILE[1]
212750.875 SetValueAction 
212772.545 TRIAL_IMAGE BLOCK.RECORDING_SEQUENCE.TRIAL_IMAGE (BEGIN) 
212784.649 TRIAL_IMAGE BLOCK.RECORDING_SEQUENCE.TRIAL_IMAGE
213259.772 TIMER[2] BLOCK.RECORDING_SEQUENCE.TIMER[2]
213269.613 DISPLAY_SCREEN[1] BLOCK.RECORDING_SEQUENCE.DISPLAY_SCREEN[1] (BEGIN) 
213284.777 DISPLAY_SCREEN[1] BLOCK.RECORDING_SEQUENCE.DISPLAY_SCREEN[1]
214302.818 MOUSE_R BLOCK.RECORDING_SEQUENCE.MOUSE_R
214302.960 SET_BUTTON_PRESS2 BLOCK.RECORDING_SEQUENCE.SET_BUTTON_PRESS2
214303.102 ADD_TO_RESULTS_FILE[1] BLOCK.RECORDING_SEQUENCE.ADD_TO_RESULTS_FILE[1]
214303.155 SetValueAction 
214323.544 TRIAL_IMAGE BLOCK.RECORDING_SEQUENCE.TRIAL_IMAGE (BEGIN) 
214335.054 TRIAL_IMAGE BLOCK.RECORDING_SEQUENCE.TRIAL_IMAGE
214810.174 TIMER[2] BLOCK.RECORDING_SEQUENCE.TIMER[2]
214820.612 DISPLAY_SCREEN[1] BLOCK.RECORDING_SEQUENCE.DISPLAY_SCREEN[1] (BEGIN) 
214835.201 DISPLAY_SCREEN[1] BLOCK.RECORDING_SEQUENCE.DISPLAY_SCREEN[1]
215382.655 MOUSE_R BLOCK.RECORDING_SEQUENCE.MOUSE_R
215382.833 SET_BUTTON_PRESS2 BLOCK.RECORDING_SEQUENCE.SET_BUTTON_PRESS2
215382.973 ADD_TO_RESULTS_FILE[1] BLOCK.RECORDING_SEQUENCE.ADD_TO_RESULTS_FILE[1]
215385.523 DISPLAY_SCREEN BLOCK.DISPLAY_SCREEN (BEGIN) 
215402.019 DISPLAY_SCREEN BLOCK.DISPLAY_SCREEN
215494.282 MOUSE BLOCK.MOUSE
215511.601 GOODBYE_SCREEN GOODBYE_SCREEN (BEGIN) 
215518.710 GOODBYE_SCREEN GOODBYE_SCREEN
276035.689 KEYBOARD[1] KEYBOARD[1]
el_logger: Quit logger.
******** END OF THE LOG FILE ********
