4392.084 ********************************************************
4392.150 ** Session beginning Monday February 18, 2019 06:14:17 AM **
4392.159 ** ExperimentBuilder Project : 23255_P34 **
4392.166 ** ExperimentBuilder Version : 2.1.140 **
4392.173 ** ExperimentBuilder Build   : Nov 10 2017 **
4392.179 ********************************************************
4999.176 WELCOME_SCREEN WELCOME_SCREEN (BEGIN) 
5012.307 WELCOME_SCREEN WELCOME_SCREEN
32724.242 KEYBOARD KEYBOARD
33133.263 PREPARE_SEQUENCE BLOCK.PREPARE_SEQUENCE
33133.577 SetValueAction 
33142.574 TRIAL_IMAGE BLOCK.RECORDING_SEQUENCE.TRIAL_IMAGE (BEGIN) 
33153.132 TRIAL_IMAGE BLOCK.RECORDING_SEQUENCE.TRIAL_IMAGE
33628.217 TIMER[2] BLOCK.RECORDING_SEQUENCE.TIMER[2]
33638.616 DISPLAY_SCREEN[1] BLOCK.RECORDING_SEQUENCE.DISPLAY_SCREEN[1] (BEGIN) 
33653.249 DISPLAY_SCREEN[1] BLOCK.RECORDING_SEQUENCE.DISPLAY_SCREEN[1]
36153.280 TIMER[1] BLOCK.RECORDING_SEQUENCE.TIMER[1]
36153.454 SET_BUTTON_PRESS BLOCK.RECORDING_SEQUENCE.SET_BUTTON_PRESS
36153.596 ADD_TO_RESULTS_FILE[1] BLOCK.RECORDING_SEQUENCE.ADD_TO_RESULTS_FILE[1]
36153.648 SetValueAction 
36162.071 TRIAL_IMAGE BLOCK.RECORDING_SEQUENCE.TRIAL_IMAGE (BEGIN) 
36170.588 TRIAL_IMAGE BLOCK.RECORDING_SEQUENCE.TRIAL_IMAGE
36645.654 TIMER[2] BLOCK.RECORDING_SEQUENCE.TIMER[2]
36655.613 DISPLAY_SCREEN[1] BLOCK.RECORDING_SEQUENCE.DISPLAY_SCREEN[1] (BEGIN) 
36670.722 DISPLAY_SCREEN[1] BLOCK.RECORDING_SEQUENCE.DISPLAY_SCREEN[1]
39170.784 TIMER[1] BLOCK.RECORDING_SEQUENCE.TIMER[1]
39170.921 SET_BUTTON_PRESS BLOCK.RECORDING_SEQUENCE.SET_BUTTON_PRESS
39171.063 ADD_TO_RESULTS_FILE[1] BLOCK.RECORDING_SEQUENCE.ADD_TO_RESULTS_FILE[1]
39171.116 SetValueAction 
39180.021 TRIAL_IMAGE BLOCK.RECORDING_SEQUENCE.TRIAL_IMAGE (BEGIN) 
39188.052 TRIAL_IMAGE BLOCK.RECORDING_SEQUENCE.TRIAL_IMAGE
39663.123 TIMER[2] BLOCK.RECORDING_SEQUENCE.TIMER[2]
39673.614 DISPLAY_SCREEN[1] BLOCK.RECORDING_SEQUENCE.DISPLAY_SCREEN[1] (BEGIN) 
39688.188 DISPLAY_SCREEN[1] BLOCK.RECORDING_SEQUENCE.DISPLAY_SCREEN[1]
42188.247 TIMER[1] BLOCK.RECORDING_SEQUENCE.TIMER[1]
42188.413 SET_BUTTON_PRESS BLOCK.RECORDING_SEQUENCE.SET_BUTTON_PRESS
42188.562 ADD_TO_RESULTS_FILE[1] BLOCK.RECORDING_SEQUENCE.ADD_TO_RESULTS_FILE[1]
42188.614 SetValueAction 
42197.347 TRIAL_IMAGE BLOCK.RECORDING_SEQUENCE.TRIAL_IMAGE (BEGIN) 
42205.525 TRIAL_IMAGE BLOCK.RECORDING_SEQUENCE.TRIAL_IMAGE
42680.618 TIMER[2] BLOCK.RECORDING_SEQUENCE.TIMER[2]
42690.613 DISPLAY_SCREEN[1] BLOCK.RECORDING_SEQUENCE.DISPLAY_SCREEN[1] (BEGIN) 
42705.663 DISPLAY_SCREEN[1] BLOCK.RECORDING_SEQUENCE.DISPLAY_SCREEN[1]
45205.728 TIMER[1] BLOCK.RECORDING_SEQUENCE.TIMER[1]
45205.866 SET_BUTTON_PRESS BLOCK.RECORDING_SEQUENCE.SET_BUTTON_PRESS
45206.009 ADD_TO_RESULTS_FILE[1] BLOCK.RECORDING_SEQUENCE.ADD_TO_RESULTS_FILE[1]
45206.062 SetValueAction 
45214.934 TRIAL_IMAGE BLOCK.RECORDING_SEQUENCE.TRIAL_IMAGE (BEGIN) 
45222.993 TRIAL_IMAGE BLOCK.RECORDING_SEQUENCE.TRIAL_IMAGE
45698.087 TIMER[2] BLOCK.RECORDING_SEQUENCE.TIMER[2]
45708.614 DISPLAY_SCREEN[1] BLOCK.RECORDING_SEQUENCE.DISPLAY_SCREEN[1] (BEGIN) 
45723.128 DISPLAY_SCREEN[1] BLOCK.RECORDING_SEQUENCE.DISPLAY_SCREEN[1]
48223.158 TIMER[1] BLOCK.RECORDING_SEQUENCE.TIMER[1]
48223.296 SET_BUTTON_PRESS BLOCK.RECORDING_SEQUENCE.SET_BUTTON_PRESS
48223.452 ADD_TO_RESULTS_FILE[1] BLOCK.RECORDING_SEQUENCE.ADD_TO_RESULTS_FILE[1]
48223.552 SetValueAction 
48231.111 TRIAL_IMAGE BLOCK.RECORDING_SEQUENCE.TRIAL_IMAGE (BEGIN) 
48240.469 TRIAL_IMAGE BLOCK.RECORDING_SEQUENCE.TRIAL_IMAGE
48715.523 TIMER[2] BLOCK.RECORDING_SEQUENCE.TIMER[2]
48725.614 DISPLAY_SCREEN[1] BLOCK.RECORDING_SEQUENCE.DISPLAY_SCREEN[1] (BEGIN) 
48740.602 DISPLAY_SCREEN[1] BLOCK.RECORDING_SEQUENCE.DISPLAY_SCREEN[1]
51240.630 TIMER[1] BLOCK.RECORDING_SEQUENCE.TIMER[1]
51240.770 SET_BUTTON_PRESS BLOCK.RECORDING_SEQUENCE.SET_BUTTON_PRESS
51240.911 ADD_TO_RESULTS_FILE[1] BLOCK.RECORDING_SEQUENCE.ADD_TO_RESULTS_FILE[1]
51240.963 SetValueAction 
51248.303 TRIAL_IMAGE BLOCK.RECORDING_SEQUENCE.TRIAL_IMAGE (BEGIN) 
51257.931 TRIAL_IMAGE BLOCK.RECORDING_SEQUENCE.TRIAL_IMAGE
51733.019 TIMER[2] BLOCK.RECORDING_SEQUENCE.TIMER[2]
51743.614 DISPLAY_SCREEN[1] BLOCK.RECORDING_SEQUENCE.DISPLAY_SCREEN[1] (BEGIN) 
51758.068 DISPLAY_SCREEN[1] BLOCK.RECORDING_SEQUENCE.DISPLAY_SCREEN[1]
54258.121 TIMER[1] BLOCK.RECORDING_SEQUENCE.TIMER[1]
54258.260 SET_BUTTON_PRESS BLOCK.RECORDING_SEQUENCE.SET_BUTTON_PRESS
54258.401 ADD_TO_RESULTS_FILE[1] BLOCK.RECORDING_SEQUENCE.ADD_TO_RESULTS_FILE[1]
54258.454 SetValueAction 
54267.205 TRIAL_IMAGE BLOCK.RECORDING_SEQUENCE.TRIAL_IMAGE (BEGIN) 
54275.398 TRIAL_IMAGE BLOCK.RECORDING_SEQUENCE.TRIAL_IMAGE
54750.536 TIMER[2] BLOCK.RECORDING_SEQUENCE.TIMER[2]
54760.613 DISPLAY_SCREEN[1] BLOCK.RECORDING_SEQUENCE.DISPLAY_SCREEN[1] (BEGIN) 
54775.553 DISPLAY_SCREEN[1] BLOCK.RECORDING_SEQUENCE.DISPLAY_SCREEN[1]
57275.571 TIMER[1] BLOCK.RECORDING_SEQUENCE.TIMER[1]
57275.719 SET_BUTTON_PRESS BLOCK.RECORDING_SEQUENCE.SET_BUTTON_PRESS
57275.860 ADD_TO_RESULTS_FILE[1] BLOCK.RECORDING_SEQUENCE.ADD_TO_RESULTS_FILE[1]
57275.912 SetValueAction 
57284.461 TRIAL_IMAGE BLOCK.RECORDING_SEQUENCE.TRIAL_IMAGE (BEGIN) 
57292.875 TRIAL_IMAGE BLOCK.RECORDING_SEQUENCE.TRIAL_IMAGE
57767.972 TIMER[2] BLOCK.RECORDING_SEQUENCE.TIMER[2]
57777.614 DISPLAY_SCREEN[1] BLOCK.RECORDING_SEQUENCE.DISPLAY_SCREEN[1] (BEGIN) 
57793.003 DISPLAY_SCREEN[1] BLOCK.RECORDING_SEQUENCE.DISPLAY_SCREEN[1]
60293.030 TIMER[1] BLOCK.RECORDING_SEQUENCE.TIMER[1]
60293.167 SET_BUTTON_PRESS BLOCK.RECORDING_SEQUENCE.SET_BUTTON_PRESS
60293.307 ADD_TO_RESULTS_FILE[1] BLOCK.RECORDING_SEQUENCE.ADD_TO_RESULTS_FILE[1]
60293.359 SetValueAction 
60301.825 TRIAL_IMAGE BLOCK.RECORDING_SEQUENCE.TRIAL_IMAGE (BEGIN) 
60310.341 TRIAL_IMAGE BLOCK.RECORDING_SEQUENCE.TRIAL_IMAGE
60785.443 TIMER[2] BLOCK.RECORDING_SEQUENCE.TIMER[2]
60795.619 DISPLAY_SCREEN[1] BLOCK.RECORDING_SEQUENCE.DISPLAY_SCREEN[1] (BEGIN) 
60810.483 DISPLAY_SCREEN[1] BLOCK.RECORDING_SEQUENCE.DISPLAY_SCREEN[1]
63310.544 TIMER[1] BLOCK.RECORDING_SEQUENCE.TIMER[1]
63310.707 SET_BUTTON_PRESS BLOCK.RECORDING_SEQUENCE.SET_BUTTON_PRESS
63310.848 ADD_TO_RESULTS_FILE[1] BLOCK.RECORDING_SEQUENCE.ADD_TO_RESULTS_FILE[1]
63310.899 SetValueAction 
63311.152 TRIAL_IMAGE BLOCK.RECORDING_SEQUENCE.TRIAL_IMAGE (BEGIN) 
63327.805 TRIAL_IMAGE BLOCK.RECORDING_SEQUENCE.TRIAL_IMAGE
63802.859 TIMER[2] BLOCK.RECORDING_SEQUENCE.TIMER[2]
63812.623 DISPLAY_SCREEN[1] BLOCK.RECORDING_SEQUENCE.DISPLAY_SCREEN[1] (BEGIN) 
63827.945 DISPLAY_SCREEN[1] BLOCK.RECORDING_SEQUENCE.DISPLAY_SCREEN[1]
66327.987 TIMER[1] BLOCK.RECORDING_SEQUENCE.TIMER[1]
66328.144 SET_BUTTON_PRESS BLOCK.RECORDING_SEQUENCE.SET_BUTTON_PRESS
66328.288 ADD_TO_RESULTS_FILE[1] BLOCK.RECORDING_SEQUENCE.ADD_TO_RESULTS_FILE[1]
66328.341 SetValueAction 
66336.744 TRIAL_IMAGE BLOCK.RECORDING_SEQUENCE.TRIAL_IMAGE (BEGIN) 
66345.278 TRIAL_IMAGE BLOCK.RECORDING_SEQUENCE.TRIAL_IMAGE
66820.364 TIMER[2] BLOCK.RECORDING_SEQUENCE.TIMER[2]
66830.613 DISPLAY_SCREEN[1] BLOCK.RECORDING_SEQUENCE.DISPLAY_SCREEN[1] (BEGIN) 
66845.405 DISPLAY_SCREEN[1] BLOCK.RECORDING_SEQUENCE.DISPLAY_SCREEN[1]
69345.466 TIMER[1] BLOCK.RECORDING_SEQUENCE.TIMER[1]
69345.621 SET_BUTTON_PRESS BLOCK.RECORDING_SEQUENCE.SET_BUTTON_PRESS
69345.786 ADD_TO_RESULTS_FILE[1] BLOCK.RECORDING_SEQUENCE.ADD_TO_RESULTS_FILE[1]
69345.838 SetValueAction 
69354.402 TRIAL_IMAGE BLOCK.RECORDING_SEQUENCE.TRIAL_IMAGE (BEGIN) 
69362.758 TRIAL_IMAGE BLOCK.RECORDING_SEQUENCE.TRIAL_IMAGE
69837.874 TIMER[2] BLOCK.RECORDING_SEQUENCE.TIMER[2]
69847.613 DISPLAY_SCREEN[1] BLOCK.RECORDING_SEQUENCE.DISPLAY_SCREEN[1] (BEGIN) 
69862.884 DISPLAY_SCREEN[1] BLOCK.RECORDING_SEQUENCE.DISPLAY_SCREEN[1]
72362.912 TIMER[1] BLOCK.RECORDING_SEQUENCE.TIMER[1]
72363.052 SET_BUTTON_PRESS BLOCK.RECORDING_SEQUENCE.SET_BUTTON_PRESS
72363.194 ADD_TO_RESULTS_FILE[1] BLOCK.RECORDING_SEQUENCE.ADD_TO_RESULTS_FILE[1]
72363.247 SetValueAction 
72372.019 TRIAL_IMAGE BLOCK.RECORDING_SEQUENCE.TRIAL_IMAGE (BEGIN) 
72380.212 TRIAL_IMAGE BLOCK.RECORDING_SEQUENCE.TRIAL_IMAGE
72855.329 TIMER[2] BLOCK.RECORDING_SEQUENCE.TIMER[2]
72865.613 DISPLAY_SCREEN[1] BLOCK.RECORDING_SEQUENCE.DISPLAY_SCREEN[1] (BEGIN) 
72880.351 DISPLAY_SCREEN[1] BLOCK.RECORDING_SEQUENCE.DISPLAY_SCREEN[1]
75380.411 TIMER[1] BLOCK.RECORDING_SEQUENCE.TIMER[1]
75380.551 SET_BUTTON_PRESS BLOCK.RECORDING_SEQUENCE.SET_BUTTON_PRESS
75380.716 ADD_TO_RESULTS_FILE[1] BLOCK.RECORDING_SEQUENCE.ADD_TO_RESULTS_FILE[1]
75380.787 SetValueAction 
75388.962 TRIAL_IMAGE BLOCK.RECORDING_SEQUENCE.TRIAL_IMAGE (BEGIN) 
75397.674 TRIAL_IMAGE BLOCK.RECORDING_SEQUENCE.TRIAL_IMAGE
75872.799 TIMER[2] BLOCK.RECORDING_SEQUENCE.TIMER[2]
75882.613 DISPLAY_SCREEN[1] BLOCK.RECORDING_SEQUENCE.DISPLAY_SCREEN[1] (BEGIN) 
75897.832 DISPLAY_SCREEN[1] BLOCK.RECORDING_SEQUENCE.DISPLAY_SCREEN[1]
78397.969 TIMER[1] BLOCK.RECORDING_SEQUENCE.TIMER[1]
78398.212 SET_BUTTON_PRESS BLOCK.RECORDING_SEQUENCE.SET_BUTTON_PRESS
78398.355 ADD_TO_RESULTS_FILE[1] BLOCK.RECORDING_SEQUENCE.ADD_TO_RESULTS_FILE[1]
78398.406 SetValueAction 
78407.224 TRIAL_IMAGE BLOCK.RECORDING_SEQUENCE.TRIAL_IMAGE (BEGIN) 
78415.149 TRIAL_IMAGE BLOCK.RECORDING_SEQUENCE.TRIAL_IMAGE
78890.276 TIMER[2] BLOCK.RECORDING_SEQUENCE.TIMER[2]
78900.613 DISPLAY_SCREEN[1] BLOCK.RECORDING_SEQUENCE.DISPLAY_SCREEN[1] (BEGIN) 
78915.289 DISPLAY_SCREEN[1] BLOCK.RECORDING_SEQUENCE.DISPLAY_SCREEN[1]
81415.364 TIMER[1] BLOCK.RECORDING_SEQUENCE.TIMER[1]
81415.504 SET_BUTTON_PRESS BLOCK.RECORDING_SEQUENCE.SET_BUTTON_PRESS
81415.645 ADD_TO_RESULTS_FILE[1] BLOCK.RECORDING_SEQUENCE.ADD_TO_RESULTS_FILE[1]
81415.698 SetValueAction 
81423.108 TRIAL_IMAGE BLOCK.RECORDING_SEQUENCE.TRIAL_IMAGE (BEGIN) 
81432.617 TRIAL_IMAGE BLOCK.RECORDING_SEQUENCE.TRIAL_IMAGE
81907.674 TIMER[2] BLOCK.RECORDING_SEQUENCE.TIMER[2]
81917.612 DISPLAY_SCREEN[1] BLOCK.RECORDING_SEQUENCE.DISPLAY_SCREEN[1] (BEGIN) 
81932.749 DISPLAY_SCREEN[1] BLOCK.RECORDING_SEQUENCE.DISPLAY_SCREEN[1]
84432.838 TIMER[1] BLOCK.RECORDING_SEQUENCE.TIMER[1]
84432.977 SET_BUTTON_PRESS BLOCK.RECORDING_SEQUENCE.SET_BUTTON_PRESS
84433.118 ADD_TO_RESULTS_FILE[1] BLOCK.RECORDING_SEQUENCE.ADD_TO_RESULTS_FILE[1]
84433.179 SetValueAction 
84440.193 TRIAL_IMAGE BLOCK.RECORDING_SEQUENCE.TRIAL_IMAGE (BEGIN) 
84450.087 TRIAL_IMAGE BLOCK.RECORDING_SEQUENCE.TRIAL_IMAGE
84925.215 TIMER[2] BLOCK.RECORDING_SEQUENCE.TIMER[2]
84935.612 DISPLAY_SCREEN[1] BLOCK.RECORDING_SEQUENCE.DISPLAY_SCREEN[1] (BEGIN) 
84950.230 DISPLAY_SCREEN[1] BLOCK.RECORDING_SEQUENCE.DISPLAY_SCREEN[1]
87450.292 TIMER[1] BLOCK.RECORDING_SEQUENCE.TIMER[1]
87450.430 SET_BUTTON_PRESS BLOCK.RECORDING_SEQUENCE.SET_BUTTON_PRESS
87450.571 ADD_TO_RESULTS_FILE[1] BLOCK.RECORDING_SEQUENCE.ADD_TO_RESULTS_FILE[1]
87450.624 SetValueAction 
87457.843 TRIAL_IMAGE BLOCK.RECORDING_SEQUENCE.TRIAL_IMAGE (BEGIN) 
87467.559 TRIAL_IMAGE BLOCK.RECORDING_SEQUENCE.TRIAL_IMAGE
87942.685 TIMER[2] BLOCK.RECORDING_SEQUENCE.TIMER[2]
87952.612 DISPLAY_SCREEN[1] BLOCK.RECORDING_SEQUENCE.DISPLAY_SCREEN[1] (BEGIN) 
87967.690 DISPLAY_SCREEN[1] BLOCK.RECORDING_SEQUENCE.DISPLAY_SCREEN[1]
90467.710 TIMER[1] BLOCK.RECORDING_SEQUENCE.TIMER[1]
90467.848 SET_BUTTON_PRESS BLOCK.RECORDING_SEQUENCE.SET_BUTTON_PRESS
90468.022 ADD_TO_RESULTS_FILE[1] BLOCK.RECORDING_SEQUENCE.ADD_TO_RESULTS_FILE[1]
90468.074 SetValueAction 
90476.483 TRIAL_IMAGE BLOCK.RECORDING_SEQUENCE.TRIAL_IMAGE (BEGIN) 
90485.016 TRIAL_IMAGE BLOCK.RECORDING_SEQUENCE.TRIAL_IMAGE
90960.140 TIMER[2] BLOCK.RECORDING_SEQUENCE.TIMER[2]
90970.612 DISPLAY_SCREEN[1] BLOCK.RECORDING_SEQUENCE.DISPLAY_SCREEN[1] (BEGIN) 
90985.156 DISPLAY_SCREEN[1] BLOCK.RECORDING_SEQUENCE.DISPLAY_SCREEN[1]
93485.206 TIMER[1] BLOCK.RECORDING_SEQUENCE.TIMER[1]
93485.344 SET_BUTTON_PRESS BLOCK.RECORDING_SEQUENCE.SET_BUTTON_PRESS
93485.485 ADD_TO_RESULTS_FILE[1] BLOCK.RECORDING_SEQUENCE.ADD_TO_RESULTS_FILE[1]
93485.537 SetValueAction 
93486.254 TRIAL_IMAGE BLOCK.RECORDING_SEQUENCE.TRIAL_IMAGE (BEGIN) 
93502.502 TRIAL_IMAGE BLOCK.RECORDING_SEQUENCE.TRIAL_IMAGE
93977.618 TIMER[2] BLOCK.RECORDING_SEQUENCE.TIMER[2]
93987.612 DISPLAY_SCREEN[1] BLOCK.RECORDING_SEQUENCE.DISPLAY_SCREEN[1] (BEGIN) 
94002.631 DISPLAY_SCREEN[1] BLOCK.RECORDING_SEQUENCE.DISPLAY_SCREEN[1]
96502.694 TIMER[1] BLOCK.RECORDING_SEQUENCE.TIMER[1]
96502.834 SET_BUTTON_PRESS BLOCK.RECORDING_SEQUENCE.SET_BUTTON_PRESS
96503.006 ADD_TO_RESULTS_FILE[1] BLOCK.RECORDING_SEQUENCE.ADD_TO_RESULTS_FILE[1]
96503.058 SetValueAction 
96511.841 TRIAL_IMAGE BLOCK.RECORDING_SEQUENCE.TRIAL_IMAGE (BEGIN) 
96519.965 TRIAL_IMAGE BLOCK.RECORDING_SEQUENCE.TRIAL_IMAGE
96995.043 TIMER[2] BLOCK.RECORDING_SEQUENCE.TIMER[2]
97005.613 DISPLAY_SCREEN[1] BLOCK.RECORDING_SEQUENCE.DISPLAY_SCREEN[1] (BEGIN) 
97020.098 DISPLAY_SCREEN[1] BLOCK.RECORDING_SEQUENCE.DISPLAY_SCREEN[1]
99520.118 TIMER[1] BLOCK.RECORDING_SEQUENCE.TIMER[1]
99520.275 SET_BUTTON_PRESS BLOCK.RECORDING_SEQUENCE.SET_BUTTON_PRESS
99520.432 ADD_TO_RESULTS_FILE[1] BLOCK.RECORDING_SEQUENCE.ADD_TO_RESULTS_FILE[1]
99520.489 SetValueAction 
99529.205 TRIAL_IMAGE BLOCK.RECORDING_SEQUENCE.TRIAL_IMAGE (BEGIN) 
99537.423 TRIAL_IMAGE BLOCK.RECORDING_SEQUENCE.TRIAL_IMAGE
100012.500 TIMER[2] BLOCK.RECORDING_SEQUENCE.TIMER[2]
100022.613 DISPLAY_SCREEN[1] BLOCK.RECORDING_SEQUENCE.DISPLAY_SCREEN[1] (BEGIN) 
100037.573 DISPLAY_SCREEN[1] BLOCK.RECORDING_SEQUENCE.DISPLAY_SCREEN[1]
102537.627 TIMER[1] BLOCK.RECORDING_SEQUENCE.TIMER[1]
102537.767 SET_BUTTON_PRESS BLOCK.RECORDING_SEQUENCE.SET_BUTTON_PRESS
102537.910 ADD_TO_RESULTS_FILE[1] BLOCK.RECORDING_SEQUENCE.ADD_TO_RESULTS_FILE[1]
102540.451 DISPLAY_SCREEN BLOCK.DISPLAY_SCREEN (BEGIN) 
102554.899 DISPLAY_SCREEN BLOCK.DISPLAY_SCREEN
109153.018 KEYBOARD BLOCK.KEYBOARD
109367.426 PREPARE_SEQUENCE BLOCK.PREPARE_SEQUENCE
109367.602 SetValueAction 
109376.021 TRIAL_IMAGE BLOCK.RECORDING_SEQUENCE.TRIAL_IMAGE (BEGIN) 
109390.059 TRIAL_IMAGE BLOCK.RECORDING_SEQUENCE.TRIAL_IMAGE
109865.188 TIMER[2] BLOCK.RECORDING_SEQUENCE.TIMER[2]
109875.614 DISPLAY_SCREEN[1] BLOCK.RECORDING_SEQUENCE.DISPLAY_SCREEN[1] (BEGIN) 
109890.188 DISPLAY_SCREEN[1] BLOCK.RECORDING_SEQUENCE.DISPLAY_SCREEN[1]
112390.204 TIMER[1] BLOCK.RECORDING_SEQUENCE.TIMER[1]
112390.342 SET_BUTTON_PRESS BLOCK.RECORDING_SEQUENCE.SET_BUTTON_PRESS
112390.484 ADD_TO_RESULTS_FILE[1] BLOCK.RECORDING_SEQUENCE.ADD_TO_RESULTS_FILE[1]
112390.537 SetValueAction 
112398.023 TRIAL_IMAGE BLOCK.RECORDING_SEQUENCE.TRIAL_IMAGE (BEGIN) 
112407.517 TRIAL_IMAGE BLOCK.RECORDING_SEQUENCE.TRIAL_IMAGE
112882.586 TIMER[2] BLOCK.RECORDING_SEQUENCE.TIMER[2]
112892.613 DISPLAY_SCREEN[1] BLOCK.RECORDING_SEQUENCE.DISPLAY_SCREEN[1] (BEGIN) 
112907.663 DISPLAY_SCREEN[1] BLOCK.RECORDING_SEQUENCE.DISPLAY_SCREEN[1]
115407.736 TIMER[1] BLOCK.RECORDING_SEQUENCE.TIMER[1]
115407.875 SET_BUTTON_PRESS BLOCK.RECORDING_SEQUENCE.SET_BUTTON_PRESS
115408.015 ADD_TO_RESULTS_FILE[1] BLOCK.RECORDING_SEQUENCE.ADD_TO_RESULTS_FILE[1]
115408.068 SetValueAction 
115415.653 TRIAL_IMAGE BLOCK.RECORDING_SEQUENCE.TRIAL_IMAGE (BEGIN) 
115424.988 TRIAL_IMAGE BLOCK.RECORDING_SEQUENCE.TRIAL_IMAGE
115900.059 TIMER[2] BLOCK.RECORDING_SEQUENCE.TIMER[2]
115910.613 DISPLAY_SCREEN[1] BLOCK.RECORDING_SEQUENCE.DISPLAY_SCREEN[1] (BEGIN) 
115925.148 DISPLAY_SCREEN[1] BLOCK.RECORDING_SEQUENCE.DISPLAY_SCREEN[1]
118425.161 TIMER[1] BLOCK.RECORDING_SEQUENCE.TIMER[1]
118425.298 SET_BUTTON_PRESS BLOCK.RECORDING_SEQUENCE.SET_BUTTON_PRESS
118425.439 ADD_TO_RESULTS_FILE[1] BLOCK.RECORDING_SEQUENCE.ADD_TO_RESULTS_FILE[1]
118425.490 SetValueAction 
118433.341 TRIAL_IMAGE BLOCK.RECORDING_SEQUENCE.TRIAL_IMAGE (BEGIN) 
118442.452 TRIAL_IMAGE BLOCK.RECORDING_SEQUENCE.TRIAL_IMAGE
118917.565 TIMER[2] BLOCK.RECORDING_SEQUENCE.TIMER[2]
118927.613 DISPLAY_SCREEN[1] BLOCK.RECORDING_SEQUENCE.DISPLAY_SCREEN[1] (BEGIN) 
118942.588 DISPLAY_SCREEN[1] BLOCK.RECORDING_SEQUENCE.DISPLAY_SCREEN[1]
121442.609 TIMER[1] BLOCK.RECORDING_SEQUENCE.TIMER[1]
121442.747 SET_BUTTON_PRESS BLOCK.RECORDING_SEQUENCE.SET_BUTTON_PRESS
121442.889 ADD_TO_RESULTS_FILE[1] BLOCK.RECORDING_SEQUENCE.ADD_TO_RESULTS_FILE[1]
121442.942 SetValueAction 
121450.870 TRIAL_IMAGE BLOCK.RECORDING_SEQUENCE.TRIAL_IMAGE (BEGIN) 
121459.922 TRIAL_IMAGE BLOCK.RECORDING_SEQUENCE.TRIAL_IMAGE
121934.981 TIMER[2] BLOCK.RECORDING_SEQUENCE.TIMER[2]
121945.612 DISPLAY_SCREEN[1] BLOCK.RECORDING_SEQUENCE.DISPLAY_SCREEN[1] (BEGIN) 
121960.066 DISPLAY_SCREEN[1] BLOCK.RECORDING_SEQUENCE.DISPLAY_SCREEN[1]
124460.087 TIMER[1] BLOCK.RECORDING_SEQUENCE.TIMER[1]
124460.276 SET_BUTTON_PRESS BLOCK.RECORDING_SEQUENCE.SET_BUTTON_PRESS
124460.419 ADD_TO_RESULTS_FILE[1] BLOCK.RECORDING_SEQUENCE.ADD_TO_RESULTS_FILE[1]
124460.472 SetValueAction 
124468.171 TRIAL_IMAGE BLOCK.RECORDING_SEQUENCE.TRIAL_IMAGE (BEGIN) 
124477.397 TRIAL_IMAGE BLOCK.RECORDING_SEQUENCE.TRIAL_IMAGE
124952.503 TIMER[2] BLOCK.RECORDING_SEQUENCE.TIMER[2]
124962.613 DISPLAY_SCREEN[1] BLOCK.RECORDING_SEQUENCE.DISPLAY_SCREEN[1] (BEGIN) 
124977.527 DISPLAY_SCREEN[1] BLOCK.RECORDING_SEQUENCE.DISPLAY_SCREEN[1]
127477.554 TIMER[1] BLOCK.RECORDING_SEQUENCE.TIMER[1]
127477.705 SET_BUTTON_PRESS BLOCK.RECORDING_SEQUENCE.SET_BUTTON_PRESS
127477.849 ADD_TO_RESULTS_FILE[1] BLOCK.RECORDING_SEQUENCE.ADD_TO_RESULTS_FILE[1]
127477.903 SetValueAction 
127485.326 TRIAL_IMAGE BLOCK.RECORDING_SEQUENCE.TRIAL_IMAGE (BEGIN) 
127494.868 TRIAL_IMAGE BLOCK.RECORDING_SEQUENCE.TRIAL_IMAGE
127969.921 TIMER[2] BLOCK.RECORDING_SEQUENCE.TIMER[2]
127979.613 DISPLAY_SCREEN[1] BLOCK.RECORDING_SEQUENCE.DISPLAY_SCREEN[1] (BEGIN) 
127995.002 DISPLAY_SCREEN[1] BLOCK.RECORDING_SEQUENCE.DISPLAY_SCREEN[1]
130495.014 TIMER[1] BLOCK.RECORDING_SEQUENCE.TIMER[1]
130495.151 SET_BUTTON_PRESS BLOCK.RECORDING_SEQUENCE.SET_BUTTON_PRESS
130495.315 ADD_TO_RESULTS_FILE[1] BLOCK.RECORDING_SEQUENCE.ADD_TO_RESULTS_FILE[1]
130495.368 SetValueAction 
130504.700 TRIAL_IMAGE BLOCK.RECORDING_SEQUENCE.TRIAL_IMAGE (BEGIN) 
130512.328 TRIAL_IMAGE BLOCK.RECORDING_SEQUENCE.TRIAL_IMAGE
130987.382 TIMER[2] BLOCK.RECORDING_SEQUENCE.TIMER[2]
130997.613 DISPLAY_SCREEN[1] BLOCK.RECORDING_SEQUENCE.DISPLAY_SCREEN[1] (BEGIN) 
131012.470 DISPLAY_SCREEN[1] BLOCK.RECORDING_SEQUENCE.DISPLAY_SCREEN[1]
133512.496 TIMER[1] BLOCK.RECORDING_SEQUENCE.TIMER[1]
133512.653 SET_BUTTON_PRESS BLOCK.RECORDING_SEQUENCE.SET_BUTTON_PRESS
133512.796 ADD_TO_RESULTS_FILE[1] BLOCK.RECORDING_SEQUENCE.ADD_TO_RESULTS_FILE[1]
133512.849 SetValueAction 
133520.347 TRIAL_IMAGE BLOCK.RECORDING_SEQUENCE.TRIAL_IMAGE (BEGIN) 
133529.799 TRIAL_IMAGE BLOCK.RECORDING_SEQUENCE.TRIAL_IMAGE
134004.907 TIMER[2] BLOCK.RECORDING_SEQUENCE.TIMER[2]
134014.613 DISPLAY_SCREEN[1] BLOCK.RECORDING_SEQUENCE.DISPLAY_SCREEN[1] (BEGIN) 
134029.943 DISPLAY_SCREEN[1] BLOCK.RECORDING_SEQUENCE.DISPLAY_SCREEN[1]
136529.958 TIMER[1] BLOCK.RECORDING_SEQUENCE.TIMER[1]
136530.105 SET_BUTTON_PRESS BLOCK.RECORDING_SEQUENCE.SET_BUTTON_PRESS
136530.252 ADD_TO_RESULTS_FILE[1] BLOCK.RECORDING_SEQUENCE.ADD_TO_RESULTS_FILE[1]
136530.305 SetValueAction 
136538.514 TRIAL_IMAGE BLOCK.RECORDING_SEQUENCE.TRIAL_IMAGE (BEGIN) 
136547.269 TRIAL_IMAGE BLOCK.RECORDING_SEQUENCE.TRIAL_IMAGE
137022.391 TIMER[2] BLOCK.RECORDING_SEQUENCE.TIMER[2]
137032.612 DISPLAY_SCREEN[1] BLOCK.RECORDING_SEQUENCE.DISPLAY_SCREEN[1] (BEGIN) 
137047.417 DISPLAY_SCREEN[1] BLOCK.RECORDING_SEQUENCE.DISPLAY_SCREEN[1]
139547.445 TIMER[1] BLOCK.RECORDING_SEQUENCE.TIMER[1]
139547.585 SET_BUTTON_PRESS BLOCK.RECORDING_SEQUENCE.SET_BUTTON_PRESS
139547.726 ADD_TO_RESULTS_FILE[1] BLOCK.RECORDING_SEQUENCE.ADD_TO_RESULTS_FILE[1]
139547.778 SetValueAction 
139555.817 TRIAL_IMAGE BLOCK.RECORDING_SEQUENCE.TRIAL_IMAGE (BEGIN) 
139564.733 TRIAL_IMAGE BLOCK.RECORDING_SEQUENCE.TRIAL_IMAGE
140039.820 TIMER[2] BLOCK.RECORDING_SEQUENCE.TIMER[2]
140049.612 DISPLAY_SCREEN[1] BLOCK.RECORDING_SEQUENCE.DISPLAY_SCREEN[1] (BEGIN) 
140064.868 DISPLAY_SCREEN[1] BLOCK.RECORDING_SEQUENCE.DISPLAY_SCREEN[1]
142564.867 TIMER[1] BLOCK.RECORDING_SEQUENCE.TIMER[1]
142565.011 SET_BUTTON_PRESS BLOCK.RECORDING_SEQUENCE.SET_BUTTON_PRESS
142565.153 ADD_TO_RESULTS_FILE[1] BLOCK.RECORDING_SEQUENCE.ADD_TO_RESULTS_FILE[1]
142565.206 SetValueAction 
142572.901 TRIAL_IMAGE BLOCK.RECORDING_SEQUENCE.TRIAL_IMAGE (BEGIN) 
142582.201 TRIAL_IMAGE BLOCK.RECORDING_SEQUENCE.TRIAL_IMAGE
143057.314 TIMER[2] BLOCK.RECORDING_SEQUENCE.TIMER[2]
143067.612 DISPLAY_SCREEN[1] BLOCK.RECORDING_SEQUENCE.DISPLAY_SCREEN[1] (BEGIN) 
143082.349 DISPLAY_SCREEN[1] BLOCK.RECORDING_SEQUENCE.DISPLAY_SCREEN[1]
145582.406 TIMER[1] BLOCK.RECORDING_SEQUENCE.TIMER[1]
145582.546 SET_BUTTON_PRESS BLOCK.RECORDING_SEQUENCE.SET_BUTTON_PRESS
145582.686 ADD_TO_RESULTS_FILE[1] BLOCK.RECORDING_SEQUENCE.ADD_TO_RESULTS_FILE[1]
145582.739 SetValueAction 
145590.375 TRIAL_IMAGE BLOCK.RECORDING_SEQUENCE.TRIAL_IMAGE (BEGIN) 
145599.675 TRIAL_IMAGE BLOCK.RECORDING_SEQUENCE.TRIAL_IMAGE
146074.781 TIMER[2] BLOCK.RECORDING_SEQUENCE.TIMER[2]
146084.612 DISPLAY_SCREEN[1] BLOCK.RECORDING_SEQUENCE.DISPLAY_SCREEN[1] (BEGIN) 
146099.821 DISPLAY_SCREEN[1] BLOCK.RECORDING_SEQUENCE.DISPLAY_SCREEN[1]
148599.866 TIMER[1] BLOCK.RECORDING_SEQUENCE.TIMER[1]
148600.005 SET_BUTTON_PRESS BLOCK.RECORDING_SEQUENCE.SET_BUTTON_PRESS
148600.147 ADD_TO_RESULTS_FILE[1] BLOCK.RECORDING_SEQUENCE.ADD_TO_RESULTS_FILE[1]
148600.199 SetValueAction 
148607.883 TRIAL_IMAGE BLOCK.RECORDING_SEQUENCE.TRIAL_IMAGE (BEGIN) 
148617.153 TRIAL_IMAGE BLOCK.RECORDING_SEQUENCE.TRIAL_IMAGE
149092.261 TIMER[2] BLOCK.RECORDING_SEQUENCE.TIMER[2]
149102.613 DISPLAY_SCREEN[1] BLOCK.RECORDING_SEQUENCE.DISPLAY_SCREEN[1] (BEGIN) 
149117.277 DISPLAY_SCREEN[1] BLOCK.RECORDING_SEQUENCE.DISPLAY_SCREEN[1]
151617.289 TIMER[1] BLOCK.RECORDING_SEQUENCE.TIMER[1]
151617.434 SET_BUTTON_PRESS BLOCK.RECORDING_SEQUENCE.SET_BUTTON_PRESS
151617.594 ADD_TO_RESULTS_FILE[1] BLOCK.RECORDING_SEQUENCE.ADD_TO_RESULTS_FILE[1]
151617.648 SetValueAction 
151625.265 TRIAL_IMAGE BLOCK.RECORDING_SEQUENCE.TRIAL_IMAGE (BEGIN) 
151634.611 TRIAL_IMAGE BLOCK.RECORDING_SEQUENCE.TRIAL_IMAGE
152109.726 TIMER[2] BLOCK.RECORDING_SEQUENCE.TIMER[2]
152119.613 DISPLAY_SCREEN[1] BLOCK.RECORDING_SEQUENCE.DISPLAY_SCREEN[1] (BEGIN) 
152134.749 DISPLAY_SCREEN[1] BLOCK.RECORDING_SEQUENCE.DISPLAY_SCREEN[1]
154634.819 TIMER[1] BLOCK.RECORDING_SEQUENCE.TIMER[1]
154634.962 SET_BUTTON_PRESS BLOCK.RECORDING_SEQUENCE.SET_BUTTON_PRESS
154635.105 ADD_TO_RESULTS_FILE[1] BLOCK.RECORDING_SEQUENCE.ADD_TO_RESULTS_FILE[1]
154635.161 SetValueAction 
154635.919 TRIAL_IMAGE BLOCK.RECORDING_SEQUENCE.TRIAL_IMAGE (BEGIN) 
154652.097 TRIAL_IMAGE BLOCK.RECORDING_SEQUENCE.TRIAL_IMAGE
155127.166 TIMER[2] BLOCK.RECORDING_SEQUENCE.TIMER[2]
155137.613 DISPLAY_SCREEN[1] BLOCK.RECORDING_SEQUENCE.DISPLAY_SCREEN[1] (BEGIN) 
155152.216 DISPLAY_SCREEN[1] BLOCK.RECORDING_SEQUENCE.DISPLAY_SCREEN[1]
157652.240 TIMER[1] BLOCK.RECORDING_SEQUENCE.TIMER[1]
157652.382 SET_BUTTON_PRESS BLOCK.RECORDING_SEQUENCE.SET_BUTTON_PRESS
157652.546 ADD_TO_RESULTS_FILE[1] BLOCK.RECORDING_SEQUENCE.ADD_TO_RESULTS_FILE[1]
157652.601 SetValueAction 
157653.337 TRIAL_IMAGE BLOCK.RECORDING_SEQUENCE.TRIAL_IMAGE (BEGIN) 
157669.562 TRIAL_IMAGE BLOCK.RECORDING_SEQUENCE.TRIAL_IMAGE
158144.618 TIMER[2] BLOCK.RECORDING_SEQUENCE.TIMER[2]
158154.612 DISPLAY_SCREEN[1] BLOCK.RECORDING_SEQUENCE.DISPLAY_SCREEN[1] (BEGIN) 
158169.690 DISPLAY_SCREEN[1] BLOCK.RECORDING_SEQUENCE.DISPLAY_SCREEN[1]
160669.729 TIMER[1] BLOCK.RECORDING_SEQUENCE.TIMER[1]
160669.867 SET_BUTTON_PRESS BLOCK.RECORDING_SEQUENCE.SET_BUTTON_PRESS
160670.009 ADD_TO_RESULTS_FILE[1] BLOCK.RECORDING_SEQUENCE.ADD_TO_RESULTS_FILE[1]
160670.061 SetValueAction 
160670.779 TRIAL_IMAGE BLOCK.RECORDING_SEQUENCE.TRIAL_IMAGE (BEGIN) 
160687.027 TRIAL_IMAGE BLOCK.RECORDING_SEQUENCE.TRIAL_IMAGE
161162.122 TIMER[2] BLOCK.RECORDING_SEQUENCE.TIMER[2]
161172.624 DISPLAY_SCREEN[1] BLOCK.RECORDING_SEQUENCE.DISPLAY_SCREEN[1] (BEGIN) 
161187.159 DISPLAY_SCREEN[1] BLOCK.RECORDING_SEQUENCE.DISPLAY_SCREEN[1]
163687.225 TIMER[1] BLOCK.RECORDING_SEQUENCE.TIMER[1]
163687.366 SET_BUTTON_PRESS BLOCK.RECORDING_SEQUENCE.SET_BUTTON_PRESS
163687.510 ADD_TO_RESULTS_FILE[1] BLOCK.RECORDING_SEQUENCE.ADD_TO_RESULTS_FILE[1]
163687.574 SetValueAction 
163696.206 TRIAL_IMAGE BLOCK.RECORDING_SEQUENCE.TRIAL_IMAGE (BEGIN) 
163704.489 TRIAL_IMAGE BLOCK.RECORDING_SEQUENCE.TRIAL_IMAGE
164179.635 TIMER[2] BLOCK.RECORDING_SEQUENCE.TIMER[2]
164189.624 DISPLAY_SCREEN[1] BLOCK.RECORDING_SEQUENCE.DISPLAY_SCREEN[1] (BEGIN) 
164204.636 DISPLAY_SCREEN[1] BLOCK.RECORDING_SEQUENCE.DISPLAY_SCREEN[1]
166704.645 TIMER[1] BLOCK.RECORDING_SEQUENCE.TIMER[1]
166704.783 SET_BUTTON_PRESS BLOCK.RECORDING_SEQUENCE.SET_BUTTON_PRESS
166704.925 ADD_TO_RESULTS_FILE[1] BLOCK.RECORDING_SEQUENCE.ADD_TO_RESULTS_FILE[1]
166704.978 SetValueAction 
166714.168 TRIAL_IMAGE BLOCK.RECORDING_SEQUENCE.TRIAL_IMAGE (BEGIN) 
166721.978 TRIAL_IMAGE BLOCK.RECORDING_SEQUENCE.TRIAL_IMAGE
167197.046 TIMER[2] BLOCK.RECORDING_SEQUENCE.TIMER[2]
167207.623 DISPLAY_SCREEN[1] BLOCK.RECORDING_SEQUENCE.DISPLAY_SCREEN[1] (BEGIN) 
167222.089 DISPLAY_SCREEN[1] BLOCK.RECORDING_SEQUENCE.DISPLAY_SCREEN[1]
169722.135 TIMER[1] BLOCK.RECORDING_SEQUENCE.TIMER[1]
169722.273 SET_BUTTON_PRESS BLOCK.RECORDING_SEQUENCE.SET_BUTTON_PRESS
169722.414 ADD_TO_RESULTS_FILE[1] BLOCK.RECORDING_SEQUENCE.ADD_TO_RESULTS_FILE[1]
169722.467 SetValueAction 
169729.979 TRIAL_IMAGE BLOCK.RECORDING_SEQUENCE.TRIAL_IMAGE (BEGIN) 
169739.418 TRIAL_IMAGE BLOCK.RECORDING_SEQUENCE.TRIAL_IMAGE
170214.498 TIMER[2] BLOCK.RECORDING_SEQUENCE.TIMER[2]
170224.652 DISPLAY_SCREEN[1] BLOCK.RECORDING_SEQUENCE.DISPLAY_SCREEN[1] (BEGIN) 
170239.565 DISPLAY_SCREEN[1] BLOCK.RECORDING_SEQUENCE.DISPLAY_SCREEN[1]
172739.586 TIMER[1] BLOCK.RECORDING_SEQUENCE.TIMER[1]
172739.765 SET_BUTTON_PRESS BLOCK.RECORDING_SEQUENCE.SET_BUTTON_PRESS
172739.906 ADD_TO_RESULTS_FILE[1] BLOCK.RECORDING_SEQUENCE.ADD_TO_RESULTS_FILE[1]
172739.959 SetValueAction 
172748.719 TRIAL_IMAGE BLOCK.RECORDING_SEQUENCE.TRIAL_IMAGE (BEGIN) 
172756.894 TRIAL_IMAGE BLOCK.RECORDING_SEQUENCE.TRIAL_IMAGE
173232.015 TIMER[2] BLOCK.RECORDING_SEQUENCE.TIMER[2]
173242.612 DISPLAY_SCREEN[1] BLOCK.RECORDING_SEQUENCE.DISPLAY_SCREEN[1] (BEGIN) 
173257.023 DISPLAY_SCREEN[1] BLOCK.RECORDING_SEQUENCE.DISPLAY_SCREEN[1]
175757.059 TIMER[1] BLOCK.RECORDING_SEQUENCE.TIMER[1]
175757.213 SET_BUTTON_PRESS BLOCK.RECORDING_SEQUENCE.SET_BUTTON_PRESS
175757.355 ADD_TO_RESULTS_FILE[1] BLOCK.RECORDING_SEQUENCE.ADD_TO_RESULTS_FILE[1]
175757.408 SetValueAction 
175758.130 TRIAL_IMAGE BLOCK.RECORDING_SEQUENCE.TRIAL_IMAGE (BEGIN) 
175774.362 TRIAL_IMAGE BLOCK.RECORDING_SEQUENCE.TRIAL_IMAGE
176249.500 TIMER[2] BLOCK.RECORDING_SEQUENCE.TIMER[2]
176259.612 DISPLAY_SCREEN[1] BLOCK.RECORDING_SEQUENCE.DISPLAY_SCREEN[1] (BEGIN) 
176274.496 DISPLAY_SCREEN[1] BLOCK.RECORDING_SEQUENCE.DISPLAY_SCREEN[1]
178774.532 TIMER[1] BLOCK.RECORDING_SEQUENCE.TIMER[1]
178774.672 SET_BUTTON_PRESS BLOCK.RECORDING_SEQUENCE.SET_BUTTON_PRESS
178774.834 ADD_TO_RESULTS_FILE[1] BLOCK.RECORDING_SEQUENCE.ADD_TO_RESULTS_FILE[1]
178774.888 SetValueAction 
178775.609 TRIAL_IMAGE BLOCK.RECORDING_SEQUENCE.TRIAL_IMAGE (BEGIN) 
178791.828 TRIAL_IMAGE BLOCK.RECORDING_SEQUENCE.TRIAL_IMAGE
179266.903 TIMER[2] BLOCK.RECORDING_SEQUENCE.TIMER[2]
179276.613 DISPLAY_SCREEN[1] BLOCK.RECORDING_SEQUENCE.DISPLAY_SCREEN[1] (BEGIN) 
179291.976 DISPLAY_SCREEN[1] BLOCK.RECORDING_SEQUENCE.DISPLAY_SCREEN[1]
181791.984 TIMER[1] BLOCK.RECORDING_SEQUENCE.TIMER[1]
181792.122 SET_BUTTON_PRESS BLOCK.RECORDING_SEQUENCE.SET_BUTTON_PRESS
181792.264 ADD_TO_RESULTS_FILE[1] BLOCK.RECORDING_SEQUENCE.ADD_TO_RESULTS_FILE[1]
181792.317 SetValueAction 
181799.309 TRIAL_IMAGE BLOCK.RECORDING_SEQUENCE.TRIAL_IMAGE (BEGIN) 
181809.294 TRIAL_IMAGE BLOCK.RECORDING_SEQUENCE.TRIAL_IMAGE
182284.390 TIMER[2] BLOCK.RECORDING_SEQUENCE.TIMER[2]
182294.612 DISPLAY_SCREEN[1] BLOCK.RECORDING_SEQUENCE.DISPLAY_SCREEN[1] (BEGIN) 
182309.440 DISPLAY_SCREEN[1] BLOCK.RECORDING_SEQUENCE.DISPLAY_SCREEN[1]
184809.457 TIMER[1] BLOCK.RECORDING_SEQUENCE.TIMER[1]
184809.594 SET_BUTTON_PRESS BLOCK.RECORDING_SEQUENCE.SET_BUTTON_PRESS
184809.736 ADD_TO_RESULTS_FILE[1] BLOCK.RECORDING_SEQUENCE.ADD_TO_RESULTS_FILE[1]
184809.810 SetValueAction 
184818.104 TRIAL_IMAGE BLOCK.RECORDING_SEQUENCE.TRIAL_IMAGE (BEGIN) 
184826.789 TRIAL_IMAGE BLOCK.RECORDING_SEQUENCE.TRIAL_IMAGE
185301.858 TIMER[2] BLOCK.RECORDING_SEQUENCE.TIMER[2]
185311.612 DISPLAY_SCREEN[1] BLOCK.RECORDING_SEQUENCE.DISPLAY_SCREEN[1] (BEGIN) 
185326.913 DISPLAY_SCREEN[1] BLOCK.RECORDING_SEQUENCE.DISPLAY_SCREEN[1]
187826.954 TIMER[1] BLOCK.RECORDING_SEQUENCE.TIMER[1]
187827.093 SET_BUTTON_PRESS BLOCK.RECORDING_SEQUENCE.SET_BUTTON_PRESS
187827.235 ADD_TO_RESULTS_FILE[1] BLOCK.RECORDING_SEQUENCE.ADD_TO_RESULTS_FILE[1]
187827.287 SetValueAction 
187828.008 TRIAL_IMAGE BLOCK.RECORDING_SEQUENCE.TRIAL_IMAGE (BEGIN) 
187844.241 TRIAL_IMAGE BLOCK.RECORDING_SEQUENCE.TRIAL_IMAGE
188319.321 TIMER[2] BLOCK.RECORDING_SEQUENCE.TIMER[2]
188329.614 DISPLAY_SCREEN[1] BLOCK.RECORDING_SEQUENCE.DISPLAY_SCREEN[1] (BEGIN) 
188344.367 DISPLAY_SCREEN[1] BLOCK.RECORDING_SEQUENCE.DISPLAY_SCREEN[1]
190844.375 TIMER[1] BLOCK.RECORDING_SEQUENCE.TIMER[1]
190844.516 SET_BUTTON_PRESS BLOCK.RECORDING_SEQUENCE.SET_BUTTON_PRESS
190844.657 ADD_TO_RESULTS_FILE[1] BLOCK.RECORDING_SEQUENCE.ADD_TO_RESULTS_FILE[1]
190844.709 SetValueAction 
190853.476 TRIAL_IMAGE BLOCK.RECORDING_SEQUENCE.TRIAL_IMAGE (BEGIN) 
190861.710 TRIAL_IMAGE BLOCK.RECORDING_SEQUENCE.TRIAL_IMAGE
191336.841 TIMER[2] BLOCK.RECORDING_SEQUENCE.TIMER[2]
191346.614 DISPLAY_SCREEN[1] BLOCK.RECORDING_SEQUENCE.DISPLAY_SCREEN[1] (BEGIN) 
191361.845 DISPLAY_SCREEN[1] BLOCK.RECORDING_SEQUENCE.DISPLAY_SCREEN[1]
193861.908 TIMER[1] BLOCK.RECORDING_SEQUENCE.TIMER[1]
193862.045 SET_BUTTON_PRESS BLOCK.RECORDING_SEQUENCE.SET_BUTTON_PRESS
193862.187 ADD_TO_RESULTS_FILE[1] BLOCK.RECORDING_SEQUENCE.ADD_TO_RESULTS_FILE[1]
193862.240 SetValueAction 
193870.798 TRIAL_IMAGE BLOCK.RECORDING_SEQUENCE.TRIAL_IMAGE (BEGIN) 
193879.180 TRIAL_IMAGE BLOCK.RECORDING_SEQUENCE.TRIAL_IMAGE
194354.291 TIMER[2] BLOCK.RECORDING_SEQUENCE.TIMER[2]
194364.613 DISPLAY_SCREEN[1] BLOCK.RECORDING_SEQUENCE.DISPLAY_SCREEN[1] (BEGIN) 
194379.303 DISPLAY_SCREEN[1] BLOCK.RECORDING_SEQUENCE.DISPLAY_SCREEN[1]
196879.337 TIMER[1] BLOCK.RECORDING_SEQUENCE.TIMER[1]
196879.475 SET_BUTTON_PRESS BLOCK.RECORDING_SEQUENCE.SET_BUTTON_PRESS
196879.615 ADD_TO_RESULTS_FILE[1] BLOCK.RECORDING_SEQUENCE.ADD_TO_RESULTS_FILE[1]
196879.668 SetValueAction 
196888.775 TRIAL_IMAGE BLOCK.RECORDING_SEQUENCE.TRIAL_IMAGE (BEGIN) 
196896.637 TRIAL_IMAGE BLOCK.RECORDING_SEQUENCE.TRIAL_IMAGE
197371.702 TIMER[2] BLOCK.RECORDING_SEQUENCE.TIMER[2]
197381.613 DISPLAY_SCREEN[1] BLOCK.RECORDING_SEQUENCE.DISPLAY_SCREEN[1] (BEGIN) 
197396.790 DISPLAY_SCREEN[1] BLOCK.RECORDING_SEQUENCE.DISPLAY_SCREEN[1]
199896.797 TIMER[1] BLOCK.RECORDING_SEQUENCE.TIMER[1]
199896.956 SET_BUTTON_PRESS BLOCK.RECORDING_SEQUENCE.SET_BUTTON_PRESS
199897.106 ADD_TO_RESULTS_FILE[1] BLOCK.RECORDING_SEQUENCE.ADD_TO_RESULTS_FILE[1]
199897.158 SetValueAction 
199905.699 TRIAL_IMAGE BLOCK.RECORDING_SEQUENCE.TRIAL_IMAGE (BEGIN) 
199914.114 TRIAL_IMAGE BLOCK.RECORDING_SEQUENCE.TRIAL_IMAGE
200389.172 TIMER[2] BLOCK.RECORDING_SEQUENCE.TIMER[2]
200399.613 DISPLAY_SCREEN[1] BLOCK.RECORDING_SEQUENCE.DISPLAY_SCREEN[1] (BEGIN) 
200414.247 DISPLAY_SCREEN[1] BLOCK.RECORDING_SEQUENCE.DISPLAY_SCREEN[1]
202914.321 TIMER[1] BLOCK.RECORDING_SEQUENCE.TIMER[1]
202914.459 SET_BUTTON_PRESS BLOCK.RECORDING_SEQUENCE.SET_BUTTON_PRESS
202914.601 ADD_TO_RESULTS_FILE[1] BLOCK.RECORDING_SEQUENCE.ADD_TO_RESULTS_FILE[1]
202914.657 SetValueAction 
202922.559 TRIAL_IMAGE BLOCK.RECORDING_SEQUENCE.TRIAL_IMAGE (BEGIN) 
202931.583 TRIAL_IMAGE BLOCK.RECORDING_SEQUENCE.TRIAL_IMAGE
203406.658 TIMER[2] BLOCK.RECORDING_SEQUENCE.TIMER[2]
203416.612 DISPLAY_SCREEN[1] BLOCK.RECORDING_SEQUENCE.DISPLAY_SCREEN[1] (BEGIN) 
203431.721 DISPLAY_SCREEN[1] BLOCK.RECORDING_SEQUENCE.DISPLAY_SCREEN[1]
205931.773 TIMER[1] BLOCK.RECORDING_SEQUENCE.TIMER[1]
205931.928 SET_BUTTON_PRESS BLOCK.RECORDING_SEQUENCE.SET_BUTTON_PRESS
205932.094 ADD_TO_RESULTS_FILE[1] BLOCK.RECORDING_SEQUENCE.ADD_TO_RESULTS_FILE[1]
205932.147 SetValueAction 
205940.519 TRIAL_IMAGE BLOCK.RECORDING_SEQUENCE.TRIAL_IMAGE (BEGIN) 
205949.050 TRIAL_IMAGE BLOCK.RECORDING_SEQUENCE.TRIAL_IMAGE
206424.153 TIMER[2] BLOCK.RECORDING_SEQUENCE.TIMER[2]
206434.613 DISPLAY_SCREEN[1] BLOCK.RECORDING_SEQUENCE.DISPLAY_SCREEN[1] (BEGIN) 
206449.188 DISPLAY_SCREEN[1] BLOCK.RECORDING_SEQUENCE.DISPLAY_SCREEN[1]
208949.210 TIMER[1] BLOCK.RECORDING_SEQUENCE.TIMER[1]
208949.349 SET_BUTTON_PRESS BLOCK.RECORDING_SEQUENCE.SET_BUTTON_PRESS
208949.491 ADD_TO_RESULTS_FILE[1] BLOCK.RECORDING_SEQUENCE.ADD_TO_RESULTS_FILE[1]
208949.543 SetValueAction 
208950.390 TRIAL_IMAGE BLOCK.RECORDING_SEQUENCE.TRIAL_IMAGE (BEGIN) 
208966.527 TRIAL_IMAGE BLOCK.RECORDING_SEQUENCE.TRIAL_IMAGE
209441.641 TIMER[2] BLOCK.RECORDING_SEQUENCE.TIMER[2]
209451.613 DISPLAY_SCREEN[1] BLOCK.RECORDING_SEQUENCE.DISPLAY_SCREEN[1] (BEGIN) 
209466.660 DISPLAY_SCREEN[1] BLOCK.RECORDING_SEQUENCE.DISPLAY_SCREEN[1]
211966.729 TIMER[1] BLOCK.RECORDING_SEQUENCE.TIMER[1]
211966.867 SET_BUTTON_PRESS BLOCK.RECORDING_SEQUENCE.SET_BUTTON_PRESS
211967.008 ADD_TO_RESULTS_FILE[1] BLOCK.RECORDING_SEQUENCE.ADD_TO_RESULTS_FILE[1]
211967.083 SetValueAction 
211975.442 TRIAL_IMAGE BLOCK.RECORDING_SEQUENCE.TRIAL_IMAGE (BEGIN) 
211983.987 TRIAL_IMAGE BLOCK.RECORDING_SEQUENCE.TRIAL_IMAGE
212459.055 TIMER[2] BLOCK.RECORDING_SEQUENCE.TIMER[2]
212469.613 DISPLAY_SCREEN[1] BLOCK.RECORDING_SEQUENCE.DISPLAY_SCREEN[1] (BEGIN) 
212484.128 DISPLAY_SCREEN[1] BLOCK.RECORDING_SEQUENCE.DISPLAY_SCREEN[1]
214984.131 TIMER[1] BLOCK.RECORDING_SEQUENCE.TIMER[1]
214984.291 SET_BUTTON_PRESS BLOCK.RECORDING_SEQUENCE.SET_BUTTON_PRESS
214984.435 ADD_TO_RESULTS_FILE[1] BLOCK.RECORDING_SEQUENCE.ADD_TO_RESULTS_FILE[1]
214984.486 SetValueAction 
214985.222 TRIAL_IMAGE BLOCK.RECORDING_SEQUENCE.TRIAL_IMAGE (BEGIN) 
215001.455 TRIAL_IMAGE BLOCK.RECORDING_SEQUENCE.TRIAL_IMAGE
215476.558 TIMER[2] BLOCK.RECORDING_SEQUENCE.TIMER[2]
215486.612 DISPLAY_SCREEN[1] BLOCK.RECORDING_SEQUENCE.DISPLAY_SCREEN[1] (BEGIN) 
215501.586 DISPLAY_SCREEN[1] BLOCK.RECORDING_SEQUENCE.DISPLAY_SCREEN[1]
218001.649 TIMER[1] BLOCK.RECORDING_SEQUENCE.TIMER[1]
218001.789 SET_BUTTON_PRESS BLOCK.RECORDING_SEQUENCE.SET_BUTTON_PRESS
218001.930 ADD_TO_RESULTS_FILE[1] BLOCK.RECORDING_SEQUENCE.ADD_TO_RESULTS_FILE[1]
218001.983 SetValueAction 
218009.756 TRIAL_IMAGE BLOCK.RECORDING_SEQUENCE.TRIAL_IMAGE (BEGIN) 
218018.928 TRIAL_IMAGE BLOCK.RECORDING_SEQUENCE.TRIAL_IMAGE
218494.030 TIMER[2] BLOCK.RECORDING_SEQUENCE.TIMER[2]
218504.613 DISPLAY_SCREEN[1] BLOCK.RECORDING_SEQUENCE.DISPLAY_SCREEN[1] (BEGIN) 
218519.068 DISPLAY_SCREEN[1] BLOCK.RECORDING_SEQUENCE.DISPLAY_SCREEN[1]
221019.125 TIMER[1] BLOCK.RECORDING_SEQUENCE.TIMER[1]
221019.284 SET_BUTTON_PRESS BLOCK.RECORDING_SEQUENCE.SET_BUTTON_PRESS
221019.426 ADD_TO_RESULTS_FILE[1] BLOCK.RECORDING_SEQUENCE.ADD_TO_RESULTS_FILE[1]
221019.480 SetValueAction 
221020.223 TRIAL_IMAGE BLOCK.RECORDING_SEQUENCE.TRIAL_IMAGE (BEGIN) 
221036.396 TRIAL_IMAGE BLOCK.RECORDING_SEQUENCE.TRIAL_IMAGE
221511.504 TIMER[2] BLOCK.RECORDING_SEQUENCE.TIMER[2]
221521.612 DISPLAY_SCREEN[1] BLOCK.RECORDING_SEQUENCE.DISPLAY_SCREEN[1] (BEGIN) 
221536.527 DISPLAY_SCREEN[1] BLOCK.RECORDING_SEQUENCE.DISPLAY_SCREEN[1]
224036.592 TIMER[1] BLOCK.RECORDING_SEQUENCE.TIMER[1]
224036.730 SET_BUTTON_PRESS BLOCK.RECORDING_SEQUENCE.SET_BUTTON_PRESS
224036.871 ADD_TO_RESULTS_FILE[1] BLOCK.RECORDING_SEQUENCE.ADD_TO_RESULTS_FILE[1]
224036.924 SetValueAction 
224037.613 TRIAL_IMAGE BLOCK.RECORDING_SEQUENCE.TRIAL_IMAGE (BEGIN) 
224053.862 TRIAL_IMAGE BLOCK.RECORDING_SEQUENCE.TRIAL_IMAGE
224529.007 TIMER[2] BLOCK.RECORDING_SEQUENCE.TIMER[2]
224538.612 DISPLAY_SCREEN[1] BLOCK.RECORDING_SEQUENCE.DISPLAY_SCREEN[1] (BEGIN) 
224554.002 DISPLAY_SCREEN[1] BLOCK.RECORDING_SEQUENCE.DISPLAY_SCREEN[1]
227054.006 TIMER[1] BLOCK.RECORDING_SEQUENCE.TIMER[1]
227054.150 SET_BUTTON_PRESS BLOCK.RECORDING_SEQUENCE.SET_BUTTON_PRESS
227054.311 ADD_TO_RESULTS_FILE[1] BLOCK.RECORDING_SEQUENCE.ADD_TO_RESULTS_FILE[1]
227054.364 SetValueAction 
227055.073 TRIAL_IMAGE BLOCK.RECORDING_SEQUENCE.TRIAL_IMAGE (BEGIN) 
227071.336 TRIAL_IMAGE BLOCK.RECORDING_SEQUENCE.TRIAL_IMAGE
227546.453 TIMER[2] BLOCK.RECORDING_SEQUENCE.TIMER[2]
227556.614 DISPLAY_SCREEN[1] BLOCK.RECORDING_SEQUENCE.DISPLAY_SCREEN[1] (BEGIN) 
227571.470 DISPLAY_SCREEN[1] BLOCK.RECORDING_SEQUENCE.DISPLAY_SCREEN[1]
230071.515 TIMER[1] BLOCK.RECORDING_SEQUENCE.TIMER[1]
230071.655 SET_BUTTON_PRESS BLOCK.RECORDING_SEQUENCE.SET_BUTTON_PRESS
230071.797 ADD_TO_RESULTS_FILE[1] BLOCK.RECORDING_SEQUENCE.ADD_TO_RESULTS_FILE[1]
230071.850 SetValueAction 
230072.610 TRIAL_IMAGE BLOCK.RECORDING_SEQUENCE.TRIAL_IMAGE (BEGIN) 
230088.796 TRIAL_IMAGE BLOCK.RECORDING_SEQUENCE.TRIAL_IMAGE
230563.897 TIMER[2] BLOCK.RECORDING_SEQUENCE.TIMER[2]
230573.613 DISPLAY_SCREEN[1] BLOCK.RECORDING_SEQUENCE.DISPLAY_SCREEN[1] (BEGIN) 
230588.943 DISPLAY_SCREEN[1] BLOCK.RECORDING_SEQUENCE.DISPLAY_SCREEN[1]
233088.968 TIMER[1] BLOCK.RECORDING_SEQUENCE.TIMER[1]
233089.123 SET_BUTTON_PRESS BLOCK.RECORDING_SEQUENCE.SET_BUTTON_PRESS
233089.284 ADD_TO_RESULTS_FILE[1] BLOCK.RECORDING_SEQUENCE.ADD_TO_RESULTS_FILE[1]
233089.337 SetValueAction 
233090.066 TRIAL_IMAGE BLOCK.RECORDING_SEQUENCE.TRIAL_IMAGE (BEGIN) 
233106.301 TRIAL_IMAGE BLOCK.RECORDING_SEQUENCE.TRIAL_IMAGE
233581.417 TIMER[2] BLOCK.RECORDING_SEQUENCE.TIMER[2]
233591.613 DISPLAY_SCREEN[1] BLOCK.RECORDING_SEQUENCE.DISPLAY_SCREEN[1] (BEGIN) 
233606.408 DISPLAY_SCREEN[1] BLOCK.RECORDING_SEQUENCE.DISPLAY_SCREEN[1]
236106.513 TIMER[1] BLOCK.RECORDING_SEQUENCE.TIMER[1]
236106.946 SET_BUTTON_PRESS BLOCK.RECORDING_SEQUENCE.SET_BUTTON_PRESS
236107.129 ADD_TO_RESULTS_FILE[1] BLOCK.RECORDING_SEQUENCE.ADD_TO_RESULTS_FILE[1]
236107.184 SetValueAction 
236115.874 TRIAL_IMAGE BLOCK.RECORDING_SEQUENCE.TRIAL_IMAGE (BEGIN) 
236123.739 TRIAL_IMAGE BLOCK.RECORDING_SEQUENCE.TRIAL_IMAGE
236598.800 TIMER[2] BLOCK.RECORDING_SEQUENCE.TIMER[2]
236608.613 DISPLAY_SCREEN[1] BLOCK.RECORDING_SEQUENCE.DISPLAY_SCREEN[1] (BEGIN) 
236623.878 DISPLAY_SCREEN[1] BLOCK.RECORDING_SEQUENCE.DISPLAY_SCREEN[1]
239123.902 TIMER[1] BLOCK.RECORDING_SEQUENCE.TIMER[1]
239124.039 SET_BUTTON_PRESS BLOCK.RECORDING_SEQUENCE.SET_BUTTON_PRESS
239124.180 ADD_TO_RESULTS_FILE[1] BLOCK.RECORDING_SEQUENCE.ADD_TO_RESULTS_FILE[1]
239124.233 SetValueAction 
239131.452 TRIAL_IMAGE BLOCK.RECORDING_SEQUENCE.TRIAL_IMAGE (BEGIN) 
239141.201 TRIAL_IMAGE BLOCK.RECORDING_SEQUENCE.TRIAL_IMAGE
239616.369 TIMER[2] BLOCK.RECORDING_SEQUENCE.TIMER[2]
239626.613 DISPLAY_SCREEN[1] BLOCK.RECORDING_SEQUENCE.DISPLAY_SCREEN[1] (BEGIN) 
239641.336 DISPLAY_SCREEN[1] BLOCK.RECORDING_SEQUENCE.DISPLAY_SCREEN[1]
242141.401 TIMER[1] BLOCK.RECORDING_SEQUENCE.TIMER[1]
242141.539 SET_BUTTON_PRESS BLOCK.RECORDING_SEQUENCE.SET_BUTTON_PRESS
242141.681 ADD_TO_RESULTS_FILE[1] BLOCK.RECORDING_SEQUENCE.ADD_TO_RESULTS_FILE[1]
242141.734 SetValueAction 
242150.008 TRIAL_IMAGE BLOCK.RECORDING_SEQUENCE.TRIAL_IMAGE (BEGIN) 
242158.671 TRIAL_IMAGE BLOCK.RECORDING_SEQUENCE.TRIAL_IMAGE
242633.785 TIMER[2] BLOCK.RECORDING_SEQUENCE.TIMER[2]
242643.613 DISPLAY_SCREEN[1] BLOCK.RECORDING_SEQUENCE.DISPLAY_SCREEN[1] (BEGIN) 
242658.808 DISPLAY_SCREEN[1] BLOCK.RECORDING_SEQUENCE.DISPLAY_SCREEN[1]
245158.819 TIMER[1] BLOCK.RECORDING_SEQUENCE.TIMER[1]
245158.962 SET_BUTTON_PRESS BLOCK.RECORDING_SEQUENCE.SET_BUTTON_PRESS
245159.107 ADD_TO_RESULTS_FILE[1] BLOCK.RECORDING_SEQUENCE.ADD_TO_RESULTS_FILE[1]
245159.160 SetValueAction 
245167.710 TRIAL_IMAGE BLOCK.RECORDING_SEQUENCE.TRIAL_IMAGE (BEGIN) 
245176.139 TRIAL_IMAGE BLOCK.RECORDING_SEQUENCE.TRIAL_IMAGE
245651.228 TIMER[2] BLOCK.RECORDING_SEQUENCE.TIMER[2]
245661.613 DISPLAY_SCREEN[1] BLOCK.RECORDING_SEQUENCE.DISPLAY_SCREEN[1] (BEGIN) 
245676.277 DISPLAY_SCREEN[1] BLOCK.RECORDING_SEQUENCE.DISPLAY_SCREEN[1]
248176.331 TIMER[1] BLOCK.RECORDING_SEQUENCE.TIMER[1]
248176.469 SET_BUTTON_PRESS BLOCK.RECORDING_SEQUENCE.SET_BUTTON_PRESS
248176.610 ADD_TO_RESULTS_FILE[1] BLOCK.RECORDING_SEQUENCE.ADD_TO_RESULTS_FILE[1]
248176.662 SetValueAction 
248184.233 TRIAL_IMAGE BLOCK.RECORDING_SEQUENCE.TRIAL_IMAGE (BEGIN) 
248193.608 TRIAL_IMAGE BLOCK.RECORDING_SEQUENCE.TRIAL_IMAGE
248668.695 TIMER[2] BLOCK.RECORDING_SEQUENCE.TIMER[2]
248678.612 DISPLAY_SCREEN[1] BLOCK.RECORDING_SEQUENCE.DISPLAY_SCREEN[1] (BEGIN) 
248693.748 DISPLAY_SCREEN[1] BLOCK.RECORDING_SEQUENCE.DISPLAY_SCREEN[1]
251193.773 TIMER[1] BLOCK.RECORDING_SEQUENCE.TIMER[1]
251193.910 SET_BUTTON_PRESS BLOCK.RECORDING_SEQUENCE.SET_BUTTON_PRESS
251194.050 ADD_TO_RESULTS_FILE[1] BLOCK.RECORDING_SEQUENCE.ADD_TO_RESULTS_FILE[1]
251194.103 SetValueAction 
251194.839 TRIAL_IMAGE BLOCK.RECORDING_SEQUENCE.TRIAL_IMAGE (BEGIN) 
251211.087 TRIAL_IMAGE BLOCK.RECORDING_SEQUENCE.TRIAL_IMAGE
251686.139 TIMER[2] BLOCK.RECORDING_SEQUENCE.TIMER[2]
251696.613 DISPLAY_SCREEN[1] BLOCK.RECORDING_SEQUENCE.DISPLAY_SCREEN[1] (BEGIN) 
251711.216 DISPLAY_SCREEN[1] BLOCK.RECORDING_SEQUENCE.DISPLAY_SCREEN[1]
254211.219 TIMER[1] BLOCK.RECORDING_SEQUENCE.TIMER[1]
254211.362 SET_BUTTON_PRESS BLOCK.RECORDING_SEQUENCE.SET_BUTTON_PRESS
254211.533 ADD_TO_RESULTS_FILE[1] BLOCK.RECORDING_SEQUENCE.ADD_TO_RESULTS_FILE[1]
254211.586 SetValueAction 
254220.139 TRIAL_IMAGE BLOCK.RECORDING_SEQUENCE.TRIAL_IMAGE (BEGIN) 
254228.553 TRIAL_IMAGE BLOCK.RECORDING_SEQUENCE.TRIAL_IMAGE
254703.630 TIMER[2] BLOCK.RECORDING_SEQUENCE.TIMER[2]
254713.612 DISPLAY_SCREEN[1] BLOCK.RECORDING_SEQUENCE.DISPLAY_SCREEN[1] (BEGIN) 
254728.689 DISPLAY_SCREEN[1] BLOCK.RECORDING_SEQUENCE.DISPLAY_SCREEN[1]
257228.705 TIMER[1] BLOCK.RECORDING_SEQUENCE.TIMER[1]
257228.843 SET_BUTTON_PRESS BLOCK.RECORDING_SEQUENCE.SET_BUTTON_PRESS
257228.984 ADD_TO_RESULTS_FILE[1] BLOCK.RECORDING_SEQUENCE.ADD_TO_RESULTS_FILE[1]
257229.037 SetValueAction 
257237.527 TRIAL_IMAGE BLOCK.RECORDING_SEQUENCE.TRIAL_IMAGE (BEGIN) 
257246.016 TRIAL_IMAGE BLOCK.RECORDING_SEQUENCE.TRIAL_IMAGE
257721.098 TIMER[2] BLOCK.RECORDING_SEQUENCE.TIMER[2]
257731.613 DISPLAY_SCREEN[1] BLOCK.RECORDING_SEQUENCE.DISPLAY_SCREEN[1] (BEGIN) 
257746.157 DISPLAY_SCREEN[1] BLOCK.RECORDING_SEQUENCE.DISPLAY_SCREEN[1]
260246.230 TIMER[1] BLOCK.RECORDING_SEQUENCE.TIMER[1]
260246.370 SET_BUTTON_PRESS BLOCK.RECORDING_SEQUENCE.SET_BUTTON_PRESS
260246.533 ADD_TO_RESULTS_FILE[1] BLOCK.RECORDING_SEQUENCE.ADD_TO_RESULTS_FILE[1]
260246.604 SetValueAction 
260254.886 TRIAL_IMAGE BLOCK.RECORDING_SEQUENCE.TRIAL_IMAGE (BEGIN) 
260263.480 TRIAL_IMAGE BLOCK.RECORDING_SEQUENCE.TRIAL_IMAGE
260738.639 TIMER[2] BLOCK.RECORDING_SEQUENCE.TIMER[2]
260748.614 DISPLAY_SCREEN[1] BLOCK.RECORDING_SEQUENCE.DISPLAY_SCREEN[1] (BEGIN) 
260763.626 DISPLAY_SCREEN[1] BLOCK.RECORDING_SEQUENCE.DISPLAY_SCREEN[1]
263263.659 TIMER[1] BLOCK.RECORDING_SEQUENCE.TIMER[1]
263263.798 SET_BUTTON_PRESS BLOCK.RECORDING_SEQUENCE.SET_BUTTON_PRESS
263263.955 ADD_TO_RESULTS_FILE[1] BLOCK.RECORDING_SEQUENCE.ADD_TO_RESULTS_FILE[1]
263264.007 SetValueAction 
263272.524 TRIAL_IMAGE BLOCK.RECORDING_SEQUENCE.TRIAL_IMAGE (BEGIN) 
263280.950 TRIAL_IMAGE BLOCK.RECORDING_SEQUENCE.TRIAL_IMAGE
263756.056 TIMER[2] BLOCK.RECORDING_SEQUENCE.TIMER[2]
263766.613 DISPLAY_SCREEN[1] BLOCK.RECORDING_SEQUENCE.DISPLAY_SCREEN[1] (BEGIN) 
263781.098 DISPLAY_SCREEN[1] BLOCK.RECORDING_SEQUENCE.DISPLAY_SCREEN[1]
266281.171 TIMER[1] BLOCK.RECORDING_SEQUENCE.TIMER[1]
266281.310 SET_BUTTON_PRESS BLOCK.RECORDING_SEQUENCE.SET_BUTTON_PRESS
266281.452 ADD_TO_RESULTS_FILE[1] BLOCK.RECORDING_SEQUENCE.ADD_TO_RESULTS_FILE[1]
266281.505 SetValueAction 
266290.040 TRIAL_IMAGE BLOCK.RECORDING_SEQUENCE.TRIAL_IMAGE (BEGIN) 
266298.425 TRIAL_IMAGE BLOCK.RECORDING_SEQUENCE.TRIAL_IMAGE
266773.509 TIMER[2] BLOCK.RECORDING_SEQUENCE.TIMER[2]
266783.626 DISPLAY_SCREEN[1] BLOCK.RECORDING_SEQUENCE.DISPLAY_SCREEN[1] (BEGIN) 
266798.561 DISPLAY_SCREEN[1] BLOCK.RECORDING_SEQUENCE.DISPLAY_SCREEN[1]
269298.632 TIMER[1] BLOCK.RECORDING_SEQUENCE.TIMER[1]
269298.775 SET_BUTTON_PRESS BLOCK.RECORDING_SEQUENCE.SET_BUTTON_PRESS
269298.917 ADD_TO_RESULTS_FILE[1] BLOCK.RECORDING_SEQUENCE.ADD_TO_RESULTS_FILE[1]
269298.969 SetValueAction 
269299.672 TRIAL_IMAGE BLOCK.RECORDING_SEQUENCE.TRIAL_IMAGE (BEGIN) 
269315.891 TRIAL_IMAGE BLOCK.RECORDING_SEQUENCE.TRIAL_IMAGE
269791.036 TIMER[2] BLOCK.RECORDING_SEQUENCE.TIMER[2]
269800.626 DISPLAY_SCREEN[1] BLOCK.RECORDING_SEQUENCE.DISPLAY_SCREEN[1] (BEGIN) 
269816.031 DISPLAY_SCREEN[1] BLOCK.RECORDING_SEQUENCE.DISPLAY_SCREEN[1]
272316.103 TIMER[1] BLOCK.RECORDING_SEQUENCE.TIMER[1]
272316.241 SET_BUTTON_PRESS BLOCK.RECORDING_SEQUENCE.SET_BUTTON_PRESS
272316.381 ADD_TO_RESULTS_FILE[1] BLOCK.RECORDING_SEQUENCE.ADD_TO_RESULTS_FILE[1]
272316.434 SetValueAction 
272317.162 TRIAL_IMAGE BLOCK.RECORDING_SEQUENCE.TRIAL_IMAGE (BEGIN) 
272333.367 TRIAL_IMAGE BLOCK.RECORDING_SEQUENCE.TRIAL_IMAGE
272808.443 TIMER[2] BLOCK.RECORDING_SEQUENCE.TIMER[2]
272818.614 DISPLAY_SCREEN[1] BLOCK.RECORDING_SEQUENCE.DISPLAY_SCREEN[1] (BEGIN) 
272833.500 DISPLAY_SCREEN[1] BLOCK.RECORDING_SEQUENCE.DISPLAY_SCREEN[1]
275333.550 TIMER[1] BLOCK.RECORDING_SEQUENCE.TIMER[1]
275333.748 SET_BUTTON_PRESS BLOCK.RECORDING_SEQUENCE.SET_BUTTON_PRESS
275333.970 ADD_TO_RESULTS_FILE[1] BLOCK.RECORDING_SEQUENCE.ADD_TO_RESULTS_FILE[1]
275334.027 SetValueAction 
275342.396 TRIAL_IMAGE BLOCK.RECORDING_SEQUENCE.TRIAL_IMAGE (BEGIN) 
275350.826 TRIAL_IMAGE BLOCK.RECORDING_SEQUENCE.TRIAL_IMAGE
275825.903 TIMER[2] BLOCK.RECORDING_SEQUENCE.TIMER[2]
275835.613 DISPLAY_SCREEN[1] BLOCK.RECORDING_SEQUENCE.DISPLAY_SCREEN[1] (BEGIN) 
275850.973 DISPLAY_SCREEN[1] BLOCK.RECORDING_SEQUENCE.DISPLAY_SCREEN[1]
278350.997 TIMER[1] BLOCK.RECORDING_SEQUENCE.TIMER[1]
278351.137 SET_BUTTON_PRESS BLOCK.RECORDING_SEQUENCE.SET_BUTTON_PRESS
278351.280 ADD_TO_RESULTS_FILE[1] BLOCK.RECORDING_SEQUENCE.ADD_TO_RESULTS_FILE[1]
278351.333 SetValueAction 
278352.084 TRIAL_IMAGE BLOCK.RECORDING_SEQUENCE.TRIAL_IMAGE (BEGIN) 
278368.301 TRIAL_IMAGE BLOCK.RECORDING_SEQUENCE.TRIAL_IMAGE
278843.419 TIMER[2] BLOCK.RECORDING_SEQUENCE.TIMER[2]
278853.613 DISPLAY_SCREEN[1] BLOCK.RECORDING_SEQUENCE.DISPLAY_SCREEN[1] (BEGIN) 
278868.436 DISPLAY_SCREEN[1] BLOCK.RECORDING_SEQUENCE.DISPLAY_SCREEN[1]
281368.450 TIMER[1] BLOCK.RECORDING_SEQUENCE.TIMER[1]
281368.589 SET_BUTTON_PRESS BLOCK.RECORDING_SEQUENCE.SET_BUTTON_PRESS
281368.779 ADD_TO_RESULTS_FILE[1] BLOCK.RECORDING_SEQUENCE.ADD_TO_RESULTS_FILE[1]
281368.833 SetValueAction 
281377.844 TRIAL_IMAGE BLOCK.RECORDING_SEQUENCE.TRIAL_IMAGE (BEGIN) 
281385.769 TRIAL_IMAGE BLOCK.RECORDING_SEQUENCE.TRIAL_IMAGE
281860.874 TIMER[2] BLOCK.RECORDING_SEQUENCE.TIMER[2]
281870.612 DISPLAY_SCREEN[1] BLOCK.RECORDING_SEQUENCE.DISPLAY_SCREEN[1] (BEGIN) 
281885.912 DISPLAY_SCREEN[1] BLOCK.RECORDING_SEQUENCE.DISPLAY_SCREEN[1]
284385.957 TIMER[1] BLOCK.RECORDING_SEQUENCE.TIMER[1]
284386.096 SET_BUTTON_PRESS BLOCK.RECORDING_SEQUENCE.SET_BUTTON_PRESS
284386.238 ADD_TO_RESULTS_FILE[1] BLOCK.RECORDING_SEQUENCE.ADD_TO_RESULTS_FILE[1]
284386.291 SetValueAction 
284393.580 TRIAL_IMAGE BLOCK.RECORDING_SEQUENCE.TRIAL_IMAGE (BEGIN) 
284403.238 TRIAL_IMAGE BLOCK.RECORDING_SEQUENCE.TRIAL_IMAGE
284878.354 TIMER[2] BLOCK.RECORDING_SEQUENCE.TIMER[2]
284888.624 DISPLAY_SCREEN[1] BLOCK.RECORDING_SEQUENCE.DISPLAY_SCREEN[1] (BEGIN) 
284903.367 DISPLAY_SCREEN[1] BLOCK.RECORDING_SEQUENCE.DISPLAY_SCREEN[1]
287403.374 TIMER[1] BLOCK.RECORDING_SEQUENCE.TIMER[1]
287403.534 SET_BUTTON_PRESS BLOCK.RECORDING_SEQUENCE.SET_BUTTON_PRESS
287403.677 ADD_TO_RESULTS_FILE[1] BLOCK.RECORDING_SEQUENCE.ADD_TO_RESULTS_FILE[1]
287403.735 SetValueAction 
287404.474 TRIAL_IMAGE BLOCK.RECORDING_SEQUENCE.TRIAL_IMAGE (BEGIN) 
287420.707 TRIAL_IMAGE BLOCK.RECORDING_SEQUENCE.TRIAL_IMAGE
287895.874 TIMER[2] BLOCK.RECORDING_SEQUENCE.TIMER[2]
287905.612 DISPLAY_SCREEN[1] BLOCK.RECORDING_SEQUENCE.DISPLAY_SCREEN[1] (BEGIN) 
287920.837 DISPLAY_SCREEN[1] BLOCK.RECORDING_SEQUENCE.DISPLAY_SCREEN[1]
290420.873 TIMER[1] BLOCK.RECORDING_SEQUENCE.TIMER[1]
290421.013 SET_BUTTON_PRESS BLOCK.RECORDING_SEQUENCE.SET_BUTTON_PRESS
290421.157 ADD_TO_RESULTS_FILE[1] BLOCK.RECORDING_SEQUENCE.ADD_TO_RESULTS_FILE[1]
290421.210 SetValueAction 
290430.608 TRIAL_IMAGE BLOCK.RECORDING_SEQUENCE.TRIAL_IMAGE (BEGIN) 
290438.174 TRIAL_IMAGE BLOCK.RECORDING_SEQUENCE.TRIAL_IMAGE
290913.221 TIMER[2] BLOCK.RECORDING_SEQUENCE.TIMER[2]
290923.612 DISPLAY_SCREEN[1] BLOCK.RECORDING_SEQUENCE.DISPLAY_SCREEN[1] (BEGIN) 
290938.303 DISPLAY_SCREEN[1] BLOCK.RECORDING_SEQUENCE.DISPLAY_SCREEN[1]
293438.352 TIMER[1] BLOCK.RECORDING_SEQUENCE.TIMER[1]
293438.490 SET_BUTTON_PRESS BLOCK.RECORDING_SEQUENCE.SET_BUTTON_PRESS
293438.632 ADD_TO_RESULTS_FILE[1] BLOCK.RECORDING_SEQUENCE.ADD_TO_RESULTS_FILE[1]
293438.685 SetValueAction 
293439.407 TRIAL_IMAGE BLOCK.RECORDING_SEQUENCE.TRIAL_IMAGE (BEGIN) 
293455.641 TRIAL_IMAGE BLOCK.RECORDING_SEQUENCE.TRIAL_IMAGE
293930.762 TIMER[2] BLOCK.RECORDING_SEQUENCE.TIMER[2]
293940.612 DISPLAY_SCREEN[1] BLOCK.RECORDING_SEQUENCE.DISPLAY_SCREEN[1] (BEGIN) 
293955.778 DISPLAY_SCREEN[1] BLOCK.RECORDING_SEQUENCE.DISPLAY_SCREEN[1]
296455.839 TIMER[1] BLOCK.RECORDING_SEQUENCE.TIMER[1]
296456.000 SET_BUTTON_PRESS BLOCK.RECORDING_SEQUENCE.SET_BUTTON_PRESS
296456.142 ADD_TO_RESULTS_FILE[1] BLOCK.RECORDING_SEQUENCE.ADD_TO_RESULTS_FILE[1]
296456.195 SetValueAction 
296465.025 TRIAL_IMAGE BLOCK.RECORDING_SEQUENCE.TRIAL_IMAGE (BEGIN) 
296473.114 TRIAL_IMAGE BLOCK.RECORDING_SEQUENCE.TRIAL_IMAGE
296948.169 TIMER[2] BLOCK.RECORDING_SEQUENCE.TIMER[2]
296958.633 DISPLAY_SCREEN[1] BLOCK.RECORDING_SEQUENCE.DISPLAY_SCREEN[1] (BEGIN) 
296973.283 DISPLAY_SCREEN[1] BLOCK.RECORDING_SEQUENCE.DISPLAY_SCREEN[1]
299473.316 TIMER[1] BLOCK.RECORDING_SEQUENCE.TIMER[1]
299473.456 SET_BUTTON_PRESS BLOCK.RECORDING_SEQUENCE.SET_BUTTON_PRESS
299473.597 ADD_TO_RESULTS_FILE[1] BLOCK.RECORDING_SEQUENCE.ADD_TO_RESULTS_FILE[1]
299473.650 SetValueAction 
299474.415 TRIAL_IMAGE BLOCK.RECORDING_SEQUENCE.TRIAL_IMAGE (BEGIN) 
299490.589 TRIAL_IMAGE BLOCK.RECORDING_SEQUENCE.TRIAL_IMAGE
299965.726 TIMER[2] BLOCK.RECORDING_SEQUENCE.TIMER[2]
299975.613 DISPLAY_SCREEN[1] BLOCK.RECORDING_SEQUENCE.DISPLAY_SCREEN[1] (BEGIN) 
299990.721 DISPLAY_SCREEN[1] BLOCK.RECORDING_SEQUENCE.DISPLAY_SCREEN[1]
302490.779 TIMER[1] BLOCK.RECORDING_SEQUENCE.TIMER[1]
302490.929 SET_BUTTON_PRESS BLOCK.RECORDING_SEQUENCE.SET_BUTTON_PRESS
302491.079 ADD_TO_RESULTS_FILE[1] BLOCK.RECORDING_SEQUENCE.ADD_TO_RESULTS_FILE[1]
302491.132 SetValueAction 
302491.866 TRIAL_IMAGE BLOCK.RECORDING_SEQUENCE.TRIAL_IMAGE (BEGIN) 
302508.054 TRIAL_IMAGE BLOCK.RECORDING_SEQUENCE.TRIAL_IMAGE
302983.159 TIMER[2] BLOCK.RECORDING_SEQUENCE.TIMER[2]
302993.613 DISPLAY_SCREEN[1] BLOCK.RECORDING_SEQUENCE.DISPLAY_SCREEN[1] (BEGIN) 
303008.188 DISPLAY_SCREEN[1] BLOCK.RECORDING_SEQUENCE.DISPLAY_SCREEN[1]
305508.192 TIMER[1] BLOCK.RECORDING_SEQUENCE.TIMER[1]
305508.334 SET_BUTTON_PRESS BLOCK.RECORDING_SEQUENCE.SET_BUTTON_PRESS
305508.476 ADD_TO_RESULTS_FILE[1] BLOCK.RECORDING_SEQUENCE.ADD_TO_RESULTS_FILE[1]
305508.528 SetValueAction 
305509.328 TRIAL_IMAGE BLOCK.RECORDING_SEQUENCE.TRIAL_IMAGE (BEGIN) 
305525.522 TRIAL_IMAGE BLOCK.RECORDING_SEQUENCE.TRIAL_IMAGE
306000.584 TIMER[2] BLOCK.RECORDING_SEQUENCE.TIMER[2]
306010.612 DISPLAY_SCREEN[1] BLOCK.RECORDING_SEQUENCE.DISPLAY_SCREEN[1] (BEGIN) 
306025.660 DISPLAY_SCREEN[1] BLOCK.RECORDING_SEQUENCE.DISPLAY_SCREEN[1]
308525.682 TIMER[1] BLOCK.RECORDING_SEQUENCE.TIMER[1]
308525.837 SET_BUTTON_PRESS BLOCK.RECORDING_SEQUENCE.SET_BUTTON_PRESS
308525.979 ADD_TO_RESULTS_FILE[1] BLOCK.RECORDING_SEQUENCE.ADD_TO_RESULTS_FILE[1]
308526.060 SetValueAction 
308535.548 TRIAL_IMAGE BLOCK.RECORDING_SEQUENCE.TRIAL_IMAGE (BEGIN) 
308542.998 TRIAL_IMAGE BLOCK.RECORDING_SEQUENCE.TRIAL_IMAGE
309018.107 TIMER[2] BLOCK.RECORDING_SEQUENCE.TIMER[2]
309028.612 DISPLAY_SCREEN[1] BLOCK.RECORDING_SEQUENCE.DISPLAY_SCREEN[1] (BEGIN) 
309043.127 DISPLAY_SCREEN[1] BLOCK.RECORDING_SEQUENCE.DISPLAY_SCREEN[1]
311543.172 TIMER[1] BLOCK.RECORDING_SEQUENCE.TIMER[1]
311543.311 SET_BUTTON_PRESS BLOCK.RECORDING_SEQUENCE.SET_BUTTON_PRESS
311543.452 ADD_TO_RESULTS_FILE[1] BLOCK.RECORDING_SEQUENCE.ADD_TO_RESULTS_FILE[1]
311543.504 SetValueAction 
311552.901 TRIAL_IMAGE BLOCK.RECORDING_SEQUENCE.TRIAL_IMAGE (BEGIN) 
311560.453 TRIAL_IMAGE BLOCK.RECORDING_SEQUENCE.TRIAL_IMAGE
312035.582 TIMER[2] BLOCK.RECORDING_SEQUENCE.TIMER[2]
312045.612 DISPLAY_SCREEN[1] BLOCK.RECORDING_SEQUENCE.DISPLAY_SCREEN[1] (BEGIN) 
312060.586 DISPLAY_SCREEN[1] BLOCK.RECORDING_SEQUENCE.DISPLAY_SCREEN[1]
314560.648 TIMER[1] BLOCK.RECORDING_SEQUENCE.TIMER[1]
314560.786 SET_BUTTON_PRESS BLOCK.RECORDING_SEQUENCE.SET_BUTTON_PRESS
314560.927 ADD_TO_RESULTS_FILE[1] BLOCK.RECORDING_SEQUENCE.ADD_TO_RESULTS_FILE[1]
314560.979 SetValueAction 
314568.850 TRIAL_IMAGE BLOCK.RECORDING_SEQUENCE.TRIAL_IMAGE (BEGIN) 
314577.935 TRIAL_IMAGE BLOCK.RECORDING_SEQUENCE.TRIAL_IMAGE
315053.061 TIMER[2] BLOCK.RECORDING_SEQUENCE.TIMER[2]
315063.613 DISPLAY_SCREEN[1] BLOCK.RECORDING_SEQUENCE.DISPLAY_SCREEN[1] (BEGIN) 
315078.064 DISPLAY_SCREEN[1] BLOCK.RECORDING_SEQUENCE.DISPLAY_SCREEN[1]
317578.100 TIMER[1] BLOCK.RECORDING_SEQUENCE.TIMER[1]
317578.254 SET_BUTTON_PRESS BLOCK.RECORDING_SEQUENCE.SET_BUTTON_PRESS
317578.396 ADD_TO_RESULTS_FILE[1] BLOCK.RECORDING_SEQUENCE.ADD_TO_RESULTS_FILE[1]
317578.449 SetValueAction 
317579.166 TRIAL_IMAGE BLOCK.RECORDING_SEQUENCE.TRIAL_IMAGE (BEGIN) 
317595.399 TRIAL_IMAGE BLOCK.RECORDING_SEQUENCE.TRIAL_IMAGE
318070.522 TIMER[2] BLOCK.RECORDING_SEQUENCE.TIMER[2]
318080.612 DISPLAY_SCREEN[1] BLOCK.RECORDING_SEQUENCE.DISPLAY_SCREEN[1] (BEGIN) 
318095.525 DISPLAY_SCREEN[1] BLOCK.RECORDING_SEQUENCE.DISPLAY_SCREEN[1]
320595.595 TIMER[1] BLOCK.RECORDING_SEQUENCE.TIMER[1]
320595.737 SET_BUTTON_PRESS BLOCK.RECORDING_SEQUENCE.SET_BUTTON_PRESS
320595.879 ADD_TO_RESULTS_FILE[1] BLOCK.RECORDING_SEQUENCE.ADD_TO_RESULTS_FILE[1]
320595.931 SetValueAction 
320596.680 TRIAL_IMAGE BLOCK.RECORDING_SEQUENCE.TRIAL_IMAGE (BEGIN) 
320612.875 TRIAL_IMAGE BLOCK.RECORDING_SEQUENCE.TRIAL_IMAGE
321088.005 TIMER[2] BLOCK.RECORDING_SEQUENCE.TIMER[2]
321097.613 DISPLAY_SCREEN[1] BLOCK.RECORDING_SEQUENCE.DISPLAY_SCREEN[1] (BEGIN) 
321113.011 DISPLAY_SCREEN[1] BLOCK.RECORDING_SEQUENCE.DISPLAY_SCREEN[1]
323613.001 TIMER[1] BLOCK.RECORDING_SEQUENCE.TIMER[1]
323613.184 SET_BUTTON_PRESS BLOCK.RECORDING_SEQUENCE.SET_BUTTON_PRESS
323613.326 ADD_TO_RESULTS_FILE[1] BLOCK.RECORDING_SEQUENCE.ADD_TO_RESULTS_FILE[1]
323613.379 SetValueAction 
323614.114 TRIAL_IMAGE BLOCK.RECORDING_SEQUENCE.TRIAL_IMAGE (BEGIN) 
323630.334 TRIAL_IMAGE BLOCK.RECORDING_SEQUENCE.TRIAL_IMAGE
324105.415 TIMER[2] BLOCK.RECORDING_SEQUENCE.TIMER[2]
324115.613 DISPLAY_SCREEN[1] BLOCK.RECORDING_SEQUENCE.DISPLAY_SCREEN[1] (BEGIN) 
324130.465 DISPLAY_SCREEN[1] BLOCK.RECORDING_SEQUENCE.DISPLAY_SCREEN[1]
326630.523 TIMER[1] BLOCK.RECORDING_SEQUENCE.TIMER[1]
326630.662 SET_BUTTON_PRESS BLOCK.RECORDING_SEQUENCE.SET_BUTTON_PRESS
326630.805 ADD_TO_RESULTS_FILE[1] BLOCK.RECORDING_SEQUENCE.ADD_TO_RESULTS_FILE[1]
326630.858 SetValueAction 
326639.354 TRIAL_IMAGE BLOCK.RECORDING_SEQUENCE.TRIAL_IMAGE (BEGIN) 
326647.796 TRIAL_IMAGE BLOCK.RECORDING_SEQUENCE.TRIAL_IMAGE
327122.857 TIMER[2] BLOCK.RECORDING_SEQUENCE.TIMER[2]
327132.613 DISPLAY_SCREEN[1] BLOCK.RECORDING_SEQUENCE.DISPLAY_SCREEN[1] (BEGIN) 
327147.952 DISPLAY_SCREEN[1] BLOCK.RECORDING_SEQUENCE.DISPLAY_SCREEN[1]
329648.005 TIMER[1] BLOCK.RECORDING_SEQUENCE.TIMER[1]
329648.144 SET_BUTTON_PRESS BLOCK.RECORDING_SEQUENCE.SET_BUTTON_PRESS
329648.304 ADD_TO_RESULTS_FILE[1] BLOCK.RECORDING_SEQUENCE.ADD_TO_RESULTS_FILE[1]
329648.356 SetValueAction 
329649.043 TRIAL_IMAGE BLOCK.RECORDING_SEQUENCE.TRIAL_IMAGE (BEGIN) 
329665.286 TRIAL_IMAGE BLOCK.RECORDING_SEQUENCE.TRIAL_IMAGE
330140.336 TIMER[2] BLOCK.RECORDING_SEQUENCE.TIMER[2]
330150.612 DISPLAY_SCREEN[1] BLOCK.RECORDING_SEQUENCE.DISPLAY_SCREEN[1] (BEGIN) 
330165.408 DISPLAY_SCREEN[1] BLOCK.RECORDING_SEQUENCE.DISPLAY_SCREEN[1]
332665.483 TIMER[1] BLOCK.RECORDING_SEQUENCE.TIMER[1]
332665.622 SET_BUTTON_PRESS BLOCK.RECORDING_SEQUENCE.SET_BUTTON_PRESS
332665.763 ADD_TO_RESULTS_FILE[1] BLOCK.RECORDING_SEQUENCE.ADD_TO_RESULTS_FILE[1]
332665.816 SetValueAction 
332666.594 TRIAL_IMAGE BLOCK.RECORDING_SEQUENCE.TRIAL_IMAGE (BEGIN) 
332682.738 TRIAL_IMAGE BLOCK.RECORDING_SEQUENCE.TRIAL_IMAGE
333157.830 TIMER[2] BLOCK.RECORDING_SEQUENCE.TIMER[2]
333167.625 DISPLAY_SCREEN[1] BLOCK.RECORDING_SEQUENCE.DISPLAY_SCREEN[1] (BEGIN) 
333182.871 DISPLAY_SCREEN[1] BLOCK.RECORDING_SEQUENCE.DISPLAY_SCREEN[1]
335682.941 TIMER[1] BLOCK.RECORDING_SEQUENCE.TIMER[1]
335683.082 SET_BUTTON_PRESS BLOCK.RECORDING_SEQUENCE.SET_BUTTON_PRESS
335683.251 ADD_TO_RESULTS_FILE[1] BLOCK.RECORDING_SEQUENCE.ADD_TO_RESULTS_FILE[1]
335683.314 SetValueAction 
335684.043 TRIAL_IMAGE BLOCK.RECORDING_SEQUENCE.TRIAL_IMAGE (BEGIN) 
335700.217 TRIAL_IMAGE BLOCK.RECORDING_SEQUENCE.TRIAL_IMAGE
336175.292 TIMER[2] BLOCK.RECORDING_SEQUENCE.TIMER[2]
336185.612 DISPLAY_SCREEN[1] BLOCK.RECORDING_SEQUENCE.DISPLAY_SCREEN[1] (BEGIN) 
336200.347 DISPLAY_SCREEN[1] BLOCK.RECORDING_SEQUENCE.DISPLAY_SCREEN[1]
338700.366 TIMER[1] BLOCK.RECORDING_SEQUENCE.TIMER[1]
338700.505 SET_BUTTON_PRESS BLOCK.RECORDING_SEQUENCE.SET_BUTTON_PRESS
338700.645 ADD_TO_RESULTS_FILE[1] BLOCK.RECORDING_SEQUENCE.ADD_TO_RESULTS_FILE[1]
338700.698 SetValueAction 
338701.443 TRIAL_IMAGE BLOCK.RECORDING_SEQUENCE.TRIAL_IMAGE (BEGIN) 
338717.673 TRIAL_IMAGE BLOCK.RECORDING_SEQUENCE.TRIAL_IMAGE
339192.777 TIMER[2] BLOCK.RECORDING_SEQUENCE.TIMER[2]
339202.612 DISPLAY_SCREEN[1] BLOCK.RECORDING_SEQUENCE.DISPLAY_SCREEN[1] (BEGIN) 
339217.808 DISPLAY_SCREEN[1] BLOCK.RECORDING_SEQUENCE.DISPLAY_SCREEN[1]
341717.815 TIMER[1] BLOCK.RECORDING_SEQUENCE.TIMER[1]
341717.959 SET_BUTTON_PRESS BLOCK.RECORDING_SEQUENCE.SET_BUTTON_PRESS
341718.101 ADD_TO_RESULTS_FILE[1] BLOCK.RECORDING_SEQUENCE.ADD_TO_RESULTS_FILE[1]
341718.153 SetValueAction 
341718.912 TRIAL_IMAGE BLOCK.RECORDING_SEQUENCE.TRIAL_IMAGE (BEGIN) 
341735.145 TRIAL_IMAGE BLOCK.RECORDING_SEQUENCE.TRIAL_IMAGE
342210.237 TIMER[2] BLOCK.RECORDING_SEQUENCE.TIMER[2]
342220.615 DISPLAY_SCREEN[1] BLOCK.RECORDING_SEQUENCE.DISPLAY_SCREEN[1] (BEGIN) 
342235.278 DISPLAY_SCREEN[1] BLOCK.RECORDING_SEQUENCE.DISPLAY_SCREEN[1]
344735.328 TIMER[1] BLOCK.RECORDING_SEQUENCE.TIMER[1]
344735.490 SET_BUTTON_PRESS BLOCK.RECORDING_SEQUENCE.SET_BUTTON_PRESS
344735.631 ADD_TO_RESULTS_FILE[1] BLOCK.RECORDING_SEQUENCE.ADD_TO_RESULTS_FILE[1]
344735.684 SetValueAction 
344736.431 TRIAL_IMAGE BLOCK.RECORDING_SEQUENCE.TRIAL_IMAGE (BEGIN) 
344752.618 TRIAL_IMAGE BLOCK.RECORDING_SEQUENCE.TRIAL_IMAGE
345227.738 TIMER[2] BLOCK.RECORDING_SEQUENCE.TIMER[2]
345237.613 DISPLAY_SCREEN[1] BLOCK.RECORDING_SEQUENCE.DISPLAY_SCREEN[1] (BEGIN) 
345252.750 DISPLAY_SCREEN[1] BLOCK.RECORDING_SEQUENCE.DISPLAY_SCREEN[1]
347752.778 TIMER[1] BLOCK.RECORDING_SEQUENCE.TIMER[1]
347752.916 SET_BUTTON_PRESS BLOCK.RECORDING_SEQUENCE.SET_BUTTON_PRESS
347753.058 ADD_TO_RESULTS_FILE[1] BLOCK.RECORDING_SEQUENCE.ADD_TO_RESULTS_FILE[1]
347753.111 SetValueAction 
347761.840 TRIAL_IMAGE BLOCK.RECORDING_SEQUENCE.TRIAL_IMAGE (BEGIN) 
347770.075 TRIAL_IMAGE BLOCK.RECORDING_SEQUENCE.TRIAL_IMAGE
348245.183 TIMER[2] BLOCK.RECORDING_SEQUENCE.TIMER[2]
348255.612 DISPLAY_SCREEN[1] BLOCK.RECORDING_SEQUENCE.DISPLAY_SCREEN[1] (BEGIN) 
348270.224 DISPLAY_SCREEN[1] BLOCK.RECORDING_SEQUENCE.DISPLAY_SCREEN[1]
350770.288 TIMER[1] BLOCK.RECORDING_SEQUENCE.TIMER[1]
350770.449 SET_BUTTON_PRESS BLOCK.RECORDING_SEQUENCE.SET_BUTTON_PRESS
350770.590 ADD_TO_RESULTS_FILE[1] BLOCK.RECORDING_SEQUENCE.ADD_TO_RESULTS_FILE[1]
350770.643 SetValueAction 
350771.360 TRIAL_IMAGE BLOCK.RECORDING_SEQUENCE.TRIAL_IMAGE (BEGIN) 
350787.548 TRIAL_IMAGE BLOCK.RECORDING_SEQUENCE.TRIAL_IMAGE
351262.627 TIMER[2] BLOCK.RECORDING_SEQUENCE.TIMER[2]
351272.613 DISPLAY_SCREEN[1] BLOCK.RECORDING_SEQUENCE.DISPLAY_SCREEN[1] (BEGIN) 
351287.690 DISPLAY_SCREEN[1] BLOCK.RECORDING_SEQUENCE.DISPLAY_SCREEN[1]
353787.719 TIMER[1] BLOCK.RECORDING_SEQUENCE.TIMER[1]
353787.857 SET_BUTTON_PRESS BLOCK.RECORDING_SEQUENCE.SET_BUTTON_PRESS
353787.998 ADD_TO_RESULTS_FILE[1] BLOCK.RECORDING_SEQUENCE.ADD_TO_RESULTS_FILE[1]
353788.050 SetValueAction 
353796.686 TRIAL_IMAGE BLOCK.RECORDING_SEQUENCE.TRIAL_IMAGE (BEGIN) 
353805.012 TRIAL_IMAGE BLOCK.RECORDING_SEQUENCE.TRIAL_IMAGE
354280.089 TIMER[2] BLOCK.RECORDING_SEQUENCE.TIMER[2]
354290.612 DISPLAY_SCREEN[1] BLOCK.RECORDING_SEQUENCE.DISPLAY_SCREEN[1] (BEGIN) 
354305.155 DISPLAY_SCREEN[1] BLOCK.RECORDING_SEQUENCE.DISPLAY_SCREEN[1]
356805.204 TIMER[1] BLOCK.RECORDING_SEQUENCE.TIMER[1]
356805.342 SET_BUTTON_PRESS BLOCK.RECORDING_SEQUENCE.SET_BUTTON_PRESS
356805.513 ADD_TO_RESULTS_FILE[1] BLOCK.RECORDING_SEQUENCE.ADD_TO_RESULTS_FILE[1]
356805.566 SetValueAction 
356806.307 TRIAL_IMAGE BLOCK.RECORDING_SEQUENCE.TRIAL_IMAGE (BEGIN) 
356822.494 TRIAL_IMAGE BLOCK.RECORDING_SEQUENCE.TRIAL_IMAGE
357297.551 TIMER[2] BLOCK.RECORDING_SEQUENCE.TIMER[2]
357307.613 DISPLAY_SCREEN[1] BLOCK.RECORDING_SEQUENCE.DISPLAY_SCREEN[1] (BEGIN) 
357322.624 DISPLAY_SCREEN[1] BLOCK.RECORDING_SEQUENCE.DISPLAY_SCREEN[1]
359822.635 TIMER[1] BLOCK.RECORDING_SEQUENCE.TIMER[1]
359822.775 SET_BUTTON_PRESS BLOCK.RECORDING_SEQUENCE.SET_BUTTON_PRESS
359822.917 ADD_TO_RESULTS_FILE[1] BLOCK.RECORDING_SEQUENCE.ADD_TO_RESULTS_FILE[1]
359822.969 SetValueAction 
359823.692 TRIAL_IMAGE BLOCK.RECORDING_SEQUENCE.TRIAL_IMAGE (BEGIN) 
359839.955 TRIAL_IMAGE BLOCK.RECORDING_SEQUENCE.TRIAL_IMAGE
360315.032 TIMER[2] BLOCK.RECORDING_SEQUENCE.TIMER[2]
360325.626 DISPLAY_SCREEN[1] BLOCK.RECORDING_SEQUENCE.DISPLAY_SCREEN[1] (BEGIN) 
360340.087 DISPLAY_SCREEN[1] BLOCK.RECORDING_SEQUENCE.DISPLAY_SCREEN[1]
362840.122 TIMER[1] BLOCK.RECORDING_SEQUENCE.TIMER[1]
362840.261 SET_BUTTON_PRESS BLOCK.RECORDING_SEQUENCE.SET_BUTTON_PRESS
362840.402 ADD_TO_RESULTS_FILE[1] BLOCK.RECORDING_SEQUENCE.ADD_TO_RESULTS_FILE[1]
362840.454 SetValueAction 
362849.264 TRIAL_IMAGE BLOCK.RECORDING_SEQUENCE.TRIAL_IMAGE (BEGIN) 
362857.429 TRIAL_IMAGE BLOCK.RECORDING_SEQUENCE.TRIAL_IMAGE
363332.559 TIMER[2] BLOCK.RECORDING_SEQUENCE.TIMER[2]
363342.613 DISPLAY_SCREEN[1] BLOCK.RECORDING_SEQUENCE.DISPLAY_SCREEN[1] (BEGIN) 
363357.566 DISPLAY_SCREEN[1] BLOCK.RECORDING_SEQUENCE.DISPLAY_SCREEN[1]
365857.674 TIMER[1] BLOCK.RECORDING_SEQUENCE.TIMER[1]
365857.851 SET_BUTTON_PRESS BLOCK.RECORDING_SEQUENCE.SET_BUTTON_PRESS
365857.992 ADD_TO_RESULTS_FILE[1] BLOCK.RECORDING_SEQUENCE.ADD_TO_RESULTS_FILE[1]
365858.045 SetValueAction 
365858.816 TRIAL_IMAGE BLOCK.RECORDING_SEQUENCE.TRIAL_IMAGE (BEGIN) 
365874.896 TRIAL_IMAGE BLOCK.RECORDING_SEQUENCE.TRIAL_IMAGE
366350.020 TIMER[2] BLOCK.RECORDING_SEQUENCE.TIMER[2]
366359.615 DISPLAY_SCREEN[1] BLOCK.RECORDING_SEQUENCE.DISPLAY_SCREEN[1] (BEGIN) 
366375.034 DISPLAY_SCREEN[1] BLOCK.RECORDING_SEQUENCE.DISPLAY_SCREEN[1]
368875.084 TIMER[1] BLOCK.RECORDING_SEQUENCE.TIMER[1]
368875.220 SET_BUTTON_PRESS BLOCK.RECORDING_SEQUENCE.SET_BUTTON_PRESS
368875.362 ADD_TO_RESULTS_FILE[1] BLOCK.RECORDING_SEQUENCE.ADD_TO_RESULTS_FILE[1]
368875.414 SetValueAction 
368876.276 TRIAL_IMAGE BLOCK.RECORDING_SEQUENCE.TRIAL_IMAGE (BEGIN) 
368892.363 TRIAL_IMAGE BLOCK.RECORDING_SEQUENCE.TRIAL_IMAGE
369367.407 TIMER[2] BLOCK.RECORDING_SEQUENCE.TIMER[2]
369377.630 DISPLAY_SCREEN[1] BLOCK.RECORDING_SEQUENCE.DISPLAY_SCREEN[1] (BEGIN) 
369392.500 DISPLAY_SCREEN[1] BLOCK.RECORDING_SEQUENCE.DISPLAY_SCREEN[1]
371892.560 TIMER[1] BLOCK.RECORDING_SEQUENCE.TIMER[1]
371892.699 SET_BUTTON_PRESS BLOCK.RECORDING_SEQUENCE.SET_BUTTON_PRESS
371892.841 ADD_TO_RESULTS_FILE[1] BLOCK.RECORDING_SEQUENCE.ADD_TO_RESULTS_FILE[1]
371892.894 SetValueAction 
371893.684 TRIAL_IMAGE BLOCK.RECORDING_SEQUENCE.TRIAL_IMAGE (BEGIN) 
371909.842 TRIAL_IMAGE BLOCK.RECORDING_SEQUENCE.TRIAL_IMAGE
372384.932 TIMER[2] BLOCK.RECORDING_SEQUENCE.TIMER[2]
372394.625 DISPLAY_SCREEN[1] BLOCK.RECORDING_SEQUENCE.DISPLAY_SCREEN[1] (BEGIN) 
372409.964 DISPLAY_SCREEN[1] BLOCK.RECORDING_SEQUENCE.DISPLAY_SCREEN[1]
374910.016 TIMER[1] BLOCK.RECORDING_SEQUENCE.TIMER[1]
374910.154 SET_BUTTON_PRESS BLOCK.RECORDING_SEQUENCE.SET_BUTTON_PRESS
374910.296 ADD_TO_RESULTS_FILE[1] BLOCK.RECORDING_SEQUENCE.ADD_TO_RESULTS_FILE[1]
374910.350 SetValueAction 
374911.127 TRIAL_IMAGE BLOCK.RECORDING_SEQUENCE.TRIAL_IMAGE (BEGIN) 
374927.299 TRIAL_IMAGE BLOCK.RECORDING_SEQUENCE.TRIAL_IMAGE
375402.357 TIMER[2] BLOCK.RECORDING_SEQUENCE.TIMER[2]
375412.627 DISPLAY_SCREEN[1] BLOCK.RECORDING_SEQUENCE.DISPLAY_SCREEN[1] (BEGIN) 
375427.430 DISPLAY_SCREEN[1] BLOCK.RECORDING_SEQUENCE.DISPLAY_SCREEN[1]
377927.487 TIMER[1] BLOCK.RECORDING_SEQUENCE.TIMER[1]
377927.626 SET_BUTTON_PRESS BLOCK.RECORDING_SEQUENCE.SET_BUTTON_PRESS
377927.768 ADD_TO_RESULTS_FILE[1] BLOCK.RECORDING_SEQUENCE.ADD_TO_RESULTS_FILE[1]
377927.820 SetValueAction 
377928.545 TRIAL_IMAGE BLOCK.RECORDING_SEQUENCE.TRIAL_IMAGE (BEGIN) 
377944.775 TRIAL_IMAGE BLOCK.RECORDING_SEQUENCE.TRIAL_IMAGE
378419.836 TIMER[2] BLOCK.RECORDING_SEQUENCE.TIMER[2]
378429.613 DISPLAY_SCREEN[1] BLOCK.RECORDING_SEQUENCE.DISPLAY_SCREEN[1] (BEGIN) 
378444.899 DISPLAY_SCREEN[1] BLOCK.RECORDING_SEQUENCE.DISPLAY_SCREEN[1]
380944.936 TIMER[1] BLOCK.RECORDING_SEQUENCE.TIMER[1]
380945.073 SET_BUTTON_PRESS BLOCK.RECORDING_SEQUENCE.SET_BUTTON_PRESS
380945.214 ADD_TO_RESULTS_FILE[1] BLOCK.RECORDING_SEQUENCE.ADD_TO_RESULTS_FILE[1]
380945.266 SetValueAction 
380945.520 TRIAL_IMAGE BLOCK.RECORDING_SEQUENCE.TRIAL_IMAGE (BEGIN) 
380962.237 TRIAL_IMAGE BLOCK.RECORDING_SEQUENCE.TRIAL_IMAGE
381437.294 TIMER[2] BLOCK.RECORDING_SEQUENCE.TIMER[2]
381447.613 DISPLAY_SCREEN[1] BLOCK.RECORDING_SEQUENCE.DISPLAY_SCREEN[1] (BEGIN) 
381462.377 DISPLAY_SCREEN[1] BLOCK.RECORDING_SEQUENCE.DISPLAY_SCREEN[1]
383962.398 TIMER[1] BLOCK.RECORDING_SEQUENCE.TIMER[1]
383962.556 SET_BUTTON_PRESS BLOCK.RECORDING_SEQUENCE.SET_BUTTON_PRESS
383962.701 ADD_TO_RESULTS_FILE[1] BLOCK.RECORDING_SEQUENCE.ADD_TO_RESULTS_FILE[1]
383962.754 SetValueAction 
383963.490 TRIAL_IMAGE BLOCK.RECORDING_SEQUENCE.TRIAL_IMAGE (BEGIN) 
383979.708 TRIAL_IMAGE BLOCK.RECORDING_SEQUENCE.TRIAL_IMAGE
384454.815 TIMER[2] BLOCK.RECORDING_SEQUENCE.TIMER[2]
384464.613 DISPLAY_SCREEN[1] BLOCK.RECORDING_SEQUENCE.DISPLAY_SCREEN[1] (BEGIN) 
384479.838 DISPLAY_SCREEN[1] BLOCK.RECORDING_SEQUENCE.DISPLAY_SCREEN[1]
386979.890 TIMER[1] BLOCK.RECORDING_SEQUENCE.TIMER[1]
386980.028 SET_BUTTON_PRESS BLOCK.RECORDING_SEQUENCE.SET_BUTTON_PRESS
386980.211 ADD_TO_RESULTS_FILE[1] BLOCK.RECORDING_SEQUENCE.ADD_TO_RESULTS_FILE[1]
386980.264 SetValueAction 
386981.021 TRIAL_IMAGE BLOCK.RECORDING_SEQUENCE.TRIAL_IMAGE (BEGIN) 
386997.187 TRIAL_IMAGE BLOCK.RECORDING_SEQUENCE.TRIAL_IMAGE
387472.252 TIMER[2] BLOCK.RECORDING_SEQUENCE.TIMER[2]
387482.612 DISPLAY_SCREEN[1] BLOCK.RECORDING_SEQUENCE.DISPLAY_SCREEN[1] (BEGIN) 
387497.304 DISPLAY_SCREEN[1] BLOCK.RECORDING_SEQUENCE.DISPLAY_SCREEN[1]
389997.341 TIMER[1] BLOCK.RECORDING_SEQUENCE.TIMER[1]
389997.478 SET_BUTTON_PRESS BLOCK.RECORDING_SEQUENCE.SET_BUTTON_PRESS
389997.636 ADD_TO_RESULTS_FILE[1] BLOCK.RECORDING_SEQUENCE.ADD_TO_RESULTS_FILE[1]
389997.689 SetValueAction 
389998.467 TRIAL_IMAGE BLOCK.RECORDING_SEQUENCE.TRIAL_IMAGE (BEGIN) 
390014.652 TRIAL_IMAGE BLOCK.RECORDING_SEQUENCE.TRIAL_IMAGE
390489.804 TIMER[2] BLOCK.RECORDING_SEQUENCE.TIMER[2]
390499.614 DISPLAY_SCREEN[1] BLOCK.RECORDING_SEQUENCE.DISPLAY_SCREEN[1] (BEGIN) 
390514.791 DISPLAY_SCREEN[1] BLOCK.RECORDING_SEQUENCE.DISPLAY_SCREEN[1]
393014.860 TIMER[1] BLOCK.RECORDING_SEQUENCE.TIMER[1]
393015.012 SET_BUTTON_PRESS BLOCK.RECORDING_SEQUENCE.SET_BUTTON_PRESS
393015.153 ADD_TO_RESULTS_FILE[1] BLOCK.RECORDING_SEQUENCE.ADD_TO_RESULTS_FILE[1]
393015.205 SetValueAction 
393023.900 TRIAL_IMAGE BLOCK.RECORDING_SEQUENCE.TRIAL_IMAGE (BEGIN) 
393032.102 TRIAL_IMAGE BLOCK.RECORDING_SEQUENCE.TRIAL_IMAGE
393507.221 TIMER[2] BLOCK.RECORDING_SEQUENCE.TIMER[2]
393517.613 DISPLAY_SCREEN[1] BLOCK.RECORDING_SEQUENCE.DISPLAY_SCREEN[1] (BEGIN) 
393532.248 DISPLAY_SCREEN[1] BLOCK.RECORDING_SEQUENCE.DISPLAY_SCREEN[1]
396032.247 TIMER[1] BLOCK.RECORDING_SEQUENCE.TIMER[1]
396032.391 SET_BUTTON_PRESS BLOCK.RECORDING_SEQUENCE.SET_BUTTON_PRESS
396032.533 ADD_TO_RESULTS_FILE[1] BLOCK.RECORDING_SEQUENCE.ADD_TO_RESULTS_FILE[1]
396032.586 SetValueAction 
396033.335 TRIAL_IMAGE BLOCK.RECORDING_SEQUENCE.TRIAL_IMAGE (BEGIN) 
396049.583 TRIAL_IMAGE BLOCK.RECORDING_SEQUENCE.TRIAL_IMAGE
396524.722 TIMER[2] BLOCK.RECORDING_SEQUENCE.TIMER[2]
396534.614 DISPLAY_SCREEN[1] BLOCK.RECORDING_SEQUENCE.DISPLAY_SCREEN[1] (BEGIN) 
396549.723 DISPLAY_SCREEN[1] BLOCK.RECORDING_SEQUENCE.DISPLAY_SCREEN[1]
399049.803 TIMER[1] BLOCK.RECORDING_SEQUENCE.TIMER[1]
399049.976 SET_BUTTON_PRESS BLOCK.RECORDING_SEQUENCE.SET_BUTTON_PRESS
399050.120 ADD_TO_RESULTS_FILE[1] BLOCK.RECORDING_SEQUENCE.ADD_TO_RESULTS_FILE[1]
399050.174 SetValueAction 
399050.962 TRIAL_IMAGE BLOCK.RECORDING_SEQUENCE.TRIAL_IMAGE (BEGIN) 
399067.051 TRIAL_IMAGE BLOCK.RECORDING_SEQUENCE.TRIAL_IMAGE
399542.145 TIMER[2] BLOCK.RECORDING_SEQUENCE.TIMER[2]
399552.613 DISPLAY_SCREEN[1] BLOCK.RECORDING_SEQUENCE.DISPLAY_SCREEN[1] (BEGIN) 
399567.190 DISPLAY_SCREEN[1] BLOCK.RECORDING_SEQUENCE.DISPLAY_SCREEN[1]
402067.257 TIMER[1] BLOCK.RECORDING_SEQUENCE.TIMER[1]
402067.399 SET_BUTTON_PRESS BLOCK.RECORDING_SEQUENCE.SET_BUTTON_PRESS
402067.544 ADD_TO_RESULTS_FILE[1] BLOCK.RECORDING_SEQUENCE.ADD_TO_RESULTS_FILE[1]
402067.596 SetValueAction 
402076.253 TRIAL_IMAGE BLOCK.RECORDING_SEQUENCE.TRIAL_IMAGE (BEGIN) 
402084.519 TRIAL_IMAGE BLOCK.RECORDING_SEQUENCE.TRIAL_IMAGE
402559.562 TIMER[2] BLOCK.RECORDING_SEQUENCE.TIMER[2]
402569.616 DISPLAY_SCREEN[1] BLOCK.RECORDING_SEQUENCE.DISPLAY_SCREEN[1] (BEGIN) 
402584.656 DISPLAY_SCREEN[1] BLOCK.RECORDING_SEQUENCE.DISPLAY_SCREEN[1]
405084.690 TIMER[1] BLOCK.RECORDING_SEQUENCE.TIMER[1]
405084.846 SET_BUTTON_PRESS BLOCK.RECORDING_SEQUENCE.SET_BUTTON_PRESS
405085.010 ADD_TO_RESULTS_FILE[1] BLOCK.RECORDING_SEQUENCE.ADD_TO_RESULTS_FILE[1]
405085.064 SetValueAction 
405085.807 TRIAL_IMAGE BLOCK.RECORDING_SEQUENCE.TRIAL_IMAGE (BEGIN) 
405101.993 TRIAL_IMAGE BLOCK.RECORDING_SEQUENCE.TRIAL_IMAGE
405577.071 TIMER[2] BLOCK.RECORDING_SEQUENCE.TIMER[2]
405587.613 DISPLAY_SCREEN[1] BLOCK.RECORDING_SEQUENCE.DISPLAY_SCREEN[1] (BEGIN) 
405602.127 DISPLAY_SCREEN[1] BLOCK.RECORDING_SEQUENCE.DISPLAY_SCREEN[1]
408102.139 TIMER[1] BLOCK.RECORDING_SEQUENCE.TIMER[1]
408102.277 SET_BUTTON_PRESS BLOCK.RECORDING_SEQUENCE.SET_BUTTON_PRESS
408102.418 ADD_TO_RESULTS_FILE[1] BLOCK.RECORDING_SEQUENCE.ADD_TO_RESULTS_FILE[1]
408102.470 SetValueAction 
408103.227 TRIAL_IMAGE BLOCK.RECORDING_SEQUENCE.TRIAL_IMAGE (BEGIN) 
408119.459 TRIAL_IMAGE BLOCK.RECORDING_SEQUENCE.TRIAL_IMAGE
408594.512 TIMER[2] BLOCK.RECORDING_SEQUENCE.TIMER[2]
408604.613 DISPLAY_SCREEN[1] BLOCK.RECORDING_SEQUENCE.DISPLAY_SCREEN[1] (BEGIN) 
408619.588 DISPLAY_SCREEN[1] BLOCK.RECORDING_SEQUENCE.DISPLAY_SCREEN[1]
411119.605 TIMER[1] BLOCK.RECORDING_SEQUENCE.TIMER[1]
411119.742 SET_BUTTON_PRESS BLOCK.RECORDING_SEQUENCE.SET_BUTTON_PRESS
411119.899 ADD_TO_RESULTS_FILE[1] BLOCK.RECORDING_SEQUENCE.ADD_TO_RESULTS_FILE[1]
411119.951 SetValueAction 
411120.742 TRIAL_IMAGE BLOCK.RECORDING_SEQUENCE.TRIAL_IMAGE (BEGIN) 
411136.928 TRIAL_IMAGE BLOCK.RECORDING_SEQUENCE.TRIAL_IMAGE
411612.088 TIMER[2] BLOCK.RECORDING_SEQUENCE.TIMER[2]
411622.612 DISPLAY_SCREEN[1] BLOCK.RECORDING_SEQUENCE.DISPLAY_SCREEN[1] (BEGIN) 
411637.067 DISPLAY_SCREEN[1] BLOCK.RECORDING_SEQUENCE.DISPLAY_SCREEN[1]
414137.121 TIMER[1] BLOCK.RECORDING_SEQUENCE.TIMER[1]
414137.259 SET_BUTTON_PRESS BLOCK.RECORDING_SEQUENCE.SET_BUTTON_PRESS
414137.400 ADD_TO_RESULTS_FILE[1] BLOCK.RECORDING_SEQUENCE.ADD_TO_RESULTS_FILE[1]
414137.454 SetValueAction 
414146.388 TRIAL_IMAGE BLOCK.RECORDING_SEQUENCE.TRIAL_IMAGE (BEGIN) 
414154.387 TRIAL_IMAGE BLOCK.RECORDING_SEQUENCE.TRIAL_IMAGE
414629.490 TIMER[2] BLOCK.RECORDING_SEQUENCE.TIMER[2]
414639.613 DISPLAY_SCREEN[1] BLOCK.RECORDING_SEQUENCE.DISPLAY_SCREEN[1] (BEGIN) 
414654.528 DISPLAY_SCREEN[1] BLOCK.RECORDING_SEQUENCE.DISPLAY_SCREEN[1]
417154.555 TIMER[1] BLOCK.RECORDING_SEQUENCE.TIMER[1]
417154.698 SET_BUTTON_PRESS BLOCK.RECORDING_SEQUENCE.SET_BUTTON_PRESS
417154.841 ADD_TO_RESULTS_FILE[1] BLOCK.RECORDING_SEQUENCE.ADD_TO_RESULTS_FILE[1]
417154.897 SetValueAction 
417155.618 TRIAL_IMAGE BLOCK.RECORDING_SEQUENCE.TRIAL_IMAGE (BEGIN) 
417171.866 TRIAL_IMAGE BLOCK.RECORDING_SEQUENCE.TRIAL_IMAGE
417646.923 TIMER[2] BLOCK.RECORDING_SEQUENCE.TIMER[2]
417656.613 DISPLAY_SCREEN[1] BLOCK.RECORDING_SEQUENCE.DISPLAY_SCREEN[1] (BEGIN) 
417672.012 DISPLAY_SCREEN[1] BLOCK.RECORDING_SEQUENCE.DISPLAY_SCREEN[1]
420172.049 TIMER[1] BLOCK.RECORDING_SEQUENCE.TIMER[1]
420172.209 SET_BUTTON_PRESS BLOCK.RECORDING_SEQUENCE.SET_BUTTON_PRESS
420172.352 ADD_TO_RESULTS_FILE[1] BLOCK.RECORDING_SEQUENCE.ADD_TO_RESULTS_FILE[1]
420174.881 DISPLAY_SCREEN BLOCK.DISPLAY_SCREEN (BEGIN) 
420189.330 DISPLAY_SCREEN BLOCK.DISPLAY_SCREEN
490247.695 KEYBOARD BLOCK.KEYBOARD
490253.807 GOODBYE_SCREEN GOODBYE_SCREEN (BEGIN) 
490257.946 GOODBYE_SCREEN GOODBYE_SCREEN
492799.829 KEYBOARD[1] KEYBOARD[1]
el_logger: Quit logger.
******** END OF THE LOG FILE ********
