4530.097 ********************************************************
4530.184 ** Session beginning Monday February 10, 2020 01:47:15 AM **
4530.195 ** ExperimentBuilder Project : 23255_P64 **
4530.203 ** ExperimentBuilder Version : 2.1.140 **
4530.212 ** ExperimentBuilder Build   : Nov 10 2017 **
4530.219 ********************************************************
5169.910 WELCOME_SCREEN WELCOME_SCREEN (BEGIN) 
5176.091 WELCOME_SCREEN WELCOME_SCREEN
57339.802 KEYBOARD KEYBOARD
57726.998 PREPARE_SEQUENCE BLOCK.PREPARE_SEQUENCE
57727.291 SetValueAction 
57740.620 TRIAL_IMAGE BLOCK.RECORDING_SEQUENCE.TRIAL_IMAGE (BEGIN) 
57755.098 TRIAL_IMAGE BLOCK.RECORDING_SEQUENCE.TRIAL_IMAGE
58230.205 TIMER[2] BLOCK.RECORDING_SEQUENCE.TIMER[2]
58240.617 DISPLAY_SCREEN[1] BLOCK.RECORDING_SEQUENCE.DISPLAY_SCREEN[1] (BEGIN) 
58255.223 DISPLAY_SCREEN[1] BLOCK.RECORDING_SEQUENCE.DISPLAY_SCREEN[1]
60755.288 TIMER[1] BLOCK.RECORDING_SEQUENCE.TIMER[1]
60755.428 SET_BUTTON_PRESS BLOCK.RECORDING_SEQUENCE.SET_BUTTON_PRESS
60755.571 ADD_TO_RESULTS_FILE[1] BLOCK.RECORDING_SEQUENCE.ADD_TO_RESULTS_FILE[1]
60755.624 SetValueAction 
60767.038 TRIAL_IMAGE BLOCK.RECORDING_SEQUENCE.TRIAL_IMAGE (BEGIN) 
60772.465 TRIAL_IMAGE BLOCK.RECORDING_SEQUENCE.TRIAL_IMAGE
61247.568 TIMER[2] BLOCK.RECORDING_SEQUENCE.TIMER[2]
61257.615 DISPLAY_SCREEN[1] BLOCK.RECORDING_SEQUENCE.DISPLAY_SCREEN[1] (BEGIN) 
61272.590 DISPLAY_SCREEN[1] BLOCK.RECORDING_SEQUENCE.DISPLAY_SCREEN[1]
63772.625 TIMER[1] BLOCK.RECORDING_SEQUENCE.TIMER[1]
63772.785 SET_BUTTON_PRESS BLOCK.RECORDING_SEQUENCE.SET_BUTTON_PRESS
63772.927 ADD_TO_RESULTS_FILE[1] BLOCK.RECORDING_SEQUENCE.ADD_TO_RESULTS_FILE[1]
63772.980 SetValueAction 
63782.501 TRIAL_IMAGE BLOCK.RECORDING_SEQUENCE.TRIAL_IMAGE (BEGIN) 
63789.837 TRIAL_IMAGE BLOCK.RECORDING_SEQUENCE.TRIAL_IMAGE
64264.895 TIMER[2] BLOCK.RECORDING_SEQUENCE.TIMER[2]
64274.615 DISPLAY_SCREEN[1] BLOCK.RECORDING_SEQUENCE.DISPLAY_SCREEN[1] (BEGIN) 
64289.968 DISPLAY_SCREEN[1] BLOCK.RECORDING_SEQUENCE.DISPLAY_SCREEN[1]
66789.980 TIMER[1] BLOCK.RECORDING_SEQUENCE.TIMER[1]
66790.118 SET_BUTTON_PRESS BLOCK.RECORDING_SEQUENCE.SET_BUTTON_PRESS
66790.260 ADD_TO_RESULTS_FILE[1] BLOCK.RECORDING_SEQUENCE.ADD_TO_RESULTS_FILE[1]
66790.313 SetValueAction 
66800.624 TRIAL_IMAGE BLOCK.RECORDING_SEQUENCE.TRIAL_IMAGE (BEGIN) 
66807.213 TRIAL_IMAGE BLOCK.RECORDING_SEQUENCE.TRIAL_IMAGE
67282.281 TIMER[2] BLOCK.RECORDING_SEQUENCE.TIMER[2]
67292.615 DISPLAY_SCREEN[1] BLOCK.RECORDING_SEQUENCE.DISPLAY_SCREEN[1] (BEGIN) 
67307.336 DISPLAY_SCREEN[1] BLOCK.RECORDING_SEQUENCE.DISPLAY_SCREEN[1]
69807.336 TIMER[1] BLOCK.RECORDING_SEQUENCE.TIMER[1]
69807.475 SET_BUTTON_PRESS BLOCK.RECORDING_SEQUENCE.SET_BUTTON_PRESS
69807.655 ADD_TO_RESULTS_FILE[1] BLOCK.RECORDING_SEQUENCE.ADD_TO_RESULTS_FILE[1]
69807.708 SetValueAction 
69817.444 TRIAL_IMAGE BLOCK.RECORDING_SEQUENCE.TRIAL_IMAGE (BEGIN) 
69824.613 TRIAL_IMAGE BLOCK.RECORDING_SEQUENCE.TRIAL_IMAGE
70299.689 TIMER[2] BLOCK.RECORDING_SEQUENCE.TIMER[2]
70309.622 DISPLAY_SCREEN[1] BLOCK.RECORDING_SEQUENCE.DISPLAY_SCREEN[1] (BEGIN) 
70324.714 DISPLAY_SCREEN[1] BLOCK.RECORDING_SEQUENCE.DISPLAY_SCREEN[1]
72824.773 TIMER[1] BLOCK.RECORDING_SEQUENCE.TIMER[1]
72824.911 SET_BUTTON_PRESS BLOCK.RECORDING_SEQUENCE.SET_BUTTON_PRESS
72825.053 ADD_TO_RESULTS_FILE[1] BLOCK.RECORDING_SEQUENCE.ADD_TO_RESULTS_FILE[1]
72825.105 SetValueAction 
72835.227 TRIAL_IMAGE BLOCK.RECORDING_SEQUENCE.TRIAL_IMAGE (BEGIN) 
72841.965 TRIAL_IMAGE BLOCK.RECORDING_SEQUENCE.TRIAL_IMAGE
73317.050 TIMER[2] BLOCK.RECORDING_SEQUENCE.TIMER[2]
73327.614 DISPLAY_SCREEN[1] BLOCK.RECORDING_SEQUENCE.DISPLAY_SCREEN[1] (BEGIN) 
73342.100 DISPLAY_SCREEN[1] BLOCK.RECORDING_SEQUENCE.DISPLAY_SCREEN[1]
75842.115 TIMER[1] BLOCK.RECORDING_SEQUENCE.TIMER[1]
75842.252 SET_BUTTON_PRESS BLOCK.RECORDING_SEQUENCE.SET_BUTTON_PRESS
75842.394 ADD_TO_RESULTS_FILE[1] BLOCK.RECORDING_SEQUENCE.ADD_TO_RESULTS_FILE[1]
75842.446 SetValueAction 
75852.456 TRIAL_IMAGE BLOCK.RECORDING_SEQUENCE.TRIAL_IMAGE (BEGIN) 
75859.341 TRIAL_IMAGE BLOCK.RECORDING_SEQUENCE.TRIAL_IMAGE
76334.441 TIMER[2] BLOCK.RECORDING_SEQUENCE.TIMER[2]
76344.614 DISPLAY_SCREEN[1] BLOCK.RECORDING_SEQUENCE.DISPLAY_SCREEN[1] (BEGIN) 
76359.469 DISPLAY_SCREEN[1] BLOCK.RECORDING_SEQUENCE.DISPLAY_SCREEN[1]
78859.503 TIMER[1] BLOCK.RECORDING_SEQUENCE.TIMER[1]
78859.642 SET_BUTTON_PRESS BLOCK.RECORDING_SEQUENCE.SET_BUTTON_PRESS
78859.785 ADD_TO_RESULTS_FILE[1] BLOCK.RECORDING_SEQUENCE.ADD_TO_RESULTS_FILE[1]
78859.838 SetValueAction 
78869.428 TRIAL_IMAGE BLOCK.RECORDING_SEQUENCE.TRIAL_IMAGE (BEGIN) 
78876.719 TRIAL_IMAGE BLOCK.RECORDING_SEQUENCE.TRIAL_IMAGE
79351.760 TIMER[2] BLOCK.RECORDING_SEQUENCE.TIMER[2]
79361.614 DISPLAY_SCREEN[1] BLOCK.RECORDING_SEQUENCE.DISPLAY_SCREEN[1] (BEGIN) 
79376.840 DISPLAY_SCREEN[1] BLOCK.RECORDING_SEQUENCE.DISPLAY_SCREEN[1]
81876.923 TIMER[1] BLOCK.RECORDING_SEQUENCE.TIMER[1]
81877.076 SET_BUTTON_PRESS BLOCK.RECORDING_SEQUENCE.SET_BUTTON_PRESS
81877.233 ADD_TO_RESULTS_FILE[1] BLOCK.RECORDING_SEQUENCE.ADD_TO_RESULTS_FILE[1]
81877.292 SetValueAction 
81887.433 TRIAL_IMAGE BLOCK.RECORDING_SEQUENCE.TRIAL_IMAGE (BEGIN) 
81894.081 TRIAL_IMAGE BLOCK.RECORDING_SEQUENCE.TRIAL_IMAGE
82369.177 TIMER[2] BLOCK.RECORDING_SEQUENCE.TIMER[2]
82379.613 DISPLAY_SCREEN[1] BLOCK.RECORDING_SEQUENCE.DISPLAY_SCREEN[1] (BEGIN) 
82394.203 DISPLAY_SCREEN[1] BLOCK.RECORDING_SEQUENCE.DISPLAY_SCREEN[1]
84894.219 TIMER[1] BLOCK.RECORDING_SEQUENCE.TIMER[1]
84894.379 SET_BUTTON_PRESS BLOCK.RECORDING_SEQUENCE.SET_BUTTON_PRESS
84894.521 ADD_TO_RESULTS_FILE[1] BLOCK.RECORDING_SEQUENCE.ADD_TO_RESULTS_FILE[1]
84894.575 SetValueAction 
84905.054 TRIAL_IMAGE BLOCK.RECORDING_SEQUENCE.TRIAL_IMAGE (BEGIN) 
84911.463 TRIAL_IMAGE BLOCK.RECORDING_SEQUENCE.TRIAL_IMAGE
85386.601 TIMER[2] BLOCK.RECORDING_SEQUENCE.TIMER[2]
85396.614 DISPLAY_SCREEN[1] BLOCK.RECORDING_SEQUENCE.DISPLAY_SCREEN[1] (BEGIN) 
85411.590 DISPLAY_SCREEN[1] BLOCK.RECORDING_SEQUENCE.DISPLAY_SCREEN[1]
87911.655 TIMER[1] BLOCK.RECORDING_SEQUENCE.TIMER[1]
87911.792 SET_BUTTON_PRESS BLOCK.RECORDING_SEQUENCE.SET_BUTTON_PRESS
87911.934 ADD_TO_RESULTS_FILE[1] BLOCK.RECORDING_SEQUENCE.ADD_TO_RESULTS_FILE[1]
87911.986 SetValueAction 
87921.753 TRIAL_IMAGE BLOCK.RECORDING_SEQUENCE.TRIAL_IMAGE (BEGIN) 
87928.832 TRIAL_IMAGE BLOCK.RECORDING_SEQUENCE.TRIAL_IMAGE
88403.978 TIMER[2] BLOCK.RECORDING_SEQUENCE.TIMER[2]
88413.615 DISPLAY_SCREEN[1] BLOCK.RECORDING_SEQUENCE.DISPLAY_SCREEN[1] (BEGIN) 
88428.961 DISPLAY_SCREEN[1] BLOCK.RECORDING_SEQUENCE.DISPLAY_SCREEN[1]
90929.027 TIMER[1] BLOCK.RECORDING_SEQUENCE.TIMER[1]
90929.188 SET_BUTTON_PRESS BLOCK.RECORDING_SEQUENCE.SET_BUTTON_PRESS
90929.331 ADD_TO_RESULTS_FILE[1] BLOCK.RECORDING_SEQUENCE.ADD_TO_RESULTS_FILE[1]
90929.383 SetValueAction 
90939.385 TRIAL_IMAGE BLOCK.RECORDING_SEQUENCE.TRIAL_IMAGE (BEGIN) 
90946.211 TRIAL_IMAGE BLOCK.RECORDING_SEQUENCE.TRIAL_IMAGE
91421.313 TIMER[2] BLOCK.RECORDING_SEQUENCE.TIMER[2]
91431.613 DISPLAY_SCREEN[1] BLOCK.RECORDING_SEQUENCE.DISPLAY_SCREEN[1] (BEGIN) 
91446.335 DISPLAY_SCREEN[1] BLOCK.RECORDING_SEQUENCE.DISPLAY_SCREEN[1]
91561.011 MOUSE_R BLOCK.RECORDING_SEQUENCE.MOUSE_R
91561.168 SET_BUTTON_PRESS2 BLOCK.RECORDING_SEQUENCE.SET_BUTTON_PRESS2
91561.311 ADD_TO_RESULTS_FILE[1] BLOCK.RECORDING_SEQUENCE.ADD_TO_RESULTS_FILE[1]
91561.363 SetValueAction 
91571.321 TRIAL_IMAGE BLOCK.RECORDING_SEQUENCE.TRIAL_IMAGE (BEGIN) 
91579.689 TRIAL_IMAGE BLOCK.RECORDING_SEQUENCE.TRIAL_IMAGE
92054.774 TIMER[2] BLOCK.RECORDING_SEQUENCE.TIMER[2]
92064.614 DISPLAY_SCREEN[1] BLOCK.RECORDING_SEQUENCE.DISPLAY_SCREEN[1] (BEGIN) 
92079.811 DISPLAY_SCREEN[1] BLOCK.RECORDING_SEQUENCE.DISPLAY_SCREEN[1]
94579.878 TIMER[1] BLOCK.RECORDING_SEQUENCE.TIMER[1]
94580.016 SET_BUTTON_PRESS BLOCK.RECORDING_SEQUENCE.SET_BUTTON_PRESS
94580.188 ADD_TO_RESULTS_FILE[1] BLOCK.RECORDING_SEQUENCE.ADD_TO_RESULTS_FILE[1]
94580.241 SetValueAction 
94580.953 TRIAL_IMAGE BLOCK.RECORDING_SEQUENCE.TRIAL_IMAGE (BEGIN) 
94597.088 TRIAL_IMAGE BLOCK.RECORDING_SEQUENCE.TRIAL_IMAGE
95072.138 TIMER[2] BLOCK.RECORDING_SEQUENCE.TIMER[2]
95082.613 DISPLAY_SCREEN[1] BLOCK.RECORDING_SEQUENCE.DISPLAY_SCREEN[1] (BEGIN) 
95097.187 DISPLAY_SCREEN[1] BLOCK.RECORDING_SEQUENCE.DISPLAY_SCREEN[1]
95295.761 MOUSE_R BLOCK.RECORDING_SEQUENCE.MOUSE_R
95295.896 SET_BUTTON_PRESS2 BLOCK.RECORDING_SEQUENCE.SET_BUTTON_PRESS2
95296.036 ADD_TO_RESULTS_FILE[1] BLOCK.RECORDING_SEQUENCE.ADD_TO_RESULTS_FILE[1]
95296.118 SetValueAction 
95306.248 TRIAL_IMAGE BLOCK.RECORDING_SEQUENCE.TRIAL_IMAGE (BEGIN) 
95313.903 TRIAL_IMAGE BLOCK.RECORDING_SEQUENCE.TRIAL_IMAGE
95789.023 TIMER[2] BLOCK.RECORDING_SEQUENCE.TIMER[2]
95798.614 DISPLAY_SCREEN[1] BLOCK.RECORDING_SEQUENCE.DISPLAY_SCREEN[1] (BEGIN) 
95814.021 DISPLAY_SCREEN[1] BLOCK.RECORDING_SEQUENCE.DISPLAY_SCREEN[1]
98314.091 TIMER[1] BLOCK.RECORDING_SEQUENCE.TIMER[1]
98314.229 SET_BUTTON_PRESS BLOCK.RECORDING_SEQUENCE.SET_BUTTON_PRESS
98314.372 ADD_TO_RESULTS_FILE[1] BLOCK.RECORDING_SEQUENCE.ADD_TO_RESULTS_FILE[1]
98314.424 SetValueAction 
98324.902 TRIAL_IMAGE BLOCK.RECORDING_SEQUENCE.TRIAL_IMAGE (BEGIN) 
98331.268 TRIAL_IMAGE BLOCK.RECORDING_SEQUENCE.TRIAL_IMAGE
98806.342 TIMER[2] BLOCK.RECORDING_SEQUENCE.TIMER[2]
98816.615 DISPLAY_SCREEN[1] BLOCK.RECORDING_SEQUENCE.DISPLAY_SCREEN[1] (BEGIN) 
98831.403 DISPLAY_SCREEN[1] BLOCK.RECORDING_SEQUENCE.DISPLAY_SCREEN[1]
98935.904 MOUSE_R BLOCK.RECORDING_SEQUENCE.MOUSE_R
98936.081 SET_BUTTON_PRESS2 BLOCK.RECORDING_SEQUENCE.SET_BUTTON_PRESS2
98936.221 ADD_TO_RESULTS_FILE[1] BLOCK.RECORDING_SEQUENCE.ADD_TO_RESULTS_FILE[1]
98936.275 SetValueAction 
98949.618 TRIAL_IMAGE BLOCK.RECORDING_SEQUENCE.TRIAL_IMAGE (BEGIN) 
98964.764 TRIAL_IMAGE BLOCK.RECORDING_SEQUENCE.TRIAL_IMAGE
99439.837 TIMER[2] BLOCK.RECORDING_SEQUENCE.TIMER[2]
99449.613 DISPLAY_SCREEN[1] BLOCK.RECORDING_SEQUENCE.DISPLAY_SCREEN[1] (BEGIN) 
99464.870 DISPLAY_SCREEN[1] BLOCK.RECORDING_SEQUENCE.DISPLAY_SCREEN[1]
101964.882 TIMER[1] BLOCK.RECORDING_SEQUENCE.TIMER[1]
101965.045 SET_BUTTON_PRESS BLOCK.RECORDING_SEQUENCE.SET_BUTTON_PRESS
101965.187 ADD_TO_RESULTS_FILE[1] BLOCK.RECORDING_SEQUENCE.ADD_TO_RESULTS_FILE[1]
101965.241 SetValueAction 
101975.206 TRIAL_IMAGE BLOCK.RECORDING_SEQUENCE.TRIAL_IMAGE (BEGIN) 
101982.133 TRIAL_IMAGE BLOCK.RECORDING_SEQUENCE.TRIAL_IMAGE
102457.236 TIMER[2] BLOCK.RECORDING_SEQUENCE.TIMER[2]
102467.613 DISPLAY_SCREEN[1] BLOCK.RECORDING_SEQUENCE.DISPLAY_SCREEN[1] (BEGIN) 
102482.247 DISPLAY_SCREEN[1] BLOCK.RECORDING_SEQUENCE.DISPLAY_SCREEN[1]
102758.472 MOUSE_R BLOCK.RECORDING_SEQUENCE.MOUSE_R
102758.610 SET_BUTTON_PRESS2 BLOCK.RECORDING_SEQUENCE.SET_BUTTON_PRESS2
102758.753 ADD_TO_RESULTS_FILE[1] BLOCK.RECORDING_SEQUENCE.ADD_TO_RESULTS_FILE[1]
102758.806 SetValueAction 
102769.024 TRIAL_IMAGE BLOCK.RECORDING_SEQUENCE.TRIAL_IMAGE (BEGIN) 
102782.314 TRIAL_IMAGE BLOCK.RECORDING_SEQUENCE.TRIAL_IMAGE
103257.438 TIMER[2] BLOCK.RECORDING_SEQUENCE.TIMER[2]
103267.614 DISPLAY_SCREEN[1] BLOCK.RECORDING_SEQUENCE.DISPLAY_SCREEN[1] (BEGIN) 
103282.442 DISPLAY_SCREEN[1] BLOCK.RECORDING_SEQUENCE.DISPLAY_SCREEN[1]
105782.496 TIMER[1] BLOCK.RECORDING_SEQUENCE.TIMER[1]
105782.634 SET_BUTTON_PRESS BLOCK.RECORDING_SEQUENCE.SET_BUTTON_PRESS
105782.778 ADD_TO_RESULTS_FILE[1] BLOCK.RECORDING_SEQUENCE.ADD_TO_RESULTS_FILE[1]
105782.855 SetValueAction 
105793.569 TRIAL_IMAGE BLOCK.RECORDING_SEQUENCE.TRIAL_IMAGE (BEGIN) 
105799.680 TRIAL_IMAGE BLOCK.RECORDING_SEQUENCE.TRIAL_IMAGE
106274.763 TIMER[2] BLOCK.RECORDING_SEQUENCE.TIMER[2]
106284.614 DISPLAY_SCREEN[1] BLOCK.RECORDING_SEQUENCE.DISPLAY_SCREEN[1] (BEGIN) 
106299.826 DISPLAY_SCREEN[1] BLOCK.RECORDING_SEQUENCE.DISPLAY_SCREEN[1]
106384.002 MOUSE_R BLOCK.RECORDING_SEQUENCE.MOUSE_R
106384.134 SET_BUTTON_PRESS2 BLOCK.RECORDING_SEQUENCE.SET_BUTTON_PRESS2
106384.277 ADD_TO_RESULTS_FILE[1] BLOCK.RECORDING_SEQUENCE.ADD_TO_RESULTS_FILE[1]
106384.329 SetValueAction 
106394.937 TRIAL_IMAGE BLOCK.RECORDING_SEQUENCE.TRIAL_IMAGE (BEGIN) 
106399.838 TRIAL_IMAGE BLOCK.RECORDING_SEQUENCE.TRIAL_IMAGE
106874.929 TIMER[2] BLOCK.RECORDING_SEQUENCE.TIMER[2]
106884.634 DISPLAY_SCREEN[1] BLOCK.RECORDING_SEQUENCE.DISPLAY_SCREEN[1] (BEGIN) 
106899.969 DISPLAY_SCREEN[1] BLOCK.RECORDING_SEQUENCE.DISPLAY_SCREEN[1]
109399.979 TIMER[1] BLOCK.RECORDING_SEQUENCE.TIMER[1]
109400.117 SET_BUTTON_PRESS BLOCK.RECORDING_SEQUENCE.SET_BUTTON_PRESS
109400.261 ADD_TO_RESULTS_FILE[1] BLOCK.RECORDING_SEQUENCE.ADD_TO_RESULTS_FILE[1]
109400.315 SetValueAction 
109409.888 TRIAL_IMAGE BLOCK.RECORDING_SEQUENCE.TRIAL_IMAGE (BEGIN) 
109417.201 TRIAL_IMAGE BLOCK.RECORDING_SEQUENCE.TRIAL_IMAGE
109892.299 TIMER[2] BLOCK.RECORDING_SEQUENCE.TIMER[2]
109902.614 DISPLAY_SCREEN[1] BLOCK.RECORDING_SEQUENCE.DISPLAY_SCREEN[1] (BEGIN) 
109917.321 DISPLAY_SCREEN[1] BLOCK.RECORDING_SEQUENCE.DISPLAY_SCREEN[1]
110199.120 MOUSE_R BLOCK.RECORDING_SEQUENCE.MOUSE_R
110199.255 SET_BUTTON_PRESS2 BLOCK.RECORDING_SEQUENCE.SET_BUTTON_PRESS2
110199.398 ADD_TO_RESULTS_FILE[1] BLOCK.RECORDING_SEQUENCE.ADD_TO_RESULTS_FILE[1]
110199.450 SetValueAction 
110202.618 TRIAL_IMAGE BLOCK.RECORDING_SEQUENCE.TRIAL_IMAGE (BEGIN) 
110217.392 TRIAL_IMAGE BLOCK.RECORDING_SEQUENCE.TRIAL_IMAGE
110692.490 TIMER[2] BLOCK.RECORDING_SEQUENCE.TIMER[2]
110702.613 DISPLAY_SCREEN[1] BLOCK.RECORDING_SEQUENCE.DISPLAY_SCREEN[1] (BEGIN) 
110717.515 DISPLAY_SCREEN[1] BLOCK.RECORDING_SEQUENCE.DISPLAY_SCREEN[1]
113217.515 TIMER[1] BLOCK.RECORDING_SEQUENCE.TIMER[1]
113217.654 SET_BUTTON_PRESS BLOCK.RECORDING_SEQUENCE.SET_BUTTON_PRESS
113217.819 ADD_TO_RESULTS_FILE[1] BLOCK.RECORDING_SEQUENCE.ADD_TO_RESULTS_FILE[1]
113220.415 DISPLAY_SCREEN BLOCK.DISPLAY_SCREEN (BEGIN) 
113234.774 DISPLAY_SCREEN BLOCK.DISPLAY_SCREEN
113413.590 MOUSE BLOCK.MOUSE
113645.333 PREPARE_SEQUENCE BLOCK.PREPARE_SEQUENCE
113645.497 SetValueAction 
113654.267 TRIAL_IMAGE BLOCK.RECORDING_SEQUENCE.TRIAL_IMAGE (BEGIN) 
113668.212 TRIAL_IMAGE BLOCK.RECORDING_SEQUENCE.TRIAL_IMAGE
114143.263 TIMER[2] BLOCK.RECORDING_SEQUENCE.TIMER[2]
114153.621 DISPLAY_SCREEN[1] BLOCK.RECORDING_SEQUENCE.DISPLAY_SCREEN[1] (BEGIN) 
114168.328 DISPLAY_SCREEN[1] BLOCK.RECORDING_SEQUENCE.DISPLAY_SCREEN[1]
116668.348 TIMER[1] BLOCK.RECORDING_SEQUENCE.TIMER[1]
116668.486 SET_BUTTON_PRESS BLOCK.RECORDING_SEQUENCE.SET_BUTTON_PRESS
116668.669 ADD_TO_RESULTS_FILE[1] BLOCK.RECORDING_SEQUENCE.ADD_TO_RESULTS_FILE[1]
116668.730 SetValueAction 
116677.317 TRIAL_IMAGE BLOCK.RECORDING_SEQUENCE.TRIAL_IMAGE (BEGIN) 
116685.595 TRIAL_IMAGE BLOCK.RECORDING_SEQUENCE.TRIAL_IMAGE
117160.640 TIMER[2] BLOCK.RECORDING_SEQUENCE.TIMER[2]
117170.614 DISPLAY_SCREEN[1] BLOCK.RECORDING_SEQUENCE.DISPLAY_SCREEN[1] (BEGIN) 
117185.692 DISPLAY_SCREEN[1] BLOCK.RECORDING_SEQUENCE.DISPLAY_SCREEN[1]
119685.762 TIMER[1] BLOCK.RECORDING_SEQUENCE.TIMER[1]
119685.901 SET_BUTTON_PRESS BLOCK.RECORDING_SEQUENCE.SET_BUTTON_PRESS
119686.042 ADD_TO_RESULTS_FILE[1] BLOCK.RECORDING_SEQUENCE.ADD_TO_RESULTS_FILE[1]
119686.095 SetValueAction 
119694.782 TRIAL_IMAGE BLOCK.RECORDING_SEQUENCE.TRIAL_IMAGE (BEGIN) 
119702.942 TRIAL_IMAGE BLOCK.RECORDING_SEQUENCE.TRIAL_IMAGE
120178.016 TIMER[2] BLOCK.RECORDING_SEQUENCE.TIMER[2]
120188.614 DISPLAY_SCREEN[1] BLOCK.RECORDING_SEQUENCE.DISPLAY_SCREEN[1] (BEGIN) 
120203.070 DISPLAY_SCREEN[1] BLOCK.RECORDING_SEQUENCE.DISPLAY_SCREEN[1]
122703.134 TIMER[1] BLOCK.RECORDING_SEQUENCE.TIMER[1]
122703.293 SET_BUTTON_PRESS BLOCK.RECORDING_SEQUENCE.SET_BUTTON_PRESS
122703.480 ADD_TO_RESULTS_FILE[1] BLOCK.RECORDING_SEQUENCE.ADD_TO_RESULTS_FILE[1]
122703.542 SetValueAction 
122712.304 TRIAL_IMAGE BLOCK.RECORDING_SEQUENCE.TRIAL_IMAGE (BEGIN) 
122720.329 TRIAL_IMAGE BLOCK.RECORDING_SEQUENCE.TRIAL_IMAGE
123195.408 TIMER[2] BLOCK.RECORDING_SEQUENCE.TIMER[2]
123205.614 DISPLAY_SCREEN[1] BLOCK.RECORDING_SEQUENCE.DISPLAY_SCREEN[1] (BEGIN) 
123220.450 DISPLAY_SCREEN[1] BLOCK.RECORDING_SEQUENCE.DISPLAY_SCREEN[1]
125720.479 TIMER[1] BLOCK.RECORDING_SEQUENCE.TIMER[1]
125720.619 SET_BUTTON_PRESS BLOCK.RECORDING_SEQUENCE.SET_BUTTON_PRESS
125720.761 ADD_TO_RESULTS_FILE[1] BLOCK.RECORDING_SEQUENCE.ADD_TO_RESULTS_FILE[1]
125720.815 SetValueAction 
125729.721 TRIAL_IMAGE BLOCK.RECORDING_SEQUENCE.TRIAL_IMAGE (BEGIN) 
125737.700 TRIAL_IMAGE BLOCK.RECORDING_SEQUENCE.TRIAL_IMAGE
126212.830 TIMER[2] BLOCK.RECORDING_SEQUENCE.TIMER[2]
126222.625 DISPLAY_SCREEN[1] BLOCK.RECORDING_SEQUENCE.DISPLAY_SCREEN[1] (BEGIN) 
126237.829 DISPLAY_SCREEN[1] BLOCK.RECORDING_SEQUENCE.DISPLAY_SCREEN[1]
127582.120 MOUSE_R BLOCK.RECORDING_SEQUENCE.MOUSE_R
127582.264 SET_BUTTON_PRESS2 BLOCK.RECORDING_SEQUENCE.SET_BUTTON_PRESS2
127582.471 ADD_TO_RESULTS_FILE[1] BLOCK.RECORDING_SEQUENCE.ADD_TO_RESULTS_FILE[1]
127582.526 SetValueAction 
127583.262 TRIAL_IMAGE BLOCK.RECORDING_SEQUENCE.TRIAL_IMAGE (BEGIN) 
127588.132 TRIAL_IMAGE BLOCK.RECORDING_SEQUENCE.TRIAL_IMAGE
128063.190 TIMER[2] BLOCK.RECORDING_SEQUENCE.TIMER[2]
128073.615 DISPLAY_SCREEN[1] BLOCK.RECORDING_SEQUENCE.DISPLAY_SCREEN[1] (BEGIN) 
128088.249 DISPLAY_SCREEN[1] BLOCK.RECORDING_SEQUENCE.DISPLAY_SCREEN[1]
130588.279 TIMER[1] BLOCK.RECORDING_SEQUENCE.TIMER[1]
130588.426 SET_BUTTON_PRESS BLOCK.RECORDING_SEQUENCE.SET_BUTTON_PRESS
130588.568 ADD_TO_RESULTS_FILE[1] BLOCK.RECORDING_SEQUENCE.ADD_TO_RESULTS_FILE[1]
130588.620 SetValueAction 
130597.071 TRIAL_IMAGE BLOCK.RECORDING_SEQUENCE.TRIAL_IMAGE (BEGIN) 
130605.499 TRIAL_IMAGE BLOCK.RECORDING_SEQUENCE.TRIAL_IMAGE
131080.612 TIMER[2] BLOCK.RECORDING_SEQUENCE.TIMER[2]
131090.613 DISPLAY_SCREEN[1] BLOCK.RECORDING_SEQUENCE.DISPLAY_SCREEN[1] (BEGIN) 
131105.631 DISPLAY_SCREEN[1] BLOCK.RECORDING_SEQUENCE.DISPLAY_SCREEN[1]
131557.561 MOUSE_R BLOCK.RECORDING_SEQUENCE.MOUSE_R
131557.699 SET_BUTTON_PRESS2 BLOCK.RECORDING_SEQUENCE.SET_BUTTON_PRESS2
131557.843 ADD_TO_RESULTS_FILE[1] BLOCK.RECORDING_SEQUENCE.ADD_TO_RESULTS_FILE[1]
131557.896 SetValueAction 
131567.177 TRIAL_IMAGE BLOCK.RECORDING_SEQUENCE.TRIAL_IMAGE (BEGIN) 
131572.399 TRIAL_IMAGE BLOCK.RECORDING_SEQUENCE.TRIAL_IMAGE
132047.448 TIMER[2] BLOCK.RECORDING_SEQUENCE.TIMER[2]
132057.615 DISPLAY_SCREEN[1] BLOCK.RECORDING_SEQUENCE.DISPLAY_SCREEN[1] (BEGIN) 
132072.516 DISPLAY_SCREEN[1] BLOCK.RECORDING_SEQUENCE.DISPLAY_SCREEN[1]
134572.559 TIMER[1] BLOCK.RECORDING_SEQUENCE.TIMER[1]
134572.699 SET_BUTTON_PRESS BLOCK.RECORDING_SEQUENCE.SET_BUTTON_PRESS
134572.842 ADD_TO_RESULTS_FILE[1] BLOCK.RECORDING_SEQUENCE.ADD_TO_RESULTS_FILE[1]
134572.896 SetValueAction 
134582.475 TRIAL_IMAGE BLOCK.RECORDING_SEQUENCE.TRIAL_IMAGE (BEGIN) 
134589.776 TRIAL_IMAGE BLOCK.RECORDING_SEQUENCE.TRIAL_IMAGE
135064.865 TIMER[2] BLOCK.RECORDING_SEQUENCE.TIMER[2]
135074.613 DISPLAY_SCREEN[1] BLOCK.RECORDING_SEQUENCE.DISPLAY_SCREEN[1] (BEGIN) 
135089.899 DISPLAY_SCREEN[1] BLOCK.RECORDING_SEQUENCE.DISPLAY_SCREEN[1]
135356.047 MOUSE_R BLOCK.RECORDING_SEQUENCE.MOUSE_R
135356.193 SET_BUTTON_PRESS2 BLOCK.RECORDING_SEQUENCE.SET_BUTTON_PRESS2
135356.342 ADD_TO_RESULTS_FILE[1] BLOCK.RECORDING_SEQUENCE.ADD_TO_RESULTS_FILE[1]
135356.393 SetValueAction 
135357.067 TRIAL_IMAGE BLOCK.RECORDING_SEQUENCE.TRIAL_IMAGE (BEGIN) 
135373.300 TRIAL_IMAGE BLOCK.RECORDING_SEQUENCE.TRIAL_IMAGE
135848.375 TIMER[2] BLOCK.RECORDING_SEQUENCE.TIMER[2]
135858.614 DISPLAY_SCREEN[1] BLOCK.RECORDING_SEQUENCE.DISPLAY_SCREEN[1] (BEGIN) 
135873.412 DISPLAY_SCREEN[1] BLOCK.RECORDING_SEQUENCE.DISPLAY_SCREEN[1]
138373.465 TIMER[1] BLOCK.RECORDING_SEQUENCE.TIMER[1]
138373.602 SET_BUTTON_PRESS BLOCK.RECORDING_SEQUENCE.SET_BUTTON_PRESS
138373.745 ADD_TO_RESULTS_FILE[1] BLOCK.RECORDING_SEQUENCE.ADD_TO_RESULTS_FILE[1]
138373.798 SetValueAction 
138383.387 TRIAL_IMAGE BLOCK.RECORDING_SEQUENCE.TRIAL_IMAGE (BEGIN) 
138390.658 TRIAL_IMAGE BLOCK.RECORDING_SEQUENCE.TRIAL_IMAGE
138865.708 TIMER[2] BLOCK.RECORDING_SEQUENCE.TIMER[2]
138875.613 DISPLAY_SCREEN[1] BLOCK.RECORDING_SEQUENCE.DISPLAY_SCREEN[1] (BEGIN) 
138890.781 DISPLAY_SCREEN[1] BLOCK.RECORDING_SEQUENCE.DISPLAY_SCREEN[1]
138995.659 MOUSE_R BLOCK.RECORDING_SEQUENCE.MOUSE_R
138995.798 SET_BUTTON_PRESS2 BLOCK.RECORDING_SEQUENCE.SET_BUTTON_PRESS2
138995.940 ADD_TO_RESULTS_FILE[1] BLOCK.RECORDING_SEQUENCE.ADD_TO_RESULTS_FILE[1]
138995.993 SetValueAction 
139004.425 TRIAL_IMAGE BLOCK.RECORDING_SEQUENCE.TRIAL_IMAGE (BEGIN) 
139007.468 TRIAL_IMAGE BLOCK.RECORDING_SEQUENCE.TRIAL_IMAGE
139482.521 TIMER[2] BLOCK.RECORDING_SEQUENCE.TIMER[2]
139492.613 DISPLAY_SCREEN[1] BLOCK.RECORDING_SEQUENCE.DISPLAY_SCREEN[1] (BEGIN) 
139507.602 DISPLAY_SCREEN[1] BLOCK.RECORDING_SEQUENCE.DISPLAY_SCREEN[1]
142007.644 TIMER[1] BLOCK.RECORDING_SEQUENCE.TIMER[1]
142007.783 SET_BUTTON_PRESS BLOCK.RECORDING_SEQUENCE.SET_BUTTON_PRESS
142007.925 ADD_TO_RESULTS_FILE[1] BLOCK.RECORDING_SEQUENCE.ADD_TO_RESULTS_FILE[1]
142007.978 SetValueAction 
142018.382 TRIAL_IMAGE BLOCK.RECORDING_SEQUENCE.TRIAL_IMAGE (BEGIN) 
142024.853 TRIAL_IMAGE BLOCK.RECORDING_SEQUENCE.TRIAL_IMAGE
142499.949 TIMER[2] BLOCK.RECORDING_SEQUENCE.TIMER[2]
142509.614 DISPLAY_SCREEN[1] BLOCK.RECORDING_SEQUENCE.DISPLAY_SCREEN[1] (BEGIN) 
142524.973 DISPLAY_SCREEN[1] BLOCK.RECORDING_SEQUENCE.DISPLAY_SCREEN[1]
142789.168 MOUSE_R BLOCK.RECORDING_SEQUENCE.MOUSE_R
142789.305 SET_BUTTON_PRESS2 BLOCK.RECORDING_SEQUENCE.SET_BUTTON_PRESS2
142789.446 ADD_TO_RESULTS_FILE[1] BLOCK.RECORDING_SEQUENCE.ADD_TO_RESULTS_FILE[1]
142789.499 SetValueAction 
142799.225 TRIAL_IMAGE BLOCK.RECORDING_SEQUENCE.TRIAL_IMAGE (BEGIN) 
142808.365 TRIAL_IMAGE BLOCK.RECORDING_SEQUENCE.TRIAL_IMAGE
143283.463 TIMER[2] BLOCK.RECORDING_SEQUENCE.TIMER[2]
143293.614 DISPLAY_SCREEN[1] BLOCK.RECORDING_SEQUENCE.DISPLAY_SCREEN[1] (BEGIN) 
143308.484 DISPLAY_SCREEN[1] BLOCK.RECORDING_SEQUENCE.DISPLAY_SCREEN[1]
145808.511 TIMER[1] BLOCK.RECORDING_SEQUENCE.TIMER[1]
145808.649 SET_BUTTON_PRESS BLOCK.RECORDING_SEQUENCE.SET_BUTTON_PRESS
145808.793 ADD_TO_RESULTS_FILE[1] BLOCK.RECORDING_SEQUENCE.ADD_TO_RESULTS_FILE[1]
145808.845 SetValueAction 
145818.637 TRIAL_IMAGE BLOCK.RECORDING_SEQUENCE.TRIAL_IMAGE (BEGIN) 
145825.749 TRIAL_IMAGE BLOCK.RECORDING_SEQUENCE.TRIAL_IMAGE
146300.810 TIMER[2] BLOCK.RECORDING_SEQUENCE.TIMER[2]
146310.614 DISPLAY_SCREEN[1] BLOCK.RECORDING_SEQUENCE.DISPLAY_SCREEN[1] (BEGIN) 
146325.870 DISPLAY_SCREEN[1] BLOCK.RECORDING_SEQUENCE.DISPLAY_SCREEN[1]
146540.541 MOUSE_R BLOCK.RECORDING_SEQUENCE.MOUSE_R
146540.678 SET_BUTTON_PRESS2 BLOCK.RECORDING_SEQUENCE.SET_BUTTON_PRESS2
146540.820 ADD_TO_RESULTS_FILE[1] BLOCK.RECORDING_SEQUENCE.ADD_TO_RESULTS_FILE[1]
146540.874 SetValueAction 
146550.556 TRIAL_IMAGE BLOCK.RECORDING_SEQUENCE.TRIAL_IMAGE (BEGIN) 
146559.253 TRIAL_IMAGE BLOCK.RECORDING_SEQUENCE.TRIAL_IMAGE
147034.384 TIMER[2] BLOCK.RECORDING_SEQUENCE.TIMER[2]
147044.613 DISPLAY_SCREEN[1] BLOCK.RECORDING_SEQUENCE.DISPLAY_SCREEN[1] (BEGIN) 
147059.365 DISPLAY_SCREEN[1] BLOCK.RECORDING_SEQUENCE.DISPLAY_SCREEN[1]
149559.411 TIMER[1] BLOCK.RECORDING_SEQUENCE.TIMER[1]
149559.551 SET_BUTTON_PRESS BLOCK.RECORDING_SEQUENCE.SET_BUTTON_PRESS
149559.694 ADD_TO_RESULTS_FILE[1] BLOCK.RECORDING_SEQUENCE.ADD_TO_RESULTS_FILE[1]
149559.749 SetValueAction 
149569.299 TRIAL_IMAGE BLOCK.RECORDING_SEQUENCE.TRIAL_IMAGE (BEGIN) 
149576.613 TRIAL_IMAGE BLOCK.RECORDING_SEQUENCE.TRIAL_IMAGE
150051.657 TIMER[2] BLOCK.RECORDING_SEQUENCE.TIMER[2]
150061.614 DISPLAY_SCREEN[1] BLOCK.RECORDING_SEQUENCE.DISPLAY_SCREEN[1] (BEGIN) 
150076.738 DISPLAY_SCREEN[1] BLOCK.RECORDING_SEQUENCE.DISPLAY_SCREEN[1]
150099.399 MOUSE_R BLOCK.RECORDING_SEQUENCE.MOUSE_R
150099.527 SET_BUTTON_PRESS2 BLOCK.RECORDING_SEQUENCE.SET_BUTTON_PRESS2
150099.668 ADD_TO_RESULTS_FILE[1] BLOCK.RECORDING_SEQUENCE.ADD_TO_RESULTS_FILE[1]
150099.721 SetValueAction 
150111.619 TRIAL_IMAGE BLOCK.RECORDING_SEQUENCE.TRIAL_IMAGE (BEGIN) 
150126.755 TRIAL_IMAGE BLOCK.RECORDING_SEQUENCE.TRIAL_IMAGE
150601.835 TIMER[2] BLOCK.RECORDING_SEQUENCE.TIMER[2]
150611.614 DISPLAY_SCREEN[1] BLOCK.RECORDING_SEQUENCE.DISPLAY_SCREEN[1] (BEGIN) 
150626.885 DISPLAY_SCREEN[1] BLOCK.RECORDING_SEQUENCE.DISPLAY_SCREEN[1]
153126.948 TIMER[1] BLOCK.RECORDING_SEQUENCE.TIMER[1]
153127.089 SET_BUTTON_PRESS BLOCK.RECORDING_SEQUENCE.SET_BUTTON_PRESS
153127.232 ADD_TO_RESULTS_FILE[1] BLOCK.RECORDING_SEQUENCE.ADD_TO_RESULTS_FILE[1]
153127.286 SetValueAction 
153136.737 TRIAL_IMAGE BLOCK.RECORDING_SEQUENCE.TRIAL_IMAGE (BEGIN) 
153144.128 TRIAL_IMAGE BLOCK.RECORDING_SEQUENCE.TRIAL_IMAGE
153619.202 TIMER[2] BLOCK.RECORDING_SEQUENCE.TIMER[2]
153629.613 DISPLAY_SCREEN[1] BLOCK.RECORDING_SEQUENCE.DISPLAY_SCREEN[1] (BEGIN) 
153644.246 DISPLAY_SCREEN[1] BLOCK.RECORDING_SEQUENCE.DISPLAY_SCREEN[1]
153867.008 MOUSE_R BLOCK.RECORDING_SEQUENCE.MOUSE_R
153867.147 SET_BUTTON_PRESS2 BLOCK.RECORDING_SEQUENCE.SET_BUTTON_PRESS2
153867.290 ADD_TO_RESULTS_FILE[1] BLOCK.RECORDING_SEQUENCE.ADD_TO_RESULTS_FILE[1]
153867.343 SetValueAction 
153877.677 TRIAL_IMAGE BLOCK.RECORDING_SEQUENCE.TRIAL_IMAGE (BEGIN) 
153894.305 TRIAL_IMAGE BLOCK.RECORDING_SEQUENCE.TRIAL_IMAGE
154369.437 TIMER[2] BLOCK.RECORDING_SEQUENCE.TIMER[2]
154379.614 DISPLAY_SCREEN[1] BLOCK.RECORDING_SEQUENCE.DISPLAY_SCREEN[1] (BEGIN) 
154394.434 DISPLAY_SCREEN[1] BLOCK.RECORDING_SEQUENCE.DISPLAY_SCREEN[1]
156894.453 TIMER[1] BLOCK.RECORDING_SEQUENCE.TIMER[1]
156894.592 SET_BUTTON_PRESS BLOCK.RECORDING_SEQUENCE.SET_BUTTON_PRESS
156894.763 ADD_TO_RESULTS_FILE[1] BLOCK.RECORDING_SEQUENCE.ADD_TO_RESULTS_FILE[1]
156894.826 SetValueAction 
156905.277 TRIAL_IMAGE BLOCK.RECORDING_SEQUENCE.TRIAL_IMAGE (BEGIN) 
156911.671 TRIAL_IMAGE BLOCK.RECORDING_SEQUENCE.TRIAL_IMAGE
157386.819 TIMER[2] BLOCK.RECORDING_SEQUENCE.TIMER[2]
157396.614 DISPLAY_SCREEN[1] BLOCK.RECORDING_SEQUENCE.DISPLAY_SCREEN[1] (BEGIN) 
157411.795 DISPLAY_SCREEN[1] BLOCK.RECORDING_SEQUENCE.DISPLAY_SCREEN[1]
157739.193 MOUSE_R BLOCK.RECORDING_SEQUENCE.MOUSE_R
157739.333 SET_BUTTON_PRESS2 BLOCK.RECORDING_SEQUENCE.SET_BUTTON_PRESS2
157739.475 ADD_TO_RESULTS_FILE[1] BLOCK.RECORDING_SEQUENCE.ADD_TO_RESULTS_FILE[1]
157739.529 SetValueAction 
157749.631 TRIAL_IMAGE BLOCK.RECORDING_SEQUENCE.TRIAL_IMAGE (BEGIN) 
157761.869 TRIAL_IMAGE BLOCK.RECORDING_SEQUENCE.TRIAL_IMAGE
158237.015 TIMER[2] BLOCK.RECORDING_SEQUENCE.TIMER[2]
158246.614 DISPLAY_SCREEN[1] BLOCK.RECORDING_SEQUENCE.DISPLAY_SCREEN[1] (BEGIN) 
158261.989 DISPLAY_SCREEN[1] BLOCK.RECORDING_SEQUENCE.DISPLAY_SCREEN[1]
160762.044 TIMER[1] BLOCK.RECORDING_SEQUENCE.TIMER[1]
160762.185 SET_BUTTON_PRESS BLOCK.RECORDING_SEQUENCE.SET_BUTTON_PRESS
160762.329 ADD_TO_RESULTS_FILE[1] BLOCK.RECORDING_SEQUENCE.ADD_TO_RESULTS_FILE[1]
160762.384 SetValueAction 
160763.135 TRIAL_IMAGE BLOCK.RECORDING_SEQUENCE.TRIAL_IMAGE (BEGIN) 
160779.247 TRIAL_IMAGE BLOCK.RECORDING_SEQUENCE.TRIAL_IMAGE
161254.322 TIMER[2] BLOCK.RECORDING_SEQUENCE.TIMER[2]
161264.614 DISPLAY_SCREEN[1] BLOCK.RECORDING_SEQUENCE.DISPLAY_SCREEN[1] (BEGIN) 
161279.367 DISPLAY_SCREEN[1] BLOCK.RECORDING_SEQUENCE.DISPLAY_SCREEN[1]
161451.328 MOUSE_R BLOCK.RECORDING_SEQUENCE.MOUSE_R
161451.458 SET_BUTTON_PRESS2 BLOCK.RECORDING_SEQUENCE.SET_BUTTON_PRESS2
161451.597 ADD_TO_RESULTS_FILE[1] BLOCK.RECORDING_SEQUENCE.ADD_TO_RESULTS_FILE[1]
161451.653 SetValueAction 
161464.620 TRIAL_IMAGE BLOCK.RECORDING_SEQUENCE.TRIAL_IMAGE (BEGIN) 
161479.415 TRIAL_IMAGE BLOCK.RECORDING_SEQUENCE.TRIAL_IMAGE
161954.538 TIMER[2] BLOCK.RECORDING_SEQUENCE.TIMER[2]
161964.639 DISPLAY_SCREEN[1] BLOCK.RECORDING_SEQUENCE.DISPLAY_SCREEN[1] (BEGIN) 
161979.534 DISPLAY_SCREEN[1] BLOCK.RECORDING_SEQUENCE.DISPLAY_SCREEN[1]
164479.548 TIMER[1] BLOCK.RECORDING_SEQUENCE.TIMER[1]
164479.718 SET_BUTTON_PRESS BLOCK.RECORDING_SEQUENCE.SET_BUTTON_PRESS
164479.862 ADD_TO_RESULTS_FILE[1] BLOCK.RECORDING_SEQUENCE.ADD_TO_RESULTS_FILE[1]
164479.917 SetValueAction 
164480.668 TRIAL_IMAGE BLOCK.RECORDING_SEQUENCE.TRIAL_IMAGE (BEGIN) 
164496.797 TRIAL_IMAGE BLOCK.RECORDING_SEQUENCE.TRIAL_IMAGE
164971.852 TIMER[2] BLOCK.RECORDING_SEQUENCE.TIMER[2]
164981.614 DISPLAY_SCREEN[1] BLOCK.RECORDING_SEQUENCE.DISPLAY_SCREEN[1] (BEGIN) 
164996.916 DISPLAY_SCREEN[1] BLOCK.RECORDING_SEQUENCE.DISPLAY_SCREEN[1]
165066.621 MOUSE_R BLOCK.RECORDING_SEQUENCE.MOUSE_R
165066.752 SET_BUTTON_PRESS2 BLOCK.RECORDING_SEQUENCE.SET_BUTTON_PRESS2
165066.892 ADD_TO_RESULTS_FILE[1] BLOCK.RECORDING_SEQUENCE.ADD_TO_RESULTS_FILE[1]
165066.942 SetValueAction 
165067.651 TRIAL_IMAGE BLOCK.RECORDING_SEQUENCE.TRIAL_IMAGE (BEGIN) 
165080.264 TRIAL_IMAGE BLOCK.RECORDING_SEQUENCE.TRIAL_IMAGE
165555.333 TIMER[2] BLOCK.RECORDING_SEQUENCE.TIMER[2]
165565.614 DISPLAY_SCREEN[1] BLOCK.RECORDING_SEQUENCE.DISPLAY_SCREEN[1] (BEGIN) 
165580.383 DISPLAY_SCREEN[1] BLOCK.RECORDING_SEQUENCE.DISPLAY_SCREEN[1]
168080.401 TIMER[1] BLOCK.RECORDING_SEQUENCE.TIMER[1]
168080.570 SET_BUTTON_PRESS BLOCK.RECORDING_SEQUENCE.SET_BUTTON_PRESS
168080.718 ADD_TO_RESULTS_FILE[1] BLOCK.RECORDING_SEQUENCE.ADD_TO_RESULTS_FILE[1]
168080.771 SetValueAction 
168091.407 TRIAL_IMAGE BLOCK.RECORDING_SEQUENCE.TRIAL_IMAGE (BEGIN) 
168097.623 TRIAL_IMAGE BLOCK.RECORDING_SEQUENCE.TRIAL_IMAGE
168572.717 TIMER[2] BLOCK.RECORDING_SEQUENCE.TIMER[2]
168582.624 DISPLAY_SCREEN[1] BLOCK.RECORDING_SEQUENCE.DISPLAY_SCREEN[1] (BEGIN) 
168597.751 DISPLAY_SCREEN[1] BLOCK.RECORDING_SEQUENCE.DISPLAY_SCREEN[1]
168618.378 MOUSE_R BLOCK.RECORDING_SEQUENCE.MOUSE_R
168618.530 SET_BUTTON_PRESS2 BLOCK.RECORDING_SEQUENCE.SET_BUTTON_PRESS2
168618.672 ADD_TO_RESULTS_FILE[1] BLOCK.RECORDING_SEQUENCE.ADD_TO_RESULTS_FILE[1]
168618.725 SetValueAction 
168632.617 TRIAL_IMAGE BLOCK.RECORDING_SEQUENCE.TRIAL_IMAGE (BEGIN) 
168647.763 TRIAL_IMAGE BLOCK.RECORDING_SEQUENCE.TRIAL_IMAGE
169122.863 TIMER[2] BLOCK.RECORDING_SEQUENCE.TIMER[2]
169132.614 DISPLAY_SCREEN[1] BLOCK.RECORDING_SEQUENCE.DISPLAY_SCREEN[1] (BEGIN) 
169147.884 DISPLAY_SCREEN[1] BLOCK.RECORDING_SEQUENCE.DISPLAY_SCREEN[1]
171647.898 TIMER[1] BLOCK.RECORDING_SEQUENCE.TIMER[1]
171648.036 SET_BUTTON_PRESS BLOCK.RECORDING_SEQUENCE.SET_BUTTON_PRESS
171648.179 ADD_TO_RESULTS_FILE[1] BLOCK.RECORDING_SEQUENCE.ADD_TO_RESULTS_FILE[1]
171648.232 SetValueAction 
171658.350 TRIAL_IMAGE BLOCK.RECORDING_SEQUENCE.TRIAL_IMAGE (BEGIN) 
171665.129 TRIAL_IMAGE BLOCK.RECORDING_SEQUENCE.TRIAL_IMAGE
172140.242 TIMER[2] BLOCK.RECORDING_SEQUENCE.TIMER[2]
172150.614 DISPLAY_SCREEN[1] BLOCK.RECORDING_SEQUENCE.DISPLAY_SCREEN[1] (BEGIN) 
172165.248 DISPLAY_SCREEN[1] BLOCK.RECORDING_SEQUENCE.DISPLAY_SCREEN[1]
172298.599 MOUSE_R BLOCK.RECORDING_SEQUENCE.MOUSE_R
172298.733 SET_BUTTON_PRESS2 BLOCK.RECORDING_SEQUENCE.SET_BUTTON_PRESS2
172298.875 ADD_TO_RESULTS_FILE[1] BLOCK.RECORDING_SEQUENCE.ADD_TO_RESULTS_FILE[1]
172298.928 SetValueAction 
172309.530 TRIAL_IMAGE BLOCK.RECORDING_SEQUENCE.TRIAL_IMAGE (BEGIN) 
172315.285 TRIAL_IMAGE BLOCK.RECORDING_SEQUENCE.TRIAL_IMAGE
172790.442 TIMER[2] BLOCK.RECORDING_SEQUENCE.TIMER[2]
172800.614 DISPLAY_SCREEN[1] BLOCK.RECORDING_SEQUENCE.DISPLAY_SCREEN[1] (BEGIN) 
172815.412 DISPLAY_SCREEN[1] BLOCK.RECORDING_SEQUENCE.DISPLAY_SCREEN[1]
175315.413 TIMER[1] BLOCK.RECORDING_SEQUENCE.TIMER[1]
175315.550 SET_BUTTON_PRESS BLOCK.RECORDING_SEQUENCE.SET_BUTTON_PRESS
175315.693 ADD_TO_RESULTS_FILE[1] BLOCK.RECORDING_SEQUENCE.ADD_TO_RESULTS_FILE[1]
175315.745 SetValueAction 
175316.547 TRIAL_IMAGE BLOCK.RECORDING_SEQUENCE.TRIAL_IMAGE (BEGIN) 
175332.657 TRIAL_IMAGE BLOCK.RECORDING_SEQUENCE.TRIAL_IMAGE
175807.725 TIMER[2] BLOCK.RECORDING_SEQUENCE.TIMER[2]
175817.614 DISPLAY_SCREEN[1] BLOCK.RECORDING_SEQUENCE.DISPLAY_SCREEN[1] (BEGIN) 
175832.827 DISPLAY_SCREEN[1] BLOCK.RECORDING_SEQUENCE.DISPLAY_SCREEN[1]
175937.625 MOUSE_R BLOCK.RECORDING_SEQUENCE.MOUSE_R
175937.772 SET_BUTTON_PRESS2 BLOCK.RECORDING_SEQUENCE.SET_BUTTON_PRESS2
175937.917 ADD_TO_RESULTS_FILE[1] BLOCK.RECORDING_SEQUENCE.ADD_TO_RESULTS_FILE[1]
175937.975 SetValueAction 
175938.788 TRIAL_IMAGE BLOCK.RECORDING_SEQUENCE.TRIAL_IMAGE (BEGIN) 
175949.471 TRIAL_IMAGE BLOCK.RECORDING_SEQUENCE.TRIAL_IMAGE
176424.589 TIMER[2] BLOCK.RECORDING_SEQUENCE.TIMER[2]
176434.614 DISPLAY_SCREEN[1] BLOCK.RECORDING_SEQUENCE.DISPLAY_SCREEN[1] (BEGIN) 
176449.589 DISPLAY_SCREEN[1] BLOCK.RECORDING_SEQUENCE.DISPLAY_SCREEN[1]
178949.656 TIMER[1] BLOCK.RECORDING_SEQUENCE.TIMER[1]
178949.817 SET_BUTTON_PRESS BLOCK.RECORDING_SEQUENCE.SET_BUTTON_PRESS
178949.959 ADD_TO_RESULTS_FILE[1] BLOCK.RECORDING_SEQUENCE.ADD_TO_RESULTS_FILE[1]
178950.012 SetValueAction 
178959.936 TRIAL_IMAGE BLOCK.RECORDING_SEQUENCE.TRIAL_IMAGE (BEGIN) 
178966.838 TRIAL_IMAGE BLOCK.RECORDING_SEQUENCE.TRIAL_IMAGE
179441.892 TIMER[2] BLOCK.RECORDING_SEQUENCE.TIMER[2]
179451.615 DISPLAY_SCREEN[1] BLOCK.RECORDING_SEQUENCE.DISPLAY_SCREEN[1] (BEGIN) 
179466.962 DISPLAY_SCREEN[1] BLOCK.RECORDING_SEQUENCE.DISPLAY_SCREEN[1]
181966.961 TIMER[1] BLOCK.RECORDING_SEQUENCE.TIMER[1]
181967.103 SET_BUTTON_PRESS BLOCK.RECORDING_SEQUENCE.SET_BUTTON_PRESS
181967.285 ADD_TO_RESULTS_FILE[1] BLOCK.RECORDING_SEQUENCE.ADD_TO_RESULTS_FILE[1]
181967.339 SetValueAction 
181968.084 TRIAL_IMAGE BLOCK.RECORDING_SEQUENCE.TRIAL_IMAGE (BEGIN) 
181984.230 TRIAL_IMAGE BLOCK.RECORDING_SEQUENCE.TRIAL_IMAGE
182459.324 TIMER[2] BLOCK.RECORDING_SEQUENCE.TIMER[2]
182469.612 DISPLAY_SCREEN[1] BLOCK.RECORDING_SEQUENCE.DISPLAY_SCREEN[1] (BEGIN) 
182484.337 DISPLAY_SCREEN[1] BLOCK.RECORDING_SEQUENCE.DISPLAY_SCREEN[1]
182484.597 MOUSE_R BLOCK.RECORDING_SEQUENCE.MOUSE_R
182484.727 SET_BUTTON_PRESS2 BLOCK.RECORDING_SEQUENCE.SET_BUTTON_PRESS2
182484.867 ADD_TO_RESULTS_FILE[1] BLOCK.RECORDING_SEQUENCE.ADD_TO_RESULTS_FILE[1]
182484.919 SetValueAction 
182493.696 TRIAL_IMAGE BLOCK.RECORDING_SEQUENCE.TRIAL_IMAGE (BEGIN) 
182501.012 TRIAL_IMAGE BLOCK.RECORDING_SEQUENCE.TRIAL_IMAGE
182976.133 TIMER[2] BLOCK.RECORDING_SEQUENCE.TIMER[2]
182986.615 DISPLAY_SCREEN[1] BLOCK.RECORDING_SEQUENCE.DISPLAY_SCREEN[1] (BEGIN) 
183001.131 DISPLAY_SCREEN[1] BLOCK.RECORDING_SEQUENCE.DISPLAY_SCREEN[1]
185501.211 TIMER[1] BLOCK.RECORDING_SEQUENCE.TIMER[1]
185501.348 SET_BUTTON_PRESS BLOCK.RECORDING_SEQUENCE.SET_BUTTON_PRESS
185501.489 ADD_TO_RESULTS_FILE[1] BLOCK.RECORDING_SEQUENCE.ADD_TO_RESULTS_FILE[1]
185501.542 SetValueAction 
185511.759 TRIAL_IMAGE BLOCK.RECORDING_SEQUENCE.TRIAL_IMAGE (BEGIN) 
185518.377 TRIAL_IMAGE BLOCK.RECORDING_SEQUENCE.TRIAL_IMAGE
185993.502 TIMER[2] BLOCK.RECORDING_SEQUENCE.TIMER[2]
186003.614 DISPLAY_SCREEN[1] BLOCK.RECORDING_SEQUENCE.DISPLAY_SCREEN[1] (BEGIN) 
186018.511 DISPLAY_SCREEN[1] BLOCK.RECORDING_SEQUENCE.DISPLAY_SCREEN[1]
188518.509 TIMER[1] BLOCK.RECORDING_SEQUENCE.TIMER[1]
188518.647 SET_BUTTON_PRESS BLOCK.RECORDING_SEQUENCE.SET_BUTTON_PRESS
188518.810 ADD_TO_RESULTS_FILE[1] BLOCK.RECORDING_SEQUENCE.ADD_TO_RESULTS_FILE[1]
188518.862 SetValueAction 
188519.572 TRIAL_IMAGE BLOCK.RECORDING_SEQUENCE.TRIAL_IMAGE (BEGIN) 
188535.771 TRIAL_IMAGE BLOCK.RECORDING_SEQUENCE.TRIAL_IMAGE
189010.894 TIMER[2] BLOCK.RECORDING_SEQUENCE.TIMER[2]
189020.619 DISPLAY_SCREEN[1] BLOCK.RECORDING_SEQUENCE.DISPLAY_SCREEN[1] (BEGIN) 
189035.882 DISPLAY_SCREEN[1] BLOCK.RECORDING_SEQUENCE.DISPLAY_SCREEN[1]
191535.924 TIMER[1] BLOCK.RECORDING_SEQUENCE.TIMER[1]
191536.138 SET_BUTTON_PRESS BLOCK.RECORDING_SEQUENCE.SET_BUTTON_PRESS
191536.304 ADD_TO_RESULTS_FILE[1] BLOCK.RECORDING_SEQUENCE.ADD_TO_RESULTS_FILE[1]
191536.358 SetValueAction 
191537.221 TRIAL_IMAGE BLOCK.RECORDING_SEQUENCE.TRIAL_IMAGE (BEGIN) 
191553.127 TRIAL_IMAGE BLOCK.RECORDING_SEQUENCE.TRIAL_IMAGE
192028.228 TIMER[2] BLOCK.RECORDING_SEQUENCE.TIMER[2]
192038.613 DISPLAY_SCREEN[1] BLOCK.RECORDING_SEQUENCE.DISPLAY_SCREEN[1] (BEGIN) 
192053.245 DISPLAY_SCREEN[1] BLOCK.RECORDING_SEQUENCE.DISPLAY_SCREEN[1]
194553.289 TIMER[1] BLOCK.RECORDING_SEQUENCE.TIMER[1]
194553.427 SET_BUTTON_PRESS BLOCK.RECORDING_SEQUENCE.SET_BUTTON_PRESS
194553.571 ADD_TO_RESULTS_FILE[1] BLOCK.RECORDING_SEQUENCE.ADD_TO_RESULTS_FILE[1]
194553.624 SetValueAction 
194562.550 TRIAL_IMAGE BLOCK.RECORDING_SEQUENCE.TRIAL_IMAGE (BEGIN) 
194570.501 TRIAL_IMAGE BLOCK.RECORDING_SEQUENCE.TRIAL_IMAGE
195045.614 TIMER[2] BLOCK.RECORDING_SEQUENCE.TIMER[2]
195055.613 DISPLAY_SCREEN[1] BLOCK.RECORDING_SEQUENCE.DISPLAY_SCREEN[1] (BEGIN) 
195070.617 DISPLAY_SCREEN[1] BLOCK.RECORDING_SEQUENCE.DISPLAY_SCREEN[1]
195152.654 MOUSE_R BLOCK.RECORDING_SEQUENCE.MOUSE_R
195152.790 SET_BUTTON_PRESS2 BLOCK.RECORDING_SEQUENCE.SET_BUTTON_PRESS2
195152.951 ADD_TO_RESULTS_FILE[1] BLOCK.RECORDING_SEQUENCE.ADD_TO_RESULTS_FILE[1]
195153.004 SetValueAction 
195162.975 TRIAL_IMAGE BLOCK.RECORDING_SEQUENCE.TRIAL_IMAGE (BEGIN) 
195170.645 TRIAL_IMAGE BLOCK.RECORDING_SEQUENCE.TRIAL_IMAGE
195645.698 TIMER[2] BLOCK.RECORDING_SEQUENCE.TIMER[2]
195655.614 DISPLAY_SCREEN[1] BLOCK.RECORDING_SEQUENCE.DISPLAY_SCREEN[1] (BEGIN) 
195670.769 DISPLAY_SCREEN[1] BLOCK.RECORDING_SEQUENCE.DISPLAY_SCREEN[1]
198170.829 TIMER[1] BLOCK.RECORDING_SEQUENCE.TIMER[1]
198170.987 SET_BUTTON_PRESS BLOCK.RECORDING_SEQUENCE.SET_BUTTON_PRESS
198171.129 ADD_TO_RESULTS_FILE[1] BLOCK.RECORDING_SEQUENCE.ADD_TO_RESULTS_FILE[1]
198171.182 SetValueAction 
198180.740 TRIAL_IMAGE BLOCK.RECORDING_SEQUENCE.TRIAL_IMAGE (BEGIN) 
198188.011 TRIAL_IMAGE BLOCK.RECORDING_SEQUENCE.TRIAL_IMAGE
198663.080 TIMER[2] BLOCK.RECORDING_SEQUENCE.TIMER[2]
198673.614 DISPLAY_SCREEN[1] BLOCK.RECORDING_SEQUENCE.DISPLAY_SCREEN[1] (BEGIN) 
198688.144 DISPLAY_SCREEN[1] BLOCK.RECORDING_SEQUENCE.DISPLAY_SCREEN[1]
201188.214 TIMER[1] BLOCK.RECORDING_SEQUENCE.TIMER[1]
201188.351 SET_BUTTON_PRESS BLOCK.RECORDING_SEQUENCE.SET_BUTTON_PRESS
201188.493 ADD_TO_RESULTS_FILE[1] BLOCK.RECORDING_SEQUENCE.ADD_TO_RESULTS_FILE[1]
201188.547 SetValueAction 
201189.352 TRIAL_IMAGE BLOCK.RECORDING_SEQUENCE.TRIAL_IMAGE (BEGIN) 
201205.391 TRIAL_IMAGE BLOCK.RECORDING_SEQUENCE.TRIAL_IMAGE
201680.512 TIMER[2] BLOCK.RECORDING_SEQUENCE.TIMER[2]
201690.613 DISPLAY_SCREEN[1] BLOCK.RECORDING_SEQUENCE.DISPLAY_SCREEN[1] (BEGIN) 
201705.512 DISPLAY_SCREEN[1] BLOCK.RECORDING_SEQUENCE.DISPLAY_SCREEN[1]
204205.521 TIMER[1] BLOCK.RECORDING_SEQUENCE.TIMER[1]
204205.658 SET_BUTTON_PRESS BLOCK.RECORDING_SEQUENCE.SET_BUTTON_PRESS
204205.800 ADD_TO_RESULTS_FILE[1] BLOCK.RECORDING_SEQUENCE.ADD_TO_RESULTS_FILE[1]
204205.853 SetValueAction 
204206.646 TRIAL_IMAGE BLOCK.RECORDING_SEQUENCE.TRIAL_IMAGE (BEGIN) 
204222.773 TRIAL_IMAGE BLOCK.RECORDING_SEQUENCE.TRIAL_IMAGE
204697.899 TIMER[2] BLOCK.RECORDING_SEQUENCE.TIMER[2]
204707.613 DISPLAY_SCREEN[1] BLOCK.RECORDING_SEQUENCE.DISPLAY_SCREEN[1] (BEGIN) 
204722.895 DISPLAY_SCREEN[1] BLOCK.RECORDING_SEQUENCE.DISPLAY_SCREEN[1]
207222.940 TIMER[1] BLOCK.RECORDING_SEQUENCE.TIMER[1]
207223.080 SET_BUTTON_PRESS BLOCK.RECORDING_SEQUENCE.SET_BUTTON_PRESS
207223.223 ADD_TO_RESULTS_FILE[1] BLOCK.RECORDING_SEQUENCE.ADD_TO_RESULTS_FILE[1]
207223.277 SetValueAction 
207233.125 TRIAL_IMAGE BLOCK.RECORDING_SEQUENCE.TRIAL_IMAGE (BEGIN) 
207240.141 TRIAL_IMAGE BLOCK.RECORDING_SEQUENCE.TRIAL_IMAGE
207715.197 TIMER[2] BLOCK.RECORDING_SEQUENCE.TIMER[2]
207725.613 DISPLAY_SCREEN[1] BLOCK.RECORDING_SEQUENCE.DISPLAY_SCREEN[1] (BEGIN) 
207740.263 DISPLAY_SCREEN[1] BLOCK.RECORDING_SEQUENCE.DISPLAY_SCREEN[1]
210240.266 TIMER[1] BLOCK.RECORDING_SEQUENCE.TIMER[1]
210240.404 SET_BUTTON_PRESS BLOCK.RECORDING_SEQUENCE.SET_BUTTON_PRESS
210240.550 ADD_TO_RESULTS_FILE[1] BLOCK.RECORDING_SEQUENCE.ADD_TO_RESULTS_FILE[1]
210240.634 SetValueAction 
210241.508 TRIAL_IMAGE BLOCK.RECORDING_SEQUENCE.TRIAL_IMAGE (BEGIN) 
210257.515 TRIAL_IMAGE BLOCK.RECORDING_SEQUENCE.TRIAL_IMAGE
210732.604 TIMER[2] BLOCK.RECORDING_SEQUENCE.TIMER[2]
210742.614 DISPLAY_SCREEN[1] BLOCK.RECORDING_SEQUENCE.DISPLAY_SCREEN[1] (BEGIN) 
210757.634 DISPLAY_SCREEN[1] BLOCK.RECORDING_SEQUENCE.DISPLAY_SCREEN[1]
210798.760 MOUSE_R BLOCK.RECORDING_SEQUENCE.MOUSE_R
210798.893 SET_BUTTON_PRESS2 BLOCK.RECORDING_SEQUENCE.SET_BUTTON_PRESS2
210799.034 ADD_TO_RESULTS_FILE[1] BLOCK.RECORDING_SEQUENCE.ADD_TO_RESULTS_FILE[1]
210799.086 SetValueAction 
210809.926 TRIAL_IMAGE BLOCK.RECORDING_SEQUENCE.TRIAL_IMAGE (BEGIN) 
210824.315 TRIAL_IMAGE BLOCK.RECORDING_SEQUENCE.TRIAL_IMAGE
211299.399 TIMER[2] BLOCK.RECORDING_SEQUENCE.TIMER[2]
211309.614 DISPLAY_SCREEN[1] BLOCK.RECORDING_SEQUENCE.DISPLAY_SCREEN[1] (BEGIN) 
211324.440 DISPLAY_SCREEN[1] BLOCK.RECORDING_SEQUENCE.DISPLAY_SCREEN[1]
213824.478 TIMER[1] BLOCK.RECORDING_SEQUENCE.TIMER[1]
213824.626 SET_BUTTON_PRESS BLOCK.RECORDING_SEQUENCE.SET_BUTTON_PRESS
213824.772 ADD_TO_RESULTS_FILE[1] BLOCK.RECORDING_SEQUENCE.ADD_TO_RESULTS_FILE[1]
213824.827 SetValueAction 
213825.552 TRIAL_IMAGE BLOCK.RECORDING_SEQUENCE.TRIAL_IMAGE (BEGIN) 
213841.696 TRIAL_IMAGE BLOCK.RECORDING_SEQUENCE.TRIAL_IMAGE
214316.753 TIMER[2] BLOCK.RECORDING_SEQUENCE.TIMER[2]
214326.613 DISPLAY_SCREEN[1] BLOCK.RECORDING_SEQUENCE.DISPLAY_SCREEN[1] (BEGIN) 
214341.809 DISPLAY_SCREEN[1] BLOCK.RECORDING_SEQUENCE.DISPLAY_SCREEN[1]
216841.831 TIMER[1] BLOCK.RECORDING_SEQUENCE.TIMER[1]
216841.968 SET_BUTTON_PRESS BLOCK.RECORDING_SEQUENCE.SET_BUTTON_PRESS
216842.110 ADD_TO_RESULTS_FILE[1] BLOCK.RECORDING_SEQUENCE.ADD_TO_RESULTS_FILE[1]
216842.162 SetValueAction 
216842.923 TRIAL_IMAGE BLOCK.RECORDING_SEQUENCE.TRIAL_IMAGE (BEGIN) 
216859.066 TRIAL_IMAGE BLOCK.RECORDING_SEQUENCE.TRIAL_IMAGE
217334.131 TIMER[2] BLOCK.RECORDING_SEQUENCE.TIMER[2]
217344.614 DISPLAY_SCREEN[1] BLOCK.RECORDING_SEQUENCE.DISPLAY_SCREEN[1] (BEGIN) 
217359.191 DISPLAY_SCREEN[1] BLOCK.RECORDING_SEQUENCE.DISPLAY_SCREEN[1]
217439.197 MOUSE_R BLOCK.RECORDING_SEQUENCE.MOUSE_R
217439.331 SET_BUTTON_PRESS2 BLOCK.RECORDING_SEQUENCE.SET_BUTTON_PRESS2
217439.493 ADD_TO_RESULTS_FILE[1] BLOCK.RECORDING_SEQUENCE.ADD_TO_RESULTS_FILE[1]
217439.546 SetValueAction 
217440.224 TRIAL_IMAGE BLOCK.RECORDING_SEQUENCE.TRIAL_IMAGE (BEGIN) 
217442.518 TRIAL_IMAGE BLOCK.RECORDING_SEQUENCE.TRIAL_IMAGE
217917.570 TIMER[2] BLOCK.RECORDING_SEQUENCE.TIMER[2]
217927.613 DISPLAY_SCREEN[1] BLOCK.RECORDING_SEQUENCE.DISPLAY_SCREEN[1] (BEGIN) 
217942.649 DISPLAY_SCREEN[1] BLOCK.RECORDING_SEQUENCE.DISPLAY_SCREEN[1]
220442.708 TIMER[1] BLOCK.RECORDING_SEQUENCE.TIMER[1]
220442.846 SET_BUTTON_PRESS BLOCK.RECORDING_SEQUENCE.SET_BUTTON_PRESS
220442.989 ADD_TO_RESULTS_FILE[1] BLOCK.RECORDING_SEQUENCE.ADD_TO_RESULTS_FILE[1]
220443.042 SetValueAction 
220451.960 TRIAL_IMAGE BLOCK.RECORDING_SEQUENCE.TRIAL_IMAGE (BEGIN) 
220459.896 TRIAL_IMAGE BLOCK.RECORDING_SEQUENCE.TRIAL_IMAGE
220935.029 TIMER[2] BLOCK.RECORDING_SEQUENCE.TIMER[2]
220944.614 DISPLAY_SCREEN[1] BLOCK.RECORDING_SEQUENCE.DISPLAY_SCREEN[1] (BEGIN) 
220960.038 DISPLAY_SCREEN[1] BLOCK.RECORDING_SEQUENCE.DISPLAY_SCREEN[1]
220960.307 MOUSE_R BLOCK.RECORDING_SEQUENCE.MOUSE_R
220960.473 SET_BUTTON_PRESS2 BLOCK.RECORDING_SEQUENCE.SET_BUTTON_PRESS2
220960.615 ADD_TO_RESULTS_FILE[1] BLOCK.RECORDING_SEQUENCE.ADD_TO_RESULTS_FILE[1]
220960.668 SetValueAction 
220970.043 TRIAL_IMAGE BLOCK.RECORDING_SEQUENCE.TRIAL_IMAGE (BEGIN) 
220976.689 TRIAL_IMAGE BLOCK.RECORDING_SEQUENCE.TRIAL_IMAGE
221451.760 TIMER[2] BLOCK.RECORDING_SEQUENCE.TIMER[2]
221461.614 DISPLAY_SCREEN[1] BLOCK.RECORDING_SEQUENCE.DISPLAY_SCREEN[1] (BEGIN) 
221476.810 DISPLAY_SCREEN[1] BLOCK.RECORDING_SEQUENCE.DISPLAY_SCREEN[1]
223976.815 TIMER[1] BLOCK.RECORDING_SEQUENCE.TIMER[1]
223976.953 SET_BUTTON_PRESS BLOCK.RECORDING_SEQUENCE.SET_BUTTON_PRESS
223977.096 ADD_TO_RESULTS_FILE[1] BLOCK.RECORDING_SEQUENCE.ADD_TO_RESULTS_FILE[1]
223977.149 SetValueAction 
223977.893 TRIAL_IMAGE BLOCK.RECORDING_SEQUENCE.TRIAL_IMAGE (BEGIN) 
223994.068 TRIAL_IMAGE BLOCK.RECORDING_SEQUENCE.TRIAL_IMAGE
224469.169 TIMER[2] BLOCK.RECORDING_SEQUENCE.TIMER[2]
224479.614 DISPLAY_SCREEN[1] BLOCK.RECORDING_SEQUENCE.DISPLAY_SCREEN[1] (BEGIN) 
224494.190 DISPLAY_SCREEN[1] BLOCK.RECORDING_SEQUENCE.DISPLAY_SCREEN[1]
226994.262 TIMER[1] BLOCK.RECORDING_SEQUENCE.TIMER[1]
226994.401 SET_BUTTON_PRESS BLOCK.RECORDING_SEQUENCE.SET_BUTTON_PRESS
226994.543 ADD_TO_RESULTS_FILE[1] BLOCK.RECORDING_SEQUENCE.ADD_TO_RESULTS_FILE[1]
226994.597 SetValueAction 
227005.242 TRIAL_IMAGE BLOCK.RECORDING_SEQUENCE.TRIAL_IMAGE (BEGIN) 
227011.446 TRIAL_IMAGE BLOCK.RECORDING_SEQUENCE.TRIAL_IMAGE
227486.522 TIMER[2] BLOCK.RECORDING_SEQUENCE.TIMER[2]
227496.614 DISPLAY_SCREEN[1] BLOCK.RECORDING_SEQUENCE.DISPLAY_SCREEN[1] (BEGIN) 
227511.559 DISPLAY_SCREEN[1] BLOCK.RECORDING_SEQUENCE.DISPLAY_SCREEN[1]
230011.620 TIMER[1] BLOCK.RECORDING_SEQUENCE.TIMER[1]
230011.759 SET_BUTTON_PRESS BLOCK.RECORDING_SEQUENCE.SET_BUTTON_PRESS
230011.904 ADD_TO_RESULTS_FILE[1] BLOCK.RECORDING_SEQUENCE.ADD_TO_RESULTS_FILE[1]
230011.957 SetValueAction 
230012.713 TRIAL_IMAGE BLOCK.RECORDING_SEQUENCE.TRIAL_IMAGE (BEGIN) 
230028.825 TRIAL_IMAGE BLOCK.RECORDING_SEQUENCE.TRIAL_IMAGE
230503.916 TIMER[2] BLOCK.RECORDING_SEQUENCE.TIMER[2]
230513.615 DISPLAY_SCREEN[1] BLOCK.RECORDING_SEQUENCE.DISPLAY_SCREEN[1] (BEGIN) 
230528.942 DISPLAY_SCREEN[1] BLOCK.RECORDING_SEQUENCE.DISPLAY_SCREEN[1]
233028.980 TIMER[1] BLOCK.RECORDING_SEQUENCE.TIMER[1]
233029.140 SET_BUTTON_PRESS BLOCK.RECORDING_SEQUENCE.SET_BUTTON_PRESS
233029.283 ADD_TO_RESULTS_FILE[1] BLOCK.RECORDING_SEQUENCE.ADD_TO_RESULTS_FILE[1]
233029.337 SetValueAction 
233030.148 TRIAL_IMAGE BLOCK.RECORDING_SEQUENCE.TRIAL_IMAGE (BEGIN) 
233046.198 TRIAL_IMAGE BLOCK.RECORDING_SEQUENCE.TRIAL_IMAGE
233521.320 TIMER[2] BLOCK.RECORDING_SEQUENCE.TIMER[2]
233531.623 DISPLAY_SCREEN[1] BLOCK.RECORDING_SEQUENCE.DISPLAY_SCREEN[1] (BEGIN) 
233546.309 DISPLAY_SCREEN[1] BLOCK.RECORDING_SEQUENCE.DISPLAY_SCREEN[1]
233644.858 MOUSE_R BLOCK.RECORDING_SEQUENCE.MOUSE_R
233644.994 SET_BUTTON_PRESS2 BLOCK.RECORDING_SEQUENCE.SET_BUTTON_PRESS2
233645.155 ADD_TO_RESULTS_FILE[1] BLOCK.RECORDING_SEQUENCE.ADD_TO_RESULTS_FILE[1]
233645.207 SetValueAction 
233655.957 TRIAL_IMAGE BLOCK.RECORDING_SEQUENCE.TRIAL_IMAGE (BEGIN) 
233663.004 TRIAL_IMAGE BLOCK.RECORDING_SEQUENCE.TRIAL_IMAGE
234138.118 TIMER[2] BLOCK.RECORDING_SEQUENCE.TIMER[2]
234148.613 DISPLAY_SCREEN[1] BLOCK.RECORDING_SEQUENCE.DISPLAY_SCREEN[1] (BEGIN) 
234163.128 DISPLAY_SCREEN[1] BLOCK.RECORDING_SEQUENCE.DISPLAY_SCREEN[1]
236663.163 TIMER[1] BLOCK.RECORDING_SEQUENCE.TIMER[1]
236663.302 SET_BUTTON_PRESS BLOCK.RECORDING_SEQUENCE.SET_BUTTON_PRESS
236663.447 ADD_TO_RESULTS_FILE[1] BLOCK.RECORDING_SEQUENCE.ADD_TO_RESULTS_FILE[1]
236663.509 SetValueAction 
236664.297 TRIAL_IMAGE BLOCK.RECORDING_SEQUENCE.TRIAL_IMAGE (BEGIN) 
236680.380 TRIAL_IMAGE BLOCK.RECORDING_SEQUENCE.TRIAL_IMAGE
237155.468 TIMER[2] BLOCK.RECORDING_SEQUENCE.TIMER[2]
237165.614 DISPLAY_SCREEN[1] BLOCK.RECORDING_SEQUENCE.DISPLAY_SCREEN[1] (BEGIN) 
237180.500 DISPLAY_SCREEN[1] BLOCK.RECORDING_SEQUENCE.DISPLAY_SCREEN[1]
239680.560 TIMER[1] BLOCK.RECORDING_SEQUENCE.TIMER[1]
239680.699 SET_BUTTON_PRESS BLOCK.RECORDING_SEQUENCE.SET_BUTTON_PRESS
239680.843 ADD_TO_RESULTS_FILE[1] BLOCK.RECORDING_SEQUENCE.ADD_TO_RESULTS_FILE[1]
239680.897 SetValueAction 
239691.790 TRIAL_IMAGE BLOCK.RECORDING_SEQUENCE.TRIAL_IMAGE (BEGIN) 
239697.740 TRIAL_IMAGE BLOCK.RECORDING_SEQUENCE.TRIAL_IMAGE
240172.802 TIMER[2] BLOCK.RECORDING_SEQUENCE.TIMER[2]
240182.614 DISPLAY_SCREEN[1] BLOCK.RECORDING_SEQUENCE.DISPLAY_SCREEN[1] (BEGIN) 
240197.872 DISPLAY_SCREEN[1] BLOCK.RECORDING_SEQUENCE.DISPLAY_SCREEN[1]
242697.872 TIMER[1] BLOCK.RECORDING_SEQUENCE.TIMER[1]
242698.010 SET_BUTTON_PRESS BLOCK.RECORDING_SEQUENCE.SET_BUTTON_PRESS
242698.154 ADD_TO_RESULTS_FILE[1] BLOCK.RECORDING_SEQUENCE.ADD_TO_RESULTS_FILE[1]
242698.206 SetValueAction 
242698.991 TRIAL_IMAGE BLOCK.RECORDING_SEQUENCE.TRIAL_IMAGE (BEGIN) 
242715.136 TRIAL_IMAGE BLOCK.RECORDING_SEQUENCE.TRIAL_IMAGE
243190.248 TIMER[2] BLOCK.RECORDING_SEQUENCE.TIMER[2]
243200.614 DISPLAY_SCREEN[1] BLOCK.RECORDING_SEQUENCE.DISPLAY_SCREEN[1] (BEGIN) 
243215.249 DISPLAY_SCREEN[1] BLOCK.RECORDING_SEQUENCE.DISPLAY_SCREEN[1]
245715.273 TIMER[1] BLOCK.RECORDING_SEQUENCE.TIMER[1]
245715.412 SET_BUTTON_PRESS BLOCK.RECORDING_SEQUENCE.SET_BUTTON_PRESS
245715.577 ADD_TO_RESULTS_FILE[1] BLOCK.RECORDING_SEQUENCE.ADD_TO_RESULTS_FILE[1]
245715.631 SetValueAction 
245716.419 TRIAL_IMAGE BLOCK.RECORDING_SEQUENCE.TRIAL_IMAGE (BEGIN) 
245732.503 TRIAL_IMAGE BLOCK.RECORDING_SEQUENCE.TRIAL_IMAGE
246207.632 TIMER[2] BLOCK.RECORDING_SEQUENCE.TIMER[2]
246217.614 DISPLAY_SCREEN[1] BLOCK.RECORDING_SEQUENCE.DISPLAY_SCREEN[1] (BEGIN) 
246232.619 DISPLAY_SCREEN[1] BLOCK.RECORDING_SEQUENCE.DISPLAY_SCREEN[1]
248732.661 TIMER[1] BLOCK.RECORDING_SEQUENCE.TIMER[1]
248732.829 SET_BUTTON_PRESS BLOCK.RECORDING_SEQUENCE.SET_BUTTON_PRESS
248732.971 ADD_TO_RESULTS_FILE[1] BLOCK.RECORDING_SEQUENCE.ADD_TO_RESULTS_FILE[1]
248733.025 SetValueAction 
248733.824 TRIAL_IMAGE BLOCK.RECORDING_SEQUENCE.TRIAL_IMAGE (BEGIN) 
248749.883 TRIAL_IMAGE BLOCK.RECORDING_SEQUENCE.TRIAL_IMAGE
249224.982 TIMER[2] BLOCK.RECORDING_SEQUENCE.TIMER[2]
249234.615 DISPLAY_SCREEN[1] BLOCK.RECORDING_SEQUENCE.DISPLAY_SCREEN[1] (BEGIN) 
249249.990 DISPLAY_SCREEN[1] BLOCK.RECORDING_SEQUENCE.DISPLAY_SCREEN[1]
251749.992 TIMER[1] BLOCK.RECORDING_SEQUENCE.TIMER[1]
251750.131 SET_BUTTON_PRESS BLOCK.RECORDING_SEQUENCE.SET_BUTTON_PRESS
251750.275 ADD_TO_RESULTS_FILE[1] BLOCK.RECORDING_SEQUENCE.ADD_TO_RESULTS_FILE[1]
251750.328 SetValueAction 
251751.096 TRIAL_IMAGE BLOCK.RECORDING_SEQUENCE.TRIAL_IMAGE (BEGIN) 
251767.254 TRIAL_IMAGE BLOCK.RECORDING_SEQUENCE.TRIAL_IMAGE
252242.321 TIMER[2] BLOCK.RECORDING_SEQUENCE.TIMER[2]
252252.613 DISPLAY_SCREEN[1] BLOCK.RECORDING_SEQUENCE.DISPLAY_SCREEN[1] (BEGIN) 
252267.365 DISPLAY_SCREEN[1] BLOCK.RECORDING_SEQUENCE.DISPLAY_SCREEN[1]
254767.439 TIMER[1] BLOCK.RECORDING_SEQUENCE.TIMER[1]
254767.580 SET_BUTTON_PRESS BLOCK.RECORDING_SEQUENCE.SET_BUTTON_PRESS
254767.761 ADD_TO_RESULTS_FILE[1] BLOCK.RECORDING_SEQUENCE.ADD_TO_RESULTS_FILE[1]
254767.815 SetValueAction 
254777.649 TRIAL_IMAGE BLOCK.RECORDING_SEQUENCE.TRIAL_IMAGE (BEGIN) 
254784.640 TRIAL_IMAGE BLOCK.RECORDING_SEQUENCE.TRIAL_IMAGE
255259.754 TIMER[2] BLOCK.RECORDING_SEQUENCE.TIMER[2]
255269.625 DISPLAY_SCREEN[1] BLOCK.RECORDING_SEQUENCE.DISPLAY_SCREEN[1] (BEGIN) 
255284.743 DISPLAY_SCREEN[1] BLOCK.RECORDING_SEQUENCE.DISPLAY_SCREEN[1]
257784.779 TIMER[1] BLOCK.RECORDING_SEQUENCE.TIMER[1]
257784.918 SET_BUTTON_PRESS BLOCK.RECORDING_SEQUENCE.SET_BUTTON_PRESS
257785.060 ADD_TO_RESULTS_FILE[1] BLOCK.RECORDING_SEQUENCE.ADD_TO_RESULTS_FILE[1]
257785.113 SetValueAction 
257785.907 TRIAL_IMAGE BLOCK.RECORDING_SEQUENCE.TRIAL_IMAGE (BEGIN) 
257802.003 TRIAL_IMAGE BLOCK.RECORDING_SEQUENCE.TRIAL_IMAGE
258277.113 TIMER[2] BLOCK.RECORDING_SEQUENCE.TIMER[2]
258287.614 DISPLAY_SCREEN[1] BLOCK.RECORDING_SEQUENCE.DISPLAY_SCREEN[1] (BEGIN) 
258302.113 DISPLAY_SCREEN[1] BLOCK.RECORDING_SEQUENCE.DISPLAY_SCREEN[1]
260802.174 TIMER[1] BLOCK.RECORDING_SEQUENCE.TIMER[1]
260802.311 SET_BUTTON_PRESS BLOCK.RECORDING_SEQUENCE.SET_BUTTON_PRESS
260802.453 ADD_TO_RESULTS_FILE[1] BLOCK.RECORDING_SEQUENCE.ADD_TO_RESULTS_FILE[1]
260802.532 SetValueAction 
260803.270 TRIAL_IMAGE BLOCK.RECORDING_SEQUENCE.TRIAL_IMAGE (BEGIN) 
260819.369 TRIAL_IMAGE BLOCK.RECORDING_SEQUENCE.TRIAL_IMAGE
261294.472 TIMER[2] BLOCK.RECORDING_SEQUENCE.TIMER[2]
261304.613 DISPLAY_SCREEN[1] BLOCK.RECORDING_SEQUENCE.DISPLAY_SCREEN[1] (BEGIN) 
261319.494 DISPLAY_SCREEN[1] BLOCK.RECORDING_SEQUENCE.DISPLAY_SCREEN[1]
263819.513 TIMER[1] BLOCK.RECORDING_SEQUENCE.TIMER[1]
263819.653 SET_BUTTON_PRESS BLOCK.RECORDING_SEQUENCE.SET_BUTTON_PRESS
263819.797 ADD_TO_RESULTS_FILE[1] BLOCK.RECORDING_SEQUENCE.ADD_TO_RESULTS_FILE[1]
263819.850 SetValueAction 
263828.486 TRIAL_IMAGE BLOCK.RECORDING_SEQUENCE.TRIAL_IMAGE (BEGIN) 
263836.735 TRIAL_IMAGE BLOCK.RECORDING_SEQUENCE.TRIAL_IMAGE
264311.868 TIMER[2] BLOCK.RECORDING_SEQUENCE.TIMER[2]
264321.615 DISPLAY_SCREEN[1] BLOCK.RECORDING_SEQUENCE.DISPLAY_SCREEN[1] (BEGIN) 
264336.857 DISPLAY_SCREEN[1] BLOCK.RECORDING_SEQUENCE.DISPLAY_SCREEN[1]
266836.897 TIMER[1] BLOCK.RECORDING_SEQUENCE.TIMER[1]
266837.037 SET_BUTTON_PRESS BLOCK.RECORDING_SEQUENCE.SET_BUTTON_PRESS
266837.179 ADD_TO_RESULTS_FILE[1] BLOCK.RECORDING_SEQUENCE.ADD_TO_RESULTS_FILE[1]
266837.232 SetValueAction 
266837.991 TRIAL_IMAGE BLOCK.RECORDING_SEQUENCE.TRIAL_IMAGE (BEGIN) 
266854.122 TRIAL_IMAGE BLOCK.RECORDING_SEQUENCE.TRIAL_IMAGE
267329.165 TIMER[2] BLOCK.RECORDING_SEQUENCE.TIMER[2]
267339.614 DISPLAY_SCREEN[1] BLOCK.RECORDING_SEQUENCE.DISPLAY_SCREEN[1] (BEGIN) 
267354.233 DISPLAY_SCREEN[1] BLOCK.RECORDING_SEQUENCE.DISPLAY_SCREEN[1]
267379.042 MOUSE_R BLOCK.RECORDING_SEQUENCE.MOUSE_R
267379.176 SET_BUTTON_PRESS2 BLOCK.RECORDING_SEQUENCE.SET_BUTTON_PRESS2
267379.316 ADD_TO_RESULTS_FILE[1] BLOCK.RECORDING_SEQUENCE.ADD_TO_RESULTS_FILE[1]
267379.389 SetValueAction 
267389.757 TRIAL_IMAGE BLOCK.RECORDING_SEQUENCE.TRIAL_IMAGE (BEGIN) 
267404.251 TRIAL_IMAGE BLOCK.RECORDING_SEQUENCE.TRIAL_IMAGE
267879.317 TIMER[2] BLOCK.RECORDING_SEQUENCE.TIMER[2]
267889.614 DISPLAY_SCREEN[1] BLOCK.RECORDING_SEQUENCE.DISPLAY_SCREEN[1] (BEGIN) 
267904.377 DISPLAY_SCREEN[1] BLOCK.RECORDING_SEQUENCE.DISPLAY_SCREEN[1]
270404.425 TIMER[1] BLOCK.RECORDING_SEQUENCE.TIMER[1]
270404.564 SET_BUTTON_PRESS BLOCK.RECORDING_SEQUENCE.SET_BUTTON_PRESS
270404.729 ADD_TO_RESULTS_FILE[1] BLOCK.RECORDING_SEQUENCE.ADD_TO_RESULTS_FILE[1]
270404.782 SetValueAction 
270405.552 TRIAL_IMAGE BLOCK.RECORDING_SEQUENCE.TRIAL_IMAGE (BEGIN) 
270421.620 TRIAL_IMAGE BLOCK.RECORDING_SEQUENCE.TRIAL_IMAGE
270896.677 TIMER[2] BLOCK.RECORDING_SEQUENCE.TIMER[2]
270906.614 DISPLAY_SCREEN[1] BLOCK.RECORDING_SEQUENCE.DISPLAY_SCREEN[1] (BEGIN) 
270921.738 DISPLAY_SCREEN[1] BLOCK.RECORDING_SEQUENCE.DISPLAY_SCREEN[1]
273421.758 TIMER[1] BLOCK.RECORDING_SEQUENCE.TIMER[1]
273421.897 SET_BUTTON_PRESS BLOCK.RECORDING_SEQUENCE.SET_BUTTON_PRESS
273422.039 ADD_TO_RESULTS_FILE[1] BLOCK.RECORDING_SEQUENCE.ADD_TO_RESULTS_FILE[1]
273422.093 SetValueAction 
273422.833 TRIAL_IMAGE BLOCK.RECORDING_SEQUENCE.TRIAL_IMAGE (BEGIN) 
273438.991 TRIAL_IMAGE BLOCK.RECORDING_SEQUENCE.TRIAL_IMAGE
273914.056 TIMER[2] BLOCK.RECORDING_SEQUENCE.TIMER[2]
273924.614 DISPLAY_SCREEN[1] BLOCK.RECORDING_SEQUENCE.DISPLAY_SCREEN[1] (BEGIN) 
273939.114 DISPLAY_SCREEN[1] BLOCK.RECORDING_SEQUENCE.DISPLAY_SCREEN[1]
273969.990 MOUSE_R BLOCK.RECORDING_SEQUENCE.MOUSE_R
273970.122 SET_BUTTON_PRESS2 BLOCK.RECORDING_SEQUENCE.SET_BUTTON_PRESS2
273970.283 ADD_TO_RESULTS_FILE[1] BLOCK.RECORDING_SEQUENCE.ADD_TO_RESULTS_FILE[1]
273970.335 SetValueAction 
273974.615 TRIAL_IMAGE BLOCK.RECORDING_SEQUENCE.TRIAL_IMAGE (BEGIN) 
273989.132 TRIAL_IMAGE BLOCK.RECORDING_SEQUENCE.TRIAL_IMAGE
274464.241 TIMER[2] BLOCK.RECORDING_SEQUENCE.TIMER[2]
274474.616 DISPLAY_SCREEN[1] BLOCK.RECORDING_SEQUENCE.DISPLAY_SCREEN[1] (BEGIN) 
274489.236 DISPLAY_SCREEN[1] BLOCK.RECORDING_SEQUENCE.DISPLAY_SCREEN[1]
276989.243 TIMER[1] BLOCK.RECORDING_SEQUENCE.TIMER[1]
276989.382 SET_BUTTON_PRESS BLOCK.RECORDING_SEQUENCE.SET_BUTTON_PRESS
276989.525 ADD_TO_RESULTS_FILE[1] BLOCK.RECORDING_SEQUENCE.ADD_TO_RESULTS_FILE[1]
276989.578 SetValueAction 
276999.753 TRIAL_IMAGE BLOCK.RECORDING_SEQUENCE.TRIAL_IMAGE (BEGIN) 
277006.489 TRIAL_IMAGE BLOCK.RECORDING_SEQUENCE.TRIAL_IMAGE
277481.560 TIMER[2] BLOCK.RECORDING_SEQUENCE.TIMER[2]
277491.614 DISPLAY_SCREEN[1] BLOCK.RECORDING_SEQUENCE.DISPLAY_SCREEN[1] (BEGIN) 
277506.617 DISPLAY_SCREEN[1] BLOCK.RECORDING_SEQUENCE.DISPLAY_SCREEN[1]
280006.650 TIMER[1] BLOCK.RECORDING_SEQUENCE.TIMER[1]
280006.791 SET_BUTTON_PRESS BLOCK.RECORDING_SEQUENCE.SET_BUTTON_PRESS
280006.934 ADD_TO_RESULTS_FILE[1] BLOCK.RECORDING_SEQUENCE.ADD_TO_RESULTS_FILE[1]
280006.989 SetValueAction 
280016.567 TRIAL_IMAGE BLOCK.RECORDING_SEQUENCE.TRIAL_IMAGE (BEGIN) 
280023.868 TRIAL_IMAGE BLOCK.RECORDING_SEQUENCE.TRIAL_IMAGE
280498.921 TIMER[2] BLOCK.RECORDING_SEQUENCE.TIMER[2]
280508.613 DISPLAY_SCREEN[1] BLOCK.RECORDING_SEQUENCE.DISPLAY_SCREEN[1] (BEGIN) 
280523.998 DISPLAY_SCREEN[1] BLOCK.RECORDING_SEQUENCE.DISPLAY_SCREEN[1]
283024.058 TIMER[1] BLOCK.RECORDING_SEQUENCE.TIMER[1]
283024.197 SET_BUTTON_PRESS BLOCK.RECORDING_SEQUENCE.SET_BUTTON_PRESS
283024.340 ADD_TO_RESULTS_FILE[1] BLOCK.RECORDING_SEQUENCE.ADD_TO_RESULTS_FILE[1]
283024.394 SetValueAction 
283025.181 TRIAL_IMAGE BLOCK.RECORDING_SEQUENCE.TRIAL_IMAGE (BEGIN) 
283041.250 TRIAL_IMAGE BLOCK.RECORDING_SEQUENCE.TRIAL_IMAGE
283516.316 TIMER[2] BLOCK.RECORDING_SEQUENCE.TIMER[2]
283526.625 DISPLAY_SCREEN[1] BLOCK.RECORDING_SEQUENCE.DISPLAY_SCREEN[1] (BEGIN) 
283541.367 DISPLAY_SCREEN[1] BLOCK.RECORDING_SEQUENCE.DISPLAY_SCREEN[1]
286041.416 TIMER[1] BLOCK.RECORDING_SEQUENCE.TIMER[1]
286041.555 SET_BUTTON_PRESS BLOCK.RECORDING_SEQUENCE.SET_BUTTON_PRESS
286041.699 ADD_TO_RESULTS_FILE[1] BLOCK.RECORDING_SEQUENCE.ADD_TO_RESULTS_FILE[1]
286041.753 SetValueAction 
286042.538 TRIAL_IMAGE BLOCK.RECORDING_SEQUENCE.TRIAL_IMAGE (BEGIN) 
286058.623 TRIAL_IMAGE BLOCK.RECORDING_SEQUENCE.TRIAL_IMAGE
286533.714 TIMER[2] BLOCK.RECORDING_SEQUENCE.TIMER[2]
286543.614 DISPLAY_SCREEN[1] BLOCK.RECORDING_SEQUENCE.DISPLAY_SCREEN[1] (BEGIN) 
286558.741 DISPLAY_SCREEN[1] BLOCK.RECORDING_SEQUENCE.DISPLAY_SCREEN[1]
289058.781 TIMER[1] BLOCK.RECORDING_SEQUENCE.TIMER[1]
289059.005 SET_BUTTON_PRESS BLOCK.RECORDING_SEQUENCE.SET_BUTTON_PRESS
289059.150 ADD_TO_RESULTS_FILE[1] BLOCK.RECORDING_SEQUENCE.ADD_TO_RESULTS_FILE[1]
289059.204 SetValueAction 
289069.201 TRIAL_IMAGE BLOCK.RECORDING_SEQUENCE.TRIAL_IMAGE (BEGIN) 
289075.993 TRIAL_IMAGE BLOCK.RECORDING_SEQUENCE.TRIAL_IMAGE
289551.067 TIMER[2] BLOCK.RECORDING_SEQUENCE.TIMER[2]
289561.614 DISPLAY_SCREEN[1] BLOCK.RECORDING_SEQUENCE.DISPLAY_SCREEN[1] (BEGIN) 
289576.115 DISPLAY_SCREEN[1] BLOCK.RECORDING_SEQUENCE.DISPLAY_SCREEN[1]
289680.575 MOUSE_R BLOCK.RECORDING_SEQUENCE.MOUSE_R
289680.713 SET_BUTTON_PRESS2 BLOCK.RECORDING_SEQUENCE.SET_BUTTON_PRESS2
289680.877 ADD_TO_RESULTS_FILE[1] BLOCK.RECORDING_SEQUENCE.ADD_TO_RESULTS_FILE[1]
289680.930 SetValueAction 
289681.657 TRIAL_IMAGE BLOCK.RECORDING_SEQUENCE.TRIAL_IMAGE (BEGIN) 
289692.801 TRIAL_IMAGE BLOCK.RECORDING_SEQUENCE.TRIAL_IMAGE
290167.887 TIMER[2] BLOCK.RECORDING_SEQUENCE.TIMER[2]
290177.614 DISPLAY_SCREEN[1] BLOCK.RECORDING_SEQUENCE.DISPLAY_SCREEN[1] (BEGIN) 
290192.930 DISPLAY_SCREEN[1] BLOCK.RECORDING_SEQUENCE.DISPLAY_SCREEN[1]
292692.979 TIMER[1] BLOCK.RECORDING_SEQUENCE.TIMER[1]
292693.120 SET_BUTTON_PRESS BLOCK.RECORDING_SEQUENCE.SET_BUTTON_PRESS
292693.264 ADD_TO_RESULTS_FILE[1] BLOCK.RECORDING_SEQUENCE.ADD_TO_RESULTS_FILE[1]
292693.321 SetValueAction 
292694.095 TRIAL_IMAGE BLOCK.RECORDING_SEQUENCE.TRIAL_IMAGE (BEGIN) 
292710.177 TRIAL_IMAGE BLOCK.RECORDING_SEQUENCE.TRIAL_IMAGE
293185.293 TIMER[2] BLOCK.RECORDING_SEQUENCE.TIMER[2]
293195.613 DISPLAY_SCREEN[1] BLOCK.RECORDING_SEQUENCE.DISPLAY_SCREEN[1] (BEGIN) 
293210.293 DISPLAY_SCREEN[1] BLOCK.RECORDING_SEQUENCE.DISPLAY_SCREEN[1]
295710.358 TIMER[1] BLOCK.RECORDING_SEQUENCE.TIMER[1]
295710.497 SET_BUTTON_PRESS BLOCK.RECORDING_SEQUENCE.SET_BUTTON_PRESS
295710.641 ADD_TO_RESULTS_FILE[1] BLOCK.RECORDING_SEQUENCE.ADD_TO_RESULTS_FILE[1]
295710.695 SetValueAction 
295711.464 TRIAL_IMAGE BLOCK.RECORDING_SEQUENCE.TRIAL_IMAGE (BEGIN) 
295727.561 TRIAL_IMAGE BLOCK.RECORDING_SEQUENCE.TRIAL_IMAGE
296202.633 TIMER[2] BLOCK.RECORDING_SEQUENCE.TIMER[2]
296212.614 DISPLAY_SCREEN[1] BLOCK.RECORDING_SEQUENCE.DISPLAY_SCREEN[1] (BEGIN) 
296227.690 DISPLAY_SCREEN[1] BLOCK.RECORDING_SEQUENCE.DISPLAY_SCREEN[1]
296303.694 MOUSE_R BLOCK.RECORDING_SEQUENCE.MOUSE_R
296303.879 SET_BUTTON_PRESS2 BLOCK.RECORDING_SEQUENCE.SET_BUTTON_PRESS2
296304.020 ADD_TO_RESULTS_FILE[1] BLOCK.RECORDING_SEQUENCE.ADD_TO_RESULTS_FILE[1]
296304.073 SetValueAction 
296312.709 TRIAL_IMAGE BLOCK.RECORDING_SEQUENCE.TRIAL_IMAGE (BEGIN) 
296327.690 TRIAL_IMAGE BLOCK.RECORDING_SEQUENCE.TRIAL_IMAGE
296802.807 TIMER[2] BLOCK.RECORDING_SEQUENCE.TIMER[2]
296812.628 DISPLAY_SCREEN[1] BLOCK.RECORDING_SEQUENCE.DISPLAY_SCREEN[1] (BEGIN) 
296827.819 DISPLAY_SCREEN[1] BLOCK.RECORDING_SEQUENCE.DISPLAY_SCREEN[1]
299327.882 TIMER[1] BLOCK.RECORDING_SEQUENCE.TIMER[1]
299328.022 SET_BUTTON_PRESS BLOCK.RECORDING_SEQUENCE.SET_BUTTON_PRESS
299328.166 ADD_TO_RESULTS_FILE[1] BLOCK.RECORDING_SEQUENCE.ADD_TO_RESULTS_FILE[1]
299328.221 SetValueAction 
299329.020 TRIAL_IMAGE BLOCK.RECORDING_SEQUENCE.TRIAL_IMAGE (BEGIN) 
299345.073 TRIAL_IMAGE BLOCK.RECORDING_SEQUENCE.TRIAL_IMAGE
299820.149 TIMER[2] BLOCK.RECORDING_SEQUENCE.TIMER[2]
299830.616 DISPLAY_SCREEN[1] BLOCK.RECORDING_SEQUENCE.DISPLAY_SCREEN[1] (BEGIN) 
299845.187 DISPLAY_SCREEN[1] BLOCK.RECORDING_SEQUENCE.DISPLAY_SCREEN[1]
302345.237 TIMER[1] BLOCK.RECORDING_SEQUENCE.TIMER[1]
302345.374 SET_BUTTON_PRESS BLOCK.RECORDING_SEQUENCE.SET_BUTTON_PRESS
302345.517 ADD_TO_RESULTS_FILE[1] BLOCK.RECORDING_SEQUENCE.ADD_TO_RESULTS_FILE[1]
302345.570 SetValueAction 
302346.389 TRIAL_IMAGE BLOCK.RECORDING_SEQUENCE.TRIAL_IMAGE (BEGIN) 
302362.442 TRIAL_IMAGE BLOCK.RECORDING_SEQUENCE.TRIAL_IMAGE
302837.557 TIMER[2] BLOCK.RECORDING_SEQUENCE.TIMER[2]
302847.614 DISPLAY_SCREEN[1] BLOCK.RECORDING_SEQUENCE.DISPLAY_SCREEN[1] (BEGIN) 
302862.562 DISPLAY_SCREEN[1] BLOCK.RECORDING_SEQUENCE.DISPLAY_SCREEN[1]
305362.629 TIMER[1] BLOCK.RECORDING_SEQUENCE.TIMER[1]
305362.767 SET_BUTTON_PRESS BLOCK.RECORDING_SEQUENCE.SET_BUTTON_PRESS
305362.912 ADD_TO_RESULTS_FILE[1] BLOCK.RECORDING_SEQUENCE.ADD_TO_RESULTS_FILE[1]
305362.966 SetValueAction 
305371.804 TRIAL_IMAGE BLOCK.RECORDING_SEQUENCE.TRIAL_IMAGE (BEGIN) 
305379.815 TRIAL_IMAGE BLOCK.RECORDING_SEQUENCE.TRIAL_IMAGE
305854.904 TIMER[2] BLOCK.RECORDING_SEQUENCE.TIMER[2]
305864.615 DISPLAY_SCREEN[1] BLOCK.RECORDING_SEQUENCE.DISPLAY_SCREEN[1] (BEGIN) 
305879.934 DISPLAY_SCREEN[1] BLOCK.RECORDING_SEQUENCE.DISPLAY_SCREEN[1]
308379.996 TIMER[1] BLOCK.RECORDING_SEQUENCE.TIMER[1]
308380.133 SET_BUTTON_PRESS BLOCK.RECORDING_SEQUENCE.SET_BUTTON_PRESS
308380.277 ADD_TO_RESULTS_FILE[1] BLOCK.RECORDING_SEQUENCE.ADD_TO_RESULTS_FILE[1]
308380.331 SetValueAction 
308381.099 TRIAL_IMAGE BLOCK.RECORDING_SEQUENCE.TRIAL_IMAGE (BEGIN) 
308397.196 TRIAL_IMAGE BLOCK.RECORDING_SEQUENCE.TRIAL_IMAGE
308872.245 TIMER[2] BLOCK.RECORDING_SEQUENCE.TIMER[2]
308882.613 DISPLAY_SCREEN[1] BLOCK.RECORDING_SEQUENCE.DISPLAY_SCREEN[1] (BEGIN) 
308897.316 DISPLAY_SCREEN[1] BLOCK.RECORDING_SEQUENCE.DISPLAY_SCREEN[1]
311397.306 TIMER[1] BLOCK.RECORDING_SEQUENCE.TIMER[1]
311397.447 SET_BUTTON_PRESS BLOCK.RECORDING_SEQUENCE.SET_BUTTON_PRESS
311397.592 ADD_TO_RESULTS_FILE[1] BLOCK.RECORDING_SEQUENCE.ADD_TO_RESULTS_FILE[1]
311397.646 SetValueAction 
311398.424 TRIAL_IMAGE BLOCK.RECORDING_SEQUENCE.TRIAL_IMAGE (BEGIN) 
311414.577 TRIAL_IMAGE BLOCK.RECORDING_SEQUENCE.TRIAL_IMAGE
311889.671 TIMER[2] BLOCK.RECORDING_SEQUENCE.TIMER[2]
311899.614 DISPLAY_SCREEN[1] BLOCK.RECORDING_SEQUENCE.DISPLAY_SCREEN[1] (BEGIN) 
311914.676 DISPLAY_SCREEN[1] BLOCK.RECORDING_SEQUENCE.DISPLAY_SCREEN[1]
314414.728 TIMER[1] BLOCK.RECORDING_SEQUENCE.TIMER[1]
314414.867 SET_BUTTON_PRESS BLOCK.RECORDING_SEQUENCE.SET_BUTTON_PRESS
314415.010 ADD_TO_RESULTS_FILE[1] BLOCK.RECORDING_SEQUENCE.ADD_TO_RESULTS_FILE[1]
314415.062 SetValueAction 
314415.833 TRIAL_IMAGE BLOCK.RECORDING_SEQUENCE.TRIAL_IMAGE (BEGIN) 
314431.947 TRIAL_IMAGE BLOCK.RECORDING_SEQUENCE.TRIAL_IMAGE
314907.067 TIMER[2] BLOCK.RECORDING_SEQUENCE.TIMER[2]
314917.614 DISPLAY_SCREEN[1] BLOCK.RECORDING_SEQUENCE.DISPLAY_SCREEN[1] (BEGIN) 
314932.056 DISPLAY_SCREEN[1] BLOCK.RECORDING_SEQUENCE.DISPLAY_SCREEN[1]
317432.130 TIMER[1] BLOCK.RECORDING_SEQUENCE.TIMER[1]
317432.305 SET_BUTTON_PRESS BLOCK.RECORDING_SEQUENCE.SET_BUTTON_PRESS
317432.449 ADD_TO_RESULTS_FILE[1] BLOCK.RECORDING_SEQUENCE.ADD_TO_RESULTS_FILE[1]
317432.502 SetValueAction 
317433.237 TRIAL_IMAGE BLOCK.RECORDING_SEQUENCE.TRIAL_IMAGE (BEGIN) 
317449.321 TRIAL_IMAGE BLOCK.RECORDING_SEQUENCE.TRIAL_IMAGE
317924.450 TIMER[2] BLOCK.RECORDING_SEQUENCE.TIMER[2]
317934.614 DISPLAY_SCREEN[1] BLOCK.RECORDING_SEQUENCE.DISPLAY_SCREEN[1] (BEGIN) 
317949.427 DISPLAY_SCREEN[1] BLOCK.RECORDING_SEQUENCE.DISPLAY_SCREEN[1]
320449.498 TIMER[1] BLOCK.RECORDING_SEQUENCE.TIMER[1]
320449.635 SET_BUTTON_PRESS BLOCK.RECORDING_SEQUENCE.SET_BUTTON_PRESS
320449.779 ADD_TO_RESULTS_FILE[1] BLOCK.RECORDING_SEQUENCE.ADD_TO_RESULTS_FILE[1]
320449.833 SetValueAction 
320450.599 TRIAL_IMAGE BLOCK.RECORDING_SEQUENCE.TRIAL_IMAGE (BEGIN) 
320466.683 TRIAL_IMAGE BLOCK.RECORDING_SEQUENCE.TRIAL_IMAGE
320941.791 TIMER[2] BLOCK.RECORDING_SEQUENCE.TIMER[2]
320951.614 DISPLAY_SCREEN[1] BLOCK.RECORDING_SEQUENCE.DISPLAY_SCREEN[1] (BEGIN) 
320966.812 DISPLAY_SCREEN[1] BLOCK.RECORDING_SEQUENCE.DISPLAY_SCREEN[1]
323466.880 TIMER[1] BLOCK.RECORDING_SEQUENCE.TIMER[1]
323467.018 SET_BUTTON_PRESS BLOCK.RECORDING_SEQUENCE.SET_BUTTON_PRESS
323467.163 ADD_TO_RESULTS_FILE[1] BLOCK.RECORDING_SEQUENCE.ADD_TO_RESULTS_FILE[1]
323467.217 SetValueAction 
323477.066 TRIAL_IMAGE BLOCK.RECORDING_SEQUENCE.TRIAL_IMAGE (BEGIN) 
323484.056 TRIAL_IMAGE BLOCK.RECORDING_SEQUENCE.TRIAL_IMAGE
323959.114 TIMER[2] BLOCK.RECORDING_SEQUENCE.TIMER[2]
323969.615 DISPLAY_SCREEN[1] BLOCK.RECORDING_SEQUENCE.DISPLAY_SCREEN[1] (BEGIN) 
323984.174 DISPLAY_SCREEN[1] BLOCK.RECORDING_SEQUENCE.DISPLAY_SCREEN[1]
326484.192 TIMER[1] BLOCK.RECORDING_SEQUENCE.TIMER[1]
326484.331 SET_BUTTON_PRESS BLOCK.RECORDING_SEQUENCE.SET_BUTTON_PRESS
326484.475 ADD_TO_RESULTS_FILE[1] BLOCK.RECORDING_SEQUENCE.ADD_TO_RESULTS_FILE[1]
326484.528 SetValueAction 
326485.309 TRIAL_IMAGE BLOCK.RECORDING_SEQUENCE.TRIAL_IMAGE (BEGIN) 
326501.437 TRIAL_IMAGE BLOCK.RECORDING_SEQUENCE.TRIAL_IMAGE
326976.570 TIMER[2] BLOCK.RECORDING_SEQUENCE.TIMER[2]
326986.615 DISPLAY_SCREEN[1] BLOCK.RECORDING_SEQUENCE.DISPLAY_SCREEN[1] (BEGIN) 
327001.561 DISPLAY_SCREEN[1] BLOCK.RECORDING_SEQUENCE.DISPLAY_SCREEN[1]
329501.589 TIMER[1] BLOCK.RECORDING_SEQUENCE.TIMER[1]
329501.726 SET_BUTTON_PRESS BLOCK.RECORDING_SEQUENCE.SET_BUTTON_PRESS
329501.868 ADD_TO_RESULTS_FILE[1] BLOCK.RECORDING_SEQUENCE.ADD_TO_RESULTS_FILE[1]
329501.921 SetValueAction 
329510.758 TRIAL_IMAGE BLOCK.RECORDING_SEQUENCE.TRIAL_IMAGE (BEGIN) 
329518.802 TRIAL_IMAGE BLOCK.RECORDING_SEQUENCE.TRIAL_IMAGE
329993.857 TIMER[2] BLOCK.RECORDING_SEQUENCE.TIMER[2]
330003.615 DISPLAY_SCREEN[1] BLOCK.RECORDING_SEQUENCE.DISPLAY_SCREEN[1] (BEGIN) 
330018.932 DISPLAY_SCREEN[1] BLOCK.RECORDING_SEQUENCE.DISPLAY_SCREEN[1]
332519.006 TIMER[1] BLOCK.RECORDING_SEQUENCE.TIMER[1]
332519.179 SET_BUTTON_PRESS BLOCK.RECORDING_SEQUENCE.SET_BUTTON_PRESS
332519.338 ADD_TO_RESULTS_FILE[1] BLOCK.RECORDING_SEQUENCE.ADD_TO_RESULTS_FILE[1]
332519.392 SetValueAction 
332529.199 TRIAL_IMAGE BLOCK.RECORDING_SEQUENCE.TRIAL_IMAGE (BEGIN) 
332536.175 TRIAL_IMAGE BLOCK.RECORDING_SEQUENCE.TRIAL_IMAGE
333011.236 TIMER[2] BLOCK.RECORDING_SEQUENCE.TIMER[2]
333021.614 DISPLAY_SCREEN[1] BLOCK.RECORDING_SEQUENCE.DISPLAY_SCREEN[1] (BEGIN) 
333036.308 DISPLAY_SCREEN[1] BLOCK.RECORDING_SEQUENCE.DISPLAY_SCREEN[1]
335536.321 TIMER[1] BLOCK.RECORDING_SEQUENCE.TIMER[1]
335536.460 SET_BUTTON_PRESS BLOCK.RECORDING_SEQUENCE.SET_BUTTON_PRESS
335536.603 ADD_TO_RESULTS_FILE[1] BLOCK.RECORDING_SEQUENCE.ADD_TO_RESULTS_FILE[1]
335536.656 SetValueAction 
335537.517 TRIAL_IMAGE BLOCK.RECORDING_SEQUENCE.TRIAL_IMAGE (BEGIN) 
335553.560 TRIAL_IMAGE BLOCK.RECORDING_SEQUENCE.TRIAL_IMAGE
336028.697 TIMER[2] BLOCK.RECORDING_SEQUENCE.TIMER[2]
336038.615 DISPLAY_SCREEN[1] BLOCK.RECORDING_SEQUENCE.DISPLAY_SCREEN[1] (BEGIN) 
336053.682 DISPLAY_SCREEN[1] BLOCK.RECORDING_SEQUENCE.DISPLAY_SCREEN[1]
338553.753 TIMER[1] BLOCK.RECORDING_SEQUENCE.TIMER[1]
338553.912 SET_BUTTON_PRESS BLOCK.RECORDING_SEQUENCE.SET_BUTTON_PRESS
338554.056 ADD_TO_RESULTS_FILE[1] BLOCK.RECORDING_SEQUENCE.ADD_TO_RESULTS_FILE[1]
338554.109 SetValueAction 
338554.874 TRIAL_IMAGE BLOCK.RECORDING_SEQUENCE.TRIAL_IMAGE (BEGIN) 
338570.941 TRIAL_IMAGE BLOCK.RECORDING_SEQUENCE.TRIAL_IMAGE
339046.015 TIMER[2] BLOCK.RECORDING_SEQUENCE.TIMER[2]
339056.614 DISPLAY_SCREEN[1] BLOCK.RECORDING_SEQUENCE.DISPLAY_SCREEN[1] (BEGIN) 
339071.059 DISPLAY_SCREEN[1] BLOCK.RECORDING_SEQUENCE.DISPLAY_SCREEN[1]
341571.093 TIMER[1] BLOCK.RECORDING_SEQUENCE.TIMER[1]
341571.250 SET_BUTTON_PRESS BLOCK.RECORDING_SEQUENCE.SET_BUTTON_PRESS
341571.392 ADD_TO_RESULTS_FILE[1] BLOCK.RECORDING_SEQUENCE.ADD_TO_RESULTS_FILE[1]
341571.445 SetValueAction 
341572.191 TRIAL_IMAGE BLOCK.RECORDING_SEQUENCE.TRIAL_IMAGE (BEGIN) 
341588.304 TRIAL_IMAGE BLOCK.RECORDING_SEQUENCE.TRIAL_IMAGE
342063.361 TIMER[2] BLOCK.RECORDING_SEQUENCE.TIMER[2]
342073.614 DISPLAY_SCREEN[1] BLOCK.RECORDING_SEQUENCE.DISPLAY_SCREEN[1] (BEGIN) 
342088.426 DISPLAY_SCREEN[1] BLOCK.RECORDING_SEQUENCE.DISPLAY_SCREEN[1]
344588.443 TIMER[1] BLOCK.RECORDING_SEQUENCE.TIMER[1]
344588.581 SET_BUTTON_PRESS BLOCK.RECORDING_SEQUENCE.SET_BUTTON_PRESS
344588.749 ADD_TO_RESULTS_FILE[1] BLOCK.RECORDING_SEQUENCE.ADD_TO_RESULTS_FILE[1]
344588.804 SetValueAction 
344589.549 TRIAL_IMAGE BLOCK.RECORDING_SEQUENCE.TRIAL_IMAGE (BEGIN) 
344605.696 TRIAL_IMAGE BLOCK.RECORDING_SEQUENCE.TRIAL_IMAGE
345080.746 TIMER[2] BLOCK.RECORDING_SEQUENCE.TIMER[2]
345090.613 DISPLAY_SCREEN[1] BLOCK.RECORDING_SEQUENCE.DISPLAY_SCREEN[1] (BEGIN) 
345105.796 DISPLAY_SCREEN[1] BLOCK.RECORDING_SEQUENCE.DISPLAY_SCREEN[1]
347605.834 TIMER[1] BLOCK.RECORDING_SEQUENCE.TIMER[1]
347605.972 SET_BUTTON_PRESS BLOCK.RECORDING_SEQUENCE.SET_BUTTON_PRESS
347606.116 ADD_TO_RESULTS_FILE[1] BLOCK.RECORDING_SEQUENCE.ADD_TO_RESULTS_FILE[1]
347606.169 SetValueAction 
347614.619 TRIAL_IMAGE BLOCK.RECORDING_SEQUENCE.TRIAL_IMAGE (BEGIN) 
347623.045 TRIAL_IMAGE BLOCK.RECORDING_SEQUENCE.TRIAL_IMAGE
348098.166 TIMER[2] BLOCK.RECORDING_SEQUENCE.TIMER[2]
348108.623 DISPLAY_SCREEN[1] BLOCK.RECORDING_SEQUENCE.DISPLAY_SCREEN[1] (BEGIN) 
348123.169 DISPLAY_SCREEN[1] BLOCK.RECORDING_SEQUENCE.DISPLAY_SCREEN[1]
350623.171 TIMER[1] BLOCK.RECORDING_SEQUENCE.TIMER[1]
350623.311 SET_BUTTON_PRESS BLOCK.RECORDING_SEQUENCE.SET_BUTTON_PRESS
350623.454 ADD_TO_RESULTS_FILE[1] BLOCK.RECORDING_SEQUENCE.ADD_TO_RESULTS_FILE[1]
350623.508 SetValueAction 
350624.302 TRIAL_IMAGE BLOCK.RECORDING_SEQUENCE.TRIAL_IMAGE (BEGIN) 
350640.427 TRIAL_IMAGE BLOCK.RECORDING_SEQUENCE.TRIAL_IMAGE
351115.590 TIMER[2] BLOCK.RECORDING_SEQUENCE.TIMER[2]
351125.615 DISPLAY_SCREEN[1] BLOCK.RECORDING_SEQUENCE.DISPLAY_SCREEN[1] (BEGIN) 
351140.555 DISPLAY_SCREEN[1] BLOCK.RECORDING_SEQUENCE.DISPLAY_SCREEN[1]
353640.555 TIMER[1] BLOCK.RECORDING_SEQUENCE.TIMER[1]
353640.692 SET_BUTTON_PRESS BLOCK.RECORDING_SEQUENCE.SET_BUTTON_PRESS
353640.840 ADD_TO_RESULTS_FILE[1] BLOCK.RECORDING_SEQUENCE.ADD_TO_RESULTS_FILE[1]
353640.894 SetValueAction 
353641.766 TRIAL_IMAGE BLOCK.RECORDING_SEQUENCE.TRIAL_IMAGE (BEGIN) 
353657.811 TRIAL_IMAGE BLOCK.RECORDING_SEQUENCE.TRIAL_IMAGE
354132.860 TIMER[2] BLOCK.RECORDING_SEQUENCE.TIMER[2]
354142.613 DISPLAY_SCREEN[1] BLOCK.RECORDING_SEQUENCE.DISPLAY_SCREEN[1] (BEGIN) 
354157.914 DISPLAY_SCREEN[1] BLOCK.RECORDING_SEQUENCE.DISPLAY_SCREEN[1]
356657.934 TIMER[1] BLOCK.RECORDING_SEQUENCE.TIMER[1]
356658.093 SET_BUTTON_PRESS BLOCK.RECORDING_SEQUENCE.SET_BUTTON_PRESS
356658.237 ADD_TO_RESULTS_FILE[1] BLOCK.RECORDING_SEQUENCE.ADD_TO_RESULTS_FILE[1]
356658.291 SetValueAction 
356659.037 TRIAL_IMAGE BLOCK.RECORDING_SEQUENCE.TRIAL_IMAGE (BEGIN) 
356675.179 TRIAL_IMAGE BLOCK.RECORDING_SEQUENCE.TRIAL_IMAGE
357150.240 TIMER[2] BLOCK.RECORDING_SEQUENCE.TIMER[2]
357160.625 DISPLAY_SCREEN[1] BLOCK.RECORDING_SEQUENCE.DISPLAY_SCREEN[1] (BEGIN) 
357175.293 DISPLAY_SCREEN[1] BLOCK.RECORDING_SEQUENCE.DISPLAY_SCREEN[1]
359675.306 TIMER[1] BLOCK.RECORDING_SEQUENCE.TIMER[1]
359675.448 SET_BUTTON_PRESS BLOCK.RECORDING_SEQUENCE.SET_BUTTON_PRESS
359675.613 ADD_TO_RESULTS_FILE[1] BLOCK.RECORDING_SEQUENCE.ADD_TO_RESULTS_FILE[1]
359675.667 SetValueAction 
359676.442 TRIAL_IMAGE BLOCK.RECORDING_SEQUENCE.TRIAL_IMAGE (BEGIN) 
359692.553 TRIAL_IMAGE BLOCK.RECORDING_SEQUENCE.TRIAL_IMAGE
360167.637 TIMER[2] BLOCK.RECORDING_SEQUENCE.TIMER[2]
360177.614 DISPLAY_SCREEN[1] BLOCK.RECORDING_SEQUENCE.DISPLAY_SCREEN[1] (BEGIN) 
360192.674 DISPLAY_SCREEN[1] BLOCK.RECORDING_SEQUENCE.DISPLAY_SCREEN[1]
362692.695 TIMER[1] BLOCK.RECORDING_SEQUENCE.TIMER[1]
362692.835 SET_BUTTON_PRESS BLOCK.RECORDING_SEQUENCE.SET_BUTTON_PRESS
362692.978 ADD_TO_RESULTS_FILE[1] BLOCK.RECORDING_SEQUENCE.ADD_TO_RESULTS_FILE[1]
362693.032 SetValueAction 
362702.986 TRIAL_IMAGE BLOCK.RECORDING_SEQUENCE.TRIAL_IMAGE (BEGIN) 
362709.914 TRIAL_IMAGE BLOCK.RECORDING_SEQUENCE.TRIAL_IMAGE
363185.004 TIMER[2] BLOCK.RECORDING_SEQUENCE.TIMER[2]
363195.614 DISPLAY_SCREEN[1] BLOCK.RECORDING_SEQUENCE.DISPLAY_SCREEN[1] (BEGIN) 
363210.042 DISPLAY_SCREEN[1] BLOCK.RECORDING_SEQUENCE.DISPLAY_SCREEN[1]
365710.085 TIMER[1] BLOCK.RECORDING_SEQUENCE.TIMER[1]
365710.274 SET_BUTTON_PRESS BLOCK.RECORDING_SEQUENCE.SET_BUTTON_PRESS
365710.422 ADD_TO_RESULTS_FILE[1] BLOCK.RECORDING_SEQUENCE.ADD_TO_RESULTS_FILE[1]
365710.484 SetValueAction 
365720.209 TRIAL_IMAGE BLOCK.RECORDING_SEQUENCE.TRIAL_IMAGE (BEGIN) 
365727.293 TRIAL_IMAGE BLOCK.RECORDING_SEQUENCE.TRIAL_IMAGE
366202.410 TIMER[2] BLOCK.RECORDING_SEQUENCE.TIMER[2]
366212.614 DISPLAY_SCREEN[1] BLOCK.RECORDING_SEQUENCE.DISPLAY_SCREEN[1] (BEGIN) 
366227.414 DISPLAY_SCREEN[1] BLOCK.RECORDING_SEQUENCE.DISPLAY_SCREEN[1]
368727.436 TIMER[1] BLOCK.RECORDING_SEQUENCE.TIMER[1]
368727.574 SET_BUTTON_PRESS BLOCK.RECORDING_SEQUENCE.SET_BUTTON_PRESS
368727.717 ADD_TO_RESULTS_FILE[1] BLOCK.RECORDING_SEQUENCE.ADD_TO_RESULTS_FILE[1]
368730.305 DISPLAY_SCREEN BLOCK.DISPLAY_SCREEN (BEGIN) 
368744.681 DISPLAY_SCREEN BLOCK.DISPLAY_SCREEN
382810.297 MOUSE BLOCK.MOUSE
382816.573 GOODBYE_SCREEN GOODBYE_SCREEN (BEGIN) 
382831.317 GOODBYE_SCREEN GOODBYE_SCREEN
411415.910 MOUSE[1] MOUSE[1]
el_logger: Quit logger.
******** END OF THE LOG FILE ********
