4531.151 ********************************************************
4531.236 ** Session beginning Wednesday February 12, 2020 01:57:07 AM **
4531.247 ** ExperimentBuilder Project : 23255_P68 **
4531.255 ** ExperimentBuilder Version : 2.1.140 **
4531.263 ** ExperimentBuilder Build   : Nov 10 2017 **
4531.271 ********************************************************
5206.725 WELCOME_SCREEN WELCOME_SCREEN (BEGIN) 
5217.359 WELCOME_SCREEN WELCOME_SCREEN
24497.136 MOUSE MOUSE
24882.794 PREPARE_SEQUENCE BLOCK.PREPARE_SEQUENCE
24883.129 SetValueAction 
24894.095 TRIAL_IMAGE BLOCK.RECORDING_SEQUENCE.TRIAL_IMAGE (BEGIN) 
24905.611 TRIAL_IMAGE BLOCK.RECORDING_SEQUENCE.TRIAL_IMAGE
25380.719 TIMER[2] BLOCK.RECORDING_SEQUENCE.TIMER[2]
25390.618 DISPLAY_SCREEN[1] BLOCK.RECORDING_SEQUENCE.DISPLAY_SCREEN[1] (BEGIN) 
25405.727 DISPLAY_SCREEN[1] BLOCK.RECORDING_SEQUENCE.DISPLAY_SCREEN[1]
27905.776 TIMER[1] BLOCK.RECORDING_SEQUENCE.TIMER[1]
27905.938 SET_BUTTON_PRESS BLOCK.RECORDING_SEQUENCE.SET_BUTTON_PRESS
27906.085 ADD_TO_RESULTS_FILE[1] BLOCK.RECORDING_SEQUENCE.ADD_TO_RESULTS_FILE[1]
27906.140 SetValueAction 
27936.322 TRIAL_IMAGE BLOCK.RECORDING_SEQUENCE.TRIAL_IMAGE (BEGIN) 
27939.675 TRIAL_IMAGE BLOCK.RECORDING_SEQUENCE.TRIAL_IMAGE
28414.765 TIMER[2] BLOCK.RECORDING_SEQUENCE.TIMER[2]
28424.614 DISPLAY_SCREEN[1] BLOCK.RECORDING_SEQUENCE.DISPLAY_SCREEN[1] (BEGIN) 
28439.813 DISPLAY_SCREEN[1] BLOCK.RECORDING_SEQUENCE.DISPLAY_SCREEN[1]
30361.345 MOUSE_R BLOCK.RECORDING_SEQUENCE.MOUSE_R
30361.490 SET_BUTTON_PRESS2 BLOCK.RECORDING_SEQUENCE.SET_BUTTON_PRESS2
30361.635 ADD_TO_RESULTS_FILE[1] BLOCK.RECORDING_SEQUENCE.ADD_TO_RESULTS_FILE[1]
30361.688 SetValueAction 
30375.618 TRIAL_IMAGE BLOCK.RECORDING_SEQUENCE.TRIAL_IMAGE (BEGIN) 
30390.302 TRIAL_IMAGE BLOCK.RECORDING_SEQUENCE.TRIAL_IMAGE
30865.354 TIMER[2] BLOCK.RECORDING_SEQUENCE.TIMER[2]
30875.614 DISPLAY_SCREEN[1] BLOCK.RECORDING_SEQUENCE.DISPLAY_SCREEN[1] (BEGIN) 
30890.428 DISPLAY_SCREEN[1] BLOCK.RECORDING_SEQUENCE.DISPLAY_SCREEN[1]
33390.491 TIMER[1] BLOCK.RECORDING_SEQUENCE.TIMER[1]
33390.627 SET_BUTTON_PRESS BLOCK.RECORDING_SEQUENCE.SET_BUTTON_PRESS
33390.769 ADD_TO_RESULTS_FILE[1] BLOCK.RECORDING_SEQUENCE.ADD_TO_RESULTS_FILE[1]
33390.821 SetValueAction 
33414.079 TRIAL_IMAGE BLOCK.RECORDING_SEQUENCE.TRIAL_IMAGE (BEGIN) 
33424.392 TRIAL_IMAGE BLOCK.RECORDING_SEQUENCE.TRIAL_IMAGE
33899.510 TIMER[2] BLOCK.RECORDING_SEQUENCE.TIMER[2]
33909.617 DISPLAY_SCREEN[1] BLOCK.RECORDING_SEQUENCE.DISPLAY_SCREEN[1] (BEGIN) 
33924.519 DISPLAY_SCREEN[1] BLOCK.RECORDING_SEQUENCE.DISPLAY_SCREEN[1]
36168.558 MOUSE_R BLOCK.RECORDING_SEQUENCE.MOUSE_R
36168.701 SET_BUTTON_PRESS2 BLOCK.RECORDING_SEQUENCE.SET_BUTTON_PRESS2
36168.869 ADD_TO_RESULTS_FILE[1] BLOCK.RECORDING_SEQUENCE.ADD_TO_RESULTS_FILE[1]
36168.932 SetValueAction 
36186.835 TRIAL_IMAGE BLOCK.RECORDING_SEQUENCE.TRIAL_IMAGE (BEGIN) 
36191.729 TRIAL_IMAGE BLOCK.RECORDING_SEQUENCE.TRIAL_IMAGE
36666.832 TIMER[2] BLOCK.RECORDING_SEQUENCE.TIMER[2]
36676.615 DISPLAY_SCREEN[1] BLOCK.RECORDING_SEQUENCE.DISPLAY_SCREEN[1] (BEGIN) 
36691.870 DISPLAY_SCREEN[1] BLOCK.RECORDING_SEQUENCE.DISPLAY_SCREEN[1]
38200.449 MOUSE_R BLOCK.RECORDING_SEQUENCE.MOUSE_R
38200.595 SET_BUTTON_PRESS2 BLOCK.RECORDING_SEQUENCE.SET_BUTTON_PRESS2
38200.740 ADD_TO_RESULTS_FILE[1] BLOCK.RECORDING_SEQUENCE.ADD_TO_RESULTS_FILE[1]
38200.792 SetValueAction 
38211.458 TRIAL_IMAGE BLOCK.RECORDING_SEQUENCE.TRIAL_IMAGE (BEGIN) 
38225.583 TRIAL_IMAGE BLOCK.RECORDING_SEQUENCE.TRIAL_IMAGE
38700.709 TIMER[2] BLOCK.RECORDING_SEQUENCE.TIMER[2]
38710.627 DISPLAY_SCREEN[1] BLOCK.RECORDING_SEQUENCE.DISPLAY_SCREEN[1] (BEGIN) 
38725.711 DISPLAY_SCREEN[1] BLOCK.RECORDING_SEQUENCE.DISPLAY_SCREEN[1]
40655.173 MOUSE_R BLOCK.RECORDING_SEQUENCE.MOUSE_R
40655.318 SET_BUTTON_PRESS2 BLOCK.RECORDING_SEQUENCE.SET_BUTTON_PRESS2
40655.463 ADD_TO_RESULTS_FILE[1] BLOCK.RECORDING_SEQUENCE.ADD_TO_RESULTS_FILE[1]
40655.516 SetValueAction 
40665.381 TRIAL_IMAGE BLOCK.RECORDING_SEQUENCE.TRIAL_IMAGE (BEGIN) 
40676.181 TRIAL_IMAGE BLOCK.RECORDING_SEQUENCE.TRIAL_IMAGE
41151.229 TIMER[2] BLOCK.RECORDING_SEQUENCE.TIMER[2]
41161.615 DISPLAY_SCREEN[1] BLOCK.RECORDING_SEQUENCE.DISPLAY_SCREEN[1] (BEGIN) 
41176.323 DISPLAY_SCREEN[1] BLOCK.RECORDING_SEQUENCE.DISPLAY_SCREEN[1]
43676.384 TIMER[1] BLOCK.RECORDING_SEQUENCE.TIMER[1]
43676.521 SET_BUTTON_PRESS BLOCK.RECORDING_SEQUENCE.SET_BUTTON_PRESS
43676.667 ADD_TO_RESULTS_FILE[1] BLOCK.RECORDING_SEQUENCE.ADD_TO_RESULTS_FILE[1]
43676.719 SetValueAction 
43686.623 TRIAL_IMAGE BLOCK.RECORDING_SEQUENCE.TRIAL_IMAGE (BEGIN) 
43693.599 TRIAL_IMAGE BLOCK.RECORDING_SEQUENCE.TRIAL_IMAGE
44168.688 TIMER[2] BLOCK.RECORDING_SEQUENCE.TIMER[2]
44178.614 DISPLAY_SCREEN[1] BLOCK.RECORDING_SEQUENCE.DISPLAY_SCREEN[1] (BEGIN) 
44193.737 DISPLAY_SCREEN[1] BLOCK.RECORDING_SEQUENCE.DISPLAY_SCREEN[1]
45072.519 MOUSE_R BLOCK.RECORDING_SEQUENCE.MOUSE_R
45072.656 SET_BUTTON_PRESS2 BLOCK.RECORDING_SEQUENCE.SET_BUTTON_PRESS2
45072.825 ADD_TO_RESULTS_FILE[1] BLOCK.RECORDING_SEQUENCE.ADD_TO_RESULTS_FILE[1]
45072.877 SetValueAction 
45082.875 TRIAL_IMAGE BLOCK.RECORDING_SEQUENCE.TRIAL_IMAGE (BEGIN) 
45093.959 TRIAL_IMAGE BLOCK.RECORDING_SEQUENCE.TRIAL_IMAGE
45569.091 TIMER[2] BLOCK.RECORDING_SEQUENCE.TIMER[2]
45579.614 DISPLAY_SCREEN[1] BLOCK.RECORDING_SEQUENCE.DISPLAY_SCREEN[1] (BEGIN) 
45594.082 DISPLAY_SCREEN[1] BLOCK.RECORDING_SEQUENCE.DISPLAY_SCREEN[1]
48094.127 TIMER[1] BLOCK.RECORDING_SEQUENCE.TIMER[1]
48094.262 SET_BUTTON_PRESS BLOCK.RECORDING_SEQUENCE.SET_BUTTON_PRESS
48094.404 ADD_TO_RESULTS_FILE[1] BLOCK.RECORDING_SEQUENCE.ADD_TO_RESULTS_FILE[1]
48094.456 SetValueAction 
48112.864 TRIAL_IMAGE BLOCK.RECORDING_SEQUENCE.TRIAL_IMAGE (BEGIN) 
48128.041 TRIAL_IMAGE BLOCK.RECORDING_SEQUENCE.TRIAL_IMAGE
48603.112 TIMER[2] BLOCK.RECORDING_SEQUENCE.TIMER[2]
48613.614 DISPLAY_SCREEN[1] BLOCK.RECORDING_SEQUENCE.DISPLAY_SCREEN[1] (BEGIN) 
48628.173 DISPLAY_SCREEN[1] BLOCK.RECORDING_SEQUENCE.DISPLAY_SCREEN[1]
48646.746 MOUSE_R BLOCK.RECORDING_SEQUENCE.MOUSE_R
48646.909 SET_BUTTON_PRESS2 BLOCK.RECORDING_SEQUENCE.SET_BUTTON_PRESS2
48647.050 ADD_TO_RESULTS_FILE[1] BLOCK.RECORDING_SEQUENCE.ADD_TO_RESULTS_FILE[1]
48647.102 SetValueAction 
48670.229 TRIAL_IMAGE BLOCK.RECORDING_SEQUENCE.TRIAL_IMAGE (BEGIN) 
48678.181 TRIAL_IMAGE BLOCK.RECORDING_SEQUENCE.TRIAL_IMAGE
49153.266 TIMER[2] BLOCK.RECORDING_SEQUENCE.TIMER[2]
49163.615 DISPLAY_SCREEN[1] BLOCK.RECORDING_SEQUENCE.DISPLAY_SCREEN[1] (BEGIN) 
49178.308 DISPLAY_SCREEN[1] BLOCK.RECORDING_SEQUENCE.DISPLAY_SCREEN[1]
51678.337 TIMER[1] BLOCK.RECORDING_SEQUENCE.TIMER[1]
51678.478 SET_BUTTON_PRESS BLOCK.RECORDING_SEQUENCE.SET_BUTTON_PRESS
51678.625 ADD_TO_RESULTS_FILE[1] BLOCK.RECORDING_SEQUENCE.ADD_TO_RESULTS_FILE[1]
51678.679 SetValueAction 
51703.245 TRIAL_IMAGE BLOCK.RECORDING_SEQUENCE.TRIAL_IMAGE (BEGIN) 
51712.263 TRIAL_IMAGE BLOCK.RECORDING_SEQUENCE.TRIAL_IMAGE
52187.378 TIMER[2] BLOCK.RECORDING_SEQUENCE.TIMER[2]
52197.614 DISPLAY_SCREEN[1] BLOCK.RECORDING_SEQUENCE.DISPLAY_SCREEN[1] (BEGIN) 
52212.396 DISPLAY_SCREEN[1] BLOCK.RECORDING_SEQUENCE.DISPLAY_SCREEN[1]
54712.483 TIMER[1] BLOCK.RECORDING_SEQUENCE.TIMER[1]
54712.623 SET_BUTTON_PRESS BLOCK.RECORDING_SEQUENCE.SET_BUTTON_PRESS
54712.787 ADD_TO_RESULTS_FILE[1] BLOCK.RECORDING_SEQUENCE.ADD_TO_RESULTS_FILE[1]
54712.839 SetValueAction 
54722.948 TRIAL_IMAGE BLOCK.RECORDING_SEQUENCE.TRIAL_IMAGE (BEGIN) 
54729.685 TRIAL_IMAGE BLOCK.RECORDING_SEQUENCE.TRIAL_IMAGE
55204.800 TIMER[2] BLOCK.RECORDING_SEQUENCE.TIMER[2]
55214.613 DISPLAY_SCREEN[1] BLOCK.RECORDING_SEQUENCE.DISPLAY_SCREEN[1] (BEGIN) 
55229.809 DISPLAY_SCREEN[1] BLOCK.RECORDING_SEQUENCE.DISPLAY_SCREEN[1]
57729.845 TIMER[1] BLOCK.RECORDING_SEQUENCE.TIMER[1]
57729.982 SET_BUTTON_PRESS BLOCK.RECORDING_SEQUENCE.SET_BUTTON_PRESS
57730.124 ADD_TO_RESULTS_FILE[1] BLOCK.RECORDING_SEQUENCE.ADD_TO_RESULTS_FILE[1]
57730.176 SetValueAction 
57730.995 TRIAL_IMAGE BLOCK.RECORDING_SEQUENCE.TRIAL_IMAGE (BEGIN) 
57747.115 TRIAL_IMAGE BLOCK.RECORDING_SEQUENCE.TRIAL_IMAGE
58222.217 TIMER[2] BLOCK.RECORDING_SEQUENCE.TIMER[2]
58232.614 DISPLAY_SCREEN[1] BLOCK.RECORDING_SEQUENCE.DISPLAY_SCREEN[1] (BEGIN) 
58247.233 DISPLAY_SCREEN[1] BLOCK.RECORDING_SEQUENCE.DISPLAY_SCREEN[1]
58583.581 MOUSE_R BLOCK.RECORDING_SEQUENCE.MOUSE_R
58583.714 SET_BUTTON_PRESS2 BLOCK.RECORDING_SEQUENCE.SET_BUTTON_PRESS2
58583.857 ADD_TO_RESULTS_FILE[1] BLOCK.RECORDING_SEQUENCE.ADD_TO_RESULTS_FILE[1]
58583.910 SetValueAction 
58594.084 TRIAL_IMAGE BLOCK.RECORDING_SEQUENCE.TRIAL_IMAGE (BEGIN) 
58597.310 TRIAL_IMAGE BLOCK.RECORDING_SEQUENCE.TRIAL_IMAGE
59072.446 TIMER[2] BLOCK.RECORDING_SEQUENCE.TIMER[2]
59082.614 DISPLAY_SCREEN[1] BLOCK.RECORDING_SEQUENCE.DISPLAY_SCREEN[1] (BEGIN) 
59097.440 DISPLAY_SCREEN[1] BLOCK.RECORDING_SEQUENCE.DISPLAY_SCREEN[1]
61597.488 TIMER[1] BLOCK.RECORDING_SEQUENCE.TIMER[1]
61597.625 SET_BUTTON_PRESS BLOCK.RECORDING_SEQUENCE.SET_BUTTON_PRESS
61597.808 ADD_TO_RESULTS_FILE[1] BLOCK.RECORDING_SEQUENCE.ADD_TO_RESULTS_FILE[1]
61597.860 SetValueAction 
61607.954 TRIAL_IMAGE BLOCK.RECORDING_SEQUENCE.TRIAL_IMAGE (BEGIN) 
61614.721 TRIAL_IMAGE BLOCK.RECORDING_SEQUENCE.TRIAL_IMAGE
62089.845 TIMER[2] BLOCK.RECORDING_SEQUENCE.TIMER[2]
62099.614 DISPLAY_SCREEN[1] BLOCK.RECORDING_SEQUENCE.DISPLAY_SCREEN[1] (BEGIN) 
62114.856 DISPLAY_SCREEN[1] BLOCK.RECORDING_SEQUENCE.DISPLAY_SCREEN[1]
64614.857 TIMER[1] BLOCK.RECORDING_SEQUENCE.TIMER[1]
64614.994 SET_BUTTON_PRESS BLOCK.RECORDING_SEQUENCE.SET_BUTTON_PRESS
64615.137 ADD_TO_RESULTS_FILE[1] BLOCK.RECORDING_SEQUENCE.ADD_TO_RESULTS_FILE[1]
64615.188 SetValueAction 
64624.834 TRIAL_IMAGE BLOCK.RECORDING_SEQUENCE.TRIAL_IMAGE (BEGIN) 
64632.147 TRIAL_IMAGE BLOCK.RECORDING_SEQUENCE.TRIAL_IMAGE
65107.193 TIMER[2] BLOCK.RECORDING_SEQUENCE.TIMER[2]
65117.614 DISPLAY_SCREEN[1] BLOCK.RECORDING_SEQUENCE.DISPLAY_SCREEN[1] (BEGIN) 
65132.276 DISPLAY_SCREEN[1] BLOCK.RECORDING_SEQUENCE.DISPLAY_SCREEN[1]
67632.299 TIMER[1] BLOCK.RECORDING_SEQUENCE.TIMER[1]
67632.435 SET_BUTTON_PRESS BLOCK.RECORDING_SEQUENCE.SET_BUTTON_PRESS
67632.576 ADD_TO_RESULTS_FILE[1] BLOCK.RECORDING_SEQUENCE.ADD_TO_RESULTS_FILE[1]
67632.627 SetValueAction 
67641.824 TRIAL_IMAGE BLOCK.RECORDING_SEQUENCE.TRIAL_IMAGE (BEGIN) 
67649.575 TRIAL_IMAGE BLOCK.RECORDING_SEQUENCE.TRIAL_IMAGE
68124.748 TIMER[2] BLOCK.RECORDING_SEQUENCE.TIMER[2]
68134.613 DISPLAY_SCREEN[1] BLOCK.RECORDING_SEQUENCE.DISPLAY_SCREEN[1] (BEGIN) 
68149.688 DISPLAY_SCREEN[1] BLOCK.RECORDING_SEQUENCE.DISPLAY_SCREEN[1]
70649.732 TIMER[1] BLOCK.RECORDING_SEQUENCE.TIMER[1]
70649.889 SET_BUTTON_PRESS BLOCK.RECORDING_SEQUENCE.SET_BUTTON_PRESS
70650.033 ADD_TO_RESULTS_FILE[1] BLOCK.RECORDING_SEQUENCE.ADD_TO_RESULTS_FILE[1]
70650.085 SetValueAction 
70660.452 TRIAL_IMAGE BLOCK.RECORDING_SEQUENCE.TRIAL_IMAGE (BEGIN) 
70666.985 TRIAL_IMAGE BLOCK.RECORDING_SEQUENCE.TRIAL_IMAGE
71142.067 TIMER[2] BLOCK.RECORDING_SEQUENCE.TIMER[2]
71152.614 DISPLAY_SCREEN[1] BLOCK.RECORDING_SEQUENCE.DISPLAY_SCREEN[1] (BEGIN) 
71167.113 DISPLAY_SCREEN[1] BLOCK.RECORDING_SEQUENCE.DISPLAY_SCREEN[1]
71437.707 MOUSE_R BLOCK.RECORDING_SEQUENCE.MOUSE_R
71437.844 SET_BUTTON_PRESS2 BLOCK.RECORDING_SEQUENCE.SET_BUTTON_PRESS2
71437.986 ADD_TO_RESULTS_FILE[1] BLOCK.RECORDING_SEQUENCE.ADD_TO_RESULTS_FILE[1]
71438.039 SetValueAction 
71446.611 TRIAL_IMAGE BLOCK.RECORDING_SEQUENCE.TRIAL_IMAGE (BEGIN) 
71450.502 TRIAL_IMAGE BLOCK.RECORDING_SEQUENCE.TRIAL_IMAGE
71925.570 TIMER[2] BLOCK.RECORDING_SEQUENCE.TIMER[2]
71935.619 DISPLAY_SCREEN[1] BLOCK.RECORDING_SEQUENCE.DISPLAY_SCREEN[1] (BEGIN) 
71950.638 DISPLAY_SCREEN[1] BLOCK.RECORDING_SEQUENCE.DISPLAY_SCREEN[1]
74450.665 TIMER[1] BLOCK.RECORDING_SEQUENCE.TIMER[1]
74450.802 SET_BUTTON_PRESS BLOCK.RECORDING_SEQUENCE.SET_BUTTON_PRESS
74450.946 ADD_TO_RESULTS_FILE[1] BLOCK.RECORDING_SEQUENCE.ADD_TO_RESULTS_FILE[1]
74450.997 SetValueAction 
74461.394 TRIAL_IMAGE BLOCK.RECORDING_SEQUENCE.TRIAL_IMAGE (BEGIN) 
74467.926 TRIAL_IMAGE BLOCK.RECORDING_SEQUENCE.TRIAL_IMAGE
74943.018 TIMER[2] BLOCK.RECORDING_SEQUENCE.TIMER[2]
74953.614 DISPLAY_SCREEN[1] BLOCK.RECORDING_SEQUENCE.DISPLAY_SCREEN[1] (BEGIN) 
74968.053 DISPLAY_SCREEN[1] BLOCK.RECORDING_SEQUENCE.DISPLAY_SCREEN[1]
75726.395 MOUSE_R BLOCK.RECORDING_SEQUENCE.MOUSE_R
75726.533 SET_BUTTON_PRESS2 BLOCK.RECORDING_SEQUENCE.SET_BUTTON_PRESS2
75726.699 ADD_TO_RESULTS_FILE[1] BLOCK.RECORDING_SEQUENCE.ADD_TO_RESULTS_FILE[1]
75726.752 SetValueAction 
75736.989 TRIAL_IMAGE BLOCK.RECORDING_SEQUENCE.TRIAL_IMAGE (BEGIN) 
75751.592 TRIAL_IMAGE BLOCK.RECORDING_SEQUENCE.TRIAL_IMAGE
76226.684 TIMER[2] BLOCK.RECORDING_SEQUENCE.TIMER[2]
76236.614 DISPLAY_SCREEN[1] BLOCK.RECORDING_SEQUENCE.DISPLAY_SCREEN[1] (BEGIN) 
76251.707 DISPLAY_SCREEN[1] BLOCK.RECORDING_SEQUENCE.DISPLAY_SCREEN[1]
77092.987 MOUSE_R BLOCK.RECORDING_SEQUENCE.MOUSE_R
77093.128 SET_BUTTON_PRESS2 BLOCK.RECORDING_SEQUENCE.SET_BUTTON_PRESS2
77093.273 ADD_TO_RESULTS_FILE[1] BLOCK.RECORDING_SEQUENCE.ADD_TO_RESULTS_FILE[1]
77093.326 SetValueAction 
77094.131 TRIAL_IMAGE BLOCK.RECORDING_SEQUENCE.TRIAL_IMAGE (BEGIN) 
77101.922 TRIAL_IMAGE BLOCK.RECORDING_SEQUENCE.TRIAL_IMAGE
77576.977 TIMER[2] BLOCK.RECORDING_SEQUENCE.TIMER[2]
77587.613 DISPLAY_SCREEN[1] BLOCK.RECORDING_SEQUENCE.DISPLAY_SCREEN[1] (BEGIN) 
77602.037 DISPLAY_SCREEN[1] BLOCK.RECORDING_SEQUENCE.DISPLAY_SCREEN[1]
80102.056 TIMER[1] BLOCK.RECORDING_SEQUENCE.TIMER[1]
80102.192 SET_BUTTON_PRESS BLOCK.RECORDING_SEQUENCE.SET_BUTTON_PRESS
80102.335 ADD_TO_RESULTS_FILE[1] BLOCK.RECORDING_SEQUENCE.ADD_TO_RESULTS_FILE[1]
80104.839 DISPLAY_SCREEN BLOCK.DISPLAY_SCREEN (BEGIN) 
80119.333 DISPLAY_SCREEN BLOCK.DISPLAY_SCREEN
87573.417 MOUSE BLOCK.MOUSE
87807.336 PREPARE_SEQUENCE BLOCK.PREPARE_SEQUENCE
87807.513 SetValueAction 
87816.027 TRIAL_IMAGE BLOCK.RECORDING_SEQUENCE.TRIAL_IMAGE (BEGIN) 
87821.251 TRIAL_IMAGE BLOCK.RECORDING_SEQUENCE.TRIAL_IMAGE
88296.380 TIMER[2] BLOCK.RECORDING_SEQUENCE.TIMER[2]
88306.614 DISPLAY_SCREEN[1] BLOCK.RECORDING_SEQUENCE.DISPLAY_SCREEN[1] (BEGIN) 
88321.380 DISPLAY_SCREEN[1] BLOCK.RECORDING_SEQUENCE.DISPLAY_SCREEN[1]
90821.390 TIMER[1] BLOCK.RECORDING_SEQUENCE.TIMER[1]
90821.529 SET_BUTTON_PRESS BLOCK.RECORDING_SEQUENCE.SET_BUTTON_PRESS
90821.670 ADD_TO_RESULTS_FILE[1] BLOCK.RECORDING_SEQUENCE.ADD_TO_RESULTS_FILE[1]
90821.723 SetValueAction 
90830.778 TRIAL_IMAGE BLOCK.RECORDING_SEQUENCE.TRIAL_IMAGE (BEGIN) 
90838.670 TRIAL_IMAGE BLOCK.RECORDING_SEQUENCE.TRIAL_IMAGE
91313.739 TIMER[2] BLOCK.RECORDING_SEQUENCE.TIMER[2]
91323.613 DISPLAY_SCREEN[1] BLOCK.RECORDING_SEQUENCE.DISPLAY_SCREEN[1] (BEGIN) 
91338.793 DISPLAY_SCREEN[1] BLOCK.RECORDING_SEQUENCE.DISPLAY_SCREEN[1]
93838.863 TIMER[1] BLOCK.RECORDING_SEQUENCE.TIMER[1]
93839.021 SET_BUTTON_PRESS BLOCK.RECORDING_SEQUENCE.SET_BUTTON_PRESS
93839.163 ADD_TO_RESULTS_FILE[1] BLOCK.RECORDING_SEQUENCE.ADD_TO_RESULTS_FILE[1]
93839.214 SetValueAction 
93847.390 TRIAL_IMAGE BLOCK.RECORDING_SEQUENCE.TRIAL_IMAGE (BEGIN) 
93856.083 TRIAL_IMAGE BLOCK.RECORDING_SEQUENCE.TRIAL_IMAGE
94331.145 TIMER[2] BLOCK.RECORDING_SEQUENCE.TIMER[2]
94341.612 DISPLAY_SCREEN[1] BLOCK.RECORDING_SEQUENCE.DISPLAY_SCREEN[1] (BEGIN) 
94356.214 DISPLAY_SCREEN[1] BLOCK.RECORDING_SEQUENCE.DISPLAY_SCREEN[1]
96856.218 TIMER[1] BLOCK.RECORDING_SEQUENCE.TIMER[1]
96856.355 SET_BUTTON_PRESS BLOCK.RECORDING_SEQUENCE.SET_BUTTON_PRESS
96856.518 ADD_TO_RESULTS_FILE[1] BLOCK.RECORDING_SEQUENCE.ADD_TO_RESULTS_FILE[1]
96856.570 SetValueAction 
96864.992 TRIAL_IMAGE BLOCK.RECORDING_SEQUENCE.TRIAL_IMAGE (BEGIN) 
96873.507 TRIAL_IMAGE BLOCK.RECORDING_SEQUENCE.TRIAL_IMAGE
97348.642 TIMER[2] BLOCK.RECORDING_SEQUENCE.TIMER[2]
97358.612 DISPLAY_SCREEN[1] BLOCK.RECORDING_SEQUENCE.DISPLAY_SCREEN[1] (BEGIN) 
97373.629 DISPLAY_SCREEN[1] BLOCK.RECORDING_SEQUENCE.DISPLAY_SCREEN[1]
97532.855 MOUSE_R BLOCK.RECORDING_SEQUENCE.MOUSE_R
97532.984 SET_BUTTON_PRESS2 BLOCK.RECORDING_SEQUENCE.SET_BUTTON_PRESS2
97533.121 ADD_TO_RESULTS_FILE[1] BLOCK.RECORDING_SEQUENCE.ADD_TO_RESULTS_FILE[1]
97533.170 SetValueAction 
97541.128 TRIAL_IMAGE BLOCK.RECORDING_SEQUENCE.TRIAL_IMAGE (BEGIN) 
97557.017 TRIAL_IMAGE BLOCK.RECORDING_SEQUENCE.TRIAL_IMAGE
98032.075 TIMER[2] BLOCK.RECORDING_SEQUENCE.TIMER[2]
98042.613 DISPLAY_SCREEN[1] BLOCK.RECORDING_SEQUENCE.DISPLAY_SCREEN[1] (BEGIN) 
98057.142 DISPLAY_SCREEN[1] BLOCK.RECORDING_SEQUENCE.DISPLAY_SCREEN[1]
100557.175 TIMER[1] BLOCK.RECORDING_SEQUENCE.TIMER[1]
100557.313 SET_BUTTON_PRESS BLOCK.RECORDING_SEQUENCE.SET_BUTTON_PRESS
100557.478 ADD_TO_RESULTS_FILE[1] BLOCK.RECORDING_SEQUENCE.ADD_TO_RESULTS_FILE[1]
100557.531 SetValueAction 
100558.244 TRIAL_IMAGE BLOCK.RECORDING_SEQUENCE.TRIAL_IMAGE (BEGIN) 
100574.446 TRIAL_IMAGE BLOCK.RECORDING_SEQUENCE.TRIAL_IMAGE
101049.488 TIMER[2] BLOCK.RECORDING_SEQUENCE.TIMER[2]
101059.613 DISPLAY_SCREEN[1] BLOCK.RECORDING_SEQUENCE.DISPLAY_SCREEN[1] (BEGIN) 
101074.556 DISPLAY_SCREEN[1] BLOCK.RECORDING_SEQUENCE.DISPLAY_SCREEN[1]
101859.976 MOUSE_R BLOCK.RECORDING_SEQUENCE.MOUSE_R
101860.115 SET_BUTTON_PRESS2 BLOCK.RECORDING_SEQUENCE.SET_BUTTON_PRESS2
101860.256 ADD_TO_RESULTS_FILE[1] BLOCK.RECORDING_SEQUENCE.ADD_TO_RESULTS_FILE[1]
101860.309 SetValueAction 
101869.126 TRIAL_IMAGE BLOCK.RECORDING_SEQUENCE.TRIAL_IMAGE (BEGIN) 
101874.749 TRIAL_IMAGE BLOCK.RECORDING_SEQUENCE.TRIAL_IMAGE
102349.821 TIMER[2] BLOCK.RECORDING_SEQUENCE.TIMER[2]
102359.612 DISPLAY_SCREEN[1] BLOCK.RECORDING_SEQUENCE.DISPLAY_SCREEN[1] (BEGIN) 
102374.883 DISPLAY_SCREEN[1] BLOCK.RECORDING_SEQUENCE.DISPLAY_SCREEN[1]
104874.920 TIMER[1] BLOCK.RECORDING_SEQUENCE.TIMER[1]
104875.079 SET_BUTTON_PRESS BLOCK.RECORDING_SEQUENCE.SET_BUTTON_PRESS
104875.222 ADD_TO_RESULTS_FILE[1] BLOCK.RECORDING_SEQUENCE.ADD_TO_RESULTS_FILE[1]
104875.275 SetValueAction 
104884.433 TRIAL_IMAGE BLOCK.RECORDING_SEQUENCE.TRIAL_IMAGE (BEGIN) 
104892.162 TRIAL_IMAGE BLOCK.RECORDING_SEQUENCE.TRIAL_IMAGE
105367.232 TIMER[2] BLOCK.RECORDING_SEQUENCE.TIMER[2]
105377.612 DISPLAY_SCREEN[1] BLOCK.RECORDING_SEQUENCE.DISPLAY_SCREEN[1] (BEGIN) 
105392.290 DISPLAY_SCREEN[1] BLOCK.RECORDING_SEQUENCE.DISPLAY_SCREEN[1]
105587.662 MOUSE_R BLOCK.RECORDING_SEQUENCE.MOUSE_R
105587.792 SET_BUTTON_PRESS2 BLOCK.RECORDING_SEQUENCE.SET_BUTTON_PRESS2
105587.931 ADD_TO_RESULTS_FILE[1] BLOCK.RECORDING_SEQUENCE.ADD_TO_RESULTS_FILE[1]
105587.983 SetValueAction 
105598.182 TRIAL_IMAGE BLOCK.RECORDING_SEQUENCE.TRIAL_IMAGE (BEGIN) 
105609.011 TRIAL_IMAGE BLOCK.RECORDING_SEQUENCE.TRIAL_IMAGE
106084.091 TIMER[2] BLOCK.RECORDING_SEQUENCE.TIMER[2]
106094.613 DISPLAY_SCREEN[1] BLOCK.RECORDING_SEQUENCE.DISPLAY_SCREEN[1] (BEGIN) 
106109.144 DISPLAY_SCREEN[1] BLOCK.RECORDING_SEQUENCE.DISPLAY_SCREEN[1]
108609.162 TIMER[1] BLOCK.RECORDING_SEQUENCE.TIMER[1]
108609.312 SET_BUTTON_PRESS BLOCK.RECORDING_SEQUENCE.SET_BUTTON_PRESS
108609.465 ADD_TO_RESULTS_FILE[1] BLOCK.RECORDING_SEQUENCE.ADD_TO_RESULTS_FILE[1]
108609.517 SetValueAction 
108610.318 TRIAL_IMAGE BLOCK.RECORDING_SEQUENCE.TRIAL_IMAGE (BEGIN) 
108626.433 TRIAL_IMAGE BLOCK.RECORDING_SEQUENCE.TRIAL_IMAGE
109101.530 TIMER[2] BLOCK.RECORDING_SEQUENCE.TIMER[2]
109111.613 DISPLAY_SCREEN[1] BLOCK.RECORDING_SEQUENCE.DISPLAY_SCREEN[1] (BEGIN) 
109126.559 DISPLAY_SCREEN[1] BLOCK.RECORDING_SEQUENCE.DISPLAY_SCREEN[1]
111626.588 TIMER[1] BLOCK.RECORDING_SEQUENCE.TIMER[1]
111626.724 SET_BUTTON_PRESS BLOCK.RECORDING_SEQUENCE.SET_BUTTON_PRESS
111626.867 ADD_TO_RESULTS_FILE[1] BLOCK.RECORDING_SEQUENCE.ADD_TO_RESULTS_FILE[1]
111626.918 SetValueAction 
111637.420 TRIAL_IMAGE BLOCK.RECORDING_SEQUENCE.TRIAL_IMAGE (BEGIN) 
111643.844 TRIAL_IMAGE BLOCK.RECORDING_SEQUENCE.TRIAL_IMAGE
112118.928 TIMER[2] BLOCK.RECORDING_SEQUENCE.TIMER[2]
112128.613 DISPLAY_SCREEN[1] BLOCK.RECORDING_SEQUENCE.DISPLAY_SCREEN[1] (BEGIN) 
112143.970 DISPLAY_SCREEN[1] BLOCK.RECORDING_SEQUENCE.DISPLAY_SCREEN[1]
112370.467 MOUSE_R BLOCK.RECORDING_SEQUENCE.MOUSE_R
112370.600 SET_BUTTON_PRESS2 BLOCK.RECORDING_SEQUENCE.SET_BUTTON_PRESS2
112370.741 ADD_TO_RESULTS_FILE[1] BLOCK.RECORDING_SEQUENCE.ADD_TO_RESULTS_FILE[1]
112370.792 SetValueAction 
112381.016 TRIAL_IMAGE BLOCK.RECORDING_SEQUENCE.TRIAL_IMAGE (BEGIN) 
112394.026 TRIAL_IMAGE BLOCK.RECORDING_SEQUENCE.TRIAL_IMAGE
112869.158 TIMER[2] BLOCK.RECORDING_SEQUENCE.TIMER[2]
112879.612 DISPLAY_SCREEN[1] BLOCK.RECORDING_SEQUENCE.DISPLAY_SCREEN[1] (BEGIN) 
112894.156 DISPLAY_SCREEN[1] BLOCK.RECORDING_SEQUENCE.DISPLAY_SCREEN[1]
115394.229 TIMER[1] BLOCK.RECORDING_SEQUENCE.TIMER[1]
115394.397 SET_BUTTON_PRESS BLOCK.RECORDING_SEQUENCE.SET_BUTTON_PRESS
115394.541 ADD_TO_RESULTS_FILE[1] BLOCK.RECORDING_SEQUENCE.ADD_TO_RESULTS_FILE[1]
115394.594 SetValueAction 
115405.132 TRIAL_IMAGE BLOCK.RECORDING_SEQUENCE.TRIAL_IMAGE (BEGIN) 
115411.462 TRIAL_IMAGE BLOCK.RECORDING_SEQUENCE.TRIAL_IMAGE
115886.503 TIMER[2] BLOCK.RECORDING_SEQUENCE.TIMER[2]
115896.613 DISPLAY_SCREEN[1] BLOCK.RECORDING_SEQUENCE.DISPLAY_SCREEN[1] (BEGIN) 
115911.573 DISPLAY_SCREEN[1] BLOCK.RECORDING_SEQUENCE.DISPLAY_SCREEN[1]
116163.493 MOUSE_R BLOCK.RECORDING_SEQUENCE.MOUSE_R
116163.627 SET_BUTTON_PRESS2 BLOCK.RECORDING_SEQUENCE.SET_BUTTON_PRESS2
116163.767 ADD_TO_RESULTS_FILE[1] BLOCK.RECORDING_SEQUENCE.ADD_TO_RESULTS_FILE[1]
116163.819 SetValueAction 
116172.073 TRIAL_IMAGE BLOCK.RECORDING_SEQUENCE.TRIAL_IMAGE (BEGIN) 
116178.327 TRIAL_IMAGE BLOCK.RECORDING_SEQUENCE.TRIAL_IMAGE
116653.365 TIMER[2] BLOCK.RECORDING_SEQUENCE.TIMER[2]
116663.613 DISPLAY_SCREEN[1] BLOCK.RECORDING_SEQUENCE.DISPLAY_SCREEN[1] (BEGIN) 
116678.437 DISPLAY_SCREEN[1] BLOCK.RECORDING_SEQUENCE.DISPLAY_SCREEN[1]
119178.440 TIMER[1] BLOCK.RECORDING_SEQUENCE.TIMER[1]
119178.576 SET_BUTTON_PRESS BLOCK.RECORDING_SEQUENCE.SET_BUTTON_PRESS
119178.740 ADD_TO_RESULTS_FILE[1] BLOCK.RECORDING_SEQUENCE.ADD_TO_RESULTS_FILE[1]
119178.792 SetValueAction 
119189.266 TRIAL_IMAGE BLOCK.RECORDING_SEQUENCE.TRIAL_IMAGE (BEGIN) 
119195.720 TRIAL_IMAGE BLOCK.RECORDING_SEQUENCE.TRIAL_IMAGE
119670.845 TIMER[2] BLOCK.RECORDING_SEQUENCE.TIMER[2]
119680.614 DISPLAY_SCREEN[1] BLOCK.RECORDING_SEQUENCE.DISPLAY_SCREEN[1] (BEGIN) 
119695.855 DISPLAY_SCREEN[1] BLOCK.RECORDING_SEQUENCE.DISPLAY_SCREEN[1]
122195.901 TIMER[1] BLOCK.RECORDING_SEQUENCE.TIMER[1]
122196.038 SET_BUTTON_PRESS BLOCK.RECORDING_SEQUENCE.SET_BUTTON_PRESS
122196.182 ADD_TO_RESULTS_FILE[1] BLOCK.RECORDING_SEQUENCE.ADD_TO_RESULTS_FILE[1]
122196.265 SetValueAction 
122206.490 TRIAL_IMAGE BLOCK.RECORDING_SEQUENCE.TRIAL_IMAGE (BEGIN) 
122213.135 TRIAL_IMAGE BLOCK.RECORDING_SEQUENCE.TRIAL_IMAGE
122688.238 TIMER[2] BLOCK.RECORDING_SEQUENCE.TIMER[2]
122698.617 DISPLAY_SCREEN[1] BLOCK.RECORDING_SEQUENCE.DISPLAY_SCREEN[1] (BEGIN) 
122713.267 DISPLAY_SCREEN[1] BLOCK.RECORDING_SEQUENCE.DISPLAY_SCREEN[1]
122745.954 MOUSE_R BLOCK.RECORDING_SEQUENCE.MOUSE_R
122746.090 SET_BUTTON_PRESS2 BLOCK.RECORDING_SEQUENCE.SET_BUTTON_PRESS2
122746.250 ADD_TO_RESULTS_FILE[1] BLOCK.RECORDING_SEQUENCE.ADD_TO_RESULTS_FILE[1]
122746.301 SetValueAction 
122767.023 TRIAL_IMAGE BLOCK.RECORDING_SEQUENCE.TRIAL_IMAGE (BEGIN) 
122779.945 TRIAL_IMAGE BLOCK.RECORDING_SEQUENCE.TRIAL_IMAGE
123254.996 TIMER[2] BLOCK.RECORDING_SEQUENCE.TIMER[2]
123265.612 DISPLAY_SCREEN[1] BLOCK.RECORDING_SEQUENCE.DISPLAY_SCREEN[1] (BEGIN) 
123280.090 DISPLAY_SCREEN[1] BLOCK.RECORDING_SEQUENCE.DISPLAY_SCREEN[1]
125780.083 TIMER[1] BLOCK.RECORDING_SEQUENCE.TIMER[1]
125780.261 SET_BUTTON_PRESS BLOCK.RECORDING_SEQUENCE.SET_BUTTON_PRESS
125780.402 ADD_TO_RESULTS_FILE[1] BLOCK.RECORDING_SEQUENCE.ADD_TO_RESULTS_FILE[1]
125780.453 SetValueAction 
125790.099 TRIAL_IMAGE BLOCK.RECORDING_SEQUENCE.TRIAL_IMAGE (BEGIN) 
125797.370 TRIAL_IMAGE BLOCK.RECORDING_SEQUENCE.TRIAL_IMAGE
126272.447 TIMER[2] BLOCK.RECORDING_SEQUENCE.TIMER[2]
126282.614 DISPLAY_SCREEN[1] BLOCK.RECORDING_SEQUENCE.DISPLAY_SCREEN[1] (BEGIN) 
126297.502 DISPLAY_SCREEN[1] BLOCK.RECORDING_SEQUENCE.DISPLAY_SCREEN[1]
126314.073 MOUSE_R BLOCK.RECORDING_SEQUENCE.MOUSE_R
126314.229 SET_BUTTON_PRESS2 BLOCK.RECORDING_SEQUENCE.SET_BUTTON_PRESS2
126314.371 ADD_TO_RESULTS_FILE[1] BLOCK.RECORDING_SEQUENCE.ADD_TO_RESULTS_FILE[1]
126314.422 SetValueAction 
126322.487 TRIAL_IMAGE BLOCK.RECORDING_SEQUENCE.TRIAL_IMAGE (BEGIN) 
126330.825 TRIAL_IMAGE BLOCK.RECORDING_SEQUENCE.TRIAL_IMAGE
126805.952 TIMER[2] BLOCK.RECORDING_SEQUENCE.TIMER[2]
126815.613 DISPLAY_SCREEN[1] BLOCK.RECORDING_SEQUENCE.DISPLAY_SCREEN[1] (BEGIN) 
126830.955 DISPLAY_SCREEN[1] BLOCK.RECORDING_SEQUENCE.DISPLAY_SCREEN[1]
129331.018 TIMER[1] BLOCK.RECORDING_SEQUENCE.TIMER[1]
129331.154 SET_BUTTON_PRESS BLOCK.RECORDING_SEQUENCE.SET_BUTTON_PRESS
129331.296 ADD_TO_RESULTS_FILE[1] BLOCK.RECORDING_SEQUENCE.ADD_TO_RESULTS_FILE[1]
129331.348 SetValueAction 
129340.817 TRIAL_IMAGE BLOCK.RECORDING_SEQUENCE.TRIAL_IMAGE (BEGIN) 
129348.248 TRIAL_IMAGE BLOCK.RECORDING_SEQUENCE.TRIAL_IMAGE
129823.303 TIMER[2] BLOCK.RECORDING_SEQUENCE.TIMER[2]
129833.612 DISPLAY_SCREEN[1] BLOCK.RECORDING_SEQUENCE.DISPLAY_SCREEN[1] (BEGIN) 
129848.380 DISPLAY_SCREEN[1] BLOCK.RECORDING_SEQUENCE.DISPLAY_SCREEN[1]
129905.700 MOUSE_R BLOCK.RECORDING_SEQUENCE.MOUSE_R
129905.834 SET_BUTTON_PRESS2 BLOCK.RECORDING_SEQUENCE.SET_BUTTON_PRESS2
129905.974 ADD_TO_RESULTS_FILE[1] BLOCK.RECORDING_SEQUENCE.ADD_TO_RESULTS_FILE[1]
129906.026 SetValueAction 
129916.066 TRIAL_IMAGE BLOCK.RECORDING_SEQUENCE.TRIAL_IMAGE (BEGIN) 
129931.734 TRIAL_IMAGE BLOCK.RECORDING_SEQUENCE.TRIAL_IMAGE
130406.776 TIMER[2] BLOCK.RECORDING_SEQUENCE.TIMER[2]
130416.614 DISPLAY_SCREEN[1] BLOCK.RECORDING_SEQUENCE.DISPLAY_SCREEN[1] (BEGIN) 
130431.855 DISPLAY_SCREEN[1] BLOCK.RECORDING_SEQUENCE.DISPLAY_SCREEN[1]
132931.864 TIMER[1] BLOCK.RECORDING_SEQUENCE.TIMER[1]
132932.003 SET_BUTTON_PRESS BLOCK.RECORDING_SEQUENCE.SET_BUTTON_PRESS
132932.157 ADD_TO_RESULTS_FILE[1] BLOCK.RECORDING_SEQUENCE.ADD_TO_RESULTS_FILE[1]
132932.220 SetValueAction 
132942.270 TRIAL_IMAGE BLOCK.RECORDING_SEQUENCE.TRIAL_IMAGE (BEGIN) 
132949.146 TRIAL_IMAGE BLOCK.RECORDING_SEQUENCE.TRIAL_IMAGE
133424.231 TIMER[2] BLOCK.RECORDING_SEQUENCE.TIMER[2]
133434.612 DISPLAY_SCREEN[1] BLOCK.RECORDING_SEQUENCE.DISPLAY_SCREEN[1] (BEGIN) 
133449.274 DISPLAY_SCREEN[1] BLOCK.RECORDING_SEQUENCE.DISPLAY_SCREEN[1]
133594.624 MOUSE_R BLOCK.RECORDING_SEQUENCE.MOUSE_R
133594.759 SET_BUTTON_PRESS2 BLOCK.RECORDING_SEQUENCE.SET_BUTTON_PRESS2
133594.900 ADD_TO_RESULTS_FILE[1] BLOCK.RECORDING_SEQUENCE.ADD_TO_RESULTS_FILE[1]
133594.953 SetValueAction 
133595.635 TRIAL_IMAGE BLOCK.RECORDING_SEQUENCE.TRIAL_IMAGE (BEGIN) 
133599.303 TRIAL_IMAGE BLOCK.RECORDING_SEQUENCE.TRIAL_IMAGE
134074.354 TIMER[2] BLOCK.RECORDING_SEQUENCE.TIMER[2]
134084.615 DISPLAY_SCREEN[1] BLOCK.RECORDING_SEQUENCE.DISPLAY_SCREEN[1] (BEGIN) 
134099.441 DISPLAY_SCREEN[1] BLOCK.RECORDING_SEQUENCE.DISPLAY_SCREEN[1]
136599.478 TIMER[1] BLOCK.RECORDING_SEQUENCE.TIMER[1]
136599.616 SET_BUTTON_PRESS BLOCK.RECORDING_SEQUENCE.SET_BUTTON_PRESS
136599.760 ADD_TO_RESULTS_FILE[1] BLOCK.RECORDING_SEQUENCE.ADD_TO_RESULTS_FILE[1]
136599.813 SetValueAction 
136610.108 TRIAL_IMAGE BLOCK.RECORDING_SEQUENCE.TRIAL_IMAGE (BEGIN) 
136616.724 TRIAL_IMAGE BLOCK.RECORDING_SEQUENCE.TRIAL_IMAGE
137091.850 TIMER[2] BLOCK.RECORDING_SEQUENCE.TIMER[2]
137101.613 DISPLAY_SCREEN[1] BLOCK.RECORDING_SEQUENCE.DISPLAY_SCREEN[1] (BEGIN) 
137116.856 DISPLAY_SCREEN[1] BLOCK.RECORDING_SEQUENCE.DISPLAY_SCREEN[1]
137361.735 MOUSE_R BLOCK.RECORDING_SEQUENCE.MOUSE_R
137361.873 SET_BUTTON_PRESS2 BLOCK.RECORDING_SEQUENCE.SET_BUTTON_PRESS2
137362.015 ADD_TO_RESULTS_FILE[1] BLOCK.RECORDING_SEQUENCE.ADD_TO_RESULTS_FILE[1]
137362.067 SetValueAction 
137362.807 TRIAL_IMAGE BLOCK.RECORDING_SEQUENCE.TRIAL_IMAGE (BEGIN) 
137366.907 TRIAL_IMAGE BLOCK.RECORDING_SEQUENCE.TRIAL_IMAGE
137842.041 TIMER[2] BLOCK.RECORDING_SEQUENCE.TIMER[2]
137852.613 DISPLAY_SCREEN[1] BLOCK.RECORDING_SEQUENCE.DISPLAY_SCREEN[1] (BEGIN) 
137867.038 DISPLAY_SCREEN[1] BLOCK.RECORDING_SEQUENCE.DISPLAY_SCREEN[1]
140367.097 TIMER[1] BLOCK.RECORDING_SEQUENCE.TIMER[1]
140367.233 SET_BUTTON_PRESS BLOCK.RECORDING_SEQUENCE.SET_BUTTON_PRESS
140367.378 ADD_TO_RESULTS_FILE[1] BLOCK.RECORDING_SEQUENCE.ADD_TO_RESULTS_FILE[1]
140367.431 SetValueAction 
140368.168 TRIAL_IMAGE BLOCK.RECORDING_SEQUENCE.TRIAL_IMAGE (BEGIN) 
140384.326 TRIAL_IMAGE BLOCK.RECORDING_SEQUENCE.TRIAL_IMAGE
140859.461 TIMER[2] BLOCK.RECORDING_SEQUENCE.TIMER[2]
140869.613 DISPLAY_SCREEN[1] BLOCK.RECORDING_SEQUENCE.DISPLAY_SCREEN[1] (BEGIN) 
140884.454 DISPLAY_SCREEN[1] BLOCK.RECORDING_SEQUENCE.DISPLAY_SCREEN[1]
141025.574 MOUSE_R BLOCK.RECORDING_SEQUENCE.MOUSE_R
141025.706 SET_BUTTON_PRESS2 BLOCK.RECORDING_SEQUENCE.SET_BUTTON_PRESS2
141025.845 ADD_TO_RESULTS_FILE[1] BLOCK.RECORDING_SEQUENCE.ADD_TO_RESULTS_FILE[1]
141025.897 SetValueAction 
141036.180 TRIAL_IMAGE BLOCK.RECORDING_SEQUENCE.TRIAL_IMAGE (BEGIN) 
141051.164 TRIAL_IMAGE BLOCK.RECORDING_SEQUENCE.TRIAL_IMAGE
141526.297 TIMER[2] BLOCK.RECORDING_SEQUENCE.TIMER[2]
141536.612 DISPLAY_SCREEN[1] BLOCK.RECORDING_SEQUENCE.DISPLAY_SCREEN[1] (BEGIN) 
141551.288 DISPLAY_SCREEN[1] BLOCK.RECORDING_SEQUENCE.DISPLAY_SCREEN[1]
144051.343 TIMER[1] BLOCK.RECORDING_SEQUENCE.TIMER[1]
144051.477 SET_BUTTON_PRESS BLOCK.RECORDING_SEQUENCE.SET_BUTTON_PRESS
144051.620 ADD_TO_RESULTS_FILE[1] BLOCK.RECORDING_SEQUENCE.ADD_TO_RESULTS_FILE[1]
144051.673 SetValueAction 
144062.288 TRIAL_IMAGE BLOCK.RECORDING_SEQUENCE.TRIAL_IMAGE (BEGIN) 
144068.579 TRIAL_IMAGE BLOCK.RECORDING_SEQUENCE.TRIAL_IMAGE
144543.692 TIMER[2] BLOCK.RECORDING_SEQUENCE.TIMER[2]
144553.613 DISPLAY_SCREEN[1] BLOCK.RECORDING_SEQUENCE.DISPLAY_SCREEN[1] (BEGIN) 
144568.704 DISPLAY_SCREEN[1] BLOCK.RECORDING_SEQUENCE.DISPLAY_SCREEN[1]
144705.228 MOUSE_R BLOCK.RECORDING_SEQUENCE.MOUSE_R
144705.362 SET_BUTTON_PRESS2 BLOCK.RECORDING_SEQUENCE.SET_BUTTON_PRESS2
144705.503 ADD_TO_RESULTS_FILE[1] BLOCK.RECORDING_SEQUENCE.ADD_TO_RESULTS_FILE[1]
144705.556 SetValueAction 
144732.345 TRIAL_IMAGE BLOCK.RECORDING_SEQUENCE.TRIAL_IMAGE (BEGIN) 
144735.403 TRIAL_IMAGE BLOCK.RECORDING_SEQUENCE.TRIAL_IMAGE
145210.484 TIMER[2] BLOCK.RECORDING_SEQUENCE.TIMER[2]
145220.613 DISPLAY_SCREEN[1] BLOCK.RECORDING_SEQUENCE.DISPLAY_SCREEN[1] (BEGIN) 
145235.542 DISPLAY_SCREEN[1] BLOCK.RECORDING_SEQUENCE.DISPLAY_SCREEN[1]
147735.599 TIMER[1] BLOCK.RECORDING_SEQUENCE.TIMER[1]
147735.737 SET_BUTTON_PRESS BLOCK.RECORDING_SEQUENCE.SET_BUTTON_PRESS
147735.881 ADD_TO_RESULTS_FILE[1] BLOCK.RECORDING_SEQUENCE.ADD_TO_RESULTS_FILE[1]
147735.934 SetValueAction 
147746.277 TRIAL_IMAGE BLOCK.RECORDING_SEQUENCE.TRIAL_IMAGE (BEGIN) 
147752.823 TRIAL_IMAGE BLOCK.RECORDING_SEQUENCE.TRIAL_IMAGE
148227.920 TIMER[2] BLOCK.RECORDING_SEQUENCE.TIMER[2]
148237.613 DISPLAY_SCREEN[1] BLOCK.RECORDING_SEQUENCE.DISPLAY_SCREEN[1] (BEGIN) 
148252.958 DISPLAY_SCREEN[1] BLOCK.RECORDING_SEQUENCE.DISPLAY_SCREEN[1]
148400.046 MOUSE_R BLOCK.RECORDING_SEQUENCE.MOUSE_R
148400.178 SET_BUTTON_PRESS2 BLOCK.RECORDING_SEQUENCE.SET_BUTTON_PRESS2
148400.319 ADD_TO_RESULTS_FILE[1] BLOCK.RECORDING_SEQUENCE.ADD_TO_RESULTS_FILE[1]
148400.370 SetValueAction 
148404.615 TRIAL_IMAGE BLOCK.RECORDING_SEQUENCE.TRIAL_IMAGE (BEGIN) 
148419.667 TRIAL_IMAGE BLOCK.RECORDING_SEQUENCE.TRIAL_IMAGE
148894.748 TIMER[2] BLOCK.RECORDING_SEQUENCE.TIMER[2]
148904.617 DISPLAY_SCREEN[1] BLOCK.RECORDING_SEQUENCE.DISPLAY_SCREEN[1] (BEGIN) 
148919.787 DISPLAY_SCREEN[1] BLOCK.RECORDING_SEQUENCE.DISPLAY_SCREEN[1]
151419.840 TIMER[1] BLOCK.RECORDING_SEQUENCE.TIMER[1]
151419.981 SET_BUTTON_PRESS BLOCK.RECORDING_SEQUENCE.SET_BUTTON_PRESS
151420.147 ADD_TO_RESULTS_FILE[1] BLOCK.RECORDING_SEQUENCE.ADD_TO_RESULTS_FILE[1]
151420.204 SetValueAction 
151420.960 TRIAL_IMAGE BLOCK.RECORDING_SEQUENCE.TRIAL_IMAGE (BEGIN) 
151437.086 TRIAL_IMAGE BLOCK.RECORDING_SEQUENCE.TRIAL_IMAGE
151912.154 TIMER[2] BLOCK.RECORDING_SEQUENCE.TIMER[2]
151922.625 DISPLAY_SCREEN[1] BLOCK.RECORDING_SEQUENCE.DISPLAY_SCREEN[1] (BEGIN) 
151937.203 DISPLAY_SCREEN[1] BLOCK.RECORDING_SEQUENCE.DISPLAY_SCREEN[1]
151951.866 MOUSE_R BLOCK.RECORDING_SEQUENCE.MOUSE_R
151952.002 SET_BUTTON_PRESS2 BLOCK.RECORDING_SEQUENCE.SET_BUTTON_PRESS2
151952.141 ADD_TO_RESULTS_FILE[1] BLOCK.RECORDING_SEQUENCE.ADD_TO_RESULTS_FILE[1]
151952.192 SetValueAction 
151980.200 TRIAL_IMAGE BLOCK.RECORDING_SEQUENCE.TRIAL_IMAGE (BEGIN) 
151987.217 TRIAL_IMAGE BLOCK.RECORDING_SEQUENCE.TRIAL_IMAGE
152462.322 TIMER[2] BLOCK.RECORDING_SEQUENCE.TIMER[2]
152472.612 DISPLAY_SCREEN[1] BLOCK.RECORDING_SEQUENCE.DISPLAY_SCREEN[1] (BEGIN) 
152487.348 DISPLAY_SCREEN[1] BLOCK.RECORDING_SEQUENCE.DISPLAY_SCREEN[1]
154987.354 TIMER[1] BLOCK.RECORDING_SEQUENCE.TIMER[1]
154987.494 SET_BUTTON_PRESS BLOCK.RECORDING_SEQUENCE.SET_BUTTON_PRESS
154987.638 ADD_TO_RESULTS_FILE[1] BLOCK.RECORDING_SEQUENCE.ADD_TO_RESULTS_FILE[1]
154987.693 SetValueAction 
154988.420 TRIAL_IMAGE BLOCK.RECORDING_SEQUENCE.TRIAL_IMAGE (BEGIN) 
155004.637 TRIAL_IMAGE BLOCK.RECORDING_SEQUENCE.TRIAL_IMAGE
155479.728 TIMER[2] BLOCK.RECORDING_SEQUENCE.TIMER[2]
155489.611 DISPLAY_SCREEN[1] BLOCK.RECORDING_SEQUENCE.DISPLAY_SCREEN[1] (BEGIN) 
155504.762 DISPLAY_SCREEN[1] BLOCK.RECORDING_SEQUENCE.DISPLAY_SCREEN[1]
158004.795 TIMER[1] BLOCK.RECORDING_SEQUENCE.TIMER[1]
158004.933 SET_BUTTON_PRESS BLOCK.RECORDING_SEQUENCE.SET_BUTTON_PRESS
158005.095 ADD_TO_RESULTS_FILE[1] BLOCK.RECORDING_SEQUENCE.ADD_TO_RESULTS_FILE[1]
158005.147 SetValueAction 
158014.960 TRIAL_IMAGE BLOCK.RECORDING_SEQUENCE.TRIAL_IMAGE (BEGIN) 
158022.055 TRIAL_IMAGE BLOCK.RECORDING_SEQUENCE.TRIAL_IMAGE
158497.139 TIMER[2] BLOCK.RECORDING_SEQUENCE.TIMER[2]
158507.612 DISPLAY_SCREEN[1] BLOCK.RECORDING_SEQUENCE.DISPLAY_SCREEN[1] (BEGIN) 
158522.184 DISPLAY_SCREEN[1] BLOCK.RECORDING_SEQUENCE.DISPLAY_SCREEN[1]
158752.131 MOUSE_R BLOCK.RECORDING_SEQUENCE.MOUSE_R
158752.263 SET_BUTTON_PRESS2 BLOCK.RECORDING_SEQUENCE.SET_BUTTON_PRESS2
158752.403 ADD_TO_RESULTS_FILE[1] BLOCK.RECORDING_SEQUENCE.ADD_TO_RESULTS_FILE[1]
158752.454 SetValueAction 
158762.653 TRIAL_IMAGE BLOCK.RECORDING_SEQUENCE.TRIAL_IMAGE (BEGIN) 
158772.236 TRIAL_IMAGE BLOCK.RECORDING_SEQUENCE.TRIAL_IMAGE
159247.352 TIMER[2] BLOCK.RECORDING_SEQUENCE.TIMER[2]
159257.613 DISPLAY_SCREEN[1] BLOCK.RECORDING_SEQUENCE.DISPLAY_SCREEN[1] (BEGIN) 
159272.364 DISPLAY_SCREEN[1] BLOCK.RECORDING_SEQUENCE.DISPLAY_SCREEN[1]
161772.420 TIMER[1] BLOCK.RECORDING_SEQUENCE.TIMER[1]
161772.579 SET_BUTTON_PRESS BLOCK.RECORDING_SEQUENCE.SET_BUTTON_PRESS
161772.720 ADD_TO_RESULTS_FILE[1] BLOCK.RECORDING_SEQUENCE.ADD_TO_RESULTS_FILE[1]
161772.773 SetValueAction 
161773.545 TRIAL_IMAGE BLOCK.RECORDING_SEQUENCE.TRIAL_IMAGE (BEGIN) 
161789.656 TRIAL_IMAGE BLOCK.RECORDING_SEQUENCE.TRIAL_IMAGE
162264.752 TIMER[2] BLOCK.RECORDING_SEQUENCE.TIMER[2]
162274.613 DISPLAY_SCREEN[1] BLOCK.RECORDING_SEQUENCE.DISPLAY_SCREEN[1] (BEGIN) 
162289.779 DISPLAY_SCREEN[1] BLOCK.RECORDING_SEQUENCE.DISPLAY_SCREEN[1]
162471.253 MOUSE_R BLOCK.RECORDING_SEQUENCE.MOUSE_R
162471.384 SET_BUTTON_PRESS2 BLOCK.RECORDING_SEQUENCE.SET_BUTTON_PRESS2
162471.523 ADD_TO_RESULTS_FILE[1] BLOCK.RECORDING_SEQUENCE.ADD_TO_RESULTS_FILE[1]
162471.574 SetValueAction 
162474.615 TRIAL_IMAGE BLOCK.RECORDING_SEQUENCE.TRIAL_IMAGE (BEGIN) 
162489.832 TRIAL_IMAGE BLOCK.RECORDING_SEQUENCE.TRIAL_IMAGE
162964.989 TIMER[2] BLOCK.RECORDING_SEQUENCE.TIMER[2]
162974.613 DISPLAY_SCREEN[1] BLOCK.RECORDING_SEQUENCE.DISPLAY_SCREEN[1] (BEGIN) 
162989.962 DISPLAY_SCREEN[1] BLOCK.RECORDING_SEQUENCE.DISPLAY_SCREEN[1]
165489.973 TIMER[1] BLOCK.RECORDING_SEQUENCE.TIMER[1]
165490.108 SET_BUTTON_PRESS BLOCK.RECORDING_SEQUENCE.SET_BUTTON_PRESS
165490.250 ADD_TO_RESULTS_FILE[1] BLOCK.RECORDING_SEQUENCE.ADD_TO_RESULTS_FILE[1]
165490.302 SetValueAction 
165500.169 TRIAL_IMAGE BLOCK.RECORDING_SEQUENCE.TRIAL_IMAGE (BEGIN) 
165507.244 TRIAL_IMAGE BLOCK.RECORDING_SEQUENCE.TRIAL_IMAGE
165982.324 TIMER[2] BLOCK.RECORDING_SEQUENCE.TIMER[2]
165992.613 DISPLAY_SCREEN[1] BLOCK.RECORDING_SEQUENCE.DISPLAY_SCREEN[1] (BEGIN) 
166007.382 DISPLAY_SCREEN[1] BLOCK.RECORDING_SEQUENCE.DISPLAY_SCREEN[1]
166007.649 MOUSE_R BLOCK.RECORDING_SEQUENCE.MOUSE_R
166007.786 SET_BUTTON_PRESS2 BLOCK.RECORDING_SEQUENCE.SET_BUTTON_PRESS2
166007.958 ADD_TO_RESULTS_FILE[1] BLOCK.RECORDING_SEQUENCE.ADD_TO_RESULTS_FILE[1]
166008.011 SetValueAction 
166017.345 TRIAL_IMAGE BLOCK.RECORDING_SEQUENCE.TRIAL_IMAGE (BEGIN) 
166024.035 TRIAL_IMAGE BLOCK.RECORDING_SEQUENCE.TRIAL_IMAGE
166499.183 TIMER[2] BLOCK.RECORDING_SEQUENCE.TIMER[2]
166509.613 DISPLAY_SCREEN[1] BLOCK.RECORDING_SEQUENCE.DISPLAY_SCREEN[1] (BEGIN) 
166524.171 DISPLAY_SCREEN[1] BLOCK.RECORDING_SEQUENCE.DISPLAY_SCREEN[1]
169024.216 TIMER[1] BLOCK.RECORDING_SEQUENCE.TIMER[1]
169024.353 SET_BUTTON_PRESS BLOCK.RECORDING_SEQUENCE.SET_BUTTON_PRESS
169024.496 ADD_TO_RESULTS_FILE[1] BLOCK.RECORDING_SEQUENCE.ADD_TO_RESULTS_FILE[1]
169024.548 SetValueAction 
169049.492 TRIAL_IMAGE BLOCK.RECORDING_SEQUENCE.TRIAL_IMAGE (BEGIN) 
169058.127 TRIAL_IMAGE BLOCK.RECORDING_SEQUENCE.TRIAL_IMAGE
169533.238 TIMER[2] BLOCK.RECORDING_SEQUENCE.TIMER[2]
169543.613 DISPLAY_SCREEN[1] BLOCK.RECORDING_SEQUENCE.DISPLAY_SCREEN[1] (BEGIN) 
169558.259 DISPLAY_SCREEN[1] BLOCK.RECORDING_SEQUENCE.DISPLAY_SCREEN[1]
169679.420 MOUSE_R BLOCK.RECORDING_SEQUENCE.MOUSE_R
169679.553 SET_BUTTON_PRESS2 BLOCK.RECORDING_SEQUENCE.SET_BUTTON_PRESS2
169679.693 ADD_TO_RESULTS_FILE[1] BLOCK.RECORDING_SEQUENCE.ADD_TO_RESULTS_FILE[1]
169679.744 SetValueAction 
169680.475 TRIAL_IMAGE BLOCK.RECORDING_SEQUENCE.TRIAL_IMAGE (BEGIN) 
169691.617 TRIAL_IMAGE BLOCK.RECORDING_SEQUENCE.TRIAL_IMAGE
170166.670 TIMER[2] BLOCK.RECORDING_SEQUENCE.TIMER[2]
170176.613 DISPLAY_SCREEN[1] BLOCK.RECORDING_SEQUENCE.DISPLAY_SCREEN[1] (BEGIN) 
170191.750 DISPLAY_SCREEN[1] BLOCK.RECORDING_SEQUENCE.DISPLAY_SCREEN[1]
172691.764 TIMER[1] BLOCK.RECORDING_SEQUENCE.TIMER[1]
172691.943 SET_BUTTON_PRESS BLOCK.RECORDING_SEQUENCE.SET_BUTTON_PRESS
172692.084 ADD_TO_RESULTS_FILE[1] BLOCK.RECORDING_SEQUENCE.ADD_TO_RESULTS_FILE[1]
172692.135 SetValueAction 
172693.043 TRIAL_IMAGE BLOCK.RECORDING_SEQUENCE.TRIAL_IMAGE (BEGIN) 
172709.046 TRIAL_IMAGE BLOCK.RECORDING_SEQUENCE.TRIAL_IMAGE
173184.115 TIMER[2] BLOCK.RECORDING_SEQUENCE.TIMER[2]
173194.613 DISPLAY_SCREEN[1] BLOCK.RECORDING_SEQUENCE.DISPLAY_SCREEN[1] (BEGIN) 
173209.169 DISPLAY_SCREEN[1] BLOCK.RECORDING_SEQUENCE.DISPLAY_SCREEN[1]
173209.428 MOUSE_R BLOCK.RECORDING_SEQUENCE.MOUSE_R
173209.556 SET_BUTTON_PRESS2 BLOCK.RECORDING_SEQUENCE.SET_BUTTON_PRESS2
173209.697 ADD_TO_RESULTS_FILE[1] BLOCK.RECORDING_SEQUENCE.ADD_TO_RESULTS_FILE[1]
173209.750 SetValueAction 
173219.853 TRIAL_IMAGE BLOCK.RECORDING_SEQUENCE.TRIAL_IMAGE (BEGIN) 
173225.831 TRIAL_IMAGE BLOCK.RECORDING_SEQUENCE.TRIAL_IMAGE
173700.925 TIMER[2] BLOCK.RECORDING_SEQUENCE.TIMER[2]
173710.613 DISPLAY_SCREEN[1] BLOCK.RECORDING_SEQUENCE.DISPLAY_SCREEN[1] (BEGIN) 
173725.966 DISPLAY_SCREEN[1] BLOCK.RECORDING_SEQUENCE.DISPLAY_SCREEN[1]
176226.022 TIMER[1] BLOCK.RECORDING_SEQUENCE.TIMER[1]
176226.158 SET_BUTTON_PRESS BLOCK.RECORDING_SEQUENCE.SET_BUTTON_PRESS
176226.301 ADD_TO_RESULTS_FILE[1] BLOCK.RECORDING_SEQUENCE.ADD_TO_RESULTS_FILE[1]
176226.353 SetValueAction 
176227.105 TRIAL_IMAGE BLOCK.RECORDING_SEQUENCE.TRIAL_IMAGE (BEGIN) 
176243.271 TRIAL_IMAGE BLOCK.RECORDING_SEQUENCE.TRIAL_IMAGE
176718.342 TIMER[2] BLOCK.RECORDING_SEQUENCE.TIMER[2]
176728.614 DISPLAY_SCREEN[1] BLOCK.RECORDING_SEQUENCE.DISPLAY_SCREEN[1] (BEGIN) 
176743.380 DISPLAY_SCREEN[1] BLOCK.RECORDING_SEQUENCE.DISPLAY_SCREEN[1]
177406.677 MOUSE_R BLOCK.RECORDING_SEQUENCE.MOUSE_R
177406.827 SET_BUTTON_PRESS2 BLOCK.RECORDING_SEQUENCE.SET_BUTTON_PRESS2
177406.978 ADD_TO_RESULTS_FILE[1] BLOCK.RECORDING_SEQUENCE.ADD_TO_RESULTS_FILE[1]
177407.032 SetValueAction 
177414.965 TRIAL_IMAGE BLOCK.RECORDING_SEQUENCE.TRIAL_IMAGE (BEGIN) 
177426.877 TRIAL_IMAGE BLOCK.RECORDING_SEQUENCE.TRIAL_IMAGE
177901.980 TIMER[2] BLOCK.RECORDING_SEQUENCE.TIMER[2]
177911.613 DISPLAY_SCREEN[1] BLOCK.RECORDING_SEQUENCE.DISPLAY_SCREEN[1] (BEGIN) 
177927.003 DISPLAY_SCREEN[1] BLOCK.RECORDING_SEQUENCE.DISPLAY_SCREEN[1]
180427.049 TIMER[1] BLOCK.RECORDING_SEQUENCE.TIMER[1]
180427.186 SET_BUTTON_PRESS BLOCK.RECORDING_SEQUENCE.SET_BUTTON_PRESS
180427.327 ADD_TO_RESULTS_FILE[1] BLOCK.RECORDING_SEQUENCE.ADD_TO_RESULTS_FILE[1]
180427.378 SetValueAction 
180428.155 TRIAL_IMAGE BLOCK.RECORDING_SEQUENCE.TRIAL_IMAGE (BEGIN) 
180444.298 TRIAL_IMAGE BLOCK.RECORDING_SEQUENCE.TRIAL_IMAGE
180919.385 TIMER[2] BLOCK.RECORDING_SEQUENCE.TIMER[2]
180929.627 DISPLAY_SCREEN[1] BLOCK.RECORDING_SEQUENCE.DISPLAY_SCREEN[1] (BEGIN) 
180944.432 DISPLAY_SCREEN[1] BLOCK.RECORDING_SEQUENCE.DISPLAY_SCREEN[1]
181509.938 MOUSE_R BLOCK.RECORDING_SEQUENCE.MOUSE_R
181510.080 SET_BUTTON_PRESS2 BLOCK.RECORDING_SEQUENCE.SET_BUTTON_PRESS2
181510.236 ADD_TO_RESULTS_FILE[1] BLOCK.RECORDING_SEQUENCE.ADD_TO_RESULTS_FILE[1]
181510.295 SetValueAction 
181512.615 TRIAL_IMAGE BLOCK.RECORDING_SEQUENCE.TRIAL_IMAGE (BEGIN) 
181527.905 TRIAL_IMAGE BLOCK.RECORDING_SEQUENCE.TRIAL_IMAGE
182003.038 TIMER[2] BLOCK.RECORDING_SEQUENCE.TIMER[2]
182012.613 DISPLAY_SCREEN[1] BLOCK.RECORDING_SEQUENCE.DISPLAY_SCREEN[1] (BEGIN) 
182028.031 DISPLAY_SCREEN[1] BLOCK.RECORDING_SEQUENCE.DISPLAY_SCREEN[1]
184528.051 TIMER[1] BLOCK.RECORDING_SEQUENCE.TIMER[1]
184528.183 SET_BUTTON_PRESS BLOCK.RECORDING_SEQUENCE.SET_BUTTON_PRESS
184528.347 ADD_TO_RESULTS_FILE[1] BLOCK.RECORDING_SEQUENCE.ADD_TO_RESULTS_FILE[1]
184528.399 SetValueAction 
184529.160 TRIAL_IMAGE BLOCK.RECORDING_SEQUENCE.TRIAL_IMAGE (BEGIN) 
184545.318 TRIAL_IMAGE BLOCK.RECORDING_SEQUENCE.TRIAL_IMAGE
185020.441 TIMER[2] BLOCK.RECORDING_SEQUENCE.TIMER[2]
185030.613 DISPLAY_SCREEN[1] BLOCK.RECORDING_SEQUENCE.DISPLAY_SCREEN[1] (BEGIN) 
185045.437 DISPLAY_SCREEN[1] BLOCK.RECORDING_SEQUENCE.DISPLAY_SCREEN[1]
185214.687 MOUSE_R BLOCK.RECORDING_SEQUENCE.MOUSE_R
185214.841 SET_BUTTON_PRESS2 BLOCK.RECORDING_SEQUENCE.SET_BUTTON_PRESS2
185214.980 ADD_TO_RESULTS_FILE[1] BLOCK.RECORDING_SEQUENCE.ADD_TO_RESULTS_FILE[1]
185215.030 SetValueAction 
185224.977 TRIAL_IMAGE BLOCK.RECORDING_SEQUENCE.TRIAL_IMAGE (BEGIN) 
185228.819 TRIAL_IMAGE BLOCK.RECORDING_SEQUENCE.TRIAL_IMAGE
185703.939 TIMER[2] BLOCK.RECORDING_SEQUENCE.TIMER[2]
185713.613 DISPLAY_SCREEN[1] BLOCK.RECORDING_SEQUENCE.DISPLAY_SCREEN[1] (BEGIN) 
185728.942 DISPLAY_SCREEN[1] BLOCK.RECORDING_SEQUENCE.DISPLAY_SCREEN[1]
188228.968 TIMER[1] BLOCK.RECORDING_SEQUENCE.TIMER[1]
188229.125 SET_BUTTON_PRESS BLOCK.RECORDING_SEQUENCE.SET_BUTTON_PRESS
188229.269 ADD_TO_RESULTS_FILE[1] BLOCK.RECORDING_SEQUENCE.ADD_TO_RESULTS_FILE[1]
188229.322 SetValueAction 
188238.115 TRIAL_IMAGE BLOCK.RECORDING_SEQUENCE.TRIAL_IMAGE (BEGIN) 
188246.227 TRIAL_IMAGE BLOCK.RECORDING_SEQUENCE.TRIAL_IMAGE
188721.318 TIMER[2] BLOCK.RECORDING_SEQUENCE.TIMER[2]
188731.613 DISPLAY_SCREEN[1] BLOCK.RECORDING_SEQUENCE.DISPLAY_SCREEN[1] (BEGIN) 
188746.363 DISPLAY_SCREEN[1] BLOCK.RECORDING_SEQUENCE.DISPLAY_SCREEN[1]
188878.592 MOUSE_R BLOCK.RECORDING_SEQUENCE.MOUSE_R
188878.725 SET_BUTTON_PRESS2 BLOCK.RECORDING_SEQUENCE.SET_BUTTON_PRESS2
188878.897 ADD_TO_RESULTS_FILE[1] BLOCK.RECORDING_SEQUENCE.ADD_TO_RESULTS_FILE[1]
188878.949 SetValueAction 
188879.620 TRIAL_IMAGE BLOCK.RECORDING_SEQUENCE.TRIAL_IMAGE (BEGIN) 
188896.404 TRIAL_IMAGE BLOCK.RECORDING_SEQUENCE.TRIAL_IMAGE
189371.465 TIMER[2] BLOCK.RECORDING_SEQUENCE.TIMER[2]
189381.612 DISPLAY_SCREEN[1] BLOCK.RECORDING_SEQUENCE.DISPLAY_SCREEN[1] (BEGIN) 
189396.527 DISPLAY_SCREEN[1] BLOCK.RECORDING_SEQUENCE.DISPLAY_SCREEN[1]
191896.566 TIMER[1] BLOCK.RECORDING_SEQUENCE.TIMER[1]
191896.762 SET_BUTTON_PRESS BLOCK.RECORDING_SEQUENCE.SET_BUTTON_PRESS
191896.904 ADD_TO_RESULTS_FILE[1] BLOCK.RECORDING_SEQUENCE.ADD_TO_RESULTS_FILE[1]
191896.956 SetValueAction 
191904.795 TRIAL_IMAGE BLOCK.RECORDING_SEQUENCE.TRIAL_IMAGE (BEGIN) 
191913.814 TRIAL_IMAGE BLOCK.RECORDING_SEQUENCE.TRIAL_IMAGE
192388.901 TIMER[2] BLOCK.RECORDING_SEQUENCE.TIMER[2]
192398.614 DISPLAY_SCREEN[1] BLOCK.RECORDING_SEQUENCE.DISPLAY_SCREEN[1] (BEGIN) 
192413.945 DISPLAY_SCREEN[1] BLOCK.RECORDING_SEQUENCE.DISPLAY_SCREEN[1]
192629.553 MOUSE_R BLOCK.RECORDING_SEQUENCE.MOUSE_R
192629.705 SET_BUTTON_PRESS2 BLOCK.RECORDING_SEQUENCE.SET_BUTTON_PRESS2
192629.858 ADD_TO_RESULTS_FILE[1] BLOCK.RECORDING_SEQUENCE.ADD_TO_RESULTS_FILE[1]
192629.912 SetValueAction 
192630.641 TRIAL_IMAGE BLOCK.RECORDING_SEQUENCE.TRIAL_IMAGE (BEGIN) 
192647.332 TRIAL_IMAGE BLOCK.RECORDING_SEQUENCE.TRIAL_IMAGE
193122.388 TIMER[2] BLOCK.RECORDING_SEQUENCE.TIMER[2]
193132.614 DISPLAY_SCREEN[1] BLOCK.RECORDING_SEQUENCE.DISPLAY_SCREEN[1] (BEGIN) 
193147.455 DISPLAY_SCREEN[1] BLOCK.RECORDING_SEQUENCE.DISPLAY_SCREEN[1]
195647.475 TIMER[1] BLOCK.RECORDING_SEQUENCE.TIMER[1]
195647.613 SET_BUTTON_PRESS BLOCK.RECORDING_SEQUENCE.SET_BUTTON_PRESS
195647.756 ADD_TO_RESULTS_FILE[1] BLOCK.RECORDING_SEQUENCE.ADD_TO_RESULTS_FILE[1]
195647.808 SetValueAction 
195648.544 TRIAL_IMAGE BLOCK.RECORDING_SEQUENCE.TRIAL_IMAGE (BEGIN) 
195664.759 TRIAL_IMAGE BLOCK.RECORDING_SEQUENCE.TRIAL_IMAGE
196139.848 TIMER[2] BLOCK.RECORDING_SEQUENCE.TIMER[2]
196149.613 DISPLAY_SCREEN[1] BLOCK.RECORDING_SEQUENCE.DISPLAY_SCREEN[1] (BEGIN) 
196164.883 DISPLAY_SCREEN[1] BLOCK.RECORDING_SEQUENCE.DISPLAY_SCREEN[1]
196293.239 MOUSE_R BLOCK.RECORDING_SEQUENCE.MOUSE_R
196293.367 SET_BUTTON_PRESS2 BLOCK.RECORDING_SEQUENCE.SET_BUTTON_PRESS2
196293.505 ADD_TO_RESULTS_FILE[1] BLOCK.RECORDING_SEQUENCE.ADD_TO_RESULTS_FILE[1]
196293.556 SetValueAction 
196302.030 TRIAL_IMAGE BLOCK.RECORDING_SEQUENCE.TRIAL_IMAGE (BEGIN) 
196314.905 TRIAL_IMAGE BLOCK.RECORDING_SEQUENCE.TRIAL_IMAGE
196789.986 TIMER[2] BLOCK.RECORDING_SEQUENCE.TIMER[2]
196800.613 DISPLAY_SCREEN[1] BLOCK.RECORDING_SEQUENCE.DISPLAY_SCREEN[1] (BEGIN) 
196815.038 DISPLAY_SCREEN[1] BLOCK.RECORDING_SEQUENCE.DISPLAY_SCREEN[1]
199315.092 TIMER[1] BLOCK.RECORDING_SEQUENCE.TIMER[1]
199315.230 SET_BUTTON_PRESS BLOCK.RECORDING_SEQUENCE.SET_BUTTON_PRESS
199315.374 ADD_TO_RESULTS_FILE[1] BLOCK.RECORDING_SEQUENCE.ADD_TO_RESULTS_FILE[1]
199315.428 SetValueAction 
199316.147 TRIAL_IMAGE BLOCK.RECORDING_SEQUENCE.TRIAL_IMAGE (BEGIN) 
199332.334 TRIAL_IMAGE BLOCK.RECORDING_SEQUENCE.TRIAL_IMAGE
199807.444 TIMER[2] BLOCK.RECORDING_SEQUENCE.TIMER[2]
199817.612 DISPLAY_SCREEN[1] BLOCK.RECORDING_SEQUENCE.DISPLAY_SCREEN[1] (BEGIN) 
199832.460 DISPLAY_SCREEN[1] BLOCK.RECORDING_SEQUENCE.DISPLAY_SCREEN[1]
199957.059 MOUSE_R BLOCK.RECORDING_SEQUENCE.MOUSE_R
199957.195 SET_BUTTON_PRESS2 BLOCK.RECORDING_SEQUENCE.SET_BUTTON_PRESS2
199957.336 ADD_TO_RESULTS_FILE[1] BLOCK.RECORDING_SEQUENCE.ADD_TO_RESULTS_FILE[1]
199957.389 SetValueAction 
199967.542 TRIAL_IMAGE BLOCK.RECORDING_SEQUENCE.TRIAL_IMAGE (BEGIN) 
199982.496 TRIAL_IMAGE BLOCK.RECORDING_SEQUENCE.TRIAL_IMAGE
200457.629 TIMER[2] BLOCK.RECORDING_SEQUENCE.TIMER[2]
200467.613 DISPLAY_SCREEN[1] BLOCK.RECORDING_SEQUENCE.DISPLAY_SCREEN[1] (BEGIN) 
200482.616 DISPLAY_SCREEN[1] BLOCK.RECORDING_SEQUENCE.DISPLAY_SCREEN[1]
202982.737 TIMER[1] BLOCK.RECORDING_SEQUENCE.TIMER[1]
202982.887 SET_BUTTON_PRESS BLOCK.RECORDING_SEQUENCE.SET_BUTTON_PRESS
202983.030 ADD_TO_RESULTS_FILE[1] BLOCK.RECORDING_SEQUENCE.ADD_TO_RESULTS_FILE[1]
202983.081 SetValueAction 
202983.879 TRIAL_IMAGE BLOCK.RECORDING_SEQUENCE.TRIAL_IMAGE (BEGIN) 
202999.915 TRIAL_IMAGE BLOCK.RECORDING_SEQUENCE.TRIAL_IMAGE
203475.013 TIMER[2] BLOCK.RECORDING_SEQUENCE.TIMER[2]
203485.613 DISPLAY_SCREEN[1] BLOCK.RECORDING_SEQUENCE.DISPLAY_SCREEN[1] (BEGIN) 
203500.037 DISPLAY_SCREEN[1] BLOCK.RECORDING_SEQUENCE.DISPLAY_SCREEN[1]
203670.012 MOUSE_R BLOCK.RECORDING_SEQUENCE.MOUSE_R
203670.147 SET_BUTTON_PRESS2 BLOCK.RECORDING_SEQUENCE.SET_BUTTON_PRESS2
203670.288 ADD_TO_RESULTS_FILE[1] BLOCK.RECORDING_SEQUENCE.ADD_TO_RESULTS_FILE[1]
203670.340 SetValueAction 
203671.133 TRIAL_IMAGE BLOCK.RECORDING_SEQUENCE.TRIAL_IMAGE (BEGIN) 
203683.420 TRIAL_IMAGE BLOCK.RECORDING_SEQUENCE.TRIAL_IMAGE
204158.553 TIMER[2] BLOCK.RECORDING_SEQUENCE.TIMER[2]
204168.624 DISPLAY_SCREEN[1] BLOCK.RECORDING_SEQUENCE.DISPLAY_SCREEN[1] (BEGIN) 
204183.546 DISPLAY_SCREEN[1] BLOCK.RECORDING_SEQUENCE.DISPLAY_SCREEN[1]
206683.605 TIMER[1] BLOCK.RECORDING_SEQUENCE.TIMER[1]
206683.752 SET_BUTTON_PRESS BLOCK.RECORDING_SEQUENCE.SET_BUTTON_PRESS
206683.895 ADD_TO_RESULTS_FILE[1] BLOCK.RECORDING_SEQUENCE.ADD_TO_RESULTS_FILE[1]
206683.947 SetValueAction 
206684.742 TRIAL_IMAGE BLOCK.RECORDING_SEQUENCE.TRIAL_IMAGE (BEGIN) 
206700.844 TRIAL_IMAGE BLOCK.RECORDING_SEQUENCE.TRIAL_IMAGE
207175.940 TIMER[2] BLOCK.RECORDING_SEQUENCE.TIMER[2]
207185.613 DISPLAY_SCREEN[1] BLOCK.RECORDING_SEQUENCE.DISPLAY_SCREEN[1] (BEGIN) 
207200.957 DISPLAY_SCREEN[1] BLOCK.RECORDING_SEQUENCE.DISPLAY_SCREEN[1]
207405.471 MOUSE_R BLOCK.RECORDING_SEQUENCE.MOUSE_R
207405.606 SET_BUTTON_PRESS2 BLOCK.RECORDING_SEQUENCE.SET_BUTTON_PRESS2
207405.746 ADD_TO_RESULTS_FILE[1] BLOCK.RECORDING_SEQUENCE.ADD_TO_RESULTS_FILE[1]
207405.797 SetValueAction 
207406.476 TRIAL_IMAGE BLOCK.RECORDING_SEQUENCE.TRIAL_IMAGE (BEGIN) 
207417.684 TRIAL_IMAGE BLOCK.RECORDING_SEQUENCE.TRIAL_IMAGE
207892.724 TIMER[2] BLOCK.RECORDING_SEQUENCE.TIMER[2]
207902.614 DISPLAY_SCREEN[1] BLOCK.RECORDING_SEQUENCE.DISPLAY_SCREEN[1] (BEGIN) 
207917.805 DISPLAY_SCREEN[1] BLOCK.RECORDING_SEQUENCE.DISPLAY_SCREEN[1]
210417.833 TIMER[1] BLOCK.RECORDING_SEQUENCE.TIMER[1]
210417.971 SET_BUTTON_PRESS BLOCK.RECORDING_SEQUENCE.SET_BUTTON_PRESS
210418.115 ADD_TO_RESULTS_FILE[1] BLOCK.RECORDING_SEQUENCE.ADD_TO_RESULTS_FILE[1]
210418.167 SetValueAction 
210428.642 TRIAL_IMAGE BLOCK.RECORDING_SEQUENCE.TRIAL_IMAGE (BEGIN) 
210435.081 TRIAL_IMAGE BLOCK.RECORDING_SEQUENCE.TRIAL_IMAGE
210910.146 TIMER[2] BLOCK.RECORDING_SEQUENCE.TIMER[2]
210920.637 DISPLAY_SCREEN[1] BLOCK.RECORDING_SEQUENCE.DISPLAY_SCREEN[1] (BEGIN) 
210935.227 DISPLAY_SCREEN[1] BLOCK.RECORDING_SEQUENCE.DISPLAY_SCREEN[1]
211012.924 MOUSE_R BLOCK.RECORDING_SEQUENCE.MOUSE_R
211013.060 SET_BUTTON_PRESS2 BLOCK.RECORDING_SEQUENCE.SET_BUTTON_PRESS2
211013.201 ADD_TO_RESULTS_FILE[1] BLOCK.RECORDING_SEQUENCE.ADD_TO_RESULTS_FILE[1]
211013.253 SetValueAction 
211013.916 TRIAL_IMAGE BLOCK.RECORDING_SEQUENCE.TRIAL_IMAGE (BEGIN) 
211018.563 TRIAL_IMAGE BLOCK.RECORDING_SEQUENCE.TRIAL_IMAGE
211493.704 TIMER[2] BLOCK.RECORDING_SEQUENCE.TIMER[2]
211503.613 DISPLAY_SCREEN[1] BLOCK.RECORDING_SEQUENCE.DISPLAY_SCREEN[1] (BEGIN) 
211518.691 DISPLAY_SCREEN[1] BLOCK.RECORDING_SEQUENCE.DISPLAY_SCREEN[1]
214018.763 TIMER[1] BLOCK.RECORDING_SEQUENCE.TIMER[1]
214018.898 SET_BUTTON_PRESS BLOCK.RECORDING_SEQUENCE.SET_BUTTON_PRESS
214019.039 ADD_TO_RESULTS_FILE[1] BLOCK.RECORDING_SEQUENCE.ADD_TO_RESULTS_FILE[1]
214019.091 SetValueAction 
214019.841 TRIAL_IMAGE BLOCK.RECORDING_SEQUENCE.TRIAL_IMAGE (BEGIN) 
214035.998 TRIAL_IMAGE BLOCK.RECORDING_SEQUENCE.TRIAL_IMAGE
214511.077 TIMER[2] BLOCK.RECORDING_SEQUENCE.TIMER[2]
214521.613 DISPLAY_SCREEN[1] BLOCK.RECORDING_SEQUENCE.DISPLAY_SCREEN[1] (BEGIN) 
214536.112 DISPLAY_SCREEN[1] BLOCK.RECORDING_SEQUENCE.DISPLAY_SCREEN[1]
214605.580 MOUSE_R BLOCK.RECORDING_SEQUENCE.MOUSE_R
214605.712 SET_BUTTON_PRESS2 BLOCK.RECORDING_SEQUENCE.SET_BUTTON_PRESS2
214605.851 ADD_TO_RESULTS_FILE[1] BLOCK.RECORDING_SEQUENCE.ADD_TO_RESULTS_FILE[1]
214605.904 SetValueAction 
214614.335 TRIAL_IMAGE BLOCK.RECORDING_SEQUENCE.TRIAL_IMAGE (BEGIN) 
214619.454 TRIAL_IMAGE BLOCK.RECORDING_SEQUENCE.TRIAL_IMAGE
215094.609 TIMER[2] BLOCK.RECORDING_SEQUENCE.TIMER[2]
215104.613 DISPLAY_SCREEN[1] BLOCK.RECORDING_SEQUENCE.DISPLAY_SCREEN[1] (BEGIN) 
215119.585 DISPLAY_SCREEN[1] BLOCK.RECORDING_SEQUENCE.DISPLAY_SCREEN[1]
217619.631 TIMER[1] BLOCK.RECORDING_SEQUENCE.TIMER[1]
217619.767 SET_BUTTON_PRESS BLOCK.RECORDING_SEQUENCE.SET_BUTTON_PRESS
217619.908 ADD_TO_RESULTS_FILE[1] BLOCK.RECORDING_SEQUENCE.ADD_TO_RESULTS_FILE[1]
217619.960 SetValueAction 
217620.691 TRIAL_IMAGE BLOCK.RECORDING_SEQUENCE.TRIAL_IMAGE (BEGIN) 
217636.906 TRIAL_IMAGE BLOCK.RECORDING_SEQUENCE.TRIAL_IMAGE
218111.967 TIMER[2] BLOCK.RECORDING_SEQUENCE.TIMER[2]
218121.613 DISPLAY_SCREEN[1] BLOCK.RECORDING_SEQUENCE.DISPLAY_SCREEN[1] (BEGIN) 
218137.016 DISPLAY_SCREEN[1] BLOCK.RECORDING_SEQUENCE.DISPLAY_SCREEN[1]
218333.378 MOUSE_R BLOCK.RECORDING_SEQUENCE.MOUSE_R
218333.522 SET_BUTTON_PRESS2 BLOCK.RECORDING_SEQUENCE.SET_BUTTON_PRESS2
218333.671 ADD_TO_RESULTS_FILE[1] BLOCK.RECORDING_SEQUENCE.ADD_TO_RESULTS_FILE[1]
218333.722 SetValueAction 
218343.874 TRIAL_IMAGE BLOCK.RECORDING_SEQUENCE.TRIAL_IMAGE (BEGIN) 
218353.723 TRIAL_IMAGE BLOCK.RECORDING_SEQUENCE.TRIAL_IMAGE
218828.811 TIMER[2] BLOCK.RECORDING_SEQUENCE.TIMER[2]
218838.613 DISPLAY_SCREEN[1] BLOCK.RECORDING_SEQUENCE.DISPLAY_SCREEN[1] (BEGIN) 
218853.853 DISPLAY_SCREEN[1] BLOCK.RECORDING_SEQUENCE.DISPLAY_SCREEN[1]
221353.860 TIMER[1] BLOCK.RECORDING_SEQUENCE.TIMER[1]
221353.999 SET_BUTTON_PRESS BLOCK.RECORDING_SEQUENCE.SET_BUTTON_PRESS
221354.142 ADD_TO_RESULTS_FILE[1] BLOCK.RECORDING_SEQUENCE.ADD_TO_RESULTS_FILE[1]
221354.195 SetValueAction 
221354.918 TRIAL_IMAGE BLOCK.RECORDING_SEQUENCE.TRIAL_IMAGE (BEGIN) 
221371.150 TRIAL_IMAGE BLOCK.RECORDING_SEQUENCE.TRIAL_IMAGE
221846.219 TIMER[2] BLOCK.RECORDING_SEQUENCE.TIMER[2]
221856.614 DISPLAY_SCREEN[1] BLOCK.RECORDING_SEQUENCE.DISPLAY_SCREEN[1] (BEGIN) 
221871.276 DISPLAY_SCREEN[1] BLOCK.RECORDING_SEQUENCE.DISPLAY_SCREEN[1]
221979.889 MOUSE_R BLOCK.RECORDING_SEQUENCE.MOUSE_R
221980.034 SET_BUTTON_PRESS2 BLOCK.RECORDING_SEQUENCE.SET_BUTTON_PRESS2
221980.176 ADD_TO_RESULTS_FILE[1] BLOCK.RECORDING_SEQUENCE.ADD_TO_RESULTS_FILE[1]
221980.232 SetValueAction 
221980.986 TRIAL_IMAGE BLOCK.RECORDING_SEQUENCE.TRIAL_IMAGE (BEGIN) 
221987.962 TRIAL_IMAGE BLOCK.RECORDING_SEQUENCE.TRIAL_IMAGE
222463.020 TIMER[2] BLOCK.RECORDING_SEQUENCE.TIMER[2]
222473.614 DISPLAY_SCREEN[1] BLOCK.RECORDING_SEQUENCE.DISPLAY_SCREEN[1] (BEGIN) 
222488.098 DISPLAY_SCREEN[1] BLOCK.RECORDING_SEQUENCE.DISPLAY_SCREEN[1]
224988.146 TIMER[1] BLOCK.RECORDING_SEQUENCE.TIMER[1]
224988.304 SET_BUTTON_PRESS BLOCK.RECORDING_SEQUENCE.SET_BUTTON_PRESS
224988.446 ADD_TO_RESULTS_FILE[1] BLOCK.RECORDING_SEQUENCE.ADD_TO_RESULTS_FILE[1]
224988.521 SetValueAction 
224989.257 TRIAL_IMAGE BLOCK.RECORDING_SEQUENCE.TRIAL_IMAGE (BEGIN) 
225005.389 TRIAL_IMAGE BLOCK.RECORDING_SEQUENCE.TRIAL_IMAGE
225480.437 TIMER[2] BLOCK.RECORDING_SEQUENCE.TIMER[2]
225490.613 DISPLAY_SCREEN[1] BLOCK.RECORDING_SEQUENCE.DISPLAY_SCREEN[1] (BEGIN) 
225505.510 DISPLAY_SCREEN[1] BLOCK.RECORDING_SEQUENCE.DISPLAY_SCREEN[1]
225603.617 MOUSE_R BLOCK.RECORDING_SEQUENCE.MOUSE_R
225603.743 SET_BUTTON_PRESS2 BLOCK.RECORDING_SEQUENCE.SET_BUTTON_PRESS2
225603.882 ADD_TO_RESULTS_FILE[1] BLOCK.RECORDING_SEQUENCE.ADD_TO_RESULTS_FILE[1]
225603.930 SetValueAction 
225614.155 TRIAL_IMAGE BLOCK.RECORDING_SEQUENCE.TRIAL_IMAGE (BEGIN) 
225622.196 TRIAL_IMAGE BLOCK.RECORDING_SEQUENCE.TRIAL_IMAGE
226097.303 TIMER[2] BLOCK.RECORDING_SEQUENCE.TIMER[2]
226107.614 DISPLAY_SCREEN[1] BLOCK.RECORDING_SEQUENCE.DISPLAY_SCREEN[1] (BEGIN) 
226122.336 DISPLAY_SCREEN[1] BLOCK.RECORDING_SEQUENCE.DISPLAY_SCREEN[1]
228622.405 TIMER[1] BLOCK.RECORDING_SEQUENCE.TIMER[1]
228622.573 SET_BUTTON_PRESS BLOCK.RECORDING_SEQUENCE.SET_BUTTON_PRESS
228622.716 ADD_TO_RESULTS_FILE[1] BLOCK.RECORDING_SEQUENCE.ADD_TO_RESULTS_FILE[1]
228622.768 SetValueAction 
228632.530 TRIAL_IMAGE BLOCK.RECORDING_SEQUENCE.TRIAL_IMAGE (BEGIN) 
228639.623 TRIAL_IMAGE BLOCK.RECORDING_SEQUENCE.TRIAL_IMAGE
229114.723 TIMER[2] BLOCK.RECORDING_SEQUENCE.TIMER[2]
229124.613 DISPLAY_SCREEN[1] BLOCK.RECORDING_SEQUENCE.DISPLAY_SCREEN[1] (BEGIN) 
229139.750 DISPLAY_SCREEN[1] BLOCK.RECORDING_SEQUENCE.DISPLAY_SCREEN[1]
229292.513 MOUSE_R BLOCK.RECORDING_SEQUENCE.MOUSE_R
229292.648 SET_BUTTON_PRESS2 BLOCK.RECORDING_SEQUENCE.SET_BUTTON_PRESS2
229292.790 ADD_TO_RESULTS_FILE[1] BLOCK.RECORDING_SEQUENCE.ADD_TO_RESULTS_FILE[1]
229292.842 SetValueAction 
229293.509 TRIAL_IMAGE BLOCK.RECORDING_SEQUENCE.TRIAL_IMAGE (BEGIN) 
229306.460 TRIAL_IMAGE BLOCK.RECORDING_SEQUENCE.TRIAL_IMAGE
229781.560 TIMER[2] BLOCK.RECORDING_SEQUENCE.TIMER[2]
229791.613 DISPLAY_SCREEN[1] BLOCK.RECORDING_SEQUENCE.DISPLAY_SCREEN[1] (BEGIN) 
229806.587 DISPLAY_SCREEN[1] BLOCK.RECORDING_SEQUENCE.DISPLAY_SCREEN[1]
232306.657 TIMER[1] BLOCK.RECORDING_SEQUENCE.TIMER[1]
232306.796 SET_BUTTON_PRESS BLOCK.RECORDING_SEQUENCE.SET_BUTTON_PRESS
232306.937 ADD_TO_RESULTS_FILE[1] BLOCK.RECORDING_SEQUENCE.ADD_TO_RESULTS_FILE[1]
232306.990 SetValueAction 
232307.772 TRIAL_IMAGE BLOCK.RECORDING_SEQUENCE.TRIAL_IMAGE (BEGIN) 
232323.869 TRIAL_IMAGE BLOCK.RECORDING_SEQUENCE.TRIAL_IMAGE
232798.923 TIMER[2] BLOCK.RECORDING_SEQUENCE.TIMER[2]
232808.613 DISPLAY_SCREEN[1] BLOCK.RECORDING_SEQUENCE.DISPLAY_SCREEN[1] (BEGIN) 
232824.001 DISPLAY_SCREEN[1] BLOCK.RECORDING_SEQUENCE.DISPLAY_SCREEN[1]
232986.862 MOUSE_R BLOCK.RECORDING_SEQUENCE.MOUSE_R
232986.993 SET_BUTTON_PRESS2 BLOCK.RECORDING_SEQUENCE.SET_BUTTON_PRESS2
232987.131 ADD_TO_RESULTS_FILE[1] BLOCK.RECORDING_SEQUENCE.ADD_TO_RESULTS_FILE[1]
232987.183 SetValueAction 
232996.256 TRIAL_IMAGE BLOCK.RECORDING_SEQUENCE.TRIAL_IMAGE (BEGIN) 
233007.379 TRIAL_IMAGE BLOCK.RECORDING_SEQUENCE.TRIAL_IMAGE
233482.504 TIMER[2] BLOCK.RECORDING_SEQUENCE.TIMER[2]
233492.612 DISPLAY_SCREEN[1] BLOCK.RECORDING_SEQUENCE.DISPLAY_SCREEN[1] (BEGIN) 
233507.497 DISPLAY_SCREEN[1] BLOCK.RECORDING_SEQUENCE.DISPLAY_SCREEN[1]
236007.559 TIMER[1] BLOCK.RECORDING_SEQUENCE.TIMER[1]
236007.695 SET_BUTTON_PRESS BLOCK.RECORDING_SEQUENCE.SET_BUTTON_PRESS
236007.838 ADD_TO_RESULTS_FILE[1] BLOCK.RECORDING_SEQUENCE.ADD_TO_RESULTS_FILE[1]
236007.891 SetValueAction 
236008.679 TRIAL_IMAGE BLOCK.RECORDING_SEQUENCE.TRIAL_IMAGE (BEGIN) 
236024.792 TRIAL_IMAGE BLOCK.RECORDING_SEQUENCE.TRIAL_IMAGE
236499.935 TIMER[2] BLOCK.RECORDING_SEQUENCE.TIMER[2]
236509.613 DISPLAY_SCREEN[1] BLOCK.RECORDING_SEQUENCE.DISPLAY_SCREEN[1] (BEGIN) 
236524.914 DISPLAY_SCREEN[1] BLOCK.RECORDING_SEQUENCE.DISPLAY_SCREEN[1]
237067.773 MOUSE_R BLOCK.RECORDING_SEQUENCE.MOUSE_R
237067.920 SET_BUTTON_PRESS2 BLOCK.RECORDING_SEQUENCE.SET_BUTTON_PRESS2
237068.066 ADD_TO_RESULTS_FILE[1] BLOCK.RECORDING_SEQUENCE.ADD_TO_RESULTS_FILE[1]
237068.119 SetValueAction 
237068.891 TRIAL_IMAGE BLOCK.RECORDING_SEQUENCE.TRIAL_IMAGE (BEGIN) 
237075.051 TRIAL_IMAGE BLOCK.RECORDING_SEQUENCE.TRIAL_IMAGE
237550.118 TIMER[2] BLOCK.RECORDING_SEQUENCE.TIMER[2]
237560.613 DISPLAY_SCREEN[1] BLOCK.RECORDING_SEQUENCE.DISPLAY_SCREEN[1] (BEGIN) 
237575.185 DISPLAY_SCREEN[1] BLOCK.RECORDING_SEQUENCE.DISPLAY_SCREEN[1]
240075.327 TIMER[1] BLOCK.RECORDING_SEQUENCE.TIMER[1]
240075.506 SET_BUTTON_PRESS BLOCK.RECORDING_SEQUENCE.SET_BUTTON_PRESS
240075.650 ADD_TO_RESULTS_FILE[1] BLOCK.RECORDING_SEQUENCE.ADD_TO_RESULTS_FILE[1]
240075.704 SetValueAction 
240076.585 TRIAL_IMAGE BLOCK.RECORDING_SEQUENCE.TRIAL_IMAGE (BEGIN) 
240092.476 TRIAL_IMAGE BLOCK.RECORDING_SEQUENCE.TRIAL_IMAGE
240567.571 TIMER[2] BLOCK.RECORDING_SEQUENCE.TIMER[2]
240577.614 DISPLAY_SCREEN[1] BLOCK.RECORDING_SEQUENCE.DISPLAY_SCREEN[1] (BEGIN) 
240592.603 DISPLAY_SCREEN[1] BLOCK.RECORDING_SEQUENCE.DISPLAY_SCREEN[1]
240715.332 MOUSE_R BLOCK.RECORDING_SEQUENCE.MOUSE_R
240715.490 SET_BUTTON_PRESS2 BLOCK.RECORDING_SEQUENCE.SET_BUTTON_PRESS2
240715.633 ADD_TO_RESULTS_FILE[1] BLOCK.RECORDING_SEQUENCE.ADD_TO_RESULTS_FILE[1]
240715.687 SetValueAction 
240727.619 TRIAL_IMAGE BLOCK.RECORDING_SEQUENCE.TRIAL_IMAGE (BEGIN) 
240742.630 TRIAL_IMAGE BLOCK.RECORDING_SEQUENCE.TRIAL_IMAGE
241217.747 TIMER[2] BLOCK.RECORDING_SEQUENCE.TIMER[2]
241227.628 DISPLAY_SCREEN[1] BLOCK.RECORDING_SEQUENCE.DISPLAY_SCREEN[1] (BEGIN) 
241242.774 DISPLAY_SCREEN[1] BLOCK.RECORDING_SEQUENCE.DISPLAY_SCREEN[1]
243742.764 TIMER[1] BLOCK.RECORDING_SEQUENCE.TIMER[1]
243742.922 SET_BUTTON_PRESS BLOCK.RECORDING_SEQUENCE.SET_BUTTON_PRESS
243743.065 ADD_TO_RESULTS_FILE[1] BLOCK.RECORDING_SEQUENCE.ADD_TO_RESULTS_FILE[1]
243743.118 SetValueAction 
243743.892 TRIAL_IMAGE BLOCK.RECORDING_SEQUENCE.TRIAL_IMAGE (BEGIN) 
243760.049 TRIAL_IMAGE BLOCK.RECORDING_SEQUENCE.TRIAL_IMAGE
244235.184 TIMER[2] BLOCK.RECORDING_SEQUENCE.TIMER[2]
244245.629 DISPLAY_SCREEN[1] BLOCK.RECORDING_SEQUENCE.DISPLAY_SCREEN[1] (BEGIN) 
244260.203 DISPLAY_SCREEN[1] BLOCK.RECORDING_SEQUENCE.DISPLAY_SCREEN[1]
244323.673 MOUSE_R BLOCK.RECORDING_SEQUENCE.MOUSE_R
244323.829 SET_BUTTON_PRESS2 BLOCK.RECORDING_SEQUENCE.SET_BUTTON_PRESS2
244323.981 ADD_TO_RESULTS_FILE[1] BLOCK.RECORDING_SEQUENCE.ADD_TO_RESULTS_FILE[1]
244324.039 SetValueAction 
244328.622 TRIAL_IMAGE BLOCK.RECORDING_SEQUENCE.TRIAL_IMAGE (BEGIN) 
244343.556 TRIAL_IMAGE BLOCK.RECORDING_SEQUENCE.TRIAL_IMAGE
244818.640 TIMER[2] BLOCK.RECORDING_SEQUENCE.TIMER[2]
244828.614 DISPLAY_SCREEN[1] BLOCK.RECORDING_SEQUENCE.DISPLAY_SCREEN[1] (BEGIN) 
244843.664 DISPLAY_SCREEN[1] BLOCK.RECORDING_SEQUENCE.DISPLAY_SCREEN[1]
247343.698 TIMER[1] BLOCK.RECORDING_SEQUENCE.TIMER[1]
247343.837 SET_BUTTON_PRESS BLOCK.RECORDING_SEQUENCE.SET_BUTTON_PRESS
247343.982 ADD_TO_RESULTS_FILE[1] BLOCK.RECORDING_SEQUENCE.ADD_TO_RESULTS_FILE[1]
247344.034 SetValueAction 
247352.235 TRIAL_IMAGE BLOCK.RECORDING_SEQUENCE.TRIAL_IMAGE (BEGIN) 
247360.942 TRIAL_IMAGE BLOCK.RECORDING_SEQUENCE.TRIAL_IMAGE
247836.002 TIMER[2] BLOCK.RECORDING_SEQUENCE.TIMER[2]
247846.613 DISPLAY_SCREEN[1] BLOCK.RECORDING_SEQUENCE.DISPLAY_SCREEN[1] (BEGIN) 
247861.068 DISPLAY_SCREEN[1] BLOCK.RECORDING_SEQUENCE.DISPLAY_SCREEN[1]
248434.652 MOUSE_R BLOCK.RECORDING_SEQUENCE.MOUSE_R
248434.795 SET_BUTTON_PRESS2 BLOCK.RECORDING_SEQUENCE.SET_BUTTON_PRESS2
248434.937 ADD_TO_RESULTS_FILE[1] BLOCK.RECORDING_SEQUENCE.ADD_TO_RESULTS_FILE[1]
248434.989 SetValueAction 
248435.736 TRIAL_IMAGE BLOCK.RECORDING_SEQUENCE.TRIAL_IMAGE (BEGIN) 
248444.553 TRIAL_IMAGE BLOCK.RECORDING_SEQUENCE.TRIAL_IMAGE
248919.590 TIMER[2] BLOCK.RECORDING_SEQUENCE.TIMER[2]
248929.613 DISPLAY_SCREEN[1] BLOCK.RECORDING_SEQUENCE.DISPLAY_SCREEN[1] (BEGIN) 
248944.678 DISPLAY_SCREEN[1] BLOCK.RECORDING_SEQUENCE.DISPLAY_SCREEN[1]
251444.741 TIMER[1] BLOCK.RECORDING_SEQUENCE.TIMER[1]
251444.880 SET_BUTTON_PRESS BLOCK.RECORDING_SEQUENCE.SET_BUTTON_PRESS
251445.044 ADD_TO_RESULTS_FILE[1] BLOCK.RECORDING_SEQUENCE.ADD_TO_RESULTS_FILE[1]
251445.098 SetValueAction 
251445.868 TRIAL_IMAGE BLOCK.RECORDING_SEQUENCE.TRIAL_IMAGE (BEGIN) 
251461.965 TRIAL_IMAGE BLOCK.RECORDING_SEQUENCE.TRIAL_IMAGE
251937.052 TIMER[2] BLOCK.RECORDING_SEQUENCE.TIMER[2]
251947.614 DISPLAY_SCREEN[1] BLOCK.RECORDING_SEQUENCE.DISPLAY_SCREEN[1] (BEGIN) 
251962.099 DISPLAY_SCREEN[1] BLOCK.RECORDING_SEQUENCE.DISPLAY_SCREEN[1]
252146.049 MOUSE_R BLOCK.RECORDING_SEQUENCE.MOUSE_R
252146.183 SET_BUTTON_PRESS2 BLOCK.RECORDING_SEQUENCE.SET_BUTTON_PRESS2
252146.344 ADD_TO_RESULTS_FILE[1] BLOCK.RECORDING_SEQUENCE.ADD_TO_RESULTS_FILE[1]
252146.398 SetValueAction 
252147.115 TRIAL_IMAGE BLOCK.RECORDING_SEQUENCE.TRIAL_IMAGE (BEGIN) 
252162.147 TRIAL_IMAGE BLOCK.RECORDING_SEQUENCE.TRIAL_IMAGE
252637.231 TIMER[2] BLOCK.RECORDING_SEQUENCE.TIMER[2]
252647.630 DISPLAY_SCREEN[1] BLOCK.RECORDING_SEQUENCE.DISPLAY_SCREEN[1] (BEGIN) 
252662.293 DISPLAY_SCREEN[1] BLOCK.RECORDING_SEQUENCE.DISPLAY_SCREEN[1]
255162.353 TIMER[1] BLOCK.RECORDING_SEQUENCE.TIMER[1]
255162.491 SET_BUTTON_PRESS BLOCK.RECORDING_SEQUENCE.SET_BUTTON_PRESS
255162.633 ADD_TO_RESULTS_FILE[1] BLOCK.RECORDING_SEQUENCE.ADD_TO_RESULTS_FILE[1]
255162.685 SetValueAction 
255163.568 TRIAL_IMAGE BLOCK.RECORDING_SEQUENCE.TRIAL_IMAGE (BEGIN) 
255179.574 TRIAL_IMAGE BLOCK.RECORDING_SEQUENCE.TRIAL_IMAGE
255654.637 TIMER[2] BLOCK.RECORDING_SEQUENCE.TIMER[2]
255664.614 DISPLAY_SCREEN[1] BLOCK.RECORDING_SEQUENCE.DISPLAY_SCREEN[1] (BEGIN) 
255679.690 DISPLAY_SCREEN[1] BLOCK.RECORDING_SEQUENCE.DISPLAY_SCREEN[1]
255825.217 MOUSE_R BLOCK.RECORDING_SEQUENCE.MOUSE_R
255825.351 SET_BUTTON_PRESS2 BLOCK.RECORDING_SEQUENCE.SET_BUTTON_PRESS2
255825.492 ADD_TO_RESULTS_FILE[1] BLOCK.RECORDING_SEQUENCE.ADD_TO_RESULTS_FILE[1]
255825.544 SetValueAction 
255826.234 TRIAL_IMAGE BLOCK.RECORDING_SEQUENCE.TRIAL_IMAGE (BEGIN) 
255829.713 TRIAL_IMAGE BLOCK.RECORDING_SEQUENCE.TRIAL_IMAGE
256304.789 TIMER[2] BLOCK.RECORDING_SEQUENCE.TIMER[2]
256314.612 DISPLAY_SCREEN[1] BLOCK.RECORDING_SEQUENCE.DISPLAY_SCREEN[1] (BEGIN) 
256329.854 DISPLAY_SCREEN[1] BLOCK.RECORDING_SEQUENCE.DISPLAY_SCREEN[1]
258829.901 TIMER[1] BLOCK.RECORDING_SEQUENCE.TIMER[1]
258830.038 SET_BUTTON_PRESS BLOCK.RECORDING_SEQUENCE.SET_BUTTON_PRESS
258830.181 ADD_TO_RESULTS_FILE[1] BLOCK.RECORDING_SEQUENCE.ADD_TO_RESULTS_FILE[1]
258830.235 SetValueAction 
258838.534 TRIAL_IMAGE BLOCK.RECORDING_SEQUENCE.TRIAL_IMAGE (BEGIN) 
258847.137 TRIAL_IMAGE BLOCK.RECORDING_SEQUENCE.TRIAL_IMAGE
259322.287 TIMER[2] BLOCK.RECORDING_SEQUENCE.TIMER[2]
259332.612 DISPLAY_SCREEN[1] BLOCK.RECORDING_SEQUENCE.DISPLAY_SCREEN[1] (BEGIN) 
259347.259 DISPLAY_SCREEN[1] BLOCK.RECORDING_SEQUENCE.DISPLAY_SCREEN[1]
259418.589 MOUSE_R BLOCK.RECORDING_SEQUENCE.MOUSE_R
259418.717 SET_BUTTON_PRESS2 BLOCK.RECORDING_SEQUENCE.SET_BUTTON_PRESS2
259418.856 ADD_TO_RESULTS_FILE[1] BLOCK.RECORDING_SEQUENCE.ADD_TO_RESULTS_FILE[1]
259418.908 SetValueAction 
259419.586 TRIAL_IMAGE BLOCK.RECORDING_SEQUENCE.TRIAL_IMAGE (BEGIN) 
259430.621 TRIAL_IMAGE BLOCK.RECORDING_SEQUENCE.TRIAL_IMAGE
259905.690 TIMER[2] BLOCK.RECORDING_SEQUENCE.TIMER[2]
259915.613 DISPLAY_SCREEN[1] BLOCK.RECORDING_SEQUENCE.DISPLAY_SCREEN[1] (BEGIN) 
259930.756 DISPLAY_SCREEN[1] BLOCK.RECORDING_SEQUENCE.DISPLAY_SCREEN[1]
262430.787 TIMER[1] BLOCK.RECORDING_SEQUENCE.TIMER[1]
262430.924 SET_BUTTON_PRESS BLOCK.RECORDING_SEQUENCE.SET_BUTTON_PRESS
262431.066 ADD_TO_RESULTS_FILE[1] BLOCK.RECORDING_SEQUENCE.ADD_TO_RESULTS_FILE[1]
262431.119 SetValueAction 
262440.778 TRIAL_IMAGE BLOCK.RECORDING_SEQUENCE.TRIAL_IMAGE (BEGIN) 
262448.033 TRIAL_IMAGE BLOCK.RECORDING_SEQUENCE.TRIAL_IMAGE
262923.099 TIMER[2] BLOCK.RECORDING_SEQUENCE.TIMER[2]
262933.614 DISPLAY_SCREEN[1] BLOCK.RECORDING_SEQUENCE.DISPLAY_SCREEN[1] (BEGIN) 
262948.156 DISPLAY_SCREEN[1] BLOCK.RECORDING_SEQUENCE.DISPLAY_SCREEN[1]
263034.358 MOUSE_R BLOCK.RECORDING_SEQUENCE.MOUSE_R
263034.504 SET_BUTTON_PRESS2 BLOCK.RECORDING_SEQUENCE.SET_BUTTON_PRESS2
263034.660 ADD_TO_RESULTS_FILE[1] BLOCK.RECORDING_SEQUENCE.ADD_TO_RESULTS_FILE[1]
263034.717 SetValueAction 
263044.012 TRIAL_IMAGE BLOCK.RECORDING_SEQUENCE.TRIAL_IMAGE (BEGIN) 
263048.170 TRIAL_IMAGE BLOCK.RECORDING_SEQUENCE.TRIAL_IMAGE
263523.299 TIMER[2] BLOCK.RECORDING_SEQUENCE.TIMER[2]
263533.613 DISPLAY_SCREEN[1] BLOCK.RECORDING_SEQUENCE.DISPLAY_SCREEN[1] (BEGIN) 
263548.305 DISPLAY_SCREEN[1] BLOCK.RECORDING_SEQUENCE.DISPLAY_SCREEN[1]
266048.343 TIMER[1] BLOCK.RECORDING_SEQUENCE.TIMER[1]
266048.480 SET_BUTTON_PRESS BLOCK.RECORDING_SEQUENCE.SET_BUTTON_PRESS
266048.621 ADD_TO_RESULTS_FILE[1] BLOCK.RECORDING_SEQUENCE.ADD_TO_RESULTS_FILE[1]
266048.673 SetValueAction 
266049.462 TRIAL_IMAGE BLOCK.RECORDING_SEQUENCE.TRIAL_IMAGE (BEGIN) 
266065.603 TRIAL_IMAGE BLOCK.RECORDING_SEQUENCE.TRIAL_IMAGE
266540.649 TIMER[2] BLOCK.RECORDING_SEQUENCE.TIMER[2]
266550.615 DISPLAY_SCREEN[1] BLOCK.RECORDING_SEQUENCE.DISPLAY_SCREEN[1] (BEGIN) 
266565.720 DISPLAY_SCREEN[1] BLOCK.RECORDING_SEQUENCE.DISPLAY_SCREEN[1]
267481.936 MOUSE_R BLOCK.RECORDING_SEQUENCE.MOUSE_R
267482.073 SET_BUTTON_PRESS2 BLOCK.RECORDING_SEQUENCE.SET_BUTTON_PRESS2
267482.215 ADD_TO_RESULTS_FILE[1] BLOCK.RECORDING_SEQUENCE.ADD_TO_RESULTS_FILE[1]
267482.267 SetValueAction 
267482.966 TRIAL_IMAGE BLOCK.RECORDING_SEQUENCE.TRIAL_IMAGE (BEGIN) 
267499.287 TRIAL_IMAGE BLOCK.RECORDING_SEQUENCE.TRIAL_IMAGE
267974.415 TIMER[2] BLOCK.RECORDING_SEQUENCE.TIMER[2]
267984.614 DISPLAY_SCREEN[1] BLOCK.RECORDING_SEQUENCE.DISPLAY_SCREEN[1] (BEGIN) 
267999.424 DISPLAY_SCREEN[1] BLOCK.RECORDING_SEQUENCE.DISPLAY_SCREEN[1]
270499.435 TIMER[1] BLOCK.RECORDING_SEQUENCE.TIMER[1]
270499.570 SET_BUTTON_PRESS BLOCK.RECORDING_SEQUENCE.SET_BUTTON_PRESS
270499.712 ADD_TO_RESULTS_FILE[1] BLOCK.RECORDING_SEQUENCE.ADD_TO_RESULTS_FILE[1]
270499.764 SetValueAction 
270500.480 TRIAL_IMAGE BLOCK.RECORDING_SEQUENCE.TRIAL_IMAGE (BEGIN) 
270516.713 TRIAL_IMAGE BLOCK.RECORDING_SEQUENCE.TRIAL_IMAGE
270991.822 TIMER[2] BLOCK.RECORDING_SEQUENCE.TIMER[2]
271001.613 DISPLAY_SCREEN[1] BLOCK.RECORDING_SEQUENCE.DISPLAY_SCREEN[1] (BEGIN) 
271016.839 DISPLAY_SCREEN[1] BLOCK.RECORDING_SEQUENCE.DISPLAY_SCREEN[1]
271088.454 MOUSE_R BLOCK.RECORDING_SEQUENCE.MOUSE_R
271088.583 SET_BUTTON_PRESS2 BLOCK.RECORDING_SEQUENCE.SET_BUTTON_PRESS2
271088.725 ADD_TO_RESULTS_FILE[1] BLOCK.RECORDING_SEQUENCE.ADD_TO_RESULTS_FILE[1]
271088.777 SetValueAction 
271089.471 TRIAL_IMAGE BLOCK.RECORDING_SEQUENCE.TRIAL_IMAGE (BEGIN) 
271100.185 TRIAL_IMAGE BLOCK.RECORDING_SEQUENCE.TRIAL_IMAGE
271575.274 TIMER[2] BLOCK.RECORDING_SEQUENCE.TIMER[2]
271585.613 DISPLAY_SCREEN[1] BLOCK.RECORDING_SEQUENCE.DISPLAY_SCREEN[1] (BEGIN) 
271600.319 DISPLAY_SCREEN[1] BLOCK.RECORDING_SEQUENCE.DISPLAY_SCREEN[1]
274100.360 TIMER[1] BLOCK.RECORDING_SEQUENCE.TIMER[1]
274100.497 SET_BUTTON_PRESS BLOCK.RECORDING_SEQUENCE.SET_BUTTON_PRESS
274100.642 ADD_TO_RESULTS_FILE[1] BLOCK.RECORDING_SEQUENCE.ADD_TO_RESULTS_FILE[1]
274100.695 SetValueAction 
274110.437 TRIAL_IMAGE BLOCK.RECORDING_SEQUENCE.TRIAL_IMAGE (BEGIN) 
274117.607 TRIAL_IMAGE BLOCK.RECORDING_SEQUENCE.TRIAL_IMAGE
274592.722 TIMER[2] BLOCK.RECORDING_SEQUENCE.TIMER[2]
274602.613 DISPLAY_SCREEN[1] BLOCK.RECORDING_SEQUENCE.DISPLAY_SCREEN[1] (BEGIN) 
274617.745 DISPLAY_SCREEN[1] BLOCK.RECORDING_SEQUENCE.DISPLAY_SCREEN[1]
274673.229 MOUSE_R BLOCK.RECORDING_SEQUENCE.MOUSE_R
274673.363 SET_BUTTON_PRESS2 BLOCK.RECORDING_SEQUENCE.SET_BUTTON_PRESS2
274673.503 ADD_TO_RESULTS_FILE[1] BLOCK.RECORDING_SEQUENCE.ADD_TO_RESULTS_FILE[1]
274673.555 SetValueAction 
274674.265 TRIAL_IMAGE BLOCK.RECORDING_SEQUENCE.TRIAL_IMAGE (BEGIN) 
274684.416 TRIAL_IMAGE BLOCK.RECORDING_SEQUENCE.TRIAL_IMAGE
275159.519 TIMER[2] BLOCK.RECORDING_SEQUENCE.TIMER[2]
275169.617 DISPLAY_SCREEN[1] BLOCK.RECORDING_SEQUENCE.DISPLAY_SCREEN[1] (BEGIN) 
275184.532 DISPLAY_SCREEN[1] BLOCK.RECORDING_SEQUENCE.DISPLAY_SCREEN[1]
277684.596 TIMER[1] BLOCK.RECORDING_SEQUENCE.TIMER[1]
277684.731 SET_BUTTON_PRESS BLOCK.RECORDING_SEQUENCE.SET_BUTTON_PRESS
277684.878 ADD_TO_RESULTS_FILE[1] BLOCK.RECORDING_SEQUENCE.ADD_TO_RESULTS_FILE[1]
277684.930 SetValueAction 
277685.700 TRIAL_IMAGE BLOCK.RECORDING_SEQUENCE.TRIAL_IMAGE (BEGIN) 
277701.838 TRIAL_IMAGE BLOCK.RECORDING_SEQUENCE.TRIAL_IMAGE
278176.900 TIMER[2] BLOCK.RECORDING_SEQUENCE.TIMER[2]
278186.613 DISPLAY_SCREEN[1] BLOCK.RECORDING_SEQUENCE.DISPLAY_SCREEN[1] (BEGIN) 
278201.958 DISPLAY_SCREEN[1] BLOCK.RECORDING_SEQUENCE.DISPLAY_SCREEN[1]
278344.922 MOUSE_R BLOCK.RECORDING_SEQUENCE.MOUSE_R
278345.054 SET_BUTTON_PRESS2 BLOCK.RECORDING_SEQUENCE.SET_BUTTON_PRESS2
278345.194 ADD_TO_RESULTS_FILE[1] BLOCK.RECORDING_SEQUENCE.ADD_TO_RESULTS_FILE[1]
278345.245 SetValueAction 
278345.950 TRIAL_IMAGE BLOCK.RECORDING_SEQUENCE.TRIAL_IMAGE (BEGIN) 
278351.977 TRIAL_IMAGE BLOCK.RECORDING_SEQUENCE.TRIAL_IMAGE
278827.091 TIMER[2] BLOCK.RECORDING_SEQUENCE.TIMER[2]
278837.614 DISPLAY_SCREEN[1] BLOCK.RECORDING_SEQUENCE.DISPLAY_SCREEN[1] (BEGIN) 
278852.114 DISPLAY_SCREEN[1] BLOCK.RECORDING_SEQUENCE.DISPLAY_SCREEN[1]
281352.186 TIMER[1] BLOCK.RECORDING_SEQUENCE.TIMER[1]
281352.325 SET_BUTTON_PRESS BLOCK.RECORDING_SEQUENCE.SET_BUTTON_PRESS
281352.469 ADD_TO_RESULTS_FILE[1] BLOCK.RECORDING_SEQUENCE.ADD_TO_RESULTS_FILE[1]
281352.522 SetValueAction 
281353.286 TRIAL_IMAGE BLOCK.RECORDING_SEQUENCE.TRIAL_IMAGE (BEGIN) 
281369.415 TRIAL_IMAGE BLOCK.RECORDING_SEQUENCE.TRIAL_IMAGE
281844.547 TIMER[2] BLOCK.RECORDING_SEQUENCE.TIMER[2]
281854.614 DISPLAY_SCREEN[1] BLOCK.RECORDING_SEQUENCE.DISPLAY_SCREEN[1] (BEGIN) 
281869.528 DISPLAY_SCREEN[1] BLOCK.RECORDING_SEQUENCE.DISPLAY_SCREEN[1]
282089.432 MOUSE_R BLOCK.RECORDING_SEQUENCE.MOUSE_R
282089.582 SET_BUTTON_PRESS2 BLOCK.RECORDING_SEQUENCE.SET_BUTTON_PRESS2
282089.745 ADD_TO_RESULTS_FILE[1] BLOCK.RECORDING_SEQUENCE.ADD_TO_RESULTS_FILE[1]
282089.798 SetValueAction 
282099.553 TRIAL_IMAGE BLOCK.RECORDING_SEQUENCE.TRIAL_IMAGE (BEGIN) 
282102.921 TRIAL_IMAGE BLOCK.RECORDING_SEQUENCE.TRIAL_IMAGE
282577.973 TIMER[2] BLOCK.RECORDING_SEQUENCE.TIMER[2]
282588.613 DISPLAY_SCREEN[1] BLOCK.RECORDING_SEQUENCE.DISPLAY_SCREEN[1] (BEGIN) 
282603.053 DISPLAY_SCREEN[1] BLOCK.RECORDING_SEQUENCE.DISPLAY_SCREEN[1]
285103.125 TIMER[1] BLOCK.RECORDING_SEQUENCE.TIMER[1]
285103.268 SET_BUTTON_PRESS BLOCK.RECORDING_SEQUENCE.SET_BUTTON_PRESS
285103.413 ADD_TO_RESULTS_FILE[1] BLOCK.RECORDING_SEQUENCE.ADD_TO_RESULTS_FILE[1]
285103.468 SetValueAction 
285111.901 TRIAL_IMAGE BLOCK.RECORDING_SEQUENCE.TRIAL_IMAGE (BEGIN) 
285120.345 TRIAL_IMAGE BLOCK.RECORDING_SEQUENCE.TRIAL_IMAGE
285595.440 TIMER[2] BLOCK.RECORDING_SEQUENCE.TIMER[2]
285605.613 DISPLAY_SCREEN[1] BLOCK.RECORDING_SEQUENCE.DISPLAY_SCREEN[1] (BEGIN) 
285620.467 DISPLAY_SCREEN[1] BLOCK.RECORDING_SEQUENCE.DISPLAY_SCREEN[1]
285791.552 MOUSE_R BLOCK.RECORDING_SEQUENCE.MOUSE_R
285791.690 SET_BUTTON_PRESS2 BLOCK.RECORDING_SEQUENCE.SET_BUTTON_PRESS2
285791.831 ADD_TO_RESULTS_FILE[1] BLOCK.RECORDING_SEQUENCE.ADD_TO_RESULTS_FILE[1]
285794.344 DISPLAY_SCREEN BLOCK.DISPLAY_SCREEN (BEGIN) 
285803.839 DISPLAY_SCREEN BLOCK.DISPLAY_SCREEN
285903.922 MOUSE BLOCK.MOUSE
285909.793 GOODBYE_SCREEN GOODBYE_SCREEN (BEGIN) 
285920.537 GOODBYE_SCREEN GOODBYE_SCREEN
287504.836 MOUSE[1] MOUSE[1]
el_logger: Quit logger.
******** END OF THE LOG FILE ********
