4401.974 ********************************************************
4402.018 ** Session beginning Monday March 04, 2019 12:39:06 AM **
4402.024 ** ExperimentBuilder Project : 23255_P36 **
4402.028 ** ExperimentBuilder Version : 2.1.140 **
4402.031 ** ExperimentBuilder Build   : Nov 10 2017 **
4402.034 ********************************************************
5072.788 WELCOME_SCREEN WELCOME_SCREEN (BEGIN) 
5091.092 WELCOME_SCREEN WELCOME_SCREEN
205840.583 KEYBOARD KEYBOARD
206338.141 PREPARE_SEQUENCE BLOCK.PREPARE_SEQUENCE
206338.364 SetValueAction 
206358.948 TRIAL_IMAGE BLOCK.RECORDING_SEQUENCE.TRIAL_IMAGE (BEGIN) 
206362.066 TRIAL_IMAGE BLOCK.RECORDING_SEQUENCE.TRIAL_IMAGE
206837.247 TIMER[2] BLOCK.RECORDING_SEQUENCE.TIMER[2]
206847.618 DISPLAY_SCREEN[1] BLOCK.RECORDING_SEQUENCE.DISPLAY_SCREEN[1] (BEGIN) 
206862.031 DISPLAY_SCREEN[1] BLOCK.RECORDING_SEQUENCE.DISPLAY_SCREEN[1]
209362.088 TIMER[1] BLOCK.RECORDING_SEQUENCE.TIMER[1]
209362.252 SET_BUTTON_PRESS BLOCK.RECORDING_SEQUENCE.SET_BUTTON_PRESS
209362.431 ADD_TO_RESULTS_FILE[1] BLOCK.RECORDING_SEQUENCE.ADD_TO_RESULTS_FILE[1]
209362.492 SetValueAction 
209374.229 TRIAL_IMAGE BLOCK.RECORDING_SEQUENCE.TRIAL_IMAGE (BEGIN) 
209378.549 TRIAL_IMAGE BLOCK.RECORDING_SEQUENCE.TRIAL_IMAGE
209853.725 TIMER[2] BLOCK.RECORDING_SEQUENCE.TIMER[2]
209863.616 DISPLAY_SCREEN[1] BLOCK.RECORDING_SEQUENCE.DISPLAY_SCREEN[1] (BEGIN) 
209878.516 DISPLAY_SCREEN[1] BLOCK.RECORDING_SEQUENCE.DISPLAY_SCREEN[1]
212378.542 TIMER[1] BLOCK.RECORDING_SEQUENCE.TIMER[1]
212378.726 SET_BUTTON_PRESS BLOCK.RECORDING_SEQUENCE.SET_BUTTON_PRESS
212378.907 ADD_TO_RESULTS_FILE[1] BLOCK.RECORDING_SEQUENCE.ADD_TO_RESULTS_FILE[1]
212378.969 SetValueAction 
212396.777 TRIAL_IMAGE BLOCK.RECORDING_SEQUENCE.TRIAL_IMAGE (BEGIN) 
212411.698 TRIAL_IMAGE BLOCK.RECORDING_SEQUENCE.TRIAL_IMAGE
212886.796 TIMER[2] BLOCK.RECORDING_SEQUENCE.TIMER[2]
212896.616 DISPLAY_SCREEN[1] BLOCK.RECORDING_SEQUENCE.DISPLAY_SCREEN[1] (BEGIN) 
212911.673 DISPLAY_SCREEN[1] BLOCK.RECORDING_SEQUENCE.DISPLAY_SCREEN[1]
215411.690 TIMER[1] BLOCK.RECORDING_SEQUENCE.TIMER[1]
215411.854 SET_BUTTON_PRESS BLOCK.RECORDING_SEQUENCE.SET_BUTTON_PRESS
215412.032 ADD_TO_RESULTS_FILE[1] BLOCK.RECORDING_SEQUENCE.ADD_TO_RESULTS_FILE[1]
215412.092 SetValueAction 
215451.167 TRIAL_IMAGE BLOCK.RECORDING_SEQUENCE.TRIAL_IMAGE (BEGIN) 
215461.524 TRIAL_IMAGE BLOCK.RECORDING_SEQUENCE.TRIAL_IMAGE
215936.704 TIMER[2] BLOCK.RECORDING_SEQUENCE.TIMER[2]
215946.615 DISPLAY_SCREEN[1] BLOCK.RECORDING_SEQUENCE.DISPLAY_SCREEN[1] (BEGIN) 
215961.484 DISPLAY_SCREEN[1] BLOCK.RECORDING_SEQUENCE.DISPLAY_SCREEN[1]
218461.488 TIMER[1] BLOCK.RECORDING_SEQUENCE.TIMER[1]
218461.672 SET_BUTTON_PRESS BLOCK.RECORDING_SEQUENCE.SET_BUTTON_PRESS
218461.852 ADD_TO_RESULTS_FILE[1] BLOCK.RECORDING_SEQUENCE.ADD_TO_RESULTS_FILE[1]
218461.914 SetValueAction 
218502.637 TRIAL_IMAGE BLOCK.RECORDING_SEQUENCE.TRIAL_IMAGE (BEGIN) 
218511.320 TRIAL_IMAGE BLOCK.RECORDING_SEQUENCE.TRIAL_IMAGE
218986.473 TIMER[2] BLOCK.RECORDING_SEQUENCE.TIMER[2]
218996.615 DISPLAY_SCREEN[1] BLOCK.RECORDING_SEQUENCE.DISPLAY_SCREEN[1] (BEGIN) 
219011.293 DISPLAY_SCREEN[1] BLOCK.RECORDING_SEQUENCE.DISPLAY_SCREEN[1]
221511.366 TIMER[1] BLOCK.RECORDING_SEQUENCE.TIMER[1]
221511.531 SET_BUTTON_PRESS BLOCK.RECORDING_SEQUENCE.SET_BUTTON_PRESS
221511.722 ADD_TO_RESULTS_FILE[1] BLOCK.RECORDING_SEQUENCE.ADD_TO_RESULTS_FILE[1]
221511.783 SetValueAction 
221530.308 TRIAL_IMAGE BLOCK.RECORDING_SEQUENCE.TRIAL_IMAGE (BEGIN) 
221544.470 TRIAL_IMAGE BLOCK.RECORDING_SEQUENCE.TRIAL_IMAGE
222019.680 TIMER[2] BLOCK.RECORDING_SEQUENCE.TIMER[2]
222029.619 DISPLAY_SCREEN[1] BLOCK.RECORDING_SEQUENCE.DISPLAY_SCREEN[1] (BEGIN) 
222044.444 DISPLAY_SCREEN[1] BLOCK.RECORDING_SEQUENCE.DISPLAY_SCREEN[1]
224544.461 TIMER[1] BLOCK.RECORDING_SEQUENCE.TIMER[1]
224544.644 SET_BUTTON_PRESS BLOCK.RECORDING_SEQUENCE.SET_BUTTON_PRESS
224544.821 ADD_TO_RESULTS_FILE[1] BLOCK.RECORDING_SEQUENCE.ADD_TO_RESULTS_FILE[1]
224544.880 SetValueAction 
224572.653 TRIAL_IMAGE BLOCK.RECORDING_SEQUENCE.TRIAL_IMAGE (BEGIN) 
224577.626 TRIAL_IMAGE BLOCK.RECORDING_SEQUENCE.TRIAL_IMAGE
225052.711 TIMER[2] BLOCK.RECORDING_SEQUENCE.TIMER[2]
225062.622 DISPLAY_SCREEN[1] BLOCK.RECORDING_SEQUENCE.DISPLAY_SCREEN[1] (BEGIN) 
225077.590 DISPLAY_SCREEN[1] BLOCK.RECORDING_SEQUENCE.DISPLAY_SCREEN[1]
227577.617 TIMER[1] BLOCK.RECORDING_SEQUENCE.TIMER[1]
227577.787 SET_BUTTON_PRESS BLOCK.RECORDING_SEQUENCE.SET_BUTTON_PRESS
227577.965 ADD_TO_RESULTS_FILE[1] BLOCK.RECORDING_SEQUENCE.ADD_TO_RESULTS_FILE[1]
227578.027 SetValueAction 
227596.833 TRIAL_IMAGE BLOCK.RECORDING_SEQUENCE.TRIAL_IMAGE (BEGIN) 
227610.763 TRIAL_IMAGE BLOCK.RECORDING_SEQUENCE.TRIAL_IMAGE
228085.926 TIMER[2] BLOCK.RECORDING_SEQUENCE.TIMER[2]
228095.624 DISPLAY_SCREEN[1] BLOCK.RECORDING_SEQUENCE.DISPLAY_SCREEN[1] (BEGIN) 
228110.739 DISPLAY_SCREEN[1] BLOCK.RECORDING_SEQUENCE.DISPLAY_SCREEN[1]
230610.756 TIMER[1] BLOCK.RECORDING_SEQUENCE.TIMER[1]
230610.922 SET_BUTTON_PRESS BLOCK.RECORDING_SEQUENCE.SET_BUTTON_PRESS
230611.099 ADD_TO_RESULTS_FILE[1] BLOCK.RECORDING_SEQUENCE.ADD_TO_RESULTS_FILE[1]
230611.160 SetValueAction 
230637.310 TRIAL_IMAGE BLOCK.RECORDING_SEQUENCE.TRIAL_IMAGE (BEGIN) 
230643.911 TRIAL_IMAGE BLOCK.RECORDING_SEQUENCE.TRIAL_IMAGE
231119.010 TIMER[2] BLOCK.RECORDING_SEQUENCE.TIMER[2]
231128.623 DISPLAY_SCREEN[1] BLOCK.RECORDING_SEQUENCE.DISPLAY_SCREEN[1] (BEGIN) 
231143.881 DISPLAY_SCREEN[1] BLOCK.RECORDING_SEQUENCE.DISPLAY_SCREEN[1]
233643.947 TIMER[1] BLOCK.RECORDING_SEQUENCE.TIMER[1]
233644.114 SET_BUTTON_PRESS BLOCK.RECORDING_SEQUENCE.SET_BUTTON_PRESS
233644.290 ADD_TO_RESULTS_FILE[1] BLOCK.RECORDING_SEQUENCE.ADD_TO_RESULTS_FILE[1]
233644.351 SetValueAction 
233662.136 TRIAL_IMAGE BLOCK.RECORDING_SEQUENCE.TRIAL_IMAGE (BEGIN) 
233677.052 TRIAL_IMAGE BLOCK.RECORDING_SEQUENCE.TRIAL_IMAGE
234152.169 TIMER[2] BLOCK.RECORDING_SEQUENCE.TIMER[2]
234161.625 DISPLAY_SCREEN[1] BLOCK.RECORDING_SEQUENCE.DISPLAY_SCREEN[1] (BEGIN) 
234177.029 DISPLAY_SCREEN[1] BLOCK.RECORDING_SEQUENCE.DISPLAY_SCREEN[1]
236677.035 TIMER[1] BLOCK.RECORDING_SEQUENCE.TIMER[1]
236677.202 SET_BUTTON_PRESS BLOCK.RECORDING_SEQUENCE.SET_BUTTON_PRESS
236677.380 ADD_TO_RESULTS_FILE[1] BLOCK.RECORDING_SEQUENCE.ADD_TO_RESULTS_FILE[1]
236677.440 SetValueAction 
236729.277 TRIAL_IMAGE BLOCK.RECORDING_SEQUENCE.TRIAL_IMAGE (BEGIN) 
236743.545 TRIAL_IMAGE BLOCK.RECORDING_SEQUENCE.TRIAL_IMAGE
237218.622 TIMER[2] BLOCK.RECORDING_SEQUENCE.TIMER[2]
237228.630 DISPLAY_SCREEN[1] BLOCK.RECORDING_SEQUENCE.DISPLAY_SCREEN[1] (BEGIN) 
237243.498 DISPLAY_SCREEN[1] BLOCK.RECORDING_SEQUENCE.DISPLAY_SCREEN[1]
239743.543 TIMER[1] BLOCK.RECORDING_SEQUENCE.TIMER[1]
239743.724 SET_BUTTON_PRESS BLOCK.RECORDING_SEQUENCE.SET_BUTTON_PRESS
239743.901 ADD_TO_RESULTS_FILE[1] BLOCK.RECORDING_SEQUENCE.ADD_TO_RESULTS_FILE[1]
239743.962 SetValueAction 
239770.787 TRIAL_IMAGE BLOCK.RECORDING_SEQUENCE.TRIAL_IMAGE (BEGIN) 
239776.700 TRIAL_IMAGE BLOCK.RECORDING_SEQUENCE.TRIAL_IMAGE
240251.822 TIMER[2] BLOCK.RECORDING_SEQUENCE.TIMER[2]
240261.623 DISPLAY_SCREEN[1] BLOCK.RECORDING_SEQUENCE.DISPLAY_SCREEN[1] (BEGIN) 
240276.648 DISPLAY_SCREEN[1] BLOCK.RECORDING_SEQUENCE.DISPLAY_SCREEN[1]
242776.680 TIMER[1] BLOCK.RECORDING_SEQUENCE.TIMER[1]
242776.847 SET_BUTTON_PRESS BLOCK.RECORDING_SEQUENCE.SET_BUTTON_PRESS
242777.024 ADD_TO_RESULTS_FILE[1] BLOCK.RECORDING_SEQUENCE.ADD_TO_RESULTS_FILE[1]
242777.085 SetValueAction 
242810.596 TRIAL_IMAGE BLOCK.RECORDING_SEQUENCE.TRIAL_IMAGE (BEGIN) 
242826.491 TRIAL_IMAGE BLOCK.RECORDING_SEQUENCE.TRIAL_IMAGE
243301.751 TIMER[2] BLOCK.RECORDING_SEQUENCE.TIMER[2]
243311.620 DISPLAY_SCREEN[1] BLOCK.RECORDING_SEQUENCE.DISPLAY_SCREEN[1] (BEGIN) 
243326.467 DISPLAY_SCREEN[1] BLOCK.RECORDING_SEQUENCE.DISPLAY_SCREEN[1]
245826.505 TIMER[1] BLOCK.RECORDING_SEQUENCE.TIMER[1]
245826.691 SET_BUTTON_PRESS BLOCK.RECORDING_SEQUENCE.SET_BUTTON_PRESS
245826.871 ADD_TO_RESULTS_FILE[1] BLOCK.RECORDING_SEQUENCE.ADD_TO_RESULTS_FILE[1]
245826.934 SetValueAction 
245828.150 TRIAL_IMAGE BLOCK.RECORDING_SEQUENCE.TRIAL_IMAGE (BEGIN) 
245842.985 TRIAL_IMAGE BLOCK.RECORDING_SEQUENCE.TRIAL_IMAGE
246318.095 TIMER[2] BLOCK.RECORDING_SEQUENCE.TIMER[2]
246327.616 DISPLAY_SCREEN[1] BLOCK.RECORDING_SEQUENCE.DISPLAY_SCREEN[1] (BEGIN) 
246342.945 DISPLAY_SCREEN[1] BLOCK.RECORDING_SEQUENCE.DISPLAY_SCREEN[1]
248843.026 TIMER[1] BLOCK.RECORDING_SEQUENCE.TIMER[1]
248843.195 SET_BUTTON_PRESS BLOCK.RECORDING_SEQUENCE.SET_BUTTON_PRESS
248843.378 ADD_TO_RESULTS_FILE[1] BLOCK.RECORDING_SEQUENCE.ADD_TO_RESULTS_FILE[1]
248843.439 SetValueAction 
248886.316 TRIAL_IMAGE BLOCK.RECORDING_SEQUENCE.TRIAL_IMAGE (BEGIN) 
248892.785 TRIAL_IMAGE BLOCK.RECORDING_SEQUENCE.TRIAL_IMAGE
249367.881 TIMER[2] BLOCK.RECORDING_SEQUENCE.TIMER[2]
249377.616 DISPLAY_SCREEN[1] BLOCK.RECORDING_SEQUENCE.DISPLAY_SCREEN[1] (BEGIN) 
249392.753 DISPLAY_SCREEN[1] BLOCK.RECORDING_SEQUENCE.DISPLAY_SCREEN[1]
251892.801 TIMER[1] BLOCK.RECORDING_SEQUENCE.TIMER[1]
251892.969 SET_BUTTON_PRESS BLOCK.RECORDING_SEQUENCE.SET_BUTTON_PRESS
251893.147 ADD_TO_RESULTS_FILE[1] BLOCK.RECORDING_SEQUENCE.ADD_TO_RESULTS_FILE[1]
251893.208 SetValueAction 
251915.848 TRIAL_IMAGE BLOCK.RECORDING_SEQUENCE.TRIAL_IMAGE (BEGIN) 
251925.939 TRIAL_IMAGE BLOCK.RECORDING_SEQUENCE.TRIAL_IMAGE
252401.017 TIMER[2] BLOCK.RECORDING_SEQUENCE.TIMER[2]
252410.615 DISPLAY_SCREEN[1] BLOCK.RECORDING_SEQUENCE.DISPLAY_SCREEN[1] (BEGIN) 
252425.899 DISPLAY_SCREEN[1] BLOCK.RECORDING_SEQUENCE.DISPLAY_SCREEN[1]
254925.984 TIMER[1] BLOCK.RECORDING_SEQUENCE.TIMER[1]
254926.153 SET_BUTTON_PRESS BLOCK.RECORDING_SEQUENCE.SET_BUTTON_PRESS
254926.335 ADD_TO_RESULTS_FILE[1] BLOCK.RECORDING_SEQUENCE.ADD_TO_RESULTS_FILE[1]
254926.396 SetValueAction 
254943.948 TRIAL_IMAGE BLOCK.RECORDING_SEQUENCE.TRIAL_IMAGE (BEGIN) 
254959.089 TRIAL_IMAGE BLOCK.RECORDING_SEQUENCE.TRIAL_IMAGE
255434.242 TIMER[2] BLOCK.RECORDING_SEQUENCE.TIMER[2]
255444.617 DISPLAY_SCREEN[1] BLOCK.RECORDING_SEQUENCE.DISPLAY_SCREEN[1] (BEGIN) 
255459.068 DISPLAY_SCREEN[1] BLOCK.RECORDING_SEQUENCE.DISPLAY_SCREEN[1]
257959.129 TIMER[1] BLOCK.RECORDING_SEQUENCE.TIMER[1]
257959.301 SET_BUTTON_PRESS BLOCK.RECORDING_SEQUENCE.SET_BUTTON_PRESS
257959.483 ADD_TO_RESULTS_FILE[1] BLOCK.RECORDING_SEQUENCE.ADD_TO_RESULTS_FILE[1]
257959.545 SetValueAction 
257992.096 TRIAL_IMAGE BLOCK.RECORDING_SEQUENCE.TRIAL_IMAGE (BEGIN) 
258008.898 TRIAL_IMAGE BLOCK.RECORDING_SEQUENCE.TRIAL_IMAGE
258483.971 TIMER[2] BLOCK.RECORDING_SEQUENCE.TIMER[2]
258493.617 DISPLAY_SCREEN[1] BLOCK.RECORDING_SEQUENCE.DISPLAY_SCREEN[1] (BEGIN) 
258508.873 DISPLAY_SCREEN[1] BLOCK.RECORDING_SEQUENCE.DISPLAY_SCREEN[1]
261008.959 TIMER[1] BLOCK.RECORDING_SEQUENCE.TIMER[1]
261009.123 SET_BUTTON_PRESS BLOCK.RECORDING_SEQUENCE.SET_BUTTON_PRESS
261009.300 ADD_TO_RESULTS_FILE[1] BLOCK.RECORDING_SEQUENCE.ADD_TO_RESULTS_FILE[1]
261009.362 SetValueAction 
261037.072 TRIAL_IMAGE BLOCK.RECORDING_SEQUENCE.TRIAL_IMAGE (BEGIN) 
261042.050 TRIAL_IMAGE BLOCK.RECORDING_SEQUENCE.TRIAL_IMAGE
261517.134 TIMER[2] BLOCK.RECORDING_SEQUENCE.TIMER[2]
261526.617 DISPLAY_SCREEN[1] BLOCK.RECORDING_SEQUENCE.DISPLAY_SCREEN[1] (BEGIN) 
261542.006 DISPLAY_SCREEN[1] BLOCK.RECORDING_SEQUENCE.DISPLAY_SCREEN[1]
264042.059 TIMER[1] BLOCK.RECORDING_SEQUENCE.TIMER[1]
264042.224 SET_BUTTON_PRESS BLOCK.RECORDING_SEQUENCE.SET_BUTTON_PRESS
264042.403 ADD_TO_RESULTS_FILE[1] BLOCK.RECORDING_SEQUENCE.ADD_TO_RESULTS_FILE[1]
264042.463 SetValueAction 
264065.602 TRIAL_IMAGE BLOCK.RECORDING_SEQUENCE.TRIAL_IMAGE (BEGIN) 
264075.184 TRIAL_IMAGE BLOCK.RECORDING_SEQUENCE.TRIAL_IMAGE
264550.322 TIMER[2] BLOCK.RECORDING_SEQUENCE.TIMER[2]
264560.617 DISPLAY_SCREEN[1] BLOCK.RECORDING_SEQUENCE.DISPLAY_SCREEN[1] (BEGIN) 
264575.168 DISPLAY_SCREEN[1] BLOCK.RECORDING_SEQUENCE.DISPLAY_SCREEN[1]
267075.166 TIMER[1] BLOCK.RECORDING_SEQUENCE.TIMER[1]
267075.338 SET_BUTTON_PRESS BLOCK.RECORDING_SEQUENCE.SET_BUTTON_PRESS
267075.524 ADD_TO_RESULTS_FILE[1] BLOCK.RECORDING_SEQUENCE.ADD_TO_RESULTS_FILE[1]
267075.586 SetValueAction 
267095.700 TRIAL_IMAGE BLOCK.RECORDING_SEQUENCE.TRIAL_IMAGE (BEGIN) 
267108.334 TRIAL_IMAGE BLOCK.RECORDING_SEQUENCE.TRIAL_IMAGE
267583.446 TIMER[2] BLOCK.RECORDING_SEQUENCE.TIMER[2]
267593.617 DISPLAY_SCREEN[1] BLOCK.RECORDING_SEQUENCE.DISPLAY_SCREEN[1] (BEGIN) 
267608.313 DISPLAY_SCREEN[1] BLOCK.RECORDING_SEQUENCE.DISPLAY_SCREEN[1]
270108.320 TIMER[1] BLOCK.RECORDING_SEQUENCE.TIMER[1]
270108.489 SET_BUTTON_PRESS BLOCK.RECORDING_SEQUENCE.SET_BUTTON_PRESS
270108.668 ADD_TO_RESULTS_FILE[1] BLOCK.RECORDING_SEQUENCE.ADD_TO_RESULTS_FILE[1]
270108.752 SetValueAction 
270135.367 TRIAL_IMAGE BLOCK.RECORDING_SEQUENCE.TRIAL_IMAGE (BEGIN) 
270141.481 TRIAL_IMAGE BLOCK.RECORDING_SEQUENCE.TRIAL_IMAGE
270616.646 TIMER[2] BLOCK.RECORDING_SEQUENCE.TIMER[2]
270626.617 DISPLAY_SCREEN[1] BLOCK.RECORDING_SEQUENCE.DISPLAY_SCREEN[1] (BEGIN) 
270641.460 DISPLAY_SCREEN[1] BLOCK.RECORDING_SEQUENCE.DISPLAY_SCREEN[1]
273141.499 TIMER[1] BLOCK.RECORDING_SEQUENCE.TIMER[1]
273141.666 SET_BUTTON_PRESS BLOCK.RECORDING_SEQUENCE.SET_BUTTON_PRESS
273141.845 ADD_TO_RESULTS_FILE[1] BLOCK.RECORDING_SEQUENCE.ADD_TO_RESULTS_FILE[1]
273141.906 SetValueAction 
273143.095 TRIAL_IMAGE BLOCK.RECORDING_SEQUENCE.TRIAL_IMAGE (BEGIN) 
273157.977 TRIAL_IMAGE BLOCK.RECORDING_SEQUENCE.TRIAL_IMAGE
273633.138 TIMER[2] BLOCK.RECORDING_SEQUENCE.TIMER[2]
273642.617 DISPLAY_SCREEN[1] BLOCK.RECORDING_SEQUENCE.DISPLAY_SCREEN[1] (BEGIN) 
273657.932 DISPLAY_SCREEN[1] BLOCK.RECORDING_SEQUENCE.DISPLAY_SCREEN[1]
276157.937 TIMER[1] BLOCK.RECORDING_SEQUENCE.TIMER[1]
276158.110 SET_BUTTON_PRESS BLOCK.RECORDING_SEQUENCE.SET_BUTTON_PRESS
276158.295 ADD_TO_RESULTS_FILE[1] BLOCK.RECORDING_SEQUENCE.ADD_TO_RESULTS_FILE[1]
276163.716 DISPLAY_SCREEN BLOCK.DISPLAY_SCREEN (BEGIN) 
276174.454 DISPLAY_SCREEN BLOCK.DISPLAY_SCREEN
287602.777 KEYBOARD BLOCK.KEYBOARD
287988.402 PREPARE_SEQUENCE BLOCK.PREPARE_SEQUENCE
287988.567 SetValueAction 
288018.364 TRIAL_IMAGE BLOCK.RECORDING_SEQUENCE.TRIAL_IMAGE (BEGIN) 
288023.721 TRIAL_IMAGE BLOCK.RECORDING_SEQUENCE.TRIAL_IMAGE
288498.833 TIMER[2] BLOCK.RECORDING_SEQUENCE.TIMER[2]
288508.617 DISPLAY_SCREEN[1] BLOCK.RECORDING_SEQUENCE.DISPLAY_SCREEN[1] (BEGIN) 
288523.697 DISPLAY_SCREEN[1] BLOCK.RECORDING_SEQUENCE.DISPLAY_SCREEN[1]
291023.730 TIMER[1] BLOCK.RECORDING_SEQUENCE.TIMER[1]
291023.913 SET_BUTTON_PRESS BLOCK.RECORDING_SEQUENCE.SET_BUTTON_PRESS
291024.093 ADD_TO_RESULTS_FILE[1] BLOCK.RECORDING_SEQUENCE.ADD_TO_RESULTS_FILE[1]
291024.154 SetValueAction 
291049.046 TRIAL_IMAGE BLOCK.RECORDING_SEQUENCE.TRIAL_IMAGE (BEGIN) 
291056.862 TRIAL_IMAGE BLOCK.RECORDING_SEQUENCE.TRIAL_IMAGE
291532.052 TIMER[2] BLOCK.RECORDING_SEQUENCE.TIMER[2]
291541.617 DISPLAY_SCREEN[1] BLOCK.RECORDING_SEQUENCE.DISPLAY_SCREEN[1] (BEGIN) 
291556.845 DISPLAY_SCREEN[1] BLOCK.RECORDING_SEQUENCE.DISPLAY_SCREEN[1]
294056.903 TIMER[1] BLOCK.RECORDING_SEQUENCE.TIMER[1]
294057.071 SET_BUTTON_PRESS BLOCK.RECORDING_SEQUENCE.SET_BUTTON_PRESS
294057.247 ADD_TO_RESULTS_FILE[1] BLOCK.RECORDING_SEQUENCE.ADD_TO_RESULTS_FILE[1]
294057.309 SetValueAction 
294075.039 TRIAL_IMAGE BLOCK.RECORDING_SEQUENCE.TRIAL_IMAGE (BEGIN) 
294090.020 TRIAL_IMAGE BLOCK.RECORDING_SEQUENCE.TRIAL_IMAGE
294565.088 TIMER[2] BLOCK.RECORDING_SEQUENCE.TIMER[2]
294574.620 DISPLAY_SCREEN[1] BLOCK.RECORDING_SEQUENCE.DISPLAY_SCREEN[1] (BEGIN) 
294590.011 DISPLAY_SCREEN[1] BLOCK.RECORDING_SEQUENCE.DISPLAY_SCREEN[1]
297090.068 TIMER[1] BLOCK.RECORDING_SEQUENCE.TIMER[1]
297090.230 SET_BUTTON_PRESS BLOCK.RECORDING_SEQUENCE.SET_BUTTON_PRESS
297090.406 ADD_TO_RESULTS_FILE[1] BLOCK.RECORDING_SEQUENCE.ADD_TO_RESULTS_FILE[1]
297090.467 SetValueAction 
297098.418 TRIAL_IMAGE BLOCK.RECORDING_SEQUENCE.TRIAL_IMAGE (BEGIN) 
297106.502 TRIAL_IMAGE BLOCK.RECORDING_SEQUENCE.TRIAL_IMAGE
297581.635 TIMER[2] BLOCK.RECORDING_SEQUENCE.TIMER[2]
297591.619 DISPLAY_SCREEN[1] BLOCK.RECORDING_SEQUENCE.DISPLAY_SCREEN[1] (BEGIN) 
297606.463 DISPLAY_SCREEN[1] BLOCK.RECORDING_SEQUENCE.DISPLAY_SCREEN[1]
300106.494 TIMER[1] BLOCK.RECORDING_SEQUENCE.TIMER[1]
300106.680 SET_BUTTON_PRESS BLOCK.RECORDING_SEQUENCE.SET_BUTTON_PRESS
300106.872 ADD_TO_RESULTS_FILE[1] BLOCK.RECORDING_SEQUENCE.ADD_TO_RESULTS_FILE[1]
300106.933 SetValueAction 
300131.130 TRIAL_IMAGE BLOCK.RECORDING_SEQUENCE.TRIAL_IMAGE (BEGIN) 
300139.644 TRIAL_IMAGE BLOCK.RECORDING_SEQUENCE.TRIAL_IMAGE
300614.715 TIMER[2] BLOCK.RECORDING_SEQUENCE.TIMER[2]
300624.616 DISPLAY_SCREEN[1] BLOCK.RECORDING_SEQUENCE.DISPLAY_SCREEN[1] (BEGIN) 
300639.621 DISPLAY_SCREEN[1] BLOCK.RECORDING_SEQUENCE.DISPLAY_SCREEN[1]
303139.657 TIMER[1] BLOCK.RECORDING_SEQUENCE.TIMER[1]
303139.849 SET_BUTTON_PRESS BLOCK.RECORDING_SEQUENCE.SET_BUTTON_PRESS
303140.047 ADD_TO_RESULTS_FILE[1] BLOCK.RECORDING_SEQUENCE.ADD_TO_RESULTS_FILE[1]
303140.107 SetValueAction 
303141.308 TRIAL_IMAGE BLOCK.RECORDING_SEQUENCE.TRIAL_IMAGE (BEGIN) 
303156.124 TRIAL_IMAGE BLOCK.RECORDING_SEQUENCE.TRIAL_IMAGE
303631.224 TIMER[2] BLOCK.RECORDING_SEQUENCE.TIMER[2]
303641.617 DISPLAY_SCREEN[1] BLOCK.RECORDING_SEQUENCE.DISPLAY_SCREEN[1] (BEGIN) 
303656.089 DISPLAY_SCREEN[1] BLOCK.RECORDING_SEQUENCE.DISPLAY_SCREEN[1]
306156.132 TIMER[1] BLOCK.RECORDING_SEQUENCE.TIMER[1]
306156.300 SET_BUTTON_PRESS BLOCK.RECORDING_SEQUENCE.SET_BUTTON_PRESS
306156.477 ADD_TO_RESULTS_FILE[1] BLOCK.RECORDING_SEQUENCE.ADD_TO_RESULTS_FILE[1]
306156.537 SetValueAction 
306178.856 TRIAL_IMAGE BLOCK.RECORDING_SEQUENCE.TRIAL_IMAGE (BEGIN) 
306189.273 TRIAL_IMAGE BLOCK.RECORDING_SEQUENCE.TRIAL_IMAGE
306664.440 TIMER[2] BLOCK.RECORDING_SEQUENCE.TIMER[2]
306674.616 DISPLAY_SCREEN[1] BLOCK.RECORDING_SEQUENCE.DISPLAY_SCREEN[1] (BEGIN) 
306689.235 DISPLAY_SCREEN[1] BLOCK.RECORDING_SEQUENCE.DISPLAY_SCREEN[1]
309189.255 TIMER[1] BLOCK.RECORDING_SEQUENCE.TIMER[1]
309189.420 SET_BUTTON_PRESS BLOCK.RECORDING_SEQUENCE.SET_BUTTON_PRESS
309189.596 ADD_TO_RESULTS_FILE[1] BLOCK.RECORDING_SEQUENCE.ADD_TO_RESULTS_FILE[1]
309189.656 SetValueAction 
309197.731 TRIAL_IMAGE BLOCK.RECORDING_SEQUENCE.TRIAL_IMAGE (BEGIN) 
309205.758 TRIAL_IMAGE BLOCK.RECORDING_SEQUENCE.TRIAL_IMAGE
309680.925 TIMER[2] BLOCK.RECORDING_SEQUENCE.TIMER[2]
309690.616 DISPLAY_SCREEN[1] BLOCK.RECORDING_SEQUENCE.DISPLAY_SCREEN[1] (BEGIN) 
309705.727 DISPLAY_SCREEN[1] BLOCK.RECORDING_SEQUENCE.DISPLAY_SCREEN[1]
312205.749 TIMER[1] BLOCK.RECORDING_SEQUENCE.TIMER[1]
312205.944 SET_BUTTON_PRESS BLOCK.RECORDING_SEQUENCE.SET_BUTTON_PRESS
312206.127 ADD_TO_RESULTS_FILE[1] BLOCK.RECORDING_SEQUENCE.ADD_TO_RESULTS_FILE[1]
312206.191 SetValueAction 
312239.919 TRIAL_IMAGE BLOCK.RECORDING_SEQUENCE.TRIAL_IMAGE (BEGIN) 
312255.564 TRIAL_IMAGE BLOCK.RECORDING_SEQUENCE.TRIAL_IMAGE
312730.726 TIMER[2] BLOCK.RECORDING_SEQUENCE.TIMER[2]
312740.616 DISPLAY_SCREEN[1] BLOCK.RECORDING_SEQUENCE.DISPLAY_SCREEN[1] (BEGIN) 
312755.530 DISPLAY_SCREEN[1] BLOCK.RECORDING_SEQUENCE.DISPLAY_SCREEN[1]
315255.554 TIMER[1] BLOCK.RECORDING_SEQUENCE.TIMER[1]
315255.724 SET_BUTTON_PRESS BLOCK.RECORDING_SEQUENCE.SET_BUTTON_PRESS
315255.920 ADD_TO_RESULTS_FILE[1] BLOCK.RECORDING_SEQUENCE.ADD_TO_RESULTS_FILE[1]
315255.982 SetValueAction 
315257.218 TRIAL_IMAGE BLOCK.RECORDING_SEQUENCE.TRIAL_IMAGE (BEGIN) 
315272.050 TRIAL_IMAGE BLOCK.RECORDING_SEQUENCE.TRIAL_IMAGE
315747.152 TIMER[2] BLOCK.RECORDING_SEQUENCE.TIMER[2]
315756.617 DISPLAY_SCREEN[1] BLOCK.RECORDING_SEQUENCE.DISPLAY_SCREEN[1] (BEGIN) 
315772.020 DISPLAY_SCREEN[1] BLOCK.RECORDING_SEQUENCE.DISPLAY_SCREEN[1]
318272.088 TIMER[1] BLOCK.RECORDING_SEQUENCE.TIMER[1]
318272.254 SET_BUTTON_PRESS BLOCK.RECORDING_SEQUENCE.SET_BUTTON_PRESS
318272.431 ADD_TO_RESULTS_FILE[1] BLOCK.RECORDING_SEQUENCE.ADD_TO_RESULTS_FILE[1]
318272.493 SetValueAction 
318293.736 TRIAL_IMAGE BLOCK.RECORDING_SEQUENCE.TRIAL_IMAGE (BEGIN) 
318305.206 TRIAL_IMAGE BLOCK.RECORDING_SEQUENCE.TRIAL_IMAGE
318780.362 TIMER[2] BLOCK.RECORDING_SEQUENCE.TIMER[2]
318790.620 DISPLAY_SCREEN[1] BLOCK.RECORDING_SEQUENCE.DISPLAY_SCREEN[1] (BEGIN) 
318805.167 DISPLAY_SCREEN[1] BLOCK.RECORDING_SEQUENCE.DISPLAY_SCREEN[1]
321305.227 TIMER[1] BLOCK.RECORDING_SEQUENCE.TIMER[1]
321305.396 SET_BUTTON_PRESS BLOCK.RECORDING_SEQUENCE.SET_BUTTON_PRESS
321305.573 ADD_TO_RESULTS_FILE[1] BLOCK.RECORDING_SEQUENCE.ADD_TO_RESULTS_FILE[1]
321305.633 SetValueAction 
321322.489 TRIAL_IMAGE BLOCK.RECORDING_SEQUENCE.TRIAL_IMAGE (BEGIN) 
321338.344 TRIAL_IMAGE BLOCK.RECORDING_SEQUENCE.TRIAL_IMAGE
321813.405 TIMER[2] BLOCK.RECORDING_SEQUENCE.TIMER[2]
321823.620 DISPLAY_SCREEN[1] BLOCK.RECORDING_SEQUENCE.DISPLAY_SCREEN[1] (BEGIN) 
321838.315 DISPLAY_SCREEN[1] BLOCK.RECORDING_SEQUENCE.DISPLAY_SCREEN[1]
324338.397 TIMER[1] BLOCK.RECORDING_SEQUENCE.TIMER[1]
324338.564 SET_BUTTON_PRESS BLOCK.RECORDING_SEQUENCE.SET_BUTTON_PRESS
324338.741 ADD_TO_RESULTS_FILE[1] BLOCK.RECORDING_SEQUENCE.ADD_TO_RESULTS_FILE[1]
324338.803 SetValueAction 
324347.167 TRIAL_IMAGE BLOCK.RECORDING_SEQUENCE.TRIAL_IMAGE (BEGIN) 
324354.825 TRIAL_IMAGE BLOCK.RECORDING_SEQUENCE.TRIAL_IMAGE
324830.008 TIMER[2] BLOCK.RECORDING_SEQUENCE.TIMER[2]
324839.627 DISPLAY_SCREEN[1] BLOCK.RECORDING_SEQUENCE.DISPLAY_SCREEN[1] (BEGIN) 
324854.801 DISPLAY_SCREEN[1] BLOCK.RECORDING_SEQUENCE.DISPLAY_SCREEN[1]
327354.881 TIMER[1] BLOCK.RECORDING_SEQUENCE.TIMER[1]
327355.056 SET_BUTTON_PRESS BLOCK.RECORDING_SEQUENCE.SET_BUTTON_PRESS
327355.243 ADD_TO_RESULTS_FILE[1] BLOCK.RECORDING_SEQUENCE.ADD_TO_RESULTS_FILE[1]
327355.306 SetValueAction 
327375.665 TRIAL_IMAGE BLOCK.RECORDING_SEQUENCE.TRIAL_IMAGE (BEGIN) 
327387.980 TRIAL_IMAGE BLOCK.RECORDING_SEQUENCE.TRIAL_IMAGE
327863.046 TIMER[2] BLOCK.RECORDING_SEQUENCE.TIMER[2]
327872.616 DISPLAY_SCREEN[1] BLOCK.RECORDING_SEQUENCE.DISPLAY_SCREEN[1] (BEGIN) 
327887.946 DISPLAY_SCREEN[1] BLOCK.RECORDING_SEQUENCE.DISPLAY_SCREEN[1]
330387.986 TIMER[1] BLOCK.RECORDING_SEQUENCE.TIMER[1]
330388.153 SET_BUTTON_PRESS BLOCK.RECORDING_SEQUENCE.SET_BUTTON_PRESS
330388.351 ADD_TO_RESULTS_FILE[1] BLOCK.RECORDING_SEQUENCE.ADD_TO_RESULTS_FILE[1]
330388.412 SetValueAction 
330396.183 TRIAL_IMAGE BLOCK.RECORDING_SEQUENCE.TRIAL_IMAGE (BEGIN) 
330404.446 TRIAL_IMAGE BLOCK.RECORDING_SEQUENCE.TRIAL_IMAGE
330879.613 TIMER[2] BLOCK.RECORDING_SEQUENCE.TIMER[2]
330889.616 DISPLAY_SCREEN[1] BLOCK.RECORDING_SEQUENCE.DISPLAY_SCREEN[1] (BEGIN) 
330904.429 DISPLAY_SCREEN[1] BLOCK.RECORDING_SEQUENCE.DISPLAY_SCREEN[1]
333404.475 TIMER[1] BLOCK.RECORDING_SEQUENCE.TIMER[1]
333404.640 SET_BUTTON_PRESS BLOCK.RECORDING_SEQUENCE.SET_BUTTON_PRESS
333404.817 ADD_TO_RESULTS_FILE[1] BLOCK.RECORDING_SEQUENCE.ADD_TO_RESULTS_FILE[1]
333404.878 SetValueAction 
333424.569 TRIAL_IMAGE BLOCK.RECORDING_SEQUENCE.TRIAL_IMAGE (BEGIN) 
333437.603 TRIAL_IMAGE BLOCK.RECORDING_SEQUENCE.TRIAL_IMAGE
333912.734 TIMER[2] BLOCK.RECORDING_SEQUENCE.TIMER[2]
333922.617 DISPLAY_SCREEN[1] BLOCK.RECORDING_SEQUENCE.DISPLAY_SCREEN[1] (BEGIN) 
333937.575 DISPLAY_SCREEN[1] BLOCK.RECORDING_SEQUENCE.DISPLAY_SCREEN[1]
336437.582 TIMER[1] BLOCK.RECORDING_SEQUENCE.TIMER[1]
336437.754 SET_BUTTON_PRESS BLOCK.RECORDING_SEQUENCE.SET_BUTTON_PRESS
336437.950 ADD_TO_RESULTS_FILE[1] BLOCK.RECORDING_SEQUENCE.ADD_TO_RESULTS_FILE[1]
336438.012 SetValueAction 
336479.792 TRIAL_IMAGE BLOCK.RECORDING_SEQUENCE.TRIAL_IMAGE (BEGIN) 
336487.418 TRIAL_IMAGE BLOCK.RECORDING_SEQUENCE.TRIAL_IMAGE
336962.576 TIMER[2] BLOCK.RECORDING_SEQUENCE.TIMER[2]
336972.620 DISPLAY_SCREEN[1] BLOCK.RECORDING_SEQUENCE.DISPLAY_SCREEN[1] (BEGIN) 
336987.376 DISPLAY_SCREEN[1] BLOCK.RECORDING_SEQUENCE.DISPLAY_SCREEN[1]
339487.420 TIMER[1] BLOCK.RECORDING_SEQUENCE.TIMER[1]
339487.588 SET_BUTTON_PRESS BLOCK.RECORDING_SEQUENCE.SET_BUTTON_PRESS
339487.770 ADD_TO_RESULTS_FILE[1] BLOCK.RECORDING_SEQUENCE.ADD_TO_RESULTS_FILE[1]
339487.832 SetValueAction 
339513.343 TRIAL_IMAGE BLOCK.RECORDING_SEQUENCE.TRIAL_IMAGE (BEGIN) 
339520.554 TRIAL_IMAGE BLOCK.RECORDING_SEQUENCE.TRIAL_IMAGE
339995.706 TIMER[2] BLOCK.RECORDING_SEQUENCE.TIMER[2]
340005.615 DISPLAY_SCREEN[1] BLOCK.RECORDING_SEQUENCE.DISPLAY_SCREEN[1] (BEGIN) 
340020.528 DISPLAY_SCREEN[1] BLOCK.RECORDING_SEQUENCE.DISPLAY_SCREEN[1]
342520.588 TIMER[1] BLOCK.RECORDING_SEQUENCE.TIMER[1]
342520.754 SET_BUTTON_PRESS BLOCK.RECORDING_SEQUENCE.SET_BUTTON_PRESS
342520.947 ADD_TO_RESULTS_FILE[1] BLOCK.RECORDING_SEQUENCE.ADD_TO_RESULTS_FILE[1]
342521.008 SetValueAction 
342549.304 TRIAL_IMAGE BLOCK.RECORDING_SEQUENCE.TRIAL_IMAGE (BEGIN) 
342553.703 TRIAL_IMAGE BLOCK.RECORDING_SEQUENCE.TRIAL_IMAGE
343028.862 TIMER[2] BLOCK.RECORDING_SEQUENCE.TIMER[2]
343038.616 DISPLAY_SCREEN[1] BLOCK.RECORDING_SEQUENCE.DISPLAY_SCREEN[1] (BEGIN) 
343053.680 DISPLAY_SCREEN[1] BLOCK.RECORDING_SEQUENCE.DISPLAY_SCREEN[1]
345553.774 TIMER[1] BLOCK.RECORDING_SEQUENCE.TIMER[1]
345553.959 SET_BUTTON_PRESS BLOCK.RECORDING_SEQUENCE.SET_BUTTON_PRESS
345554.141 ADD_TO_RESULTS_FILE[1] BLOCK.RECORDING_SEQUENCE.ADD_TO_RESULTS_FILE[1]
345554.204 SetValueAction 
345584.489 TRIAL_IMAGE BLOCK.RECORDING_SEQUENCE.TRIAL_IMAGE (BEGIN) 
345586.854 TRIAL_IMAGE BLOCK.RECORDING_SEQUENCE.TRIAL_IMAGE
346062.024 TIMER[2] BLOCK.RECORDING_SEQUENCE.TIMER[2]
346071.615 DISPLAY_SCREEN[1] BLOCK.RECORDING_SEQUENCE.DISPLAY_SCREEN[1] (BEGIN) 
346086.824 DISPLAY_SCREEN[1] BLOCK.RECORDING_SEQUENCE.DISPLAY_SCREEN[1]
348586.894 TIMER[1] BLOCK.RECORDING_SEQUENCE.TIMER[1]
348587.077 SET_BUTTON_PRESS BLOCK.RECORDING_SEQUENCE.SET_BUTTON_PRESS
348587.259 ADD_TO_RESULTS_FILE[1] BLOCK.RECORDING_SEQUENCE.ADD_TO_RESULTS_FILE[1]
348587.321 SetValueAction 
348595.946 TRIAL_IMAGE BLOCK.RECORDING_SEQUENCE.TRIAL_IMAGE (BEGIN) 
348603.331 TRIAL_IMAGE BLOCK.RECORDING_SEQUENCE.TRIAL_IMAGE
349078.500 TIMER[2] BLOCK.RECORDING_SEQUENCE.TIMER[2]
349088.615 DISPLAY_SCREEN[1] BLOCK.RECORDING_SEQUENCE.DISPLAY_SCREEN[1] (BEGIN) 
349103.309 DISPLAY_SCREEN[1] BLOCK.RECORDING_SEQUENCE.DISPLAY_SCREEN[1]
351603.389 TIMER[1] BLOCK.RECORDING_SEQUENCE.TIMER[1]
351603.568 SET_BUTTON_PRESS BLOCK.RECORDING_SEQUENCE.SET_BUTTON_PRESS
351603.745 ADD_TO_RESULTS_FILE[1] BLOCK.RECORDING_SEQUENCE.ADD_TO_RESULTS_FILE[1]
351603.805 SetValueAction 
351626.401 TRIAL_IMAGE BLOCK.RECORDING_SEQUENCE.TRIAL_IMAGE (BEGIN) 
351636.488 TRIAL_IMAGE BLOCK.RECORDING_SEQUENCE.TRIAL_IMAGE
352111.570 TIMER[2] BLOCK.RECORDING_SEQUENCE.TIMER[2]
352121.620 DISPLAY_SCREEN[1] BLOCK.RECORDING_SEQUENCE.DISPLAY_SCREEN[1] (BEGIN) 
352136.446 DISPLAY_SCREEN[1] BLOCK.RECORDING_SEQUENCE.DISPLAY_SCREEN[1]
354636.481 TIMER[1] BLOCK.RECORDING_SEQUENCE.TIMER[1]
354636.652 SET_BUTTON_PRESS BLOCK.RECORDING_SEQUENCE.SET_BUTTON_PRESS
354636.835 ADD_TO_RESULTS_FILE[1] BLOCK.RECORDING_SEQUENCE.ADD_TO_RESULTS_FILE[1]
354636.898 SetValueAction 
354638.133 TRIAL_IMAGE BLOCK.RECORDING_SEQUENCE.TRIAL_IMAGE (BEGIN) 
354652.965 TRIAL_IMAGE BLOCK.RECORDING_SEQUENCE.TRIAL_IMAGE
355128.141 TIMER[2] BLOCK.RECORDING_SEQUENCE.TIMER[2]
355137.615 DISPLAY_SCREEN[1] BLOCK.RECORDING_SEQUENCE.DISPLAY_SCREEN[1] (BEGIN) 
355152.931 DISPLAY_SCREEN[1] BLOCK.RECORDING_SEQUENCE.DISPLAY_SCREEN[1]
357653.029 TIMER[1] BLOCK.RECORDING_SEQUENCE.TIMER[1]
357653.205 SET_BUTTON_PRESS BLOCK.RECORDING_SEQUENCE.SET_BUTTON_PRESS
357653.393 ADD_TO_RESULTS_FILE[1] BLOCK.RECORDING_SEQUENCE.ADD_TO_RESULTS_FILE[1]
357653.457 SetValueAction 
357674.204 TRIAL_IMAGE BLOCK.RECORDING_SEQUENCE.TRIAL_IMAGE (BEGIN) 
357686.118 TRIAL_IMAGE BLOCK.RECORDING_SEQUENCE.TRIAL_IMAGE
358161.249 TIMER[2] BLOCK.RECORDING_SEQUENCE.TIMER[2]
358171.624 DISPLAY_SCREEN[1] BLOCK.RECORDING_SEQUENCE.DISPLAY_SCREEN[1] (BEGIN) 
358186.098 DISPLAY_SCREEN[1] BLOCK.RECORDING_SEQUENCE.DISPLAY_SCREEN[1]
360686.161 TIMER[1] BLOCK.RECORDING_SEQUENCE.TIMER[1]
360686.325 SET_BUTTON_PRESS BLOCK.RECORDING_SEQUENCE.SET_BUTTON_PRESS
360686.500 ADD_TO_RESULTS_FILE[1] BLOCK.RECORDING_SEQUENCE.ADD_TO_RESULTS_FILE[1]
360686.560 SetValueAction 
360687.794 TRIAL_IMAGE BLOCK.RECORDING_SEQUENCE.TRIAL_IMAGE (BEGIN) 
360702.601 TRIAL_IMAGE BLOCK.RECORDING_SEQUENCE.TRIAL_IMAGE
361177.744 TIMER[2] BLOCK.RECORDING_SEQUENCE.TIMER[2]
361187.622 DISPLAY_SCREEN[1] BLOCK.RECORDING_SEQUENCE.DISPLAY_SCREEN[1] (BEGIN) 
361202.557 DISPLAY_SCREEN[1] BLOCK.RECORDING_SEQUENCE.DISPLAY_SCREEN[1]
363702.613 TIMER[1] BLOCK.RECORDING_SEQUENCE.TIMER[1]
363702.779 SET_BUTTON_PRESS BLOCK.RECORDING_SEQUENCE.SET_BUTTON_PRESS
363702.956 ADD_TO_RESULTS_FILE[1] BLOCK.RECORDING_SEQUENCE.ADD_TO_RESULTS_FILE[1]
363703.017 SetValueAction 
363704.204 TRIAL_IMAGE BLOCK.RECORDING_SEQUENCE.TRIAL_IMAGE (BEGIN) 
363719.067 TRIAL_IMAGE BLOCK.RECORDING_SEQUENCE.TRIAL_IMAGE
364194.245 TIMER[2] BLOCK.RECORDING_SEQUENCE.TIMER[2]
364204.622 DISPLAY_SCREEN[1] BLOCK.RECORDING_SEQUENCE.DISPLAY_SCREEN[1] (BEGIN) 
364219.054 DISPLAY_SCREEN[1] BLOCK.RECORDING_SEQUENCE.DISPLAY_SCREEN[1]
366719.118 TIMER[1] BLOCK.RECORDING_SEQUENCE.TIMER[1]
366719.285 SET_BUTTON_PRESS BLOCK.RECORDING_SEQUENCE.SET_BUTTON_PRESS
366719.463 ADD_TO_RESULTS_FILE[1] BLOCK.RECORDING_SEQUENCE.ADD_TO_RESULTS_FILE[1]
366719.523 SetValueAction 
366745.016 TRIAL_IMAGE BLOCK.RECORDING_SEQUENCE.TRIAL_IMAGE (BEGIN) 
366752.227 TRIAL_IMAGE BLOCK.RECORDING_SEQUENCE.TRIAL_IMAGE
367227.360 TIMER[2] BLOCK.RECORDING_SEQUENCE.TIMER[2]
367237.616 DISPLAY_SCREEN[1] BLOCK.RECORDING_SEQUENCE.DISPLAY_SCREEN[1] (BEGIN) 
367252.191 DISPLAY_SCREEN[1] BLOCK.RECORDING_SEQUENCE.DISPLAY_SCREEN[1]
369752.258 TIMER[1] BLOCK.RECORDING_SEQUENCE.TIMER[1]
369752.425 SET_BUTTON_PRESS BLOCK.RECORDING_SEQUENCE.SET_BUTTON_PRESS
369752.602 ADD_TO_RESULTS_FILE[1] BLOCK.RECORDING_SEQUENCE.ADD_TO_RESULTS_FILE[1]
369752.662 SetValueAction 
369781.936 TRIAL_IMAGE BLOCK.RECORDING_SEQUENCE.TRIAL_IMAGE (BEGIN) 
369785.369 TRIAL_IMAGE BLOCK.RECORDING_SEQUENCE.TRIAL_IMAGE
370260.491 TIMER[2] BLOCK.RECORDING_SEQUENCE.TIMER[2]
370270.615 DISPLAY_SCREEN[1] BLOCK.RECORDING_SEQUENCE.DISPLAY_SCREEN[1] (BEGIN) 
370285.338 DISPLAY_SCREEN[1] BLOCK.RECORDING_SEQUENCE.DISPLAY_SCREEN[1]
372785.369 TIMER[1] BLOCK.RECORDING_SEQUENCE.TIMER[1]
372785.533 SET_BUTTON_PRESS BLOCK.RECORDING_SEQUENCE.SET_BUTTON_PRESS
372785.709 ADD_TO_RESULTS_FILE[1] BLOCK.RECORDING_SEQUENCE.ADD_TO_RESULTS_FILE[1]
372785.769 SetValueAction 
372814.426 TRIAL_IMAGE BLOCK.RECORDING_SEQUENCE.TRIAL_IMAGE (BEGIN) 
372818.509 TRIAL_IMAGE BLOCK.RECORDING_SEQUENCE.TRIAL_IMAGE
373293.616 TIMER[2] BLOCK.RECORDING_SEQUENCE.TIMER[2]
373303.620 DISPLAY_SCREEN[1] BLOCK.RECORDING_SEQUENCE.DISPLAY_SCREEN[1] (BEGIN) 
373318.485 DISPLAY_SCREEN[1] BLOCK.RECORDING_SEQUENCE.DISPLAY_SCREEN[1]
375818.566 TIMER[1] BLOCK.RECORDING_SEQUENCE.TIMER[1]
375818.735 SET_BUTTON_PRESS BLOCK.RECORDING_SEQUENCE.SET_BUTTON_PRESS
375818.916 ADD_TO_RESULTS_FILE[1] BLOCK.RECORDING_SEQUENCE.ADD_TO_RESULTS_FILE[1]
375818.979 SetValueAction 
375843.489 TRIAL_IMAGE BLOCK.RECORDING_SEQUENCE.TRIAL_IMAGE (BEGIN) 
375851.669 TRIAL_IMAGE BLOCK.RECORDING_SEQUENCE.TRIAL_IMAGE
376326.740 TIMER[2] BLOCK.RECORDING_SEQUENCE.TIMER[2]
376336.616 DISPLAY_SCREEN[1] BLOCK.RECORDING_SEQUENCE.DISPLAY_SCREEN[1] (BEGIN) 
376351.635 DISPLAY_SCREEN[1] BLOCK.RECORDING_SEQUENCE.DISPLAY_SCREEN[1]
378851.639 TIMER[1] BLOCK.RECORDING_SEQUENCE.TIMER[1]
378851.805 SET_BUTTON_PRESS BLOCK.RECORDING_SEQUENCE.SET_BUTTON_PRESS
378851.982 ADD_TO_RESULTS_FILE[1] BLOCK.RECORDING_SEQUENCE.ADD_TO_RESULTS_FILE[1]
378852.058 SetValueAction 
378853.276 TRIAL_IMAGE BLOCK.RECORDING_SEQUENCE.TRIAL_IMAGE (BEGIN) 
378868.138 TRIAL_IMAGE BLOCK.RECORDING_SEQUENCE.TRIAL_IMAGE
379343.295 TIMER[2] BLOCK.RECORDING_SEQUENCE.TIMER[2]
379353.615 DISPLAY_SCREEN[1] BLOCK.RECORDING_SEQUENCE.DISPLAY_SCREEN[1] (BEGIN) 
379368.125 DISPLAY_SCREEN[1] BLOCK.RECORDING_SEQUENCE.DISPLAY_SCREEN[1]
381868.180 TIMER[1] BLOCK.RECORDING_SEQUENCE.TIMER[1]
381868.345 SET_BUTTON_PRESS BLOCK.RECORDING_SEQUENCE.SET_BUTTON_PRESS
381868.608 ADD_TO_RESULTS_FILE[1] BLOCK.RECORDING_SEQUENCE.ADD_TO_RESULTS_FILE[1]
381868.674 SetValueAction 
381869.878 TRIAL_IMAGE BLOCK.RECORDING_SEQUENCE.TRIAL_IMAGE (BEGIN) 
381884.626 TRIAL_IMAGE BLOCK.RECORDING_SEQUENCE.TRIAL_IMAGE
382359.772 TIMER[2] BLOCK.RECORDING_SEQUENCE.TIMER[2]
382369.615 DISPLAY_SCREEN[1] BLOCK.RECORDING_SEQUENCE.DISPLAY_SCREEN[1] (BEGIN) 
382384.593 DISPLAY_SCREEN[1] BLOCK.RECORDING_SEQUENCE.DISPLAY_SCREEN[1]
384884.595 TIMER[1] BLOCK.RECORDING_SEQUENCE.TIMER[1]
384884.765 SET_BUTTON_PRESS BLOCK.RECORDING_SEQUENCE.SET_BUTTON_PRESS
384884.945 ADD_TO_RESULTS_FILE[1] BLOCK.RECORDING_SEQUENCE.ADD_TO_RESULTS_FILE[1]
384885.007 SetValueAction 
384904.629 TRIAL_IMAGE BLOCK.RECORDING_SEQUENCE.TRIAL_IMAGE (BEGIN) 
384917.789 TRIAL_IMAGE BLOCK.RECORDING_SEQUENCE.TRIAL_IMAGE
385392.915 TIMER[2] BLOCK.RECORDING_SEQUENCE.TIMER[2]
385402.616 DISPLAY_SCREEN[1] BLOCK.RECORDING_SEQUENCE.DISPLAY_SCREEN[1] (BEGIN) 
385417.739 DISPLAY_SCREEN[1] BLOCK.RECORDING_SEQUENCE.DISPLAY_SCREEN[1]
387917.830 TIMER[1] BLOCK.RECORDING_SEQUENCE.TIMER[1]
387917.997 SET_BUTTON_PRESS BLOCK.RECORDING_SEQUENCE.SET_BUTTON_PRESS
387918.207 ADD_TO_RESULTS_FILE[1] BLOCK.RECORDING_SEQUENCE.ADD_TO_RESULTS_FILE[1]
387918.268 SetValueAction 
387919.492 TRIAL_IMAGE BLOCK.RECORDING_SEQUENCE.TRIAL_IMAGE (BEGIN) 
387934.250 TRIAL_IMAGE BLOCK.RECORDING_SEQUENCE.TRIAL_IMAGE
388409.430 TIMER[2] BLOCK.RECORDING_SEQUENCE.TIMER[2]
388419.615 DISPLAY_SCREEN[1] BLOCK.RECORDING_SEQUENCE.DISPLAY_SCREEN[1] (BEGIN) 
388434.223 DISPLAY_SCREEN[1] BLOCK.RECORDING_SEQUENCE.DISPLAY_SCREEN[1]
390934.314 TIMER[1] BLOCK.RECORDING_SEQUENCE.TIMER[1]
390934.500 SET_BUTTON_PRESS BLOCK.RECORDING_SEQUENCE.SET_BUTTON_PRESS
390934.676 ADD_TO_RESULTS_FILE[1] BLOCK.RECORDING_SEQUENCE.ADD_TO_RESULTS_FILE[1]
390934.738 SetValueAction 
390943.284 TRIAL_IMAGE BLOCK.RECORDING_SEQUENCE.TRIAL_IMAGE (BEGIN) 
390950.731 TRIAL_IMAGE BLOCK.RECORDING_SEQUENCE.TRIAL_IMAGE
391425.858 TIMER[2] BLOCK.RECORDING_SEQUENCE.TIMER[2]
391435.615 DISPLAY_SCREEN[1] BLOCK.RECORDING_SEQUENCE.DISPLAY_SCREEN[1] (BEGIN) 
391450.717 DISPLAY_SCREEN[1] BLOCK.RECORDING_SEQUENCE.DISPLAY_SCREEN[1]
393950.779 TIMER[1] BLOCK.RECORDING_SEQUENCE.TIMER[1]
393950.943 SET_BUTTON_PRESS BLOCK.RECORDING_SEQUENCE.SET_BUTTON_PRESS
393951.125 ADD_TO_RESULTS_FILE[1] BLOCK.RECORDING_SEQUENCE.ADD_TO_RESULTS_FILE[1]
393951.186 SetValueAction 
393970.101 TRIAL_IMAGE BLOCK.RECORDING_SEQUENCE.TRIAL_IMAGE (BEGIN) 
393983.890 TRIAL_IMAGE BLOCK.RECORDING_SEQUENCE.TRIAL_IMAGE
394458.960 TIMER[2] BLOCK.RECORDING_SEQUENCE.TIMER[2]
394468.617 DISPLAY_SCREEN[1] BLOCK.RECORDING_SEQUENCE.DISPLAY_SCREEN[1] (BEGIN) 
394483.859 DISPLAY_SCREEN[1] BLOCK.RECORDING_SEQUENCE.DISPLAY_SCREEN[1]
396983.870 TIMER[1] BLOCK.RECORDING_SEQUENCE.TIMER[1]
396984.040 SET_BUTTON_PRESS BLOCK.RECORDING_SEQUENCE.SET_BUTTON_PRESS
396984.238 ADD_TO_RESULTS_FILE[1] BLOCK.RECORDING_SEQUENCE.ADD_TO_RESULTS_FILE[1]
396984.301 SetValueAction 
396985.515 TRIAL_IMAGE BLOCK.RECORDING_SEQUENCE.TRIAL_IMAGE (BEGIN) 
397000.362 TRIAL_IMAGE BLOCK.RECORDING_SEQUENCE.TRIAL_IMAGE
397475.443 TIMER[2] BLOCK.RECORDING_SEQUENCE.TIMER[2]
397485.616 DISPLAY_SCREEN[1] BLOCK.RECORDING_SEQUENCE.DISPLAY_SCREEN[1] (BEGIN) 
397500.342 DISPLAY_SCREEN[1] BLOCK.RECORDING_SEQUENCE.DISPLAY_SCREEN[1]
400000.363 TIMER[1] BLOCK.RECORDING_SEQUENCE.TIMER[1]
400000.528 SET_BUTTON_PRESS BLOCK.RECORDING_SEQUENCE.SET_BUTTON_PRESS
400000.706 ADD_TO_RESULTS_FILE[1] BLOCK.RECORDING_SEQUENCE.ADD_TO_RESULTS_FILE[1]
400000.767 SetValueAction 
400001.964 TRIAL_IMAGE BLOCK.RECORDING_SEQUENCE.TRIAL_IMAGE (BEGIN) 
400016.843 TRIAL_IMAGE BLOCK.RECORDING_SEQUENCE.TRIAL_IMAGE
400491.959 TIMER[2] BLOCK.RECORDING_SEQUENCE.TIMER[2]
400501.616 DISPLAY_SCREEN[1] BLOCK.RECORDING_SEQUENCE.DISPLAY_SCREEN[1] (BEGIN) 
400516.815 DISPLAY_SCREEN[1] BLOCK.RECORDING_SEQUENCE.DISPLAY_SCREEN[1]
403016.884 TIMER[1] BLOCK.RECORDING_SEQUENCE.TIMER[1]
403017.055 SET_BUTTON_PRESS BLOCK.RECORDING_SEQUENCE.SET_BUTTON_PRESS
403017.261 ADD_TO_RESULTS_FILE[1] BLOCK.RECORDING_SEQUENCE.ADD_TO_RESULTS_FILE[1]
403017.325 SetValueAction 
403041.117 TRIAL_IMAGE BLOCK.RECORDING_SEQUENCE.TRIAL_IMAGE (BEGIN) 
403050.001 TRIAL_IMAGE BLOCK.RECORDING_SEQUENCE.TRIAL_IMAGE
403525.175 TIMER[2] BLOCK.RECORDING_SEQUENCE.TIMER[2]
403534.618 DISPLAY_SCREEN[1] BLOCK.RECORDING_SEQUENCE.DISPLAY_SCREEN[1] (BEGIN) 
403549.964 DISPLAY_SCREEN[1] BLOCK.RECORDING_SEQUENCE.DISPLAY_SCREEN[1]
406049.993 TIMER[1] BLOCK.RECORDING_SEQUENCE.TIMER[1]
406050.175 SET_BUTTON_PRESS BLOCK.RECORDING_SEQUENCE.SET_BUTTON_PRESS
406050.353 ADD_TO_RESULTS_FILE[1] BLOCK.RECORDING_SEQUENCE.ADD_TO_RESULTS_FILE[1]
406050.415 SetValueAction 
406067.840 TRIAL_IMAGE BLOCK.RECORDING_SEQUENCE.TRIAL_IMAGE (BEGIN) 
406083.144 TRIAL_IMAGE BLOCK.RECORDING_SEQUENCE.TRIAL_IMAGE
406558.281 TIMER[2] BLOCK.RECORDING_SEQUENCE.TIMER[2]
406568.617 DISPLAY_SCREEN[1] BLOCK.RECORDING_SEQUENCE.DISPLAY_SCREEN[1] (BEGIN) 
406583.119 DISPLAY_SCREEN[1] BLOCK.RECORDING_SEQUENCE.DISPLAY_SCREEN[1]
409083.199 TIMER[1] BLOCK.RECORDING_SEQUENCE.TIMER[1]
409083.366 SET_BUTTON_PRESS BLOCK.RECORDING_SEQUENCE.SET_BUTTON_PRESS
409083.545 ADD_TO_RESULTS_FILE[1] BLOCK.RECORDING_SEQUENCE.ADD_TO_RESULTS_FILE[1]
409083.606 SetValueAction 
409103.304 TRIAL_IMAGE BLOCK.RECORDING_SEQUENCE.TRIAL_IMAGE (BEGIN) 
409116.294 TRIAL_IMAGE BLOCK.RECORDING_SEQUENCE.TRIAL_IMAGE
409591.443 TIMER[2] BLOCK.RECORDING_SEQUENCE.TIMER[2]
409601.617 DISPLAY_SCREEN[1] BLOCK.RECORDING_SEQUENCE.DISPLAY_SCREEN[1] (BEGIN) 
409616.252 DISPLAY_SCREEN[1] BLOCK.RECORDING_SEQUENCE.DISPLAY_SCREEN[1]
412116.316 TIMER[1] BLOCK.RECORDING_SEQUENCE.TIMER[1]
412116.484 SET_BUTTON_PRESS BLOCK.RECORDING_SEQUENCE.SET_BUTTON_PRESS
412116.662 ADD_TO_RESULTS_FILE[1] BLOCK.RECORDING_SEQUENCE.ADD_TO_RESULTS_FILE[1]
412116.723 SetValueAction 
412117.928 TRIAL_IMAGE BLOCK.RECORDING_SEQUENCE.TRIAL_IMAGE (BEGIN) 
412132.776 TRIAL_IMAGE BLOCK.RECORDING_SEQUENCE.TRIAL_IMAGE
412607.913 TIMER[2] BLOCK.RECORDING_SEQUENCE.TIMER[2]
412617.616 DISPLAY_SCREEN[1] BLOCK.RECORDING_SEQUENCE.DISPLAY_SCREEN[1] (BEGIN) 
412632.740 DISPLAY_SCREEN[1] BLOCK.RECORDING_SEQUENCE.DISPLAY_SCREEN[1]
415132.771 TIMER[1] BLOCK.RECORDING_SEQUENCE.TIMER[1]
415132.960 SET_BUTTON_PRESS BLOCK.RECORDING_SEQUENCE.SET_BUTTON_PRESS
415133.146 ADD_TO_RESULTS_FILE[1] BLOCK.RECORDING_SEQUENCE.ADD_TO_RESULTS_FILE[1]
415133.256 SetValueAction 
415134.461 TRIAL_IMAGE BLOCK.RECORDING_SEQUENCE.TRIAL_IMAGE (BEGIN) 
415149.252 TRIAL_IMAGE BLOCK.RECORDING_SEQUENCE.TRIAL_IMAGE
415624.323 TIMER[2] BLOCK.RECORDING_SEQUENCE.TIMER[2]
415634.616 DISPLAY_SCREEN[1] BLOCK.RECORDING_SEQUENCE.DISPLAY_SCREEN[1] (BEGIN) 
415649.221 DISPLAY_SCREEN[1] BLOCK.RECORDING_SEQUENCE.DISPLAY_SCREEN[1]
418149.305 TIMER[1] BLOCK.RECORDING_SEQUENCE.TIMER[1]
418149.475 SET_BUTTON_PRESS BLOCK.RECORDING_SEQUENCE.SET_BUTTON_PRESS
418149.678 ADD_TO_RESULTS_FILE[1] BLOCK.RECORDING_SEQUENCE.ADD_TO_RESULTS_FILE[1]
418149.739 SetValueAction 
418158.533 TRIAL_IMAGE BLOCK.RECORDING_SEQUENCE.TRIAL_IMAGE (BEGIN) 
418165.733 TRIAL_IMAGE BLOCK.RECORDING_SEQUENCE.TRIAL_IMAGE
418640.844 TIMER[2] BLOCK.RECORDING_SEQUENCE.TIMER[2]
418650.617 DISPLAY_SCREEN[1] BLOCK.RECORDING_SEQUENCE.DISPLAY_SCREEN[1] (BEGIN) 
418665.695 DISPLAY_SCREEN[1] BLOCK.RECORDING_SEQUENCE.DISPLAY_SCREEN[1]
421165.768 TIMER[1] BLOCK.RECORDING_SEQUENCE.TIMER[1]
421165.932 SET_BUTTON_PRESS BLOCK.RECORDING_SEQUENCE.SET_BUTTON_PRESS
421166.108 ADD_TO_RESULTS_FILE[1] BLOCK.RECORDING_SEQUENCE.ADD_TO_RESULTS_FILE[1]
421166.169 SetValueAction 
421167.364 TRIAL_IMAGE BLOCK.RECORDING_SEQUENCE.TRIAL_IMAGE (BEGIN) 
421182.217 TRIAL_IMAGE BLOCK.RECORDING_SEQUENCE.TRIAL_IMAGE
421657.341 TIMER[2] BLOCK.RECORDING_SEQUENCE.TIMER[2]
421667.616 DISPLAY_SCREEN[1] BLOCK.RECORDING_SEQUENCE.DISPLAY_SCREEN[1] (BEGIN) 
421682.204 DISPLAY_SCREEN[1] BLOCK.RECORDING_SEQUENCE.DISPLAY_SCREEN[1]
424182.275 TIMER[1] BLOCK.RECORDING_SEQUENCE.TIMER[1]
424182.445 SET_BUTTON_PRESS BLOCK.RECORDING_SEQUENCE.SET_BUTTON_PRESS
424182.629 ADD_TO_RESULTS_FILE[1] BLOCK.RECORDING_SEQUENCE.ADD_TO_RESULTS_FILE[1]
424182.694 SetValueAction 
424206.940 TRIAL_IMAGE BLOCK.RECORDING_SEQUENCE.TRIAL_IMAGE (BEGIN) 
424215.369 TRIAL_IMAGE BLOCK.RECORDING_SEQUENCE.TRIAL_IMAGE
424690.463 TIMER[2] BLOCK.RECORDING_SEQUENCE.TIMER[2]
424700.650 DISPLAY_SCREEN[1] BLOCK.RECORDING_SEQUENCE.DISPLAY_SCREEN[1] (BEGIN) 
424715.338 DISPLAY_SCREEN[1] BLOCK.RECORDING_SEQUENCE.DISPLAY_SCREEN[1]
427215.373 TIMER[1] BLOCK.RECORDING_SEQUENCE.TIMER[1]
427215.539 SET_BUTTON_PRESS BLOCK.RECORDING_SEQUENCE.SET_BUTTON_PRESS
427215.715 ADD_TO_RESULTS_FILE[1] BLOCK.RECORDING_SEQUENCE.ADD_TO_RESULTS_FILE[1]
427215.777 SetValueAction 
427217.057 TRIAL_IMAGE BLOCK.RECORDING_SEQUENCE.TRIAL_IMAGE (BEGIN) 
427231.845 TRIAL_IMAGE BLOCK.RECORDING_SEQUENCE.TRIAL_IMAGE
427706.983 TIMER[2] BLOCK.RECORDING_SEQUENCE.TIMER[2]
427716.617 DISPLAY_SCREEN[1] BLOCK.RECORDING_SEQUENCE.DISPLAY_SCREEN[1] (BEGIN) 
427731.812 DISPLAY_SCREEN[1] BLOCK.RECORDING_SEQUENCE.DISPLAY_SCREEN[1]
430231.854 TIMER[1] BLOCK.RECORDING_SEQUENCE.TIMER[1]
430232.041 SET_BUTTON_PRESS BLOCK.RECORDING_SEQUENCE.SET_BUTTON_PRESS
430232.220 ADD_TO_RESULTS_FILE[1] BLOCK.RECORDING_SEQUENCE.ADD_TO_RESULTS_FILE[1]
430232.281 SetValueAction 
430233.468 TRIAL_IMAGE BLOCK.RECORDING_SEQUENCE.TRIAL_IMAGE (BEGIN) 
430248.331 TRIAL_IMAGE BLOCK.RECORDING_SEQUENCE.TRIAL_IMAGE
430723.416 TIMER[2] BLOCK.RECORDING_SEQUENCE.TIMER[2]
430733.616 DISPLAY_SCREEN[1] BLOCK.RECORDING_SEQUENCE.DISPLAY_SCREEN[1] (BEGIN) 
430748.295 DISPLAY_SCREEN[1] BLOCK.RECORDING_SEQUENCE.DISPLAY_SCREEN[1]
433248.326 TIMER[1] BLOCK.RECORDING_SEQUENCE.TIMER[1]
433248.491 SET_BUTTON_PRESS BLOCK.RECORDING_SEQUENCE.SET_BUTTON_PRESS
433248.667 ADD_TO_RESULTS_FILE[1] BLOCK.RECORDING_SEQUENCE.ADD_TO_RESULTS_FILE[1]
433248.729 SetValueAction 
433249.980 TRIAL_IMAGE BLOCK.RECORDING_SEQUENCE.TRIAL_IMAGE (BEGIN) 
433264.816 TRIAL_IMAGE BLOCK.RECORDING_SEQUENCE.TRIAL_IMAGE
433739.912 TIMER[2] BLOCK.RECORDING_SEQUENCE.TIMER[2]
433749.621 DISPLAY_SCREEN[1] BLOCK.RECORDING_SEQUENCE.DISPLAY_SCREEN[1] (BEGIN) 
433764.773 DISPLAY_SCREEN[1] BLOCK.RECORDING_SEQUENCE.DISPLAY_SCREEN[1]
436264.778 TIMER[1] BLOCK.RECORDING_SEQUENCE.TIMER[1]
436264.949 SET_BUTTON_PRESS BLOCK.RECORDING_SEQUENCE.SET_BUTTON_PRESS
436265.131 ADD_TO_RESULTS_FILE[1] BLOCK.RECORDING_SEQUENCE.ADD_TO_RESULTS_FILE[1]
436265.195 SetValueAction 
436273.589 TRIAL_IMAGE BLOCK.RECORDING_SEQUENCE.TRIAL_IMAGE (BEGIN) 
436281.288 TRIAL_IMAGE BLOCK.RECORDING_SEQUENCE.TRIAL_IMAGE
436756.471 TIMER[2] BLOCK.RECORDING_SEQUENCE.TIMER[2]
436766.623 DISPLAY_SCREEN[1] BLOCK.RECORDING_SEQUENCE.DISPLAY_SCREEN[1] (BEGIN) 
436781.261 DISPLAY_SCREEN[1] BLOCK.RECORDING_SEQUENCE.DISPLAY_SCREEN[1]
439281.307 TIMER[1] BLOCK.RECORDING_SEQUENCE.TIMER[1]
439281.497 SET_BUTTON_PRESS BLOCK.RECORDING_SEQUENCE.SET_BUTTON_PRESS
439281.677 ADD_TO_RESULTS_FILE[1] BLOCK.RECORDING_SEQUENCE.ADD_TO_RESULTS_FILE[1]
439281.740 SetValueAction 
439290.564 TRIAL_IMAGE BLOCK.RECORDING_SEQUENCE.TRIAL_IMAGE (BEGIN) 
439297.776 TRIAL_IMAGE BLOCK.RECORDING_SEQUENCE.TRIAL_IMAGE
439772.898 TIMER[2] BLOCK.RECORDING_SEQUENCE.TIMER[2]
439782.616 DISPLAY_SCREEN[1] BLOCK.RECORDING_SEQUENCE.DISPLAY_SCREEN[1] (BEGIN) 
439797.736 DISPLAY_SCREEN[1] BLOCK.RECORDING_SEQUENCE.DISPLAY_SCREEN[1]
442297.781 TIMER[1] BLOCK.RECORDING_SEQUENCE.TIMER[1]
442297.971 SET_BUTTON_PRESS BLOCK.RECORDING_SEQUENCE.SET_BUTTON_PRESS
442298.161 ADD_TO_RESULTS_FILE[1] BLOCK.RECORDING_SEQUENCE.ADD_TO_RESULTS_FILE[1]
442298.239 SetValueAction 
442299.410 TRIAL_IMAGE BLOCK.RECORDING_SEQUENCE.TRIAL_IMAGE (BEGIN) 
442314.262 TRIAL_IMAGE BLOCK.RECORDING_SEQUENCE.TRIAL_IMAGE
442789.348 TIMER[2] BLOCK.RECORDING_SEQUENCE.TIMER[2]
442799.624 DISPLAY_SCREEN[1] BLOCK.RECORDING_SEQUENCE.DISPLAY_SCREEN[1] (BEGIN) 
442814.228 DISPLAY_SCREEN[1] BLOCK.RECORDING_SEQUENCE.DISPLAY_SCREEN[1]
445314.310 TIMER[1] BLOCK.RECORDING_SEQUENCE.TIMER[1]
445314.484 SET_BUTTON_PRESS BLOCK.RECORDING_SEQUENCE.SET_BUTTON_PRESS
445314.672 ADD_TO_RESULTS_FILE[1] BLOCK.RECORDING_SEQUENCE.ADD_TO_RESULTS_FILE[1]
445314.736 SetValueAction 
445323.530 TRIAL_IMAGE BLOCK.RECORDING_SEQUENCE.TRIAL_IMAGE (BEGIN) 
445330.725 TRIAL_IMAGE BLOCK.RECORDING_SEQUENCE.TRIAL_IMAGE
445805.788 TIMER[2] BLOCK.RECORDING_SEQUENCE.TIMER[2]
445815.617 DISPLAY_SCREEN[1] BLOCK.RECORDING_SEQUENCE.DISPLAY_SCREEN[1] (BEGIN) 
445830.699 DISPLAY_SCREEN[1] BLOCK.RECORDING_SEQUENCE.DISPLAY_SCREEN[1]
448330.695 TIMER[1] BLOCK.RECORDING_SEQUENCE.TIMER[1]
448330.859 SET_BUTTON_PRESS BLOCK.RECORDING_SEQUENCE.SET_BUTTON_PRESS
448331.035 ADD_TO_RESULTS_FILE[1] BLOCK.RECORDING_SEQUENCE.ADD_TO_RESULTS_FILE[1]
448331.096 SetValueAction 
448332.304 TRIAL_IMAGE BLOCK.RECORDING_SEQUENCE.TRIAL_IMAGE (BEGIN) 
448347.213 TRIAL_IMAGE BLOCK.RECORDING_SEQUENCE.TRIAL_IMAGE
448822.379 TIMER[2] BLOCK.RECORDING_SEQUENCE.TIMER[2]
448832.616 DISPLAY_SCREEN[1] BLOCK.RECORDING_SEQUENCE.DISPLAY_SCREEN[1] (BEGIN) 
448847.191 DISPLAY_SCREEN[1] BLOCK.RECORDING_SEQUENCE.DISPLAY_SCREEN[1]
451347.265 TIMER[1] BLOCK.RECORDING_SEQUENCE.TIMER[1]
451347.436 SET_BUTTON_PRESS BLOCK.RECORDING_SEQUENCE.SET_BUTTON_PRESS
451347.618 ADD_TO_RESULTS_FILE[1] BLOCK.RECORDING_SEQUENCE.ADD_TO_RESULTS_FILE[1]
451347.680 SetValueAction 
451348.936 TRIAL_IMAGE BLOCK.RECORDING_SEQUENCE.TRIAL_IMAGE (BEGIN) 
451363.696 TRIAL_IMAGE BLOCK.RECORDING_SEQUENCE.TRIAL_IMAGE
451838.790 TIMER[2] BLOCK.RECORDING_SEQUENCE.TIMER[2]
451848.617 DISPLAY_SCREEN[1] BLOCK.RECORDING_SEQUENCE.DISPLAY_SCREEN[1] (BEGIN) 
451863.666 DISPLAY_SCREEN[1] BLOCK.RECORDING_SEQUENCE.DISPLAY_SCREEN[1]
454363.742 TIMER[1] BLOCK.RECORDING_SEQUENCE.TIMER[1]
454363.908 SET_BUTTON_PRESS BLOCK.RECORDING_SEQUENCE.SET_BUTTON_PRESS
454364.085 ADD_TO_RESULTS_FILE[1] BLOCK.RECORDING_SEQUENCE.ADD_TO_RESULTS_FILE[1]
454364.146 SetValueAction 
454372.774 TRIAL_IMAGE BLOCK.RECORDING_SEQUENCE.TRIAL_IMAGE (BEGIN) 
454380.176 TRIAL_IMAGE BLOCK.RECORDING_SEQUENCE.TRIAL_IMAGE
454855.308 TIMER[2] BLOCK.RECORDING_SEQUENCE.TIMER[2]
454865.616 DISPLAY_SCREEN[1] BLOCK.RECORDING_SEQUENCE.DISPLAY_SCREEN[1] (BEGIN) 
454880.146 DISPLAY_SCREEN[1] BLOCK.RECORDING_SEQUENCE.DISPLAY_SCREEN[1]
457380.172 TIMER[1] BLOCK.RECORDING_SEQUENCE.TIMER[1]
457380.358 SET_BUTTON_PRESS BLOCK.RECORDING_SEQUENCE.SET_BUTTON_PRESS
457380.536 ADD_TO_RESULTS_FILE[1] BLOCK.RECORDING_SEQUENCE.ADD_TO_RESULTS_FILE[1]
457380.598 SetValueAction 
457381.811 TRIAL_IMAGE BLOCK.RECORDING_SEQUENCE.TRIAL_IMAGE (BEGIN) 
457396.660 TRIAL_IMAGE BLOCK.RECORDING_SEQUENCE.TRIAL_IMAGE
457871.740 TIMER[2] BLOCK.RECORDING_SEQUENCE.TIMER[2]
457881.616 DISPLAY_SCREEN[1] BLOCK.RECORDING_SEQUENCE.DISPLAY_SCREEN[1] (BEGIN) 
457896.623 DISPLAY_SCREEN[1] BLOCK.RECORDING_SEQUENCE.DISPLAY_SCREEN[1]
460396.696 TIMER[1] BLOCK.RECORDING_SEQUENCE.TIMER[1]
460396.862 SET_BUTTON_PRESS BLOCK.RECORDING_SEQUENCE.SET_BUTTON_PRESS
460397.040 ADD_TO_RESULTS_FILE[1] BLOCK.RECORDING_SEQUENCE.ADD_TO_RESULTS_FILE[1]
460397.101 SetValueAction 
460417.799 TRIAL_IMAGE BLOCK.RECORDING_SEQUENCE.TRIAL_IMAGE (BEGIN) 
460429.810 TRIAL_IMAGE BLOCK.RECORDING_SEQUENCE.TRIAL_IMAGE
460904.884 TIMER[2] BLOCK.RECORDING_SEQUENCE.TIMER[2]
460914.616 DISPLAY_SCREEN[1] BLOCK.RECORDING_SEQUENCE.DISPLAY_SCREEN[1] (BEGIN) 
460929.769 DISPLAY_SCREEN[1] BLOCK.RECORDING_SEQUENCE.DISPLAY_SCREEN[1]
463429.821 TIMER[1] BLOCK.RECORDING_SEQUENCE.TIMER[1]
463429.992 SET_BUTTON_PRESS BLOCK.RECORDING_SEQUENCE.SET_BUTTON_PRESS
463430.173 ADD_TO_RESULTS_FILE[1] BLOCK.RECORDING_SEQUENCE.ADD_TO_RESULTS_FILE[1]
463430.235 SetValueAction 
463431.470 TRIAL_IMAGE BLOCK.RECORDING_SEQUENCE.TRIAL_IMAGE (BEGIN) 
463446.289 TRIAL_IMAGE BLOCK.RECORDING_SEQUENCE.TRIAL_IMAGE
463921.414 TIMER[2] BLOCK.RECORDING_SEQUENCE.TIMER[2]
463931.615 DISPLAY_SCREEN[1] BLOCK.RECORDING_SEQUENCE.DISPLAY_SCREEN[1] (BEGIN) 
463946.249 DISPLAY_SCREEN[1] BLOCK.RECORDING_SEQUENCE.DISPLAY_SCREEN[1]
466446.277 TIMER[1] BLOCK.RECORDING_SEQUENCE.TIMER[1]
466446.514 SET_BUTTON_PRESS BLOCK.RECORDING_SEQUENCE.SET_BUTTON_PRESS
466446.739 ADD_TO_RESULTS_FILE[1] BLOCK.RECORDING_SEQUENCE.ADD_TO_RESULTS_FILE[1]
466446.801 SetValueAction 
466448.059 TRIAL_IMAGE BLOCK.RECORDING_SEQUENCE.TRIAL_IMAGE (BEGIN) 
466462.778 TRIAL_IMAGE BLOCK.RECORDING_SEQUENCE.TRIAL_IMAGE
466937.871 TIMER[2] BLOCK.RECORDING_SEQUENCE.TIMER[2]
466947.620 DISPLAY_SCREEN[1] BLOCK.RECORDING_SEQUENCE.DISPLAY_SCREEN[1] (BEGIN) 
466962.745 DISPLAY_SCREEN[1] BLOCK.RECORDING_SEQUENCE.DISPLAY_SCREEN[1]
469462.787 TIMER[1] BLOCK.RECORDING_SEQUENCE.TIMER[1]
469462.975 SET_BUTTON_PRESS BLOCK.RECORDING_SEQUENCE.SET_BUTTON_PRESS
469463.156 ADD_TO_RESULTS_FILE[1] BLOCK.RECORDING_SEQUENCE.ADD_TO_RESULTS_FILE[1]
469463.217 SetValueAction 
469464.460 TRIAL_IMAGE BLOCK.RECORDING_SEQUENCE.TRIAL_IMAGE (BEGIN) 
469479.248 TRIAL_IMAGE BLOCK.RECORDING_SEQUENCE.TRIAL_IMAGE
469954.368 TIMER[2] BLOCK.RECORDING_SEQUENCE.TIMER[2]
469964.620 DISPLAY_SCREEN[1] BLOCK.RECORDING_SEQUENCE.DISPLAY_SCREEN[1] (BEGIN) 
469979.226 DISPLAY_SCREEN[1] BLOCK.RECORDING_SEQUENCE.DISPLAY_SCREEN[1]
472479.232 TIMER[1] BLOCK.RECORDING_SEQUENCE.TIMER[1]
472479.403 SET_BUTTON_PRESS BLOCK.RECORDING_SEQUENCE.SET_BUTTON_PRESS
472479.585 ADD_TO_RESULTS_FILE[1] BLOCK.RECORDING_SEQUENCE.ADD_TO_RESULTS_FILE[1]
472479.647 SetValueAction 
472480.846 TRIAL_IMAGE BLOCK.RECORDING_SEQUENCE.TRIAL_IMAGE (BEGIN) 
472495.741 TRIAL_IMAGE BLOCK.RECORDING_SEQUENCE.TRIAL_IMAGE
472970.880 TIMER[2] BLOCK.RECORDING_SEQUENCE.TIMER[2]
472980.620 DISPLAY_SCREEN[1] BLOCK.RECORDING_SEQUENCE.DISPLAY_SCREEN[1] (BEGIN) 
472995.701 DISPLAY_SCREEN[1] BLOCK.RECORDING_SEQUENCE.DISPLAY_SCREEN[1]
475495.728 TIMER[1] BLOCK.RECORDING_SEQUENCE.TIMER[1]
475495.921 SET_BUTTON_PRESS BLOCK.RECORDING_SEQUENCE.SET_BUTTON_PRESS
475496.103 ADD_TO_RESULTS_FILE[1] BLOCK.RECORDING_SEQUENCE.ADD_TO_RESULTS_FILE[1]
475496.165 SetValueAction 
475519.327 TRIAL_IMAGE BLOCK.RECORDING_SEQUENCE.TRIAL_IMAGE (BEGIN) 
475528.879 TRIAL_IMAGE BLOCK.RECORDING_SEQUENCE.TRIAL_IMAGE
476004.034 TIMER[2] BLOCK.RECORDING_SEQUENCE.TIMER[2]
476013.616 DISPLAY_SCREEN[1] BLOCK.RECORDING_SEQUENCE.DISPLAY_SCREEN[1] (BEGIN) 
476028.841 DISPLAY_SCREEN[1] BLOCK.RECORDING_SEQUENCE.DISPLAY_SCREEN[1]
478528.920 TIMER[1] BLOCK.RECORDING_SEQUENCE.TIMER[1]
478529.093 SET_BUTTON_PRESS BLOCK.RECORDING_SEQUENCE.SET_BUTTON_PRESS
478529.274 ADD_TO_RESULTS_FILE[1] BLOCK.RECORDING_SEQUENCE.ADD_TO_RESULTS_FILE[1]
478529.337 SetValueAction 
478530.538 TRIAL_IMAGE BLOCK.RECORDING_SEQUENCE.TRIAL_IMAGE (BEGIN) 
478545.356 TRIAL_IMAGE BLOCK.RECORDING_SEQUENCE.TRIAL_IMAGE
479020.425 TIMER[2] BLOCK.RECORDING_SEQUENCE.TIMER[2]
479030.614 DISPLAY_SCREEN[1] BLOCK.RECORDING_SEQUENCE.DISPLAY_SCREEN[1] (BEGIN) 
479045.337 DISPLAY_SCREEN[1] BLOCK.RECORDING_SEQUENCE.DISPLAY_SCREEN[1]
481545.387 TIMER[1] BLOCK.RECORDING_SEQUENCE.TIMER[1]
481545.551 SET_BUTTON_PRESS BLOCK.RECORDING_SEQUENCE.SET_BUTTON_PRESS
481545.728 ADD_TO_RESULTS_FILE[1] BLOCK.RECORDING_SEQUENCE.ADD_TO_RESULTS_FILE[1]
481545.790 SetValueAction 
481546.982 TRIAL_IMAGE BLOCK.RECORDING_SEQUENCE.TRIAL_IMAGE (BEGIN) 
481561.846 TRIAL_IMAGE BLOCK.RECORDING_SEQUENCE.TRIAL_IMAGE
482036.954 TIMER[2] BLOCK.RECORDING_SEQUENCE.TIMER[2]
482046.615 DISPLAY_SCREEN[1] BLOCK.RECORDING_SEQUENCE.DISPLAY_SCREEN[1] (BEGIN) 
482061.812 DISPLAY_SCREEN[1] BLOCK.RECORDING_SEQUENCE.DISPLAY_SCREEN[1]
484561.873 TIMER[1] BLOCK.RECORDING_SEQUENCE.TIMER[1]
484562.057 SET_BUTTON_PRESS BLOCK.RECORDING_SEQUENCE.SET_BUTTON_PRESS
484562.251 ADD_TO_RESULTS_FILE[1] BLOCK.RECORDING_SEQUENCE.ADD_TO_RESULTS_FILE[1]
484562.333 SetValueAction 
484579.630 TRIAL_IMAGE BLOCK.RECORDING_SEQUENCE.TRIAL_IMAGE (BEGIN) 
484595.008 TRIAL_IMAGE BLOCK.RECORDING_SEQUENCE.TRIAL_IMAGE
485070.084 TIMER[2] BLOCK.RECORDING_SEQUENCE.TIMER[2]
485079.616 DISPLAY_SCREEN[1] BLOCK.RECORDING_SEQUENCE.DISPLAY_SCREEN[1] (BEGIN) 
485094.962 DISPLAY_SCREEN[1] BLOCK.RECORDING_SEQUENCE.DISPLAY_SCREEN[1]
487594.962 TIMER[1] BLOCK.RECORDING_SEQUENCE.TIMER[1]
487595.149 SET_BUTTON_PRESS BLOCK.RECORDING_SEQUENCE.SET_BUTTON_PRESS
487595.334 ADD_TO_RESULTS_FILE[1] BLOCK.RECORDING_SEQUENCE.ADD_TO_RESULTS_FILE[1]
487595.404 SetValueAction 
487596.626 TRIAL_IMAGE BLOCK.RECORDING_SEQUENCE.TRIAL_IMAGE (BEGIN) 
487611.478 TRIAL_IMAGE BLOCK.RECORDING_SEQUENCE.TRIAL_IMAGE
488086.543 TIMER[2] BLOCK.RECORDING_SEQUENCE.TIMER[2]
488096.618 DISPLAY_SCREEN[1] BLOCK.RECORDING_SEQUENCE.DISPLAY_SCREEN[1] (BEGIN) 
488111.450 DISPLAY_SCREEN[1] BLOCK.RECORDING_SEQUENCE.DISPLAY_SCREEN[1]
490611.455 TIMER[1] BLOCK.RECORDING_SEQUENCE.TIMER[1]
490611.631 SET_BUTTON_PRESS BLOCK.RECORDING_SEQUENCE.SET_BUTTON_PRESS
490611.808 ADD_TO_RESULTS_FILE[1] BLOCK.RECORDING_SEQUENCE.ADD_TO_RESULTS_FILE[1]
490611.869 SetValueAction 
490620.288 TRIAL_IMAGE BLOCK.RECORDING_SEQUENCE.TRIAL_IMAGE (BEGIN) 
490627.942 TRIAL_IMAGE BLOCK.RECORDING_SEQUENCE.TRIAL_IMAGE
491103.039 TIMER[2] BLOCK.RECORDING_SEQUENCE.TIMER[2]
491112.623 DISPLAY_SCREEN[1] BLOCK.RECORDING_SEQUENCE.DISPLAY_SCREEN[1] (BEGIN) 
491127.942 DISPLAY_SCREEN[1] BLOCK.RECORDING_SEQUENCE.DISPLAY_SCREEN[1]
493627.959 TIMER[1] BLOCK.RECORDING_SEQUENCE.TIMER[1]
493628.153 SET_BUTTON_PRESS BLOCK.RECORDING_SEQUENCE.SET_BUTTON_PRESS
493628.335 ADD_TO_RESULTS_FILE[1] BLOCK.RECORDING_SEQUENCE.ADD_TO_RESULTS_FILE[1]
493628.420 SetValueAction 
493629.639 TRIAL_IMAGE BLOCK.RECORDING_SEQUENCE.TRIAL_IMAGE (BEGIN) 
493644.441 TRIAL_IMAGE BLOCK.RECORDING_SEQUENCE.TRIAL_IMAGE
494119.613 TIMER[2] BLOCK.RECORDING_SEQUENCE.TIMER[2]
494129.619 DISPLAY_SCREEN[1] BLOCK.RECORDING_SEQUENCE.DISPLAY_SCREEN[1] (BEGIN) 
494144.404 DISPLAY_SCREEN[1] BLOCK.RECORDING_SEQUENCE.DISPLAY_SCREEN[1]
496644.410 TIMER[1] BLOCK.RECORDING_SEQUENCE.TIMER[1]
496644.578 SET_BUTTON_PRESS BLOCK.RECORDING_SEQUENCE.SET_BUTTON_PRESS
496644.756 ADD_TO_RESULTS_FILE[1] BLOCK.RECORDING_SEQUENCE.ADD_TO_RESULTS_FILE[1]
496644.817 SetValueAction 
496646.068 TRIAL_IMAGE BLOCK.RECORDING_SEQUENCE.TRIAL_IMAGE (BEGIN) 
496660.915 TRIAL_IMAGE BLOCK.RECORDING_SEQUENCE.TRIAL_IMAGE
497136.038 TIMER[2] BLOCK.RECORDING_SEQUENCE.TIMER[2]
497145.616 DISPLAY_SCREEN[1] BLOCK.RECORDING_SEQUENCE.DISPLAY_SCREEN[1] (BEGIN) 
497160.889 DISPLAY_SCREEN[1] BLOCK.RECORDING_SEQUENCE.DISPLAY_SCREEN[1]
499660.889 TIMER[1] BLOCK.RECORDING_SEQUENCE.TIMER[1]
499661.064 SET_BUTTON_PRESS BLOCK.RECORDING_SEQUENCE.SET_BUTTON_PRESS
499661.250 ADD_TO_RESULTS_FILE[1] BLOCK.RECORDING_SEQUENCE.ADD_TO_RESULTS_FILE[1]
499661.314 SetValueAction 
499662.538 TRIAL_IMAGE BLOCK.RECORDING_SEQUENCE.TRIAL_IMAGE (BEGIN) 
499677.402 TRIAL_IMAGE BLOCK.RECORDING_SEQUENCE.TRIAL_IMAGE
500152.550 TIMER[2] BLOCK.RECORDING_SEQUENCE.TIMER[2]
500162.618 DISPLAY_SCREEN[1] BLOCK.RECORDING_SEQUENCE.DISPLAY_SCREEN[1] (BEGIN) 
500177.373 DISPLAY_SCREEN[1] BLOCK.RECORDING_SEQUENCE.DISPLAY_SCREEN[1]
502677.459 TIMER[1] BLOCK.RECORDING_SEQUENCE.TIMER[1]
502677.627 SET_BUTTON_PRESS BLOCK.RECORDING_SEQUENCE.SET_BUTTON_PRESS
502677.804 ADD_TO_RESULTS_FILE[1] BLOCK.RECORDING_SEQUENCE.ADD_TO_RESULTS_FILE[1]
502677.866 SetValueAction 
502686.661 TRIAL_IMAGE BLOCK.RECORDING_SEQUENCE.TRIAL_IMAGE (BEGIN) 
502693.873 TRIAL_IMAGE BLOCK.RECORDING_SEQUENCE.TRIAL_IMAGE
503169.010 TIMER[2] BLOCK.RECORDING_SEQUENCE.TIMER[2]
503178.621 DISPLAY_SCREEN[1] BLOCK.RECORDING_SEQUENCE.DISPLAY_SCREEN[1] (BEGIN) 
503193.850 DISPLAY_SCREEN[1] BLOCK.RECORDING_SEQUENCE.DISPLAY_SCREEN[1]
505693.945 TIMER[1] BLOCK.RECORDING_SEQUENCE.TIMER[1]
505694.118 SET_BUTTON_PRESS BLOCK.RECORDING_SEQUENCE.SET_BUTTON_PRESS
505694.305 ADD_TO_RESULTS_FILE[1] BLOCK.RECORDING_SEQUENCE.ADD_TO_RESULTS_FILE[1]
505694.370 SetValueAction 
505703.447 TRIAL_IMAGE BLOCK.RECORDING_SEQUENCE.TRIAL_IMAGE (BEGIN) 
505710.360 TRIAL_IMAGE BLOCK.RECORDING_SEQUENCE.TRIAL_IMAGE
506185.497 TIMER[2] BLOCK.RECORDING_SEQUENCE.TIMER[2]
506195.617 DISPLAY_SCREEN[1] BLOCK.RECORDING_SEQUENCE.DISPLAY_SCREEN[1] (BEGIN) 
506210.325 DISPLAY_SCREEN[1] BLOCK.RECORDING_SEQUENCE.DISPLAY_SCREEN[1]
508710.422 TIMER[1] BLOCK.RECORDING_SEQUENCE.TIMER[1]
508710.605 SET_BUTTON_PRESS BLOCK.RECORDING_SEQUENCE.SET_BUTTON_PRESS
508710.789 ADD_TO_RESULTS_FILE[1] BLOCK.RECORDING_SEQUENCE.ADD_TO_RESULTS_FILE[1]
508710.852 SetValueAction 
508712.090 TRIAL_IMAGE BLOCK.RECORDING_SEQUENCE.TRIAL_IMAGE (BEGIN) 
508726.849 TRIAL_IMAGE BLOCK.RECORDING_SEQUENCE.TRIAL_IMAGE
509201.942 TIMER[2] BLOCK.RECORDING_SEQUENCE.TIMER[2]
509211.617 DISPLAY_SCREEN[1] BLOCK.RECORDING_SEQUENCE.DISPLAY_SCREEN[1] (BEGIN) 
509226.815 DISPLAY_SCREEN[1] BLOCK.RECORDING_SEQUENCE.DISPLAY_SCREEN[1]
511726.850 TIMER[1] BLOCK.RECORDING_SEQUENCE.TIMER[1]
511727.045 SET_BUTTON_PRESS BLOCK.RECORDING_SEQUENCE.SET_BUTTON_PRESS
511727.232 ADD_TO_RESULTS_FILE[1] BLOCK.RECORDING_SEQUENCE.ADD_TO_RESULTS_FILE[1]
511727.297 SetValueAction 
511728.565 TRIAL_IMAGE BLOCK.RECORDING_SEQUENCE.TRIAL_IMAGE (BEGIN) 
511743.329 TRIAL_IMAGE BLOCK.RECORDING_SEQUENCE.TRIAL_IMAGE
512218.456 TIMER[2] BLOCK.RECORDING_SEQUENCE.TIMER[2]
512228.617 DISPLAY_SCREEN[1] BLOCK.RECORDING_SEQUENCE.DISPLAY_SCREEN[1] (BEGIN) 
512243.319 DISPLAY_SCREEN[1] BLOCK.RECORDING_SEQUENCE.DISPLAY_SCREEN[1]
514743.326 TIMER[1] BLOCK.RECORDING_SEQUENCE.TIMER[1]
514743.507 SET_BUTTON_PRESS BLOCK.RECORDING_SEQUENCE.SET_BUTTON_PRESS
514743.685 ADD_TO_RESULTS_FILE[1] BLOCK.RECORDING_SEQUENCE.ADD_TO_RESULTS_FILE[1]
514743.746 SetValueAction 
514774.282 TRIAL_IMAGE BLOCK.RECORDING_SEQUENCE.TRIAL_IMAGE (BEGIN) 
514776.468 TRIAL_IMAGE BLOCK.RECORDING_SEQUENCE.TRIAL_IMAGE
515251.610 TIMER[2] BLOCK.RECORDING_SEQUENCE.TIMER[2]
515261.615 DISPLAY_SCREEN[1] BLOCK.RECORDING_SEQUENCE.DISPLAY_SCREEN[1] (BEGIN) 
515276.439 DISPLAY_SCREEN[1] BLOCK.RECORDING_SEQUENCE.DISPLAY_SCREEN[1]
517776.539 TIMER[1] BLOCK.RECORDING_SEQUENCE.TIMER[1]
517776.707 SET_BUTTON_PRESS BLOCK.RECORDING_SEQUENCE.SET_BUTTON_PRESS
517776.883 ADD_TO_RESULTS_FILE[1] BLOCK.RECORDING_SEQUENCE.ADD_TO_RESULTS_FILE[1]
517776.945 SetValueAction 
517778.127 TRIAL_IMAGE BLOCK.RECORDING_SEQUENCE.TRIAL_IMAGE (BEGIN) 
517792.945 TRIAL_IMAGE BLOCK.RECORDING_SEQUENCE.TRIAL_IMAGE
518268.045 TIMER[2] BLOCK.RECORDING_SEQUENCE.TIMER[2]
518277.616 DISPLAY_SCREEN[1] BLOCK.RECORDING_SEQUENCE.DISPLAY_SCREEN[1] (BEGIN) 
518292.922 DISPLAY_SCREEN[1] BLOCK.RECORDING_SEQUENCE.DISPLAY_SCREEN[1]
520792.952 TIMER[1] BLOCK.RECORDING_SEQUENCE.TIMER[1]
520793.117 SET_BUTTON_PRESS BLOCK.RECORDING_SEQUENCE.SET_BUTTON_PRESS
520793.296 ADD_TO_RESULTS_FILE[1] BLOCK.RECORDING_SEQUENCE.ADD_TO_RESULTS_FILE[1]
520793.358 SetValueAction 
520794.591 TRIAL_IMAGE BLOCK.RECORDING_SEQUENCE.TRIAL_IMAGE (BEGIN) 
520809.456 TRIAL_IMAGE BLOCK.RECORDING_SEQUENCE.TRIAL_IMAGE
521284.573 TIMER[2] BLOCK.RECORDING_SEQUENCE.TIMER[2]
521294.621 DISPLAY_SCREEN[1] BLOCK.RECORDING_SEQUENCE.DISPLAY_SCREEN[1] (BEGIN) 
521309.409 DISPLAY_SCREEN[1] BLOCK.RECORDING_SEQUENCE.DISPLAY_SCREEN[1]
523809.473 TIMER[1] BLOCK.RECORDING_SEQUENCE.TIMER[1]
523809.643 SET_BUTTON_PRESS BLOCK.RECORDING_SEQUENCE.SET_BUTTON_PRESS
523809.824 ADD_TO_RESULTS_FILE[1] BLOCK.RECORDING_SEQUENCE.ADD_TO_RESULTS_FILE[1]
523809.887 SetValueAction 
523811.123 TRIAL_IMAGE BLOCK.RECORDING_SEQUENCE.TRIAL_IMAGE (BEGIN) 
523825.913 TRIAL_IMAGE BLOCK.RECORDING_SEQUENCE.TRIAL_IMAGE
524301.046 TIMER[2] BLOCK.RECORDING_SEQUENCE.TIMER[2]
524310.616 DISPLAY_SCREEN[1] BLOCK.RECORDING_SEQUENCE.DISPLAY_SCREEN[1] (BEGIN) 
524325.889 DISPLAY_SCREEN[1] BLOCK.RECORDING_SEQUENCE.DISPLAY_SCREEN[1]
526825.965 TIMER[1] BLOCK.RECORDING_SEQUENCE.TIMER[1]
526826.131 SET_BUTTON_PRESS BLOCK.RECORDING_SEQUENCE.SET_BUTTON_PRESS
526826.309 ADD_TO_RESULTS_FILE[1] BLOCK.RECORDING_SEQUENCE.ADD_TO_RESULTS_FILE[1]
526826.371 SetValueAction 
526844.792 TRIAL_IMAGE BLOCK.RECORDING_SEQUENCE.TRIAL_IMAGE (BEGIN) 
526859.056 TRIAL_IMAGE BLOCK.RECORDING_SEQUENCE.TRIAL_IMAGE
527334.200 TIMER[2] BLOCK.RECORDING_SEQUENCE.TIMER[2]
527343.618 DISPLAY_SCREEN[1] BLOCK.RECORDING_SEQUENCE.DISPLAY_SCREEN[1] (BEGIN) 
527359.036 DISPLAY_SCREEN[1] BLOCK.RECORDING_SEQUENCE.DISPLAY_SCREEN[1]
529859.110 TIMER[1] BLOCK.RECORDING_SEQUENCE.TIMER[1]
529859.275 SET_BUTTON_PRESS BLOCK.RECORDING_SEQUENCE.SET_BUTTON_PRESS
529859.461 ADD_TO_RESULTS_FILE[1] BLOCK.RECORDING_SEQUENCE.ADD_TO_RESULTS_FILE[1]
529859.538 SetValueAction 
529860.735 TRIAL_IMAGE BLOCK.RECORDING_SEQUENCE.TRIAL_IMAGE (BEGIN) 
529875.538 TRIAL_IMAGE BLOCK.RECORDING_SEQUENCE.TRIAL_IMAGE
530350.658 TIMER[2] BLOCK.RECORDING_SEQUENCE.TIMER[2]
530360.615 DISPLAY_SCREEN[1] BLOCK.RECORDING_SEQUENCE.DISPLAY_SCREEN[1] (BEGIN) 
530375.515 DISPLAY_SCREEN[1] BLOCK.RECORDING_SEQUENCE.DISPLAY_SCREEN[1]
532875.602 TIMER[1] BLOCK.RECORDING_SEQUENCE.TIMER[1]
532875.769 SET_BUTTON_PRESS BLOCK.RECORDING_SEQUENCE.SET_BUTTON_PRESS
532875.947 ADD_TO_RESULTS_FILE[1] BLOCK.RECORDING_SEQUENCE.ADD_TO_RESULTS_FILE[1]
532876.008 SetValueAction 
532877.270 TRIAL_IMAGE BLOCK.RECORDING_SEQUENCE.TRIAL_IMAGE (BEGIN) 
532892.029 TRIAL_IMAGE BLOCK.RECORDING_SEQUENCE.TRIAL_IMAGE
533367.101 TIMER[2] BLOCK.RECORDING_SEQUENCE.TIMER[2]
533376.616 DISPLAY_SCREEN[1] BLOCK.RECORDING_SEQUENCE.DISPLAY_SCREEN[1] (BEGIN) 
533391.988 DISPLAY_SCREEN[1] BLOCK.RECORDING_SEQUENCE.DISPLAY_SCREEN[1]
535891.992 TIMER[1] BLOCK.RECORDING_SEQUENCE.TIMER[1]
535892.159 SET_BUTTON_PRESS BLOCK.RECORDING_SEQUENCE.SET_BUTTON_PRESS
535892.339 ADD_TO_RESULTS_FILE[1] BLOCK.RECORDING_SEQUENCE.ADD_TO_RESULTS_FILE[1]
535892.402 SetValueAction 
535911.413 TRIAL_IMAGE BLOCK.RECORDING_SEQUENCE.TRIAL_IMAGE (BEGIN) 
535925.174 TRIAL_IMAGE BLOCK.RECORDING_SEQUENCE.TRIAL_IMAGE
536400.335 TIMER[2] BLOCK.RECORDING_SEQUENCE.TIMER[2]
536410.616 DISPLAY_SCREEN[1] BLOCK.RECORDING_SEQUENCE.DISPLAY_SCREEN[1] (BEGIN) 
536425.146 DISPLAY_SCREEN[1] BLOCK.RECORDING_SEQUENCE.DISPLAY_SCREEN[1]
538925.148 TIMER[1] BLOCK.RECORDING_SEQUENCE.TIMER[1]
538925.317 SET_BUTTON_PRESS BLOCK.RECORDING_SEQUENCE.SET_BUTTON_PRESS
538925.512 ADD_TO_RESULTS_FILE[1] BLOCK.RECORDING_SEQUENCE.ADD_TO_RESULTS_FILE[1]
538925.575 SetValueAction 
538926.749 TRIAL_IMAGE BLOCK.RECORDING_SEQUENCE.TRIAL_IMAGE (BEGIN) 
538941.656 TRIAL_IMAGE BLOCK.RECORDING_SEQUENCE.TRIAL_IMAGE
539416.755 TIMER[2] BLOCK.RECORDING_SEQUENCE.TIMER[2]
539426.616 DISPLAY_SCREEN[1] BLOCK.RECORDING_SEQUENCE.DISPLAY_SCREEN[1] (BEGIN) 
539441.659 DISPLAY_SCREEN[1] BLOCK.RECORDING_SEQUENCE.DISPLAY_SCREEN[1]
541941.627 TIMER[1] BLOCK.RECORDING_SEQUENCE.TIMER[1]
541941.800 SET_BUTTON_PRESS BLOCK.RECORDING_SEQUENCE.SET_BUTTON_PRESS
541941.983 ADD_TO_RESULTS_FILE[1] BLOCK.RECORDING_SEQUENCE.ADD_TO_RESULTS_FILE[1]
541942.046 SetValueAction 
541943.296 TRIAL_IMAGE BLOCK.RECORDING_SEQUENCE.TRIAL_IMAGE (BEGIN) 
541958.144 TRIAL_IMAGE BLOCK.RECORDING_SEQUENCE.TRIAL_IMAGE
542433.296 TIMER[2] BLOCK.RECORDING_SEQUENCE.TIMER[2]
542443.628 DISPLAY_SCREEN[1] BLOCK.RECORDING_SEQUENCE.DISPLAY_SCREEN[1] (BEGIN) 
542458.105 DISPLAY_SCREEN[1] BLOCK.RECORDING_SEQUENCE.DISPLAY_SCREEN[1]
544958.188 TIMER[1] BLOCK.RECORDING_SEQUENCE.TIMER[1]
544958.362 SET_BUTTON_PRESS BLOCK.RECORDING_SEQUENCE.SET_BUTTON_PRESS
544958.562 ADD_TO_RESULTS_FILE[1] BLOCK.RECORDING_SEQUENCE.ADD_TO_RESULTS_FILE[1]
544958.627 SetValueAction 
544959.857 TRIAL_IMAGE BLOCK.RECORDING_SEQUENCE.TRIAL_IMAGE (BEGIN) 
544974.614 TRIAL_IMAGE BLOCK.RECORDING_SEQUENCE.TRIAL_IMAGE
545449.712 TIMER[2] BLOCK.RECORDING_SEQUENCE.TIMER[2]
545459.620 DISPLAY_SCREEN[1] BLOCK.RECORDING_SEQUENCE.DISPLAY_SCREEN[1] (BEGIN) 
545474.582 DISPLAY_SCREEN[1] BLOCK.RECORDING_SEQUENCE.DISPLAY_SCREEN[1]
547974.613 TIMER[1] BLOCK.RECORDING_SEQUENCE.TIMER[1]
547974.787 SET_BUTTON_PRESS BLOCK.RECORDING_SEQUENCE.SET_BUTTON_PRESS
547974.974 ADD_TO_RESULTS_FILE[1] BLOCK.RECORDING_SEQUENCE.ADD_TO_RESULTS_FILE[1]
547975.038 SetValueAction 
547976.239 TRIAL_IMAGE BLOCK.RECORDING_SEQUENCE.TRIAL_IMAGE (BEGIN) 
547991.106 TRIAL_IMAGE BLOCK.RECORDING_SEQUENCE.TRIAL_IMAGE
548466.194 TIMER[2] BLOCK.RECORDING_SEQUENCE.TIMER[2]
548476.617 DISPLAY_SCREEN[1] BLOCK.RECORDING_SEQUENCE.DISPLAY_SCREEN[1] (BEGIN) 
548491.074 DISPLAY_SCREEN[1] BLOCK.RECORDING_SEQUENCE.DISPLAY_SCREEN[1]
550991.090 TIMER[1] BLOCK.RECORDING_SEQUENCE.TIMER[1]
550991.260 SET_BUTTON_PRESS BLOCK.RECORDING_SEQUENCE.SET_BUTTON_PRESS
550991.444 ADD_TO_RESULTS_FILE[1] BLOCK.RECORDING_SEQUENCE.ADD_TO_RESULTS_FILE[1]
550991.507 SetValueAction 
550992.741 TRIAL_IMAGE BLOCK.RECORDING_SEQUENCE.TRIAL_IMAGE (BEGIN) 
551007.573 TRIAL_IMAGE BLOCK.RECORDING_SEQUENCE.TRIAL_IMAGE
551482.678 TIMER[2] BLOCK.RECORDING_SEQUENCE.TIMER[2]
551492.617 DISPLAY_SCREEN[1] BLOCK.RECORDING_SEQUENCE.DISPLAY_SCREEN[1] (BEGIN) 
551507.562 DISPLAY_SCREEN[1] BLOCK.RECORDING_SEQUENCE.DISPLAY_SCREEN[1]
554007.561 TIMER[1] BLOCK.RECORDING_SEQUENCE.TIMER[1]
554007.750 SET_BUTTON_PRESS BLOCK.RECORDING_SEQUENCE.SET_BUTTON_PRESS
554007.929 ADD_TO_RESULTS_FILE[1] BLOCK.RECORDING_SEQUENCE.ADD_TO_RESULTS_FILE[1]
554007.991 SetValueAction 
554029.803 TRIAL_IMAGE BLOCK.RECORDING_SEQUENCE.TRIAL_IMAGE (BEGIN) 
554040.735 TRIAL_IMAGE BLOCK.RECORDING_SEQUENCE.TRIAL_IMAGE
554515.879 TIMER[2] BLOCK.RECORDING_SEQUENCE.TIMER[2]
554525.617 DISPLAY_SCREEN[1] BLOCK.RECORDING_SEQUENCE.DISPLAY_SCREEN[1] (BEGIN) 
554540.696 DISPLAY_SCREEN[1] BLOCK.RECORDING_SEQUENCE.DISPLAY_SCREEN[1]
557040.743 TIMER[1] BLOCK.RECORDING_SEQUENCE.TIMER[1]
557040.908 SET_BUTTON_PRESS BLOCK.RECORDING_SEQUENCE.SET_BUTTON_PRESS
557041.086 ADD_TO_RESULTS_FILE[1] BLOCK.RECORDING_SEQUENCE.ADD_TO_RESULTS_FILE[1]
557041.147 SetValueAction 
557042.373 TRIAL_IMAGE BLOCK.RECORDING_SEQUENCE.TRIAL_IMAGE (BEGIN) 
557057.206 TRIAL_IMAGE BLOCK.RECORDING_SEQUENCE.TRIAL_IMAGE
557532.305 TIMER[2] BLOCK.RECORDING_SEQUENCE.TIMER[2]
557542.622 DISPLAY_SCREEN[1] BLOCK.RECORDING_SEQUENCE.DISPLAY_SCREEN[1] (BEGIN) 
557557.185 DISPLAY_SCREEN[1] BLOCK.RECORDING_SEQUENCE.DISPLAY_SCREEN[1]
560057.216 TIMER[1] BLOCK.RECORDING_SEQUENCE.TIMER[1]
560057.407 SET_BUTTON_PRESS BLOCK.RECORDING_SEQUENCE.SET_BUTTON_PRESS
560057.591 ADD_TO_RESULTS_FILE[1] BLOCK.RECORDING_SEQUENCE.ADD_TO_RESULTS_FILE[1]
560057.653 SetValueAction 
560083.383 TRIAL_IMAGE BLOCK.RECORDING_SEQUENCE.TRIAL_IMAGE (BEGIN) 
560090.356 TRIAL_IMAGE BLOCK.RECORDING_SEQUENCE.TRIAL_IMAGE
560565.458 TIMER[2] BLOCK.RECORDING_SEQUENCE.TIMER[2]
560575.622 DISPLAY_SCREEN[1] BLOCK.RECORDING_SEQUENCE.DISPLAY_SCREEN[1] (BEGIN) 
560590.332 DISPLAY_SCREEN[1] BLOCK.RECORDING_SEQUENCE.DISPLAY_SCREEN[1]
563090.352 TIMER[1] BLOCK.RECORDING_SEQUENCE.TIMER[1]
563090.523 SET_BUTTON_PRESS BLOCK.RECORDING_SEQUENCE.SET_BUTTON_PRESS
563090.721 ADD_TO_RESULTS_FILE[1] BLOCK.RECORDING_SEQUENCE.ADD_TO_RESULTS_FILE[1]
563090.783 SetValueAction 
563099.307 TRIAL_IMAGE BLOCK.RECORDING_SEQUENCE.TRIAL_IMAGE (BEGIN) 
563106.848 TRIAL_IMAGE BLOCK.RECORDING_SEQUENCE.TRIAL_IMAGE
563581.990 TIMER[2] BLOCK.RECORDING_SEQUENCE.TIMER[2]
563591.623 DISPLAY_SCREEN[1] BLOCK.RECORDING_SEQUENCE.DISPLAY_SCREEN[1] (BEGIN) 
563606.812 DISPLAY_SCREEN[1] BLOCK.RECORDING_SEQUENCE.DISPLAY_SCREEN[1]
566106.834 TIMER[1] BLOCK.RECORDING_SEQUENCE.TIMER[1]
566107.001 SET_BUTTON_PRESS BLOCK.RECORDING_SEQUENCE.SET_BUTTON_PRESS
566107.181 ADD_TO_RESULTS_FILE[1] BLOCK.RECORDING_SEQUENCE.ADD_TO_RESULTS_FILE[1]
566107.243 SetValueAction 
566108.466 TRIAL_IMAGE BLOCK.RECORDING_SEQUENCE.TRIAL_IMAGE (BEGIN) 
566123.315 TRIAL_IMAGE BLOCK.RECORDING_SEQUENCE.TRIAL_IMAGE
566598.375 TIMER[2] BLOCK.RECORDING_SEQUENCE.TIMER[2]
566608.616 DISPLAY_SCREEN[1] BLOCK.RECORDING_SEQUENCE.DISPLAY_SCREEN[1] (BEGIN) 
566623.281 DISPLAY_SCREEN[1] BLOCK.RECORDING_SEQUENCE.DISPLAY_SCREEN[1]
569123.301 TIMER[1] BLOCK.RECORDING_SEQUENCE.TIMER[1]
569123.471 SET_BUTTON_PRESS BLOCK.RECORDING_SEQUENCE.SET_BUTTON_PRESS
569123.671 ADD_TO_RESULTS_FILE[1] BLOCK.RECORDING_SEQUENCE.ADD_TO_RESULTS_FILE[1]
569123.735 SetValueAction 
569124.948 TRIAL_IMAGE BLOCK.RECORDING_SEQUENCE.TRIAL_IMAGE (BEGIN) 
569139.795 TRIAL_IMAGE BLOCK.RECORDING_SEQUENCE.TRIAL_IMAGE
569614.925 TIMER[2] BLOCK.RECORDING_SEQUENCE.TIMER[2]
569624.617 DISPLAY_SCREEN[1] BLOCK.RECORDING_SEQUENCE.DISPLAY_SCREEN[1] (BEGIN) 
569639.769 DISPLAY_SCREEN[1] BLOCK.RECORDING_SEQUENCE.DISPLAY_SCREEN[1]
572139.800 TIMER[1] BLOCK.RECORDING_SEQUENCE.TIMER[1]
572139.966 SET_BUTTON_PRESS BLOCK.RECORDING_SEQUENCE.SET_BUTTON_PRESS
572140.143 ADD_TO_RESULTS_FILE[1] BLOCK.RECORDING_SEQUENCE.ADD_TO_RESULTS_FILE[1]
572140.204 SetValueAction 
572141.397 TRIAL_IMAGE BLOCK.RECORDING_SEQUENCE.TRIAL_IMAGE (BEGIN) 
572156.277 TRIAL_IMAGE BLOCK.RECORDING_SEQUENCE.TRIAL_IMAGE
572631.397 TIMER[2] BLOCK.RECORDING_SEQUENCE.TIMER[2]
572641.618 DISPLAY_SCREEN[1] BLOCK.RECORDING_SEQUENCE.DISPLAY_SCREEN[1] (BEGIN) 
572656.252 DISPLAY_SCREEN[1] BLOCK.RECORDING_SEQUENCE.DISPLAY_SCREEN[1]
575156.330 TIMER[1] BLOCK.RECORDING_SEQUENCE.TIMER[1]
575156.497 SET_BUTTON_PRESS BLOCK.RECORDING_SEQUENCE.SET_BUTTON_PRESS
575156.689 ADD_TO_RESULTS_FILE[1] BLOCK.RECORDING_SEQUENCE.ADD_TO_RESULTS_FILE[1]
575156.751 SetValueAction 
575157.918 TRIAL_IMAGE BLOCK.RECORDING_SEQUENCE.TRIAL_IMAGE (BEGIN) 
575172.771 TRIAL_IMAGE BLOCK.RECORDING_SEQUENCE.TRIAL_IMAGE
575647.874 TIMER[2] BLOCK.RECORDING_SEQUENCE.TIMER[2]
575657.631 DISPLAY_SCREEN[1] BLOCK.RECORDING_SEQUENCE.DISPLAY_SCREEN[1] (BEGIN) 
575672.731 DISPLAY_SCREEN[1] BLOCK.RECORDING_SEQUENCE.DISPLAY_SCREEN[1]
578172.780 TIMER[1] BLOCK.RECORDING_SEQUENCE.TIMER[1]
578172.947 SET_BUTTON_PRESS BLOCK.RECORDING_SEQUENCE.SET_BUTTON_PRESS
578173.124 ADD_TO_RESULTS_FILE[1] BLOCK.RECORDING_SEQUENCE.ADD_TO_RESULTS_FILE[1]
578173.185 SetValueAction 
578181.961 TRIAL_IMAGE BLOCK.RECORDING_SEQUENCE.TRIAL_IMAGE (BEGIN) 
578189.247 TRIAL_IMAGE BLOCK.RECORDING_SEQUENCE.TRIAL_IMAGE
578664.334 TIMER[2] BLOCK.RECORDING_SEQUENCE.TIMER[2]
578674.625 DISPLAY_SCREEN[1] BLOCK.RECORDING_SEQUENCE.DISPLAY_SCREEN[1] (BEGIN) 
578689.217 DISPLAY_SCREEN[1] BLOCK.RECORDING_SEQUENCE.DISPLAY_SCREEN[1]
581189.221 TIMER[1] BLOCK.RECORDING_SEQUENCE.TIMER[1]
581189.386 SET_BUTTON_PRESS BLOCK.RECORDING_SEQUENCE.SET_BUTTON_PRESS
581189.561 ADD_TO_RESULTS_FILE[1] BLOCK.RECORDING_SEQUENCE.ADD_TO_RESULTS_FILE[1]
581189.638 SetValueAction 
581190.831 TRIAL_IMAGE BLOCK.RECORDING_SEQUENCE.TRIAL_IMAGE (BEGIN) 
581205.725 TRIAL_IMAGE BLOCK.RECORDING_SEQUENCE.TRIAL_IMAGE
581680.880 TIMER[2] BLOCK.RECORDING_SEQUENCE.TIMER[2]
581690.620 DISPLAY_SCREEN[1] BLOCK.RECORDING_SEQUENCE.DISPLAY_SCREEN[1] (BEGIN) 
581705.700 DISPLAY_SCREEN[1] BLOCK.RECORDING_SEQUENCE.DISPLAY_SCREEN[1]
584205.732 TIMER[1] BLOCK.RECORDING_SEQUENCE.TIMER[1]
584205.918 SET_BUTTON_PRESS BLOCK.RECORDING_SEQUENCE.SET_BUTTON_PRESS
584206.098 ADD_TO_RESULTS_FILE[1] BLOCK.RECORDING_SEQUENCE.ADD_TO_RESULTS_FILE[1]
584206.159 SetValueAction 
584207.342 TRIAL_IMAGE BLOCK.RECORDING_SEQUENCE.TRIAL_IMAGE (BEGIN) 
584222.205 TRIAL_IMAGE BLOCK.RECORDING_SEQUENCE.TRIAL_IMAGE
584697.297 TIMER[2] BLOCK.RECORDING_SEQUENCE.TIMER[2]
584707.631 DISPLAY_SCREEN[1] BLOCK.RECORDING_SEQUENCE.DISPLAY_SCREEN[1] (BEGIN) 
584722.179 DISPLAY_SCREEN[1] BLOCK.RECORDING_SEQUENCE.DISPLAY_SCREEN[1]
587222.198 TIMER[1] BLOCK.RECORDING_SEQUENCE.TIMER[1]
587222.365 SET_BUTTON_PRESS BLOCK.RECORDING_SEQUENCE.SET_BUTTON_PRESS
587222.547 ADD_TO_RESULTS_FILE[1] BLOCK.RECORDING_SEQUENCE.ADD_TO_RESULTS_FILE[1]
587222.610 SetValueAction 
587223.825 TRIAL_IMAGE BLOCK.RECORDING_SEQUENCE.TRIAL_IMAGE (BEGIN) 
587238.689 TRIAL_IMAGE BLOCK.RECORDING_SEQUENCE.TRIAL_IMAGE
587713.812 TIMER[2] BLOCK.RECORDING_SEQUENCE.TIMER[2]
587723.618 DISPLAY_SCREEN[1] BLOCK.RECORDING_SEQUENCE.DISPLAY_SCREEN[1] (BEGIN) 
587738.658 DISPLAY_SCREEN[1] BLOCK.RECORDING_SEQUENCE.DISPLAY_SCREEN[1]
590238.709 TIMER[1] BLOCK.RECORDING_SEQUENCE.TIMER[1]
590238.873 SET_BUTTON_PRESS BLOCK.RECORDING_SEQUENCE.SET_BUTTON_PRESS
590239.050 ADD_TO_RESULTS_FILE[1] BLOCK.RECORDING_SEQUENCE.ADD_TO_RESULTS_FILE[1]
590239.111 SetValueAction 
590240.271 TRIAL_IMAGE BLOCK.RECORDING_SEQUENCE.TRIAL_IMAGE (BEGIN) 
590255.178 TRIAL_IMAGE BLOCK.RECORDING_SEQUENCE.TRIAL_IMAGE
590730.345 TIMER[2] BLOCK.RECORDING_SEQUENCE.TIMER[2]
590740.617 DISPLAY_SCREEN[1] BLOCK.RECORDING_SEQUENCE.DISPLAY_SCREEN[1] (BEGIN) 
590755.147 DISPLAY_SCREEN[1] BLOCK.RECORDING_SEQUENCE.DISPLAY_SCREEN[1]
593255.176 TIMER[1] BLOCK.RECORDING_SEQUENCE.TIMER[1]
593255.340 SET_BUTTON_PRESS BLOCK.RECORDING_SEQUENCE.SET_BUTTON_PRESS
593255.516 ADD_TO_RESULTS_FILE[1] BLOCK.RECORDING_SEQUENCE.ADD_TO_RESULTS_FILE[1]
593255.578 SetValueAction 
593282.062 TRIAL_IMAGE BLOCK.RECORDING_SEQUENCE.TRIAL_IMAGE (BEGIN) 
593288.310 TRIAL_IMAGE BLOCK.RECORDING_SEQUENCE.TRIAL_IMAGE
593763.398 TIMER[2] BLOCK.RECORDING_SEQUENCE.TIMER[2]
593773.617 DISPLAY_SCREEN[1] BLOCK.RECORDING_SEQUENCE.DISPLAY_SCREEN[1] (BEGIN) 
593788.292 DISPLAY_SCREEN[1] BLOCK.RECORDING_SEQUENCE.DISPLAY_SCREEN[1]
596288.327 TIMER[1] BLOCK.RECORDING_SEQUENCE.TIMER[1]
596288.497 SET_BUTTON_PRESS BLOCK.RECORDING_SEQUENCE.SET_BUTTON_PRESS
596288.715 ADD_TO_RESULTS_FILE[1] BLOCK.RECORDING_SEQUENCE.ADD_TO_RESULTS_FILE[1]
596288.778 SetValueAction 
596306.912 TRIAL_IMAGE BLOCK.RECORDING_SEQUENCE.TRIAL_IMAGE (BEGIN) 
596321.472 TRIAL_IMAGE BLOCK.RECORDING_SEQUENCE.TRIAL_IMAGE
596796.613 TIMER[2] BLOCK.RECORDING_SEQUENCE.TIMER[2]
596806.617 DISPLAY_SCREEN[1] BLOCK.RECORDING_SEQUENCE.DISPLAY_SCREEN[1] (BEGIN) 
596821.441 DISPLAY_SCREEN[1] BLOCK.RECORDING_SEQUENCE.DISPLAY_SCREEN[1]
599321.439 TIMER[1] BLOCK.RECORDING_SEQUENCE.TIMER[1]
599321.603 SET_BUTTON_PRESS BLOCK.RECORDING_SEQUENCE.SET_BUTTON_PRESS
599321.804 ADD_TO_RESULTS_FILE[1] BLOCK.RECORDING_SEQUENCE.ADD_TO_RESULTS_FILE[1]
599327.145 DISPLAY_SCREEN BLOCK.DISPLAY_SCREEN (BEGIN) 
599337.943 DISPLAY_SCREEN BLOCK.DISPLAY_SCREEN
603967.513 KEYBOARD BLOCK.KEYBOARD
603985.341 GOODBYE_SCREEN GOODBYE_SCREEN (BEGIN) 
603987.667 GOODBYE_SCREEN GOODBYE_SCREEN
648317.099 KEYBOARD[1] KEYBOARD[1]
el_logger: Quit logger.
******** END OF THE LOG FILE ********
