5026.754 ********************************************************
5039.301 ** Session beginning Friday February 08, 2019 02:32:30 AM **
5039.318 ** ExperimentBuilder Project : 23255_P24SY **
5039.325 ** ExperimentBuilder Version : 2.1.140 **
5039.332 ** ExperimentBuilder Build   : Nov 10 2017 **
5039.338 ********************************************************
5756.029 WELCOME_SCREEN WELCOME_SCREEN (BEGIN) 
5763.193 WELCOME_SCREEN WELCOME_SCREEN
52887.068 MOUSE MOUSE
53372.336 PREPARE_SEQUENCE BLOCK.PREPARE_SEQUENCE
53372.647 SetValueAction 
53416.201 TRIAL_IMAGE BLOCK.RECORDING_SEQUENCE.TRIAL_IMAGE (BEGIN) 
53427.238 TRIAL_IMAGE BLOCK.RECORDING_SEQUENCE.TRIAL_IMAGE
53902.296 TIMER[2] BLOCK.RECORDING_SEQUENCE.TIMER[2]
53912.620 DISPLAY_SCREEN[1] BLOCK.RECORDING_SEQUENCE.DISPLAY_SCREEN[1] (BEGIN) 
53927.387 DISPLAY_SCREEN[1] BLOCK.RECORDING_SEQUENCE.DISPLAY_SCREEN[1]
56427.402 TIMER[1] BLOCK.RECORDING_SEQUENCE.TIMER[1]
56427.538 SET_BUTTON_PRESS BLOCK.RECORDING_SEQUENCE.SET_BUTTON_PRESS
56427.678 ADD_TO_RESULTS_FILE[1] BLOCK.RECORDING_SEQUENCE.ADD_TO_RESULTS_FILE[1]
56427.731 SetValueAction 
56475.830 TRIAL_IMAGE BLOCK.RECORDING_SEQUENCE.TRIAL_IMAGE (BEGIN) 
56478.130 TRIAL_IMAGE BLOCK.RECORDING_SEQUENCE.TRIAL_IMAGE
56953.201 TIMER[2] BLOCK.RECORDING_SEQUENCE.TIMER[2]
56963.614 DISPLAY_SCREEN[1] BLOCK.RECORDING_SEQUENCE.DISPLAY_SCREEN[1] (BEGIN) 
56978.290 DISPLAY_SCREEN[1] BLOCK.RECORDING_SEQUENCE.DISPLAY_SCREEN[1]
59478.362 TIMER[1] BLOCK.RECORDING_SEQUENCE.TIMER[1]
59478.499 SET_BUTTON_PRESS BLOCK.RECORDING_SEQUENCE.SET_BUTTON_PRESS
59478.637 ADD_TO_RESULTS_FILE[1] BLOCK.RECORDING_SEQUENCE.ADD_TO_RESULTS_FILE[1]
59478.689 SetValueAction 
59509.093 TRIAL_IMAGE BLOCK.RECORDING_SEQUENCE.TRIAL_IMAGE (BEGIN) 
59512.357 TRIAL_IMAGE BLOCK.RECORDING_SEQUENCE.TRIAL_IMAGE
59987.402 TIMER[2] BLOCK.RECORDING_SEQUENCE.TIMER[2]
59997.613 DISPLAY_SCREEN[1] BLOCK.RECORDING_SEQUENCE.DISPLAY_SCREEN[1] (BEGIN) 
60012.510 DISPLAY_SCREEN[1] BLOCK.RECORDING_SEQUENCE.DISPLAY_SCREEN[1]
62512.520 TIMER[1] BLOCK.RECORDING_SEQUENCE.TIMER[1]
62512.659 SET_BUTTON_PRESS BLOCK.RECORDING_SEQUENCE.SET_BUTTON_PRESS
62512.799 ADD_TO_RESULTS_FILE[1] BLOCK.RECORDING_SEQUENCE.ADD_TO_RESULTS_FILE[1]
62512.851 SetValueAction 
62537.442 TRIAL_IMAGE BLOCK.RECORDING_SEQUENCE.TRIAL_IMAGE (BEGIN) 
62546.594 TRIAL_IMAGE BLOCK.RECORDING_SEQUENCE.TRIAL_IMAGE
63021.719 TIMER[2] BLOCK.RECORDING_SEQUENCE.TIMER[2]
63031.613 DISPLAY_SCREEN[1] BLOCK.RECORDING_SEQUENCE.DISPLAY_SCREEN[1] (BEGIN) 
63046.734 DISPLAY_SCREEN[1] BLOCK.RECORDING_SEQUENCE.DISPLAY_SCREEN[1]
63142.720 MOUSE_R BLOCK.RECORDING_SEQUENCE.MOUSE_R
63142.848 SET_BUTTON_PRESS2 BLOCK.RECORDING_SEQUENCE.SET_BUTTON_PRESS2
63142.989 ADD_TO_RESULTS_FILE[1] BLOCK.RECORDING_SEQUENCE.ADD_TO_RESULTS_FILE[1]
63143.041 SetValueAction 
63160.936 TRIAL_IMAGE BLOCK.RECORDING_SEQUENCE.TRIAL_IMAGE (BEGIN) 
63163.432 TRIAL_IMAGE BLOCK.RECORDING_SEQUENCE.TRIAL_IMAGE
63638.491 TIMER[2] BLOCK.RECORDING_SEQUENCE.TIMER[2]
63648.614 DISPLAY_SCREEN[1] BLOCK.RECORDING_SEQUENCE.DISPLAY_SCREEN[1] (BEGIN) 
63663.587 DISPLAY_SCREEN[1] BLOCK.RECORDING_SEQUENCE.DISPLAY_SCREEN[1]
66163.632 TIMER[1] BLOCK.RECORDING_SEQUENCE.TIMER[1]
66163.766 SET_BUTTON_PRESS BLOCK.RECORDING_SEQUENCE.SET_BUTTON_PRESS
66163.906 ADD_TO_RESULTS_FILE[1] BLOCK.RECORDING_SEQUENCE.ADD_TO_RESULTS_FILE[1]
66163.958 SetValueAction 
66177.585 TRIAL_IMAGE BLOCK.RECORDING_SEQUENCE.TRIAL_IMAGE (BEGIN) 
66180.981 TRIAL_IMAGE BLOCK.RECORDING_SEQUENCE.TRIAL_IMAGE
66656.138 TIMER[2] BLOCK.RECORDING_SEQUENCE.TIMER[2]
66666.612 DISPLAY_SCREEN[1] BLOCK.RECORDING_SEQUENCE.DISPLAY_SCREEN[1] (BEGIN) 
66681.140 DISPLAY_SCREEN[1] BLOCK.RECORDING_SEQUENCE.DISPLAY_SCREEN[1]
67318.991 MOUSE_R BLOCK.RECORDING_SEQUENCE.MOUSE_R
67319.134 SET_BUTTON_PRESS2 BLOCK.RECORDING_SEQUENCE.SET_BUTTON_PRESS2
67319.277 ADD_TO_RESULTS_FILE[1] BLOCK.RECORDING_SEQUENCE.ADD_TO_RESULTS_FILE[1]
67319.329 SetValueAction 
67339.811 TRIAL_IMAGE BLOCK.RECORDING_SEQUENCE.TRIAL_IMAGE (BEGIN) 
67348.001 TRIAL_IMAGE BLOCK.RECORDING_SEQUENCE.TRIAL_IMAGE
67823.138 TIMER[2] BLOCK.RECORDING_SEQUENCE.TIMER[2]
67833.613 DISPLAY_SCREEN[1] BLOCK.RECORDING_SEQUENCE.DISPLAY_SCREEN[1] (BEGIN) 
67848.155 DISPLAY_SCREEN[1] BLOCK.RECORDING_SEQUENCE.DISPLAY_SCREEN[1]
70348.163 TIMER[1] BLOCK.RECORDING_SEQUENCE.TIMER[1]
70348.303 SET_BUTTON_PRESS BLOCK.RECORDING_SEQUENCE.SET_BUTTON_PRESS
70348.444 ADD_TO_RESULTS_FILE[1] BLOCK.RECORDING_SEQUENCE.ADD_TO_RESULTS_FILE[1]
70348.495 SetValueAction 
70385.196 TRIAL_IMAGE BLOCK.RECORDING_SEQUENCE.TRIAL_IMAGE (BEGIN) 
70398.902 TRIAL_IMAGE BLOCK.RECORDING_SEQUENCE.TRIAL_IMAGE
70873.962 TIMER[2] BLOCK.RECORDING_SEQUENCE.TIMER[2]
70884.613 DISPLAY_SCREEN[1] BLOCK.RECORDING_SEQUENCE.DISPLAY_SCREEN[1] (BEGIN) 
70899.052 DISPLAY_SCREEN[1] BLOCK.RECORDING_SEQUENCE.DISPLAY_SCREEN[1]
71261.870 MOUSE_R BLOCK.RECORDING_SEQUENCE.MOUSE_R
71262.005 SET_BUTTON_PRESS2 BLOCK.RECORDING_SEQUENCE.SET_BUTTON_PRESS2
71262.145 ADD_TO_RESULTS_FILE[1] BLOCK.RECORDING_SEQUENCE.ADD_TO_RESULTS_FILE[1]
71262.197 SetValueAction 
71283.811 TRIAL_IMAGE BLOCK.RECORDING_SEQUENCE.TRIAL_IMAGE (BEGIN) 
71299.166 TRIAL_IMAGE BLOCK.RECORDING_SEQUENCE.TRIAL_IMAGE
71774.238 TIMER[2] BLOCK.RECORDING_SEQUENCE.TIMER[2]
71784.614 DISPLAY_SCREEN[1] BLOCK.RECORDING_SEQUENCE.DISPLAY_SCREEN[1] (BEGIN) 
71799.322 DISPLAY_SCREEN[1] BLOCK.RECORDING_SEQUENCE.DISPLAY_SCREEN[1]
74299.372 TIMER[1] BLOCK.RECORDING_SEQUENCE.TIMER[1]
74299.510 SET_BUTTON_PRESS BLOCK.RECORDING_SEQUENCE.SET_BUTTON_PRESS
74299.648 ADD_TO_RESULTS_FILE[1] BLOCK.RECORDING_SEQUENCE.ADD_TO_RESULTS_FILE[1]
74299.699 SetValueAction 
74333.474 TRIAL_IMAGE BLOCK.RECORDING_SEQUENCE.TRIAL_IMAGE (BEGIN) 
74350.072 TRIAL_IMAGE BLOCK.RECORDING_SEQUENCE.TRIAL_IMAGE
74825.181 TIMER[2] BLOCK.RECORDING_SEQUENCE.TIMER[2]
74835.614 DISPLAY_SCREEN[1] BLOCK.RECORDING_SEQUENCE.DISPLAY_SCREEN[1] (BEGIN) 
74850.216 DISPLAY_SCREEN[1] BLOCK.RECORDING_SEQUENCE.DISPLAY_SCREEN[1]
77350.223 TIMER[1] BLOCK.RECORDING_SEQUENCE.TIMER[1]
77350.373 SET_BUTTON_PRESS BLOCK.RECORDING_SEQUENCE.SET_BUTTON_PRESS
77350.514 ADD_TO_RESULTS_FILE[1] BLOCK.RECORDING_SEQUENCE.ADD_TO_RESULTS_FILE[1]
77350.566 SetValueAction 
77373.678 TRIAL_IMAGE BLOCK.RECORDING_SEQUENCE.TRIAL_IMAGE (BEGIN) 
77384.299 TRIAL_IMAGE BLOCK.RECORDING_SEQUENCE.TRIAL_IMAGE
77859.408 TIMER[2] BLOCK.RECORDING_SEQUENCE.TIMER[2]
77869.613 DISPLAY_SCREEN[1] BLOCK.RECORDING_SEQUENCE.DISPLAY_SCREEN[1] (BEGIN) 
77884.437 DISPLAY_SCREEN[1] BLOCK.RECORDING_SEQUENCE.DISPLAY_SCREEN[1]
78013.819 MOUSE_R BLOCK.RECORDING_SEQUENCE.MOUSE_R
78013.946 SET_BUTTON_PRESS2 BLOCK.RECORDING_SEQUENCE.SET_BUTTON_PRESS2
78014.086 ADD_TO_RESULTS_FILE[1] BLOCK.RECORDING_SEQUENCE.ADD_TO_RESULTS_FILE[1]
78014.137 SetValueAction 
78033.902 TRIAL_IMAGE BLOCK.RECORDING_SEQUENCE.TRIAL_IMAGE (BEGIN) 
78051.154 TRIAL_IMAGE BLOCK.RECORDING_SEQUENCE.TRIAL_IMAGE
78526.247 TIMER[2] BLOCK.RECORDING_SEQUENCE.TIMER[2]
78536.612 DISPLAY_SCREEN[1] BLOCK.RECORDING_SEQUENCE.DISPLAY_SCREEN[1] (BEGIN) 
78551.304 DISPLAY_SCREEN[1] BLOCK.RECORDING_SEQUENCE.DISPLAY_SCREEN[1]
78678.660 MOUSE_R BLOCK.RECORDING_SEQUENCE.MOUSE_R
78678.788 SET_BUTTON_PRESS2 BLOCK.RECORDING_SEQUENCE.SET_BUTTON_PRESS2
78678.929 ADD_TO_RESULTS_FILE[1] BLOCK.RECORDING_SEQUENCE.ADD_TO_RESULTS_FILE[1]
78678.980 SetValueAction 
78699.221 TRIAL_IMAGE BLOCK.RECORDING_SEQUENCE.TRIAL_IMAGE (BEGIN) 
78701.344 TRIAL_IMAGE BLOCK.RECORDING_SEQUENCE.TRIAL_IMAGE
79176.414 TIMER[2] BLOCK.RECORDING_SEQUENCE.TIMER[2]
79186.612 DISPLAY_SCREEN[1] BLOCK.RECORDING_SEQUENCE.DISPLAY_SCREEN[1] (BEGIN) 
79201.496 DISPLAY_SCREEN[1] BLOCK.RECORDING_SEQUENCE.DISPLAY_SCREEN[1]
79222.147 MOUSE_R BLOCK.RECORDING_SEQUENCE.MOUSE_R
79222.273 SET_BUTTON_PRESS2 BLOCK.RECORDING_SEQUENCE.SET_BUTTON_PRESS2
79222.411 ADD_TO_RESULTS_FILE[1] BLOCK.RECORDING_SEQUENCE.ADD_TO_RESULTS_FILE[1]
79222.462 SetValueAction 
79223.096 TRIAL_IMAGE BLOCK.RECORDING_SEQUENCE.TRIAL_IMAGE (BEGIN) 
79234.836 TRIAL_IMAGE BLOCK.RECORDING_SEQUENCE.TRIAL_IMAGE
79709.888 TIMER[2] BLOCK.RECORDING_SEQUENCE.TIMER[2]
79719.612 DISPLAY_SCREEN[1] BLOCK.RECORDING_SEQUENCE.DISPLAY_SCREEN[1] (BEGIN) 
79734.983 DISPLAY_SCREEN[1] BLOCK.RECORDING_SEQUENCE.DISPLAY_SCREEN[1]
79917.601 MOUSE_R BLOCK.RECORDING_SEQUENCE.MOUSE_R
79917.729 SET_BUTTON_PRESS2 BLOCK.RECORDING_SEQUENCE.SET_BUTTON_PRESS2
79917.865 ADD_TO_RESULTS_FILE[1] BLOCK.RECORDING_SEQUENCE.ADD_TO_RESULTS_FILE[1]
79917.912 SetValueAction 
79931.341 TRIAL_IMAGE BLOCK.RECORDING_SEQUENCE.TRIAL_IMAGE (BEGIN) 
79935.035 TRIAL_IMAGE BLOCK.RECORDING_SEQUENCE.TRIAL_IMAGE
80410.131 TIMER[2] BLOCK.RECORDING_SEQUENCE.TIMER[2]
80420.613 DISPLAY_SCREEN[1] BLOCK.RECORDING_SEQUENCE.DISPLAY_SCREEN[1] (BEGIN) 
80435.199 DISPLAY_SCREEN[1] BLOCK.RECORDING_SEQUENCE.DISPLAY_SCREEN[1]
81382.838 MOUSE_R BLOCK.RECORDING_SEQUENCE.MOUSE_R
81382.981 SET_BUTTON_PRESS2 BLOCK.RECORDING_SEQUENCE.SET_BUTTON_PRESS2
81383.124 ADD_TO_RESULTS_FILE[1] BLOCK.RECORDING_SEQUENCE.ADD_TO_RESULTS_FILE[1]
81383.177 SetValueAction 
81393.289 TRIAL_IMAGE BLOCK.RECORDING_SEQUENCE.TRIAL_IMAGE (BEGIN) 
81402.145 TRIAL_IMAGE BLOCK.RECORDING_SEQUENCE.TRIAL_IMAGE
81877.240 TIMER[2] BLOCK.RECORDING_SEQUENCE.TIMER[2]
81887.612 DISPLAY_SCREEN[1] BLOCK.RECORDING_SEQUENCE.DISPLAY_SCREEN[1] (BEGIN) 
81902.288 DISPLAY_SCREEN[1] BLOCK.RECORDING_SEQUENCE.DISPLAY_SCREEN[1]
84402.305 TIMER[1] BLOCK.RECORDING_SEQUENCE.TIMER[1]
84402.444 SET_BUTTON_PRESS BLOCK.RECORDING_SEQUENCE.SET_BUTTON_PRESS
84402.584 ADD_TO_RESULTS_FILE[1] BLOCK.RECORDING_SEQUENCE.ADD_TO_RESULTS_FILE[1]
84402.636 SetValueAction 
84426.262 TRIAL_IMAGE BLOCK.RECORDING_SEQUENCE.TRIAL_IMAGE (BEGIN) 
84436.365 TRIAL_IMAGE BLOCK.RECORDING_SEQUENCE.TRIAL_IMAGE
84911.501 TIMER[2] BLOCK.RECORDING_SEQUENCE.TIMER[2]
84921.613 DISPLAY_SCREEN[1] BLOCK.RECORDING_SEQUENCE.DISPLAY_SCREEN[1] (BEGIN) 
84936.525 DISPLAY_SCREEN[1] BLOCK.RECORDING_SEQUENCE.DISPLAY_SCREEN[1]
85319.182 MOUSE_R BLOCK.RECORDING_SEQUENCE.MOUSE_R
85319.311 SET_BUTTON_PRESS2 BLOCK.RECORDING_SEQUENCE.SET_BUTTON_PRESS2
85319.450 ADD_TO_RESULTS_FILE[1] BLOCK.RECORDING_SEQUENCE.ADD_TO_RESULTS_FILE[1]
85319.500 SetValueAction 
85340.679 TRIAL_IMAGE BLOCK.RECORDING_SEQUENCE.TRIAL_IMAGE (BEGIN) 
85353.302 TRIAL_IMAGE BLOCK.RECORDING_SEQUENCE.TRIAL_IMAGE
85828.426 TIMER[2] BLOCK.RECORDING_SEQUENCE.TIMER[2]
85838.615 DISPLAY_SCREEN[1] BLOCK.RECORDING_SEQUENCE.DISPLAY_SCREEN[1] (BEGIN) 
85853.455 DISPLAY_SCREEN[1] BLOCK.RECORDING_SEQUENCE.DISPLAY_SCREEN[1]
86102.690 MOUSE_R BLOCK.RECORDING_SEQUENCE.MOUSE_R
86102.819 SET_BUTTON_PRESS2 BLOCK.RECORDING_SEQUENCE.SET_BUTTON_PRESS2
86102.961 ADD_TO_RESULTS_FILE[1] BLOCK.RECORDING_SEQUENCE.ADD_TO_RESULTS_FILE[1]
86103.011 SetValueAction 
86120.593 TRIAL_IMAGE BLOCK.RECORDING_SEQUENCE.TRIAL_IMAGE (BEGIN) 
86136.878 TRIAL_IMAGE BLOCK.RECORDING_SEQUENCE.TRIAL_IMAGE
86612.097 TIMER[2] BLOCK.RECORDING_SEQUENCE.TIMER[2]
86621.612 DISPLAY_SCREEN[1] BLOCK.RECORDING_SEQUENCE.DISPLAY_SCREEN[1] (BEGIN) 
86637.015 DISPLAY_SCREEN[1] BLOCK.RECORDING_SEQUENCE.DISPLAY_SCREEN[1]
86639.307 MOUSE_R BLOCK.RECORDING_SEQUENCE.MOUSE_R
86639.434 SET_BUTTON_PRESS2 BLOCK.RECORDING_SEQUENCE.SET_BUTTON_PRESS2
86639.573 ADD_TO_RESULTS_FILE[1] BLOCK.RECORDING_SEQUENCE.ADD_TO_RESULTS_FILE[1]
86639.623 SetValueAction 
86678.244 TRIAL_IMAGE BLOCK.RECORDING_SEQUENCE.TRIAL_IMAGE (BEGIN) 
86687.028 TRIAL_IMAGE BLOCK.RECORDING_SEQUENCE.TRIAL_IMAGE
87162.086 TIMER[2] BLOCK.RECORDING_SEQUENCE.TIMER[2]
87172.613 DISPLAY_SCREEN[1] BLOCK.RECORDING_SEQUENCE.DISPLAY_SCREEN[1] (BEGIN) 
87187.186 DISPLAY_SCREEN[1] BLOCK.RECORDING_SEQUENCE.DISPLAY_SCREEN[1]
87598.912 MOUSE_R BLOCK.RECORDING_SEQUENCE.MOUSE_R
87599.043 SET_BUTTON_PRESS2 BLOCK.RECORDING_SEQUENCE.SET_BUTTON_PRESS2
87599.183 ADD_TO_RESULTS_FILE[1] BLOCK.RECORDING_SEQUENCE.ADD_TO_RESULTS_FILE[1]
87599.233 SetValueAction 
87621.383 TRIAL_IMAGE BLOCK.RECORDING_SEQUENCE.TRIAL_IMAGE (BEGIN) 
87637.315 TRIAL_IMAGE BLOCK.RECORDING_SEQUENCE.TRIAL_IMAGE
88112.394 TIMER[2] BLOCK.RECORDING_SEQUENCE.TIMER[2]
88122.612 DISPLAY_SCREEN[1] BLOCK.RECORDING_SEQUENCE.DISPLAY_SCREEN[1] (BEGIN) 
88137.466 DISPLAY_SCREEN[1] BLOCK.RECORDING_SEQUENCE.DISPLAY_SCREEN[1]
89485.908 MOUSE_R BLOCK.RECORDING_SEQUENCE.MOUSE_R
89486.073 SET_BUTTON_PRESS2 BLOCK.RECORDING_SEQUENCE.SET_BUTTON_PRESS2
89486.218 ADD_TO_RESULTS_FILE[1] BLOCK.RECORDING_SEQUENCE.ADD_TO_RESULTS_FILE[1]
89486.271 SetValueAction 
89495.654 TRIAL_IMAGE BLOCK.RECORDING_SEQUENCE.TRIAL_IMAGE (BEGIN) 
89504.525 TRIAL_IMAGE BLOCK.RECORDING_SEQUENCE.TRIAL_IMAGE
89979.654 TIMER[2] BLOCK.RECORDING_SEQUENCE.TIMER[2]
89989.613 DISPLAY_SCREEN[1] BLOCK.RECORDING_SEQUENCE.DISPLAY_SCREEN[1] (BEGIN) 
90004.674 DISPLAY_SCREEN[1] BLOCK.RECORDING_SEQUENCE.DISPLAY_SCREEN[1]
92504.744 TIMER[1] BLOCK.RECORDING_SEQUENCE.TIMER[1]
92504.879 SET_BUTTON_PRESS BLOCK.RECORDING_SEQUENCE.SET_BUTTON_PRESS
92505.020 ADD_TO_RESULTS_FILE[1] BLOCK.RECORDING_SEQUENCE.ADD_TO_RESULTS_FILE[1]
92505.083 SetValueAction 
92505.775 TRIAL_IMAGE BLOCK.RECORDING_SEQUENCE.TRIAL_IMAGE (BEGIN) 
92522.082 TRIAL_IMAGE BLOCK.RECORDING_SEQUENCE.TRIAL_IMAGE
92997.217 TIMER[2] BLOCK.RECORDING_SEQUENCE.TIMER[2]
93007.611 DISPLAY_SCREEN[1] BLOCK.RECORDING_SEQUENCE.DISPLAY_SCREEN[1] (BEGIN) 
93022.242 DISPLAY_SCREEN[1] BLOCK.RECORDING_SEQUENCE.DISPLAY_SCREEN[1]
93309.509 MOUSE_R BLOCK.RECORDING_SEQUENCE.MOUSE_R
93309.636 SET_BUTTON_PRESS2 BLOCK.RECORDING_SEQUENCE.SET_BUTTON_PRESS2
93309.772 ADD_TO_RESULTS_FILE[1] BLOCK.RECORDING_SEQUENCE.ADD_TO_RESULTS_FILE[1]
93312.238 DISPLAY_SCREEN BLOCK.DISPLAY_SCREEN (BEGIN) 
93322.314 DISPLAY_SCREEN BLOCK.DISPLAY_SCREEN
93405.820 MOUSE BLOCK.MOUSE
93665.492 PREPARE_SEQUENCE BLOCK.PREPARE_SEQUENCE
93665.611 SetValueAction 
93675.130 TRIAL_IMAGE BLOCK.RECORDING_SEQUENCE.TRIAL_IMAGE (BEGIN) 
93689.105 TRIAL_IMAGE BLOCK.RECORDING_SEQUENCE.TRIAL_IMAGE
94164.198 TIMER[2] BLOCK.RECORDING_SEQUENCE.TIMER[2]
94174.613 DISPLAY_SCREEN[1] BLOCK.RECORDING_SEQUENCE.DISPLAY_SCREEN[1] (BEGIN) 
94189.245 DISPLAY_SCREEN[1] BLOCK.RECORDING_SEQUENCE.DISPLAY_SCREEN[1]
96689.346 TIMER[1] BLOCK.RECORDING_SEQUENCE.TIMER[1]
96689.481 SET_BUTTON_PRESS BLOCK.RECORDING_SEQUENCE.SET_BUTTON_PRESS
96689.623 ADD_TO_RESULTS_FILE[1] BLOCK.RECORDING_SEQUENCE.ADD_TO_RESULTS_FILE[1]
96689.675 SetValueAction 
96706.471 TRIAL_IMAGE BLOCK.RECORDING_SEQUENCE.TRIAL_IMAGE (BEGIN) 
96723.333 TRIAL_IMAGE BLOCK.RECORDING_SEQUENCE.TRIAL_IMAGE
97198.414 TIMER[2] BLOCK.RECORDING_SEQUENCE.TIMER[2]
97208.612 DISPLAY_SCREEN[1] BLOCK.RECORDING_SEQUENCE.DISPLAY_SCREEN[1] (BEGIN) 
97223.465 DISPLAY_SCREEN[1] BLOCK.RECORDING_SEQUENCE.DISPLAY_SCREEN[1]
99723.517 TIMER[1] BLOCK.RECORDING_SEQUENCE.TIMER[1]
99723.655 SET_BUTTON_PRESS BLOCK.RECORDING_SEQUENCE.SET_BUTTON_PRESS
99723.796 ADD_TO_RESULTS_FILE[1] BLOCK.RECORDING_SEQUENCE.ADD_TO_RESULTS_FILE[1]
99723.847 SetValueAction 
99746.071 TRIAL_IMAGE BLOCK.RECORDING_SEQUENCE.TRIAL_IMAGE (BEGIN) 
99757.553 TRIAL_IMAGE BLOCK.RECORDING_SEQUENCE.TRIAL_IMAGE
100232.650 TIMER[2] BLOCK.RECORDING_SEQUENCE.TIMER[2]
100242.612 DISPLAY_SCREEN[1] BLOCK.RECORDING_SEQUENCE.DISPLAY_SCREEN[1] (BEGIN) 
100257.704 DISPLAY_SCREEN[1] BLOCK.RECORDING_SEQUENCE.DISPLAY_SCREEN[1]
102757.714 TIMER[1] BLOCK.RECORDING_SEQUENCE.TIMER[1]
102757.849 SET_BUTTON_PRESS BLOCK.RECORDING_SEQUENCE.SET_BUTTON_PRESS
102757.990 ADD_TO_RESULTS_FILE[1] BLOCK.RECORDING_SEQUENCE.ADD_TO_RESULTS_FILE[1]
102758.042 SetValueAction 
102765.254 TRIAL_IMAGE BLOCK.RECORDING_SEQUENCE.TRIAL_IMAGE (BEGIN) 
102775.107 TRIAL_IMAGE BLOCK.RECORDING_SEQUENCE.TRIAL_IMAGE
103250.238 TIMER[2] BLOCK.RECORDING_SEQUENCE.TIMER[2]
103260.612 DISPLAY_SCREEN[1] BLOCK.RECORDING_SEQUENCE.DISPLAY_SCREEN[1] (BEGIN) 
103275.258 DISPLAY_SCREEN[1] BLOCK.RECORDING_SEQUENCE.DISPLAY_SCREEN[1]
103310.285 MOUSE_R BLOCK.RECORDING_SEQUENCE.MOUSE_R
103310.412 SET_BUTTON_PRESS2 BLOCK.RECORDING_SEQUENCE.SET_BUTTON_PRESS2
103310.571 ADD_TO_RESULTS_FILE[1] BLOCK.RECORDING_SEQUENCE.ADD_TO_RESULTS_FILE[1]
103310.621 SetValueAction 
103326.618 TRIAL_IMAGE BLOCK.RECORDING_SEQUENCE.TRIAL_IMAGE (BEGIN) 
103341.939 TRIAL_IMAGE BLOCK.RECORDING_SEQUENCE.TRIAL_IMAGE
103817.011 TIMER[2] BLOCK.RECORDING_SEQUENCE.TIMER[2]
103827.613 DISPLAY_SCREEN[1] BLOCK.RECORDING_SEQUENCE.DISPLAY_SCREEN[1] (BEGIN) 
103842.080 DISPLAY_SCREEN[1] BLOCK.RECORDING_SEQUENCE.DISPLAY_SCREEN[1]
104389.693 MOUSE_R BLOCK.RECORDING_SEQUENCE.MOUSE_R
104389.824 SET_BUTTON_PRESS2 BLOCK.RECORDING_SEQUENCE.SET_BUTTON_PRESS2
104389.965 ADD_TO_RESULTS_FILE[1] BLOCK.RECORDING_SEQUENCE.ADD_TO_RESULTS_FILE[1]
104390.017 SetValueAction 
104393.613 TRIAL_IMAGE BLOCK.RECORDING_SEQUENCE.TRIAL_IMAGE (BEGIN) 
104408.917 TRIAL_IMAGE BLOCK.RECORDING_SEQUENCE.TRIAL_IMAGE
104883.982 TIMER[2] BLOCK.RECORDING_SEQUENCE.TIMER[2]
104894.613 DISPLAY_SCREEN[1] BLOCK.RECORDING_SEQUENCE.DISPLAY_SCREEN[1] (BEGIN) 
104909.066 DISPLAY_SCREEN[1] BLOCK.RECORDING_SEQUENCE.DISPLAY_SCREEN[1]
107409.076 TIMER[1] BLOCK.RECORDING_SEQUENCE.TIMER[1]
107409.214 SET_BUTTON_PRESS BLOCK.RECORDING_SEQUENCE.SET_BUTTON_PRESS
107409.354 ADD_TO_RESULTS_FILE[1] BLOCK.RECORDING_SEQUENCE.ADD_TO_RESULTS_FILE[1]
107409.406 SetValueAction 
107452.252 TRIAL_IMAGE BLOCK.RECORDING_SEQUENCE.TRIAL_IMAGE (BEGIN) 
107459.859 TRIAL_IMAGE BLOCK.RECORDING_SEQUENCE.TRIAL_IMAGE
107934.911 TIMER[2] BLOCK.RECORDING_SEQUENCE.TIMER[2]
107944.615 DISPLAY_SCREEN[1] BLOCK.RECORDING_SEQUENCE.DISPLAY_SCREEN[1] (BEGIN) 
107959.975 DISPLAY_SCREEN[1] BLOCK.RECORDING_SEQUENCE.DISPLAY_SCREEN[1]
107960.228 MOUSE_R BLOCK.RECORDING_SEQUENCE.MOUSE_R
107960.358 SET_BUTTON_PRESS2 BLOCK.RECORDING_SEQUENCE.SET_BUTTON_PRESS2
107960.500 ADD_TO_RESULTS_FILE[1] BLOCK.RECORDING_SEQUENCE.ADD_TO_RESULTS_FILE[1]
107960.551 SetValueAction 
107967.793 TRIAL_IMAGE BLOCK.RECORDING_SEQUENCE.TRIAL_IMAGE (BEGIN) 
107976.637 TRIAL_IMAGE BLOCK.RECORDING_SEQUENCE.TRIAL_IMAGE
108451.781 TIMER[2] BLOCK.RECORDING_SEQUENCE.TIMER[2]
108461.612 DISPLAY_SCREEN[1] BLOCK.RECORDING_SEQUENCE.DISPLAY_SCREEN[1] (BEGIN) 
108476.792 DISPLAY_SCREEN[1] BLOCK.RECORDING_SEQUENCE.DISPLAY_SCREEN[1]
110976.856 TIMER[1] BLOCK.RECORDING_SEQUENCE.TIMER[1]
110976.992 SET_BUTTON_PRESS BLOCK.RECORDING_SEQUENCE.SET_BUTTON_PRESS
110977.134 ADD_TO_RESULTS_FILE[1] BLOCK.RECORDING_SEQUENCE.ADD_TO_RESULTS_FILE[1]
110977.188 SetValueAction 
111030.358 TRIAL_IMAGE BLOCK.RECORDING_SEQUENCE.TRIAL_IMAGE (BEGIN) 
111044.230 TRIAL_IMAGE BLOCK.RECORDING_SEQUENCE.TRIAL_IMAGE
111519.329 TIMER[2] BLOCK.RECORDING_SEQUENCE.TIMER[2]
111529.613 DISPLAY_SCREEN[1] BLOCK.RECORDING_SEQUENCE.DISPLAY_SCREEN[1] (BEGIN) 
111544.362 DISPLAY_SCREEN[1] BLOCK.RECORDING_SEQUENCE.DISPLAY_SCREEN[1]
114044.378 TIMER[1] BLOCK.RECORDING_SEQUENCE.TIMER[1]
114044.514 SET_BUTTON_PRESS BLOCK.RECORDING_SEQUENCE.SET_BUTTON_PRESS
114044.655 ADD_TO_RESULTS_FILE[1] BLOCK.RECORDING_SEQUENCE.ADD_TO_RESULTS_FILE[1]
114044.707 SetValueAction 
114045.419 TRIAL_IMAGE BLOCK.RECORDING_SEQUENCE.TRIAL_IMAGE (BEGIN) 
114061.769 TRIAL_IMAGE BLOCK.RECORDING_SEQUENCE.TRIAL_IMAGE
114536.903 TIMER[2] BLOCK.RECORDING_SEQUENCE.TIMER[2]
114546.611 DISPLAY_SCREEN[1] BLOCK.RECORDING_SEQUENCE.DISPLAY_SCREEN[1] (BEGIN) 
114561.910 DISPLAY_SCREEN[1] BLOCK.RECORDING_SEQUENCE.DISPLAY_SCREEN[1]
117061.961 TIMER[1] BLOCK.RECORDING_SEQUENCE.TIMER[1]
117062.127 SET_BUTTON_PRESS BLOCK.RECORDING_SEQUENCE.SET_BUTTON_PRESS
117062.267 ADD_TO_RESULTS_FILE[1] BLOCK.RECORDING_SEQUENCE.ADD_TO_RESULTS_FILE[1]
117062.318 SetValueAction 
117078.620 TRIAL_IMAGE BLOCK.RECORDING_SEQUENCE.TRIAL_IMAGE (BEGIN) 
117095.988 TRIAL_IMAGE BLOCK.RECORDING_SEQUENCE.TRIAL_IMAGE
117571.071 TIMER[2] BLOCK.RECORDING_SEQUENCE.TIMER[2]
117581.612 DISPLAY_SCREEN[1] BLOCK.RECORDING_SEQUENCE.DISPLAY_SCREEN[1] (BEGIN) 
117596.139 DISPLAY_SCREEN[1] BLOCK.RECORDING_SEQUENCE.DISPLAY_SCREEN[1]
120096.146 TIMER[1] BLOCK.RECORDING_SEQUENCE.TIMER[1]
120096.286 SET_BUTTON_PRESS BLOCK.RECORDING_SEQUENCE.SET_BUTTON_PRESS
120096.427 ADD_TO_RESULTS_FILE[1] BLOCK.RECORDING_SEQUENCE.ADD_TO_RESULTS_FILE[1]
120096.480 SetValueAction 
120169.801 TRIAL_IMAGE BLOCK.RECORDING_SEQUENCE.TRIAL_IMAGE (BEGIN) 
120180.254 TRIAL_IMAGE BLOCK.RECORDING_SEQUENCE.TRIAL_IMAGE
120655.289 TIMER[2] BLOCK.RECORDING_SEQUENCE.TIMER[2]
120665.613 DISPLAY_SCREEN[1] BLOCK.RECORDING_SEQUENCE.DISPLAY_SCREEN[1] (BEGIN) 
120680.378 DISPLAY_SCREEN[1] BLOCK.RECORDING_SEQUENCE.DISPLAY_SCREEN[1]
123180.447 TIMER[1] BLOCK.RECORDING_SEQUENCE.TIMER[1]
123180.580 SET_BUTTON_PRESS BLOCK.RECORDING_SEQUENCE.SET_BUTTON_PRESS
123180.720 ADD_TO_RESULTS_FILE[1] BLOCK.RECORDING_SEQUENCE.ADD_TO_RESULTS_FILE[1]
123180.773 SetValueAction 
123188.042 TRIAL_IMAGE BLOCK.RECORDING_SEQUENCE.TRIAL_IMAGE (BEGIN) 
123197.786 TRIAL_IMAGE BLOCK.RECORDING_SEQUENCE.TRIAL_IMAGE
123672.884 TIMER[2] BLOCK.RECORDING_SEQUENCE.TIMER[2]
123682.613 DISPLAY_SCREEN[1] BLOCK.RECORDING_SEQUENCE.DISPLAY_SCREEN[1] (BEGIN) 
123697.943 DISPLAY_SCREEN[1] BLOCK.RECORDING_SEQUENCE.DISPLAY_SCREEN[1]
125580.974 MOUSE_R BLOCK.RECORDING_SEQUENCE.MOUSE_R
125581.115 SET_BUTTON_PRESS2 BLOCK.RECORDING_SEQUENCE.SET_BUTTON_PRESS2
125581.256 ADD_TO_RESULTS_FILE[1] BLOCK.RECORDING_SEQUENCE.ADD_TO_RESULTS_FILE[1]
125581.308 SetValueAction 
125606.432 TRIAL_IMAGE BLOCK.RECORDING_SEQUENCE.TRIAL_IMAGE (BEGIN) 
125615.169 TRIAL_IMAGE BLOCK.RECORDING_SEQUENCE.TRIAL_IMAGE
126090.207 TIMER[2] BLOCK.RECORDING_SEQUENCE.TIMER[2]
126100.612 DISPLAY_SCREEN[1] BLOCK.RECORDING_SEQUENCE.DISPLAY_SCREEN[1] (BEGIN) 
126115.318 DISPLAY_SCREEN[1] BLOCK.RECORDING_SEQUENCE.DISPLAY_SCREEN[1]
128615.364 TIMER[1] BLOCK.RECORDING_SEQUENCE.TIMER[1]
128615.500 SET_BUTTON_PRESS BLOCK.RECORDING_SEQUENCE.SET_BUTTON_PRESS
128615.641 ADD_TO_RESULTS_FILE[1] BLOCK.RECORDING_SEQUENCE.ADD_TO_RESULTS_FILE[1]
128615.693 SetValueAction 
128623.911 TRIAL_IMAGE BLOCK.RECORDING_SEQUENCE.TRIAL_IMAGE (BEGIN) 
128632.712 TRIAL_IMAGE BLOCK.RECORDING_SEQUENCE.TRIAL_IMAGE
129107.789 TIMER[2] BLOCK.RECORDING_SEQUENCE.TIMER[2]
129117.612 DISPLAY_SCREEN[1] BLOCK.RECORDING_SEQUENCE.DISPLAY_SCREEN[1] (BEGIN) 
129132.866 DISPLAY_SCREEN[1] BLOCK.RECORDING_SEQUENCE.DISPLAY_SCREEN[1]
131632.936 TIMER[1] BLOCK.RECORDING_SEQUENCE.TIMER[1]
131633.071 SET_BUTTON_PRESS BLOCK.RECORDING_SEQUENCE.SET_BUTTON_PRESS
131633.213 ADD_TO_RESULTS_FILE[1] BLOCK.RECORDING_SEQUENCE.ADD_TO_RESULTS_FILE[1]
131633.265 SetValueAction 
131649.684 TRIAL_IMAGE BLOCK.RECORDING_SEQUENCE.TRIAL_IMAGE (BEGIN) 
131666.947 TRIAL_IMAGE BLOCK.RECORDING_SEQUENCE.TRIAL_IMAGE
132142.001 TIMER[2] BLOCK.RECORDING_SEQUENCE.TIMER[2]
132152.634 DISPLAY_SCREEN[1] BLOCK.RECORDING_SEQUENCE.DISPLAY_SCREEN[1] (BEGIN) 
132167.105 DISPLAY_SCREEN[1] BLOCK.RECORDING_SEQUENCE.DISPLAY_SCREEN[1]
134667.107 TIMER[1] BLOCK.RECORDING_SEQUENCE.TIMER[1]
134667.248 SET_BUTTON_PRESS BLOCK.RECORDING_SEQUENCE.SET_BUTTON_PRESS
134667.389 ADD_TO_RESULTS_FILE[1] BLOCK.RECORDING_SEQUENCE.ADD_TO_RESULTS_FILE[1]
134667.442 SetValueAction 
134686.750 TRIAL_IMAGE BLOCK.RECORDING_SEQUENCE.TRIAL_IMAGE (BEGIN) 
134701.185 TRIAL_IMAGE BLOCK.RECORDING_SEQUENCE.TRIAL_IMAGE
135176.239 TIMER[2] BLOCK.RECORDING_SEQUENCE.TIMER[2]
135186.612 DISPLAY_SCREEN[1] BLOCK.RECORDING_SEQUENCE.DISPLAY_SCREEN[1] (BEGIN) 
135201.318 DISPLAY_SCREEN[1] BLOCK.RECORDING_SEQUENCE.DISPLAY_SCREEN[1]
137701.356 TIMER[1] BLOCK.RECORDING_SEQUENCE.TIMER[1]
137701.491 SET_BUTTON_PRESS BLOCK.RECORDING_SEQUENCE.SET_BUTTON_PRESS
137701.630 ADD_TO_RESULTS_FILE[1] BLOCK.RECORDING_SEQUENCE.ADD_TO_RESULTS_FILE[1]
137701.681 SetValueAction 
137723.161 TRIAL_IMAGE BLOCK.RECORDING_SEQUENCE.TRIAL_IMAGE (BEGIN) 
137735.398 TRIAL_IMAGE BLOCK.RECORDING_SEQUENCE.TRIAL_IMAGE
138210.505 TIMER[2] BLOCK.RECORDING_SEQUENCE.TIMER[2]
138220.613 DISPLAY_SCREEN[1] BLOCK.RECORDING_SEQUENCE.DISPLAY_SCREEN[1] (BEGIN) 
138235.558 DISPLAY_SCREEN[1] BLOCK.RECORDING_SEQUENCE.DISPLAY_SCREEN[1]
140735.573 TIMER[1] BLOCK.RECORDING_SEQUENCE.TIMER[1]
140735.708 SET_BUTTON_PRESS BLOCK.RECORDING_SEQUENCE.SET_BUTTON_PRESS
140735.851 ADD_TO_RESULTS_FILE[1] BLOCK.RECORDING_SEQUENCE.ADD_TO_RESULTS_FILE[1]
140735.902 SetValueAction 
140753.591 TRIAL_IMAGE BLOCK.RECORDING_SEQUENCE.TRIAL_IMAGE (BEGIN) 
140769.628 TRIAL_IMAGE BLOCK.RECORDING_SEQUENCE.TRIAL_IMAGE
141244.710 TIMER[2] BLOCK.RECORDING_SEQUENCE.TIMER[2]
141254.612 DISPLAY_SCREEN[1] BLOCK.RECORDING_SEQUENCE.DISPLAY_SCREEN[1] (BEGIN) 
141269.777 DISPLAY_SCREEN[1] BLOCK.RECORDING_SEQUENCE.DISPLAY_SCREEN[1]
143769.799 TIMER[1] BLOCK.RECORDING_SEQUENCE.TIMER[1]
143769.951 SET_BUTTON_PRESS BLOCK.RECORDING_SEQUENCE.SET_BUTTON_PRESS
143770.093 ADD_TO_RESULTS_FILE[1] BLOCK.RECORDING_SEQUENCE.ADD_TO_RESULTS_FILE[1]
143770.145 SetValueAction 
143815.929 TRIAL_IMAGE BLOCK.RECORDING_SEQUENCE.TRIAL_IMAGE (BEGIN) 
143820.577 TRIAL_IMAGE BLOCK.RECORDING_SEQUENCE.TRIAL_IMAGE
144295.653 TIMER[2] BLOCK.RECORDING_SEQUENCE.TIMER[2]
144305.613 DISPLAY_SCREEN[1] BLOCK.RECORDING_SEQUENCE.DISPLAY_SCREEN[1] (BEGIN) 
144320.677 DISPLAY_SCREEN[1] BLOCK.RECORDING_SEQUENCE.DISPLAY_SCREEN[1]
146812.876 MOUSE_R BLOCK.RECORDING_SEQUENCE.MOUSE_R
146813.018 SET_BUTTON_PRESS2 BLOCK.RECORDING_SEQUENCE.SET_BUTTON_PRESS2
146813.161 ADD_TO_RESULTS_FILE[1] BLOCK.RECORDING_SEQUENCE.ADD_TO_RESULTS_FILE[1]
146813.245 SetValueAction 
146821.658 TRIAL_IMAGE BLOCK.RECORDING_SEQUENCE.TRIAL_IMAGE (BEGIN) 
146838.095 TRIAL_IMAGE BLOCK.RECORDING_SEQUENCE.TRIAL_IMAGE
147313.177 TIMER[2] BLOCK.RECORDING_SEQUENCE.TIMER[2]
147323.612 DISPLAY_SCREEN[1] BLOCK.RECORDING_SEQUENCE.DISPLAY_SCREEN[1] (BEGIN) 
147338.229 DISPLAY_SCREEN[1] BLOCK.RECORDING_SEQUENCE.DISPLAY_SCREEN[1]
149838.264 TIMER[1] BLOCK.RECORDING_SEQUENCE.TIMER[1]
149838.401 SET_BUTTON_PRESS BLOCK.RECORDING_SEQUENCE.SET_BUTTON_PRESS
149838.542 ADD_TO_RESULTS_FILE[1] BLOCK.RECORDING_SEQUENCE.ADD_TO_RESULTS_FILE[1]
149838.595 SetValueAction 
149856.100 TRIAL_IMAGE BLOCK.RECORDING_SEQUENCE.TRIAL_IMAGE (BEGIN) 
149872.323 TRIAL_IMAGE BLOCK.RECORDING_SEQUENCE.TRIAL_IMAGE
150347.377 TIMER[2] BLOCK.RECORDING_SEQUENCE.TIMER[2]
150357.612 DISPLAY_SCREEN[1] BLOCK.RECORDING_SEQUENCE.DISPLAY_SCREEN[1] (BEGIN) 
150372.466 DISPLAY_SCREEN[1] BLOCK.RECORDING_SEQUENCE.DISPLAY_SCREEN[1]
152872.527 TIMER[1] BLOCK.RECORDING_SEQUENCE.TIMER[1]
152872.665 SET_BUTTON_PRESS BLOCK.RECORDING_SEQUENCE.SET_BUTTON_PRESS
152872.806 ADD_TO_RESULTS_FILE[1] BLOCK.RECORDING_SEQUENCE.ADD_TO_RESULTS_FILE[1]
152872.858 SetValueAction 
152873.617 TRIAL_IMAGE BLOCK.RECORDING_SEQUENCE.TRIAL_IMAGE (BEGIN) 
152889.864 TRIAL_IMAGE BLOCK.RECORDING_SEQUENCE.TRIAL_IMAGE
153364.934 TIMER[2] BLOCK.RECORDING_SEQUENCE.TIMER[2]
153374.612 DISPLAY_SCREEN[1] BLOCK.RECORDING_SEQUENCE.DISPLAY_SCREEN[1] (BEGIN) 
153390.014 DISPLAY_SCREEN[1] BLOCK.RECORDING_SEQUENCE.DISPLAY_SCREEN[1]
153412.734 MOUSE_R BLOCK.RECORDING_SEQUENCE.MOUSE_R
153412.859 SET_BUTTON_PRESS2 BLOCK.RECORDING_SEQUENCE.SET_BUTTON_PRESS2
153413.011 ADD_TO_RESULTS_FILE[1] BLOCK.RECORDING_SEQUENCE.ADD_TO_RESULTS_FILE[1]
153413.061 SetValueAction 
153436.423 TRIAL_IMAGE BLOCK.RECORDING_SEQUENCE.TRIAL_IMAGE (BEGIN) 
153440.018 TRIAL_IMAGE BLOCK.RECORDING_SEQUENCE.TRIAL_IMAGE
153915.146 TIMER[2] BLOCK.RECORDING_SEQUENCE.TIMER[2]
153925.613 DISPLAY_SCREEN[1] BLOCK.RECORDING_SEQUENCE.DISPLAY_SCREEN[1] (BEGIN) 
153940.170 DISPLAY_SCREEN[1] BLOCK.RECORDING_SEQUENCE.DISPLAY_SCREEN[1]
156268.933 MOUSE_R BLOCK.RECORDING_SEQUENCE.MOUSE_R
156269.076 SET_BUTTON_PRESS2 BLOCK.RECORDING_SEQUENCE.SET_BUTTON_PRESS2
156269.220 ADD_TO_RESULTS_FILE[1] BLOCK.RECORDING_SEQUENCE.ADD_TO_RESULTS_FILE[1]
156269.274 SetValueAction 
156270.096 TRIAL_IMAGE BLOCK.RECORDING_SEQUENCE.TRIAL_IMAGE (BEGIN) 
156274.194 TRIAL_IMAGE BLOCK.RECORDING_SEQUENCE.TRIAL_IMAGE
156749.255 TIMER[2] BLOCK.RECORDING_SEQUENCE.TIMER[2]
156759.612 DISPLAY_SCREEN[1] BLOCK.RECORDING_SEQUENCE.DISPLAY_SCREEN[1] (BEGIN) 
156774.346 DISPLAY_SCREEN[1] BLOCK.RECORDING_SEQUENCE.DISPLAY_SCREEN[1]
159274.401 TIMER[1] BLOCK.RECORDING_SEQUENCE.TIMER[1]
159274.543 SET_BUTTON_PRESS BLOCK.RECORDING_SEQUENCE.SET_BUTTON_PRESS
159274.684 ADD_TO_RESULTS_FILE[1] BLOCK.RECORDING_SEQUENCE.ADD_TO_RESULTS_FILE[1]
159274.738 SetValueAction 
159275.450 TRIAL_IMAGE BLOCK.RECORDING_SEQUENCE.TRIAL_IMAGE (BEGIN) 
159291.756 TRIAL_IMAGE BLOCK.RECORDING_SEQUENCE.TRIAL_IMAGE
159766.885 TIMER[2] BLOCK.RECORDING_SEQUENCE.TIMER[2]
159776.612 DISPLAY_SCREEN[1] BLOCK.RECORDING_SEQUENCE.DISPLAY_SCREEN[1] (BEGIN) 
159791.896 DISPLAY_SCREEN[1] BLOCK.RECORDING_SEQUENCE.DISPLAY_SCREEN[1]
159812.621 MOUSE_R BLOCK.RECORDING_SEQUENCE.MOUSE_R
159812.788 SET_BUTTON_PRESS2 BLOCK.RECORDING_SEQUENCE.SET_BUTTON_PRESS2
159812.972 ADD_TO_RESULTS_FILE[1] BLOCK.RECORDING_SEQUENCE.ADD_TO_RESULTS_FILE[1]
159813.022 SetValueAction 
159828.145 TRIAL_IMAGE BLOCK.RECORDING_SEQUENCE.TRIAL_IMAGE (BEGIN) 
159841.911 TRIAL_IMAGE BLOCK.RECORDING_SEQUENCE.TRIAL_IMAGE
160316.970 TIMER[2] BLOCK.RECORDING_SEQUENCE.TIMER[2]
160327.612 DISPLAY_SCREEN[1] BLOCK.RECORDING_SEQUENCE.DISPLAY_SCREEN[1] (BEGIN) 
160342.065 DISPLAY_SCREEN[1] BLOCK.RECORDING_SEQUENCE.DISPLAY_SCREEN[1]
160405.962 MOUSE_R BLOCK.RECORDING_SEQUENCE.MOUSE_R
160406.088 SET_BUTTON_PRESS2 BLOCK.RECORDING_SEQUENCE.SET_BUTTON_PRESS2
160406.225 ADD_TO_RESULTS_FILE[1] BLOCK.RECORDING_SEQUENCE.ADD_TO_RESULTS_FILE[1]
160406.276 SetValueAction 
160430.576 TRIAL_IMAGE BLOCK.RECORDING_SEQUENCE.TRIAL_IMAGE (BEGIN) 
160442.088 TRIAL_IMAGE BLOCK.RECORDING_SEQUENCE.TRIAL_IMAGE
160917.178 TIMER[2] BLOCK.RECORDING_SEQUENCE.TIMER[2]
160927.612 DISPLAY_SCREEN[1] BLOCK.RECORDING_SEQUENCE.DISPLAY_SCREEN[1] (BEGIN) 
160942.243 DISPLAY_SCREEN[1] BLOCK.RECORDING_SEQUENCE.DISPLAY_SCREEN[1]
161204.198 MOUSE_R BLOCK.RECORDING_SEQUENCE.MOUSE_R
161204.326 SET_BUTTON_PRESS2 BLOCK.RECORDING_SEQUENCE.SET_BUTTON_PRESS2
161204.466 ADD_TO_RESULTS_FILE[1] BLOCK.RECORDING_SEQUENCE.ADD_TO_RESULTS_FILE[1]
161204.517 SetValueAction 
161240.629 TRIAL_IMAGE BLOCK.RECORDING_SEQUENCE.TRIAL_IMAGE (BEGIN) 
161259.026 TRIAL_IMAGE BLOCK.RECORDING_SEQUENCE.TRIAL_IMAGE
161734.109 TIMER[2] BLOCK.RECORDING_SEQUENCE.TIMER[2]
161744.613 DISPLAY_SCREEN[1] BLOCK.RECORDING_SEQUENCE.DISPLAY_SCREEN[1] (BEGIN) 
161759.140 DISPLAY_SCREEN[1] BLOCK.RECORDING_SEQUENCE.DISPLAY_SCREEN[1]
162429.698 MOUSE_R BLOCK.RECORDING_SEQUENCE.MOUSE_R
162429.833 SET_BUTTON_PRESS2 BLOCK.RECORDING_SEQUENCE.SET_BUTTON_PRESS2
162429.974 ADD_TO_RESULTS_FILE[1] BLOCK.RECORDING_SEQUENCE.ADD_TO_RESULTS_FILE[1]
162430.027 SetValueAction 
162448.846 TRIAL_IMAGE BLOCK.RECORDING_SEQUENCE.TRIAL_IMAGE (BEGIN) 
162459.349 TRIAL_IMAGE BLOCK.RECORDING_SEQUENCE.TRIAL_IMAGE
162934.466 TIMER[2] BLOCK.RECORDING_SEQUENCE.TIMER[2]
162944.613 DISPLAY_SCREEN[1] BLOCK.RECORDING_SEQUENCE.DISPLAY_SCREEN[1] (BEGIN) 
162959.497 DISPLAY_SCREEN[1] BLOCK.RECORDING_SEQUENCE.DISPLAY_SCREEN[1]
164316.597 MOUSE_R BLOCK.RECORDING_SEQUENCE.MOUSE_R
164316.733 SET_BUTTON_PRESS2 BLOCK.RECORDING_SEQUENCE.SET_BUTTON_PRESS2
164316.874 ADD_TO_RESULTS_FILE[1] BLOCK.RECORDING_SEQUENCE.ADD_TO_RESULTS_FILE[1]
164316.926 SetValueAction 
164317.618 TRIAL_IMAGE BLOCK.RECORDING_SEQUENCE.TRIAL_IMAGE (BEGIN) 
164326.571 TRIAL_IMAGE BLOCK.RECORDING_SEQUENCE.TRIAL_IMAGE
164801.658 TIMER[2] BLOCK.RECORDING_SEQUENCE.TIMER[2]
164811.614 DISPLAY_SCREEN[1] BLOCK.RECORDING_SEQUENCE.DISPLAY_SCREEN[1] (BEGIN) 
164826.721 DISPLAY_SCREEN[1] BLOCK.RECORDING_SEQUENCE.DISPLAY_SCREEN[1]
166852.334 MOUSE_R BLOCK.RECORDING_SEQUENCE.MOUSE_R
166852.476 SET_BUTTON_PRESS2 BLOCK.RECORDING_SEQUENCE.SET_BUTTON_PRESS2
166852.621 ADD_TO_RESULTS_FILE[1] BLOCK.RECORDING_SEQUENCE.ADD_TO_RESULTS_FILE[1]
166852.677 SetValueAction 
166853.410 TRIAL_IMAGE BLOCK.RECORDING_SEQUENCE.TRIAL_IMAGE (BEGIN) 
166860.638 TRIAL_IMAGE BLOCK.RECORDING_SEQUENCE.TRIAL_IMAGE
167335.735 TIMER[2] BLOCK.RECORDING_SEQUENCE.TIMER[2]
167345.611 DISPLAY_SCREEN[1] BLOCK.RECORDING_SEQUENCE.DISPLAY_SCREEN[1] (BEGIN) 
167360.791 DISPLAY_SCREEN[1] BLOCK.RECORDING_SEQUENCE.DISPLAY_SCREEN[1]
169197.653 MOUSE_R BLOCK.RECORDING_SEQUENCE.MOUSE_R
169197.795 SET_BUTTON_PRESS2 BLOCK.RECORDING_SEQUENCE.SET_BUTTON_PRESS2
169197.936 ADD_TO_RESULTS_FILE[1] BLOCK.RECORDING_SEQUENCE.ADD_TO_RESULTS_FILE[1]
169197.988 SetValueAction 
169218.856 TRIAL_IMAGE BLOCK.RECORDING_SEQUENCE.TRIAL_IMAGE (BEGIN) 
169228.009 TRIAL_IMAGE BLOCK.RECORDING_SEQUENCE.TRIAL_IMAGE
169703.092 TIMER[2] BLOCK.RECORDING_SEQUENCE.TIMER[2]
169713.612 DISPLAY_SCREEN[1] BLOCK.RECORDING_SEQUENCE.DISPLAY_SCREEN[1] (BEGIN) 
169728.154 DISPLAY_SCREEN[1] BLOCK.RECORDING_SEQUENCE.DISPLAY_SCREEN[1]
171220.281 MOUSE_R BLOCK.RECORDING_SEQUENCE.MOUSE_R
171220.420 SET_BUTTON_PRESS2 BLOCK.RECORDING_SEQUENCE.SET_BUTTON_PRESS2
171220.562 ADD_TO_RESULTS_FILE[1] BLOCK.RECORDING_SEQUENCE.ADD_TO_RESULTS_FILE[1]
171220.614 SetValueAction 
171221.389 TRIAL_IMAGE BLOCK.RECORDING_SEQUENCE.TRIAL_IMAGE (BEGIN) 
171228.603 TRIAL_IMAGE BLOCK.RECORDING_SEQUENCE.TRIAL_IMAGE
171703.694 TIMER[2] BLOCK.RECORDING_SEQUENCE.TIMER[2]
171713.613 DISPLAY_SCREEN[1] BLOCK.RECORDING_SEQUENCE.DISPLAY_SCREEN[1] (BEGIN) 
171728.750 DISPLAY_SCREEN[1] BLOCK.RECORDING_SEQUENCE.DISPLAY_SCREEN[1]
173293.546 MOUSE_R BLOCK.RECORDING_SEQUENCE.MOUSE_R
173293.688 SET_BUTTON_PRESS2 BLOCK.RECORDING_SEQUENCE.SET_BUTTON_PRESS2
173293.830 ADD_TO_RESULTS_FILE[1] BLOCK.RECORDING_SEQUENCE.ADD_TO_RESULTS_FILE[1]
173293.884 SetValueAction 
173302.487 TRIAL_IMAGE BLOCK.RECORDING_SEQUENCE.TRIAL_IMAGE (BEGIN) 
173312.544 TRIAL_IMAGE BLOCK.RECORDING_SEQUENCE.TRIAL_IMAGE
173787.679 TIMER[2] BLOCK.RECORDING_SEQUENCE.TIMER[2]
173797.612 DISPLAY_SCREEN[1] BLOCK.RECORDING_SEQUENCE.DISPLAY_SCREEN[1] (BEGIN) 
173812.712 DISPLAY_SCREEN[1] BLOCK.RECORDING_SEQUENCE.DISPLAY_SCREEN[1]
176312.732 TIMER[1] BLOCK.RECORDING_SEQUENCE.TIMER[1]
176312.870 SET_BUTTON_PRESS BLOCK.RECORDING_SEQUENCE.SET_BUTTON_PRESS
176313.011 ADD_TO_RESULTS_FILE[1] BLOCK.RECORDING_SEQUENCE.ADD_TO_RESULTS_FILE[1]
176313.064 SetValueAction 
176344.143 TRIAL_IMAGE BLOCK.RECORDING_SEQUENCE.TRIAL_IMAGE (BEGIN) 
176346.771 TRIAL_IMAGE BLOCK.RECORDING_SEQUENCE.TRIAL_IMAGE
176821.834 TIMER[2] BLOCK.RECORDING_SEQUENCE.TIMER[2]
176831.613 DISPLAY_SCREEN[1] BLOCK.RECORDING_SEQUENCE.DISPLAY_SCREEN[1] (BEGIN) 
176846.927 DISPLAY_SCREEN[1] BLOCK.RECORDING_SEQUENCE.DISPLAY_SCREEN[1]
179346.943 TIMER[1] BLOCK.RECORDING_SEQUENCE.TIMER[1]
179347.082 SET_BUTTON_PRESS BLOCK.RECORDING_SEQUENCE.SET_BUTTON_PRESS
179347.224 ADD_TO_RESULTS_FILE[1] BLOCK.RECORDING_SEQUENCE.ADD_TO_RESULTS_FILE[1]
179347.277 SetValueAction 
179347.996 TRIAL_IMAGE BLOCK.RECORDING_SEQUENCE.TRIAL_IMAGE (BEGIN) 
179364.330 TRIAL_IMAGE BLOCK.RECORDING_SEQUENCE.TRIAL_IMAGE
179839.468 TIMER[2] BLOCK.RECORDING_SEQUENCE.TIMER[2]
179849.612 DISPLAY_SCREEN[1] BLOCK.RECORDING_SEQUENCE.DISPLAY_SCREEN[1] (BEGIN) 
179864.482 DISPLAY_SCREEN[1] BLOCK.RECORDING_SEQUENCE.DISPLAY_SCREEN[1]
182364.497 TIMER[1] BLOCK.RECORDING_SEQUENCE.TIMER[1]
182364.651 SET_BUTTON_PRESS BLOCK.RECORDING_SEQUENCE.SET_BUTTON_PRESS
182364.791 ADD_TO_RESULTS_FILE[1] BLOCK.RECORDING_SEQUENCE.ADD_TO_RESULTS_FILE[1]
182364.842 SetValueAction 
182365.588 TRIAL_IMAGE BLOCK.RECORDING_SEQUENCE.TRIAL_IMAGE (BEGIN) 
182381.892 TRIAL_IMAGE BLOCK.RECORDING_SEQUENCE.TRIAL_IMAGE
182856.988 TIMER[2] BLOCK.RECORDING_SEQUENCE.TIMER[2]
182867.612 DISPLAY_SCREEN[1] BLOCK.RECORDING_SEQUENCE.DISPLAY_SCREEN[1] (BEGIN) 
182882.036 DISPLAY_SCREEN[1] BLOCK.RECORDING_SEQUENCE.DISPLAY_SCREEN[1]
183212.013 MOUSE_R BLOCK.RECORDING_SEQUENCE.MOUSE_R
183212.139 SET_BUTTON_PRESS2 BLOCK.RECORDING_SEQUENCE.SET_BUTTON_PRESS2
183212.280 ADD_TO_RESULTS_FILE[1] BLOCK.RECORDING_SEQUENCE.ADD_TO_RESULTS_FILE[1]
183212.331 SetValueAction 
183227.983 TRIAL_IMAGE BLOCK.RECORDING_SEQUENCE.TRIAL_IMAGE (BEGIN) 
183232.137 TRIAL_IMAGE BLOCK.RECORDING_SEQUENCE.TRIAL_IMAGE
183707.254 TIMER[2] BLOCK.RECORDING_SEQUENCE.TIMER[2]
183717.614 DISPLAY_SCREEN[1] BLOCK.RECORDING_SEQUENCE.DISPLAY_SCREEN[1] (BEGIN) 
183732.289 DISPLAY_SCREEN[1] BLOCK.RECORDING_SEQUENCE.DISPLAY_SCREEN[1]
183836.788 MOUSE_R BLOCK.RECORDING_SEQUENCE.MOUSE_R
183836.919 SET_BUTTON_PRESS2 BLOCK.RECORDING_SEQUENCE.SET_BUTTON_PRESS2
183837.060 ADD_TO_RESULTS_FILE[1] BLOCK.RECORDING_SEQUENCE.ADD_TO_RESULTS_FILE[1]
183837.112 SetValueAction 
183859.532 TRIAL_IMAGE BLOCK.RECORDING_SEQUENCE.TRIAL_IMAGE (BEGIN) 
183865.654 TRIAL_IMAGE BLOCK.RECORDING_SEQUENCE.TRIAL_IMAGE
184340.747 TIMER[2] BLOCK.RECORDING_SEQUENCE.TIMER[2]
184350.611 DISPLAY_SCREEN[1] BLOCK.RECORDING_SEQUENCE.DISPLAY_SCREEN[1] (BEGIN) 
184365.806 DISPLAY_SCREEN[1] BLOCK.RECORDING_SEQUENCE.DISPLAY_SCREEN[1]
184540.371 MOUSE_R BLOCK.RECORDING_SEQUENCE.MOUSE_R
184540.499 SET_BUTTON_PRESS2 BLOCK.RECORDING_SEQUENCE.SET_BUTTON_PRESS2
184540.641 ADD_TO_RESULTS_FILE[1] BLOCK.RECORDING_SEQUENCE.ADD_TO_RESULTS_FILE[1]
184540.693 SetValueAction 
184563.242 TRIAL_IMAGE BLOCK.RECORDING_SEQUENCE.TRIAL_IMAGE (BEGIN) 
184565.853 TRIAL_IMAGE BLOCK.RECORDING_SEQUENCE.TRIAL_IMAGE
185040.921 TIMER[2] BLOCK.RECORDING_SEQUENCE.TIMER[2]
185050.612 DISPLAY_SCREEN[1] BLOCK.RECORDING_SEQUENCE.DISPLAY_SCREEN[1] (BEGIN) 
185066.019 DISPLAY_SCREEN[1] BLOCK.RECORDING_SEQUENCE.DISPLAY_SCREEN[1]
185068.282 MOUSE_R BLOCK.RECORDING_SEQUENCE.MOUSE_R
185068.409 SET_BUTTON_PRESS2 BLOCK.RECORDING_SEQUENCE.SET_BUTTON_PRESS2
185068.548 ADD_TO_RESULTS_FILE[1] BLOCK.RECORDING_SEQUENCE.ADD_TO_RESULTS_FILE[1]
185068.599 SetValueAction 
185069.288 TRIAL_IMAGE BLOCK.RECORDING_SEQUENCE.TRIAL_IMAGE (BEGIN) 
185082.695 TRIAL_IMAGE BLOCK.RECORDING_SEQUENCE.TRIAL_IMAGE
185557.747 TIMER[2] BLOCK.RECORDING_SEQUENCE.TIMER[2]
185567.613 DISPLAY_SCREEN[1] BLOCK.RECORDING_SEQUENCE.DISPLAY_SCREEN[1] (BEGIN) 
185582.839 DISPLAY_SCREEN[1] BLOCK.RECORDING_SEQUENCE.DISPLAY_SCREEN[1]
185963.786 MOUSE_R BLOCK.RECORDING_SEQUENCE.MOUSE_R
185963.919 SET_BUTTON_PRESS2 BLOCK.RECORDING_SEQUENCE.SET_BUTTON_PRESS2
185964.061 ADD_TO_RESULTS_FILE[1] BLOCK.RECORDING_SEQUENCE.ADD_TO_RESULTS_FILE[1]
185964.112 SetValueAction 
185967.615 TRIAL_IMAGE BLOCK.RECORDING_SEQUENCE.TRIAL_IMAGE (BEGIN) 
185982.950 TRIAL_IMAGE BLOCK.RECORDING_SEQUENCE.TRIAL_IMAGE
186458.014 TIMER[2] BLOCK.RECORDING_SEQUENCE.TIMER[2]
186468.611 DISPLAY_SCREEN[1] BLOCK.RECORDING_SEQUENCE.DISPLAY_SCREEN[1] (BEGIN) 
186483.095 DISPLAY_SCREEN[1] BLOCK.RECORDING_SEQUENCE.DISPLAY_SCREEN[1]
187228.547 MOUSE_R BLOCK.RECORDING_SEQUENCE.MOUSE_R
187228.683 SET_BUTTON_PRESS2 BLOCK.RECORDING_SEQUENCE.SET_BUTTON_PRESS2
187228.824 ADD_TO_RESULTS_FILE[1] BLOCK.RECORDING_SEQUENCE.ADD_TO_RESULTS_FILE[1]
187228.875 SetValueAction 
187237.162 TRIAL_IMAGE BLOCK.RECORDING_SEQUENCE.TRIAL_IMAGE (BEGIN) 
187249.995 TRIAL_IMAGE BLOCK.RECORDING_SEQUENCE.TRIAL_IMAGE
187725.037 TIMER[2] BLOCK.RECORDING_SEQUENCE.TIMER[2]
187735.612 DISPLAY_SCREEN[1] BLOCK.RECORDING_SEQUENCE.DISPLAY_SCREEN[1] (BEGIN) 
187750.140 DISPLAY_SCREEN[1] BLOCK.RECORDING_SEQUENCE.DISPLAY_SCREEN[1]
188572.219 MOUSE_R BLOCK.RECORDING_SEQUENCE.MOUSE_R
188572.358 SET_BUTTON_PRESS2 BLOCK.RECORDING_SEQUENCE.SET_BUTTON_PRESS2
188572.500 ADD_TO_RESULTS_FILE[1] BLOCK.RECORDING_SEQUENCE.ADD_TO_RESULTS_FILE[1]
188572.553 SetValueAction 
188573.234 TRIAL_IMAGE BLOCK.RECORDING_SEQUENCE.TRIAL_IMAGE (BEGIN) 
188583.704 TRIAL_IMAGE BLOCK.RECORDING_SEQUENCE.TRIAL_IMAGE
189058.859 TIMER[2] BLOCK.RECORDING_SEQUENCE.TIMER[2]
189068.611 DISPLAY_SCREEN[1] BLOCK.RECORDING_SEQUENCE.DISPLAY_SCREEN[1] (BEGIN) 
189083.866 DISPLAY_SCREEN[1] BLOCK.RECORDING_SEQUENCE.DISPLAY_SCREEN[1]
189597.255 MOUSE_R BLOCK.RECORDING_SEQUENCE.MOUSE_R
189597.388 SET_BUTTON_PRESS2 BLOCK.RECORDING_SEQUENCE.SET_BUTTON_PRESS2
189597.528 ADD_TO_RESULTS_FILE[1] BLOCK.RECORDING_SEQUENCE.ADD_TO_RESULTS_FILE[1]
189597.579 SetValueAction 
189629.543 TRIAL_IMAGE BLOCK.RECORDING_SEQUENCE.TRIAL_IMAGE (BEGIN) 
189634.009 TRIAL_IMAGE BLOCK.RECORDING_SEQUENCE.TRIAL_IMAGE
190109.074 TIMER[2] BLOCK.RECORDING_SEQUENCE.TIMER[2]
190119.612 DISPLAY_SCREEN[1] BLOCK.RECORDING_SEQUENCE.DISPLAY_SCREEN[1] (BEGIN) 
190134.168 DISPLAY_SCREEN[1] BLOCK.RECORDING_SEQUENCE.DISPLAY_SCREEN[1]
190828.576 MOUSE_R BLOCK.RECORDING_SEQUENCE.MOUSE_R
190828.711 SET_BUTTON_PRESS2 BLOCK.RECORDING_SEQUENCE.SET_BUTTON_PRESS2
190828.862 ADD_TO_RESULTS_FILE[1] BLOCK.RECORDING_SEQUENCE.ADD_TO_RESULTS_FILE[1]
190828.943 SetValueAction 
190829.649 TRIAL_IMAGE BLOCK.RECORDING_SEQUENCE.TRIAL_IMAGE (BEGIN) 
190834.370 TRIAL_IMAGE BLOCK.RECORDING_SEQUENCE.TRIAL_IMAGE
191309.445 TIMER[2] BLOCK.RECORDING_SEQUENCE.TIMER[2]
191319.611 DISPLAY_SCREEN[1] BLOCK.RECORDING_SEQUENCE.DISPLAY_SCREEN[1] (BEGIN) 
191334.524 DISPLAY_SCREEN[1] BLOCK.RECORDING_SEQUENCE.DISPLAY_SCREEN[1]
192668.474 MOUSE_R BLOCK.RECORDING_SEQUENCE.MOUSE_R
192668.611 SET_BUTTON_PRESS2 BLOCK.RECORDING_SEQUENCE.SET_BUTTON_PRESS2
192668.751 ADD_TO_RESULTS_FILE[1] BLOCK.RECORDING_SEQUENCE.ADD_TO_RESULTS_FILE[1]
192668.804 SetValueAction 
192669.538 TRIAL_IMAGE BLOCK.RECORDING_SEQUENCE.TRIAL_IMAGE (BEGIN) 
192684.935 TRIAL_IMAGE BLOCK.RECORDING_SEQUENCE.TRIAL_IMAGE
193159.993 TIMER[2] BLOCK.RECORDING_SEQUENCE.TIMER[2]
193170.612 DISPLAY_SCREEN[1] BLOCK.RECORDING_SEQUENCE.DISPLAY_SCREEN[1] (BEGIN) 
193185.064 DISPLAY_SCREEN[1] BLOCK.RECORDING_SEQUENCE.DISPLAY_SCREEN[1]
195685.145 TIMER[1] BLOCK.RECORDING_SEQUENCE.TIMER[1]
195685.281 SET_BUTTON_PRESS BLOCK.RECORDING_SEQUENCE.SET_BUTTON_PRESS
195685.422 ADD_TO_RESULTS_FILE[1] BLOCK.RECORDING_SEQUENCE.ADD_TO_RESULTS_FILE[1]
195685.472 SetValueAction 
195686.229 TRIAL_IMAGE BLOCK.RECORDING_SEQUENCE.TRIAL_IMAGE (BEGIN) 
195702.486 TRIAL_IMAGE BLOCK.RECORDING_SEQUENCE.TRIAL_IMAGE
196177.557 TIMER[2] BLOCK.RECORDING_SEQUENCE.TIMER[2]
196187.612 DISPLAY_SCREEN[1] BLOCK.RECORDING_SEQUENCE.DISPLAY_SCREEN[1] (BEGIN) 
196202.628 DISPLAY_SCREEN[1] BLOCK.RECORDING_SEQUENCE.DISPLAY_SCREEN[1]
198702.632 TIMER[1] BLOCK.RECORDING_SEQUENCE.TIMER[1]
198702.769 SET_BUTTON_PRESS BLOCK.RECORDING_SEQUENCE.SET_BUTTON_PRESS
198702.910 ADD_TO_RESULTS_FILE[1] BLOCK.RECORDING_SEQUENCE.ADD_TO_RESULTS_FILE[1]
198702.961 SetValueAction 
198712.097 TRIAL_IMAGE BLOCK.RECORDING_SEQUENCE.TRIAL_IMAGE (BEGIN) 
198720.034 TRIAL_IMAGE BLOCK.RECORDING_SEQUENCE.TRIAL_IMAGE
199195.117 TIMER[2] BLOCK.RECORDING_SEQUENCE.TIMER[2]
199205.612 DISPLAY_SCREEN[1] BLOCK.RECORDING_SEQUENCE.DISPLAY_SCREEN[1] (BEGIN) 
199220.196 DISPLAY_SCREEN[1] BLOCK.RECORDING_SEQUENCE.DISPLAY_SCREEN[1]
201720.189 TIMER[1] BLOCK.RECORDING_SEQUENCE.TIMER[1]
201720.350 SET_BUTTON_PRESS BLOCK.RECORDING_SEQUENCE.SET_BUTTON_PRESS
201720.492 ADD_TO_RESULTS_FILE[1] BLOCK.RECORDING_SEQUENCE.ADD_TO_RESULTS_FILE[1]
201720.544 SetValueAction 
201729.528 TRIAL_IMAGE BLOCK.RECORDING_SEQUENCE.TRIAL_IMAGE (BEGIN) 
201737.587 TRIAL_IMAGE BLOCK.RECORDING_SEQUENCE.TRIAL_IMAGE
202212.718 TIMER[2] BLOCK.RECORDING_SEQUENCE.TIMER[2]
202222.612 DISPLAY_SCREEN[1] BLOCK.RECORDING_SEQUENCE.DISPLAY_SCREEN[1] (BEGIN) 
202237.733 DISPLAY_SCREEN[1] BLOCK.RECORDING_SEQUENCE.DISPLAY_SCREEN[1]
204737.785 TIMER[1] BLOCK.RECORDING_SEQUENCE.TIMER[1]
204737.921 SET_BUTTON_PRESS BLOCK.RECORDING_SEQUENCE.SET_BUTTON_PRESS
204738.064 ADD_TO_RESULTS_FILE[1] BLOCK.RECORDING_SEQUENCE.ADD_TO_RESULTS_FILE[1]
204738.116 SetValueAction 
204738.829 TRIAL_IMAGE BLOCK.RECORDING_SEQUENCE.TRIAL_IMAGE (BEGIN) 
204755.148 TRIAL_IMAGE BLOCK.RECORDING_SEQUENCE.TRIAL_IMAGE
205230.232 TIMER[2] BLOCK.RECORDING_SEQUENCE.TIMER[2]
205240.612 DISPLAY_SCREEN[1] BLOCK.RECORDING_SEQUENCE.DISPLAY_SCREEN[1] (BEGIN) 
205255.288 DISPLAY_SCREEN[1] BLOCK.RECORDING_SEQUENCE.DISPLAY_SCREEN[1]
207755.338 TIMER[1] BLOCK.RECORDING_SEQUENCE.TIMER[1]
207755.474 SET_BUTTON_PRESS BLOCK.RECORDING_SEQUENCE.SET_BUTTON_PRESS
207755.635 ADD_TO_RESULTS_FILE[1] BLOCK.RECORDING_SEQUENCE.ADD_TO_RESULTS_FILE[1]
207755.685 SetValueAction 
207764.500 TRIAL_IMAGE BLOCK.RECORDING_SEQUENCE.TRIAL_IMAGE (BEGIN) 
207772.689 TRIAL_IMAGE BLOCK.RECORDING_SEQUENCE.TRIAL_IMAGE
208247.761 TIMER[2] BLOCK.RECORDING_SEQUENCE.TIMER[2]
208257.612 DISPLAY_SCREEN[1] BLOCK.RECORDING_SEQUENCE.DISPLAY_SCREEN[1] (BEGIN) 
208272.853 DISPLAY_SCREEN[1] BLOCK.RECORDING_SEQUENCE.DISPLAY_SCREEN[1]
210772.858 TIMER[1] BLOCK.RECORDING_SEQUENCE.TIMER[1]
210772.996 SET_BUTTON_PRESS BLOCK.RECORDING_SEQUENCE.SET_BUTTON_PRESS
210773.137 ADD_TO_RESULTS_FILE[1] BLOCK.RECORDING_SEQUENCE.ADD_TO_RESULTS_FILE[1]
210773.190 SetValueAction 
210773.916 TRIAL_IMAGE BLOCK.RECORDING_SEQUENCE.TRIAL_IMAGE (BEGIN) 
210790.252 TRIAL_IMAGE BLOCK.RECORDING_SEQUENCE.TRIAL_IMAGE
211265.308 TIMER[2] BLOCK.RECORDING_SEQUENCE.TIMER[2]
211275.612 DISPLAY_SCREEN[1] BLOCK.RECORDING_SEQUENCE.DISPLAY_SCREEN[1] (BEGIN) 
211290.407 DISPLAY_SCREEN[1] BLOCK.RECORDING_SEQUENCE.DISPLAY_SCREEN[1]
211444.240 MOUSE_R BLOCK.RECORDING_SEQUENCE.MOUSE_R
211444.366 SET_BUTTON_PRESS2 BLOCK.RECORDING_SEQUENCE.SET_BUTTON_PRESS2
211444.501 ADD_TO_RESULTS_FILE[1] BLOCK.RECORDING_SEQUENCE.ADD_TO_RESULTS_FILE[1]
211444.549 SetValueAction 
211445.204 TRIAL_IMAGE BLOCK.RECORDING_SEQUENCE.TRIAL_IMAGE (BEGIN) 
211457.108 TRIAL_IMAGE BLOCK.RECORDING_SEQUENCE.TRIAL_IMAGE
211932.175 TIMER[2] BLOCK.RECORDING_SEQUENCE.TIMER[2]
211942.611 DISPLAY_SCREEN[1] BLOCK.RECORDING_SEQUENCE.DISPLAY_SCREEN[1] (BEGIN) 
211957.272 DISPLAY_SCREEN[1] BLOCK.RECORDING_SEQUENCE.DISPLAY_SCREEN[1]
214457.286 TIMER[1] BLOCK.RECORDING_SEQUENCE.TIMER[1]
214457.421 SET_BUTTON_PRESS BLOCK.RECORDING_SEQUENCE.SET_BUTTON_PRESS
214457.561 ADD_TO_RESULTS_FILE[1] BLOCK.RECORDING_SEQUENCE.ADD_TO_RESULTS_FILE[1]
214457.613 SetValueAction 
214466.467 TRIAL_IMAGE BLOCK.RECORDING_SEQUENCE.TRIAL_IMAGE (BEGIN) 
214474.670 TRIAL_IMAGE BLOCK.RECORDING_SEQUENCE.TRIAL_IMAGE
214949.764 TIMER[2] BLOCK.RECORDING_SEQUENCE.TIMER[2]
214959.613 DISPLAY_SCREEN[1] BLOCK.RECORDING_SEQUENCE.DISPLAY_SCREEN[1] (BEGIN) 
214974.821 DISPLAY_SCREEN[1] BLOCK.RECORDING_SEQUENCE.DISPLAY_SCREEN[1]
215116.433 MOUSE_R BLOCK.RECORDING_SEQUENCE.MOUSE_R
215116.559 SET_BUTTON_PRESS2 BLOCK.RECORDING_SEQUENCE.SET_BUTTON_PRESS2
215116.699 ADD_TO_RESULTS_FILE[1] BLOCK.RECORDING_SEQUENCE.ADD_TO_RESULTS_FILE[1]
215116.750 SetValueAction 
215117.398 TRIAL_IMAGE BLOCK.RECORDING_SEQUENCE.TRIAL_IMAGE (BEGIN) 
215124.858 TRIAL_IMAGE BLOCK.RECORDING_SEQUENCE.TRIAL_IMAGE
215599.946 TIMER[2] BLOCK.RECORDING_SEQUENCE.TIMER[2]
215609.612 DISPLAY_SCREEN[1] BLOCK.RECORDING_SEQUENCE.DISPLAY_SCREEN[1] (BEGIN) 
215625.015 DISPLAY_SCREEN[1] BLOCK.RECORDING_SEQUENCE.DISPLAY_SCREEN[1]
218125.015 TIMER[1] BLOCK.RECORDING_SEQUENCE.TIMER[1]
218125.156 SET_BUTTON_PRESS BLOCK.RECORDING_SEQUENCE.SET_BUTTON_PRESS
218125.297 ADD_TO_RESULTS_FILE[1] BLOCK.RECORDING_SEQUENCE.ADD_TO_RESULTS_FILE[1]
218125.350 SetValueAction 
218147.113 TRIAL_IMAGE BLOCK.RECORDING_SEQUENCE.TRIAL_IMAGE (BEGIN) 
218159.084 TRIAL_IMAGE BLOCK.RECORDING_SEQUENCE.TRIAL_IMAGE
218634.135 TIMER[2] BLOCK.RECORDING_SEQUENCE.TIMER[2]
218644.613 DISPLAY_SCREEN[1] BLOCK.RECORDING_SEQUENCE.DISPLAY_SCREEN[1] (BEGIN) 
218659.244 DISPLAY_SCREEN[1] BLOCK.RECORDING_SEQUENCE.DISPLAY_SCREEN[1]
221159.270 TIMER[1] BLOCK.RECORDING_SEQUENCE.TIMER[1]
221159.434 SET_BUTTON_PRESS BLOCK.RECORDING_SEQUENCE.SET_BUTTON_PRESS
221159.589 ADD_TO_RESULTS_FILE[1] BLOCK.RECORDING_SEQUENCE.ADD_TO_RESULTS_FILE[1]
221159.644 SetValueAction 
221160.399 TRIAL_IMAGE BLOCK.RECORDING_SEQUENCE.TRIAL_IMAGE (BEGIN) 
221176.651 TRIAL_IMAGE BLOCK.RECORDING_SEQUENCE.TRIAL_IMAGE
221651.712 TIMER[2] BLOCK.RECORDING_SEQUENCE.TIMER[2]
221661.612 DISPLAY_SCREEN[1] BLOCK.RECORDING_SEQUENCE.DISPLAY_SCREEN[1] (BEGIN) 
221676.792 DISPLAY_SCREEN[1] BLOCK.RECORDING_SEQUENCE.DISPLAY_SCREEN[1]
224176.819 TIMER[1] BLOCK.RECORDING_SEQUENCE.TIMER[1]
224176.954 SET_BUTTON_PRESS BLOCK.RECORDING_SEQUENCE.SET_BUTTON_PRESS
224177.094 ADD_TO_RESULTS_FILE[1] BLOCK.RECORDING_SEQUENCE.ADD_TO_RESULTS_FILE[1]
224177.147 SetValueAction 
224177.860 TRIAL_IMAGE BLOCK.RECORDING_SEQUENCE.TRIAL_IMAGE (BEGIN) 
224194.209 TRIAL_IMAGE BLOCK.RECORDING_SEQUENCE.TRIAL_IMAGE
224669.332 TIMER[2] BLOCK.RECORDING_SEQUENCE.TIMER[2]
224679.612 DISPLAY_SCREEN[1] BLOCK.RECORDING_SEQUENCE.DISPLAY_SCREEN[1] (BEGIN) 
224694.347 DISPLAY_SCREEN[1] BLOCK.RECORDING_SEQUENCE.DISPLAY_SCREEN[1]
227194.419 TIMER[1] BLOCK.RECORDING_SEQUENCE.TIMER[1]
227194.556 SET_BUTTON_PRESS BLOCK.RECORDING_SEQUENCE.SET_BUTTON_PRESS
227194.695 ADD_TO_RESULTS_FILE[1] BLOCK.RECORDING_SEQUENCE.ADD_TO_RESULTS_FILE[1]
227194.746 SetValueAction 
227195.466 TRIAL_IMAGE BLOCK.RECORDING_SEQUENCE.TRIAL_IMAGE (BEGIN) 
227211.758 TRIAL_IMAGE BLOCK.RECORDING_SEQUENCE.TRIAL_IMAGE
227686.831 TIMER[2] BLOCK.RECORDING_SEQUENCE.TIMER[2]
227696.611 DISPLAY_SCREEN[1] BLOCK.RECORDING_SEQUENCE.DISPLAY_SCREEN[1] (BEGIN) 
227711.910 DISPLAY_SCREEN[1] BLOCK.RECORDING_SEQUENCE.DISPLAY_SCREEN[1]
230211.963 TIMER[1] BLOCK.RECORDING_SEQUENCE.TIMER[1]
230212.103 SET_BUTTON_PRESS BLOCK.RECORDING_SEQUENCE.SET_BUTTON_PRESS
230212.244 ADD_TO_RESULTS_FILE[1] BLOCK.RECORDING_SEQUENCE.ADD_TO_RESULTS_FILE[1]
230212.297 SetValueAction 
230213.049 TRIAL_IMAGE BLOCK.RECORDING_SEQUENCE.TRIAL_IMAGE (BEGIN) 
230229.310 TRIAL_IMAGE BLOCK.RECORDING_SEQUENCE.TRIAL_IMAGE
230704.461 TIMER[2] BLOCK.RECORDING_SEQUENCE.TIMER[2]
230714.612 DISPLAY_SCREEN[1] BLOCK.RECORDING_SEQUENCE.DISPLAY_SCREEN[1] (BEGIN) 
230729.466 DISPLAY_SCREEN[1] BLOCK.RECORDING_SEQUENCE.DISPLAY_SCREEN[1]
233229.515 TIMER[1] BLOCK.RECORDING_SEQUENCE.TIMER[1]
233229.655 SET_BUTTON_PRESS BLOCK.RECORDING_SEQUENCE.SET_BUTTON_PRESS
233229.796 ADD_TO_RESULTS_FILE[1] BLOCK.RECORDING_SEQUENCE.ADD_TO_RESULTS_FILE[1]
233229.848 SetValueAction 
233249.035 TRIAL_IMAGE BLOCK.RECORDING_SEQUENCE.TRIAL_IMAGE (BEGIN) 
233263.552 TRIAL_IMAGE BLOCK.RECORDING_SEQUENCE.TRIAL_IMAGE
233738.649 TIMER[2] BLOCK.RECORDING_SEQUENCE.TIMER[2]
233748.612 DISPLAY_SCREEN[1] BLOCK.RECORDING_SEQUENCE.DISPLAY_SCREEN[1] (BEGIN) 
233763.688 DISPLAY_SCREEN[1] BLOCK.RECORDING_SEQUENCE.DISPLAY_SCREEN[1]
233923.392 MOUSE_R BLOCK.RECORDING_SEQUENCE.MOUSE_R
233923.522 SET_BUTTON_PRESS2 BLOCK.RECORDING_SEQUENCE.SET_BUTTON_PRESS2
233923.662 ADD_TO_RESULTS_FILE[1] BLOCK.RECORDING_SEQUENCE.ADD_TO_RESULTS_FILE[1]
233923.713 SetValueAction 
233924.373 TRIAL_IMAGE BLOCK.RECORDING_SEQUENCE.TRIAL_IMAGE (BEGIN) 
233930.399 TRIAL_IMAGE BLOCK.RECORDING_SEQUENCE.TRIAL_IMAGE
234405.529 TIMER[2] BLOCK.RECORDING_SEQUENCE.TIMER[2]
234415.610 DISPLAY_SCREEN[1] BLOCK.RECORDING_SEQUENCE.DISPLAY_SCREEN[1] (BEGIN) 
234430.553 DISPLAY_SCREEN[1] BLOCK.RECORDING_SEQUENCE.DISPLAY_SCREEN[1]
236540.185 MOUSE_R BLOCK.RECORDING_SEQUENCE.MOUSE_R
236540.328 SET_BUTTON_PRESS2 BLOCK.RECORDING_SEQUENCE.SET_BUTTON_PRESS2
236540.472 ADD_TO_RESULTS_FILE[1] BLOCK.RECORDING_SEQUENCE.ADD_TO_RESULTS_FILE[1]
236540.525 SetValueAction 
236541.219 TRIAL_IMAGE BLOCK.RECORDING_SEQUENCE.TRIAL_IMAGE (BEGIN) 
236547.833 TRIAL_IMAGE BLOCK.RECORDING_SEQUENCE.TRIAL_IMAGE
237022.961 TIMER[2] BLOCK.RECORDING_SEQUENCE.TIMER[2]
237032.613 DISPLAY_SCREEN[1] BLOCK.RECORDING_SEQUENCE.DISPLAY_SCREEN[1] (BEGIN) 
237047.986 DISPLAY_SCREEN[1] BLOCK.RECORDING_SEQUENCE.DISPLAY_SCREEN[1]
239548.018 TIMER[1] BLOCK.RECORDING_SEQUENCE.TIMER[1]
239548.153 SET_BUTTON_PRESS BLOCK.RECORDING_SEQUENCE.SET_BUTTON_PRESS
239548.294 ADD_TO_RESULTS_FILE[1] BLOCK.RECORDING_SEQUENCE.ADD_TO_RESULTS_FILE[1]
239548.345 SetValueAction 
239585.951 TRIAL_IMAGE BLOCK.RECORDING_SEQUENCE.TRIAL_IMAGE (BEGIN) 
239598.759 TRIAL_IMAGE BLOCK.RECORDING_SEQUENCE.TRIAL_IMAGE
240073.847 TIMER[2] BLOCK.RECORDING_SEQUENCE.TIMER[2]
240083.615 DISPLAY_SCREEN[1] BLOCK.RECORDING_SEQUENCE.DISPLAY_SCREEN[1] (BEGIN) 
240098.886 DISPLAY_SCREEN[1] BLOCK.RECORDING_SEQUENCE.DISPLAY_SCREEN[1]
242598.890 TIMER[1] BLOCK.RECORDING_SEQUENCE.TIMER[1]
242599.031 SET_BUTTON_PRESS BLOCK.RECORDING_SEQUENCE.SET_BUTTON_PRESS
242599.171 ADD_TO_RESULTS_FILE[1] BLOCK.RECORDING_SEQUENCE.ADD_TO_RESULTS_FILE[1]
242599.223 SetValueAction 
242599.936 TRIAL_IMAGE BLOCK.RECORDING_SEQUENCE.TRIAL_IMAGE (BEGIN) 
242616.300 TRIAL_IMAGE BLOCK.RECORDING_SEQUENCE.TRIAL_IMAGE
243091.425 TIMER[2] BLOCK.RECORDING_SEQUENCE.TIMER[2]
243101.612 DISPLAY_SCREEN[1] BLOCK.RECORDING_SEQUENCE.DISPLAY_SCREEN[1] (BEGIN) 
243116.435 DISPLAY_SCREEN[1] BLOCK.RECORDING_SEQUENCE.DISPLAY_SCREEN[1]
245616.447 TIMER[1] BLOCK.RECORDING_SEQUENCE.TIMER[1]
245616.585 SET_BUTTON_PRESS BLOCK.RECORDING_SEQUENCE.SET_BUTTON_PRESS
245616.725 ADD_TO_RESULTS_FILE[1] BLOCK.RECORDING_SEQUENCE.ADD_TO_RESULTS_FILE[1]
245616.777 SetValueAction 
245625.302 TRIAL_IMAGE BLOCK.RECORDING_SEQUENCE.TRIAL_IMAGE (BEGIN) 
245633.847 TRIAL_IMAGE BLOCK.RECORDING_SEQUENCE.TRIAL_IMAGE
246108.927 TIMER[2] BLOCK.RECORDING_SEQUENCE.TIMER[2]
246118.612 DISPLAY_SCREEN[1] BLOCK.RECORDING_SEQUENCE.DISPLAY_SCREEN[1] (BEGIN) 
246134.022 DISPLAY_SCREEN[1] BLOCK.RECORDING_SEQUENCE.DISPLAY_SCREEN[1]
246548.588 MOUSE_R BLOCK.RECORDING_SEQUENCE.MOUSE_R
246548.719 SET_BUTTON_PRESS2 BLOCK.RECORDING_SEQUENCE.SET_BUTTON_PRESS2
246548.860 ADD_TO_RESULTS_FILE[1] BLOCK.RECORDING_SEQUENCE.ADD_TO_RESULTS_FILE[1]
246548.911 SetValueAction 
246552.614 TRIAL_IMAGE BLOCK.RECORDING_SEQUENCE.TRIAL_IMAGE (BEGIN) 
246567.461 TRIAL_IMAGE BLOCK.RECORDING_SEQUENCE.TRIAL_IMAGE
247042.586 TIMER[2] BLOCK.RECORDING_SEQUENCE.TIMER[2]
247052.611 DISPLAY_SCREEN[1] BLOCK.RECORDING_SEQUENCE.DISPLAY_SCREEN[1] (BEGIN) 
247067.614 DISPLAY_SCREEN[1] BLOCK.RECORDING_SEQUENCE.DISPLAY_SCREEN[1]
249567.616 TIMER[1] BLOCK.RECORDING_SEQUENCE.TIMER[1]
249567.754 SET_BUTTON_PRESS BLOCK.RECORDING_SEQUENCE.SET_BUTTON_PRESS
249567.895 ADD_TO_RESULTS_FILE[1] BLOCK.RECORDING_SEQUENCE.ADD_TO_RESULTS_FILE[1]
249567.948 SetValueAction 
249568.676 TRIAL_IMAGE BLOCK.RECORDING_SEQUENCE.TRIAL_IMAGE (BEGIN) 
249585.011 TRIAL_IMAGE BLOCK.RECORDING_SEQUENCE.TRIAL_IMAGE
250060.054 TIMER[2] BLOCK.RECORDING_SEQUENCE.TIMER[2]
250070.612 DISPLAY_SCREEN[1] BLOCK.RECORDING_SEQUENCE.DISPLAY_SCREEN[1] (BEGIN) 
250085.178 DISPLAY_SCREEN[1] BLOCK.RECORDING_SEQUENCE.DISPLAY_SCREEN[1]
252585.177 TIMER[1] BLOCK.RECORDING_SEQUENCE.TIMER[1]
252585.350 SET_BUTTON_PRESS BLOCK.RECORDING_SEQUENCE.SET_BUTTON_PRESS
252585.490 ADD_TO_RESULTS_FILE[1] BLOCK.RECORDING_SEQUENCE.ADD_TO_RESULTS_FILE[1]
252585.543 SetValueAction 
252586.298 TRIAL_IMAGE BLOCK.RECORDING_SEQUENCE.TRIAL_IMAGE (BEGIN) 
252602.576 TRIAL_IMAGE BLOCK.RECORDING_SEQUENCE.TRIAL_IMAGE
253077.694 TIMER[2] BLOCK.RECORDING_SEQUENCE.TIMER[2]
253087.612 DISPLAY_SCREEN[1] BLOCK.RECORDING_SEQUENCE.DISPLAY_SCREEN[1] (BEGIN) 
253102.719 DISPLAY_SCREEN[1] BLOCK.RECORDING_SEQUENCE.DISPLAY_SCREEN[1]
255602.787 TIMER[1] BLOCK.RECORDING_SEQUENCE.TIMER[1]
255602.923 SET_BUTTON_PRESS BLOCK.RECORDING_SEQUENCE.SET_BUTTON_PRESS
255603.063 ADD_TO_RESULTS_FILE[1] BLOCK.RECORDING_SEQUENCE.ADD_TO_RESULTS_FILE[1]
255603.116 SetValueAction 
255611.730 TRIAL_IMAGE BLOCK.RECORDING_SEQUENCE.TRIAL_IMAGE (BEGIN) 
255620.128 TRIAL_IMAGE BLOCK.RECORDING_SEQUENCE.TRIAL_IMAGE
256095.192 TIMER[2] BLOCK.RECORDING_SEQUENCE.TIMER[2]
256105.612 DISPLAY_SCREEN[1] BLOCK.RECORDING_SEQUENCE.DISPLAY_SCREEN[1] (BEGIN) 
256120.275 DISPLAY_SCREEN[1] BLOCK.RECORDING_SEQUENCE.DISPLAY_SCREEN[1]
256120.551 MOUSE_R BLOCK.RECORDING_SEQUENCE.MOUSE_R
256120.679 SET_BUTTON_PRESS2 BLOCK.RECORDING_SEQUENCE.SET_BUTTON_PRESS2
256120.817 ADD_TO_RESULTS_FILE[1] BLOCK.RECORDING_SEQUENCE.ADD_TO_RESULTS_FILE[1]
256120.868 SetValueAction 
256129.691 TRIAL_IMAGE BLOCK.RECORDING_SEQUENCE.TRIAL_IMAGE (BEGIN) 
256136.944 TRIAL_IMAGE BLOCK.RECORDING_SEQUENCE.TRIAL_IMAGE
256612.075 TIMER[2] BLOCK.RECORDING_SEQUENCE.TIMER[2]
256622.612 DISPLAY_SCREEN[1] BLOCK.RECORDING_SEQUENCE.DISPLAY_SCREEN[1] (BEGIN) 
256637.094 DISPLAY_SCREEN[1] BLOCK.RECORDING_SEQUENCE.DISPLAY_SCREEN[1]
259137.153 TIMER[1] BLOCK.RECORDING_SEQUENCE.TIMER[1]
259137.287 SET_BUTTON_PRESS BLOCK.RECORDING_SEQUENCE.SET_BUTTON_PRESS
259137.427 ADD_TO_RESULTS_FILE[1] BLOCK.RECORDING_SEQUENCE.ADD_TO_RESULTS_FILE[1]
259137.479 SetValueAction 
259138.214 TRIAL_IMAGE BLOCK.RECORDING_SEQUENCE.TRIAL_IMAGE (BEGIN) 
259154.513 TRIAL_IMAGE BLOCK.RECORDING_SEQUENCE.TRIAL_IMAGE
259629.647 TIMER[2] BLOCK.RECORDING_SEQUENCE.TIMER[2]
259639.611 DISPLAY_SCREEN[1] BLOCK.RECORDING_SEQUENCE.DISPLAY_SCREEN[1] (BEGIN) 
259654.642 DISPLAY_SCREEN[1] BLOCK.RECORDING_SEQUENCE.DISPLAY_SCREEN[1]
260378.712 MOUSE_R BLOCK.RECORDING_SEQUENCE.MOUSE_R
260378.853 SET_BUTTON_PRESS2 BLOCK.RECORDING_SEQUENCE.SET_BUTTON_PRESS2
260378.995 ADD_TO_RESULTS_FILE[1] BLOCK.RECORDING_SEQUENCE.ADD_TO_RESULTS_FILE[1]
260379.047 SetValueAction 
260379.711 TRIAL_IMAGE BLOCK.RECORDING_SEQUENCE.TRIAL_IMAGE (BEGIN) 
260388.193 TRIAL_IMAGE BLOCK.RECORDING_SEQUENCE.TRIAL_IMAGE
260863.286 TIMER[2] BLOCK.RECORDING_SEQUENCE.TIMER[2]
260873.612 DISPLAY_SCREEN[1] BLOCK.RECORDING_SEQUENCE.DISPLAY_SCREEN[1] (BEGIN) 
260888.346 DISPLAY_SCREEN[1] BLOCK.RECORDING_SEQUENCE.DISPLAY_SCREEN[1]
263244.095 MOUSE_R BLOCK.RECORDING_SEQUENCE.MOUSE_R
263244.240 SET_BUTTON_PRESS2 BLOCK.RECORDING_SEQUENCE.SET_BUTTON_PRESS2
263244.383 ADD_TO_RESULTS_FILE[1] BLOCK.RECORDING_SEQUENCE.ADD_TO_RESULTS_FILE[1]
263244.436 SetValueAction 
263265.004 TRIAL_IMAGE BLOCK.RECORDING_SEQUENCE.TRIAL_IMAGE (BEGIN) 
263272.377 TRIAL_IMAGE BLOCK.RECORDING_SEQUENCE.TRIAL_IMAGE
263747.487 TIMER[2] BLOCK.RECORDING_SEQUENCE.TIMER[2]
263757.613 DISPLAY_SCREEN[1] BLOCK.RECORDING_SEQUENCE.DISPLAY_SCREEN[1] (BEGIN) 
263772.526 DISPLAY_SCREEN[1] BLOCK.RECORDING_SEQUENCE.DISPLAY_SCREEN[1]
265939.713 MOUSE_R BLOCK.RECORDING_SEQUENCE.MOUSE_R
265939.875 SET_BUTTON_PRESS2 BLOCK.RECORDING_SEQUENCE.SET_BUTTON_PRESS2
265940.018 ADD_TO_RESULTS_FILE[1] BLOCK.RECORDING_SEQUENCE.ADD_TO_RESULTS_FILE[1]
265940.071 SetValueAction 
265940.805 TRIAL_IMAGE BLOCK.RECORDING_SEQUENCE.TRIAL_IMAGE (BEGIN) 
265956.502 TRIAL_IMAGE BLOCK.RECORDING_SEQUENCE.TRIAL_IMAGE
266431.569 TIMER[2] BLOCK.RECORDING_SEQUENCE.TIMER[2]
266441.613 DISPLAY_SCREEN[1] BLOCK.RECORDING_SEQUENCE.DISPLAY_SCREEN[1] (BEGIN) 
266456.659 DISPLAY_SCREEN[1] BLOCK.RECORDING_SEQUENCE.DISPLAY_SCREEN[1]
268259.161 MOUSE_R BLOCK.RECORDING_SEQUENCE.MOUSE_R
268259.299 SET_BUTTON_PRESS2 BLOCK.RECORDING_SEQUENCE.SET_BUTTON_PRESS2
268259.441 ADD_TO_RESULTS_FILE[1] BLOCK.RECORDING_SEQUENCE.ADD_TO_RESULTS_FILE[1]
268259.494 SetValueAction 
268260.177 TRIAL_IMAGE BLOCK.RECORDING_SEQUENCE.TRIAL_IMAGE (BEGIN) 
268273.855 TRIAL_IMAGE BLOCK.RECORDING_SEQUENCE.TRIAL_IMAGE
268748.979 TIMER[2] BLOCK.RECORDING_SEQUENCE.TIMER[2]
268758.614 DISPLAY_SCREEN[1] BLOCK.RECORDING_SEQUENCE.DISPLAY_SCREEN[1] (BEGIN) 
268774.001 DISPLAY_SCREEN[1] BLOCK.RECORDING_SEQUENCE.DISPLAY_SCREEN[1]
271002.351 MOUSE_R BLOCK.RECORDING_SEQUENCE.MOUSE_R
271002.490 SET_BUTTON_PRESS2 BLOCK.RECORDING_SEQUENCE.SET_BUTTON_PRESS2
271002.631 ADD_TO_RESULTS_FILE[1] BLOCK.RECORDING_SEQUENCE.ADD_TO_RESULTS_FILE[1]
271002.684 SetValueAction 
271003.426 TRIAL_IMAGE BLOCK.RECORDING_SEQUENCE.TRIAL_IMAGE (BEGIN) 
271008.002 TRIAL_IMAGE BLOCK.RECORDING_SEQUENCE.TRIAL_IMAGE
271483.100 TIMER[2] BLOCK.RECORDING_SEQUENCE.TIMER[2]
271493.612 DISPLAY_SCREEN[1] BLOCK.RECORDING_SEQUENCE.DISPLAY_SCREEN[1] (BEGIN) 
271508.140 DISPLAY_SCREEN[1] BLOCK.RECORDING_SEQUENCE.DISPLAY_SCREEN[1]
271851.591 MOUSE_R BLOCK.RECORDING_SEQUENCE.MOUSE_R
271851.725 SET_BUTTON_PRESS2 BLOCK.RECORDING_SEQUENCE.SET_BUTTON_PRESS2
271851.863 ADD_TO_RESULTS_FILE[1] BLOCK.RECORDING_SEQUENCE.ADD_TO_RESULTS_FILE[1]
271851.914 SetValueAction 
271861.924 TRIAL_IMAGE BLOCK.RECORDING_SEQUENCE.TRIAL_IMAGE (BEGIN) 
271874.920 TRIAL_IMAGE BLOCK.RECORDING_SEQUENCE.TRIAL_IMAGE
272349.974 TIMER[2] BLOCK.RECORDING_SEQUENCE.TIMER[2]
272360.612 DISPLAY_SCREEN[1] BLOCK.RECORDING_SEQUENCE.DISPLAY_SCREEN[1] (BEGIN) 
272375.065 DISPLAY_SCREEN[1] BLOCK.RECORDING_SEQUENCE.DISPLAY_SCREEN[1]
273074.430 MOUSE_R BLOCK.RECORDING_SEQUENCE.MOUSE_R
273074.570 SET_BUTTON_PRESS2 BLOCK.RECORDING_SEQUENCE.SET_BUTTON_PRESS2
273074.712 ADD_TO_RESULTS_FILE[1] BLOCK.RECORDING_SEQUENCE.ADD_TO_RESULTS_FILE[1]
273074.763 SetValueAction 
273075.438 TRIAL_IMAGE BLOCK.RECORDING_SEQUENCE.TRIAL_IMAGE (BEGIN) 
273091.938 TRIAL_IMAGE BLOCK.RECORDING_SEQUENCE.TRIAL_IMAGE
273566.992 TIMER[2] BLOCK.RECORDING_SEQUENCE.TIMER[2]
273577.614 DISPLAY_SCREEN[1] BLOCK.RECORDING_SEQUENCE.DISPLAY_SCREEN[1] (BEGIN) 
273592.082 DISPLAY_SCREEN[1] BLOCK.RECORDING_SEQUENCE.DISPLAY_SCREEN[1]
274363.697 MOUSE_R BLOCK.RECORDING_SEQUENCE.MOUSE_R
274363.834 SET_BUTTON_PRESS2 BLOCK.RECORDING_SEQUENCE.SET_BUTTON_PRESS2
274363.974 ADD_TO_RESULTS_FILE[1] BLOCK.RECORDING_SEQUENCE.ADD_TO_RESULTS_FILE[1]
274364.026 SetValueAction 
274364.734 TRIAL_IMAGE BLOCK.RECORDING_SEQUENCE.TRIAL_IMAGE (BEGIN) 
274375.640 TRIAL_IMAGE BLOCK.RECORDING_SEQUENCE.TRIAL_IMAGE
274850.728 TIMER[2] BLOCK.RECORDING_SEQUENCE.TIMER[2]
274860.613 DISPLAY_SCREEN[1] BLOCK.RECORDING_SEQUENCE.DISPLAY_SCREEN[1] (BEGIN) 
274875.793 DISPLAY_SCREEN[1] BLOCK.RECORDING_SEQUENCE.DISPLAY_SCREEN[1]
276282.239 MOUSE_R BLOCK.RECORDING_SEQUENCE.MOUSE_R
276282.376 SET_BUTTON_PRESS2 BLOCK.RECORDING_SEQUENCE.SET_BUTTON_PRESS2
276282.519 ADD_TO_RESULTS_FILE[1] BLOCK.RECORDING_SEQUENCE.ADD_TO_RESULTS_FILE[1]
276282.571 SetValueAction 
276330.128 TRIAL_IMAGE BLOCK.RECORDING_SEQUENCE.TRIAL_IMAGE (BEGIN) 
276342.908 TRIAL_IMAGE BLOCK.RECORDING_SEQUENCE.TRIAL_IMAGE
276818.017 TIMER[2] BLOCK.RECORDING_SEQUENCE.TIMER[2]
276828.614 DISPLAY_SCREEN[1] BLOCK.RECORDING_SEQUENCE.DISPLAY_SCREEN[1] (BEGIN) 
276843.037 DISPLAY_SCREEN[1] BLOCK.RECORDING_SEQUENCE.DISPLAY_SCREEN[1]
279331.012 MOUSE_R BLOCK.RECORDING_SEQUENCE.MOUSE_R
279331.154 SET_BUTTON_PRESS2 BLOCK.RECORDING_SEQUENCE.SET_BUTTON_PRESS2
279331.320 ADD_TO_RESULTS_FILE[1] BLOCK.RECORDING_SEQUENCE.ADD_TO_RESULTS_FILE[1]
279331.373 SetValueAction 
279332.086 TRIAL_IMAGE BLOCK.RECORDING_SEQUENCE.TRIAL_IMAGE (BEGIN) 
279343.778 TRIAL_IMAGE BLOCK.RECORDING_SEQUENCE.TRIAL_IMAGE
279818.860 TIMER[2] BLOCK.RECORDING_SEQUENCE.TIMER[2]
279828.612 DISPLAY_SCREEN[1] BLOCK.RECORDING_SEQUENCE.DISPLAY_SCREEN[1] (BEGIN) 
279843.925 DISPLAY_SCREEN[1] BLOCK.RECORDING_SEQUENCE.DISPLAY_SCREEN[1]
282343.971 TIMER[1] BLOCK.RECORDING_SEQUENCE.TIMER[1]
282344.108 SET_BUTTON_PRESS BLOCK.RECORDING_SEQUENCE.SET_BUTTON_PRESS
282344.249 ADD_TO_RESULTS_FILE[1] BLOCK.RECORDING_SEQUENCE.ADD_TO_RESULTS_FILE[1]
282344.302 SetValueAction 
282345.036 TRIAL_IMAGE BLOCK.RECORDING_SEQUENCE.TRIAL_IMAGE (BEGIN) 
282361.342 TRIAL_IMAGE BLOCK.RECORDING_SEQUENCE.TRIAL_IMAGE
282836.433 TIMER[2] BLOCK.RECORDING_SEQUENCE.TIMER[2]
282846.612 DISPLAY_SCREEN[1] BLOCK.RECORDING_SEQUENCE.DISPLAY_SCREEN[1] (BEGIN) 
282861.480 DISPLAY_SCREEN[1] BLOCK.RECORDING_SEQUENCE.DISPLAY_SCREEN[1]
283922.570 MOUSE_R BLOCK.RECORDING_SEQUENCE.MOUSE_R
283922.707 SET_BUTTON_PRESS2 BLOCK.RECORDING_SEQUENCE.SET_BUTTON_PRESS2
283922.849 ADD_TO_RESULTS_FILE[1] BLOCK.RECORDING_SEQUENCE.ADD_TO_RESULTS_FILE[1]
283922.900 SetValueAction 
283923.664 TRIAL_IMAGE BLOCK.RECORDING_SEQUENCE.TRIAL_IMAGE (BEGIN) 
283928.457 TRIAL_IMAGE BLOCK.RECORDING_SEQUENCE.TRIAL_IMAGE
284403.551 TIMER[2] BLOCK.RECORDING_SEQUENCE.TIMER[2]
284413.611 DISPLAY_SCREEN[1] BLOCK.RECORDING_SEQUENCE.DISPLAY_SCREEN[1] (BEGIN) 
284428.613 DISPLAY_SCREEN[1] BLOCK.RECORDING_SEQUENCE.DISPLAY_SCREEN[1]
286928.625 TIMER[1] BLOCK.RECORDING_SEQUENCE.TIMER[1]
286928.763 SET_BUTTON_PRESS BLOCK.RECORDING_SEQUENCE.SET_BUTTON_PRESS
286928.903 ADD_TO_RESULTS_FILE[1] BLOCK.RECORDING_SEQUENCE.ADD_TO_RESULTS_FILE[1]
286928.955 SetValueAction 
286929.728 TRIAL_IMAGE BLOCK.RECORDING_SEQUENCE.TRIAL_IMAGE (BEGIN) 
286946.018 TRIAL_IMAGE BLOCK.RECORDING_SEQUENCE.TRIAL_IMAGE
287421.129 TIMER[2] BLOCK.RECORDING_SEQUENCE.TIMER[2]
287431.611 DISPLAY_SCREEN[1] BLOCK.RECORDING_SEQUENCE.DISPLAY_SCREEN[1] (BEGIN) 
287446.168 DISPLAY_SCREEN[1] BLOCK.RECORDING_SEQUENCE.DISPLAY_SCREEN[1]
289946.187 TIMER[1] BLOCK.RECORDING_SEQUENCE.TIMER[1]
289946.327 SET_BUTTON_PRESS BLOCK.RECORDING_SEQUENCE.SET_BUTTON_PRESS
289946.469 ADD_TO_RESULTS_FILE[1] BLOCK.RECORDING_SEQUENCE.ADD_TO_RESULTS_FILE[1]
289946.524 SetValueAction 
289947.232 TRIAL_IMAGE BLOCK.RECORDING_SEQUENCE.TRIAL_IMAGE (BEGIN) 
289963.582 TRIAL_IMAGE BLOCK.RECORDING_SEQUENCE.TRIAL_IMAGE
290438.635 TIMER[2] BLOCK.RECORDING_SEQUENCE.TIMER[2]
290448.612 DISPLAY_SCREEN[1] BLOCK.RECORDING_SEQUENCE.DISPLAY_SCREEN[1] (BEGIN) 
290463.719 DISPLAY_SCREEN[1] BLOCK.RECORDING_SEQUENCE.DISPLAY_SCREEN[1]
292963.748 TIMER[1] BLOCK.RECORDING_SEQUENCE.TIMER[1]
292963.889 SET_BUTTON_PRESS BLOCK.RECORDING_SEQUENCE.SET_BUTTON_PRESS
292964.035 ADD_TO_RESULTS_FILE[1] BLOCK.RECORDING_SEQUENCE.ADD_TO_RESULTS_FILE[1]
292964.090 SetValueAction 
292974.159 TRIAL_IMAGE BLOCK.RECORDING_SEQUENCE.TRIAL_IMAGE (BEGIN) 
292981.130 TRIAL_IMAGE BLOCK.RECORDING_SEQUENCE.TRIAL_IMAGE
293456.252 TIMER[2] BLOCK.RECORDING_SEQUENCE.TIMER[2]
293466.612 DISPLAY_SCREEN[1] BLOCK.RECORDING_SEQUENCE.DISPLAY_SCREEN[1] (BEGIN) 
293481.276 DISPLAY_SCREEN[1] BLOCK.RECORDING_SEQUENCE.DISPLAY_SCREEN[1]
295981.325 TIMER[1] BLOCK.RECORDING_SEQUENCE.TIMER[1]
295981.479 SET_BUTTON_PRESS BLOCK.RECORDING_SEQUENCE.SET_BUTTON_PRESS
295981.620 ADD_TO_RESULTS_FILE[1] BLOCK.RECORDING_SEQUENCE.ADD_TO_RESULTS_FILE[1]
295981.671 SetValueAction 
295982.378 TRIAL_IMAGE BLOCK.RECORDING_SEQUENCE.TRIAL_IMAGE (BEGIN) 
295998.683 TRIAL_IMAGE BLOCK.RECORDING_SEQUENCE.TRIAL_IMAGE
296473.810 TIMER[2] BLOCK.RECORDING_SEQUENCE.TIMER[2]
296483.614 DISPLAY_SCREEN[1] BLOCK.RECORDING_SEQUENCE.DISPLAY_SCREEN[1] (BEGIN) 
296498.841 DISPLAY_SCREEN[1] BLOCK.RECORDING_SEQUENCE.DISPLAY_SCREEN[1]
296866.961 MOUSE_R BLOCK.RECORDING_SEQUENCE.MOUSE_R
296867.110 SET_BUTTON_PRESS2 BLOCK.RECORDING_SEQUENCE.SET_BUTTON_PRESS2
296867.249 ADD_TO_RESULTS_FILE[1] BLOCK.RECORDING_SEQUENCE.ADD_TO_RESULTS_FILE[1]
296867.299 SetValueAction 
296886.623 TRIAL_IMAGE BLOCK.RECORDING_SEQUENCE.TRIAL_IMAGE (BEGIN) 
296898.967 TRIAL_IMAGE BLOCK.RECORDING_SEQUENCE.TRIAL_IMAGE
297374.010 TIMER[2] BLOCK.RECORDING_SEQUENCE.TIMER[2]
297384.612 DISPLAY_SCREEN[1] BLOCK.RECORDING_SEQUENCE.DISPLAY_SCREEN[1] (BEGIN) 
297399.095 DISPLAY_SCREEN[1] BLOCK.RECORDING_SEQUENCE.DISPLAY_SCREEN[1]
299899.106 TIMER[1] BLOCK.RECORDING_SEQUENCE.TIMER[1]
299899.246 SET_BUTTON_PRESS BLOCK.RECORDING_SEQUENCE.SET_BUTTON_PRESS
299899.391 ADD_TO_RESULTS_FILE[1] BLOCK.RECORDING_SEQUENCE.ADD_TO_RESULTS_FILE[1]
299899.444 SetValueAction 
299907.976 TRIAL_IMAGE BLOCK.RECORDING_SEQUENCE.TRIAL_IMAGE (BEGIN) 
299916.505 TRIAL_IMAGE BLOCK.RECORDING_SEQUENCE.TRIAL_IMAGE
300391.644 TIMER[2] BLOCK.RECORDING_SEQUENCE.TIMER[2]
300401.612 DISPLAY_SCREEN[1] BLOCK.RECORDING_SEQUENCE.DISPLAY_SCREEN[1] (BEGIN) 
300416.659 DISPLAY_SCREEN[1] BLOCK.RECORDING_SEQUENCE.DISPLAY_SCREEN[1]
302916.713 TIMER[1] BLOCK.RECORDING_SEQUENCE.TIMER[1]
302916.851 SET_BUTTON_PRESS BLOCK.RECORDING_SEQUENCE.SET_BUTTON_PRESS
302916.990 ADD_TO_RESULTS_FILE[1] BLOCK.RECORDING_SEQUENCE.ADD_TO_RESULTS_FILE[1]
302917.042 SetValueAction 
302917.801 TRIAL_IMAGE BLOCK.RECORDING_SEQUENCE.TRIAL_IMAGE (BEGIN) 
302934.062 TRIAL_IMAGE BLOCK.RECORDING_SEQUENCE.TRIAL_IMAGE
303409.168 TIMER[2] BLOCK.RECORDING_SEQUENCE.TIMER[2]
303419.612 DISPLAY_SCREEN[1] BLOCK.RECORDING_SEQUENCE.DISPLAY_SCREEN[1] (BEGIN) 
303434.214 DISPLAY_SCREEN[1] BLOCK.RECORDING_SEQUENCE.DISPLAY_SCREEN[1]
303442.623 MOUSE_R BLOCK.RECORDING_SEQUENCE.MOUSE_R
303442.748 SET_BUTTON_PRESS2 BLOCK.RECORDING_SEQUENCE.SET_BUTTON_PRESS2
303442.881 ADD_TO_RESULTS_FILE[1] BLOCK.RECORDING_SEQUENCE.ADD_TO_RESULTS_FILE[1]
303442.924 SetValueAction 
303443.544 TRIAL_IMAGE BLOCK.RECORDING_SEQUENCE.TRIAL_IMAGE (BEGIN) 
303450.869 TRIAL_IMAGE BLOCK.RECORDING_SEQUENCE.TRIAL_IMAGE
303925.916 TIMER[2] BLOCK.RECORDING_SEQUENCE.TIMER[2]
303935.613 DISPLAY_SCREEN[1] BLOCK.RECORDING_SEQUENCE.DISPLAY_SCREEN[1] (BEGIN) 
303951.030 DISPLAY_SCREEN[1] BLOCK.RECORDING_SEQUENCE.DISPLAY_SCREEN[1]
306451.075 TIMER[1] BLOCK.RECORDING_SEQUENCE.TIMER[1]
306451.229 SET_BUTTON_PRESS BLOCK.RECORDING_SEQUENCE.SET_BUTTON_PRESS
306451.372 ADD_TO_RESULTS_FILE[1] BLOCK.RECORDING_SEQUENCE.ADD_TO_RESULTS_FILE[1]
306451.424 SetValueAction 
306452.137 TRIAL_IMAGE BLOCK.RECORDING_SEQUENCE.TRIAL_IMAGE (BEGIN) 
306468.442 TRIAL_IMAGE BLOCK.RECORDING_SEQUENCE.TRIAL_IMAGE
306943.490 TIMER[2] BLOCK.RECORDING_SEQUENCE.TIMER[2]
306953.612 DISPLAY_SCREEN[1] BLOCK.RECORDING_SEQUENCE.DISPLAY_SCREEN[1] (BEGIN) 
306968.585 DISPLAY_SCREEN[1] BLOCK.RECORDING_SEQUENCE.DISPLAY_SCREEN[1]
307553.762 MOUSE_R BLOCK.RECORDING_SEQUENCE.MOUSE_R
307553.892 SET_BUTTON_PRESS2 BLOCK.RECORDING_SEQUENCE.SET_BUTTON_PRESS2
307554.030 ADD_TO_RESULTS_FILE[1] BLOCK.RECORDING_SEQUENCE.ADD_TO_RESULTS_FILE[1]
307554.079 SetValueAction 
307554.756 TRIAL_IMAGE BLOCK.RECORDING_SEQUENCE.TRIAL_IMAGE (BEGIN) 
307568.760 TRIAL_IMAGE BLOCK.RECORDING_SEQUENCE.TRIAL_IMAGE
308043.890 TIMER[2] BLOCK.RECORDING_SEQUENCE.TIMER[2]
308053.612 DISPLAY_SCREEN[1] BLOCK.RECORDING_SEQUENCE.DISPLAY_SCREEN[1] (BEGIN) 
308068.910 DISPLAY_SCREEN[1] BLOCK.RECORDING_SEQUENCE.DISPLAY_SCREEN[1]
310568.911 TIMER[1] BLOCK.RECORDING_SEQUENCE.TIMER[1]
310569.049 SET_BUTTON_PRESS BLOCK.RECORDING_SEQUENCE.SET_BUTTON_PRESS
310569.189 ADD_TO_RESULTS_FILE[1] BLOCK.RECORDING_SEQUENCE.ADD_TO_RESULTS_FILE[1]
310569.242 SetValueAction 
310576.901 TRIAL_IMAGE BLOCK.RECORDING_SEQUENCE.TRIAL_IMAGE (BEGIN) 
310586.320 TRIAL_IMAGE BLOCK.RECORDING_SEQUENCE.TRIAL_IMAGE
311061.348 TIMER[2] BLOCK.RECORDING_SEQUENCE.TIMER[2]
311071.612 DISPLAY_SCREEN[1] BLOCK.RECORDING_SEQUENCE.DISPLAY_SCREEN[1] (BEGIN) 
311086.466 DISPLAY_SCREEN[1] BLOCK.RECORDING_SEQUENCE.DISPLAY_SCREEN[1]
313369.532 MOUSE_R BLOCK.RECORDING_SEQUENCE.MOUSE_R
313369.673 SET_BUTTON_PRESS2 BLOCK.RECORDING_SEQUENCE.SET_BUTTON_PRESS2
313369.814 ADD_TO_RESULTS_FILE[1] BLOCK.RECORDING_SEQUENCE.ADD_TO_RESULTS_FILE[1]
313369.865 SetValueAction 
313370.565 TRIAL_IMAGE BLOCK.RECORDING_SEQUENCE.TRIAL_IMAGE (BEGIN) 
313387.137 TRIAL_IMAGE BLOCK.RECORDING_SEQUENCE.TRIAL_IMAGE
313862.214 TIMER[2] BLOCK.RECORDING_SEQUENCE.TIMER[2]
313872.612 DISPLAY_SCREEN[1] BLOCK.RECORDING_SEQUENCE.DISPLAY_SCREEN[1] (BEGIN) 
313887.288 DISPLAY_SCREEN[1] BLOCK.RECORDING_SEQUENCE.DISPLAY_SCREEN[1]
315417.838 MOUSE_R BLOCK.RECORDING_SEQUENCE.MOUSE_R
315417.977 SET_BUTTON_PRESS2 BLOCK.RECORDING_SEQUENCE.SET_BUTTON_PRESS2
315418.119 ADD_TO_RESULTS_FILE[1] BLOCK.RECORDING_SEQUENCE.ADD_TO_RESULTS_FILE[1]
315418.171 SetValueAction 
315418.848 TRIAL_IMAGE BLOCK.RECORDING_SEQUENCE.TRIAL_IMAGE (BEGIN) 
315421.056 TRIAL_IMAGE BLOCK.RECORDING_SEQUENCE.TRIAL_IMAGE
315896.175 TIMER[2] BLOCK.RECORDING_SEQUENCE.TIMER[2]
315906.612 DISPLAY_SCREEN[1] BLOCK.RECORDING_SEQUENCE.DISPLAY_SCREEN[1] (BEGIN) 
315921.213 DISPLAY_SCREEN[1] BLOCK.RECORDING_SEQUENCE.DISPLAY_SCREEN[1]
318421.243 TIMER[1] BLOCK.RECORDING_SEQUENCE.TIMER[1]
318421.377 SET_BUTTON_PRESS BLOCK.RECORDING_SEQUENCE.SET_BUTTON_PRESS
318421.517 ADD_TO_RESULTS_FILE[1] BLOCK.RECORDING_SEQUENCE.ADD_TO_RESULTS_FILE[1]
318421.568 SetValueAction 
318422.318 TRIAL_IMAGE BLOCK.RECORDING_SEQUENCE.TRIAL_IMAGE (BEGIN) 
318438.623 TRIAL_IMAGE BLOCK.RECORDING_SEQUENCE.TRIAL_IMAGE
318913.723 TIMER[2] BLOCK.RECORDING_SEQUENCE.TIMER[2]
318923.612 DISPLAY_SCREEN[1] BLOCK.RECORDING_SEQUENCE.DISPLAY_SCREEN[1] (BEGIN) 
318938.778 DISPLAY_SCREEN[1] BLOCK.RECORDING_SEQUENCE.DISPLAY_SCREEN[1]
318961.660 MOUSE_R BLOCK.RECORDING_SEQUENCE.MOUSE_R
318961.786 SET_BUTTON_PRESS2 BLOCK.RECORDING_SEQUENCE.SET_BUTTON_PRESS2
318961.925 ADD_TO_RESULTS_FILE[1] BLOCK.RECORDING_SEQUENCE.ADD_TO_RESULTS_FILE[1]
318961.974 SetValueAction 
318962.645 TRIAL_IMAGE BLOCK.RECORDING_SEQUENCE.TRIAL_IMAGE (BEGIN) 
318972.112 TRIAL_IMAGE BLOCK.RECORDING_SEQUENCE.TRIAL_IMAGE
319447.179 TIMER[2] BLOCK.RECORDING_SEQUENCE.TIMER[2]
319457.611 DISPLAY_SCREEN[1] BLOCK.RECORDING_SEQUENCE.DISPLAY_SCREEN[1] (BEGIN) 
319472.271 DISPLAY_SCREEN[1] BLOCK.RECORDING_SEQUENCE.DISPLAY_SCREEN[1]
321241.375 MOUSE_R BLOCK.RECORDING_SEQUENCE.MOUSE_R
321241.514 SET_BUTTON_PRESS2 BLOCK.RECORDING_SEQUENCE.SET_BUTTON_PRESS2
321241.654 ADD_TO_RESULTS_FILE[1] BLOCK.RECORDING_SEQUENCE.ADD_TO_RESULTS_FILE[1]
321241.705 SetValueAction 
321265.392 TRIAL_IMAGE BLOCK.RECORDING_SEQUENCE.TRIAL_IMAGE (BEGIN) 
321272.796 TRIAL_IMAGE BLOCK.RECORDING_SEQUENCE.TRIAL_IMAGE
321747.862 TIMER[2] BLOCK.RECORDING_SEQUENCE.TIMER[2]
321757.612 DISPLAY_SCREEN[1] BLOCK.RECORDING_SEQUENCE.DISPLAY_SCREEN[1] (BEGIN) 
321772.942 DISPLAY_SCREEN[1] BLOCK.RECORDING_SEQUENCE.DISPLAY_SCREEN[1]
323681.886 MOUSE_R BLOCK.RECORDING_SEQUENCE.MOUSE_R
323682.057 SET_BUTTON_PRESS2 BLOCK.RECORDING_SEQUENCE.SET_BUTTON_PRESS2
323682.199 ADD_TO_RESULTS_FILE[1] BLOCK.RECORDING_SEQUENCE.ADD_TO_RESULTS_FILE[1]
323682.252 SetValueAction 
323704.819 TRIAL_IMAGE BLOCK.RECORDING_SEQUENCE.TRIAL_IMAGE (BEGIN) 
323723.515 TRIAL_IMAGE BLOCK.RECORDING_SEQUENCE.TRIAL_IMAGE
324198.561 TIMER[2] BLOCK.RECORDING_SEQUENCE.TIMER[2]
324208.613 DISPLAY_SCREEN[1] BLOCK.RECORDING_SEQUENCE.DISPLAY_SCREEN[1] (BEGIN) 
324223.661 DISPLAY_SCREEN[1] BLOCK.RECORDING_SEQUENCE.DISPLAY_SCREEN[1]
326225.779 MOUSE_R BLOCK.RECORDING_SEQUENCE.MOUSE_R
326225.917 SET_BUTTON_PRESS2 BLOCK.RECORDING_SEQUENCE.SET_BUTTON_PRESS2
326226.058 ADD_TO_RESULTS_FILE[1] BLOCK.RECORDING_SEQUENCE.ADD_TO_RESULTS_FILE[1]
326228.577 DISPLAY_SCREEN BLOCK.DISPLAY_SCREEN (BEGIN) 
326240.922 DISPLAY_SCREEN BLOCK.DISPLAY_SCREEN
326402.287 MOUSE BLOCK.MOUSE
326417.076 GOODBYE_SCREEN GOODBYE_SCREEN (BEGIN) 
326424.303 GOODBYE_SCREEN GOODBYE_SCREEN
335753.702 MOUSE[1] MOUSE[1]
el_logger: Quit logger.
******** END OF THE LOG FILE ********
