4689.252 ********************************************************
4689.312 ** Session beginning Monday December 09, 2019 02:01:32 AM **
4689.318 ** ExperimentBuilder Project : 23255_P53 **
4689.322 ** ExperimentBuilder Version : 2.1.140 **
4689.325 ** ExperimentBuilder Build   : Nov 10 2017 **
4689.328 ********************************************************
5363.111 WELCOME_SCREEN WELCOME_SCREEN (BEGIN) 
5366.940 WELCOME_SCREEN WELCOME_SCREEN
64833.683 KEYBOARD KEYBOARD
65280.910 PREPARE_SEQUENCE BLOCK.PREPARE_SEQUENCE
65281.129 SetValueAction 
65303.881 TRIAL_IMAGE BLOCK.RECORDING_SEQUENCE.TRIAL_IMAGE (BEGIN) 
65313.268 TRIAL_IMAGE BLOCK.RECORDING_SEQUENCE.TRIAL_IMAGE
65788.464 TIMER[2] BLOCK.RECORDING_SEQUENCE.TIMER[2]
65798.618 DISPLAY_SCREEN[1] BLOCK.RECORDING_SEQUENCE.DISPLAY_SCREEN[1] (BEGIN) 
65813.238 DISPLAY_SCREEN[1] BLOCK.RECORDING_SEQUENCE.DISPLAY_SCREEN[1]
68313.320 TIMER[1] BLOCK.RECORDING_SEQUENCE.TIMER[1]
68313.520 SET_BUTTON_PRESS BLOCK.RECORDING_SEQUENCE.SET_BUTTON_PRESS
68313.701 ADD_TO_RESULTS_FILE[1] BLOCK.RECORDING_SEQUENCE.ADD_TO_RESULTS_FILE[1]
68313.764 SetValueAction 
68338.796 TRIAL_IMAGE BLOCK.RECORDING_SEQUENCE.TRIAL_IMAGE (BEGIN) 
68346.407 TRIAL_IMAGE BLOCK.RECORDING_SEQUENCE.TRIAL_IMAGE
68821.517 TIMER[2] BLOCK.RECORDING_SEQUENCE.TIMER[2]
68831.619 DISPLAY_SCREEN[1] BLOCK.RECORDING_SEQUENCE.DISPLAY_SCREEN[1] (BEGIN) 
68846.387 DISPLAY_SCREEN[1] BLOCK.RECORDING_SEQUENCE.DISPLAY_SCREEN[1]
71346.481 TIMER[1] BLOCK.RECORDING_SEQUENCE.TIMER[1]
71346.647 SET_BUTTON_PRESS BLOCK.RECORDING_SEQUENCE.SET_BUTTON_PRESS
71346.826 ADD_TO_RESULTS_FILE[1] BLOCK.RECORDING_SEQUENCE.ADD_TO_RESULTS_FILE[1]
71346.888 SetValueAction 
71357.092 TRIAL_IMAGE BLOCK.RECORDING_SEQUENCE.TRIAL_IMAGE (BEGIN) 
71362.893 TRIAL_IMAGE BLOCK.RECORDING_SEQUENCE.TRIAL_IMAGE
71838.054 TIMER[2] BLOCK.RECORDING_SEQUENCE.TIMER[2]
71847.616 DISPLAY_SCREEN[1] BLOCK.RECORDING_SEQUENCE.DISPLAY_SCREEN[1] (BEGIN) 
71862.858 DISPLAY_SCREEN[1] BLOCK.RECORDING_SEQUENCE.DISPLAY_SCREEN[1]
74362.928 TIMER[1] BLOCK.RECORDING_SEQUENCE.TIMER[1]
74363.094 SET_BUTTON_PRESS BLOCK.RECORDING_SEQUENCE.SET_BUTTON_PRESS
74363.272 ADD_TO_RESULTS_FILE[1] BLOCK.RECORDING_SEQUENCE.ADD_TO_RESULTS_FILE[1]
74363.334 SetValueAction 
74385.687 TRIAL_IMAGE BLOCK.RECORDING_SEQUENCE.TRIAL_IMAGE (BEGIN) 
74396.037 TRIAL_IMAGE BLOCK.RECORDING_SEQUENCE.TRIAL_IMAGE
74871.104 TIMER[2] BLOCK.RECORDING_SEQUENCE.TIMER[2]
74880.616 DISPLAY_SCREEN[1] BLOCK.RECORDING_SEQUENCE.DISPLAY_SCREEN[1] (BEGIN) 
74896.006 DISPLAY_SCREEN[1] BLOCK.RECORDING_SEQUENCE.DISPLAY_SCREEN[1]
75445.709 MOUSE_R BLOCK.RECORDING_SEQUENCE.MOUSE_R
75445.871 SET_BUTTON_PRESS2 BLOCK.RECORDING_SEQUENCE.SET_BUTTON_PRESS2
75446.048 ADD_TO_RESULTS_FILE[1] BLOCK.RECORDING_SEQUENCE.ADD_TO_RESULTS_FILE[1]
75446.109 SetValueAction 
75469.104 TRIAL_IMAGE BLOCK.RECORDING_SEQUENCE.TRIAL_IMAGE (BEGIN) 
75479.306 TRIAL_IMAGE BLOCK.RECORDING_SEQUENCE.TRIAL_IMAGE
75954.502 TIMER[2] BLOCK.RECORDING_SEQUENCE.TIMER[2]
75964.616 DISPLAY_SCREEN[1] BLOCK.RECORDING_SEQUENCE.DISPLAY_SCREEN[1] (BEGIN) 
75979.282 DISPLAY_SCREEN[1] BLOCK.RECORDING_SEQUENCE.DISPLAY_SCREEN[1]
78479.313 TIMER[1] BLOCK.RECORDING_SEQUENCE.TIMER[1]
78479.505 SET_BUTTON_PRESS BLOCK.RECORDING_SEQUENCE.SET_BUTTON_PRESS
78479.693 ADD_TO_RESULTS_FILE[1] BLOCK.RECORDING_SEQUENCE.ADD_TO_RESULTS_FILE[1]
78479.757 SetValueAction 
78497.703 TRIAL_IMAGE BLOCK.RECORDING_SEQUENCE.TRIAL_IMAGE (BEGIN) 
78512.460 TRIAL_IMAGE BLOCK.RECORDING_SEQUENCE.TRIAL_IMAGE
78987.618 TIMER[2] BLOCK.RECORDING_SEQUENCE.TIMER[2]
78997.616 DISPLAY_SCREEN[1] BLOCK.RECORDING_SEQUENCE.DISPLAY_SCREEN[1] (BEGIN) 
79012.430 DISPLAY_SCREEN[1] BLOCK.RECORDING_SEQUENCE.DISPLAY_SCREEN[1]
81512.519 TIMER[1] BLOCK.RECORDING_SEQUENCE.TIMER[1]
81512.696 SET_BUTTON_PRESS BLOCK.RECORDING_SEQUENCE.SET_BUTTON_PRESS
81512.884 ADD_TO_RESULTS_FILE[1] BLOCK.RECORDING_SEQUENCE.ADD_TO_RESULTS_FILE[1]
81512.948 SetValueAction 
81543.312 TRIAL_IMAGE BLOCK.RECORDING_SEQUENCE.TRIAL_IMAGE (BEGIN) 
81545.599 TRIAL_IMAGE BLOCK.RECORDING_SEQUENCE.TRIAL_IMAGE
82020.680 TIMER[2] BLOCK.RECORDING_SEQUENCE.TIMER[2]
82030.620 DISPLAY_SCREEN[1] BLOCK.RECORDING_SEQUENCE.DISPLAY_SCREEN[1] (BEGIN) 
82045.569 DISPLAY_SCREEN[1] BLOCK.RECORDING_SEQUENCE.DISPLAY_SCREEN[1]
84545.615 TIMER[1] BLOCK.RECORDING_SEQUENCE.TIMER[1]
84545.785 SET_BUTTON_PRESS BLOCK.RECORDING_SEQUENCE.SET_BUTTON_PRESS
84545.968 ADD_TO_RESULTS_FILE[1] BLOCK.RECORDING_SEQUENCE.ADD_TO_RESULTS_FILE[1]
84546.031 SetValueAction 
84564.304 TRIAL_IMAGE BLOCK.RECORDING_SEQUENCE.TRIAL_IMAGE (BEGIN) 
84578.754 TRIAL_IMAGE BLOCK.RECORDING_SEQUENCE.TRIAL_IMAGE
85053.882 TIMER[2] BLOCK.RECORDING_SEQUENCE.TIMER[2]
85063.618 DISPLAY_SCREEN[1] BLOCK.RECORDING_SEQUENCE.DISPLAY_SCREEN[1] (BEGIN) 
85078.714 DISPLAY_SCREEN[1] BLOCK.RECORDING_SEQUENCE.DISPLAY_SCREEN[1]
86918.394 MOUSE_R BLOCK.RECORDING_SEQUENCE.MOUSE_R
86918.569 SET_BUTTON_PRESS2 BLOCK.RECORDING_SEQUENCE.SET_BUTTON_PRESS2
86918.754 ADD_TO_RESULTS_FILE[1] BLOCK.RECORDING_SEQUENCE.ADD_TO_RESULTS_FILE[1]
86918.819 SetValueAction 
86953.856 TRIAL_IMAGE BLOCK.RECORDING_SEQUENCE.TRIAL_IMAGE (BEGIN) 
86961.938 TRIAL_IMAGE BLOCK.RECORDING_SEQUENCE.TRIAL_IMAGE
87437.032 TIMER[2] BLOCK.RECORDING_SEQUENCE.TIMER[2]
87446.615 DISPLAY_SCREEN[1] BLOCK.RECORDING_SEQUENCE.DISPLAY_SCREEN[1] (BEGIN) 
87461.912 DISPLAY_SCREEN[1] BLOCK.RECORDING_SEQUENCE.DISPLAY_SCREEN[1]
89962.018 TIMER[1] BLOCK.RECORDING_SEQUENCE.TIMER[1]
89962.186 SET_BUTTON_PRESS BLOCK.RECORDING_SEQUENCE.SET_BUTTON_PRESS
89962.363 ADD_TO_RESULTS_FILE[1] BLOCK.RECORDING_SEQUENCE.ADD_TO_RESULTS_FILE[1]
89962.433 SetValueAction 
89987.668 TRIAL_IMAGE BLOCK.RECORDING_SEQUENCE.TRIAL_IMAGE (BEGIN) 
89995.085 TRIAL_IMAGE BLOCK.RECORDING_SEQUENCE.TRIAL_IMAGE
90470.224 TIMER[2] BLOCK.RECORDING_SEQUENCE.TIMER[2]
90480.614 DISPLAY_SCREEN[1] BLOCK.RECORDING_SEQUENCE.DISPLAY_SCREEN[1] (BEGIN) 
90495.057 DISPLAY_SCREEN[1] BLOCK.RECORDING_SEQUENCE.DISPLAY_SCREEN[1]
92995.137 TIMER[1] BLOCK.RECORDING_SEQUENCE.TIMER[1]
92995.305 SET_BUTTON_PRESS BLOCK.RECORDING_SEQUENCE.SET_BUTTON_PRESS
92995.531 ADD_TO_RESULTS_FILE[1] BLOCK.RECORDING_SEQUENCE.ADD_TO_RESULTS_FILE[1]
92995.601 SetValueAction 
92995.911 TRIAL_IMAGE BLOCK.RECORDING_SEQUENCE.TRIAL_IMAGE (BEGIN) 
93011.569 TRIAL_IMAGE BLOCK.RECORDING_SEQUENCE.TRIAL_IMAGE
93486.636 TIMER[2] BLOCK.RECORDING_SEQUENCE.TIMER[2]
93496.615 DISPLAY_SCREEN[1] BLOCK.RECORDING_SEQUENCE.DISPLAY_SCREEN[1] (BEGIN) 
93511.528 DISPLAY_SCREEN[1] BLOCK.RECORDING_SEQUENCE.DISPLAY_SCREEN[1]
93667.362 MOUSE_R BLOCK.RECORDING_SEQUENCE.MOUSE_R
93667.526 SET_BUTTON_PRESS2 BLOCK.RECORDING_SEQUENCE.SET_BUTTON_PRESS2
93667.710 ADD_TO_RESULTS_FILE[1] BLOCK.RECORDING_SEQUENCE.ADD_TO_RESULTS_FILE[1]
93667.769 SetValueAction 
93690.542 TRIAL_IMAGE BLOCK.RECORDING_SEQUENCE.TRIAL_IMAGE (BEGIN) 
93694.847 TRIAL_IMAGE BLOCK.RECORDING_SEQUENCE.TRIAL_IMAGE
94169.953 TIMER[2] BLOCK.RECORDING_SEQUENCE.TIMER[2]
94179.617 DISPLAY_SCREEN[1] BLOCK.RECORDING_SEQUENCE.DISPLAY_SCREEN[1] (BEGIN) 
94194.830 DISPLAY_SCREEN[1] BLOCK.RECORDING_SEQUENCE.DISPLAY_SCREEN[1]
96694.888 TIMER[1] BLOCK.RECORDING_SEQUENCE.TIMER[1]
96695.065 SET_BUTTON_PRESS BLOCK.RECORDING_SEQUENCE.SET_BUTTON_PRESS
96695.244 ADD_TO_RESULTS_FILE[1] BLOCK.RECORDING_SEQUENCE.ADD_TO_RESULTS_FILE[1]
96695.307 SetValueAction 
96718.883 TRIAL_IMAGE BLOCK.RECORDING_SEQUENCE.TRIAL_IMAGE (BEGIN) 
96728.003 TRIAL_IMAGE BLOCK.RECORDING_SEQUENCE.TRIAL_IMAGE
97203.146 TIMER[2] BLOCK.RECORDING_SEQUENCE.TIMER[2]
97212.617 DISPLAY_SCREEN[1] BLOCK.RECORDING_SEQUENCE.DISPLAY_SCREEN[1] (BEGIN) 
97227.976 DISPLAY_SCREEN[1] BLOCK.RECORDING_SEQUENCE.DISPLAY_SCREEN[1]
99728.037 TIMER[1] BLOCK.RECORDING_SEQUENCE.TIMER[1]
99728.211 SET_BUTTON_PRESS BLOCK.RECORDING_SEQUENCE.SET_BUTTON_PRESS
99728.395 ADD_TO_RESULTS_FILE[1] BLOCK.RECORDING_SEQUENCE.ADD_TO_RESULTS_FILE[1]
99728.459 SetValueAction 
99744.992 TRIAL_IMAGE BLOCK.RECORDING_SEQUENCE.TRIAL_IMAGE (BEGIN) 
99761.153 TRIAL_IMAGE BLOCK.RECORDING_SEQUENCE.TRIAL_IMAGE
100236.227 TIMER[2] BLOCK.RECORDING_SEQUENCE.TIMER[2]
100246.618 DISPLAY_SCREEN[1] BLOCK.RECORDING_SEQUENCE.DISPLAY_SCREEN[1] (BEGIN) 
100261.119 DISPLAY_SCREEN[1] BLOCK.RECORDING_SEQUENCE.DISPLAY_SCREEN[1]
102761.181 TIMER[1] BLOCK.RECORDING_SEQUENCE.TIMER[1]
102761.352 SET_BUTTON_PRESS BLOCK.RECORDING_SEQUENCE.SET_BUTTON_PRESS
102761.547 ADD_TO_RESULTS_FILE[1] BLOCK.RECORDING_SEQUENCE.ADD_TO_RESULTS_FILE[1]
102761.610 SetValueAction 
102781.395 TRIAL_IMAGE BLOCK.RECORDING_SEQUENCE.TRIAL_IMAGE (BEGIN) 
102794.296 TRIAL_IMAGE BLOCK.RECORDING_SEQUENCE.TRIAL_IMAGE
103269.459 TIMER[2] BLOCK.RECORDING_SEQUENCE.TIMER[2]
103279.616 DISPLAY_SCREEN[1] BLOCK.RECORDING_SEQUENCE.DISPLAY_SCREEN[1] (BEGIN) 
103294.267 DISPLAY_SCREEN[1] BLOCK.RECORDING_SEQUENCE.DISPLAY_SCREEN[1]
103341.062 MOUSE_R BLOCK.RECORDING_SEQUENCE.MOUSE_R
103341.221 SET_BUTTON_PRESS2 BLOCK.RECORDING_SEQUENCE.SET_BUTTON_PRESS2
103341.398 ADD_TO_RESULTS_FILE[1] BLOCK.RECORDING_SEQUENCE.ADD_TO_RESULTS_FILE[1]
103341.467 SetValueAction 
103365.246 TRIAL_IMAGE BLOCK.RECORDING_SEQUENCE.TRIAL_IMAGE (BEGIN) 
103377.599 TRIAL_IMAGE BLOCK.RECORDING_SEQUENCE.TRIAL_IMAGE
103852.773 TIMER[2] BLOCK.RECORDING_SEQUENCE.TIMER[2]
103862.616 DISPLAY_SCREEN[1] BLOCK.RECORDING_SEQUENCE.DISPLAY_SCREEN[1] (BEGIN) 
103877.563 DISPLAY_SCREEN[1] BLOCK.RECORDING_SEQUENCE.DISPLAY_SCREEN[1]
104546.560 MOUSE_R BLOCK.RECORDING_SEQUENCE.MOUSE_R
104546.720 SET_BUTTON_PRESS2 BLOCK.RECORDING_SEQUENCE.SET_BUTTON_PRESS2
104546.910 ADD_TO_RESULTS_FILE[1] BLOCK.RECORDING_SEQUENCE.ADD_TO_RESULTS_FILE[1]
104546.974 SetValueAction 
104573.369 TRIAL_IMAGE BLOCK.RECORDING_SEQUENCE.TRIAL_IMAGE (BEGIN) 
104577.523 TRIAL_IMAGE BLOCK.RECORDING_SEQUENCE.TRIAL_IMAGE
105052.671 TIMER[2] BLOCK.RECORDING_SEQUENCE.TIMER[2]
105062.616 DISPLAY_SCREEN[1] BLOCK.RECORDING_SEQUENCE.DISPLAY_SCREEN[1] (BEGIN) 
105077.489 DISPLAY_SCREEN[1] BLOCK.RECORDING_SEQUENCE.DISPLAY_SCREEN[1]
107577.510 TIMER[1] BLOCK.RECORDING_SEQUENCE.TIMER[1]
107577.678 SET_BUTTON_PRESS BLOCK.RECORDING_SEQUENCE.SET_BUTTON_PRESS
107577.858 ADD_TO_RESULTS_FILE[1] BLOCK.RECORDING_SEQUENCE.ADD_TO_RESULTS_FILE[1]
107577.920 SetValueAction 
107604.345 TRIAL_IMAGE BLOCK.RECORDING_SEQUENCE.TRIAL_IMAGE (BEGIN) 
107610.664 TRIAL_IMAGE BLOCK.RECORDING_SEQUENCE.TRIAL_IMAGE
108085.811 TIMER[2] BLOCK.RECORDING_SEQUENCE.TIMER[2]
108095.617 DISPLAY_SCREEN[1] BLOCK.RECORDING_SEQUENCE.DISPLAY_SCREEN[1] (BEGIN) 
108110.638 DISPLAY_SCREEN[1] BLOCK.RECORDING_SEQUENCE.DISPLAY_SCREEN[1]
110489.879 MOUSE_R BLOCK.RECORDING_SEQUENCE.MOUSE_R
110490.057 SET_BUTTON_PRESS2 BLOCK.RECORDING_SEQUENCE.SET_BUTTON_PRESS2
110490.240 ADD_TO_RESULTS_FILE[1] BLOCK.RECORDING_SEQUENCE.ADD_TO_RESULTS_FILE[1]
110490.304 SetValueAction 
110511.568 TRIAL_IMAGE BLOCK.RECORDING_SEQUENCE.TRIAL_IMAGE (BEGIN) 
110527.164 TRIAL_IMAGE BLOCK.RECORDING_SEQUENCE.TRIAL_IMAGE
111002.259 TIMER[2] BLOCK.RECORDING_SEQUENCE.TIMER[2]
111012.617 DISPLAY_SCREEN[1] BLOCK.RECORDING_SEQUENCE.DISPLAY_SCREEN[1] (BEGIN) 
111027.119 DISPLAY_SCREEN[1] BLOCK.RECORDING_SEQUENCE.DISPLAY_SCREEN[1]
113527.213 TIMER[1] BLOCK.RECORDING_SEQUENCE.TIMER[1]
113527.383 SET_BUTTON_PRESS BLOCK.RECORDING_SEQUENCE.SET_BUTTON_PRESS
113527.591 ADD_TO_RESULTS_FILE[1] BLOCK.RECORDING_SEQUENCE.ADD_TO_RESULTS_FILE[1]
113527.654 SetValueAction 
113568.826 TRIAL_IMAGE BLOCK.RECORDING_SEQUENCE.TRIAL_IMAGE (BEGIN) 
113576.991 TRIAL_IMAGE BLOCK.RECORDING_SEQUENCE.TRIAL_IMAGE
114052.084 TIMER[2] BLOCK.RECORDING_SEQUENCE.TIMER[2]
114061.616 DISPLAY_SCREEN[1] BLOCK.RECORDING_SEQUENCE.DISPLAY_SCREEN[1] (BEGIN) 
114076.934 DISPLAY_SCREEN[1] BLOCK.RECORDING_SEQUENCE.DISPLAY_SCREEN[1]
116577.011 TIMER[1] BLOCK.RECORDING_SEQUENCE.TIMER[1]
116577.178 SET_BUTTON_PRESS BLOCK.RECORDING_SEQUENCE.SET_BUTTON_PRESS
116577.357 ADD_TO_RESULTS_FILE[1] BLOCK.RECORDING_SEQUENCE.ADD_TO_RESULTS_FILE[1]
116577.420 SetValueAction 
116578.671 TRIAL_IMAGE BLOCK.RECORDING_SEQUENCE.TRIAL_IMAGE (BEGIN) 
116593.458 TRIAL_IMAGE BLOCK.RECORDING_SEQUENCE.TRIAL_IMAGE
117068.540 TIMER[2] BLOCK.RECORDING_SEQUENCE.TIMER[2]
117078.616 DISPLAY_SCREEN[1] BLOCK.RECORDING_SEQUENCE.DISPLAY_SCREEN[1] (BEGIN) 
117093.413 DISPLAY_SCREEN[1] BLOCK.RECORDING_SEQUENCE.DISPLAY_SCREEN[1]
119593.484 TIMER[1] BLOCK.RECORDING_SEQUENCE.TIMER[1]
119593.671 SET_BUTTON_PRESS BLOCK.RECORDING_SEQUENCE.SET_BUTTON_PRESS
119593.855 ADD_TO_RESULTS_FILE[1] BLOCK.RECORDING_SEQUENCE.ADD_TO_RESULTS_FILE[1]
119593.919 SetValueAction 
119616.786 TRIAL_IMAGE BLOCK.RECORDING_SEQUENCE.TRIAL_IMAGE (BEGIN) 
119626.612 TRIAL_IMAGE BLOCK.RECORDING_SEQUENCE.TRIAL_IMAGE
120101.775 TIMER[2] BLOCK.RECORDING_SEQUENCE.TIMER[2]
120111.616 DISPLAY_SCREEN[1] BLOCK.RECORDING_SEQUENCE.DISPLAY_SCREEN[1] (BEGIN) 
120126.562 DISPLAY_SCREEN[1] BLOCK.RECORDING_SEQUENCE.DISPLAY_SCREEN[1]
122626.660 TIMER[1] BLOCK.RECORDING_SEQUENCE.TIMER[1]
122626.833 SET_BUTTON_PRESS BLOCK.RECORDING_SEQUENCE.SET_BUTTON_PRESS
122627.016 ADD_TO_RESULTS_FILE[1] BLOCK.RECORDING_SEQUENCE.ADD_TO_RESULTS_FILE[1]
122627.080 SetValueAction 
122646.058 TRIAL_IMAGE BLOCK.RECORDING_SEQUENCE.TRIAL_IMAGE (BEGIN) 
122659.743 TRIAL_IMAGE BLOCK.RECORDING_SEQUENCE.TRIAL_IMAGE
123134.903 TIMER[2] BLOCK.RECORDING_SEQUENCE.TIMER[2]
123144.616 DISPLAY_SCREEN[1] BLOCK.RECORDING_SEQUENCE.DISPLAY_SCREEN[1] (BEGIN) 
123159.709 DISPLAY_SCREEN[1] BLOCK.RECORDING_SEQUENCE.DISPLAY_SCREEN[1]
125571.045 MOUSE_R BLOCK.RECORDING_SEQUENCE.MOUSE_R
125571.224 SET_BUTTON_PRESS2 BLOCK.RECORDING_SEQUENCE.SET_BUTTON_PRESS2
125571.411 ADD_TO_RESULTS_FILE[1] BLOCK.RECORDING_SEQUENCE.ADD_TO_RESULTS_FILE[1]
125576.821 DISPLAY_SCREEN BLOCK.DISPLAY_SCREEN (BEGIN) 
125592.907 DISPLAY_SCREEN BLOCK.DISPLAY_SCREEN
125779.094 MOUSE BLOCK.MOUSE
126024.008 PREPARE_SEQUENCE BLOCK.PREPARE_SEQUENCE
126024.142 SetValueAction 
126046.982 TRIAL_IMAGE BLOCK.RECORDING_SEQUENCE.TRIAL_IMAGE (BEGIN) 
126059.555 TRIAL_IMAGE BLOCK.RECORDING_SEQUENCE.TRIAL_IMAGE
126534.654 TIMER[2] BLOCK.RECORDING_SEQUENCE.TIMER[2]
126544.618 DISPLAY_SCREEN[1] BLOCK.RECORDING_SEQUENCE.DISPLAY_SCREEN[1] (BEGIN) 
126559.503 DISPLAY_SCREEN[1] BLOCK.RECORDING_SEQUENCE.DISPLAY_SCREEN[1]
129059.567 TIMER[1] BLOCK.RECORDING_SEQUENCE.TIMER[1]
129059.734 SET_BUTTON_PRESS BLOCK.RECORDING_SEQUENCE.SET_BUTTON_PRESS
129059.913 ADD_TO_RESULTS_FILE[1] BLOCK.RECORDING_SEQUENCE.ADD_TO_RESULTS_FILE[1]
129059.974 SetValueAction 
129068.007 TRIAL_IMAGE BLOCK.RECORDING_SEQUENCE.TRIAL_IMAGE (BEGIN) 
129076.016 TRIAL_IMAGE BLOCK.RECORDING_SEQUENCE.TRIAL_IMAGE
129551.127 TIMER[2] BLOCK.RECORDING_SEQUENCE.TIMER[2]
129560.627 DISPLAY_SCREEN[1] BLOCK.RECORDING_SEQUENCE.DISPLAY_SCREEN[1] (BEGIN) 
129575.990 DISPLAY_SCREEN[1] BLOCK.RECORDING_SEQUENCE.DISPLAY_SCREEN[1]
132076.065 TIMER[1] BLOCK.RECORDING_SEQUENCE.TIMER[1]
132076.231 SET_BUTTON_PRESS BLOCK.RECORDING_SEQUENCE.SET_BUTTON_PRESS
132076.410 ADD_TO_RESULTS_FILE[1] BLOCK.RECORDING_SEQUENCE.ADD_TO_RESULTS_FILE[1]
132076.472 SetValueAction 
132112.088 TRIAL_IMAGE BLOCK.RECORDING_SEQUENCE.TRIAL_IMAGE (BEGIN) 
132125.832 TRIAL_IMAGE BLOCK.RECORDING_SEQUENCE.TRIAL_IMAGE
132601.028 TIMER[2] BLOCK.RECORDING_SEQUENCE.TIMER[2]
132610.616 DISPLAY_SCREEN[1] BLOCK.RECORDING_SEQUENCE.DISPLAY_SCREEN[1] (BEGIN) 
132625.798 DISPLAY_SCREEN[1] BLOCK.RECORDING_SEQUENCE.DISPLAY_SCREEN[1]
132648.728 MOUSE_R BLOCK.RECORDING_SEQUENCE.MOUSE_R
132648.888 SET_BUTTON_PRESS2 BLOCK.RECORDING_SEQUENCE.SET_BUTTON_PRESS2
132649.077 ADD_TO_RESULTS_FILE[1] BLOCK.RECORDING_SEQUENCE.ADD_TO_RESULTS_FILE[1]
132649.139 SetValueAction 
132671.957 TRIAL_IMAGE BLOCK.RECORDING_SEQUENCE.TRIAL_IMAGE (BEGIN) 
132675.788 TRIAL_IMAGE BLOCK.RECORDING_SEQUENCE.TRIAL_IMAGE
133150.941 TIMER[2] BLOCK.RECORDING_SEQUENCE.TIMER[2]
133160.628 DISPLAY_SCREEN[1] BLOCK.RECORDING_SEQUENCE.DISPLAY_SCREEN[1] (BEGIN) 
133175.767 DISPLAY_SCREEN[1] BLOCK.RECORDING_SEQUENCE.DISPLAY_SCREEN[1]
135675.796 TIMER[1] BLOCK.RECORDING_SEQUENCE.TIMER[1]
135675.972 SET_BUTTON_PRESS BLOCK.RECORDING_SEQUENCE.SET_BUTTON_PRESS
135676.160 ADD_TO_RESULTS_FILE[1] BLOCK.RECORDING_SEQUENCE.ADD_TO_RESULTS_FILE[1]
135676.225 SetValueAction 
135697.542 TRIAL_IMAGE BLOCK.RECORDING_SEQUENCE.TRIAL_IMAGE (BEGIN) 
135708.947 TRIAL_IMAGE BLOCK.RECORDING_SEQUENCE.TRIAL_IMAGE
136184.086 TIMER[2] BLOCK.RECORDING_SEQUENCE.TIMER[2]
136193.617 DISPLAY_SCREEN[1] BLOCK.RECORDING_SEQUENCE.DISPLAY_SCREEN[1] (BEGIN) 
136208.915 DISPLAY_SCREEN[1] BLOCK.RECORDING_SEQUENCE.DISPLAY_SCREEN[1]
136254.742 MOUSE_R BLOCK.RECORDING_SEQUENCE.MOUSE_R
136254.905 SET_BUTTON_PRESS2 BLOCK.RECORDING_SEQUENCE.SET_BUTTON_PRESS2
136255.092 ADD_TO_RESULTS_FILE[1] BLOCK.RECORDING_SEQUENCE.ADD_TO_RESULTS_FILE[1]
136255.155 SetValueAction 
136274.415 TRIAL_IMAGE BLOCK.RECORDING_SEQUENCE.TRIAL_IMAGE (BEGIN) 
136292.237 TRIAL_IMAGE BLOCK.RECORDING_SEQUENCE.TRIAL_IMAGE
136767.451 TIMER[2] BLOCK.RECORDING_SEQUENCE.TIMER[2]
136777.623 DISPLAY_SCREEN[1] BLOCK.RECORDING_SEQUENCE.DISPLAY_SCREEN[1] (BEGIN) 
136792.213 DISPLAY_SCREEN[1] BLOCK.RECORDING_SEQUENCE.DISPLAY_SCREEN[1]
139292.253 TIMER[1] BLOCK.RECORDING_SEQUENCE.TIMER[1]
139292.425 SET_BUTTON_PRESS BLOCK.RECORDING_SEQUENCE.SET_BUTTON_PRESS
139292.608 ADD_TO_RESULTS_FILE[1] BLOCK.RECORDING_SEQUENCE.ADD_TO_RESULTS_FILE[1]
139292.672 SetValueAction 
139318.188 TRIAL_IMAGE BLOCK.RECORDING_SEQUENCE.TRIAL_IMAGE (BEGIN) 
139325.383 TRIAL_IMAGE BLOCK.RECORDING_SEQUENCE.TRIAL_IMAGE
139800.492 TIMER[2] BLOCK.RECORDING_SEQUENCE.TIMER[2]
139810.624 DISPLAY_SCREEN[1] BLOCK.RECORDING_SEQUENCE.DISPLAY_SCREEN[1] (BEGIN) 
139825.374 DISPLAY_SCREEN[1] BLOCK.RECORDING_SEQUENCE.DISPLAY_SCREEN[1]
139932.401 MOUSE_R BLOCK.RECORDING_SEQUENCE.MOUSE_R
139932.565 SET_BUTTON_PRESS2 BLOCK.RECORDING_SEQUENCE.SET_BUTTON_PRESS2
139932.748 ADD_TO_RESULTS_FILE[1] BLOCK.RECORDING_SEQUENCE.ADD_TO_RESULTS_FILE[1]
139932.810 SetValueAction 
139943.623 TRIAL_IMAGE BLOCK.RECORDING_SEQUENCE.TRIAL_IMAGE (BEGIN) 
139958.681 TRIAL_IMAGE BLOCK.RECORDING_SEQUENCE.TRIAL_IMAGE
140433.837 TIMER[2] BLOCK.RECORDING_SEQUENCE.TIMER[2]
140443.616 DISPLAY_SCREEN[1] BLOCK.RECORDING_SEQUENCE.DISPLAY_SCREEN[1] (BEGIN) 
140458.657 DISPLAY_SCREEN[1] BLOCK.RECORDING_SEQUENCE.DISPLAY_SCREEN[1]
140624.989 MOUSE_R BLOCK.RECORDING_SEQUENCE.MOUSE_R
140625.154 SET_BUTTON_PRESS2 BLOCK.RECORDING_SEQUENCE.SET_BUTTON_PRESS2
140625.337 ADD_TO_RESULTS_FILE[1] BLOCK.RECORDING_SEQUENCE.ADD_TO_RESULTS_FILE[1]
140625.401 SetValueAction 
140633.477 TRIAL_IMAGE BLOCK.RECORDING_SEQUENCE.TRIAL_IMAGE (BEGIN) 
140641.980 TRIAL_IMAGE BLOCK.RECORDING_SEQUENCE.TRIAL_IMAGE
141117.157 TIMER[2] BLOCK.RECORDING_SEQUENCE.TIMER[2]
141126.617 DISPLAY_SCREEN[1] BLOCK.RECORDING_SEQUENCE.DISPLAY_SCREEN[1] (BEGIN) 
141141.948 DISPLAY_SCREEN[1] BLOCK.RECORDING_SEQUENCE.DISPLAY_SCREEN[1]
141415.653 MOUSE_R BLOCK.RECORDING_SEQUENCE.MOUSE_R
141415.810 SET_BUTTON_PRESS2 BLOCK.RECORDING_SEQUENCE.SET_BUTTON_PRESS2
141415.986 ADD_TO_RESULTS_FILE[1] BLOCK.RECORDING_SEQUENCE.ADD_TO_RESULTS_FILE[1]
141416.046 SetValueAction 
141441.777 TRIAL_IMAGE BLOCK.RECORDING_SEQUENCE.TRIAL_IMAGE (BEGIN) 
141458.600 TRIAL_IMAGE BLOCK.RECORDING_SEQUENCE.TRIAL_IMAGE
141933.755 TIMER[2] BLOCK.RECORDING_SEQUENCE.TIMER[2]
141943.617 DISPLAY_SCREEN[1] BLOCK.RECORDING_SEQUENCE.DISPLAY_SCREEN[1] (BEGIN) 
141958.571 DISPLAY_SCREEN[1] BLOCK.RECORDING_SEQUENCE.DISPLAY_SCREEN[1]
144226.372 MOUSE_R BLOCK.RECORDING_SEQUENCE.MOUSE_R
144226.542 SET_BUTTON_PRESS2 BLOCK.RECORDING_SEQUENCE.SET_BUTTON_PRESS2
144226.748 ADD_TO_RESULTS_FILE[1] BLOCK.RECORDING_SEQUENCE.ADD_TO_RESULTS_FILE[1]
144226.812 SetValueAction 
144251.694 TRIAL_IMAGE BLOCK.RECORDING_SEQUENCE.TRIAL_IMAGE (BEGIN) 
144258.413 TRIAL_IMAGE BLOCK.RECORDING_SEQUENCE.TRIAL_IMAGE
144733.570 TIMER[2] BLOCK.RECORDING_SEQUENCE.TIMER[2]
144743.618 DISPLAY_SCREEN[1] BLOCK.RECORDING_SEQUENCE.DISPLAY_SCREEN[1] (BEGIN) 
144758.384 DISPLAY_SCREEN[1] BLOCK.RECORDING_SEQUENCE.DISPLAY_SCREEN[1]
145083.579 MOUSE_R BLOCK.RECORDING_SEQUENCE.MOUSE_R
145083.746 SET_BUTTON_PRESS2 BLOCK.RECORDING_SEQUENCE.SET_BUTTON_PRESS2
145083.928 ADD_TO_RESULTS_FILE[1] BLOCK.RECORDING_SEQUENCE.ADD_TO_RESULTS_FILE[1]
145083.991 SetValueAction 
145106.968 TRIAL_IMAGE BLOCK.RECORDING_SEQUENCE.TRIAL_IMAGE (BEGIN) 
145125.031 TRIAL_IMAGE BLOCK.RECORDING_SEQUENCE.TRIAL_IMAGE
145600.115 TIMER[2] BLOCK.RECORDING_SEQUENCE.TIMER[2]
145609.624 DISPLAY_SCREEN[1] BLOCK.RECORDING_SEQUENCE.DISPLAY_SCREEN[1] (BEGIN) 
145625.001 DISPLAY_SCREEN[1] BLOCK.RECORDING_SEQUENCE.DISPLAY_SCREEN[1]
146116.237 MOUSE_R BLOCK.RECORDING_SEQUENCE.MOUSE_R
146116.413 SET_BUTTON_PRESS2 BLOCK.RECORDING_SEQUENCE.SET_BUTTON_PRESS2
146116.603 ADD_TO_RESULTS_FILE[1] BLOCK.RECORDING_SEQUENCE.ADD_TO_RESULTS_FILE[1]
146116.667 SetValueAction 
146134.827 TRIAL_IMAGE BLOCK.RECORDING_SEQUENCE.TRIAL_IMAGE (BEGIN) 
146141.639 TRIAL_IMAGE BLOCK.RECORDING_SEQUENCE.TRIAL_IMAGE
146616.740 TIMER[2] BLOCK.RECORDING_SEQUENCE.TIMER[2]
146626.624 DISPLAY_SCREEN[1] BLOCK.RECORDING_SEQUENCE.DISPLAY_SCREEN[1] (BEGIN) 
146641.615 DISPLAY_SCREEN[1] BLOCK.RECORDING_SEQUENCE.DISPLAY_SCREEN[1]
147162.938 MOUSE_R BLOCK.RECORDING_SEQUENCE.MOUSE_R
147163.100 SET_BUTTON_PRESS2 BLOCK.RECORDING_SEQUENCE.SET_BUTTON_PRESS2
147163.289 ADD_TO_RESULTS_FILE[1] BLOCK.RECORDING_SEQUENCE.ADD_TO_RESULTS_FILE[1]
147163.351 SetValueAction 
147185.047 TRIAL_IMAGE BLOCK.RECORDING_SEQUENCE.TRIAL_IMAGE (BEGIN) 
147191.582 TRIAL_IMAGE BLOCK.RECORDING_SEQUENCE.TRIAL_IMAGE
147666.670 TIMER[2] BLOCK.RECORDING_SEQUENCE.TIMER[2]
147676.630 DISPLAY_SCREEN[1] BLOCK.RECORDING_SEQUENCE.DISPLAY_SCREEN[1] (BEGIN) 
147691.538 DISPLAY_SCREEN[1] BLOCK.RECORDING_SEQUENCE.DISPLAY_SCREEN[1]
149386.118 MOUSE_R BLOCK.RECORDING_SEQUENCE.MOUSE_R
149386.297 SET_BUTTON_PRESS2 BLOCK.RECORDING_SEQUENCE.SET_BUTTON_PRESS2
149386.480 ADD_TO_RESULTS_FILE[1] BLOCK.RECORDING_SEQUENCE.ADD_TO_RESULTS_FILE[1]
149386.545 SetValueAction 
149394.722 TRIAL_IMAGE BLOCK.RECORDING_SEQUENCE.TRIAL_IMAGE (BEGIN) 
149408.096 TRIAL_IMAGE BLOCK.RECORDING_SEQUENCE.TRIAL_IMAGE
149883.173 TIMER[2] BLOCK.RECORDING_SEQUENCE.TIMER[2]
149893.618 DISPLAY_SCREEN[1] BLOCK.RECORDING_SEQUENCE.DISPLAY_SCREEN[1] (BEGIN) 
149908.076 DISPLAY_SCREEN[1] BLOCK.RECORDING_SEQUENCE.DISPLAY_SCREEN[1]
150781.875 MOUSE_R BLOCK.RECORDING_SEQUENCE.MOUSE_R
150782.045 SET_BUTTON_PRESS2 BLOCK.RECORDING_SEQUENCE.SET_BUTTON_PRESS2
150782.229 ADD_TO_RESULTS_FILE[1] BLOCK.RECORDING_SEQUENCE.ADD_TO_RESULTS_FILE[1]
150782.292 SetValueAction 
150783.529 TRIAL_IMAGE BLOCK.RECORDING_SEQUENCE.TRIAL_IMAGE (BEGIN) 
150791.349 TRIAL_IMAGE BLOCK.RECORDING_SEQUENCE.TRIAL_IMAGE
151266.482 TIMER[2] BLOCK.RECORDING_SEQUENCE.TIMER[2]
151276.631 DISPLAY_SCREEN[1] BLOCK.RECORDING_SEQUENCE.DISPLAY_SCREEN[1] (BEGIN) 
151291.326 DISPLAY_SCREEN[1] BLOCK.RECORDING_SEQUENCE.DISPLAY_SCREEN[1]
152277.560 MOUSE_R BLOCK.RECORDING_SEQUENCE.MOUSE_R
152277.737 SET_BUTTON_PRESS2 BLOCK.RECORDING_SEQUENCE.SET_BUTTON_PRESS2
152277.924 ADD_TO_RESULTS_FILE[1] BLOCK.RECORDING_SEQUENCE.ADD_TO_RESULTS_FILE[1]
152277.989 SetValueAction 
152279.225 TRIAL_IMAGE BLOCK.RECORDING_SEQUENCE.TRIAL_IMAGE (BEGIN) 
152291.253 TRIAL_IMAGE BLOCK.RECORDING_SEQUENCE.TRIAL_IMAGE
152766.400 TIMER[2] BLOCK.RECORDING_SEQUENCE.TIMER[2]
152776.624 DISPLAY_SCREEN[1] BLOCK.RECORDING_SEQUENCE.DISPLAY_SCREEN[1] (BEGIN) 
152791.229 DISPLAY_SCREEN[1] BLOCK.RECORDING_SEQUENCE.DISPLAY_SCREEN[1]
153787.857 MOUSE_R BLOCK.RECORDING_SEQUENCE.MOUSE_R
153788.033 SET_BUTTON_PRESS2 BLOCK.RECORDING_SEQUENCE.SET_BUTTON_PRESS2
153788.221 ADD_TO_RESULTS_FILE[1] BLOCK.RECORDING_SEQUENCE.ADD_TO_RESULTS_FILE[1]
153788.286 SetValueAction 
153792.626 TRIAL_IMAGE BLOCK.RECORDING_SEQUENCE.TRIAL_IMAGE (BEGIN) 
153807.833 TRIAL_IMAGE BLOCK.RECORDING_SEQUENCE.TRIAL_IMAGE
154282.967 TIMER[2] BLOCK.RECORDING_SEQUENCE.TIMER[2]
154292.618 DISPLAY_SCREEN[1] BLOCK.RECORDING_SEQUENCE.DISPLAY_SCREEN[1] (BEGIN) 
154307.817 DISPLAY_SCREEN[1] BLOCK.RECORDING_SEQUENCE.DISPLAY_SCREEN[1]
154917.809 MOUSE_R BLOCK.RECORDING_SEQUENCE.MOUSE_R
154917.990 SET_BUTTON_PRESS2 BLOCK.RECORDING_SEQUENCE.SET_BUTTON_PRESS2
154918.176 ADD_TO_RESULTS_FILE[1] BLOCK.RECORDING_SEQUENCE.ADD_TO_RESULTS_FILE[1]
154918.238 SetValueAction 
154973.407 TRIAL_IMAGE BLOCK.RECORDING_SEQUENCE.TRIAL_IMAGE (BEGIN) 
154991.105 TRIAL_IMAGE BLOCK.RECORDING_SEQUENCE.TRIAL_IMAGE
155466.234 TIMER[2] BLOCK.RECORDING_SEQUENCE.TIMER[2]
155476.617 DISPLAY_SCREEN[1] BLOCK.RECORDING_SEQUENCE.DISPLAY_SCREEN[1] (BEGIN) 
155491.060 DISPLAY_SCREEN[1] BLOCK.RECORDING_SEQUENCE.DISPLAY_SCREEN[1]
156272.681 MOUSE_R BLOCK.RECORDING_SEQUENCE.MOUSE_R
156272.854 SET_BUTTON_PRESS2 BLOCK.RECORDING_SEQUENCE.SET_BUTTON_PRESS2
156273.033 ADD_TO_RESULTS_FILE[1] BLOCK.RECORDING_SEQUENCE.ADD_TO_RESULTS_FILE[1]
156273.097 SetValueAction 
156299.123 TRIAL_IMAGE BLOCK.RECORDING_SEQUENCE.TRIAL_IMAGE (BEGIN) 
156307.680 TRIAL_IMAGE BLOCK.RECORDING_SEQUENCE.TRIAL_IMAGE
156782.761 TIMER[2] BLOCK.RECORDING_SEQUENCE.TIMER[2]
156792.616 DISPLAY_SCREEN[1] BLOCK.RECORDING_SEQUENCE.DISPLAY_SCREEN[1] (BEGIN) 
156807.659 DISPLAY_SCREEN[1] BLOCK.RECORDING_SEQUENCE.DISPLAY_SCREEN[1]
157460.500 MOUSE_R BLOCK.RECORDING_SEQUENCE.MOUSE_R
157460.694 SET_BUTTON_PRESS2 BLOCK.RECORDING_SEQUENCE.SET_BUTTON_PRESS2
157460.876 ADD_TO_RESULTS_FILE[1] BLOCK.RECORDING_SEQUENCE.ADD_TO_RESULTS_FILE[1]
157460.939 SetValueAction 
157488.881 TRIAL_IMAGE BLOCK.RECORDING_SEQUENCE.TRIAL_IMAGE (BEGIN) 
157490.934 TRIAL_IMAGE BLOCK.RECORDING_SEQUENCE.TRIAL_IMAGE
157966.128 TIMER[2] BLOCK.RECORDING_SEQUENCE.TIMER[2]
157975.617 DISPLAY_SCREEN[1] BLOCK.RECORDING_SEQUENCE.DISPLAY_SCREEN[1] (BEGIN) 
157990.910 DISPLAY_SCREEN[1] BLOCK.RECORDING_SEQUENCE.DISPLAY_SCREEN[1]
158492.573 MOUSE_R BLOCK.RECORDING_SEQUENCE.MOUSE_R
158492.741 SET_BUTTON_PRESS2 BLOCK.RECORDING_SEQUENCE.SET_BUTTON_PRESS2
158492.926 ADD_TO_RESULTS_FILE[1] BLOCK.RECORDING_SEQUENCE.ADD_TO_RESULTS_FILE[1]
158492.990 SetValueAction 
158501.448 TRIAL_IMAGE BLOCK.RECORDING_SEQUENCE.TRIAL_IMAGE (BEGIN) 
158507.545 TRIAL_IMAGE BLOCK.RECORDING_SEQUENCE.TRIAL_IMAGE
158982.645 TIMER[2] BLOCK.RECORDING_SEQUENCE.TIMER[2]
158992.625 DISPLAY_SCREEN[1] BLOCK.RECORDING_SEQUENCE.DISPLAY_SCREEN[1] (BEGIN) 
159007.520 DISPLAY_SCREEN[1] BLOCK.RECORDING_SEQUENCE.DISPLAY_SCREEN[1]
159615.505 MOUSE_R BLOCK.RECORDING_SEQUENCE.MOUSE_R
159615.682 SET_BUTTON_PRESS2 BLOCK.RECORDING_SEQUENCE.SET_BUTTON_PRESS2
159615.868 ADD_TO_RESULTS_FILE[1] BLOCK.RECORDING_SEQUENCE.ADD_TO_RESULTS_FILE[1]
159615.933 SetValueAction 
159617.171 TRIAL_IMAGE BLOCK.RECORDING_SEQUENCE.TRIAL_IMAGE (BEGIN) 
159624.147 TRIAL_IMAGE BLOCK.RECORDING_SEQUENCE.TRIAL_IMAGE
160099.289 TIMER[2] BLOCK.RECORDING_SEQUENCE.TIMER[2]
160109.618 DISPLAY_SCREEN[1] BLOCK.RECORDING_SEQUENCE.DISPLAY_SCREEN[1] (BEGIN) 
160124.110 DISPLAY_SCREEN[1] BLOCK.RECORDING_SEQUENCE.DISPLAY_SCREEN[1]
160754.229 MOUSE_R BLOCK.RECORDING_SEQUENCE.MOUSE_R
160754.400 SET_BUTTON_PRESS2 BLOCK.RECORDING_SEQUENCE.SET_BUTTON_PRESS2
160754.587 ADD_TO_RESULTS_FILE[1] BLOCK.RECORDING_SEQUENCE.ADD_TO_RESULTS_FILE[1]
160754.653 SetValueAction 
160759.626 TRIAL_IMAGE BLOCK.RECORDING_SEQUENCE.TRIAL_IMAGE (BEGIN) 
160774.068 TRIAL_IMAGE BLOCK.RECORDING_SEQUENCE.TRIAL_IMAGE
161249.223 TIMER[2] BLOCK.RECORDING_SEQUENCE.TIMER[2]
161259.617 DISPLAY_SCREEN[1] BLOCK.RECORDING_SEQUENCE.DISPLAY_SCREEN[1] (BEGIN) 
161274.045 DISPLAY_SCREEN[1] BLOCK.RECORDING_SEQUENCE.DISPLAY_SCREEN[1]
162406.426 MOUSE_R BLOCK.RECORDING_SEQUENCE.MOUSE_R
162406.595 SET_BUTTON_PRESS2 BLOCK.RECORDING_SEQUENCE.SET_BUTTON_PRESS2
162406.798 ADD_TO_RESULTS_FILE[1] BLOCK.RECORDING_SEQUENCE.ADD_TO_RESULTS_FILE[1]
162406.859 SetValueAction 
162431.129 TRIAL_IMAGE BLOCK.RECORDING_SEQUENCE.TRIAL_IMAGE (BEGIN) 
162440.635 TRIAL_IMAGE BLOCK.RECORDING_SEQUENCE.TRIAL_IMAGE
162915.748 TIMER[2] BLOCK.RECORDING_SEQUENCE.TIMER[2]
162925.616 DISPLAY_SCREEN[1] BLOCK.RECORDING_SEQUENCE.DISPLAY_SCREEN[1] (BEGIN) 
162940.610 DISPLAY_SCREEN[1] BLOCK.RECORDING_SEQUENCE.DISPLAY_SCREEN[1]
163495.013 MOUSE_R BLOCK.RECORDING_SEQUENCE.MOUSE_R
163495.176 SET_BUTTON_PRESS2 BLOCK.RECORDING_SEQUENCE.SET_BUTTON_PRESS2
163495.369 ADD_TO_RESULTS_FILE[1] BLOCK.RECORDING_SEQUENCE.ADD_TO_RESULTS_FILE[1]
163495.433 SetValueAction 
163515.389 TRIAL_IMAGE BLOCK.RECORDING_SEQUENCE.TRIAL_IMAGE (BEGIN) 
163523.902 TRIAL_IMAGE BLOCK.RECORDING_SEQUENCE.TRIAL_IMAGE
163999.045 TIMER[2] BLOCK.RECORDING_SEQUENCE.TIMER[2]
164008.617 DISPLAY_SCREEN[1] BLOCK.RECORDING_SEQUENCE.DISPLAY_SCREEN[1] (BEGIN) 
164023.876 DISPLAY_SCREEN[1] BLOCK.RECORDING_SEQUENCE.DISPLAY_SCREEN[1]
164749.876 MOUSE_R BLOCK.RECORDING_SEQUENCE.MOUSE_R
164750.045 SET_BUTTON_PRESS2 BLOCK.RECORDING_SEQUENCE.SET_BUTTON_PRESS2
164750.229 ADD_TO_RESULTS_FILE[1] BLOCK.RECORDING_SEQUENCE.ADD_TO_RESULTS_FILE[1]
164750.292 SetValueAction 
164751.525 TRIAL_IMAGE BLOCK.RECORDING_SEQUENCE.TRIAL_IMAGE (BEGIN) 
164757.155 TRIAL_IMAGE BLOCK.RECORDING_SEQUENCE.TRIAL_IMAGE
165232.315 TIMER[2] BLOCK.RECORDING_SEQUENCE.TIMER[2]
165242.615 DISPLAY_SCREEN[1] BLOCK.RECORDING_SEQUENCE.DISPLAY_SCREEN[1] (BEGIN) 
165257.126 DISPLAY_SCREEN[1] BLOCK.RECORDING_SEQUENCE.DISPLAY_SCREEN[1]
165814.501 MOUSE_R BLOCK.RECORDING_SEQUENCE.MOUSE_R
165814.677 SET_BUTTON_PRESS2 BLOCK.RECORDING_SEQUENCE.SET_BUTTON_PRESS2
165814.865 ADD_TO_RESULTS_FILE[1] BLOCK.RECORDING_SEQUENCE.ADD_TO_RESULTS_FILE[1]
165814.930 SetValueAction 
165842.088 TRIAL_IMAGE BLOCK.RECORDING_SEQUENCE.TRIAL_IMAGE (BEGIN) 
165857.093 TRIAL_IMAGE BLOCK.RECORDING_SEQUENCE.TRIAL_IMAGE
166332.225 TIMER[2] BLOCK.RECORDING_SEQUENCE.TIMER[2]
166342.615 DISPLAY_SCREEN[1] BLOCK.RECORDING_SEQUENCE.DISPLAY_SCREEN[1] (BEGIN) 
166357.066 DISPLAY_SCREEN[1] BLOCK.RECORDING_SEQUENCE.DISPLAY_SCREEN[1]
166862.725 MOUSE_R BLOCK.RECORDING_SEQUENCE.MOUSE_R
166862.898 SET_BUTTON_PRESS2 BLOCK.RECORDING_SEQUENCE.SET_BUTTON_PRESS2
166863.084 ADD_TO_RESULTS_FILE[1] BLOCK.RECORDING_SEQUENCE.ADD_TO_RESULTS_FILE[1]
166863.149 SetValueAction 
166883.641 TRIAL_IMAGE BLOCK.RECORDING_SEQUENCE.TRIAL_IMAGE (BEGIN) 
166890.359 TRIAL_IMAGE BLOCK.RECORDING_SEQUENCE.TRIAL_IMAGE
167365.464 TIMER[2] BLOCK.RECORDING_SEQUENCE.TIMER[2]
167375.614 DISPLAY_SCREEN[1] BLOCK.RECORDING_SEQUENCE.DISPLAY_SCREEN[1] (BEGIN) 
167390.336 DISPLAY_SCREEN[1] BLOCK.RECORDING_SEQUENCE.DISPLAY_SCREEN[1]
168033.818 MOUSE_R BLOCK.RECORDING_SEQUENCE.MOUSE_R
168033.986 SET_BUTTON_PRESS2 BLOCK.RECORDING_SEQUENCE.SET_BUTTON_PRESS2
168034.174 ADD_TO_RESULTS_FILE[1] BLOCK.RECORDING_SEQUENCE.ADD_TO_RESULTS_FILE[1]
168034.236 SetValueAction 
168058.208 TRIAL_IMAGE BLOCK.RECORDING_SEQUENCE.TRIAL_IMAGE (BEGIN) 
168073.628 TRIAL_IMAGE BLOCK.RECORDING_SEQUENCE.TRIAL_IMAGE
168548.722 TIMER[2] BLOCK.RECORDING_SEQUENCE.TIMER[2]
168558.616 DISPLAY_SCREEN[1] BLOCK.RECORDING_SEQUENCE.DISPLAY_SCREEN[1] (BEGIN) 
168573.588 DISPLAY_SCREEN[1] BLOCK.RECORDING_SEQUENCE.DISPLAY_SCREEN[1]
169471.574 MOUSE_R BLOCK.RECORDING_SEQUENCE.MOUSE_R
169471.754 SET_BUTTON_PRESS2 BLOCK.RECORDING_SEQUENCE.SET_BUTTON_PRESS2
169471.943 ADD_TO_RESULTS_FILE[1] BLOCK.RECORDING_SEQUENCE.ADD_TO_RESULTS_FILE[1]
169472.007 SetValueAction 
169481.801 TRIAL_IMAGE BLOCK.RECORDING_SEQUENCE.TRIAL_IMAGE (BEGIN) 
169490.210 TRIAL_IMAGE BLOCK.RECORDING_SEQUENCE.TRIAL_IMAGE
169965.348 TIMER[2] BLOCK.RECORDING_SEQUENCE.TIMER[2]
169975.617 DISPLAY_SCREEN[1] BLOCK.RECORDING_SEQUENCE.DISPLAY_SCREEN[1] (BEGIN) 
169990.175 DISPLAY_SCREEN[1] BLOCK.RECORDING_SEQUENCE.DISPLAY_SCREEN[1]
170750.341 MOUSE_R BLOCK.RECORDING_SEQUENCE.MOUSE_R
170750.513 SET_BUTTON_PRESS2 BLOCK.RECORDING_SEQUENCE.SET_BUTTON_PRESS2
170750.709 ADD_TO_RESULTS_FILE[1] BLOCK.RECORDING_SEQUENCE.ADD_TO_RESULTS_FILE[1]
170750.772 SetValueAction 
170768.205 TRIAL_IMAGE BLOCK.RECORDING_SEQUENCE.TRIAL_IMAGE (BEGIN) 
170773.457 TRIAL_IMAGE BLOCK.RECORDING_SEQUENCE.TRIAL_IMAGE
171248.524 TIMER[2] BLOCK.RECORDING_SEQUENCE.TIMER[2]
171258.617 DISPLAY_SCREEN[1] BLOCK.RECORDING_SEQUENCE.DISPLAY_SCREEN[1] (BEGIN) 
171273.431 DISPLAY_SCREEN[1] BLOCK.RECORDING_SEQUENCE.DISPLAY_SCREEN[1]
172220.448 MOUSE_R BLOCK.RECORDING_SEQUENCE.MOUSE_R
172220.619 SET_BUTTON_PRESS2 BLOCK.RECORDING_SEQUENCE.SET_BUTTON_PRESS2
172220.803 ADD_TO_RESULTS_FILE[1] BLOCK.RECORDING_SEQUENCE.ADD_TO_RESULTS_FILE[1]
172220.867 SetValueAction 
172245.743 TRIAL_IMAGE BLOCK.RECORDING_SEQUENCE.TRIAL_IMAGE (BEGIN) 
172256.708 TRIAL_IMAGE BLOCK.RECORDING_SEQUENCE.TRIAL_IMAGE
172731.850 TIMER[2] BLOCK.RECORDING_SEQUENCE.TIMER[2]
172741.615 DISPLAY_SCREEN[1] BLOCK.RECORDING_SEQUENCE.DISPLAY_SCREEN[1] (BEGIN) 
172756.682 DISPLAY_SCREEN[1] BLOCK.RECORDING_SEQUENCE.DISPLAY_SCREEN[1]
173054.170 MOUSE_R BLOCK.RECORDING_SEQUENCE.MOUSE_R
173054.332 SET_BUTTON_PRESS2 BLOCK.RECORDING_SEQUENCE.SET_BUTTON_PRESS2
173054.524 ADD_TO_RESULTS_FILE[1] BLOCK.RECORDING_SEQUENCE.ADD_TO_RESULTS_FILE[1]
173054.588 SetValueAction 
173058.617 TRIAL_IMAGE BLOCK.RECORDING_SEQUENCE.TRIAL_IMAGE (BEGIN) 
173073.313 TRIAL_IMAGE BLOCK.RECORDING_SEQUENCE.TRIAL_IMAGE
173548.490 TIMER[2] BLOCK.RECORDING_SEQUENCE.TIMER[2]
173558.617 DISPLAY_SCREEN[1] BLOCK.RECORDING_SEQUENCE.DISPLAY_SCREEN[1] (BEGIN) 
173573.282 DISPLAY_SCREEN[1] BLOCK.RECORDING_SEQUENCE.DISPLAY_SCREEN[1]
174366.159 MOUSE_R BLOCK.RECORDING_SEQUENCE.MOUSE_R
174366.334 SET_BUTTON_PRESS2 BLOCK.RECORDING_SEQUENCE.SET_BUTTON_PRESS2
174366.522 ADD_TO_RESULTS_FILE[1] BLOCK.RECORDING_SEQUENCE.ADD_TO_RESULTS_FILE[1]
174366.587 SetValueAction 
174392.114 TRIAL_IMAGE BLOCK.RECORDING_SEQUENCE.TRIAL_IMAGE (BEGIN) 
174406.570 TRIAL_IMAGE BLOCK.RECORDING_SEQUENCE.TRIAL_IMAGE
174881.724 TIMER[2] BLOCK.RECORDING_SEQUENCE.TIMER[2]
174891.616 DISPLAY_SCREEN[1] BLOCK.RECORDING_SEQUENCE.DISPLAY_SCREEN[1] (BEGIN) 
174906.544 DISPLAY_SCREEN[1] BLOCK.RECORDING_SEQUENCE.DISPLAY_SCREEN[1]
175455.382 MOUSE_R BLOCK.RECORDING_SEQUENCE.MOUSE_R
175455.542 SET_BUTTON_PRESS2 BLOCK.RECORDING_SEQUENCE.SET_BUTTON_PRESS2
175455.743 ADD_TO_RESULTS_FILE[1] BLOCK.RECORDING_SEQUENCE.ADD_TO_RESULTS_FILE[1]
175455.806 SetValueAction 
175457.007 TRIAL_IMAGE BLOCK.RECORDING_SEQUENCE.TRIAL_IMAGE (BEGIN) 
175473.172 TRIAL_IMAGE BLOCK.RECORDING_SEQUENCE.TRIAL_IMAGE
175948.420 TIMER[2] BLOCK.RECORDING_SEQUENCE.TIMER[2]
175958.618 DISPLAY_SCREEN[1] BLOCK.RECORDING_SEQUENCE.DISPLAY_SCREEN[1] (BEGIN) 
175973.135 DISPLAY_SCREEN[1] BLOCK.RECORDING_SEQUENCE.DISPLAY_SCREEN[1]
176677.104 MOUSE_R BLOCK.RECORDING_SEQUENCE.MOUSE_R
176677.274 SET_BUTTON_PRESS2 BLOCK.RECORDING_SEQUENCE.SET_BUTTON_PRESS2
176677.461 ADD_TO_RESULTS_FILE[1] BLOCK.RECORDING_SEQUENCE.ADD_TO_RESULTS_FILE[1]
176677.526 SetValueAction 
176725.996 TRIAL_IMAGE BLOCK.RECORDING_SEQUENCE.TRIAL_IMAGE (BEGIN) 
176739.759 TRIAL_IMAGE BLOCK.RECORDING_SEQUENCE.TRIAL_IMAGE
177214.864 TIMER[2] BLOCK.RECORDING_SEQUENCE.TIMER[2]
177224.620 DISPLAY_SCREEN[1] BLOCK.RECORDING_SEQUENCE.DISPLAY_SCREEN[1] (BEGIN) 
177239.734 DISPLAY_SCREEN[1] BLOCK.RECORDING_SEQUENCE.DISPLAY_SCREEN[1]
177972.889 MOUSE_R BLOCK.RECORDING_SEQUENCE.MOUSE_R
177973.058 SET_BUTTON_PRESS2 BLOCK.RECORDING_SEQUENCE.SET_BUTTON_PRESS2
177973.237 ADD_TO_RESULTS_FILE[1] BLOCK.RECORDING_SEQUENCE.ADD_TO_RESULTS_FILE[1]
177973.309 SetValueAction 
177974.565 TRIAL_IMAGE BLOCK.RECORDING_SEQUENCE.TRIAL_IMAGE (BEGIN) 
177989.688 TRIAL_IMAGE BLOCK.RECORDING_SEQUENCE.TRIAL_IMAGE
178464.870 TIMER[2] BLOCK.RECORDING_SEQUENCE.TIMER[2]
178474.616 DISPLAY_SCREEN[1] BLOCK.RECORDING_SEQUENCE.DISPLAY_SCREEN[1] (BEGIN) 
178489.650 DISPLAY_SCREEN[1] BLOCK.RECORDING_SEQUENCE.DISPLAY_SCREEN[1]
179468.976 MOUSE_R BLOCK.RECORDING_SEQUENCE.MOUSE_R
179469.152 SET_BUTTON_PRESS2 BLOCK.RECORDING_SEQUENCE.SET_BUTTON_PRESS2
179469.340 ADD_TO_RESULTS_FILE[1] BLOCK.RECORDING_SEQUENCE.ADD_TO_RESULTS_FILE[1]
179469.405 SetValueAction 
179470.662 TRIAL_IMAGE BLOCK.RECORDING_SEQUENCE.TRIAL_IMAGE (BEGIN) 
179472.926 TRIAL_IMAGE BLOCK.RECORDING_SEQUENCE.TRIAL_IMAGE
179948.056 TIMER[2] BLOCK.RECORDING_SEQUENCE.TIMER[2]
179957.630 DISPLAY_SCREEN[1] BLOCK.RECORDING_SEQUENCE.DISPLAY_SCREEN[1] (BEGIN) 
179972.930 DISPLAY_SCREEN[1] BLOCK.RECORDING_SEQUENCE.DISPLAY_SCREEN[1]
180963.963 MOUSE_R BLOCK.RECORDING_SEQUENCE.MOUSE_R
180964.142 SET_BUTTON_PRESS2 BLOCK.RECORDING_SEQUENCE.SET_BUTTON_PRESS2
180964.330 ADD_TO_RESULTS_FILE[1] BLOCK.RECORDING_SEQUENCE.ADD_TO_RESULTS_FILE[1]
180964.394 SetValueAction 
180965.639 TRIAL_IMAGE BLOCK.RECORDING_SEQUENCE.TRIAL_IMAGE (BEGIN) 
180972.822 TRIAL_IMAGE BLOCK.RECORDING_SEQUENCE.TRIAL_IMAGE
181447.912 TIMER[2] BLOCK.RECORDING_SEQUENCE.TIMER[2]
181457.615 DISPLAY_SCREEN[1] BLOCK.RECORDING_SEQUENCE.DISPLAY_SCREEN[1] (BEGIN) 
181472.798 DISPLAY_SCREEN[1] BLOCK.RECORDING_SEQUENCE.DISPLAY_SCREEN[1]
181787.505 MOUSE_R BLOCK.RECORDING_SEQUENCE.MOUSE_R
181787.667 SET_BUTTON_PRESS2 BLOCK.RECORDING_SEQUENCE.SET_BUTTON_PRESS2
181787.860 ADD_TO_RESULTS_FILE[1] BLOCK.RECORDING_SEQUENCE.ADD_TO_RESULTS_FILE[1]
181787.928 SetValueAction 
181791.619 TRIAL_IMAGE BLOCK.RECORDING_SEQUENCE.TRIAL_IMAGE (BEGIN) 
181806.114 TRIAL_IMAGE BLOCK.RECORDING_SEQUENCE.TRIAL_IMAGE
182281.228 TIMER[2] BLOCK.RECORDING_SEQUENCE.TIMER[2]
182291.616 DISPLAY_SCREEN[1] BLOCK.RECORDING_SEQUENCE.DISPLAY_SCREEN[1] (BEGIN) 
182306.098 DISPLAY_SCREEN[1] BLOCK.RECORDING_SEQUENCE.DISPLAY_SCREEN[1]
182497.139 MOUSE_R BLOCK.RECORDING_SEQUENCE.MOUSE_R
182497.305 SET_BUTTON_PRESS2 BLOCK.RECORDING_SEQUENCE.SET_BUTTON_PRESS2
182497.491 ADD_TO_RESULTS_FILE[1] BLOCK.RECORDING_SEQUENCE.ADD_TO_RESULTS_FILE[1]
182497.553 SetValueAction 
182498.793 TRIAL_IMAGE BLOCK.RECORDING_SEQUENCE.TRIAL_IMAGE (BEGIN) 
182506.067 TRIAL_IMAGE BLOCK.RECORDING_SEQUENCE.TRIAL_IMAGE
182981.130 TIMER[2] BLOCK.RECORDING_SEQUENCE.TIMER[2]
182991.618 DISPLAY_SCREEN[1] BLOCK.RECORDING_SEQUENCE.DISPLAY_SCREEN[1] (BEGIN) 
183006.044 DISPLAY_SCREEN[1] BLOCK.RECORDING_SEQUENCE.DISPLAY_SCREEN[1]
183485.462 MOUSE_R BLOCK.RECORDING_SEQUENCE.MOUSE_R
183485.631 SET_BUTTON_PRESS2 BLOCK.RECORDING_SEQUENCE.SET_BUTTON_PRESS2
183485.816 ADD_TO_RESULTS_FILE[1] BLOCK.RECORDING_SEQUENCE.ADD_TO_RESULTS_FILE[1]
183485.877 SetValueAction 
183506.350 TRIAL_IMAGE BLOCK.RECORDING_SEQUENCE.TRIAL_IMAGE (BEGIN) 
183522.674 TRIAL_IMAGE BLOCK.RECORDING_SEQUENCE.TRIAL_IMAGE
183997.825 TIMER[2] BLOCK.RECORDING_SEQUENCE.TIMER[2]
184007.616 DISPLAY_SCREEN[1] BLOCK.RECORDING_SEQUENCE.DISPLAY_SCREEN[1] (BEGIN) 
184022.653 DISPLAY_SCREEN[1] BLOCK.RECORDING_SEQUENCE.DISPLAY_SCREEN[1]
184584.788 MOUSE_R BLOCK.RECORDING_SEQUENCE.MOUSE_R
184584.959 SET_BUTTON_PRESS2 BLOCK.RECORDING_SEQUENCE.SET_BUTTON_PRESS2
184585.147 ADD_TO_RESULTS_FILE[1] BLOCK.RECORDING_SEQUENCE.ADD_TO_RESULTS_FILE[1]
184585.212 SetValueAction 
184609.595 TRIAL_IMAGE BLOCK.RECORDING_SEQUENCE.TRIAL_IMAGE (BEGIN) 
184622.613 TRIAL_IMAGE BLOCK.RECORDING_SEQUENCE.TRIAL_IMAGE
185097.751 TIMER[2] BLOCK.RECORDING_SEQUENCE.TIMER[2]
185107.616 DISPLAY_SCREEN[1] BLOCK.RECORDING_SEQUENCE.DISPLAY_SCREEN[1] (BEGIN) 
185122.574 DISPLAY_SCREEN[1] BLOCK.RECORDING_SEQUENCE.DISPLAY_SCREEN[1]
185498.864 MOUSE_R BLOCK.RECORDING_SEQUENCE.MOUSE_R
185499.032 SET_BUTTON_PRESS2 BLOCK.RECORDING_SEQUENCE.SET_BUTTON_PRESS2
185499.218 ADD_TO_RESULTS_FILE[1] BLOCK.RECORDING_SEQUENCE.ADD_TO_RESULTS_FILE[1]
185499.283 SetValueAction 
185522.468 TRIAL_IMAGE BLOCK.RECORDING_SEQUENCE.TRIAL_IMAGE (BEGIN) 
185539.213 TRIAL_IMAGE BLOCK.RECORDING_SEQUENCE.TRIAL_IMAGE
186014.316 TIMER[2] BLOCK.RECORDING_SEQUENCE.TIMER[2]
186024.616 DISPLAY_SCREEN[1] BLOCK.RECORDING_SEQUENCE.DISPLAY_SCREEN[1] (BEGIN) 
186039.193 DISPLAY_SCREEN[1] BLOCK.RECORDING_SEQUENCE.DISPLAY_SCREEN[1]
186349.161 MOUSE_R BLOCK.RECORDING_SEQUENCE.MOUSE_R
186349.327 SET_BUTTON_PRESS2 BLOCK.RECORDING_SEQUENCE.SET_BUTTON_PRESS2
186349.513 ADD_TO_RESULTS_FILE[1] BLOCK.RECORDING_SEQUENCE.ADD_TO_RESULTS_FILE[1]
186349.577 SetValueAction 
186375.600 TRIAL_IMAGE BLOCK.RECORDING_SEQUENCE.TRIAL_IMAGE (BEGIN) 
186389.167 TRIAL_IMAGE BLOCK.RECORDING_SEQUENCE.TRIAL_IMAGE
186864.277 TIMER[2] BLOCK.RECORDING_SEQUENCE.TIMER[2]
186874.616 DISPLAY_SCREEN[1] BLOCK.RECORDING_SEQUENCE.DISPLAY_SCREEN[1] (BEGIN) 
186889.132 DISPLAY_SCREEN[1] BLOCK.RECORDING_SEQUENCE.DISPLAY_SCREEN[1]
187223.247 MOUSE_R BLOCK.RECORDING_SEQUENCE.MOUSE_R
187223.407 SET_BUTTON_PRESS2 BLOCK.RECORDING_SEQUENCE.SET_BUTTON_PRESS2
187223.583 ADD_TO_RESULTS_FILE[1] BLOCK.RECORDING_SEQUENCE.ADD_TO_RESULTS_FILE[1]
187223.645 SetValueAction 
187243.268 TRIAL_IMAGE BLOCK.RECORDING_SEQUENCE.TRIAL_IMAGE (BEGIN) 
187255.782 TRIAL_IMAGE BLOCK.RECORDING_SEQUENCE.TRIAL_IMAGE
187730.896 TIMER[2] BLOCK.RECORDING_SEQUENCE.TIMER[2]
187740.616 DISPLAY_SCREEN[1] BLOCK.RECORDING_SEQUENCE.DISPLAY_SCREEN[1] (BEGIN) 
187755.755 DISPLAY_SCREEN[1] BLOCK.RECORDING_SEQUENCE.DISPLAY_SCREEN[1]
188312.613 MOUSE_R BLOCK.RECORDING_SEQUENCE.MOUSE_R
188312.795 SET_BUTTON_PRESS2 BLOCK.RECORDING_SEQUENCE.SET_BUTTON_PRESS2
188312.985 ADD_TO_RESULTS_FILE[1] BLOCK.RECORDING_SEQUENCE.ADD_TO_RESULTS_FILE[1]
188313.052 SetValueAction 
188314.349 TRIAL_IMAGE BLOCK.RECORDING_SEQUENCE.TRIAL_IMAGE (BEGIN) 
188322.377 TRIAL_IMAGE BLOCK.RECORDING_SEQUENCE.TRIAL_IMAGE
188797.498 TIMER[2] BLOCK.RECORDING_SEQUENCE.TIMER[2]
188807.615 DISPLAY_SCREEN[1] BLOCK.RECORDING_SEQUENCE.DISPLAY_SCREEN[1] (BEGIN) 
188822.365 DISPLAY_SCREEN[1] BLOCK.RECORDING_SEQUENCE.DISPLAY_SCREEN[1]
189376.458 MOUSE_R BLOCK.RECORDING_SEQUENCE.MOUSE_R
189376.633 SET_BUTTON_PRESS2 BLOCK.RECORDING_SEQUENCE.SET_BUTTON_PRESS2
189376.820 ADD_TO_RESULTS_FILE[1] BLOCK.RECORDING_SEQUENCE.ADD_TO_RESULTS_FILE[1]
189376.885 SetValueAction 
189400.052 TRIAL_IMAGE BLOCK.RECORDING_SEQUENCE.TRIAL_IMAGE (BEGIN) 
189405.646 TRIAL_IMAGE BLOCK.RECORDING_SEQUENCE.TRIAL_IMAGE
189880.792 TIMER[2] BLOCK.RECORDING_SEQUENCE.TIMER[2]
189890.617 DISPLAY_SCREEN[1] BLOCK.RECORDING_SEQUENCE.DISPLAY_SCREEN[1] (BEGIN) 
189905.622 DISPLAY_SCREEN[1] BLOCK.RECORDING_SEQUENCE.DISPLAY_SCREEN[1]
190267.303 MOUSE_R BLOCK.RECORDING_SEQUENCE.MOUSE_R
190267.466 SET_BUTTON_PRESS2 BLOCK.RECORDING_SEQUENCE.SET_BUTTON_PRESS2
190267.648 ADD_TO_RESULTS_FILE[1] BLOCK.RECORDING_SEQUENCE.ADD_TO_RESULTS_FILE[1]
190267.711 SetValueAction 
190276.290 TRIAL_IMAGE BLOCK.RECORDING_SEQUENCE.TRIAL_IMAGE (BEGIN) 
190288.924 TRIAL_IMAGE BLOCK.RECORDING_SEQUENCE.TRIAL_IMAGE
190764.001 TIMER[2] BLOCK.RECORDING_SEQUENCE.TIMER[2]
190773.615 DISPLAY_SCREEN[1] BLOCK.RECORDING_SEQUENCE.DISPLAY_SCREEN[1] (BEGIN) 
190788.902 DISPLAY_SCREEN[1] BLOCK.RECORDING_SEQUENCE.DISPLAY_SCREEN[1]
191208.970 MOUSE_R BLOCK.RECORDING_SEQUENCE.MOUSE_R
191209.140 SET_BUTTON_PRESS2 BLOCK.RECORDING_SEQUENCE.SET_BUTTON_PRESS2
191209.323 ADD_TO_RESULTS_FILE[1] BLOCK.RECORDING_SEQUENCE.ADD_TO_RESULTS_FILE[1]
191209.386 SetValueAction 
191217.986 TRIAL_IMAGE BLOCK.RECORDING_SEQUENCE.TRIAL_IMAGE (BEGIN) 
191222.200 TRIAL_IMAGE BLOCK.RECORDING_SEQUENCE.TRIAL_IMAGE
191697.374 TIMER[2] BLOCK.RECORDING_SEQUENCE.TIMER[2]
191707.616 DISPLAY_SCREEN[1] BLOCK.RECORDING_SEQUENCE.DISPLAY_SCREEN[1] (BEGIN) 
191722.177 DISPLAY_SCREEN[1] BLOCK.RECORDING_SEQUENCE.DISPLAY_SCREEN[1]
192329.775 MOUSE_R BLOCK.RECORDING_SEQUENCE.MOUSE_R
192329.938 SET_BUTTON_PRESS2 BLOCK.RECORDING_SEQUENCE.SET_BUTTON_PRESS2
192330.115 ADD_TO_RESULTS_FILE[1] BLOCK.RECORDING_SEQUENCE.ADD_TO_RESULTS_FILE[1]
192330.177 SetValueAction 
192339.021 TRIAL_IMAGE BLOCK.RECORDING_SEQUENCE.TRIAL_IMAGE (BEGIN) 
192355.462 TRIAL_IMAGE BLOCK.RECORDING_SEQUENCE.TRIAL_IMAGE
192830.537 TIMER[2] BLOCK.RECORDING_SEQUENCE.TIMER[2]
192840.616 DISPLAY_SCREEN[1] BLOCK.RECORDING_SEQUENCE.DISPLAY_SCREEN[1] (BEGIN) 
192855.452 DISPLAY_SCREEN[1] BLOCK.RECORDING_SEQUENCE.DISPLAY_SCREEN[1]
193245.496 MOUSE_R BLOCK.RECORDING_SEQUENCE.MOUSE_R
193245.666 SET_BUTTON_PRESS2 BLOCK.RECORDING_SEQUENCE.SET_BUTTON_PRESS2
193245.854 ADD_TO_RESULTS_FILE[1] BLOCK.RECORDING_SEQUENCE.ADD_TO_RESULTS_FILE[1]
193245.918 SetValueAction 
193266.134 TRIAL_IMAGE BLOCK.RECORDING_SEQUENCE.TRIAL_IMAGE (BEGIN) 
193272.083 TRIAL_IMAGE BLOCK.RECORDING_SEQUENCE.TRIAL_IMAGE
193747.248 TIMER[2] BLOCK.RECORDING_SEQUENCE.TIMER[2]
193757.615 DISPLAY_SCREEN[1] BLOCK.RECORDING_SEQUENCE.DISPLAY_SCREEN[1] (BEGIN) 
193772.040 DISPLAY_SCREEN[1] BLOCK.RECORDING_SEQUENCE.DISPLAY_SCREEN[1]
194244.636 MOUSE_R BLOCK.RECORDING_SEQUENCE.MOUSE_R
194244.805 SET_BUTTON_PRESS2 BLOCK.RECORDING_SEQUENCE.SET_BUTTON_PRESS2
194244.993 ADD_TO_RESULTS_FILE[1] BLOCK.RECORDING_SEQUENCE.ADD_TO_RESULTS_FILE[1]
194245.057 SetValueAction 
194246.258 TRIAL_IMAGE BLOCK.RECORDING_SEQUENCE.TRIAL_IMAGE (BEGIN) 
194255.354 TRIAL_IMAGE BLOCK.RECORDING_SEQUENCE.TRIAL_IMAGE
194730.485 TIMER[2] BLOCK.RECORDING_SEQUENCE.TIMER[2]
194740.616 DISPLAY_SCREEN[1] BLOCK.RECORDING_SEQUENCE.DISPLAY_SCREEN[1] (BEGIN) 
194755.335 DISPLAY_SCREEN[1] BLOCK.RECORDING_SEQUENCE.DISPLAY_SCREEN[1]
195225.378 MOUSE_R BLOCK.RECORDING_SEQUENCE.MOUSE_R
195225.555 SET_BUTTON_PRESS2 BLOCK.RECORDING_SEQUENCE.SET_BUTTON_PRESS2
195225.742 ADD_TO_RESULTS_FILE[1] BLOCK.RECORDING_SEQUENCE.ADD_TO_RESULTS_FILE[1]
195225.806 SetValueAction 
195227.031 TRIAL_IMAGE BLOCK.RECORDING_SEQUENCE.TRIAL_IMAGE (BEGIN) 
195238.615 TRIAL_IMAGE BLOCK.RECORDING_SEQUENCE.TRIAL_IMAGE
195713.790 TIMER[2] BLOCK.RECORDING_SEQUENCE.TIMER[2]
195723.616 DISPLAY_SCREEN[1] BLOCK.RECORDING_SEQUENCE.DISPLAY_SCREEN[1] (BEGIN) 
195738.600 DISPLAY_SCREEN[1] BLOCK.RECORDING_SEQUENCE.DISPLAY_SCREEN[1]
196671.805 MOUSE_R BLOCK.RECORDING_SEQUENCE.MOUSE_R
196671.976 SET_BUTTON_PRESS2 BLOCK.RECORDING_SEQUENCE.SET_BUTTON_PRESS2
196672.160 ADD_TO_RESULTS_FILE[1] BLOCK.RECORDING_SEQUENCE.ADD_TO_RESULTS_FILE[1]
196672.223 SetValueAction 
196697.912 TRIAL_IMAGE BLOCK.RECORDING_SEQUENCE.TRIAL_IMAGE (BEGIN) 
196705.195 TRIAL_IMAGE BLOCK.RECORDING_SEQUENCE.TRIAL_IMAGE
197180.288 TIMER[2] BLOCK.RECORDING_SEQUENCE.TIMER[2]
197190.616 DISPLAY_SCREEN[1] BLOCK.RECORDING_SEQUENCE.DISPLAY_SCREEN[1] (BEGIN) 
197205.176 DISPLAY_SCREEN[1] BLOCK.RECORDING_SEQUENCE.DISPLAY_SCREEN[1]
198032.988 MOUSE_R BLOCK.RECORDING_SEQUENCE.MOUSE_R
198033.160 SET_BUTTON_PRESS2 BLOCK.RECORDING_SEQUENCE.SET_BUTTON_PRESS2
198033.343 ADD_TO_RESULTS_FILE[1] BLOCK.RECORDING_SEQUENCE.ADD_TO_RESULTS_FILE[1]
198033.407 SetValueAction 
198034.659 TRIAL_IMAGE BLOCK.RECORDING_SEQUENCE.TRIAL_IMAGE (BEGIN) 
198038.448 TRIAL_IMAGE BLOCK.RECORDING_SEQUENCE.TRIAL_IMAGE
198513.549 TIMER[2] BLOCK.RECORDING_SEQUENCE.TIMER[2]
198523.615 DISPLAY_SCREEN[1] BLOCK.RECORDING_SEQUENCE.DISPLAY_SCREEN[1] (BEGIN) 
198538.427 DISPLAY_SCREEN[1] BLOCK.RECORDING_SEQUENCE.DISPLAY_SCREEN[1]
199707.498 MOUSE_R BLOCK.RECORDING_SEQUENCE.MOUSE_R
199707.679 SET_BUTTON_PRESS2 BLOCK.RECORDING_SEQUENCE.SET_BUTTON_PRESS2
199707.870 ADD_TO_RESULTS_FILE[1] BLOCK.RECORDING_SEQUENCE.ADD_TO_RESULTS_FILE[1]
199707.934 SetValueAction 
199716.716 TRIAL_IMAGE BLOCK.RECORDING_SEQUENCE.TRIAL_IMAGE (BEGIN) 
199721.673 TRIAL_IMAGE BLOCK.RECORDING_SEQUENCE.TRIAL_IMAGE
200196.860 TIMER[2] BLOCK.RECORDING_SEQUENCE.TIMER[2]
200206.618 DISPLAY_SCREEN[1] BLOCK.RECORDING_SEQUENCE.DISPLAY_SCREEN[1] (BEGIN) 
200221.658 DISPLAY_SCREEN[1] BLOCK.RECORDING_SEQUENCE.DISPLAY_SCREEN[1]
200763.691 MOUSE_R BLOCK.RECORDING_SEQUENCE.MOUSE_R
200763.858 SET_BUTTON_PRESS2 BLOCK.RECORDING_SEQUENCE.SET_BUTTON_PRESS2
200764.040 ADD_TO_RESULTS_FILE[1] BLOCK.RECORDING_SEQUENCE.ADD_TO_RESULTS_FILE[1]
200764.103 SetValueAction 
200784.628 TRIAL_IMAGE BLOCK.RECORDING_SEQUENCE.TRIAL_IMAGE (BEGIN) 
200788.281 TRIAL_IMAGE BLOCK.RECORDING_SEQUENCE.TRIAL_IMAGE
201263.347 TIMER[2] BLOCK.RECORDING_SEQUENCE.TIMER[2]
201273.616 DISPLAY_SCREEN[1] BLOCK.RECORDING_SEQUENCE.DISPLAY_SCREEN[1] (BEGIN) 
201288.252 DISPLAY_SCREEN[1] BLOCK.RECORDING_SEQUENCE.DISPLAY_SCREEN[1]
201695.692 MOUSE_R BLOCK.RECORDING_SEQUENCE.MOUSE_R
201695.888 SET_BUTTON_PRESS2 BLOCK.RECORDING_SEQUENCE.SET_BUTTON_PRESS2
201696.092 ADD_TO_RESULTS_FILE[1] BLOCK.RECORDING_SEQUENCE.ADD_TO_RESULTS_FILE[1]
201696.159 SetValueAction 
201697.426 TRIAL_IMAGE BLOCK.RECORDING_SEQUENCE.TRIAL_IMAGE (BEGIN) 
201704.890 TRIAL_IMAGE BLOCK.RECORDING_SEQUENCE.TRIAL_IMAGE
202180.054 TIMER[2] BLOCK.RECORDING_SEQUENCE.TIMER[2]
202189.616 DISPLAY_SCREEN[1] BLOCK.RECORDING_SEQUENCE.DISPLAY_SCREEN[1] (BEGIN) 
202204.859 DISPLAY_SCREEN[1] BLOCK.RECORDING_SEQUENCE.DISPLAY_SCREEN[1]
202610.198 MOUSE_R BLOCK.RECORDING_SEQUENCE.MOUSE_R
202610.396 SET_BUTTON_PRESS2 BLOCK.RECORDING_SEQUENCE.SET_BUTTON_PRESS2
202610.583 ADD_TO_RESULTS_FILE[1] BLOCK.RECORDING_SEQUENCE.ADD_TO_RESULTS_FILE[1]
202610.647 SetValueAction 
202623.621 TRIAL_IMAGE BLOCK.RECORDING_SEQUENCE.TRIAL_IMAGE (BEGIN) 
202638.175 TRIAL_IMAGE BLOCK.RECORDING_SEQUENCE.TRIAL_IMAGE
203113.335 TIMER[2] BLOCK.RECORDING_SEQUENCE.TIMER[2]
203123.616 DISPLAY_SCREEN[1] BLOCK.RECORDING_SEQUENCE.DISPLAY_SCREEN[1] (BEGIN) 
203138.144 DISPLAY_SCREEN[1] BLOCK.RECORDING_SEQUENCE.DISPLAY_SCREEN[1]
203468.309 MOUSE_R BLOCK.RECORDING_SEQUENCE.MOUSE_R
203468.471 SET_BUTTON_PRESS2 BLOCK.RECORDING_SEQUENCE.SET_BUTTON_PRESS2
203468.652 ADD_TO_RESULTS_FILE[1] BLOCK.RECORDING_SEQUENCE.ADD_TO_RESULTS_FILE[1]
203468.715 SetValueAction 
203473.618 TRIAL_IMAGE BLOCK.RECORDING_SEQUENCE.TRIAL_IMAGE (BEGIN) 
203488.111 TRIAL_IMAGE BLOCK.RECORDING_SEQUENCE.TRIAL_IMAGE
203963.246 TIMER[2] BLOCK.RECORDING_SEQUENCE.TIMER[2]
203973.617 DISPLAY_SCREEN[1] BLOCK.RECORDING_SEQUENCE.DISPLAY_SCREEN[1] (BEGIN) 
203988.089 DISPLAY_SCREEN[1] BLOCK.RECORDING_SEQUENCE.DISPLAY_SCREEN[1]
204309.503 MOUSE_R BLOCK.RECORDING_SEQUENCE.MOUSE_R
204309.675 SET_BUTTON_PRESS2 BLOCK.RECORDING_SEQUENCE.SET_BUTTON_PRESS2
204309.861 ADD_TO_RESULTS_FILE[1] BLOCK.RECORDING_SEQUENCE.ADD_TO_RESULTS_FILE[1]
204309.924 SetValueAction 
204335.429 TRIAL_IMAGE BLOCK.RECORDING_SEQUENCE.TRIAL_IMAGE (BEGIN) 
204338.060 TRIAL_IMAGE BLOCK.RECORDING_SEQUENCE.TRIAL_IMAGE
204813.173 TIMER[2] BLOCK.RECORDING_SEQUENCE.TIMER[2]
204822.630 DISPLAY_SCREEN[1] BLOCK.RECORDING_SEQUENCE.DISPLAY_SCREEN[1] (BEGIN) 
204838.035 DISPLAY_SCREEN[1] BLOCK.RECORDING_SEQUENCE.DISPLAY_SCREEN[1]
205134.205 MOUSE_R BLOCK.RECORDING_SEQUENCE.MOUSE_R
205134.371 SET_BUTTON_PRESS2 BLOCK.RECORDING_SEQUENCE.SET_BUTTON_PRESS2
205134.553 ADD_TO_RESULTS_FILE[1] BLOCK.RECORDING_SEQUENCE.ADD_TO_RESULTS_FILE[1]
205134.616 SetValueAction 
205135.829 TRIAL_IMAGE BLOCK.RECORDING_SEQUENCE.TRIAL_IMAGE (BEGIN) 
205138.005 TRIAL_IMAGE BLOCK.RECORDING_SEQUENCE.TRIAL_IMAGE
205613.170 TIMER[2] BLOCK.RECORDING_SEQUENCE.TIMER[2]
205622.616 DISPLAY_SCREEN[1] BLOCK.RECORDING_SEQUENCE.DISPLAY_SCREEN[1] (BEGIN) 
205637.990 DISPLAY_SCREEN[1] BLOCK.RECORDING_SEQUENCE.DISPLAY_SCREEN[1]
206041.006 MOUSE_R BLOCK.RECORDING_SEQUENCE.MOUSE_R
206041.173 SET_BUTTON_PRESS2 BLOCK.RECORDING_SEQUENCE.SET_BUTTON_PRESS2
206041.349 ADD_TO_RESULTS_FILE[1] BLOCK.RECORDING_SEQUENCE.ADD_TO_RESULTS_FILE[1]
206041.418 SetValueAction 
206042.683 TRIAL_IMAGE BLOCK.RECORDING_SEQUENCE.TRIAL_IMAGE (BEGIN) 
206054.624 TRIAL_IMAGE BLOCK.RECORDING_SEQUENCE.TRIAL_IMAGE
206529.788 TIMER[2] BLOCK.RECORDING_SEQUENCE.TIMER[2]
206539.616 DISPLAY_SCREEN[1] BLOCK.RECORDING_SEQUENCE.DISPLAY_SCREEN[1] (BEGIN) 
206554.591 DISPLAY_SCREEN[1] BLOCK.RECORDING_SEQUENCE.DISPLAY_SCREEN[1]
206867.153 MOUSE_R BLOCK.RECORDING_SEQUENCE.MOUSE_R
206867.323 SET_BUTTON_PRESS2 BLOCK.RECORDING_SEQUENCE.SET_BUTTON_PRESS2
206867.507 ADD_TO_RESULTS_FILE[1] BLOCK.RECORDING_SEQUENCE.ADD_TO_RESULTS_FILE[1]
206867.569 SetValueAction 
206868.789 TRIAL_IMAGE BLOCK.RECORDING_SEQUENCE.TRIAL_IMAGE (BEGIN) 
206871.231 TRIAL_IMAGE BLOCK.RECORDING_SEQUENCE.TRIAL_IMAGE
207346.379 TIMER[2] BLOCK.RECORDING_SEQUENCE.TIMER[2]
207356.615 DISPLAY_SCREEN[1] BLOCK.RECORDING_SEQUENCE.DISPLAY_SCREEN[1] (BEGIN) 
207371.220 DISPLAY_SCREEN[1] BLOCK.RECORDING_SEQUENCE.DISPLAY_SCREEN[1]
207757.739 MOUSE_R BLOCK.RECORDING_SEQUENCE.MOUSE_R
207757.907 SET_BUTTON_PRESS2 BLOCK.RECORDING_SEQUENCE.SET_BUTTON_PRESS2
207758.090 ADD_TO_RESULTS_FILE[1] BLOCK.RECORDING_SEQUENCE.ADD_TO_RESULTS_FILE[1]
207758.152 SetValueAction 
207766.890 TRIAL_IMAGE BLOCK.RECORDING_SEQUENCE.TRIAL_IMAGE (BEGIN) 
207771.187 TRIAL_IMAGE BLOCK.RECORDING_SEQUENCE.TRIAL_IMAGE
208246.338 TIMER[2] BLOCK.RECORDING_SEQUENCE.TIMER[2]
208256.616 DISPLAY_SCREEN[1] BLOCK.RECORDING_SEQUENCE.DISPLAY_SCREEN[1] (BEGIN) 
208271.163 DISPLAY_SCREEN[1] BLOCK.RECORDING_SEQUENCE.DISPLAY_SCREEN[1]
208564.165 MOUSE_R BLOCK.RECORDING_SEQUENCE.MOUSE_R
208564.322 SET_BUTTON_PRESS2 BLOCK.RECORDING_SEQUENCE.SET_BUTTON_PRESS2
208564.499 ADD_TO_RESULTS_FILE[1] BLOCK.RECORDING_SEQUENCE.ADD_TO_RESULTS_FILE[1]
208564.559 SetValueAction 
208590.037 TRIAL_IMAGE BLOCK.RECORDING_SEQUENCE.TRIAL_IMAGE (BEGIN) 
208604.479 TRIAL_IMAGE BLOCK.RECORDING_SEQUENCE.TRIAL_IMAGE
209079.542 TIMER[2] BLOCK.RECORDING_SEQUENCE.TIMER[2]
209089.616 DISPLAY_SCREEN[1] BLOCK.RECORDING_SEQUENCE.DISPLAY_SCREEN[1] (BEGIN) 
209104.444 DISPLAY_SCREEN[1] BLOCK.RECORDING_SEQUENCE.DISPLAY_SCREEN[1]
209480.690 MOUSE_R BLOCK.RECORDING_SEQUENCE.MOUSE_R
209480.864 SET_BUTTON_PRESS2 BLOCK.RECORDING_SEQUENCE.SET_BUTTON_PRESS2
209481.051 ADD_TO_RESULTS_FILE[1] BLOCK.RECORDING_SEQUENCE.ADD_TO_RESULTS_FILE[1]
209481.113 SetValueAction 
209489.964 TRIAL_IMAGE BLOCK.RECORDING_SEQUENCE.TRIAL_IMAGE (BEGIN) 
209504.423 TRIAL_IMAGE BLOCK.RECORDING_SEQUENCE.TRIAL_IMAGE
209979.569 TIMER[2] BLOCK.RECORDING_SEQUENCE.TIMER[2]
209989.616 DISPLAY_SCREEN[1] BLOCK.RECORDING_SEQUENCE.DISPLAY_SCREEN[1] (BEGIN) 
210004.386 DISPLAY_SCREEN[1] BLOCK.RECORDING_SEQUENCE.DISPLAY_SCREEN[1]
210329.077 MOUSE_R BLOCK.RECORDING_SEQUENCE.MOUSE_R
210329.243 SET_BUTTON_PRESS2 BLOCK.RECORDING_SEQUENCE.SET_BUTTON_PRESS2
210329.429 ADD_TO_RESULTS_FILE[1] BLOCK.RECORDING_SEQUENCE.ADD_TO_RESULTS_FILE[1]
210329.492 SetValueAction 
210330.706 TRIAL_IMAGE BLOCK.RECORDING_SEQUENCE.TRIAL_IMAGE (BEGIN) 
210337.696 TRIAL_IMAGE BLOCK.RECORDING_SEQUENCE.TRIAL_IMAGE
210812.779 TIMER[2] BLOCK.RECORDING_SEQUENCE.TIMER[2]
210822.631 DISPLAY_SCREEN[1] BLOCK.RECORDING_SEQUENCE.DISPLAY_SCREEN[1] (BEGIN) 
210837.682 DISPLAY_SCREEN[1] BLOCK.RECORDING_SEQUENCE.DISPLAY_SCREEN[1]
211204.779 MOUSE_R BLOCK.RECORDING_SEQUENCE.MOUSE_R
211204.946 SET_BUTTON_PRESS2 BLOCK.RECORDING_SEQUENCE.SET_BUTTON_PRESS2
211205.128 ADD_TO_RESULTS_FILE[1] BLOCK.RECORDING_SEQUENCE.ADD_TO_RESULTS_FILE[1]
211205.190 SetValueAction 
211206.401 TRIAL_IMAGE BLOCK.RECORDING_SEQUENCE.TRIAL_IMAGE (BEGIN) 
211220.981 TRIAL_IMAGE BLOCK.RECORDING_SEQUENCE.TRIAL_IMAGE
211696.083 TIMER[2] BLOCK.RECORDING_SEQUENCE.TIMER[2]
211705.615 DISPLAY_SCREEN[1] BLOCK.RECORDING_SEQUENCE.DISPLAY_SCREEN[1] (BEGIN) 
211720.944 DISPLAY_SCREEN[1] BLOCK.RECORDING_SEQUENCE.DISPLAY_SCREEN[1]
211971.050 MOUSE_R BLOCK.RECORDING_SEQUENCE.MOUSE_R
211971.215 SET_BUTTON_PRESS2 BLOCK.RECORDING_SEQUENCE.SET_BUTTON_PRESS2
211971.395 ADD_TO_RESULTS_FILE[1] BLOCK.RECORDING_SEQUENCE.ADD_TO_RESULTS_FILE[1]
211971.457 SetValueAction 
211972.679 TRIAL_IMAGE BLOCK.RECORDING_SEQUENCE.TRIAL_IMAGE (BEGIN) 
211987.602 TRIAL_IMAGE BLOCK.RECORDING_SEQUENCE.TRIAL_IMAGE
212462.712 TIMER[2] BLOCK.RECORDING_SEQUENCE.TIMER[2]
212472.615 DISPLAY_SCREEN[1] BLOCK.RECORDING_SEQUENCE.DISPLAY_SCREEN[1] (BEGIN) 
212487.562 DISPLAY_SCREEN[1] BLOCK.RECORDING_SEQUENCE.DISPLAY_SCREEN[1]
213002.545 MOUSE_R BLOCK.RECORDING_SEQUENCE.MOUSE_R
213002.722 SET_BUTTON_PRESS2 BLOCK.RECORDING_SEQUENCE.SET_BUTTON_PRESS2
213002.923 ADD_TO_RESULTS_FILE[1] BLOCK.RECORDING_SEQUENCE.ADD_TO_RESULTS_FILE[1]
213002.987 SetValueAction 
213026.817 TRIAL_IMAGE BLOCK.RECORDING_SEQUENCE.TRIAL_IMAGE (BEGIN) 
213037.525 TRIAL_IMAGE BLOCK.RECORDING_SEQUENCE.TRIAL_IMAGE
213512.678 TIMER[2] BLOCK.RECORDING_SEQUENCE.TIMER[2]
213522.616 DISPLAY_SCREEN[1] BLOCK.RECORDING_SEQUENCE.DISPLAY_SCREEN[1] (BEGIN) 
213537.501 DISPLAY_SCREEN[1] BLOCK.RECORDING_SEQUENCE.DISPLAY_SCREEN[1]
213819.028 MOUSE_R BLOCK.RECORDING_SEQUENCE.MOUSE_R
213819.194 SET_BUTTON_PRESS2 BLOCK.RECORDING_SEQUENCE.SET_BUTTON_PRESS2
213819.378 ADD_TO_RESULTS_FILE[1] BLOCK.RECORDING_SEQUENCE.ADD_TO_RESULTS_FILE[1]
213819.441 SetValueAction 
213822.628 TRIAL_IMAGE BLOCK.RECORDING_SEQUENCE.TRIAL_IMAGE (BEGIN) 
213837.486 TRIAL_IMAGE BLOCK.RECORDING_SEQUENCE.TRIAL_IMAGE
214312.631 TIMER[2] BLOCK.RECORDING_SEQUENCE.TIMER[2]
214322.615 DISPLAY_SCREEN[1] BLOCK.RECORDING_SEQUENCE.DISPLAY_SCREEN[1] (BEGIN) 
214337.457 DISPLAY_SCREEN[1] BLOCK.RECORDING_SEQUENCE.DISPLAY_SCREEN[1]
214675.143 MOUSE_R BLOCK.RECORDING_SEQUENCE.MOUSE_R
214675.303 SET_BUTTON_PRESS2 BLOCK.RECORDING_SEQUENCE.SET_BUTTON_PRESS2
214675.480 ADD_TO_RESULTS_FILE[1] BLOCK.RECORDING_SEQUENCE.ADD_TO_RESULTS_FILE[1]
214675.539 SetValueAction 
214676.746 TRIAL_IMAGE BLOCK.RECORDING_SEQUENCE.TRIAL_IMAGE (BEGIN) 
214687.427 TRIAL_IMAGE BLOCK.RECORDING_SEQUENCE.TRIAL_IMAGE
215162.534 TIMER[2] BLOCK.RECORDING_SEQUENCE.TIMER[2]
215172.617 DISPLAY_SCREEN[1] BLOCK.RECORDING_SEQUENCE.DISPLAY_SCREEN[1] (BEGIN) 
215187.402 DISPLAY_SCREEN[1] BLOCK.RECORDING_SEQUENCE.DISPLAY_SCREEN[1]
215467.564 MOUSE_R BLOCK.RECORDING_SEQUENCE.MOUSE_R
215467.727 SET_BUTTON_PRESS2 BLOCK.RECORDING_SEQUENCE.SET_BUTTON_PRESS2
215467.912 ADD_TO_RESULTS_FILE[1] BLOCK.RECORDING_SEQUENCE.ADD_TO_RESULTS_FILE[1]
215467.975 SetValueAction 
215472.618 TRIAL_IMAGE BLOCK.RECORDING_SEQUENCE.TRIAL_IMAGE (BEGIN) 
215487.377 TRIAL_IMAGE BLOCK.RECORDING_SEQUENCE.TRIAL_IMAGE
215962.556 TIMER[2] BLOCK.RECORDING_SEQUENCE.TIMER[2]
215972.644 DISPLAY_SCREEN[1] BLOCK.RECORDING_SEQUENCE.DISPLAY_SCREEN[1] (BEGIN) 
215987.376 DISPLAY_SCREEN[1] BLOCK.RECORDING_SEQUENCE.DISPLAY_SCREEN[1]
216341.425 MOUSE_R BLOCK.RECORDING_SEQUENCE.MOUSE_R
216341.604 SET_BUTTON_PRESS2 BLOCK.RECORDING_SEQUENCE.SET_BUTTON_PRESS2
216341.792 ADD_TO_RESULTS_FILE[1] BLOCK.RECORDING_SEQUENCE.ADD_TO_RESULTS_FILE[1]
216341.856 SetValueAction 
216343.084 TRIAL_IMAGE BLOCK.RECORDING_SEQUENCE.TRIAL_IMAGE (BEGIN) 
216354.028 TRIAL_IMAGE BLOCK.RECORDING_SEQUENCE.TRIAL_IMAGE
216829.159 TIMER[2] BLOCK.RECORDING_SEQUENCE.TIMER[2]
216838.618 DISPLAY_SCREEN[1] BLOCK.RECORDING_SEQUENCE.DISPLAY_SCREEN[1] (BEGIN) 
216853.974 DISPLAY_SCREEN[1] BLOCK.RECORDING_SEQUENCE.DISPLAY_SCREEN[1]
217208.306 MOUSE_R BLOCK.RECORDING_SEQUENCE.MOUSE_R
217208.468 SET_BUTTON_PRESS2 BLOCK.RECORDING_SEQUENCE.SET_BUTTON_PRESS2
217208.650 ADD_TO_RESULTS_FILE[1] BLOCK.RECORDING_SEQUENCE.ADD_TO_RESULTS_FILE[1]
217208.711 SetValueAction 
217209.936 TRIAL_IMAGE BLOCK.RECORDING_SEQUENCE.TRIAL_IMAGE (BEGIN) 
217220.605 TRIAL_IMAGE BLOCK.RECORDING_SEQUENCE.TRIAL_IMAGE
217695.686 TIMER[2] BLOCK.RECORDING_SEQUENCE.TIMER[2]
217705.615 DISPLAY_SCREEN[1] BLOCK.RECORDING_SEQUENCE.DISPLAY_SCREEN[1] (BEGIN) 
217720.572 DISPLAY_SCREEN[1] BLOCK.RECORDING_SEQUENCE.DISPLAY_SCREEN[1]
218222.881 MOUSE_R BLOCK.RECORDING_SEQUENCE.MOUSE_R
218223.050 SET_BUTTON_PRESS2 BLOCK.RECORDING_SEQUENCE.SET_BUTTON_PRESS2
218223.233 ADD_TO_RESULTS_FILE[1] BLOCK.RECORDING_SEQUENCE.ADD_TO_RESULTS_FILE[1]
218223.296 SetValueAction 
218224.534 TRIAL_IMAGE BLOCK.RECORDING_SEQUENCE.TRIAL_IMAGE (BEGIN) 
218237.216 TRIAL_IMAGE BLOCK.RECORDING_SEQUENCE.TRIAL_IMAGE
218712.363 TIMER[2] BLOCK.RECORDING_SEQUENCE.TIMER[2]
218722.616 DISPLAY_SCREEN[1] BLOCK.RECORDING_SEQUENCE.DISPLAY_SCREEN[1] (BEGIN) 
218737.177 DISPLAY_SCREEN[1] BLOCK.RECORDING_SEQUENCE.DISPLAY_SCREEN[1]
219047.321 MOUSE_R BLOCK.RECORDING_SEQUENCE.MOUSE_R
219047.483 SET_BUTTON_PRESS2 BLOCK.RECORDING_SEQUENCE.SET_BUTTON_PRESS2
219047.664 ADD_TO_RESULTS_FILE[1] BLOCK.RECORDING_SEQUENCE.ADD_TO_RESULTS_FILE[1]
219047.726 SetValueAction 
219072.234 TRIAL_IMAGE BLOCK.RECORDING_SEQUENCE.TRIAL_IMAGE (BEGIN) 
219087.164 TRIAL_IMAGE BLOCK.RECORDING_SEQUENCE.TRIAL_IMAGE
219562.262 TIMER[2] BLOCK.RECORDING_SEQUENCE.TIMER[2]
219572.615 DISPLAY_SCREEN[1] BLOCK.RECORDING_SEQUENCE.DISPLAY_SCREEN[1] (BEGIN) 
219587.131 DISPLAY_SCREEN[1] BLOCK.RECORDING_SEQUENCE.DISPLAY_SCREEN[1]
219880.272 MOUSE_R BLOCK.RECORDING_SEQUENCE.MOUSE_R
219880.440 SET_BUTTON_PRESS2 BLOCK.RECORDING_SEQUENCE.SET_BUTTON_PRESS2
219880.623 ADD_TO_RESULTS_FILE[1] BLOCK.RECORDING_SEQUENCE.ADD_TO_RESULTS_FILE[1]
219880.687 SetValueAction 
219881.913 TRIAL_IMAGE BLOCK.RECORDING_SEQUENCE.TRIAL_IMAGE (BEGIN) 
219887.111 TRIAL_IMAGE BLOCK.RECORDING_SEQUENCE.TRIAL_IMAGE
220362.292 TIMER[2] BLOCK.RECORDING_SEQUENCE.TIMER[2]
220372.616 DISPLAY_SCREEN[1] BLOCK.RECORDING_SEQUENCE.DISPLAY_SCREEN[1] (BEGIN) 
220387.088 DISPLAY_SCREEN[1] BLOCK.RECORDING_SEQUENCE.DISPLAY_SCREEN[1]
220688.111 MOUSE_R BLOCK.RECORDING_SEQUENCE.MOUSE_R
220688.281 SET_BUTTON_PRESS2 BLOCK.RECORDING_SEQUENCE.SET_BUTTON_PRESS2
220688.464 ADD_TO_RESULTS_FILE[1] BLOCK.RECORDING_SEQUENCE.ADD_TO_RESULTS_FILE[1]
220688.527 SetValueAction 
220697.248 TRIAL_IMAGE BLOCK.RECORDING_SEQUENCE.TRIAL_IMAGE (BEGIN) 
220703.730 TRIAL_IMAGE BLOCK.RECORDING_SEQUENCE.TRIAL_IMAGE
221178.901 TIMER[2] BLOCK.RECORDING_SEQUENCE.TIMER[2]
221188.616 DISPLAY_SCREEN[1] BLOCK.RECORDING_SEQUENCE.DISPLAY_SCREEN[1] (BEGIN) 
221203.695 DISPLAY_SCREEN[1] BLOCK.RECORDING_SEQUENCE.DISPLAY_SCREEN[1]
221471.429 MOUSE_R BLOCK.RECORDING_SEQUENCE.MOUSE_R
221471.599 SET_BUTTON_PRESS2 BLOCK.RECORDING_SEQUENCE.SET_BUTTON_PRESS2
221471.784 ADD_TO_RESULTS_FILE[1] BLOCK.RECORDING_SEQUENCE.ADD_TO_RESULTS_FILE[1]
221471.848 SetValueAction 
221473.035 TRIAL_IMAGE BLOCK.RECORDING_SEQUENCE.TRIAL_IMAGE (BEGIN) 
221487.005 TRIAL_IMAGE BLOCK.RECORDING_SEQUENCE.TRIAL_IMAGE
221962.142 TIMER[2] BLOCK.RECORDING_SEQUENCE.TIMER[2]
221971.615 DISPLAY_SCREEN[1] BLOCK.RECORDING_SEQUENCE.DISPLAY_SCREEN[1] (BEGIN) 
221986.976 DISPLAY_SCREEN[1] BLOCK.RECORDING_SEQUENCE.DISPLAY_SCREEN[1]
222244.786 MOUSE_R BLOCK.RECORDING_SEQUENCE.MOUSE_R
222244.969 SET_BUTTON_PRESS2 BLOCK.RECORDING_SEQUENCE.SET_BUTTON_PRESS2
222245.144 ADD_TO_RESULTS_FILE[1] BLOCK.RECORDING_SEQUENCE.ADD_TO_RESULTS_FILE[1]
222245.211 SetValueAction 
222246.455 TRIAL_IMAGE BLOCK.RECORDING_SEQUENCE.TRIAL_IMAGE (BEGIN) 
222253.625 TRIAL_IMAGE BLOCK.RECORDING_SEQUENCE.TRIAL_IMAGE
222728.727 TIMER[2] BLOCK.RECORDING_SEQUENCE.TIMER[2]
222738.618 DISPLAY_SCREEN[1] BLOCK.RECORDING_SEQUENCE.DISPLAY_SCREEN[1] (BEGIN) 
222753.621 DISPLAY_SCREEN[1] BLOCK.RECORDING_SEQUENCE.DISPLAY_SCREEN[1]
223103.586 MOUSE_R BLOCK.RECORDING_SEQUENCE.MOUSE_R
223103.762 SET_BUTTON_PRESS2 BLOCK.RECORDING_SEQUENCE.SET_BUTTON_PRESS2
223103.948 ADD_TO_RESULTS_FILE[1] BLOCK.RECORDING_SEQUENCE.ADD_TO_RESULTS_FILE[1]
223104.011 SetValueAction 
223112.827 TRIAL_IMAGE BLOCK.RECORDING_SEQUENCE.TRIAL_IMAGE (BEGIN) 
223120.244 TRIAL_IMAGE BLOCK.RECORDING_SEQUENCE.TRIAL_IMAGE
223595.418 TIMER[2] BLOCK.RECORDING_SEQUENCE.TIMER[2]
223605.615 DISPLAY_SCREEN[1] BLOCK.RECORDING_SEQUENCE.DISPLAY_SCREEN[1] (BEGIN) 
223620.219 DISPLAY_SCREEN[1] BLOCK.RECORDING_SEQUENCE.DISPLAY_SCREEN[1]
224076.135 MOUSE_R BLOCK.RECORDING_SEQUENCE.MOUSE_R
224076.301 SET_BUTTON_PRESS2 BLOCK.RECORDING_SEQUENCE.SET_BUTTON_PRESS2
224076.479 ADD_TO_RESULTS_FILE[1] BLOCK.RECORDING_SEQUENCE.ADD_TO_RESULTS_FILE[1]
224076.541 SetValueAction 
224077.775 TRIAL_IMAGE BLOCK.RECORDING_SEQUENCE.TRIAL_IMAGE (BEGIN) 
224086.855 TRIAL_IMAGE BLOCK.RECORDING_SEQUENCE.TRIAL_IMAGE
224561.930 TIMER[2] BLOCK.RECORDING_SEQUENCE.TIMER[2]
224571.615 DISPLAY_SCREEN[1] BLOCK.RECORDING_SEQUENCE.DISPLAY_SCREEN[1] (BEGIN) 
224586.843 DISPLAY_SCREEN[1] BLOCK.RECORDING_SEQUENCE.DISPLAY_SCREEN[1]
224992.332 MOUSE_R BLOCK.RECORDING_SEQUENCE.MOUSE_R
224992.500 SET_BUTTON_PRESS2 BLOCK.RECORDING_SEQUENCE.SET_BUTTON_PRESS2
224992.681 ADD_TO_RESULTS_FILE[1] BLOCK.RECORDING_SEQUENCE.ADD_TO_RESULTS_FILE[1]
224992.742 SetValueAction 
224994.187 TRIAL_IMAGE BLOCK.RECORDING_SEQUENCE.TRIAL_IMAGE (BEGIN) 
225003.460 TRIAL_IMAGE BLOCK.RECORDING_SEQUENCE.TRIAL_IMAGE
225478.583 TIMER[2] BLOCK.RECORDING_SEQUENCE.TIMER[2]
225488.616 DISPLAY_SCREEN[1] BLOCK.RECORDING_SEQUENCE.DISPLAY_SCREEN[1] (BEGIN) 
225503.431 DISPLAY_SCREEN[1] BLOCK.RECORDING_SEQUENCE.DISPLAY_SCREEN[1]
225799.453 MOUSE_R BLOCK.RECORDING_SEQUENCE.MOUSE_R
225799.628 SET_BUTTON_PRESS2 BLOCK.RECORDING_SEQUENCE.SET_BUTTON_PRESS2
225799.808 ADD_TO_RESULTS_FILE[1] BLOCK.RECORDING_SEQUENCE.ADD_TO_RESULTS_FILE[1]
225799.885 SetValueAction 
225801.087 TRIAL_IMAGE BLOCK.RECORDING_SEQUENCE.TRIAL_IMAGE (BEGIN) 
225803.412 TRIAL_IMAGE BLOCK.RECORDING_SEQUENCE.TRIAL_IMAGE
226278.503 TIMER[2] BLOCK.RECORDING_SEQUENCE.TIMER[2]
226288.616 DISPLAY_SCREEN[1] BLOCK.RECORDING_SEQUENCE.DISPLAY_SCREEN[1] (BEGIN) 
226303.382 DISPLAY_SCREEN[1] BLOCK.RECORDING_SEQUENCE.DISPLAY_SCREEN[1]
226624.095 MOUSE_R BLOCK.RECORDING_SEQUENCE.MOUSE_R
226624.257 SET_BUTTON_PRESS2 BLOCK.RECORDING_SEQUENCE.SET_BUTTON_PRESS2
226624.439 ADD_TO_RESULTS_FILE[1] BLOCK.RECORDING_SEQUENCE.ADD_TO_RESULTS_FILE[1]
226624.502 SetValueAction 
226625.680 TRIAL_IMAGE BLOCK.RECORDING_SEQUENCE.TRIAL_IMAGE (BEGIN) 
226636.689 TRIAL_IMAGE BLOCK.RECORDING_SEQUENCE.TRIAL_IMAGE
227111.861 TIMER[2] BLOCK.RECORDING_SEQUENCE.TIMER[2]
227121.616 DISPLAY_SCREEN[1] BLOCK.RECORDING_SEQUENCE.DISPLAY_SCREEN[1] (BEGIN) 
227136.665 DISPLAY_SCREEN[1] BLOCK.RECORDING_SEQUENCE.DISPLAY_SCREEN[1]
227366.842 MOUSE_R BLOCK.RECORDING_SEQUENCE.MOUSE_R
227367.005 SET_BUTTON_PRESS2 BLOCK.RECORDING_SEQUENCE.SET_BUTTON_PRESS2
227367.188 ADD_TO_RESULTS_FILE[1] BLOCK.RECORDING_SEQUENCE.ADD_TO_RESULTS_FILE[1]
227367.250 SetValueAction 
227371.617 TRIAL_IMAGE BLOCK.RECORDING_SEQUENCE.TRIAL_IMAGE (BEGIN) 
227386.656 TRIAL_IMAGE BLOCK.RECORDING_SEQUENCE.TRIAL_IMAGE
227861.786 TIMER[2] BLOCK.RECORDING_SEQUENCE.TIMER[2]
227871.616 DISPLAY_SCREEN[1] BLOCK.RECORDING_SEQUENCE.DISPLAY_SCREEN[1] (BEGIN) 
227886.617 DISPLAY_SCREEN[1] BLOCK.RECORDING_SEQUENCE.DISPLAY_SCREEN[1]
228265.219 MOUSE_R BLOCK.RECORDING_SEQUENCE.MOUSE_R
228265.383 SET_BUTTON_PRESS2 BLOCK.RECORDING_SEQUENCE.SET_BUTTON_PRESS2
228265.568 ADD_TO_RESULTS_FILE[1] BLOCK.RECORDING_SEQUENCE.ADD_TO_RESULTS_FILE[1]
228265.631 SetValueAction 
228265.924 TRIAL_IMAGE BLOCK.RECORDING_SEQUENCE.TRIAL_IMAGE (BEGIN) 
228269.920 TRIAL_IMAGE BLOCK.RECORDING_SEQUENCE.TRIAL_IMAGE
228744.998 TIMER[2] BLOCK.RECORDING_SEQUENCE.TIMER[2]
228754.615 DISPLAY_SCREEN[1] BLOCK.RECORDING_SEQUENCE.DISPLAY_SCREEN[1] (BEGIN) 
228769.902 DISPLAY_SCREEN[1] BLOCK.RECORDING_SEQUENCE.DISPLAY_SCREEN[1]
229165.062 MOUSE_R BLOCK.RECORDING_SEQUENCE.MOUSE_R
229165.237 SET_BUTTON_PRESS2 BLOCK.RECORDING_SEQUENCE.SET_BUTTON_PRESS2
229165.423 ADD_TO_RESULTS_FILE[1] BLOCK.RECORDING_SEQUENCE.ADD_TO_RESULTS_FILE[1]
229165.488 SetValueAction 
229166.689 TRIAL_IMAGE BLOCK.RECORDING_SEQUENCE.TRIAL_IMAGE (BEGIN) 
229169.871 TRIAL_IMAGE BLOCK.RECORDING_SEQUENCE.TRIAL_IMAGE
229645.006 TIMER[2] BLOCK.RECORDING_SEQUENCE.TIMER[2]
229654.615 DISPLAY_SCREEN[1] BLOCK.RECORDING_SEQUENCE.DISPLAY_SCREEN[1] (BEGIN) 
229669.856 DISPLAY_SCREEN[1] BLOCK.RECORDING_SEQUENCE.DISPLAY_SCREEN[1]
230064.528 MOUSE_R BLOCK.RECORDING_SEQUENCE.MOUSE_R
230064.702 SET_BUTTON_PRESS2 BLOCK.RECORDING_SEQUENCE.SET_BUTTON_PRESS2
230064.886 ADD_TO_RESULTS_FILE[1] BLOCK.RECORDING_SEQUENCE.ADD_TO_RESULTS_FILE[1]
230064.949 SetValueAction 
230066.199 TRIAL_IMAGE BLOCK.RECORDING_SEQUENCE.TRIAL_IMAGE (BEGIN) 
230069.810 TRIAL_IMAGE BLOCK.RECORDING_SEQUENCE.TRIAL_IMAGE
230544.943 TIMER[2] BLOCK.RECORDING_SEQUENCE.TIMER[2]
230554.617 DISPLAY_SCREEN[1] BLOCK.RECORDING_SEQUENCE.DISPLAY_SCREEN[1] (BEGIN) 
230569.785 DISPLAY_SCREEN[1] BLOCK.RECORDING_SEQUENCE.DISPLAY_SCREEN[1]
230903.991 MOUSE_R BLOCK.RECORDING_SEQUENCE.MOUSE_R
230904.160 SET_BUTTON_PRESS2 BLOCK.RECORDING_SEQUENCE.SET_BUTTON_PRESS2
230904.338 ADD_TO_RESULTS_FILE[1] BLOCK.RECORDING_SEQUENCE.ADD_TO_RESULTS_FILE[1]
230904.408 SetValueAction 
230905.645 TRIAL_IMAGE BLOCK.RECORDING_SEQUENCE.TRIAL_IMAGE (BEGIN) 
230919.764 TRIAL_IMAGE BLOCK.RECORDING_SEQUENCE.TRIAL_IMAGE
231394.903 TIMER[2] BLOCK.RECORDING_SEQUENCE.TIMER[2]
231404.615 DISPLAY_SCREEN[1] BLOCK.RECORDING_SEQUENCE.DISPLAY_SCREEN[1] (BEGIN) 
231419.738 DISPLAY_SCREEN[1] BLOCK.RECORDING_SEQUENCE.DISPLAY_SCREEN[1]
231862.360 MOUSE_R BLOCK.RECORDING_SEQUENCE.MOUSE_R
231862.529 SET_BUTTON_PRESS2 BLOCK.RECORDING_SEQUENCE.SET_BUTTON_PRESS2
231862.711 ADD_TO_RESULTS_FILE[1] BLOCK.RECORDING_SEQUENCE.ADD_TO_RESULTS_FILE[1]
231862.773 SetValueAction 
231884.348 TRIAL_IMAGE BLOCK.RECORDING_SEQUENCE.TRIAL_IMAGE (BEGIN) 
231903.037 TRIAL_IMAGE BLOCK.RECORDING_SEQUENCE.TRIAL_IMAGE
232378.219 TIMER[2] BLOCK.RECORDING_SEQUENCE.TIMER[2]
232387.616 DISPLAY_SCREEN[1] BLOCK.RECORDING_SEQUENCE.DISPLAY_SCREEN[1] (BEGIN) 
232403.005 DISPLAY_SCREEN[1] BLOCK.RECORDING_SEQUENCE.DISPLAY_SCREEN[1]
232826.181 MOUSE_R BLOCK.RECORDING_SEQUENCE.MOUSE_R
232826.347 SET_BUTTON_PRESS2 BLOCK.RECORDING_SEQUENCE.SET_BUTTON_PRESS2
232826.529 ADD_TO_RESULTS_FILE[1] BLOCK.RECORDING_SEQUENCE.ADD_TO_RESULTS_FILE[1]
232826.593 SetValueAction 
232827.817 TRIAL_IMAGE BLOCK.RECORDING_SEQUENCE.TRIAL_IMAGE (BEGIN) 
232836.320 TRIAL_IMAGE BLOCK.RECORDING_SEQUENCE.TRIAL_IMAGE
233311.393 TIMER[2] BLOCK.RECORDING_SEQUENCE.TIMER[2]
233321.615 DISPLAY_SCREEN[1] BLOCK.RECORDING_SEQUENCE.DISPLAY_SCREEN[1] (BEGIN) 
233336.279 DISPLAY_SCREEN[1] BLOCK.RECORDING_SEQUENCE.DISPLAY_SCREEN[1]
233767.456 MOUSE_R BLOCK.RECORDING_SEQUENCE.MOUSE_R
233767.620 SET_BUTTON_PRESS2 BLOCK.RECORDING_SEQUENCE.SET_BUTTON_PRESS2
233767.802 ADD_TO_RESULTS_FILE[1] BLOCK.RECORDING_SEQUENCE.ADD_TO_RESULTS_FILE[1]
233767.863 SetValueAction 
233771.618 TRIAL_IMAGE BLOCK.RECORDING_SEQUENCE.TRIAL_IMAGE (BEGIN) 
233786.257 TRIAL_IMAGE BLOCK.RECORDING_SEQUENCE.TRIAL_IMAGE
234261.373 TIMER[2] BLOCK.RECORDING_SEQUENCE.TIMER[2]
234271.615 DISPLAY_SCREEN[1] BLOCK.RECORDING_SEQUENCE.DISPLAY_SCREEN[1] (BEGIN) 
234286.218 DISPLAY_SCREEN[1] BLOCK.RECORDING_SEQUENCE.DISPLAY_SCREEN[1]
235742.196 MOUSE_R BLOCK.RECORDING_SEQUENCE.MOUSE_R
235742.375 SET_BUTTON_PRESS2 BLOCK.RECORDING_SEQUENCE.SET_BUTTON_PRESS2
235742.563 ADD_TO_RESULTS_FILE[1] BLOCK.RECORDING_SEQUENCE.ADD_TO_RESULTS_FILE[1]
235742.628 SetValueAction 
235753.394 TRIAL_IMAGE BLOCK.RECORDING_SEQUENCE.TRIAL_IMAGE (BEGIN) 
235769.465 TRIAL_IMAGE BLOCK.RECORDING_SEQUENCE.TRIAL_IMAGE
236244.566 TIMER[2] BLOCK.RECORDING_SEQUENCE.TIMER[2]
236254.617 DISPLAY_SCREEN[1] BLOCK.RECORDING_SEQUENCE.DISPLAY_SCREEN[1] (BEGIN) 
236269.444 DISPLAY_SCREEN[1] BLOCK.RECORDING_SEQUENCE.DISPLAY_SCREEN[1]
236682.753 MOUSE_R BLOCK.RECORDING_SEQUENCE.MOUSE_R
236682.923 SET_BUTTON_PRESS2 BLOCK.RECORDING_SEQUENCE.SET_BUTTON_PRESS2
236683.109 ADD_TO_RESULTS_FILE[1] BLOCK.RECORDING_SEQUENCE.ADD_TO_RESULTS_FILE[1]
236683.174 SetValueAction 
236687.619 TRIAL_IMAGE BLOCK.RECORDING_SEQUENCE.TRIAL_IMAGE (BEGIN) 
236702.779 TRIAL_IMAGE BLOCK.RECORDING_SEQUENCE.TRIAL_IMAGE
237177.942 TIMER[2] BLOCK.RECORDING_SEQUENCE.TIMER[2]
237187.617 DISPLAY_SCREEN[1] BLOCK.RECORDING_SEQUENCE.DISPLAY_SCREEN[1] (BEGIN) 
237202.711 DISPLAY_SCREEN[1] BLOCK.RECORDING_SEQUENCE.DISPLAY_SCREEN[1]
237515.687 MOUSE_R BLOCK.RECORDING_SEQUENCE.MOUSE_R
237515.852 SET_BUTTON_PRESS2 BLOCK.RECORDING_SEQUENCE.SET_BUTTON_PRESS2
237516.034 ADD_TO_RESULTS_FILE[1] BLOCK.RECORDING_SEQUENCE.ADD_TO_RESULTS_FILE[1]
237516.097 SetValueAction 
237517.309 TRIAL_IMAGE BLOCK.RECORDING_SEQUENCE.TRIAL_IMAGE (BEGIN) 
237536.023 TRIAL_IMAGE BLOCK.RECORDING_SEQUENCE.TRIAL_IMAGE
238011.125 TIMER[2] BLOCK.RECORDING_SEQUENCE.TIMER[2]
238020.615 DISPLAY_SCREEN[1] BLOCK.RECORDING_SEQUENCE.DISPLAY_SCREEN[1] (BEGIN) 
238036.004 DISPLAY_SCREEN[1] BLOCK.RECORDING_SEQUENCE.DISPLAY_SCREEN[1]
238496.782 MOUSE_R BLOCK.RECORDING_SEQUENCE.MOUSE_R
238496.952 SET_BUTTON_PRESS2 BLOCK.RECORDING_SEQUENCE.SET_BUTTON_PRESS2
238497.136 ADD_TO_RESULTS_FILE[1] BLOCK.RECORDING_SEQUENCE.ADD_TO_RESULTS_FILE[1]
238497.199 SetValueAction 
238498.448 TRIAL_IMAGE BLOCK.RECORDING_SEQUENCE.TRIAL_IMAGE (BEGIN) 
238502.638 TRIAL_IMAGE BLOCK.RECORDING_SEQUENCE.TRIAL_IMAGE
238977.700 TIMER[2] BLOCK.RECORDING_SEQUENCE.TIMER[2]
238987.616 DISPLAY_SCREEN[1] BLOCK.RECORDING_SEQUENCE.DISPLAY_SCREEN[1] (BEGIN) 
239002.608 DISPLAY_SCREEN[1] BLOCK.RECORDING_SEQUENCE.DISPLAY_SCREEN[1]
239296.025 MOUSE_R BLOCK.RECORDING_SEQUENCE.MOUSE_R
239296.184 SET_BUTTON_PRESS2 BLOCK.RECORDING_SEQUENCE.SET_BUTTON_PRESS2
239296.361 ADD_TO_RESULTS_FILE[1] BLOCK.RECORDING_SEQUENCE.ADD_TO_RESULTS_FILE[1]
239296.421 SetValueAction 
239304.566 TRIAL_IMAGE BLOCK.RECORDING_SEQUENCE.TRIAL_IMAGE (BEGIN) 
239319.259 TRIAL_IMAGE BLOCK.RECORDING_SEQUENCE.TRIAL_IMAGE
239794.357 TIMER[2] BLOCK.RECORDING_SEQUENCE.TIMER[2]
239804.616 DISPLAY_SCREEN[1] BLOCK.RECORDING_SEQUENCE.DISPLAY_SCREEN[1] (BEGIN) 
239819.228 DISPLAY_SCREEN[1] BLOCK.RECORDING_SEQUENCE.DISPLAY_SCREEN[1]
240145.423 MOUSE_R BLOCK.RECORDING_SEQUENCE.MOUSE_R
240145.598 SET_BUTTON_PRESS2 BLOCK.RECORDING_SEQUENCE.SET_BUTTON_PRESS2
240145.781 ADD_TO_RESULTS_FILE[1] BLOCK.RECORDING_SEQUENCE.ADD_TO_RESULTS_FILE[1]
240145.846 SetValueAction 
240147.086 TRIAL_IMAGE BLOCK.RECORDING_SEQUENCE.TRIAL_IMAGE (BEGIN) 
240152.535 TRIAL_IMAGE BLOCK.RECORDING_SEQUENCE.TRIAL_IMAGE
240627.678 TIMER[2] BLOCK.RECORDING_SEQUENCE.TIMER[2]
240637.615 DISPLAY_SCREEN[1] BLOCK.RECORDING_SEQUENCE.DISPLAY_SCREEN[1] (BEGIN) 
240652.501 DISPLAY_SCREEN[1] BLOCK.RECORDING_SEQUENCE.DISPLAY_SCREEN[1]
241053.591 MOUSE_R BLOCK.RECORDING_SEQUENCE.MOUSE_R
241053.763 SET_BUTTON_PRESS2 BLOCK.RECORDING_SEQUENCE.SET_BUTTON_PRESS2
241053.951 ADD_TO_RESULTS_FILE[1] BLOCK.RECORDING_SEQUENCE.ADD_TO_RESULTS_FILE[1]
241059.312 DISPLAY_SCREEN BLOCK.DISPLAY_SCREEN (BEGIN) 
241069.146 DISPLAY_SCREEN BLOCK.DISPLAY_SCREEN
241188.158 MOUSE BLOCK.MOUSE
241210.577 GOODBYE_SCREEN GOODBYE_SCREEN (BEGIN) 
241219.138 GOODBYE_SCREEN GOODBYE_SCREEN
290053.169 MOUSE[1] MOUSE[1]
el_logger: Quit logger.
******** END OF THE LOG FILE ********
