4476.104 ********************************************************
4476.170 ** Session beginning Wednesday February 12, 2020 03:40:48 AM **
4476.176 ** ExperimentBuilder Project : 23255_P72 **
4476.180 ** ExperimentBuilder Version : 2.1.140 **
4476.183 ** ExperimentBuilder Build   : Nov 10 2017 **
4476.186 ********************************************************
5117.537 WELCOME_SCREEN WELCOME_SCREEN (BEGIN) 
5133.591 WELCOME_SCREEN WELCOME_SCREEN
87478.829 KEYBOARD KEYBOARD
87889.187 PREPARE_SEQUENCE BLOCK.PREPARE_SEQUENCE
87889.410 SetValueAction 
87919.702 TRIAL_IMAGE BLOCK.RECORDING_SEQUENCE.TRIAL_IMAGE (BEGIN) 
87930.022 TRIAL_IMAGE BLOCK.RECORDING_SEQUENCE.TRIAL_IMAGE
88405.176 TIMER[2] BLOCK.RECORDING_SEQUENCE.TIMER[2]
88414.622 DISPLAY_SCREEN[1] BLOCK.RECORDING_SEQUENCE.DISPLAY_SCREEN[1] (BEGIN) 
88430.001 DISPLAY_SCREEN[1] BLOCK.RECORDING_SEQUENCE.DISPLAY_SCREEN[1]
90930.049 TIMER[1] BLOCK.RECORDING_SEQUENCE.TIMER[1]
90930.215 SET_BUTTON_PRESS BLOCK.RECORDING_SEQUENCE.SET_BUTTON_PRESS
90930.416 ADD_TO_RESULTS_FILE[1] BLOCK.RECORDING_SEQUENCE.ADD_TO_RESULTS_FILE[1]
90930.480 SetValueAction 
90953.508 TRIAL_IMAGE BLOCK.RECORDING_SEQUENCE.TRIAL_IMAGE (BEGIN) 
90963.235 TRIAL_IMAGE BLOCK.RECORDING_SEQUENCE.TRIAL_IMAGE
91438.325 TIMER[2] BLOCK.RECORDING_SEQUENCE.TIMER[2]
91448.615 DISPLAY_SCREEN[1] BLOCK.RECORDING_SEQUENCE.DISPLAY_SCREEN[1] (BEGIN) 
91463.204 DISPLAY_SCREEN[1] BLOCK.RECORDING_SEQUENCE.DISPLAY_SCREEN[1]
93963.289 TIMER[1] BLOCK.RECORDING_SEQUENCE.TIMER[1]
93963.456 SET_BUTTON_PRESS BLOCK.RECORDING_SEQUENCE.SET_BUTTON_PRESS
93963.636 ADD_TO_RESULTS_FILE[1] BLOCK.RECORDING_SEQUENCE.ADD_TO_RESULTS_FILE[1]
93963.698 SetValueAction 
93981.622 TRIAL_IMAGE BLOCK.RECORDING_SEQUENCE.TRIAL_IMAGE (BEGIN) 
93996.430 TRIAL_IMAGE BLOCK.RECORDING_SEQUENCE.TRIAL_IMAGE
94471.506 TIMER[2] BLOCK.RECORDING_SEQUENCE.TIMER[2]
94481.616 DISPLAY_SCREEN[1] BLOCK.RECORDING_SEQUENCE.DISPLAY_SCREEN[1] (BEGIN) 
94496.413 DISPLAY_SCREEN[1] BLOCK.RECORDING_SEQUENCE.DISPLAY_SCREEN[1]
96996.415 TIMER[1] BLOCK.RECORDING_SEQUENCE.TIMER[1]
96996.586 SET_BUTTON_PRESS BLOCK.RECORDING_SEQUENCE.SET_BUTTON_PRESS
96996.769 ADD_TO_RESULTS_FILE[1] BLOCK.RECORDING_SEQUENCE.ADD_TO_RESULTS_FILE[1]
96996.832 SetValueAction 
97021.877 TRIAL_IMAGE BLOCK.RECORDING_SEQUENCE.TRIAL_IMAGE (BEGIN) 
97029.634 TRIAL_IMAGE BLOCK.RECORDING_SEQUENCE.TRIAL_IMAGE
97504.745 TIMER[2] BLOCK.RECORDING_SEQUENCE.TIMER[2]
97514.616 DISPLAY_SCREEN[1] BLOCK.RECORDING_SEQUENCE.DISPLAY_SCREEN[1] (BEGIN) 
97529.607 DISPLAY_SCREEN[1] BLOCK.RECORDING_SEQUENCE.DISPLAY_SCREEN[1]
100029.617 TIMER[1] BLOCK.RECORDING_SEQUENCE.TIMER[1]
100029.783 SET_BUTTON_PRESS BLOCK.RECORDING_SEQUENCE.SET_BUTTON_PRESS
100029.963 ADD_TO_RESULTS_FILE[1] BLOCK.RECORDING_SEQUENCE.ADD_TO_RESULTS_FILE[1]
100030.025 SetValueAction 
100060.100 TRIAL_IMAGE BLOCK.RECORDING_SEQUENCE.TRIAL_IMAGE (BEGIN) 
100062.833 TRIAL_IMAGE BLOCK.RECORDING_SEQUENCE.TRIAL_IMAGE
100538.016 TIMER[2] BLOCK.RECORDING_SEQUENCE.TIMER[2]
100547.615 DISPLAY_SCREEN[1] BLOCK.RECORDING_SEQUENCE.DISPLAY_SCREEN[1] (BEGIN) 
100562.813 DISPLAY_SCREEN[1] BLOCK.RECORDING_SEQUENCE.DISPLAY_SCREEN[1]
103062.839 TIMER[1] BLOCK.RECORDING_SEQUENCE.TIMER[1]
103063.010 SET_BUTTON_PRESS BLOCK.RECORDING_SEQUENCE.SET_BUTTON_PRESS
103063.208 ADD_TO_RESULTS_FILE[1] BLOCK.RECORDING_SEQUENCE.ADD_TO_RESULTS_FILE[1]
103063.272 SetValueAction 
103088.074 TRIAL_IMAGE BLOCK.RECORDING_SEQUENCE.TRIAL_IMAGE (BEGIN) 
103096.039 TRIAL_IMAGE BLOCK.RECORDING_SEQUENCE.TRIAL_IMAGE
103571.105 TIMER[2] BLOCK.RECORDING_SEQUENCE.TIMER[2]
103580.615 DISPLAY_SCREEN[1] BLOCK.RECORDING_SEQUENCE.DISPLAY_SCREEN[1] (BEGIN) 
103596.019 DISPLAY_SCREEN[1] BLOCK.RECORDING_SEQUENCE.DISPLAY_SCREEN[1]
106096.075 TIMER[1] BLOCK.RECORDING_SEQUENCE.TIMER[1]
106096.260 SET_BUTTON_PRESS BLOCK.RECORDING_SEQUENCE.SET_BUTTON_PRESS
106096.444 ADD_TO_RESULTS_FILE[1] BLOCK.RECORDING_SEQUENCE.ADD_TO_RESULTS_FILE[1]
106096.508 SetValueAction 
106121.751 TRIAL_IMAGE BLOCK.RECORDING_SEQUENCE.TRIAL_IMAGE (BEGIN) 
106129.248 TRIAL_IMAGE BLOCK.RECORDING_SEQUENCE.TRIAL_IMAGE
106604.375 TIMER[2] BLOCK.RECORDING_SEQUENCE.TIMER[2]
106614.615 DISPLAY_SCREEN[1] BLOCK.RECORDING_SEQUENCE.DISPLAY_SCREEN[1] (BEGIN) 
106629.229 DISPLAY_SCREEN[1] BLOCK.RECORDING_SEQUENCE.DISPLAY_SCREEN[1]
109129.310 TIMER[1] BLOCK.RECORDING_SEQUENCE.TIMER[1]
109129.477 SET_BUTTON_PRESS BLOCK.RECORDING_SEQUENCE.SET_BUTTON_PRESS
109129.679 ADD_TO_RESULTS_FILE[1] BLOCK.RECORDING_SEQUENCE.ADD_TO_RESULTS_FILE[1]
109129.741 SetValueAction 
109154.424 TRIAL_IMAGE BLOCK.RECORDING_SEQUENCE.TRIAL_IMAGE (BEGIN) 
109162.471 TRIAL_IMAGE BLOCK.RECORDING_SEQUENCE.TRIAL_IMAGE
109637.541 TIMER[2] BLOCK.RECORDING_SEQUENCE.TIMER[2]
109647.615 DISPLAY_SCREEN[1] BLOCK.RECORDING_SEQUENCE.DISPLAY_SCREEN[1] (BEGIN) 
109662.423 DISPLAY_SCREEN[1] BLOCK.RECORDING_SEQUENCE.DISPLAY_SCREEN[1]
112162.452 TIMER[1] BLOCK.RECORDING_SEQUENCE.TIMER[1]
112162.645 SET_BUTTON_PRESS BLOCK.RECORDING_SEQUENCE.SET_BUTTON_PRESS
112162.828 ADD_TO_RESULTS_FILE[1] BLOCK.RECORDING_SEQUENCE.ADD_TO_RESULTS_FILE[1]
112162.892 SetValueAction 
112186.829 TRIAL_IMAGE BLOCK.RECORDING_SEQUENCE.TRIAL_IMAGE (BEGIN) 
112195.651 TRIAL_IMAGE BLOCK.RECORDING_SEQUENCE.TRIAL_IMAGE
112670.825 TIMER[2] BLOCK.RECORDING_SEQUENCE.TIMER[2]
112680.615 DISPLAY_SCREEN[1] BLOCK.RECORDING_SEQUENCE.DISPLAY_SCREEN[1] (BEGIN) 
112695.632 DISPLAY_SCREEN[1] BLOCK.RECORDING_SEQUENCE.DISPLAY_SCREEN[1]
115195.716 TIMER[1] BLOCK.RECORDING_SEQUENCE.TIMER[1]
115195.882 SET_BUTTON_PRESS BLOCK.RECORDING_SEQUENCE.SET_BUTTON_PRESS
115196.061 ADD_TO_RESULTS_FILE[1] BLOCK.RECORDING_SEQUENCE.ADD_TO_RESULTS_FILE[1]
115196.123 SetValueAction 
115220.296 TRIAL_IMAGE BLOCK.RECORDING_SEQUENCE.TRIAL_IMAGE (BEGIN) 
115228.854 TRIAL_IMAGE BLOCK.RECORDING_SEQUENCE.TRIAL_IMAGE
115704.024 TIMER[2] BLOCK.RECORDING_SEQUENCE.TIMER[2]
115713.614 DISPLAY_SCREEN[1] BLOCK.RECORDING_SEQUENCE.DISPLAY_SCREEN[1] (BEGIN) 
115728.828 DISPLAY_SCREEN[1] BLOCK.RECORDING_SEQUENCE.DISPLAY_SCREEN[1]
118228.873 TIMER[1] BLOCK.RECORDING_SEQUENCE.TIMER[1]
118229.042 SET_BUTTON_PRESS BLOCK.RECORDING_SEQUENCE.SET_BUTTON_PRESS
118229.221 ADD_TO_RESULTS_FILE[1] BLOCK.RECORDING_SEQUENCE.ADD_TO_RESULTS_FILE[1]
118229.283 SetValueAction 
118254.991 TRIAL_IMAGE BLOCK.RECORDING_SEQUENCE.TRIAL_IMAGE (BEGIN) 
118262.051 TRIAL_IMAGE BLOCK.RECORDING_SEQUENCE.TRIAL_IMAGE
118737.181 TIMER[2] BLOCK.RECORDING_SEQUENCE.TIMER[2]
118746.628 DISPLAY_SCREEN[1] BLOCK.RECORDING_SEQUENCE.DISPLAY_SCREEN[1] (BEGIN) 
118762.040 DISPLAY_SCREEN[1] BLOCK.RECORDING_SEQUENCE.DISPLAY_SCREEN[1]
121262.113 TIMER[1] BLOCK.RECORDING_SEQUENCE.TIMER[1]
121262.280 SET_BUTTON_PRESS BLOCK.RECORDING_SEQUENCE.SET_BUTTON_PRESS
121262.461 ADD_TO_RESULTS_FILE[1] BLOCK.RECORDING_SEQUENCE.ADD_TO_RESULTS_FILE[1]
121262.529 SetValueAction 
121287.135 TRIAL_IMAGE BLOCK.RECORDING_SEQUENCE.TRIAL_IMAGE (BEGIN) 
121295.261 TRIAL_IMAGE BLOCK.RECORDING_SEQUENCE.TRIAL_IMAGE
121770.425 TIMER[2] BLOCK.RECORDING_SEQUENCE.TIMER[2]
121780.617 DISPLAY_SCREEN[1] BLOCK.RECORDING_SEQUENCE.DISPLAY_SCREEN[1] (BEGIN) 
121795.238 DISPLAY_SCREEN[1] BLOCK.RECORDING_SEQUENCE.DISPLAY_SCREEN[1]
124295.293 TIMER[1] BLOCK.RECORDING_SEQUENCE.TIMER[1]
124295.465 SET_BUTTON_PRESS BLOCK.RECORDING_SEQUENCE.SET_BUTTON_PRESS
124295.672 ADD_TO_RESULTS_FILE[1] BLOCK.RECORDING_SEQUENCE.ADD_TO_RESULTS_FILE[1]
124295.735 SetValueAction 
124321.215 TRIAL_IMAGE BLOCK.RECORDING_SEQUENCE.TRIAL_IMAGE (BEGIN) 
124328.452 TRIAL_IMAGE BLOCK.RECORDING_SEQUENCE.TRIAL_IMAGE
124803.577 TIMER[2] BLOCK.RECORDING_SEQUENCE.TIMER[2]
124813.624 DISPLAY_SCREEN[1] BLOCK.RECORDING_SEQUENCE.DISPLAY_SCREEN[1] (BEGIN) 
124828.439 DISPLAY_SCREEN[1] BLOCK.RECORDING_SEQUENCE.DISPLAY_SCREEN[1]
127328.447 TIMER[1] BLOCK.RECORDING_SEQUENCE.TIMER[1]
127328.614 SET_BUTTON_PRESS BLOCK.RECORDING_SEQUENCE.SET_BUTTON_PRESS
127328.811 ADD_TO_RESULTS_FILE[1] BLOCK.RECORDING_SEQUENCE.ADD_TO_RESULTS_FILE[1]
127328.873 SetValueAction 
127330.133 TRIAL_IMAGE BLOCK.RECORDING_SEQUENCE.TRIAL_IMAGE (BEGIN) 
127344.993 TRIAL_IMAGE BLOCK.RECORDING_SEQUENCE.TRIAL_IMAGE
127820.133 TIMER[2] BLOCK.RECORDING_SEQUENCE.TIMER[2]
127829.615 DISPLAY_SCREEN[1] BLOCK.RECORDING_SEQUENCE.DISPLAY_SCREEN[1] (BEGIN) 
127844.978 DISPLAY_SCREEN[1] BLOCK.RECORDING_SEQUENCE.DISPLAY_SCREEN[1]
130345.061 TIMER[1] BLOCK.RECORDING_SEQUENCE.TIMER[1]
130345.236 SET_BUTTON_PRESS BLOCK.RECORDING_SEQUENCE.SET_BUTTON_PRESS
130345.424 ADD_TO_RESULTS_FILE[1] BLOCK.RECORDING_SEQUENCE.ADD_TO_RESULTS_FILE[1]
130345.487 SetValueAction 
130369.696 TRIAL_IMAGE BLOCK.RECORDING_SEQUENCE.TRIAL_IMAGE (BEGIN) 
130378.193 TRIAL_IMAGE BLOCK.RECORDING_SEQUENCE.TRIAL_IMAGE
130853.335 TIMER[2] BLOCK.RECORDING_SEQUENCE.TIMER[2]
130863.617 DISPLAY_SCREEN[1] BLOCK.RECORDING_SEQUENCE.DISPLAY_SCREEN[1] (BEGIN) 
130878.178 DISPLAY_SCREEN[1] BLOCK.RECORDING_SEQUENCE.DISPLAY_SCREEN[1]
133378.250 TIMER[1] BLOCK.RECORDING_SEQUENCE.TIMER[1]
133378.439 SET_BUTTON_PRESS BLOCK.RECORDING_SEQUENCE.SET_BUTTON_PRESS
133378.617 ADD_TO_RESULTS_FILE[1] BLOCK.RECORDING_SEQUENCE.ADD_TO_RESULTS_FILE[1]
133378.679 SetValueAction 
133401.037 TRIAL_IMAGE BLOCK.RECORDING_SEQUENCE.TRIAL_IMAGE (BEGIN) 
133411.402 TRIAL_IMAGE BLOCK.RECORDING_SEQUENCE.TRIAL_IMAGE
133886.479 TIMER[2] BLOCK.RECORDING_SEQUENCE.TIMER[2]
133896.616 DISPLAY_SCREEN[1] BLOCK.RECORDING_SEQUENCE.DISPLAY_SCREEN[1] (BEGIN) 
133911.383 DISPLAY_SCREEN[1] BLOCK.RECORDING_SEQUENCE.DISPLAY_SCREEN[1]
136411.454 TIMER[1] BLOCK.RECORDING_SEQUENCE.TIMER[1]
136411.638 SET_BUTTON_PRESS BLOCK.RECORDING_SEQUENCE.SET_BUTTON_PRESS
136411.819 ADD_TO_RESULTS_FILE[1] BLOCK.RECORDING_SEQUENCE.ADD_TO_RESULTS_FILE[1]
136411.905 SetValueAction 
136435.498 TRIAL_IMAGE BLOCK.RECORDING_SEQUENCE.TRIAL_IMAGE (BEGIN) 
136444.602 TRIAL_IMAGE BLOCK.RECORDING_SEQUENCE.TRIAL_IMAGE
136919.775 TIMER[2] BLOCK.RECORDING_SEQUENCE.TIMER[2]
136929.615 DISPLAY_SCREEN[1] BLOCK.RECORDING_SEQUENCE.DISPLAY_SCREEN[1] (BEGIN) 
136944.590 DISPLAY_SCREEN[1] BLOCK.RECORDING_SEQUENCE.DISPLAY_SCREEN[1]
139444.684 TIMER[1] BLOCK.RECORDING_SEQUENCE.TIMER[1]
139444.856 SET_BUTTON_PRESS BLOCK.RECORDING_SEQUENCE.SET_BUTTON_PRESS
139445.055 ADD_TO_RESULTS_FILE[1] BLOCK.RECORDING_SEQUENCE.ADD_TO_RESULTS_FILE[1]
139445.119 SetValueAction 
139465.073 TRIAL_IMAGE BLOCK.RECORDING_SEQUENCE.TRIAL_IMAGE (BEGIN) 
139477.809 TRIAL_IMAGE BLOCK.RECORDING_SEQUENCE.TRIAL_IMAGE
139952.905 TIMER[2] BLOCK.RECORDING_SEQUENCE.TIMER[2]
139962.615 DISPLAY_SCREEN[1] BLOCK.RECORDING_SEQUENCE.DISPLAY_SCREEN[1] (BEGIN) 
139977.782 DISPLAY_SCREEN[1] BLOCK.RECORDING_SEQUENCE.DISPLAY_SCREEN[1]
142477.864 TIMER[1] BLOCK.RECORDING_SEQUENCE.TIMER[1]
142478.051 SET_BUTTON_PRESS BLOCK.RECORDING_SEQUENCE.SET_BUTTON_PRESS
142478.231 ADD_TO_RESULTS_FILE[1] BLOCK.RECORDING_SEQUENCE.ADD_TO_RESULTS_FILE[1]
142478.293 SetValueAction 
142507.771 TRIAL_IMAGE BLOCK.RECORDING_SEQUENCE.TRIAL_IMAGE (BEGIN) 
142511.009 TRIAL_IMAGE BLOCK.RECORDING_SEQUENCE.TRIAL_IMAGE
142986.084 TIMER[2] BLOCK.RECORDING_SEQUENCE.TIMER[2]
142995.616 DISPLAY_SCREEN[1] BLOCK.RECORDING_SEQUENCE.DISPLAY_SCREEN[1] (BEGIN) 
143010.998 DISPLAY_SCREEN[1] BLOCK.RECORDING_SEQUENCE.DISPLAY_SCREEN[1]
145511.035 TIMER[1] BLOCK.RECORDING_SEQUENCE.TIMER[1]
145511.219 SET_BUTTON_PRESS BLOCK.RECORDING_SEQUENCE.SET_BUTTON_PRESS
145511.401 ADD_TO_RESULTS_FILE[1] BLOCK.RECORDING_SEQUENCE.ADD_TO_RESULTS_FILE[1]
145511.464 SetValueAction 
145531.307 TRIAL_IMAGE BLOCK.RECORDING_SEQUENCE.TRIAL_IMAGE (BEGIN) 
145544.222 TRIAL_IMAGE BLOCK.RECORDING_SEQUENCE.TRIAL_IMAGE
146019.376 TIMER[2] BLOCK.RECORDING_SEQUENCE.TIMER[2]
146029.615 DISPLAY_SCREEN[1] BLOCK.RECORDING_SEQUENCE.DISPLAY_SCREEN[1] (BEGIN) 
146044.190 DISPLAY_SCREEN[1] BLOCK.RECORDING_SEQUENCE.DISPLAY_SCREEN[1]
148544.215 TIMER[1] BLOCK.RECORDING_SEQUENCE.TIMER[1]
148544.388 SET_BUTTON_PRESS BLOCK.RECORDING_SEQUENCE.SET_BUTTON_PRESS
148544.573 ADD_TO_RESULTS_FILE[1] BLOCK.RECORDING_SEQUENCE.ADD_TO_RESULTS_FILE[1]
148544.637 SetValueAction 
148560.800 TRIAL_IMAGE BLOCK.RECORDING_SEQUENCE.TRIAL_IMAGE (BEGIN) 
148577.418 TRIAL_IMAGE BLOCK.RECORDING_SEQUENCE.TRIAL_IMAGE
149052.596 TIMER[2] BLOCK.RECORDING_SEQUENCE.TIMER[2]
149062.624 DISPLAY_SCREEN[1] BLOCK.RECORDING_SEQUENCE.DISPLAY_SCREEN[1] (BEGIN) 
149077.393 DISPLAY_SCREEN[1] BLOCK.RECORDING_SEQUENCE.DISPLAY_SCREEN[1]
151577.507 TIMER[1] BLOCK.RECORDING_SEQUENCE.TIMER[1]
151577.677 SET_BUTTON_PRESS BLOCK.RECORDING_SEQUENCE.SET_BUTTON_PRESS
151577.856 ADD_TO_RESULTS_FILE[1] BLOCK.RECORDING_SEQUENCE.ADD_TO_RESULTS_FILE[1]
151577.918 SetValueAction 
151602.540 TRIAL_IMAGE BLOCK.RECORDING_SEQUENCE.TRIAL_IMAGE (BEGIN) 
151610.622 TRIAL_IMAGE BLOCK.RECORDING_SEQUENCE.TRIAL_IMAGE
152085.704 TIMER[2] BLOCK.RECORDING_SEQUENCE.TIMER[2]
152095.616 DISPLAY_SCREEN[1] BLOCK.RECORDING_SEQUENCE.DISPLAY_SCREEN[1] (BEGIN) 
152110.605 DISPLAY_SCREEN[1] BLOCK.RECORDING_SEQUENCE.DISPLAY_SCREEN[1]
154610.634 TIMER[1] BLOCK.RECORDING_SEQUENCE.TIMER[1]
154610.802 SET_BUTTON_PRESS BLOCK.RECORDING_SEQUENCE.SET_BUTTON_PRESS
154610.984 ADD_TO_RESULTS_FILE[1] BLOCK.RECORDING_SEQUENCE.ADD_TO_RESULTS_FILE[1]
154611.046 SetValueAction 
154612.324 TRIAL_IMAGE BLOCK.RECORDING_SEQUENCE.TRIAL_IMAGE (BEGIN) 
154627.155 TRIAL_IMAGE BLOCK.RECORDING_SEQUENCE.TRIAL_IMAGE
155102.267 TIMER[2] BLOCK.RECORDING_SEQUENCE.TIMER[2]
155112.617 DISPLAY_SCREEN[1] BLOCK.RECORDING_SEQUENCE.DISPLAY_SCREEN[1] (BEGIN) 
155127.135 DISPLAY_SCREEN[1] BLOCK.RECORDING_SEQUENCE.DISPLAY_SCREEN[1]
157627.202 TIMER[1] BLOCK.RECORDING_SEQUENCE.TIMER[1]
157627.403 SET_BUTTON_PRESS BLOCK.RECORDING_SEQUENCE.SET_BUTTON_PRESS
157627.584 ADD_TO_RESULTS_FILE[1] BLOCK.RECORDING_SEQUENCE.ADD_TO_RESULTS_FILE[1]
157632.960 DISPLAY_SCREEN BLOCK.DISPLAY_SCREEN (BEGIN) 
157643.696 DISPLAY_SCREEN BLOCK.DISPLAY_SCREEN
169501.270 MOUSE BLOCK.MOUSE
169836.420 PREPARE_SEQUENCE BLOCK.PREPARE_SEQUENCE
169836.632 SetValueAction 
169862.435 TRIAL_IMAGE BLOCK.RECORDING_SEQUENCE.TRIAL_IMAGE (BEGIN) 
169876.506 TRIAL_IMAGE BLOCK.RECORDING_SEQUENCE.TRIAL_IMAGE
170351.580 TIMER[2] BLOCK.RECORDING_SEQUENCE.TIMER[2]
170361.617 DISPLAY_SCREEN[1] BLOCK.RECORDING_SEQUENCE.DISPLAY_SCREEN[1] (BEGIN) 
170376.486 DISPLAY_SCREEN[1] BLOCK.RECORDING_SEQUENCE.DISPLAY_SCREEN[1]
172876.563 TIMER[1] BLOCK.RECORDING_SEQUENCE.TIMER[1]
172876.746 SET_BUTTON_PRESS BLOCK.RECORDING_SEQUENCE.SET_BUTTON_PRESS
172876.923 ADD_TO_RESULTS_FILE[1] BLOCK.RECORDING_SEQUENCE.ADD_TO_RESULTS_FILE[1]
172876.987 SetValueAction 
172899.290 TRIAL_IMAGE BLOCK.RECORDING_SEQUENCE.TRIAL_IMAGE (BEGIN) 
172909.700 TRIAL_IMAGE BLOCK.RECORDING_SEQUENCE.TRIAL_IMAGE
173384.848 TIMER[2] BLOCK.RECORDING_SEQUENCE.TIMER[2]
173394.615 DISPLAY_SCREEN[1] BLOCK.RECORDING_SEQUENCE.DISPLAY_SCREEN[1] (BEGIN) 
173409.680 DISPLAY_SCREEN[1] BLOCK.RECORDING_SEQUENCE.DISPLAY_SCREEN[1]
175909.680 TIMER[1] BLOCK.RECORDING_SEQUENCE.TIMER[1]
175909.865 SET_BUTTON_PRESS BLOCK.RECORDING_SEQUENCE.SET_BUTTON_PRESS
175910.049 ADD_TO_RESULTS_FILE[1] BLOCK.RECORDING_SEQUENCE.ADD_TO_RESULTS_FILE[1]
175910.113 SetValueAction 
175933.405 TRIAL_IMAGE BLOCK.RECORDING_SEQUENCE.TRIAL_IMAGE (BEGIN) 
175942.910 TRIAL_IMAGE BLOCK.RECORDING_SEQUENCE.TRIAL_IMAGE
176418.069 TIMER[2] BLOCK.RECORDING_SEQUENCE.TIMER[2]
176427.615 DISPLAY_SCREEN[1] BLOCK.RECORDING_SEQUENCE.DISPLAY_SCREEN[1] (BEGIN) 
176442.884 DISPLAY_SCREEN[1] BLOCK.RECORDING_SEQUENCE.DISPLAY_SCREEN[1]
178942.920 TIMER[1] BLOCK.RECORDING_SEQUENCE.TIMER[1]
178943.087 SET_BUTTON_PRESS BLOCK.RECORDING_SEQUENCE.SET_BUTTON_PRESS
178943.267 ADD_TO_RESULTS_FILE[1] BLOCK.RECORDING_SEQUENCE.ADD_TO_RESULTS_FILE[1]
178943.329 SetValueAction 
178952.404 TRIAL_IMAGE BLOCK.RECORDING_SEQUENCE.TRIAL_IMAGE (BEGIN) 
178959.435 TRIAL_IMAGE BLOCK.RECORDING_SEQUENCE.TRIAL_IMAGE
179434.601 TIMER[2] BLOCK.RECORDING_SEQUENCE.TIMER[2]
179444.616 DISPLAY_SCREEN[1] BLOCK.RECORDING_SEQUENCE.DISPLAY_SCREEN[1] (BEGIN) 
179459.425 DISPLAY_SCREEN[1] BLOCK.RECORDING_SEQUENCE.DISPLAY_SCREEN[1]
181959.494 TIMER[1] BLOCK.RECORDING_SEQUENCE.TIMER[1]
181959.663 SET_BUTTON_PRESS BLOCK.RECORDING_SEQUENCE.SET_BUTTON_PRESS
181959.858 ADD_TO_RESULTS_FILE[1] BLOCK.RECORDING_SEQUENCE.ADD_TO_RESULTS_FILE[1]
181959.920 SetValueAction 
181988.017 TRIAL_IMAGE BLOCK.RECORDING_SEQUENCE.TRIAL_IMAGE (BEGIN) 
181992.646 TRIAL_IMAGE BLOCK.RECORDING_SEQUENCE.TRIAL_IMAGE
182467.775 TIMER[2] BLOCK.RECORDING_SEQUENCE.TIMER[2]
182477.615 DISPLAY_SCREEN[1] BLOCK.RECORDING_SEQUENCE.DISPLAY_SCREEN[1] (BEGIN) 
182492.620 DISPLAY_SCREEN[1] BLOCK.RECORDING_SEQUENCE.DISPLAY_SCREEN[1]
184992.705 TIMER[1] BLOCK.RECORDING_SEQUENCE.TIMER[1]
184992.872 SET_BUTTON_PRESS BLOCK.RECORDING_SEQUENCE.SET_BUTTON_PRESS
184993.057 ADD_TO_RESULTS_FILE[1] BLOCK.RECORDING_SEQUENCE.ADD_TO_RESULTS_FILE[1]
184993.120 SetValueAction 
184994.319 TRIAL_IMAGE BLOCK.RECORDING_SEQUENCE.TRIAL_IMAGE (BEGIN) 
185009.180 TRIAL_IMAGE BLOCK.RECORDING_SEQUENCE.TRIAL_IMAGE
185484.311 TIMER[2] BLOCK.RECORDING_SEQUENCE.TIMER[2]
185494.615 DISPLAY_SCREEN[1] BLOCK.RECORDING_SEQUENCE.DISPLAY_SCREEN[1] (BEGIN) 
185509.161 DISPLAY_SCREEN[1] BLOCK.RECORDING_SEQUENCE.DISPLAY_SCREEN[1]
188009.220 TIMER[1] BLOCK.RECORDING_SEQUENCE.TIMER[1]
188009.412 SET_BUTTON_PRESS BLOCK.RECORDING_SEQUENCE.SET_BUTTON_PRESS
188009.597 ADD_TO_RESULTS_FILE[1] BLOCK.RECORDING_SEQUENCE.ADD_TO_RESULTS_FILE[1]
188009.660 SetValueAction 
188037.657 TRIAL_IMAGE BLOCK.RECORDING_SEQUENCE.TRIAL_IMAGE (BEGIN) 
188042.391 TRIAL_IMAGE BLOCK.RECORDING_SEQUENCE.TRIAL_IMAGE
188517.483 TIMER[2] BLOCK.RECORDING_SEQUENCE.TIMER[2]
188527.616 DISPLAY_SCREEN[1] BLOCK.RECORDING_SEQUENCE.DISPLAY_SCREEN[1] (BEGIN) 
188542.370 DISPLAY_SCREEN[1] BLOCK.RECORDING_SEQUENCE.DISPLAY_SCREEN[1]
191042.449 TIMER[1] BLOCK.RECORDING_SEQUENCE.TIMER[1]
191042.615 SET_BUTTON_PRESS BLOCK.RECORDING_SEQUENCE.SET_BUTTON_PRESS
191042.794 ADD_TO_RESULTS_FILE[1] BLOCK.RECORDING_SEQUENCE.ADD_TO_RESULTS_FILE[1]
191042.857 SetValueAction 
191052.191 TRIAL_IMAGE BLOCK.RECORDING_SEQUENCE.TRIAL_IMAGE (BEGIN) 
191058.926 TRIAL_IMAGE BLOCK.RECORDING_SEQUENCE.TRIAL_IMAGE
191533.993 TIMER[2] BLOCK.RECORDING_SEQUENCE.TIMER[2]
191543.616 DISPLAY_SCREEN[1] BLOCK.RECORDING_SEQUENCE.DISPLAY_SCREEN[1] (BEGIN) 
191558.904 DISPLAY_SCREEN[1] BLOCK.RECORDING_SEQUENCE.DISPLAY_SCREEN[1]
194058.949 TIMER[1] BLOCK.RECORDING_SEQUENCE.TIMER[1]
194059.134 SET_BUTTON_PRESS BLOCK.RECORDING_SEQUENCE.SET_BUTTON_PRESS
194059.318 ADD_TO_RESULTS_FILE[1] BLOCK.RECORDING_SEQUENCE.ADD_TO_RESULTS_FILE[1]
194059.382 SetValueAction 
194082.346 TRIAL_IMAGE BLOCK.RECORDING_SEQUENCE.TRIAL_IMAGE (BEGIN) 
194092.119 TRIAL_IMAGE BLOCK.RECORDING_SEQUENCE.TRIAL_IMAGE
194567.196 TIMER[2] BLOCK.RECORDING_SEQUENCE.TIMER[2]
194577.616 DISPLAY_SCREEN[1] BLOCK.RECORDING_SEQUENCE.DISPLAY_SCREEN[1] (BEGIN) 
194592.117 DISPLAY_SCREEN[1] BLOCK.RECORDING_SEQUENCE.DISPLAY_SCREEN[1]
197092.197 TIMER[1] BLOCK.RECORDING_SEQUENCE.TIMER[1]
197092.362 SET_BUTTON_PRESS BLOCK.RECORDING_SEQUENCE.SET_BUTTON_PRESS
197092.544 ADD_TO_RESULTS_FILE[1] BLOCK.RECORDING_SEQUENCE.ADD_TO_RESULTS_FILE[1]
197092.607 SetValueAction 
197093.857 TRIAL_IMAGE BLOCK.RECORDING_SEQUENCE.TRIAL_IMAGE (BEGIN) 
197108.659 TRIAL_IMAGE BLOCK.RECORDING_SEQUENCE.TRIAL_IMAGE
197583.818 TIMER[2] BLOCK.RECORDING_SEQUENCE.TIMER[2]
197593.615 DISPLAY_SCREEN[1] BLOCK.RECORDING_SEQUENCE.DISPLAY_SCREEN[1] (BEGIN) 
197608.636 DISPLAY_SCREEN[1] BLOCK.RECORDING_SEQUENCE.DISPLAY_SCREEN[1]
200108.660 TIMER[1] BLOCK.RECORDING_SEQUENCE.TIMER[1]
200108.825 SET_BUTTON_PRESS BLOCK.RECORDING_SEQUENCE.SET_BUTTON_PRESS
200109.003 ADD_TO_RESULTS_FILE[1] BLOCK.RECORDING_SEQUENCE.ADD_TO_RESULTS_FILE[1]
200109.065 SetValueAction 
200126.531 TRIAL_IMAGE BLOCK.RECORDING_SEQUENCE.TRIAL_IMAGE (BEGIN) 
200141.861 TRIAL_IMAGE BLOCK.RECORDING_SEQUENCE.TRIAL_IMAGE
200617.010 TIMER[2] BLOCK.RECORDING_SEQUENCE.TIMER[2]
200626.615 DISPLAY_SCREEN[1] BLOCK.RECORDING_SEQUENCE.DISPLAY_SCREEN[1] (BEGIN) 
200641.843 DISPLAY_SCREEN[1] BLOCK.RECORDING_SEQUENCE.DISPLAY_SCREEN[1]
203141.884 TIMER[1] BLOCK.RECORDING_SEQUENCE.TIMER[1]
203142.050 SET_BUTTON_PRESS BLOCK.RECORDING_SEQUENCE.SET_BUTTON_PRESS
203142.229 ADD_TO_RESULTS_FILE[1] BLOCK.RECORDING_SEQUENCE.ADD_TO_RESULTS_FILE[1]
203142.308 SetValueAction 
203159.600 TRIAL_IMAGE BLOCK.RECORDING_SEQUENCE.TRIAL_IMAGE (BEGIN) 
203175.066 TRIAL_IMAGE BLOCK.RECORDING_SEQUENCE.TRIAL_IMAGE
203650.132 TIMER[2] BLOCK.RECORDING_SEQUENCE.TIMER[2]
203660.615 DISPLAY_SCREEN[1] BLOCK.RECORDING_SEQUENCE.DISPLAY_SCREEN[1] (BEGIN) 
203675.042 DISPLAY_SCREEN[1] BLOCK.RECORDING_SEQUENCE.DISPLAY_SCREEN[1]
206175.079 TIMER[1] BLOCK.RECORDING_SEQUENCE.TIMER[1]
206175.242 SET_BUTTON_PRESS BLOCK.RECORDING_SEQUENCE.SET_BUTTON_PRESS
206175.445 ADD_TO_RESULTS_FILE[1] BLOCK.RECORDING_SEQUENCE.ADD_TO_RESULTS_FILE[1]
206175.507 SetValueAction 
206184.505 TRIAL_IMAGE BLOCK.RECORDING_SEQUENCE.TRIAL_IMAGE (BEGIN) 
206191.594 TRIAL_IMAGE BLOCK.RECORDING_SEQUENCE.TRIAL_IMAGE
206666.661 TIMER[2] BLOCK.RECORDING_SEQUENCE.TIMER[2]
206676.615 DISPLAY_SCREEN[1] BLOCK.RECORDING_SEQUENCE.DISPLAY_SCREEN[1] (BEGIN) 
206691.577 DISPLAY_SCREEN[1] BLOCK.RECORDING_SEQUENCE.DISPLAY_SCREEN[1]
207250.598 MOUSE_R BLOCK.RECORDING_SEQUENCE.MOUSE_R
207250.790 SET_BUTTON_PRESS2 BLOCK.RECORDING_SEQUENCE.SET_BUTTON_PRESS2
207250.979 ADD_TO_RESULTS_FILE[1] BLOCK.RECORDING_SEQUENCE.ADD_TO_RESULTS_FILE[1]
207251.044 SetValueAction 
207278.451 TRIAL_IMAGE BLOCK.RECORDING_SEQUENCE.TRIAL_IMAGE (BEGIN) 
207291.557 TRIAL_IMAGE BLOCK.RECORDING_SEQUENCE.TRIAL_IMAGE
207766.698 TIMER[2] BLOCK.RECORDING_SEQUENCE.TIMER[2]
207776.616 DISPLAY_SCREEN[1] BLOCK.RECORDING_SEQUENCE.DISPLAY_SCREEN[1] (BEGIN) 
207791.533 DISPLAY_SCREEN[1] BLOCK.RECORDING_SEQUENCE.DISPLAY_SCREEN[1]
210291.632 TIMER[1] BLOCK.RECORDING_SEQUENCE.TIMER[1]
210291.807 SET_BUTTON_PRESS BLOCK.RECORDING_SEQUENCE.SET_BUTTON_PRESS
210291.996 ADD_TO_RESULTS_FILE[1] BLOCK.RECORDING_SEQUENCE.ADD_TO_RESULTS_FILE[1]
210292.061 SetValueAction 
210301.237 TRIAL_IMAGE BLOCK.RECORDING_SEQUENCE.TRIAL_IMAGE (BEGIN) 
210308.090 TRIAL_IMAGE BLOCK.RECORDING_SEQUENCE.TRIAL_IMAGE
210783.265 TIMER[2] BLOCK.RECORDING_SEQUENCE.TIMER[2]
210793.617 DISPLAY_SCREEN[1] BLOCK.RECORDING_SEQUENCE.DISPLAY_SCREEN[1] (BEGIN) 
210808.076 DISPLAY_SCREEN[1] BLOCK.RECORDING_SEQUENCE.DISPLAY_SCREEN[1]
211288.280 MOUSE_R BLOCK.RECORDING_SEQUENCE.MOUSE_R
211288.447 SET_BUTTON_PRESS2 BLOCK.RECORDING_SEQUENCE.SET_BUTTON_PRESS2
211288.634 ADD_TO_RESULTS_FILE[1] BLOCK.RECORDING_SEQUENCE.ADD_TO_RESULTS_FILE[1]
211288.696 SetValueAction 
211313.699 TRIAL_IMAGE BLOCK.RECORDING_SEQUENCE.TRIAL_IMAGE (BEGIN) 
211324.716 TRIAL_IMAGE BLOCK.RECORDING_SEQUENCE.TRIAL_IMAGE
211799.837 TIMER[2] BLOCK.RECORDING_SEQUENCE.TIMER[2]
211809.616 DISPLAY_SCREEN[1] BLOCK.RECORDING_SEQUENCE.DISPLAY_SCREEN[1] (BEGIN) 
211824.695 DISPLAY_SCREEN[1] BLOCK.RECORDING_SEQUENCE.DISPLAY_SCREEN[1]
214324.707 TIMER[1] BLOCK.RECORDING_SEQUENCE.TIMER[1]
214324.881 SET_BUTTON_PRESS BLOCK.RECORDING_SEQUENCE.SET_BUTTON_PRESS
214325.066 ADD_TO_RESULTS_FILE[1] BLOCK.RECORDING_SEQUENCE.ADD_TO_RESULTS_FILE[1]
214325.131 SetValueAction 
214351.770 TRIAL_IMAGE BLOCK.RECORDING_SEQUENCE.TRIAL_IMAGE (BEGIN) 
214357.911 TRIAL_IMAGE BLOCK.RECORDING_SEQUENCE.TRIAL_IMAGE
214833.021 TIMER[2] BLOCK.RECORDING_SEQUENCE.TIMER[2]
214842.616 DISPLAY_SCREEN[1] BLOCK.RECORDING_SEQUENCE.DISPLAY_SCREEN[1] (BEGIN) 
214857.903 DISPLAY_SCREEN[1] BLOCK.RECORDING_SEQUENCE.DISPLAY_SCREEN[1]
215472.263 MOUSE_R BLOCK.RECORDING_SEQUENCE.MOUSE_R
215472.426 SET_BUTTON_PRESS2 BLOCK.RECORDING_SEQUENCE.SET_BUTTON_PRESS2
215472.610 ADD_TO_RESULTS_FILE[1] BLOCK.RECORDING_SEQUENCE.ADD_TO_RESULTS_FILE[1]
215472.674 SetValueAction 
215496.053 TRIAL_IMAGE BLOCK.RECORDING_SEQUENCE.TRIAL_IMAGE (BEGIN) 
215507.871 TRIAL_IMAGE BLOCK.RECORDING_SEQUENCE.TRIAL_IMAGE
215983.046 TIMER[2] BLOCK.RECORDING_SEQUENCE.TIMER[2]
215992.616 DISPLAY_SCREEN[1] BLOCK.RECORDING_SEQUENCE.DISPLAY_SCREEN[1] (BEGIN) 
216007.846 DISPLAY_SCREEN[1] BLOCK.RECORDING_SEQUENCE.DISPLAY_SCREEN[1]
218507.858 TIMER[1] BLOCK.RECORDING_SEQUENCE.TIMER[1]
218508.024 SET_BUTTON_PRESS BLOCK.RECORDING_SEQUENCE.SET_BUTTON_PRESS
218508.223 ADD_TO_RESULTS_FILE[1] BLOCK.RECORDING_SEQUENCE.ADD_TO_RESULTS_FILE[1]
218508.286 SetValueAction 
218532.250 TRIAL_IMAGE BLOCK.RECORDING_SEQUENCE.TRIAL_IMAGE (BEGIN) 
218541.073 TRIAL_IMAGE BLOCK.RECORDING_SEQUENCE.TRIAL_IMAGE
219016.262 TIMER[2] BLOCK.RECORDING_SEQUENCE.TIMER[2]
219026.616 DISPLAY_SCREEN[1] BLOCK.RECORDING_SEQUENCE.DISPLAY_SCREEN[1] (BEGIN) 
219041.048 DISPLAY_SCREEN[1] BLOCK.RECORDING_SEQUENCE.DISPLAY_SCREEN[1]
221541.132 TIMER[1] BLOCK.RECORDING_SEQUENCE.TIMER[1]
221541.300 SET_BUTTON_PRESS BLOCK.RECORDING_SEQUENCE.SET_BUTTON_PRESS
221541.479 ADD_TO_RESULTS_FILE[1] BLOCK.RECORDING_SEQUENCE.ADD_TO_RESULTS_FILE[1]
221541.541 SetValueAction 
221567.445 TRIAL_IMAGE BLOCK.RECORDING_SEQUENCE.TRIAL_IMAGE (BEGIN) 
221574.268 TRIAL_IMAGE BLOCK.RECORDING_SEQUENCE.TRIAL_IMAGE
222049.362 TIMER[2] BLOCK.RECORDING_SEQUENCE.TIMER[2]
222059.616 DISPLAY_SCREEN[1] BLOCK.RECORDING_SEQUENCE.DISPLAY_SCREEN[1] (BEGIN) 
222074.260 DISPLAY_SCREEN[1] BLOCK.RECORDING_SEQUENCE.DISPLAY_SCREEN[1]
224574.307 TIMER[1] BLOCK.RECORDING_SEQUENCE.TIMER[1]
224574.479 SET_BUTTON_PRESS BLOCK.RECORDING_SEQUENCE.SET_BUTTON_PRESS
224574.664 ADD_TO_RESULTS_FILE[1] BLOCK.RECORDING_SEQUENCE.ADD_TO_RESULTS_FILE[1]
224574.728 SetValueAction 
224584.661 TRIAL_IMAGE BLOCK.RECORDING_SEQUENCE.TRIAL_IMAGE (BEGIN) 
224590.816 TRIAL_IMAGE BLOCK.RECORDING_SEQUENCE.TRIAL_IMAGE
225065.925 TIMER[2] BLOCK.RECORDING_SEQUENCE.TIMER[2]
225075.617 DISPLAY_SCREEN[1] BLOCK.RECORDING_SEQUENCE.DISPLAY_SCREEN[1] (BEGIN) 
225090.784 DISPLAY_SCREEN[1] BLOCK.RECORDING_SEQUENCE.DISPLAY_SCREEN[1]
227590.879 TIMER[1] BLOCK.RECORDING_SEQUENCE.TIMER[1]
227591.050 SET_BUTTON_PRESS BLOCK.RECORDING_SEQUENCE.SET_BUTTON_PRESS
227591.234 ADD_TO_RESULTS_FILE[1] BLOCK.RECORDING_SEQUENCE.ADD_TO_RESULTS_FILE[1]
227591.299 SetValueAction 
227617.548 TRIAL_IMAGE BLOCK.RECORDING_SEQUENCE.TRIAL_IMAGE (BEGIN) 
227624.014 TRIAL_IMAGE BLOCK.RECORDING_SEQUENCE.TRIAL_IMAGE
228099.121 TIMER[2] BLOCK.RECORDING_SEQUENCE.TIMER[2]
228108.615 DISPLAY_SCREEN[1] BLOCK.RECORDING_SEQUENCE.DISPLAY_SCREEN[1] (BEGIN) 
228123.992 DISPLAY_SCREEN[1] BLOCK.RECORDING_SEQUENCE.DISPLAY_SCREEN[1]
230624.059 TIMER[1] BLOCK.RECORDING_SEQUENCE.TIMER[1]
230624.227 SET_BUTTON_PRESS BLOCK.RECORDING_SEQUENCE.SET_BUTTON_PRESS
230624.412 ADD_TO_RESULTS_FILE[1] BLOCK.RECORDING_SEQUENCE.ADD_TO_RESULTS_FILE[1]
230624.476 SetValueAction 
230625.728 TRIAL_IMAGE BLOCK.RECORDING_SEQUENCE.TRIAL_IMAGE (BEGIN) 
230640.559 TRIAL_IMAGE BLOCK.RECORDING_SEQUENCE.TRIAL_IMAGE
231115.625 TIMER[2] BLOCK.RECORDING_SEQUENCE.TIMER[2]
231125.616 DISPLAY_SCREEN[1] BLOCK.RECORDING_SEQUENCE.DISPLAY_SCREEN[1] (BEGIN) 
231140.533 DISPLAY_SCREEN[1] BLOCK.RECORDING_SEQUENCE.DISPLAY_SCREEN[1]
233640.627 TIMER[1] BLOCK.RECORDING_SEQUENCE.TIMER[1]
233640.799 SET_BUTTON_PRESS BLOCK.RECORDING_SEQUENCE.SET_BUTTON_PRESS
233640.982 ADD_TO_RESULTS_FILE[1] BLOCK.RECORDING_SEQUENCE.ADD_TO_RESULTS_FILE[1]
233641.046 SetValueAction 
233670.397 TRIAL_IMAGE BLOCK.RECORDING_SEQUENCE.TRIAL_IMAGE (BEGIN) 
233673.753 TRIAL_IMAGE BLOCK.RECORDING_SEQUENCE.TRIAL_IMAGE
234148.833 TIMER[2] BLOCK.RECORDING_SEQUENCE.TIMER[2]
234158.616 DISPLAY_SCREEN[1] BLOCK.RECORDING_SEQUENCE.DISPLAY_SCREEN[1] (BEGIN) 
234173.740 DISPLAY_SCREEN[1] BLOCK.RECORDING_SEQUENCE.DISPLAY_SCREEN[1]
236673.737 TIMER[1] BLOCK.RECORDING_SEQUENCE.TIMER[1]
236673.901 SET_BUTTON_PRESS BLOCK.RECORDING_SEQUENCE.SET_BUTTON_PRESS
236674.099 ADD_TO_RESULTS_FILE[1] BLOCK.RECORDING_SEQUENCE.ADD_TO_RESULTS_FILE[1]
236674.161 SetValueAction 
236675.382 TRIAL_IMAGE BLOCK.RECORDING_SEQUENCE.TRIAL_IMAGE (BEGIN) 
236690.288 TRIAL_IMAGE BLOCK.RECORDING_SEQUENCE.TRIAL_IMAGE
237165.445 TIMER[2] BLOCK.RECORDING_SEQUENCE.TIMER[2]
237175.615 DISPLAY_SCREEN[1] BLOCK.RECORDING_SEQUENCE.DISPLAY_SCREEN[1] (BEGIN) 
237190.277 DISPLAY_SCREEN[1] BLOCK.RECORDING_SEQUENCE.DISPLAY_SCREEN[1]
239602.035 MOUSE_R BLOCK.RECORDING_SEQUENCE.MOUSE_R
239602.216 SET_BUTTON_PRESS2 BLOCK.RECORDING_SEQUENCE.SET_BUTTON_PRESS2
239602.396 ADD_TO_RESULTS_FILE[1] BLOCK.RECORDING_SEQUENCE.ADD_TO_RESULTS_FILE[1]
239602.459 SetValueAction 
239603.682 TRIAL_IMAGE BLOCK.RECORDING_SEQUENCE.TRIAL_IMAGE (BEGIN) 
239606.835 TRIAL_IMAGE BLOCK.RECORDING_SEQUENCE.TRIAL_IMAGE
240081.910 TIMER[2] BLOCK.RECORDING_SEQUENCE.TIMER[2]
240091.615 DISPLAY_SCREEN[1] BLOCK.RECORDING_SEQUENCE.DISPLAY_SCREEN[1] (BEGIN) 
240106.812 DISPLAY_SCREEN[1] BLOCK.RECORDING_SEQUENCE.DISPLAY_SCREEN[1]
240633.981 MOUSE_R BLOCK.RECORDING_SEQUENCE.MOUSE_R
240634.152 SET_BUTTON_PRESS2 BLOCK.RECORDING_SEQUENCE.SET_BUTTON_PRESS2
240634.337 ADD_TO_RESULTS_FILE[1] BLOCK.RECORDING_SEQUENCE.ADD_TO_RESULTS_FILE[1]
240634.399 SetValueAction 
240659.075 TRIAL_IMAGE BLOCK.RECORDING_SEQUENCE.TRIAL_IMAGE (BEGIN) 
240673.456 TRIAL_IMAGE BLOCK.RECORDING_SEQUENCE.TRIAL_IMAGE
241148.588 TIMER[2] BLOCK.RECORDING_SEQUENCE.TIMER[2]
241158.617 DISPLAY_SCREEN[1] BLOCK.RECORDING_SEQUENCE.DISPLAY_SCREEN[1] (BEGIN) 
241173.432 DISPLAY_SCREEN[1] BLOCK.RECORDING_SEQUENCE.DISPLAY_SCREEN[1]
241540.482 MOUSE_R BLOCK.RECORDING_SEQUENCE.MOUSE_R
241540.639 SET_BUTTON_PRESS2 BLOCK.RECORDING_SEQUENCE.SET_BUTTON_PRESS2
241540.818 ADD_TO_RESULTS_FILE[1] BLOCK.RECORDING_SEQUENCE.ADD_TO_RESULTS_FILE[1]
241540.880 SetValueAction 
241563.465 TRIAL_IMAGE BLOCK.RECORDING_SEQUENCE.TRIAL_IMAGE (BEGIN) 
241573.415 TRIAL_IMAGE BLOCK.RECORDING_SEQUENCE.TRIAL_IMAGE
242048.497 TIMER[2] BLOCK.RECORDING_SEQUENCE.TIMER[2]
242058.617 DISPLAY_SCREEN[1] BLOCK.RECORDING_SEQUENCE.DISPLAY_SCREEN[1] (BEGIN) 
242073.401 DISPLAY_SCREEN[1] BLOCK.RECORDING_SEQUENCE.DISPLAY_SCREEN[1]
242403.879 MOUSE_R BLOCK.RECORDING_SEQUENCE.MOUSE_R
242404.052 SET_BUTTON_PRESS2 BLOCK.RECORDING_SEQUENCE.SET_BUTTON_PRESS2
242404.246 ADD_TO_RESULTS_FILE[1] BLOCK.RECORDING_SEQUENCE.ADD_TO_RESULTS_FILE[1]
242404.311 SetValueAction 
242422.318 TRIAL_IMAGE BLOCK.RECORDING_SEQUENCE.TRIAL_IMAGE (BEGIN) 
242440.055 TRIAL_IMAGE BLOCK.RECORDING_SEQUENCE.TRIAL_IMAGE
242915.199 TIMER[2] BLOCK.RECORDING_SEQUENCE.TIMER[2]
242924.615 DISPLAY_SCREEN[1] BLOCK.RECORDING_SEQUENCE.DISPLAY_SCREEN[1] (BEGIN) 
242940.025 DISPLAY_SCREEN[1] BLOCK.RECORDING_SEQUENCE.DISPLAY_SCREEN[1]
243284.916 MOUSE_R BLOCK.RECORDING_SEQUENCE.MOUSE_R
243285.086 SET_BUTTON_PRESS2 BLOCK.RECORDING_SEQUENCE.SET_BUTTON_PRESS2
243285.277 ADD_TO_RESULTS_FILE[1] BLOCK.RECORDING_SEQUENCE.ADD_TO_RESULTS_FILE[1]
243285.341 SetValueAction 
243319.805 TRIAL_IMAGE BLOCK.RECORDING_SEQUENCE.TRIAL_IMAGE (BEGIN) 
243323.336 TRIAL_IMAGE BLOCK.RECORDING_SEQUENCE.TRIAL_IMAGE
243798.501 TIMER[2] BLOCK.RECORDING_SEQUENCE.TIMER[2]
243808.615 DISPLAY_SCREEN[1] BLOCK.RECORDING_SEQUENCE.DISPLAY_SCREEN[1] (BEGIN) 
243823.324 DISPLAY_SCREEN[1] BLOCK.RECORDING_SEQUENCE.DISPLAY_SCREEN[1]
244077.908 MOUSE_R BLOCK.RECORDING_SEQUENCE.MOUSE_R
244078.067 SET_BUTTON_PRESS2 BLOCK.RECORDING_SEQUENCE.SET_BUTTON_PRESS2
244078.248 ADD_TO_RESULTS_FILE[1] BLOCK.RECORDING_SEQUENCE.ADD_TO_RESULTS_FILE[1]
244078.311 SetValueAction 
244079.428 TRIAL_IMAGE BLOCK.RECORDING_SEQUENCE.TRIAL_IMAGE (BEGIN) 
244089.979 TRIAL_IMAGE BLOCK.RECORDING_SEQUENCE.TRIAL_IMAGE
244565.081 TIMER[2] BLOCK.RECORDING_SEQUENCE.TIMER[2]
244574.614 DISPLAY_SCREEN[1] BLOCK.RECORDING_SEQUENCE.DISPLAY_SCREEN[1] (BEGIN) 
244589.958 DISPLAY_SCREEN[1] BLOCK.RECORDING_SEQUENCE.DISPLAY_SCREEN[1]
245034.162 MOUSE_R BLOCK.RECORDING_SEQUENCE.MOUSE_R
245034.329 SET_BUTTON_PRESS2 BLOCK.RECORDING_SEQUENCE.SET_BUTTON_PRESS2
245034.514 ADD_TO_RESULTS_FILE[1] BLOCK.RECORDING_SEQUENCE.ADD_TO_RESULTS_FILE[1]
245034.578 SetValueAction 
245035.763 TRIAL_IMAGE BLOCK.RECORDING_SEQUENCE.TRIAL_IMAGE (BEGIN) 
245039.924 TRIAL_IMAGE BLOCK.RECORDING_SEQUENCE.TRIAL_IMAGE
245515.012 TIMER[2] BLOCK.RECORDING_SEQUENCE.TIMER[2]
245524.615 DISPLAY_SCREEN[1] BLOCK.RECORDING_SEQUENCE.DISPLAY_SCREEN[1] (BEGIN) 
245539.917 DISPLAY_SCREEN[1] BLOCK.RECORDING_SEQUENCE.DISPLAY_SCREEN[1]
245957.328 MOUSE_R BLOCK.RECORDING_SEQUENCE.MOUSE_R
245957.493 SET_BUTTON_PRESS2 BLOCK.RECORDING_SEQUENCE.SET_BUTTON_PRESS2
245957.676 ADD_TO_RESULTS_FILE[1] BLOCK.RECORDING_SEQUENCE.ADD_TO_RESULTS_FILE[1]
245957.739 SetValueAction 
245988.046 TRIAL_IMAGE BLOCK.RECORDING_SEQUENCE.TRIAL_IMAGE (BEGIN) 
246006.568 TRIAL_IMAGE BLOCK.RECORDING_SEQUENCE.TRIAL_IMAGE
246481.666 TIMER[2] BLOCK.RECORDING_SEQUENCE.TIMER[2]
246491.615 DISPLAY_SCREEN[1] BLOCK.RECORDING_SEQUENCE.DISPLAY_SCREEN[1] (BEGIN) 
246506.531 DISPLAY_SCREEN[1] BLOCK.RECORDING_SEQUENCE.DISPLAY_SCREEN[1]
246790.615 MOUSE_R BLOCK.RECORDING_SEQUENCE.MOUSE_R
246790.783 SET_BUTTON_PRESS2 BLOCK.RECORDING_SEQUENCE.SET_BUTTON_PRESS2
246790.971 ADD_TO_RESULTS_FILE[1] BLOCK.RECORDING_SEQUENCE.ADD_TO_RESULTS_FILE[1]
246791.034 SetValueAction 
246792.264 TRIAL_IMAGE BLOCK.RECORDING_SEQUENCE.TRIAL_IMAGE (BEGIN) 
246806.520 TRIAL_IMAGE BLOCK.RECORDING_SEQUENCE.TRIAL_IMAGE
247281.616 TIMER[2] BLOCK.RECORDING_SEQUENCE.TIMER[2]
247291.616 DISPLAY_SCREEN[1] BLOCK.RECORDING_SEQUENCE.DISPLAY_SCREEN[1] (BEGIN) 
247306.503 DISPLAY_SCREEN[1] BLOCK.RECORDING_SEQUENCE.DISPLAY_SCREEN[1]
249806.589 TIMER[1] BLOCK.RECORDING_SEQUENCE.TIMER[1]
249806.760 SET_BUTTON_PRESS BLOCK.RECORDING_SEQUENCE.SET_BUTTON_PRESS
249806.943 ADD_TO_RESULTS_FILE[1] BLOCK.RECORDING_SEQUENCE.ADD_TO_RESULTS_FILE[1]
249807.007 SetValueAction 
249816.627 TRIAL_IMAGE BLOCK.RECORDING_SEQUENCE.TRIAL_IMAGE (BEGIN) 
249823.064 TRIAL_IMAGE BLOCK.RECORDING_SEQUENCE.TRIAL_IMAGE
250298.171 TIMER[2] BLOCK.RECORDING_SEQUENCE.TIMER[2]
250308.615 DISPLAY_SCREEN[1] BLOCK.RECORDING_SEQUENCE.DISPLAY_SCREEN[1] (BEGIN) 
250323.042 DISPLAY_SCREEN[1] BLOCK.RECORDING_SEQUENCE.DISPLAY_SCREEN[1]
251327.223 MOUSE_R BLOCK.RECORDING_SEQUENCE.MOUSE_R
251327.404 SET_BUTTON_PRESS2 BLOCK.RECORDING_SEQUENCE.SET_BUTTON_PRESS2
251327.595 ADD_TO_RESULTS_FILE[1] BLOCK.RECORDING_SEQUENCE.ADD_TO_RESULTS_FILE[1]
251327.660 SetValueAction 
251344.542 TRIAL_IMAGE BLOCK.RECORDING_SEQUENCE.TRIAL_IMAGE (BEGIN) 
251356.330 TRIAL_IMAGE BLOCK.RECORDING_SEQUENCE.TRIAL_IMAGE
251831.440 TIMER[2] BLOCK.RECORDING_SEQUENCE.TIMER[2]
251841.615 DISPLAY_SCREEN[1] BLOCK.RECORDING_SEQUENCE.DISPLAY_SCREEN[1] (BEGIN) 
251856.309 DISPLAY_SCREEN[1] BLOCK.RECORDING_SEQUENCE.DISPLAY_SCREEN[1]
254356.338 TIMER[1] BLOCK.RECORDING_SEQUENCE.TIMER[1]
254356.518 SET_BUTTON_PRESS BLOCK.RECORDING_SEQUENCE.SET_BUTTON_PRESS
254356.697 ADD_TO_RESULTS_FILE[1] BLOCK.RECORDING_SEQUENCE.ADD_TO_RESULTS_FILE[1]
254356.760 SetValueAction 
254358.023 TRIAL_IMAGE BLOCK.RECORDING_SEQUENCE.TRIAL_IMAGE (BEGIN) 
254372.870 TRIAL_IMAGE BLOCK.RECORDING_SEQUENCE.TRIAL_IMAGE
254847.942 TIMER[2] BLOCK.RECORDING_SEQUENCE.TIMER[2]
254857.616 DISPLAY_SCREEN[1] BLOCK.RECORDING_SEQUENCE.DISPLAY_SCREEN[1] (BEGIN) 
254872.839 DISPLAY_SCREEN[1] BLOCK.RECORDING_SEQUENCE.DISPLAY_SCREEN[1]
257372.880 TIMER[1] BLOCK.RECORDING_SEQUENCE.TIMER[1]
257373.047 SET_BUTTON_PRESS BLOCK.RECORDING_SEQUENCE.SET_BUTTON_PRESS
257373.226 ADD_TO_RESULTS_FILE[1] BLOCK.RECORDING_SEQUENCE.ADD_TO_RESULTS_FILE[1]
257373.289 SetValueAction 
257374.545 TRIAL_IMAGE BLOCK.RECORDING_SEQUENCE.TRIAL_IMAGE (BEGIN) 
257389.421 TRIAL_IMAGE BLOCK.RECORDING_SEQUENCE.TRIAL_IMAGE
257864.517 TIMER[2] BLOCK.RECORDING_SEQUENCE.TIMER[2]
257874.615 DISPLAY_SCREEN[1] BLOCK.RECORDING_SEQUENCE.DISPLAY_SCREEN[1] (BEGIN) 
257889.380 DISPLAY_SCREEN[1] BLOCK.RECORDING_SEQUENCE.DISPLAY_SCREEN[1]
260389.469 TIMER[1] BLOCK.RECORDING_SEQUENCE.TIMER[1]
260389.653 SET_BUTTON_PRESS BLOCK.RECORDING_SEQUENCE.SET_BUTTON_PRESS
260389.837 ADD_TO_RESULTS_FILE[1] BLOCK.RECORDING_SEQUENCE.ADD_TO_RESULTS_FILE[1]
260389.900 SetValueAction 
260407.800 TRIAL_IMAGE BLOCK.RECORDING_SEQUENCE.TRIAL_IMAGE (BEGIN) 
260422.610 TRIAL_IMAGE BLOCK.RECORDING_SEQUENCE.TRIAL_IMAGE
260897.765 TIMER[2] BLOCK.RECORDING_SEQUENCE.TIMER[2]
260907.616 DISPLAY_SCREEN[1] BLOCK.RECORDING_SEQUENCE.DISPLAY_SCREEN[1] (BEGIN) 
260922.577 DISPLAY_SCREEN[1] BLOCK.RECORDING_SEQUENCE.DISPLAY_SCREEN[1]
263422.658 TIMER[1] BLOCK.RECORDING_SEQUENCE.TIMER[1]
263422.826 SET_BUTTON_PRESS BLOCK.RECORDING_SEQUENCE.SET_BUTTON_PRESS
263423.027 ADD_TO_RESULTS_FILE[1] BLOCK.RECORDING_SEQUENCE.ADD_TO_RESULTS_FILE[1]
263423.089 SetValueAction 
263450.728 TRIAL_IMAGE BLOCK.RECORDING_SEQUENCE.TRIAL_IMAGE (BEGIN) 
263455.802 TRIAL_IMAGE BLOCK.RECORDING_SEQUENCE.TRIAL_IMAGE
263930.895 TIMER[2] BLOCK.RECORDING_SEQUENCE.TIMER[2]
263940.623 DISPLAY_SCREEN[1] BLOCK.RECORDING_SEQUENCE.DISPLAY_SCREEN[1] (BEGIN) 
263955.791 DISPLAY_SCREEN[1] BLOCK.RECORDING_SEQUENCE.DISPLAY_SCREEN[1]
266455.827 TIMER[1] BLOCK.RECORDING_SEQUENCE.TIMER[1]
266455.993 SET_BUTTON_PRESS BLOCK.RECORDING_SEQUENCE.SET_BUTTON_PRESS
266456.181 ADD_TO_RESULTS_FILE[1] BLOCK.RECORDING_SEQUENCE.ADD_TO_RESULTS_FILE[1]
266456.243 SetValueAction 
266483.111 TRIAL_IMAGE BLOCK.RECORDING_SEQUENCE.TRIAL_IMAGE (BEGIN) 
266489.015 TRIAL_IMAGE BLOCK.RECORDING_SEQUENCE.TRIAL_IMAGE
266964.102 TIMER[2] BLOCK.RECORDING_SEQUENCE.TIMER[2]
266973.624 DISPLAY_SCREEN[1] BLOCK.RECORDING_SEQUENCE.DISPLAY_SCREEN[1] (BEGIN) 
266988.993 DISPLAY_SCREEN[1] BLOCK.RECORDING_SEQUENCE.DISPLAY_SCREEN[1]
269489.019 TIMER[1] BLOCK.RECORDING_SEQUENCE.TIMER[1]
269489.209 SET_BUTTON_PRESS BLOCK.RECORDING_SEQUENCE.SET_BUTTON_PRESS
269489.388 ADD_TO_RESULTS_FILE[1] BLOCK.RECORDING_SEQUENCE.ADD_TO_RESULTS_FILE[1]
269489.450 SetValueAction 
269490.659 TRIAL_IMAGE BLOCK.RECORDING_SEQUENCE.TRIAL_IMAGE (BEGIN) 
269505.550 TRIAL_IMAGE BLOCK.RECORDING_SEQUENCE.TRIAL_IMAGE
269980.665 TIMER[2] BLOCK.RECORDING_SEQUENCE.TIMER[2]
269990.615 DISPLAY_SCREEN[1] BLOCK.RECORDING_SEQUENCE.DISPLAY_SCREEN[1] (BEGIN) 
270005.531 DISPLAY_SCREEN[1] BLOCK.RECORDING_SEQUENCE.DISPLAY_SCREEN[1]
272505.534 TIMER[1] BLOCK.RECORDING_SEQUENCE.TIMER[1]
272505.705 SET_BUTTON_PRESS BLOCK.RECORDING_SEQUENCE.SET_BUTTON_PRESS
272505.889 ADD_TO_RESULTS_FILE[1] BLOCK.RECORDING_SEQUENCE.ADD_TO_RESULTS_FILE[1]
272505.953 SetValueAction 
272507.208 TRIAL_IMAGE BLOCK.RECORDING_SEQUENCE.TRIAL_IMAGE (BEGIN) 
272522.091 TRIAL_IMAGE BLOCK.RECORDING_SEQUENCE.TRIAL_IMAGE
272997.208 TIMER[2] BLOCK.RECORDING_SEQUENCE.TIMER[2]
273007.616 DISPLAY_SCREEN[1] BLOCK.RECORDING_SEQUENCE.DISPLAY_SCREEN[1] (BEGIN) 
273022.058 DISPLAY_SCREEN[1] BLOCK.RECORDING_SEQUENCE.DISPLAY_SCREEN[1]
275522.114 TIMER[1] BLOCK.RECORDING_SEQUENCE.TIMER[1]
275522.279 SET_BUTTON_PRESS BLOCK.RECORDING_SEQUENCE.SET_BUTTON_PRESS
275522.457 ADD_TO_RESULTS_FILE[1] BLOCK.RECORDING_SEQUENCE.ADD_TO_RESULTS_FILE[1]
275522.519 SetValueAction 
275534.085 TRIAL_IMAGE BLOCK.RECORDING_SEQUENCE.TRIAL_IMAGE (BEGIN) 
275538.612 TRIAL_IMAGE BLOCK.RECORDING_SEQUENCE.TRIAL_IMAGE
276013.775 TIMER[2] BLOCK.RECORDING_SEQUENCE.TIMER[2]
276023.618 DISPLAY_SCREEN[1] BLOCK.RECORDING_SEQUENCE.DISPLAY_SCREEN[1] (BEGIN) 
276038.594 DISPLAY_SCREEN[1] BLOCK.RECORDING_SEQUENCE.DISPLAY_SCREEN[1]
276845.501 MOUSE_R BLOCK.RECORDING_SEQUENCE.MOUSE_R
276845.670 SET_BUTTON_PRESS2 BLOCK.RECORDING_SEQUENCE.SET_BUTTON_PRESS2
276845.860 ADD_TO_RESULTS_FILE[1] BLOCK.RECORDING_SEQUENCE.ADD_TO_RESULTS_FILE[1]
276845.924 SetValueAction 
276847.144 TRIAL_IMAGE BLOCK.RECORDING_SEQUENCE.TRIAL_IMAGE (BEGIN) 
276855.231 TRIAL_IMAGE BLOCK.RECORDING_SEQUENCE.TRIAL_IMAGE
277330.409 TIMER[2] BLOCK.RECORDING_SEQUENCE.TIMER[2]
277340.616 DISPLAY_SCREEN[1] BLOCK.RECORDING_SEQUENCE.DISPLAY_SCREEN[1] (BEGIN) 
277355.207 DISPLAY_SCREEN[1] BLOCK.RECORDING_SEQUENCE.DISPLAY_SCREEN[1]
279855.271 TIMER[1] BLOCK.RECORDING_SEQUENCE.TIMER[1]
279855.437 SET_BUTTON_PRESS BLOCK.RECORDING_SEQUENCE.SET_BUTTON_PRESS
279855.616 ADD_TO_RESULTS_FILE[1] BLOCK.RECORDING_SEQUENCE.ADD_TO_RESULTS_FILE[1]
279855.678 SetValueAction 
279879.329 TRIAL_IMAGE BLOCK.RECORDING_SEQUENCE.TRIAL_IMAGE (BEGIN) 
279888.434 TRIAL_IMAGE BLOCK.RECORDING_SEQUENCE.TRIAL_IMAGE
280363.504 TIMER[2] BLOCK.RECORDING_SEQUENCE.TIMER[2]
280373.615 DISPLAY_SCREEN[1] BLOCK.RECORDING_SEQUENCE.DISPLAY_SCREEN[1] (BEGIN) 
280388.414 DISPLAY_SCREEN[1] BLOCK.RECORDING_SEQUENCE.DISPLAY_SCREEN[1]
280886.741 MOUSE_R BLOCK.RECORDING_SEQUENCE.MOUSE_R
280886.914 SET_BUTTON_PRESS2 BLOCK.RECORDING_SEQUENCE.SET_BUTTON_PRESS2
280887.102 ADD_TO_RESULTS_FILE[1] BLOCK.RECORDING_SEQUENCE.ADD_TO_RESULTS_FILE[1]
280887.167 SetValueAction 
280888.403 TRIAL_IMAGE BLOCK.RECORDING_SEQUENCE.TRIAL_IMAGE (BEGIN) 
280905.063 TRIAL_IMAGE BLOCK.RECORDING_SEQUENCE.TRIAL_IMAGE
281380.143 TIMER[2] BLOCK.RECORDING_SEQUENCE.TIMER[2]
281390.615 DISPLAY_SCREEN[1] BLOCK.RECORDING_SEQUENCE.DISPLAY_SCREEN[1] (BEGIN) 
281405.040 DISPLAY_SCREEN[1] BLOCK.RECORDING_SEQUENCE.DISPLAY_SCREEN[1]
283905.110 TIMER[1] BLOCK.RECORDING_SEQUENCE.TIMER[1]
283905.278 SET_BUTTON_PRESS BLOCK.RECORDING_SEQUENCE.SET_BUTTON_PRESS
283905.460 ADD_TO_RESULTS_FILE[1] BLOCK.RECORDING_SEQUENCE.ADD_TO_RESULTS_FILE[1]
283905.523 SetValueAction 
283906.810 TRIAL_IMAGE BLOCK.RECORDING_SEQUENCE.TRIAL_IMAGE (BEGIN) 
283921.597 TRIAL_IMAGE BLOCK.RECORDING_SEQUENCE.TRIAL_IMAGE
284396.699 TIMER[2] BLOCK.RECORDING_SEQUENCE.TIMER[2]
284406.615 DISPLAY_SCREEN[1] BLOCK.RECORDING_SEQUENCE.DISPLAY_SCREEN[1] (BEGIN) 
284421.576 DISPLAY_SCREEN[1] BLOCK.RECORDING_SEQUENCE.DISPLAY_SCREEN[1]
286921.614 TIMER[1] BLOCK.RECORDING_SEQUENCE.TIMER[1]
286921.782 SET_BUTTON_PRESS BLOCK.RECORDING_SEQUENCE.SET_BUTTON_PRESS
286921.966 ADD_TO_RESULTS_FILE[1] BLOCK.RECORDING_SEQUENCE.ADD_TO_RESULTS_FILE[1]
286922.030 SetValueAction 
286923.314 TRIAL_IMAGE BLOCK.RECORDING_SEQUENCE.TRIAL_IMAGE (BEGIN) 
286938.153 TRIAL_IMAGE BLOCK.RECORDING_SEQUENCE.TRIAL_IMAGE
287413.295 TIMER[2] BLOCK.RECORDING_SEQUENCE.TIMER[2]
287423.615 DISPLAY_SCREEN[1] BLOCK.RECORDING_SEQUENCE.DISPLAY_SCREEN[1] (BEGIN) 
287438.117 DISPLAY_SCREEN[1] BLOCK.RECORDING_SEQUENCE.DISPLAY_SCREEN[1]
289938.189 TIMER[1] BLOCK.RECORDING_SEQUENCE.TIMER[1]
289938.352 SET_BUTTON_PRESS BLOCK.RECORDING_SEQUENCE.SET_BUTTON_PRESS
289938.532 ADD_TO_RESULTS_FILE[1] BLOCK.RECORDING_SEQUENCE.ADD_TO_RESULTS_FILE[1]
289938.593 SetValueAction 
289947.963 TRIAL_IMAGE BLOCK.RECORDING_SEQUENCE.TRIAL_IMAGE (BEGIN) 
289954.668 TRIAL_IMAGE BLOCK.RECORDING_SEQUENCE.TRIAL_IMAGE
290429.787 TIMER[2] BLOCK.RECORDING_SEQUENCE.TIMER[2]
290439.615 DISPLAY_SCREEN[1] BLOCK.RECORDING_SEQUENCE.DISPLAY_SCREEN[1] (BEGIN) 
290454.650 DISPLAY_SCREEN[1] BLOCK.RECORDING_SEQUENCE.DISPLAY_SCREEN[1]
292954.745 TIMER[1] BLOCK.RECORDING_SEQUENCE.TIMER[1]
292954.913 SET_BUTTON_PRESS BLOCK.RECORDING_SEQUENCE.SET_BUTTON_PRESS
292955.093 ADD_TO_RESULTS_FILE[1] BLOCK.RECORDING_SEQUENCE.ADD_TO_RESULTS_FILE[1]
292955.157 SetValueAction 
292964.526 TRIAL_IMAGE BLOCK.RECORDING_SEQUENCE.TRIAL_IMAGE (BEGIN) 
292971.200 TRIAL_IMAGE BLOCK.RECORDING_SEQUENCE.TRIAL_IMAGE
293446.349 TIMER[2] BLOCK.RECORDING_SEQUENCE.TIMER[2]
293456.615 DISPLAY_SCREEN[1] BLOCK.RECORDING_SEQUENCE.DISPLAY_SCREEN[1] (BEGIN) 
293471.190 DISPLAY_SCREEN[1] BLOCK.RECORDING_SEQUENCE.DISPLAY_SCREEN[1]
295971.269 TIMER[1] BLOCK.RECORDING_SEQUENCE.TIMER[1]
295971.438 SET_BUTTON_PRESS BLOCK.RECORDING_SEQUENCE.SET_BUTTON_PRESS
295971.619 ADD_TO_RESULTS_FILE[1] BLOCK.RECORDING_SEQUENCE.ADD_TO_RESULTS_FILE[1]
295971.685 SetValueAction 
295972.953 TRIAL_IMAGE BLOCK.RECORDING_SEQUENCE.TRIAL_IMAGE (BEGIN) 
295987.741 TRIAL_IMAGE BLOCK.RECORDING_SEQUENCE.TRIAL_IMAGE
296462.840 TIMER[2] BLOCK.RECORDING_SEQUENCE.TIMER[2]
296472.615 DISPLAY_SCREEN[1] BLOCK.RECORDING_SEQUENCE.DISPLAY_SCREEN[1] (BEGIN) 
296487.723 DISPLAY_SCREEN[1] BLOCK.RECORDING_SEQUENCE.DISPLAY_SCREEN[1]
297259.905 MOUSE_R BLOCK.RECORDING_SEQUENCE.MOUSE_R
297260.082 SET_BUTTON_PRESS2 BLOCK.RECORDING_SEQUENCE.SET_BUTTON_PRESS2
297260.274 ADD_TO_RESULTS_FILE[1] BLOCK.RECORDING_SEQUENCE.ADD_TO_RESULTS_FILE[1]
297260.339 SetValueAction 
297272.622 TRIAL_IMAGE BLOCK.RECORDING_SEQUENCE.TRIAL_IMAGE (BEGIN) 
297287.678 TRIAL_IMAGE BLOCK.RECORDING_SEQUENCE.TRIAL_IMAGE
297762.799 TIMER[2] BLOCK.RECORDING_SEQUENCE.TIMER[2]
297772.618 DISPLAY_SCREEN[1] BLOCK.RECORDING_SEQUENCE.DISPLAY_SCREEN[1] (BEGIN) 
297787.670 DISPLAY_SCREEN[1] BLOCK.RECORDING_SEQUENCE.DISPLAY_SCREEN[1]
298085.462 MOUSE_R BLOCK.RECORDING_SEQUENCE.MOUSE_R
298085.627 SET_BUTTON_PRESS2 BLOCK.RECORDING_SEQUENCE.SET_BUTTON_PRESS2
298085.807 ADD_TO_RESULTS_FILE[1] BLOCK.RECORDING_SEQUENCE.ADD_TO_RESULTS_FILE[1]
298085.867 SetValueAction 
298089.618 TRIAL_IMAGE BLOCK.RECORDING_SEQUENCE.TRIAL_IMAGE (BEGIN) 
298104.320 TRIAL_IMAGE BLOCK.RECORDING_SEQUENCE.TRIAL_IMAGE
298579.386 TIMER[2] BLOCK.RECORDING_SEQUENCE.TIMER[2]
298589.615 DISPLAY_SCREEN[1] BLOCK.RECORDING_SEQUENCE.DISPLAY_SCREEN[1] (BEGIN) 
298604.291 DISPLAY_SCREEN[1] BLOCK.RECORDING_SEQUENCE.DISPLAY_SCREEN[1]
298700.714 MOUSE_R BLOCK.RECORDING_SEQUENCE.MOUSE_R
298700.875 SET_BUTTON_PRESS2 BLOCK.RECORDING_SEQUENCE.SET_BUTTON_PRESS2
298701.057 ADD_TO_RESULTS_FILE[1] BLOCK.RECORDING_SEQUENCE.ADD_TO_RESULTS_FILE[1]
298701.117 SetValueAction 
298702.230 TRIAL_IMAGE BLOCK.RECORDING_SEQUENCE.TRIAL_IMAGE (BEGIN) 
298704.288 TRIAL_IMAGE BLOCK.RECORDING_SEQUENCE.TRIAL_IMAGE
299179.435 TIMER[2] BLOCK.RECORDING_SEQUENCE.TIMER[2]
299189.615 DISPLAY_SCREEN[1] BLOCK.RECORDING_SEQUENCE.DISPLAY_SCREEN[1] (BEGIN) 
299204.268 DISPLAY_SCREEN[1] BLOCK.RECORDING_SEQUENCE.DISPLAY_SCREEN[1]
299388.427 MOUSE_R BLOCK.RECORDING_SEQUENCE.MOUSE_R
299388.591 SET_BUTTON_PRESS2 BLOCK.RECORDING_SEQUENCE.SET_BUTTON_PRESS2
299388.774 ADD_TO_RESULTS_FILE[1] BLOCK.RECORDING_SEQUENCE.ADD_TO_RESULTS_FILE[1]
299388.836 SetValueAction 
299398.151 TRIAL_IMAGE BLOCK.RECORDING_SEQUENCE.TRIAL_IMAGE (BEGIN) 
299404.264 TRIAL_IMAGE BLOCK.RECORDING_SEQUENCE.TRIAL_IMAGE
299879.403 TIMER[2] BLOCK.RECORDING_SEQUENCE.TIMER[2]
299889.617 DISPLAY_SCREEN[1] BLOCK.RECORDING_SEQUENCE.DISPLAY_SCREEN[1] (BEGIN) 
299904.237 DISPLAY_SCREEN[1] BLOCK.RECORDING_SEQUENCE.DISPLAY_SCREEN[1]
299990.557 MOUSE_R BLOCK.RECORDING_SEQUENCE.MOUSE_R
299990.713 SET_BUTTON_PRESS2 BLOCK.RECORDING_SEQUENCE.SET_BUTTON_PRESS2
299990.889 ADD_TO_RESULTS_FILE[1] BLOCK.RECORDING_SEQUENCE.ADD_TO_RESULTS_FILE[1]
299990.950 SetValueAction 
299992.137 TRIAL_IMAGE BLOCK.RECORDING_SEQUENCE.TRIAL_IMAGE (BEGIN) 
300004.228 TRIAL_IMAGE BLOCK.RECORDING_SEQUENCE.TRIAL_IMAGE
300479.310 TIMER[2] BLOCK.RECORDING_SEQUENCE.TIMER[2]
300489.615 DISPLAY_SCREEN[1] BLOCK.RECORDING_SEQUENCE.DISPLAY_SCREEN[1] (BEGIN) 
300504.220 DISPLAY_SCREEN[1] BLOCK.RECORDING_SEQUENCE.DISPLAY_SCREEN[1]
300933.711 MOUSE_R BLOCK.RECORDING_SEQUENCE.MOUSE_R
300933.882 SET_BUTTON_PRESS2 BLOCK.RECORDING_SEQUENCE.SET_BUTTON_PRESS2
300934.065 ADD_TO_RESULTS_FILE[1] BLOCK.RECORDING_SEQUENCE.ADD_TO_RESULTS_FILE[1]
300934.129 SetValueAction 
300954.330 TRIAL_IMAGE BLOCK.RECORDING_SEQUENCE.TRIAL_IMAGE (BEGIN) 
300970.861 TRIAL_IMAGE BLOCK.RECORDING_SEQUENCE.TRIAL_IMAGE
301445.966 TIMER[2] BLOCK.RECORDING_SEQUENCE.TIMER[2]
301455.616 DISPLAY_SCREEN[1] BLOCK.RECORDING_SEQUENCE.DISPLAY_SCREEN[1] (BEGIN) 
301470.842 DISPLAY_SCREEN[1] BLOCK.RECORDING_SEQUENCE.DISPLAY_SCREEN[1]
301887.540 MOUSE_R BLOCK.RECORDING_SEQUENCE.MOUSE_R
301887.709 SET_BUTTON_PRESS2 BLOCK.RECORDING_SEQUENCE.SET_BUTTON_PRESS2
301887.893 ADD_TO_RESULTS_FILE[1] BLOCK.RECORDING_SEQUENCE.ADD_TO_RESULTS_FILE[1]
301887.956 SetValueAction 
301889.180 TRIAL_IMAGE BLOCK.RECORDING_SEQUENCE.TRIAL_IMAGE (BEGIN) 
301904.160 TRIAL_IMAGE BLOCK.RECORDING_SEQUENCE.TRIAL_IMAGE
302379.239 TIMER[2] BLOCK.RECORDING_SEQUENCE.TIMER[2]
302389.615 DISPLAY_SCREEN[1] BLOCK.RECORDING_SEQUENCE.DISPLAY_SCREEN[1] (BEGIN) 
302404.132 DISPLAY_SCREEN[1] BLOCK.RECORDING_SEQUENCE.DISPLAY_SCREEN[1]
302683.845 MOUSE_R BLOCK.RECORDING_SEQUENCE.MOUSE_R
302684.005 SET_BUTTON_PRESS2 BLOCK.RECORDING_SEQUENCE.SET_BUTTON_PRESS2
302684.185 ADD_TO_RESULTS_FILE[1] BLOCK.RECORDING_SEQUENCE.ADD_TO_RESULTS_FILE[1]
302684.244 SetValueAction 
302685.420 TRIAL_IMAGE BLOCK.RECORDING_SEQUENCE.TRIAL_IMAGE (BEGIN) 
302704.114 TRIAL_IMAGE BLOCK.RECORDING_SEQUENCE.TRIAL_IMAGE
303179.290 TIMER[2] BLOCK.RECORDING_SEQUENCE.TIMER[2]
303189.615 DISPLAY_SCREEN[1] BLOCK.RECORDING_SEQUENCE.DISPLAY_SCREEN[1] (BEGIN) 
303204.101 DISPLAY_SCREEN[1] BLOCK.RECORDING_SEQUENCE.DISPLAY_SCREEN[1]
303491.733 MOUSE_R BLOCK.RECORDING_SEQUENCE.MOUSE_R
303491.892 SET_BUTTON_PRESS2 BLOCK.RECORDING_SEQUENCE.SET_BUTTON_PRESS2
303492.073 ADD_TO_RESULTS_FILE[1] BLOCK.RECORDING_SEQUENCE.ADD_TO_RESULTS_FILE[1]
303492.132 SetValueAction 
303493.251 TRIAL_IMAGE BLOCK.RECORDING_SEQUENCE.TRIAL_IMAGE (BEGIN) 
303504.084 TRIAL_IMAGE BLOCK.RECORDING_SEQUENCE.TRIAL_IMAGE
303979.230 TIMER[2] BLOCK.RECORDING_SEQUENCE.TIMER[2]
303989.616 DISPLAY_SCREEN[1] BLOCK.RECORDING_SEQUENCE.DISPLAY_SCREEN[1] (BEGIN) 
304004.057 DISPLAY_SCREEN[1] BLOCK.RECORDING_SEQUENCE.DISPLAY_SCREEN[1]
304281.408 MOUSE_R BLOCK.RECORDING_SEQUENCE.MOUSE_R
304281.571 SET_BUTTON_PRESS2 BLOCK.RECORDING_SEQUENCE.SET_BUTTON_PRESS2
304281.754 ADD_TO_RESULTS_FILE[1] BLOCK.RECORDING_SEQUENCE.ADD_TO_RESULTS_FILE[1]
304281.816 SetValueAction 
304283.032 TRIAL_IMAGE BLOCK.RECORDING_SEQUENCE.TRIAL_IMAGE (BEGIN) 
304287.385 TRIAL_IMAGE BLOCK.RECORDING_SEQUENCE.TRIAL_IMAGE
304762.526 TIMER[2] BLOCK.RECORDING_SEQUENCE.TIMER[2]
304772.616 DISPLAY_SCREEN[1] BLOCK.RECORDING_SEQUENCE.DISPLAY_SCREEN[1] (BEGIN) 
304787.369 DISPLAY_SCREEN[1] BLOCK.RECORDING_SEQUENCE.DISPLAY_SCREEN[1]
305030.049 MOUSE_R BLOCK.RECORDING_SEQUENCE.MOUSE_R
305030.206 SET_BUTTON_PRESS2 BLOCK.RECORDING_SEQUENCE.SET_BUTTON_PRESS2
305030.384 ADD_TO_RESULTS_FILE[1] BLOCK.RECORDING_SEQUENCE.ADD_TO_RESULTS_FILE[1]
305030.457 SetValueAction 
305055.781 TRIAL_IMAGE BLOCK.RECORDING_SEQUENCE.TRIAL_IMAGE (BEGIN) 
305070.681 TRIAL_IMAGE BLOCK.RECORDING_SEQUENCE.TRIAL_IMAGE
305545.762 TIMER[2] BLOCK.RECORDING_SEQUENCE.TIMER[2]
305555.616 DISPLAY_SCREEN[1] BLOCK.RECORDING_SEQUENCE.DISPLAY_SCREEN[1] (BEGIN) 
305570.666 DISPLAY_SCREEN[1] BLOCK.RECORDING_SEQUENCE.DISPLAY_SCREEN[1]
305799.250 MOUSE_R BLOCK.RECORDING_SEQUENCE.MOUSE_R
305799.416 SET_BUTTON_PRESS2 BLOCK.RECORDING_SEQUENCE.SET_BUTTON_PRESS2
305799.622 ADD_TO_RESULTS_FILE[1] BLOCK.RECORDING_SEQUENCE.ADD_TO_RESULTS_FILE[1]
305799.686 SetValueAction 
305800.896 TRIAL_IMAGE BLOCK.RECORDING_SEQUENCE.TRIAL_IMAGE (BEGIN) 
305803.988 TRIAL_IMAGE BLOCK.RECORDING_SEQUENCE.TRIAL_IMAGE
306279.108 TIMER[2] BLOCK.RECORDING_SEQUENCE.TIMER[2]
306288.617 DISPLAY_SCREEN[1] BLOCK.RECORDING_SEQUENCE.DISPLAY_SCREEN[1] (BEGIN) 
306303.964 DISPLAY_SCREEN[1] BLOCK.RECORDING_SEQUENCE.DISPLAY_SCREEN[1]
306536.439 MOUSE_R BLOCK.RECORDING_SEQUENCE.MOUSE_R
306536.615 SET_BUTTON_PRESS2 BLOCK.RECORDING_SEQUENCE.SET_BUTTON_PRESS2
306536.805 ADD_TO_RESULTS_FILE[1] BLOCK.RECORDING_SEQUENCE.ADD_TO_RESULTS_FILE[1]
306536.869 SetValueAction 
306538.059 TRIAL_IMAGE BLOCK.RECORDING_SEQUENCE.TRIAL_IMAGE (BEGIN) 
306553.960 TRIAL_IMAGE BLOCK.RECORDING_SEQUENCE.TRIAL_IMAGE
307029.057 TIMER[2] BLOCK.RECORDING_SEQUENCE.TIMER[2]
307038.616 DISPLAY_SCREEN[1] BLOCK.RECORDING_SEQUENCE.DISPLAY_SCREEN[1] (BEGIN) 
307053.933 DISPLAY_SCREEN[1] BLOCK.RECORDING_SEQUENCE.DISPLAY_SCREEN[1]
307260.718 MOUSE_R BLOCK.RECORDING_SEQUENCE.MOUSE_R
307260.895 SET_BUTTON_PRESS2 BLOCK.RECORDING_SEQUENCE.SET_BUTTON_PRESS2
307261.085 ADD_TO_RESULTS_FILE[1] BLOCK.RECORDING_SEQUENCE.ADD_TO_RESULTS_FILE[1]
307261.151 SetValueAction 
307308.664 TRIAL_IMAGE BLOCK.RECORDING_SEQUENCE.TRIAL_IMAGE (BEGIN) 
307320.608 TRIAL_IMAGE BLOCK.RECORDING_SEQUENCE.TRIAL_IMAGE
307795.730 TIMER[2] BLOCK.RECORDING_SEQUENCE.TIMER[2]
307805.618 DISPLAY_SCREEN[1] BLOCK.RECORDING_SEQUENCE.DISPLAY_SCREEN[1] (BEGIN) 
307820.567 DISPLAY_SCREEN[1] BLOCK.RECORDING_SEQUENCE.DISPLAY_SCREEN[1]
308008.290 MOUSE_R BLOCK.RECORDING_SEQUENCE.MOUSE_R
308008.447 SET_BUTTON_PRESS2 BLOCK.RECORDING_SEQUENCE.SET_BUTTON_PRESS2
308008.640 ADD_TO_RESULTS_FILE[1] BLOCK.RECORDING_SEQUENCE.ADD_TO_RESULTS_FILE[1]
308008.700 SetValueAction 
308009.865 TRIAL_IMAGE BLOCK.RECORDING_SEQUENCE.TRIAL_IMAGE (BEGIN) 
308020.563 TRIAL_IMAGE BLOCK.RECORDING_SEQUENCE.TRIAL_IMAGE
308495.707 TIMER[2] BLOCK.RECORDING_SEQUENCE.TIMER[2]
308505.614 DISPLAY_SCREEN[1] BLOCK.RECORDING_SEQUENCE.DISPLAY_SCREEN[1] (BEGIN) 
308520.537 DISPLAY_SCREEN[1] BLOCK.RECORDING_SEQUENCE.DISPLAY_SCREEN[1]
308722.380 MOUSE_R BLOCK.RECORDING_SEQUENCE.MOUSE_R
308722.542 SET_BUTTON_PRESS2 BLOCK.RECORDING_SEQUENCE.SET_BUTTON_PRESS2
308722.725 ADD_TO_RESULTS_FILE[1] BLOCK.RECORDING_SEQUENCE.ADD_TO_RESULTS_FILE[1]
308722.783 SetValueAction 
308732.429 TRIAL_IMAGE BLOCK.RECORDING_SEQUENCE.TRIAL_IMAGE (BEGIN) 
308737.204 TRIAL_IMAGE BLOCK.RECORDING_SEQUENCE.TRIAL_IMAGE
309212.291 TIMER[2] BLOCK.RECORDING_SEQUENCE.TIMER[2]
309222.616 DISPLAY_SCREEN[1] BLOCK.RECORDING_SEQUENCE.DISPLAY_SCREEN[1] (BEGIN) 
309237.176 DISPLAY_SCREEN[1] BLOCK.RECORDING_SEQUENCE.DISPLAY_SCREEN[1]
309469.315 MOUSE_R BLOCK.RECORDING_SEQUENCE.MOUSE_R
309469.478 SET_BUTTON_PRESS2 BLOCK.RECORDING_SEQUENCE.SET_BUTTON_PRESS2
309469.665 ADD_TO_RESULTS_FILE[1] BLOCK.RECORDING_SEQUENCE.ADD_TO_RESULTS_FILE[1]
309469.728 SetValueAction 
309470.949 TRIAL_IMAGE BLOCK.RECORDING_SEQUENCE.TRIAL_IMAGE (BEGIN) 
309487.157 TRIAL_IMAGE BLOCK.RECORDING_SEQUENCE.TRIAL_IMAGE
309962.305 TIMER[2] BLOCK.RECORDING_SEQUENCE.TIMER[2]
309972.615 DISPLAY_SCREEN[1] BLOCK.RECORDING_SEQUENCE.DISPLAY_SCREEN[1] (BEGIN) 
309987.144 DISPLAY_SCREEN[1] BLOCK.RECORDING_SEQUENCE.DISPLAY_SCREEN[1]
310158.584 MOUSE_R BLOCK.RECORDING_SEQUENCE.MOUSE_R
310158.742 SET_BUTTON_PRESS2 BLOCK.RECORDING_SEQUENCE.SET_BUTTON_PRESS2
310158.921 ADD_TO_RESULTS_FILE[1] BLOCK.RECORDING_SEQUENCE.ADD_TO_RESULTS_FILE[1]
310158.978 SetValueAction 
310160.119 TRIAL_IMAGE BLOCK.RECORDING_SEQUENCE.TRIAL_IMAGE (BEGIN) 
310170.462 TRIAL_IMAGE BLOCK.RECORDING_SEQUENCE.TRIAL_IMAGE
310645.542 TIMER[2] BLOCK.RECORDING_SEQUENCE.TIMER[2]
310655.615 DISPLAY_SCREEN[1] BLOCK.RECORDING_SEQUENCE.DISPLAY_SCREEN[1] (BEGIN) 
310670.442 DISPLAY_SCREEN[1] BLOCK.RECORDING_SEQUENCE.DISPLAY_SCREEN[1]
310871.383 MOUSE_R BLOCK.RECORDING_SEQUENCE.MOUSE_R
310871.555 SET_BUTTON_PRESS2 BLOCK.RECORDING_SEQUENCE.SET_BUTTON_PRESS2
310871.753 ADD_TO_RESULTS_FILE[1] BLOCK.RECORDING_SEQUENCE.ADD_TO_RESULTS_FILE[1]
310871.817 SetValueAction 
310873.044 TRIAL_IMAGE BLOCK.RECORDING_SEQUENCE.TRIAL_IMAGE (BEGIN) 
310887.104 TRIAL_IMAGE BLOCK.RECORDING_SEQUENCE.TRIAL_IMAGE
311362.179 TIMER[2] BLOCK.RECORDING_SEQUENCE.TIMER[2]
311372.615 DISPLAY_SCREEN[1] BLOCK.RECORDING_SEQUENCE.DISPLAY_SCREEN[1] (BEGIN) 
311387.087 DISPLAY_SCREEN[1] BLOCK.RECORDING_SEQUENCE.DISPLAY_SCREEN[1]
311602.768 MOUSE_R BLOCK.RECORDING_SEQUENCE.MOUSE_R
311602.926 SET_BUTTON_PRESS2 BLOCK.RECORDING_SEQUENCE.SET_BUTTON_PRESS2
311603.103 ADD_TO_RESULTS_FILE[1] BLOCK.RECORDING_SEQUENCE.ADD_TO_RESULTS_FILE[1]
311603.161 SetValueAction 
311612.512 TRIAL_IMAGE BLOCK.RECORDING_SEQUENCE.TRIAL_IMAGE (BEGIN) 
311620.405 TRIAL_IMAGE BLOCK.RECORDING_SEQUENCE.TRIAL_IMAGE
312095.564 TIMER[2] BLOCK.RECORDING_SEQUENCE.TIMER[2]
312105.615 DISPLAY_SCREEN[1] BLOCK.RECORDING_SEQUENCE.DISPLAY_SCREEN[1] (BEGIN) 
312120.383 DISPLAY_SCREEN[1] BLOCK.RECORDING_SEQUENCE.DISPLAY_SCREEN[1]
312294.511 MOUSE_R BLOCK.RECORDING_SEQUENCE.MOUSE_R
312294.692 SET_BUTTON_PRESS2 BLOCK.RECORDING_SEQUENCE.SET_BUTTON_PRESS2
312294.884 ADD_TO_RESULTS_FILE[1] BLOCK.RECORDING_SEQUENCE.ADD_TO_RESULTS_FILE[1]
312294.949 SetValueAction 
312304.538 TRIAL_IMAGE BLOCK.RECORDING_SEQUENCE.TRIAL_IMAGE (BEGIN) 
312320.372 TRIAL_IMAGE BLOCK.RECORDING_SEQUENCE.TRIAL_IMAGE
312795.508 TIMER[2] BLOCK.RECORDING_SEQUENCE.TIMER[2]
312805.629 DISPLAY_SCREEN[1] BLOCK.RECORDING_SEQUENCE.DISPLAY_SCREEN[1] (BEGIN) 
312820.352 DISPLAY_SCREEN[1] BLOCK.RECORDING_SEQUENCE.DISPLAY_SCREEN[1]
312966.204 MOUSE_R BLOCK.RECORDING_SEQUENCE.MOUSE_R
312966.372 SET_BUTTON_PRESS2 BLOCK.RECORDING_SEQUENCE.SET_BUTTON_PRESS2
312966.557 ADD_TO_RESULTS_FILE[1] BLOCK.RECORDING_SEQUENCE.ADD_TO_RESULTS_FILE[1]
312966.621 SetValueAction 
312967.843 TRIAL_IMAGE BLOCK.RECORDING_SEQUENCE.TRIAL_IMAGE (BEGIN) 
312970.344 TRIAL_IMAGE BLOCK.RECORDING_SEQUENCE.TRIAL_IMAGE
313445.432 TIMER[2] BLOCK.RECORDING_SEQUENCE.TIMER[2]
313455.615 DISPLAY_SCREEN[1] BLOCK.RECORDING_SEQUENCE.DISPLAY_SCREEN[1] (BEGIN) 
313470.326 DISPLAY_SCREEN[1] BLOCK.RECORDING_SEQUENCE.DISPLAY_SCREEN[1]
313694.624 MOUSE_R BLOCK.RECORDING_SEQUENCE.MOUSE_R
313694.783 SET_BUTTON_PRESS2 BLOCK.RECORDING_SEQUENCE.SET_BUTTON_PRESS2
313694.964 ADD_TO_RESULTS_FILE[1] BLOCK.RECORDING_SEQUENCE.ADD_TO_RESULTS_FILE[1]
313695.021 SetValueAction 
313696.190 TRIAL_IMAGE BLOCK.RECORDING_SEQUENCE.TRIAL_IMAGE (BEGIN) 
313703.642 TRIAL_IMAGE BLOCK.RECORDING_SEQUENCE.TRIAL_IMAGE
314178.806 TIMER[2] BLOCK.RECORDING_SEQUENCE.TIMER[2]
314188.623 DISPLAY_SCREEN[1] BLOCK.RECORDING_SEQUENCE.DISPLAY_SCREEN[1] (BEGIN) 
314203.625 DISPLAY_SCREEN[1] BLOCK.RECORDING_SEQUENCE.DISPLAY_SCREEN[1]
314397.306 MOUSE_R BLOCK.RECORDING_SEQUENCE.MOUSE_R
314397.461 SET_BUTTON_PRESS2 BLOCK.RECORDING_SEQUENCE.SET_BUTTON_PRESS2
314397.649 ADD_TO_RESULTS_FILE[1] BLOCK.RECORDING_SEQUENCE.ADD_TO_RESULTS_FILE[1]
314397.708 SetValueAction 
314425.559 TRIAL_IMAGE BLOCK.RECORDING_SEQUENCE.TRIAL_IMAGE (BEGIN) 
314436.946 TRIAL_IMAGE BLOCK.RECORDING_SEQUENCE.TRIAL_IMAGE
314912.032 TIMER[2] BLOCK.RECORDING_SEQUENCE.TIMER[2]
314921.617 DISPLAY_SCREEN[1] BLOCK.RECORDING_SEQUENCE.DISPLAY_SCREEN[1] (BEGIN) 
314936.923 DISPLAY_SCREEN[1] BLOCK.RECORDING_SEQUENCE.DISPLAY_SCREEN[1]
315125.144 MOUSE_R BLOCK.RECORDING_SEQUENCE.MOUSE_R
315125.309 SET_BUTTON_PRESS2 BLOCK.RECORDING_SEQUENCE.SET_BUTTON_PRESS2
315125.496 ADD_TO_RESULTS_FILE[1] BLOCK.RECORDING_SEQUENCE.ADD_TO_RESULTS_FILE[1]
315125.561 SetValueAction 
315126.779 TRIAL_IMAGE BLOCK.RECORDING_SEQUENCE.TRIAL_IMAGE (BEGIN) 
315136.912 TRIAL_IMAGE BLOCK.RECORDING_SEQUENCE.TRIAL_IMAGE
315612.090 TIMER[2] BLOCK.RECORDING_SEQUENCE.TIMER[2]
315621.614 DISPLAY_SCREEN[1] BLOCK.RECORDING_SEQUENCE.DISPLAY_SCREEN[1] (BEGIN) 
315636.892 DISPLAY_SCREEN[1] BLOCK.RECORDING_SEQUENCE.DISPLAY_SCREEN[1]
315817.755 MOUSE_R BLOCK.RECORDING_SEQUENCE.MOUSE_R
315817.920 SET_BUTTON_PRESS2 BLOCK.RECORDING_SEQUENCE.SET_BUTTON_PRESS2
315818.104 ADD_TO_RESULTS_FILE[1] BLOCK.RECORDING_SEQUENCE.ADD_TO_RESULTS_FILE[1]
315818.165 SetValueAction 
315821.617 TRIAL_IMAGE BLOCK.RECORDING_SEQUENCE.TRIAL_IMAGE (BEGIN) 
315836.880 TRIAL_IMAGE BLOCK.RECORDING_SEQUENCE.TRIAL_IMAGE
316312.111 TIMER[2] BLOCK.RECORDING_SEQUENCE.TIMER[2]
316321.614 DISPLAY_SCREEN[1] BLOCK.RECORDING_SEQUENCE.DISPLAY_SCREEN[1] (BEGIN) 
316336.871 DISPLAY_SCREEN[1] BLOCK.RECORDING_SEQUENCE.DISPLAY_SCREEN[1]
316503.081 MOUSE_R BLOCK.RECORDING_SEQUENCE.MOUSE_R
316503.237 SET_BUTTON_PRESS2 BLOCK.RECORDING_SEQUENCE.SET_BUTTON_PRESS2
316503.414 ADD_TO_RESULTS_FILE[1] BLOCK.RECORDING_SEQUENCE.ADD_TO_RESULTS_FILE[1]
316503.470 SetValueAction 
316504.564 TRIAL_IMAGE BLOCK.RECORDING_SEQUENCE.TRIAL_IMAGE (BEGIN) 
316520.183 TRIAL_IMAGE BLOCK.RECORDING_SEQUENCE.TRIAL_IMAGE
316995.303 TIMER[2] BLOCK.RECORDING_SEQUENCE.TIMER[2]
317005.615 DISPLAY_SCREEN[1] BLOCK.RECORDING_SEQUENCE.DISPLAY_SCREEN[1] (BEGIN) 
317020.176 DISPLAY_SCREEN[1] BLOCK.RECORDING_SEQUENCE.DISPLAY_SCREEN[1]
317196.056 MOUSE_R BLOCK.RECORDING_SEQUENCE.MOUSE_R
317196.218 SET_BUTTON_PRESS2 BLOCK.RECORDING_SEQUENCE.SET_BUTTON_PRESS2
317196.401 ADD_TO_RESULTS_FILE[1] BLOCK.RECORDING_SEQUENCE.ADD_TO_RESULTS_FILE[1]
317196.463 SetValueAction 
317222.561 TRIAL_IMAGE BLOCK.RECORDING_SEQUENCE.TRIAL_IMAGE (BEGIN) 
317236.828 TRIAL_IMAGE BLOCK.RECORDING_SEQUENCE.TRIAL_IMAGE
317711.892 TIMER[2] BLOCK.RECORDING_SEQUENCE.TIMER[2]
317721.615 DISPLAY_SCREEN[1] BLOCK.RECORDING_SEQUENCE.DISPLAY_SCREEN[1] (BEGIN) 
317736.807 DISPLAY_SCREEN[1] BLOCK.RECORDING_SEQUENCE.DISPLAY_SCREEN[1]
317920.985 MOUSE_R BLOCK.RECORDING_SEQUENCE.MOUSE_R
317921.142 SET_BUTTON_PRESS2 BLOCK.RECORDING_SEQUENCE.SET_BUTTON_PRESS2
317921.321 ADD_TO_RESULTS_FILE[1] BLOCK.RECORDING_SEQUENCE.ADD_TO_RESULTS_FILE[1]
317921.390 SetValueAction 
317922.609 TRIAL_IMAGE BLOCK.RECORDING_SEQUENCE.TRIAL_IMAGE (BEGIN) 
317936.803 TRIAL_IMAGE BLOCK.RECORDING_SEQUENCE.TRIAL_IMAGE
318411.977 TIMER[2] BLOCK.RECORDING_SEQUENCE.TIMER[2]
318421.615 DISPLAY_SCREEN[1] BLOCK.RECORDING_SEQUENCE.DISPLAY_SCREEN[1] (BEGIN) 
318436.782 DISPLAY_SCREEN[1] BLOCK.RECORDING_SEQUENCE.DISPLAY_SCREEN[1]
318604.932 MOUSE_R BLOCK.RECORDING_SEQUENCE.MOUSE_R
318605.089 SET_BUTTON_PRESS2 BLOCK.RECORDING_SEQUENCE.SET_BUTTON_PRESS2
318605.267 ADD_TO_RESULTS_FILE[1] BLOCK.RECORDING_SEQUENCE.ADD_TO_RESULTS_FILE[1]
318605.324 SetValueAction 
318606.409 TRIAL_IMAGE BLOCK.RECORDING_SEQUENCE.TRIAL_IMAGE (BEGIN) 
318620.102 TRIAL_IMAGE BLOCK.RECORDING_SEQUENCE.TRIAL_IMAGE
319095.175 TIMER[2] BLOCK.RECORDING_SEQUENCE.TIMER[2]
319105.616 DISPLAY_SCREEN[1] BLOCK.RECORDING_SEQUENCE.DISPLAY_SCREEN[1] (BEGIN) 
319120.087 DISPLAY_SCREEN[1] BLOCK.RECORDING_SEQUENCE.DISPLAY_SCREEN[1]
319310.431 MOUSE_R BLOCK.RECORDING_SEQUENCE.MOUSE_R
319310.599 SET_BUTTON_PRESS2 BLOCK.RECORDING_SEQUENCE.SET_BUTTON_PRESS2
319310.779 ADD_TO_RESULTS_FILE[1] BLOCK.RECORDING_SEQUENCE.ADD_TO_RESULTS_FILE[1]
319310.840 SetValueAction 
319340.058 TRIAL_IMAGE BLOCK.RECORDING_SEQUENCE.TRIAL_IMAGE (BEGIN) 
319353.403 TRIAL_IMAGE BLOCK.RECORDING_SEQUENCE.TRIAL_IMAGE
319828.516 TIMER[2] BLOCK.RECORDING_SEQUENCE.TIMER[2]
319838.616 DISPLAY_SCREEN[1] BLOCK.RECORDING_SEQUENCE.DISPLAY_SCREEN[1] (BEGIN) 
319853.384 DISPLAY_SCREEN[1] BLOCK.RECORDING_SEQUENCE.DISPLAY_SCREEN[1]
320048.892 MOUSE_R BLOCK.RECORDING_SEQUENCE.MOUSE_R
320049.056 SET_BUTTON_PRESS2 BLOCK.RECORDING_SEQUENCE.SET_BUTTON_PRESS2
320049.242 ADD_TO_RESULTS_FILE[1] BLOCK.RECORDING_SEQUENCE.ADD_TO_RESULTS_FILE[1]
320049.306 SetValueAction 
320050.440 TRIAL_IMAGE BLOCK.RECORDING_SEQUENCE.TRIAL_IMAGE (BEGIN) 
320053.372 TRIAL_IMAGE BLOCK.RECORDING_SEQUENCE.TRIAL_IMAGE
320528.495 TIMER[2] BLOCK.RECORDING_SEQUENCE.TIMER[2]
320538.615 DISPLAY_SCREEN[1] BLOCK.RECORDING_SEQUENCE.DISPLAY_SCREEN[1] (BEGIN) 
320553.354 DISPLAY_SCREEN[1] BLOCK.RECORDING_SEQUENCE.DISPLAY_SCREEN[1]
320782.640 MOUSE_R BLOCK.RECORDING_SEQUENCE.MOUSE_R
320782.830 SET_BUTTON_PRESS2 BLOCK.RECORDING_SEQUENCE.SET_BUTTON_PRESS2
320783.017 ADD_TO_RESULTS_FILE[1] BLOCK.RECORDING_SEQUENCE.ADD_TO_RESULTS_FILE[1]
320783.081 SetValueAction 
320784.239 TRIAL_IMAGE BLOCK.RECORDING_SEQUENCE.TRIAL_IMAGE (BEGIN) 
320786.666 TRIAL_IMAGE BLOCK.RECORDING_SEQUENCE.TRIAL_IMAGE
321261.808 TIMER[2] BLOCK.RECORDING_SEQUENCE.TIMER[2]
321271.616 DISPLAY_SCREEN[1] BLOCK.RECORDING_SEQUENCE.DISPLAY_SCREEN[1] (BEGIN) 
321286.652 DISPLAY_SCREEN[1] BLOCK.RECORDING_SEQUENCE.DISPLAY_SCREEN[1]
321506.322 MOUSE_R BLOCK.RECORDING_SEQUENCE.MOUSE_R
321506.484 SET_BUTTON_PRESS2 BLOCK.RECORDING_SEQUENCE.SET_BUTTON_PRESS2
321506.658 ADD_TO_RESULTS_FILE[1] BLOCK.RECORDING_SEQUENCE.ADD_TO_RESULTS_FILE[1]
321506.713 SetValueAction 
321507.898 TRIAL_IMAGE BLOCK.RECORDING_SEQUENCE.TRIAL_IMAGE (BEGIN) 
321519.973 TRIAL_IMAGE BLOCK.RECORDING_SEQUENCE.TRIAL_IMAGE
321995.138 TIMER[2] BLOCK.RECORDING_SEQUENCE.TIMER[2]
322004.615 DISPLAY_SCREEN[1] BLOCK.RECORDING_SEQUENCE.DISPLAY_SCREEN[1] (BEGIN) 
322019.961 DISPLAY_SCREEN[1] BLOCK.RECORDING_SEQUENCE.DISPLAY_SCREEN[1]
322231.510 MOUSE_R BLOCK.RECORDING_SEQUENCE.MOUSE_R
322231.674 SET_BUTTON_PRESS2 BLOCK.RECORDING_SEQUENCE.SET_BUTTON_PRESS2
322231.894 ADD_TO_RESULTS_FILE[1] BLOCK.RECORDING_SEQUENCE.ADD_TO_RESULTS_FILE[1]
322231.952 SetValueAction 
322233.133 TRIAL_IMAGE BLOCK.RECORDING_SEQUENCE.TRIAL_IMAGE (BEGIN) 
322236.613 TRIAL_IMAGE BLOCK.RECORDING_SEQUENCE.TRIAL_IMAGE
322711.715 TIMER[2] BLOCK.RECORDING_SEQUENCE.TIMER[2]
322721.617 DISPLAY_SCREEN[1] BLOCK.RECORDING_SEQUENCE.DISPLAY_SCREEN[1] (BEGIN) 
322736.605 DISPLAY_SCREEN[1] BLOCK.RECORDING_SEQUENCE.DISPLAY_SCREEN[1]
322964.646 MOUSE_R BLOCK.RECORDING_SEQUENCE.MOUSE_R
322964.812 SET_BUTTON_PRESS2 BLOCK.RECORDING_SEQUENCE.SET_BUTTON_PRESS2
322964.999 ADD_TO_RESULTS_FILE[1] BLOCK.RECORDING_SEQUENCE.ADD_TO_RESULTS_FILE[1]
322965.061 SetValueAction 
322966.263 TRIAL_IMAGE BLOCK.RECORDING_SEQUENCE.TRIAL_IMAGE (BEGIN) 
322969.923 TRIAL_IMAGE BLOCK.RECORDING_SEQUENCE.TRIAL_IMAGE
323445.007 TIMER[2] BLOCK.RECORDING_SEQUENCE.TIMER[2]
323454.614 DISPLAY_SCREEN[1] BLOCK.RECORDING_SEQUENCE.DISPLAY_SCREEN[1] (BEGIN) 
323469.900 DISPLAY_SCREEN[1] BLOCK.RECORDING_SEQUENCE.DISPLAY_SCREEN[1]
323696.078 MOUSE_R BLOCK.RECORDING_SEQUENCE.MOUSE_R
323696.239 SET_BUTTON_PRESS2 BLOCK.RECORDING_SEQUENCE.SET_BUTTON_PRESS2
323696.424 ADD_TO_RESULTS_FILE[1] BLOCK.RECORDING_SEQUENCE.ADD_TO_RESULTS_FILE[1]
323696.483 SetValueAction 
323714.996 TRIAL_IMAGE BLOCK.RECORDING_SEQUENCE.TRIAL_IMAGE (BEGIN) 
323719.877 TRIAL_IMAGE BLOCK.RECORDING_SEQUENCE.TRIAL_IMAGE
324195.048 TIMER[2] BLOCK.RECORDING_SEQUENCE.TIMER[2]
324204.617 DISPLAY_SCREEN[1] BLOCK.RECORDING_SEQUENCE.DISPLAY_SCREEN[1] (BEGIN) 
324219.859 DISPLAY_SCREEN[1] BLOCK.RECORDING_SEQUENCE.DISPLAY_SCREEN[1]
324465.542 MOUSE_R BLOCK.RECORDING_SEQUENCE.MOUSE_R
324465.697 SET_BUTTON_PRESS2 BLOCK.RECORDING_SEQUENCE.SET_BUTTON_PRESS2
324465.889 ADD_TO_RESULTS_FILE[1] BLOCK.RECORDING_SEQUENCE.ADD_TO_RESULTS_FILE[1]
324465.957 SetValueAction 
324467.144 TRIAL_IMAGE BLOCK.RECORDING_SEQUENCE.TRIAL_IMAGE (BEGIN) 
324469.839 TRIAL_IMAGE BLOCK.RECORDING_SEQUENCE.TRIAL_IMAGE
324944.916 TIMER[2] BLOCK.RECORDING_SEQUENCE.TIMER[2]
324954.615 DISPLAY_SCREEN[1] BLOCK.RECORDING_SEQUENCE.DISPLAY_SCREEN[1] (BEGIN) 
324969.827 DISPLAY_SCREEN[1] BLOCK.RECORDING_SEQUENCE.DISPLAY_SCREEN[1]
325190.663 MOUSE_R BLOCK.RECORDING_SEQUENCE.MOUSE_R
325190.826 SET_BUTTON_PRESS2 BLOCK.RECORDING_SEQUENCE.SET_BUTTON_PRESS2
325191.009 ADD_TO_RESULTS_FILE[1] BLOCK.RECORDING_SEQUENCE.ADD_TO_RESULTS_FILE[1]
325191.068 SetValueAction 
325217.647 TRIAL_IMAGE BLOCK.RECORDING_SEQUENCE.TRIAL_IMAGE (BEGIN) 
325219.818 TRIAL_IMAGE BLOCK.RECORDING_SEQUENCE.TRIAL_IMAGE
325694.916 TIMER[2] BLOCK.RECORDING_SEQUENCE.TIMER[2]
325704.615 DISPLAY_SCREEN[1] BLOCK.RECORDING_SEQUENCE.DISPLAY_SCREEN[1] (BEGIN) 
325719.800 DISPLAY_SCREEN[1] BLOCK.RECORDING_SEQUENCE.DISPLAY_SCREEN[1]
325936.457 MOUSE_R BLOCK.RECORDING_SEQUENCE.MOUSE_R
325936.621 SET_BUTTON_PRESS2 BLOCK.RECORDING_SEQUENCE.SET_BUTTON_PRESS2
325936.799 ADD_TO_RESULTS_FILE[1] BLOCK.RECORDING_SEQUENCE.ADD_TO_RESULTS_FILE[1]
325936.869 SetValueAction 
325946.438 TRIAL_IMAGE BLOCK.RECORDING_SEQUENCE.TRIAL_IMAGE (BEGIN) 
325953.114 TRIAL_IMAGE BLOCK.RECORDING_SEQUENCE.TRIAL_IMAGE
326428.242 TIMER[2] BLOCK.RECORDING_SEQUENCE.TIMER[2]
326438.616 DISPLAY_SCREEN[1] BLOCK.RECORDING_SEQUENCE.DISPLAY_SCREEN[1] (BEGIN) 
326453.102 DISPLAY_SCREEN[1] BLOCK.RECORDING_SEQUENCE.DISPLAY_SCREEN[1]
326656.475 MOUSE_R BLOCK.RECORDING_SEQUENCE.MOUSE_R
326656.633 SET_BUTTON_PRESS2 BLOCK.RECORDING_SEQUENCE.SET_BUTTON_PRESS2
326656.814 ADD_TO_RESULTS_FILE[1] BLOCK.RECORDING_SEQUENCE.ADD_TO_RESULTS_FILE[1]
326656.883 SetValueAction 
326658.032 TRIAL_IMAGE BLOCK.RECORDING_SEQUENCE.TRIAL_IMAGE (BEGIN) 
326669.752 TRIAL_IMAGE BLOCK.RECORDING_SEQUENCE.TRIAL_IMAGE
327144.929 TIMER[2] BLOCK.RECORDING_SEQUENCE.TIMER[2]
327154.615 DISPLAY_SCREEN[1] BLOCK.RECORDING_SEQUENCE.DISPLAY_SCREEN[1] (BEGIN) 
327169.739 DISPLAY_SCREEN[1] BLOCK.RECORDING_SEQUENCE.DISPLAY_SCREEN[1]
327381.853 MOUSE_R BLOCK.RECORDING_SEQUENCE.MOUSE_R
327382.046 SET_BUTTON_PRESS2 BLOCK.RECORDING_SEQUENCE.SET_BUTTON_PRESS2
327382.224 ADD_TO_RESULTS_FILE[1] BLOCK.RECORDING_SEQUENCE.ADD_TO_RESULTS_FILE[1]
327382.285 SetValueAction 
327383.456 TRIAL_IMAGE BLOCK.RECORDING_SEQUENCE.TRIAL_IMAGE (BEGIN) 
327386.387 TRIAL_IMAGE BLOCK.RECORDING_SEQUENCE.TRIAL_IMAGE
327861.510 TIMER[2] BLOCK.RECORDING_SEQUENCE.TIMER[2]
327871.614 DISPLAY_SCREEN[1] BLOCK.RECORDING_SEQUENCE.DISPLAY_SCREEN[1] (BEGIN) 
327886.367 DISPLAY_SCREEN[1] BLOCK.RECORDING_SEQUENCE.DISPLAY_SCREEN[1]
328090.356 MOUSE_R BLOCK.RECORDING_SEQUENCE.MOUSE_R
328090.517 SET_BUTTON_PRESS2 BLOCK.RECORDING_SEQUENCE.SET_BUTTON_PRESS2
328090.700 ADD_TO_RESULTS_FILE[1] BLOCK.RECORDING_SEQUENCE.ADD_TO_RESULTS_FILE[1]
328090.757 SetValueAction 
328091.863 TRIAL_IMAGE BLOCK.RECORDING_SEQUENCE.TRIAL_IMAGE (BEGIN) 
328103.023 TRIAL_IMAGE BLOCK.RECORDING_SEQUENCE.TRIAL_IMAGE
328578.198 TIMER[2] BLOCK.RECORDING_SEQUENCE.TIMER[2]
328587.614 DISPLAY_SCREEN[1] BLOCK.RECORDING_SEQUENCE.DISPLAY_SCREEN[1] (BEGIN) 
328603.005 DISPLAY_SCREEN[1] BLOCK.RECORDING_SEQUENCE.DISPLAY_SCREEN[1]
328785.334 MOUSE_R BLOCK.RECORDING_SEQUENCE.MOUSE_R
328785.495 SET_BUTTON_PRESS2 BLOCK.RECORDING_SEQUENCE.SET_BUTTON_PRESS2
328785.685 ADD_TO_RESULTS_FILE[1] BLOCK.RECORDING_SEQUENCE.ADD_TO_RESULTS_FILE[1]
328785.748 SetValueAction 
328786.938 TRIAL_IMAGE BLOCK.RECORDING_SEQUENCE.TRIAL_IMAGE (BEGIN) 
328803.001 TRIAL_IMAGE BLOCK.RECORDING_SEQUENCE.TRIAL_IMAGE
329278.148 TIMER[2] BLOCK.RECORDING_SEQUENCE.TIMER[2]
329287.616 DISPLAY_SCREEN[1] BLOCK.RECORDING_SEQUENCE.DISPLAY_SCREEN[1] (BEGIN) 
329302.984 DISPLAY_SCREEN[1] BLOCK.RECORDING_SEQUENCE.DISPLAY_SCREEN[1]
329531.182 MOUSE_R BLOCK.RECORDING_SEQUENCE.MOUSE_R
329531.361 SET_BUTTON_PRESS2 BLOCK.RECORDING_SEQUENCE.SET_BUTTON_PRESS2
329531.546 ADD_TO_RESULTS_FILE[1] BLOCK.RECORDING_SEQUENCE.ADD_TO_RESULTS_FILE[1]
329531.607 SetValueAction 
329541.338 TRIAL_IMAGE BLOCK.RECORDING_SEQUENCE.TRIAL_IMAGE (BEGIN) 
329552.973 TRIAL_IMAGE BLOCK.RECORDING_SEQUENCE.TRIAL_IMAGE
330028.039 TIMER[2] BLOCK.RECORDING_SEQUENCE.TIMER[2]
330037.615 DISPLAY_SCREEN[1] BLOCK.RECORDING_SEQUENCE.DISPLAY_SCREEN[1] (BEGIN) 
330052.946 DISPLAY_SCREEN[1] BLOCK.RECORDING_SEQUENCE.DISPLAY_SCREEN[1]
330258.909 MOUSE_R BLOCK.RECORDING_SEQUENCE.MOUSE_R
330259.080 SET_BUTTON_PRESS2 BLOCK.RECORDING_SEQUENCE.SET_BUTTON_PRESS2
330259.268 ADD_TO_RESULTS_FILE[1] BLOCK.RECORDING_SEQUENCE.ADD_TO_RESULTS_FILE[1]
330259.332 SetValueAction 
330260.514 TRIAL_IMAGE BLOCK.RECORDING_SEQUENCE.TRIAL_IMAGE (BEGIN) 
330269.594 TRIAL_IMAGE BLOCK.RECORDING_SEQUENCE.TRIAL_IMAGE
330744.684 TIMER[2] BLOCK.RECORDING_SEQUENCE.TIMER[2]
330754.616 DISPLAY_SCREEN[1] BLOCK.RECORDING_SEQUENCE.DISPLAY_SCREEN[1] (BEGIN) 
330769.588 DISPLAY_SCREEN[1] BLOCK.RECORDING_SEQUENCE.DISPLAY_SCREEN[1]
330960.813 MOUSE_R BLOCK.RECORDING_SEQUENCE.MOUSE_R
330960.993 SET_BUTTON_PRESS2 BLOCK.RECORDING_SEQUENCE.SET_BUTTON_PRESS2
330961.184 ADD_TO_RESULTS_FILE[1] BLOCK.RECORDING_SEQUENCE.ADD_TO_RESULTS_FILE[1]
330961.249 SetValueAction 
330962.531 TRIAL_IMAGE BLOCK.RECORDING_SEQUENCE.TRIAL_IMAGE (BEGIN) 
330969.564 TRIAL_IMAGE BLOCK.RECORDING_SEQUENCE.TRIAL_IMAGE
331444.625 TIMER[2] BLOCK.RECORDING_SEQUENCE.TIMER[2]
331454.618 DISPLAY_SCREEN[1] BLOCK.RECORDING_SEQUENCE.DISPLAY_SCREEN[1] (BEGIN) 
331469.550 DISPLAY_SCREEN[1] BLOCK.RECORDING_SEQUENCE.DISPLAY_SCREEN[1]
331689.967 MOUSE_R BLOCK.RECORDING_SEQUENCE.MOUSE_R
331690.157 SET_BUTTON_PRESS2 BLOCK.RECORDING_SEQUENCE.SET_BUTTON_PRESS2
331690.345 ADD_TO_RESULTS_FILE[1] BLOCK.RECORDING_SEQUENCE.ADD_TO_RESULTS_FILE[1]
331690.409 SetValueAction 
331691.650 TRIAL_IMAGE BLOCK.RECORDING_SEQUENCE.TRIAL_IMAGE (BEGIN) 
331702.866 TRIAL_IMAGE BLOCK.RECORDING_SEQUENCE.TRIAL_IMAGE
332178.058 TIMER[2] BLOCK.RECORDING_SEQUENCE.TIMER[2]
332187.615 DISPLAY_SCREEN[1] BLOCK.RECORDING_SEQUENCE.DISPLAY_SCREEN[1] (BEGIN) 
332202.856 DISPLAY_SCREEN[1] BLOCK.RECORDING_SEQUENCE.DISPLAY_SCREEN[1]
332385.303 MOUSE_R BLOCK.RECORDING_SEQUENCE.MOUSE_R
332385.461 SET_BUTTON_PRESS2 BLOCK.RECORDING_SEQUENCE.SET_BUTTON_PRESS2
332385.645 ADD_TO_RESULTS_FILE[1] BLOCK.RECORDING_SEQUENCE.ADD_TO_RESULTS_FILE[1]
332385.707 SetValueAction 
332386.927 TRIAL_IMAGE BLOCK.RECORDING_SEQUENCE.TRIAL_IMAGE (BEGIN) 
332402.841 TRIAL_IMAGE BLOCK.RECORDING_SEQUENCE.TRIAL_IMAGE
332877.967 TIMER[2] BLOCK.RECORDING_SEQUENCE.TIMER[2]
332887.615 DISPLAY_SCREEN[1] BLOCK.RECORDING_SEQUENCE.DISPLAY_SCREEN[1] (BEGIN) 
332902.815 DISPLAY_SCREEN[1] BLOCK.RECORDING_SEQUENCE.DISPLAY_SCREEN[1]
333162.217 MOUSE_R BLOCK.RECORDING_SEQUENCE.MOUSE_R
333162.381 SET_BUTTON_PRESS2 BLOCK.RECORDING_SEQUENCE.SET_BUTTON_PRESS2
333162.567 ADD_TO_RESULTS_FILE[1] BLOCK.RECORDING_SEQUENCE.ADD_TO_RESULTS_FILE[1]
333162.628 SetValueAction 
333189.870 TRIAL_IMAGE BLOCK.RECORDING_SEQUENCE.TRIAL_IMAGE (BEGIN) 
333202.799 TRIAL_IMAGE BLOCK.RECORDING_SEQUENCE.TRIAL_IMAGE
333677.964 TIMER[2] BLOCK.RECORDING_SEQUENCE.TIMER[2]
333687.615 DISPLAY_SCREEN[1] BLOCK.RECORDING_SEQUENCE.DISPLAY_SCREEN[1] (BEGIN) 
333702.783 DISPLAY_SCREEN[1] BLOCK.RECORDING_SEQUENCE.DISPLAY_SCREEN[1]
333859.120 MOUSE_R BLOCK.RECORDING_SEQUENCE.MOUSE_R
333859.301 SET_BUTTON_PRESS2 BLOCK.RECORDING_SEQUENCE.SET_BUTTON_PRESS2
333859.492 ADD_TO_RESULTS_FILE[1] BLOCK.RECORDING_SEQUENCE.ADD_TO_RESULTS_FILE[1]
333859.558 SetValueAction 
333880.756 TRIAL_IMAGE BLOCK.RECORDING_SEQUENCE.TRIAL_IMAGE (BEGIN) 
333886.111 TRIAL_IMAGE BLOCK.RECORDING_SEQUENCE.TRIAL_IMAGE
334361.259 TIMER[2] BLOCK.RECORDING_SEQUENCE.TIMER[2]
334371.614 DISPLAY_SCREEN[1] BLOCK.RECORDING_SEQUENCE.DISPLAY_SCREEN[1] (BEGIN) 
334386.094 DISPLAY_SCREEN[1] BLOCK.RECORDING_SEQUENCE.DISPLAY_SCREEN[1]
334548.326 MOUSE_R BLOCK.RECORDING_SEQUENCE.MOUSE_R
334548.496 SET_BUTTON_PRESS2 BLOCK.RECORDING_SEQUENCE.SET_BUTTON_PRESS2
334548.683 ADD_TO_RESULTS_FILE[1] BLOCK.RECORDING_SEQUENCE.ADD_TO_RESULTS_FILE[1]
334554.026 DISPLAY_SCREEN BLOCK.DISPLAY_SCREEN (BEGIN) 
334569.417 DISPLAY_SCREEN BLOCK.DISPLAY_SCREEN
334691.963 MOUSE BLOCK.MOUSE
334716.572 GOODBYE_SCREEN GOODBYE_SCREEN (BEGIN) 
334719.411 GOODBYE_SCREEN GOODBYE_SCREEN
393576.375 MOUSE[1] MOUSE[1]
el_logger: Quit logger.
******** END OF THE LOG FILE ********
