4414.770 ********************************************************
4414.839 ** Session beginning Tuesday February 11, 2020 12:01:52 AM **
4414.849 ** ExperimentBuilder Project : 23255_P65 **
4414.856 ** ExperimentBuilder Version : 2.1.140 **
4414.862 ** ExperimentBuilder Build   : Nov 10 2017 **
4414.869 ********************************************************
5054.440 WELCOME_SCREEN WELCOME_SCREEN (BEGIN) 
5060.402 WELCOME_SCREEN WELCOME_SCREEN
101398.454 MOUSE MOUSE
101902.261 PREPARE_SEQUENCE BLOCK.PREPARE_SEQUENCE
101902.487 SetValueAction 
101922.041 TRIAL_IMAGE BLOCK.RECORDING_SEQUENCE.TRIAL_IMAGE (BEGIN) 
101935.049 TRIAL_IMAGE BLOCK.RECORDING_SEQUENCE.TRIAL_IMAGE
102410.095 TIMER[2] BLOCK.RECORDING_SEQUENCE.TIMER[2]
102420.614 DISPLAY_SCREEN[1] BLOCK.RECORDING_SEQUENCE.DISPLAY_SCREEN[1] (BEGIN) 
102435.175 DISPLAY_SCREEN[1] BLOCK.RECORDING_SEQUENCE.DISPLAY_SCREEN[1]
104935.226 TIMER[1] BLOCK.RECORDING_SEQUENCE.TIMER[1]
104935.362 SET_BUTTON_PRESS BLOCK.RECORDING_SEQUENCE.SET_BUTTON_PRESS
104935.504 ADD_TO_RESULTS_FILE[1] BLOCK.RECORDING_SEQUENCE.ADD_TO_RESULTS_FILE[1]
104935.575 SetValueAction 
104989.247 TRIAL_IMAGE BLOCK.RECORDING_SEQUENCE.TRIAL_IMAGE (BEGIN) 
105002.512 TRIAL_IMAGE BLOCK.RECORDING_SEQUENCE.TRIAL_IMAGE
105477.548 TIMER[2] BLOCK.RECORDING_SEQUENCE.TIMER[2]
105487.612 DISPLAY_SCREEN[1] BLOCK.RECORDING_SEQUENCE.DISPLAY_SCREEN[1] (BEGIN) 
105502.616 DISPLAY_SCREEN[1] BLOCK.RECORDING_SEQUENCE.DISPLAY_SCREEN[1]
108002.686 TIMER[1] BLOCK.RECORDING_SEQUENCE.TIMER[1]
108002.821 SET_BUTTON_PRESS BLOCK.RECORDING_SEQUENCE.SET_BUTTON_PRESS
108002.962 ADD_TO_RESULTS_FILE[1] BLOCK.RECORDING_SEQUENCE.ADD_TO_RESULTS_FILE[1]
108003.014 SetValueAction 
108019.618 TRIAL_IMAGE BLOCK.RECORDING_SEQUENCE.TRIAL_IMAGE (BEGIN) 
108036.595 TRIAL_IMAGE BLOCK.RECORDING_SEQUENCE.TRIAL_IMAGE
108511.661 TIMER[2] BLOCK.RECORDING_SEQUENCE.TIMER[2]
108521.614 DISPLAY_SCREEN[1] BLOCK.RECORDING_SEQUENCE.DISPLAY_SCREEN[1] (BEGIN) 
108536.723 DISPLAY_SCREEN[1] BLOCK.RECORDING_SEQUENCE.DISPLAY_SCREEN[1]
111036.777 TIMER[1] BLOCK.RECORDING_SEQUENCE.TIMER[1]
111036.914 SET_BUTTON_PRESS BLOCK.RECORDING_SEQUENCE.SET_BUTTON_PRESS
111037.055 ADD_TO_RESULTS_FILE[1] BLOCK.RECORDING_SEQUENCE.ADD_TO_RESULTS_FILE[1]
111037.106 SetValueAction 
111064.313 TRIAL_IMAGE BLOCK.RECORDING_SEQUENCE.TRIAL_IMAGE (BEGIN) 
111070.691 TRIAL_IMAGE BLOCK.RECORDING_SEQUENCE.TRIAL_IMAGE
111545.818 TIMER[2] BLOCK.RECORDING_SEQUENCE.TIMER[2]
111555.612 DISPLAY_SCREEN[1] BLOCK.RECORDING_SEQUENCE.DISPLAY_SCREEN[1] (BEGIN) 
111570.839 DISPLAY_SCREEN[1] BLOCK.RECORDING_SEQUENCE.DISPLAY_SCREEN[1]
114070.848 TIMER[1] BLOCK.RECORDING_SEQUENCE.TIMER[1]
114070.984 SET_BUTTON_PRESS BLOCK.RECORDING_SEQUENCE.SET_BUTTON_PRESS
114071.125 ADD_TO_RESULTS_FILE[1] BLOCK.RECORDING_SEQUENCE.ADD_TO_RESULTS_FILE[1]
114071.178 SetValueAction 
114097.464 TRIAL_IMAGE BLOCK.RECORDING_SEQUENCE.TRIAL_IMAGE (BEGIN) 
114104.811 TRIAL_IMAGE BLOCK.RECORDING_SEQUENCE.TRIAL_IMAGE
114579.881 TIMER[2] BLOCK.RECORDING_SEQUENCE.TIMER[2]
114589.612 DISPLAY_SCREEN[1] BLOCK.RECORDING_SEQUENCE.DISPLAY_SCREEN[1] (BEGIN) 
114604.941 DISPLAY_SCREEN[1] BLOCK.RECORDING_SEQUENCE.DISPLAY_SCREEN[1]
117104.960 TIMER[1] BLOCK.RECORDING_SEQUENCE.TIMER[1]
117105.098 SET_BUTTON_PRESS BLOCK.RECORDING_SEQUENCE.SET_BUTTON_PRESS
117105.240 ADD_TO_RESULTS_FILE[1] BLOCK.RECORDING_SEQUENCE.ADD_TO_RESULTS_FILE[1]
117105.292 SetValueAction 
117130.073 TRIAL_IMAGE BLOCK.RECORDING_SEQUENCE.TRIAL_IMAGE (BEGIN) 
117138.919 TRIAL_IMAGE BLOCK.RECORDING_SEQUENCE.TRIAL_IMAGE
117614.007 TIMER[2] BLOCK.RECORDING_SEQUENCE.TIMER[2]
117624.613 DISPLAY_SCREEN[1] BLOCK.RECORDING_SEQUENCE.DISPLAY_SCREEN[1] (BEGIN) 
117639.040 DISPLAY_SCREEN[1] BLOCK.RECORDING_SEQUENCE.DISPLAY_SCREEN[1]
120139.105 TIMER[1] BLOCK.RECORDING_SEQUENCE.TIMER[1]
120139.241 SET_BUTTON_PRESS BLOCK.RECORDING_SEQUENCE.SET_BUTTON_PRESS
120139.383 ADD_TO_RESULTS_FILE[1] BLOCK.RECORDING_SEQUENCE.ADD_TO_RESULTS_FILE[1]
120139.435 SetValueAction 
120157.593 TRIAL_IMAGE BLOCK.RECORDING_SEQUENCE.TRIAL_IMAGE (BEGIN) 
120173.029 TRIAL_IMAGE BLOCK.RECORDING_SEQUENCE.TRIAL_IMAGE
120648.156 TIMER[2] BLOCK.RECORDING_SEQUENCE.TIMER[2]
120658.613 DISPLAY_SCREEN[1] BLOCK.RECORDING_SEQUENCE.DISPLAY_SCREEN[1] (BEGIN) 
120673.142 DISPLAY_SCREEN[1] BLOCK.RECORDING_SEQUENCE.DISPLAY_SCREEN[1]
123173.170 TIMER[1] BLOCK.RECORDING_SEQUENCE.TIMER[1]
123173.307 SET_BUTTON_PRESS BLOCK.RECORDING_SEQUENCE.SET_BUTTON_PRESS
123173.450 ADD_TO_RESULTS_FILE[1] BLOCK.RECORDING_SEQUENCE.ADD_TO_RESULTS_FILE[1]
123173.532 SetValueAction 
123191.310 TRIAL_IMAGE BLOCK.RECORDING_SEQUENCE.TRIAL_IMAGE (BEGIN) 
123207.126 TRIAL_IMAGE BLOCK.RECORDING_SEQUENCE.TRIAL_IMAGE
123682.221 TIMER[2] BLOCK.RECORDING_SEQUENCE.TIMER[2]
123692.613 DISPLAY_SCREEN[1] BLOCK.RECORDING_SEQUENCE.DISPLAY_SCREEN[1] (BEGIN) 
123707.247 DISPLAY_SCREEN[1] BLOCK.RECORDING_SEQUENCE.DISPLAY_SCREEN[1]
126207.288 TIMER[1] BLOCK.RECORDING_SEQUENCE.TIMER[1]
126207.425 SET_BUTTON_PRESS BLOCK.RECORDING_SEQUENCE.SET_BUTTON_PRESS
126207.605 ADD_TO_RESULTS_FILE[1] BLOCK.RECORDING_SEQUENCE.ADD_TO_RESULTS_FILE[1]
126207.657 SetValueAction 
126232.960 TRIAL_IMAGE BLOCK.RECORDING_SEQUENCE.TRIAL_IMAGE (BEGIN) 
126241.233 TRIAL_IMAGE BLOCK.RECORDING_SEQUENCE.TRIAL_IMAGE
126716.343 TIMER[2] BLOCK.RECORDING_SEQUENCE.TIMER[2]
126726.613 DISPLAY_SCREEN[1] BLOCK.RECORDING_SEQUENCE.DISPLAY_SCREEN[1] (BEGIN) 
126741.364 DISPLAY_SCREEN[1] BLOCK.RECORDING_SEQUENCE.DISPLAY_SCREEN[1]
129241.430 TIMER[1] BLOCK.RECORDING_SEQUENCE.TIMER[1]
129241.603 SET_BUTTON_PRESS BLOCK.RECORDING_SEQUENCE.SET_BUTTON_PRESS
129241.746 ADD_TO_RESULTS_FILE[1] BLOCK.RECORDING_SEQUENCE.ADD_TO_RESULTS_FILE[1]
129241.796 SetValueAction 
129280.442 TRIAL_IMAGE BLOCK.RECORDING_SEQUENCE.TRIAL_IMAGE (BEGIN) 
129292.001 TRIAL_IMAGE BLOCK.RECORDING_SEQUENCE.TRIAL_IMAGE
129767.122 TIMER[2] BLOCK.RECORDING_SEQUENCE.TIMER[2]
129777.612 DISPLAY_SCREEN[1] BLOCK.RECORDING_SEQUENCE.DISPLAY_SCREEN[1] (BEGIN) 
129792.127 DISPLAY_SCREEN[1] BLOCK.RECORDING_SEQUENCE.DISPLAY_SCREEN[1]
132292.134 TIMER[1] BLOCK.RECORDING_SEQUENCE.TIMER[1]
132292.271 SET_BUTTON_PRESS BLOCK.RECORDING_SEQUENCE.SET_BUTTON_PRESS
132292.429 ADD_TO_RESULTS_FILE[1] BLOCK.RECORDING_SEQUENCE.ADD_TO_RESULTS_FILE[1]
132292.486 SetValueAction 
132292.761 TRIAL_IMAGE BLOCK.RECORDING_SEQUENCE.TRIAL_IMAGE (BEGIN) 
132309.435 TRIAL_IMAGE BLOCK.RECORDING_SEQUENCE.TRIAL_IMAGE
132784.538 TIMER[2] BLOCK.RECORDING_SEQUENCE.TIMER[2]
132794.613 DISPLAY_SCREEN[1] BLOCK.RECORDING_SEQUENCE.DISPLAY_SCREEN[1] (BEGIN) 
132809.575 DISPLAY_SCREEN[1] BLOCK.RECORDING_SEQUENCE.DISPLAY_SCREEN[1]
135309.641 TIMER[1] BLOCK.RECORDING_SEQUENCE.TIMER[1]
135309.776 SET_BUTTON_PRESS BLOCK.RECORDING_SEQUENCE.SET_BUTTON_PRESS
135309.919 ADD_TO_RESULTS_FILE[1] BLOCK.RECORDING_SEQUENCE.ADD_TO_RESULTS_FILE[1]
135309.971 SetValueAction 
135333.810 TRIAL_IMAGE BLOCK.RECORDING_SEQUENCE.TRIAL_IMAGE (BEGIN) 
135343.542 TRIAL_IMAGE BLOCK.RECORDING_SEQUENCE.TRIAL_IMAGE
135818.648 TIMER[2] BLOCK.RECORDING_SEQUENCE.TIMER[2]
135828.612 DISPLAY_SCREEN[1] BLOCK.RECORDING_SEQUENCE.DISPLAY_SCREEN[1] (BEGIN) 
135843.677 DISPLAY_SCREEN[1] BLOCK.RECORDING_SEQUENCE.DISPLAY_SCREEN[1]
138343.685 TIMER[1] BLOCK.RECORDING_SEQUENCE.TIMER[1]
138343.822 SET_BUTTON_PRESS BLOCK.RECORDING_SEQUENCE.SET_BUTTON_PRESS
138343.980 ADD_TO_RESULTS_FILE[1] BLOCK.RECORDING_SEQUENCE.ADD_TO_RESULTS_FILE[1]
138344.032 SetValueAction 
138363.120 TRIAL_IMAGE BLOCK.RECORDING_SEQUENCE.TRIAL_IMAGE (BEGIN) 
138377.658 TRIAL_IMAGE BLOCK.RECORDING_SEQUENCE.TRIAL_IMAGE
138852.754 TIMER[2] BLOCK.RECORDING_SEQUENCE.TIMER[2]
138862.612 DISPLAY_SCREEN[1] BLOCK.RECORDING_SEQUENCE.DISPLAY_SCREEN[1] (BEGIN) 
138877.781 DISPLAY_SCREEN[1] BLOCK.RECORDING_SEQUENCE.DISPLAY_SCREEN[1]
141377.848 TIMER[1] BLOCK.RECORDING_SEQUENCE.TIMER[1]
141377.985 SET_BUTTON_PRESS BLOCK.RECORDING_SEQUENCE.SET_BUTTON_PRESS
141378.128 ADD_TO_RESULTS_FILE[1] BLOCK.RECORDING_SEQUENCE.ADD_TO_RESULTS_FILE[1]
141378.180 SetValueAction 
141403.753 TRIAL_IMAGE BLOCK.RECORDING_SEQUENCE.TRIAL_IMAGE (BEGIN) 
141411.750 TRIAL_IMAGE BLOCK.RECORDING_SEQUENCE.TRIAL_IMAGE
141886.857 TIMER[2] BLOCK.RECORDING_SEQUENCE.TIMER[2]
141896.613 DISPLAY_SCREEN[1] BLOCK.RECORDING_SEQUENCE.DISPLAY_SCREEN[1] (BEGIN) 
141911.883 DISPLAY_SCREEN[1] BLOCK.RECORDING_SEQUENCE.DISPLAY_SCREEN[1]
144411.911 TIMER[1] BLOCK.RECORDING_SEQUENCE.TIMER[1]
144412.049 SET_BUTTON_PRESS BLOCK.RECORDING_SEQUENCE.SET_BUTTON_PRESS
144412.191 ADD_TO_RESULTS_FILE[1] BLOCK.RECORDING_SEQUENCE.ADD_TO_RESULTS_FILE[1]
144412.243 SetValueAction 
144431.705 TRIAL_IMAGE BLOCK.RECORDING_SEQUENCE.TRIAL_IMAGE (BEGIN) 
144445.865 TRIAL_IMAGE BLOCK.RECORDING_SEQUENCE.TRIAL_IMAGE
144920.974 TIMER[2] BLOCK.RECORDING_SEQUENCE.TIMER[2]
144930.613 DISPLAY_SCREEN[1] BLOCK.RECORDING_SEQUENCE.DISPLAY_SCREEN[1] (BEGIN) 
144945.988 DISPLAY_SCREEN[1] BLOCK.RECORDING_SEQUENCE.DISPLAY_SCREEN[1]
147446.027 TIMER[1] BLOCK.RECORDING_SEQUENCE.TIMER[1]
147446.171 SET_BUTTON_PRESS BLOCK.RECORDING_SEQUENCE.SET_BUTTON_PRESS
147446.316 ADD_TO_RESULTS_FILE[1] BLOCK.RECORDING_SEQUENCE.ADD_TO_RESULTS_FILE[1]
147446.369 SetValueAction 
147469.257 TRIAL_IMAGE BLOCK.RECORDING_SEQUENCE.TRIAL_IMAGE (BEGIN) 
147479.970 TRIAL_IMAGE BLOCK.RECORDING_SEQUENCE.TRIAL_IMAGE
147955.040 TIMER[2] BLOCK.RECORDING_SEQUENCE.TIMER[2]
147965.613 DISPLAY_SCREEN[1] BLOCK.RECORDING_SEQUENCE.DISPLAY_SCREEN[1] (BEGIN) 
147980.096 DISPLAY_SCREEN[1] BLOCK.RECORDING_SEQUENCE.DISPLAY_SCREEN[1]
150480.166 TIMER[1] BLOCK.RECORDING_SEQUENCE.TIMER[1]
150480.304 SET_BUTTON_PRESS BLOCK.RECORDING_SEQUENCE.SET_BUTTON_PRESS
150480.448 ADD_TO_RESULTS_FILE[1] BLOCK.RECORDING_SEQUENCE.ADD_TO_RESULTS_FILE[1]
150480.501 SetValueAction 
150499.569 TRIAL_IMAGE BLOCK.RECORDING_SEQUENCE.TRIAL_IMAGE (BEGIN) 
150514.080 TRIAL_IMAGE BLOCK.RECORDING_SEQUENCE.TRIAL_IMAGE
150989.155 TIMER[2] BLOCK.RECORDING_SEQUENCE.TIMER[2]
150999.613 DISPLAY_SCREEN[1] BLOCK.RECORDING_SEQUENCE.DISPLAY_SCREEN[1] (BEGIN) 
151014.202 DISPLAY_SCREEN[1] BLOCK.RECORDING_SEQUENCE.DISPLAY_SCREEN[1]
153514.258 TIMER[1] BLOCK.RECORDING_SEQUENCE.TIMER[1]
153514.395 SET_BUTTON_PRESS BLOCK.RECORDING_SEQUENCE.SET_BUTTON_PRESS
153514.538 ADD_TO_RESULTS_FILE[1] BLOCK.RECORDING_SEQUENCE.ADD_TO_RESULTS_FILE[1]
153514.591 SetValueAction 
153533.771 TRIAL_IMAGE BLOCK.RECORDING_SEQUENCE.TRIAL_IMAGE (BEGIN) 
153548.176 TRIAL_IMAGE BLOCK.RECORDING_SEQUENCE.TRIAL_IMAGE
154023.271 TIMER[2] BLOCK.RECORDING_SEQUENCE.TIMER[2]
154033.613 DISPLAY_SCREEN[1] BLOCK.RECORDING_SEQUENCE.DISPLAY_SCREEN[1] (BEGIN) 
154048.309 DISPLAY_SCREEN[1] BLOCK.RECORDING_SEQUENCE.DISPLAY_SCREEN[1]
156548.332 TIMER[1] BLOCK.RECORDING_SEQUENCE.TIMER[1]
156548.470 SET_BUTTON_PRESS BLOCK.RECORDING_SEQUENCE.SET_BUTTON_PRESS
156548.612 ADD_TO_RESULTS_FILE[1] BLOCK.RECORDING_SEQUENCE.ADD_TO_RESULTS_FILE[1]
156548.664 SetValueAction 
156567.864 TRIAL_IMAGE BLOCK.RECORDING_SEQUENCE.TRIAL_IMAGE (BEGIN) 
156582.283 TRIAL_IMAGE BLOCK.RECORDING_SEQUENCE.TRIAL_IMAGE
157057.364 TIMER[2] BLOCK.RECORDING_SEQUENCE.TIMER[2]
157067.613 DISPLAY_SCREEN[1] BLOCK.RECORDING_SEQUENCE.DISPLAY_SCREEN[1] (BEGIN) 
157082.409 DISPLAY_SCREEN[1] BLOCK.RECORDING_SEQUENCE.DISPLAY_SCREEN[1]
159582.421 TIMER[1] BLOCK.RECORDING_SEQUENCE.TIMER[1]
159582.556 SET_BUTTON_PRESS BLOCK.RECORDING_SEQUENCE.SET_BUTTON_PRESS
159582.699 ADD_TO_RESULTS_FILE[1] BLOCK.RECORDING_SEQUENCE.ADD_TO_RESULTS_FILE[1]
159582.753 SetValueAction 
159601.321 TRIAL_IMAGE BLOCK.RECORDING_SEQUENCE.TRIAL_IMAGE (BEGIN) 
159616.393 TRIAL_IMAGE BLOCK.RECORDING_SEQUENCE.TRIAL_IMAGE
160091.467 TIMER[2] BLOCK.RECORDING_SEQUENCE.TIMER[2]
160101.613 DISPLAY_SCREEN[1] BLOCK.RECORDING_SEQUENCE.DISPLAY_SCREEN[1] (BEGIN) 
160116.513 DISPLAY_SCREEN[1] BLOCK.RECORDING_SEQUENCE.DISPLAY_SCREEN[1]
162616.576 TIMER[1] BLOCK.RECORDING_SEQUENCE.TIMER[1]
162616.718 SET_BUTTON_PRESS BLOCK.RECORDING_SEQUENCE.SET_BUTTON_PRESS
162616.863 ADD_TO_RESULTS_FILE[1] BLOCK.RECORDING_SEQUENCE.ADD_TO_RESULTS_FILE[1]
162616.918 SetValueAction 
162617.573 TRIAL_IMAGE BLOCK.RECORDING_SEQUENCE.TRIAL_IMAGE (BEGIN) 
162633.823 TRIAL_IMAGE BLOCK.RECORDING_SEQUENCE.TRIAL_IMAGE
163108.923 TIMER[2] BLOCK.RECORDING_SEQUENCE.TIMER[2]
163118.613 DISPLAY_SCREEN[1] BLOCK.RECORDING_SEQUENCE.DISPLAY_SCREEN[1] (BEGIN) 
163133.943 DISPLAY_SCREEN[1] BLOCK.RECORDING_SEQUENCE.DISPLAY_SCREEN[1]
165633.974 TIMER[1] BLOCK.RECORDING_SEQUENCE.TIMER[1]
165634.228 SET_BUTTON_PRESS BLOCK.RECORDING_SEQUENCE.SET_BUTTON_PRESS
165634.390 ADD_TO_RESULTS_FILE[1] BLOCK.RECORDING_SEQUENCE.ADD_TO_RESULTS_FILE[1]
165634.463 SetValueAction 
165658.409 TRIAL_IMAGE BLOCK.RECORDING_SEQUENCE.TRIAL_IMAGE (BEGIN) 
165667.916 TRIAL_IMAGE BLOCK.RECORDING_SEQUENCE.TRIAL_IMAGE
166143.010 TIMER[2] BLOCK.RECORDING_SEQUENCE.TIMER[2]
166153.612 DISPLAY_SCREEN[1] BLOCK.RECORDING_SEQUENCE.DISPLAY_SCREEN[1] (BEGIN) 
166168.052 DISPLAY_SCREEN[1] BLOCK.RECORDING_SEQUENCE.DISPLAY_SCREEN[1]
168668.095 TIMER[1] BLOCK.RECORDING_SEQUENCE.TIMER[1]
168668.233 SET_BUTTON_PRESS BLOCK.RECORDING_SEQUENCE.SET_BUTTON_PRESS
168668.376 ADD_TO_RESULTS_FILE[1] BLOCK.RECORDING_SEQUENCE.ADD_TO_RESULTS_FILE[1]
168668.450 SetValueAction 
168689.897 TRIAL_IMAGE BLOCK.RECORDING_SEQUENCE.TRIAL_IMAGE (BEGIN) 
168702.032 TRIAL_IMAGE BLOCK.RECORDING_SEQUENCE.TRIAL_IMAGE
169177.134 TIMER[2] BLOCK.RECORDING_SEQUENCE.TIMER[2]
169187.612 DISPLAY_SCREEN[1] BLOCK.RECORDING_SEQUENCE.DISPLAY_SCREEN[1] (BEGIN) 
169202.165 DISPLAY_SCREEN[1] BLOCK.RECORDING_SEQUENCE.DISPLAY_SCREEN[1]
171702.236 TIMER[1] BLOCK.RECORDING_SEQUENCE.TIMER[1]
171702.388 SET_BUTTON_PRESS BLOCK.RECORDING_SEQUENCE.SET_BUTTON_PRESS
171702.542 ADD_TO_RESULTS_FILE[1] BLOCK.RECORDING_SEQUENCE.ADD_TO_RESULTS_FILE[1]
171704.977 DISPLAY_SCREEN BLOCK.DISPLAY_SCREEN (BEGIN) 
171719.470 DISPLAY_SCREEN BLOCK.DISPLAY_SCREEN
182585.765 MOUSE BLOCK.MOUSE
182903.817 PREPARE_SEQUENCE BLOCK.PREPARE_SEQUENCE
182904.005 SetValueAction 
182923.054 TRIAL_IMAGE BLOCK.RECORDING_SEQUENCE.TRIAL_IMAGE (BEGIN) 
182938.986 TRIAL_IMAGE BLOCK.RECORDING_SEQUENCE.TRIAL_IMAGE
183414.113 TIMER[2] BLOCK.RECORDING_SEQUENCE.TIMER[2]
183424.617 DISPLAY_SCREEN[1] BLOCK.RECORDING_SEQUENCE.DISPLAY_SCREEN[1] (BEGIN) 
183439.136 DISPLAY_SCREEN[1] BLOCK.RECORDING_SEQUENCE.DISPLAY_SCREEN[1]
185939.173 TIMER[1] BLOCK.RECORDING_SEQUENCE.TIMER[1]
185939.310 SET_BUTTON_PRESS BLOCK.RECORDING_SEQUENCE.SET_BUTTON_PRESS
185939.473 ADD_TO_RESULTS_FILE[1] BLOCK.RECORDING_SEQUENCE.ADD_TO_RESULTS_FILE[1]
185939.525 SetValueAction 
185946.891 TRIAL_IMAGE BLOCK.RECORDING_SEQUENCE.TRIAL_IMAGE (BEGIN) 
185956.419 TRIAL_IMAGE BLOCK.RECORDING_SEQUENCE.TRIAL_IMAGE
186431.521 TIMER[2] BLOCK.RECORDING_SEQUENCE.TIMER[2]
186441.612 DISPLAY_SCREEN[1] BLOCK.RECORDING_SEQUENCE.DISPLAY_SCREEN[1] (BEGIN) 
186456.542 DISPLAY_SCREEN[1] BLOCK.RECORDING_SEQUENCE.DISPLAY_SCREEN[1]
188956.542 TIMER[1] BLOCK.RECORDING_SEQUENCE.TIMER[1]
188956.679 SET_BUTTON_PRESS BLOCK.RECORDING_SEQUENCE.SET_BUTTON_PRESS
188956.818 ADD_TO_RESULTS_FILE[1] BLOCK.RECORDING_SEQUENCE.ADD_TO_RESULTS_FILE[1]
188956.870 SetValueAction 
188980.574 TRIAL_IMAGE BLOCK.RECORDING_SEQUENCE.TRIAL_IMAGE (BEGIN) 
188990.515 TRIAL_IMAGE BLOCK.RECORDING_SEQUENCE.TRIAL_IMAGE
189465.591 TIMER[2] BLOCK.RECORDING_SEQUENCE.TIMER[2]
189475.613 DISPLAY_SCREEN[1] BLOCK.RECORDING_SEQUENCE.DISPLAY_SCREEN[1] (BEGIN) 
189490.645 DISPLAY_SCREEN[1] BLOCK.RECORDING_SEQUENCE.DISPLAY_SCREEN[1]
191990.646 TIMER[1] BLOCK.RECORDING_SEQUENCE.TIMER[1]
191990.784 SET_BUTTON_PRESS BLOCK.RECORDING_SEQUENCE.SET_BUTTON_PRESS
191990.924 ADD_TO_RESULTS_FILE[1] BLOCK.RECORDING_SEQUENCE.ADD_TO_RESULTS_FILE[1]
191990.976 SetValueAction 
192013.270 TRIAL_IMAGE BLOCK.RECORDING_SEQUENCE.TRIAL_IMAGE (BEGIN) 
192024.623 TRIAL_IMAGE BLOCK.RECORDING_SEQUENCE.TRIAL_IMAGE
192499.684 TIMER[2] BLOCK.RECORDING_SEQUENCE.TIMER[2]
192509.613 DISPLAY_SCREEN[1] BLOCK.RECORDING_SEQUENCE.DISPLAY_SCREEN[1] (BEGIN) 
192524.761 DISPLAY_SCREEN[1] BLOCK.RECORDING_SEQUENCE.DISPLAY_SCREEN[1]
195024.757 TIMER[1] BLOCK.RECORDING_SEQUENCE.TIMER[1]
195024.895 SET_BUTTON_PRESS BLOCK.RECORDING_SEQUENCE.SET_BUTTON_PRESS
195025.037 ADD_TO_RESULTS_FILE[1] BLOCK.RECORDING_SEQUENCE.ADD_TO_RESULTS_FILE[1]
195025.090 SetValueAction 
195043.792 TRIAL_IMAGE BLOCK.RECORDING_SEQUENCE.TRIAL_IMAGE (BEGIN) 
195058.730 TRIAL_IMAGE BLOCK.RECORDING_SEQUENCE.TRIAL_IMAGE
195533.820 TIMER[2] BLOCK.RECORDING_SEQUENCE.TIMER[2]
195543.613 DISPLAY_SCREEN[1] BLOCK.RECORDING_SEQUENCE.DISPLAY_SCREEN[1] (BEGIN) 
195558.868 DISPLAY_SCREEN[1] BLOCK.RECORDING_SEQUENCE.DISPLAY_SCREEN[1]
198058.934 TIMER[1] BLOCK.RECORDING_SEQUENCE.TIMER[1]
198059.071 SET_BUTTON_PRESS BLOCK.RECORDING_SEQUENCE.SET_BUTTON_PRESS
198059.213 ADD_TO_RESULTS_FILE[1] BLOCK.RECORDING_SEQUENCE.ADD_TO_RESULTS_FILE[1]
198059.265 SetValueAction 
198077.275 TRIAL_IMAGE BLOCK.RECORDING_SEQUENCE.TRIAL_IMAGE (BEGIN) 
198092.838 TRIAL_IMAGE BLOCK.RECORDING_SEQUENCE.TRIAL_IMAGE
198567.955 TIMER[2] BLOCK.RECORDING_SEQUENCE.TIMER[2]
198577.615 DISPLAY_SCREEN[1] BLOCK.RECORDING_SEQUENCE.DISPLAY_SCREEN[1] (BEGIN) 
198592.964 DISPLAY_SCREEN[1] BLOCK.RECORDING_SEQUENCE.DISPLAY_SCREEN[1]
201093.014 TIMER[1] BLOCK.RECORDING_SEQUENCE.TIMER[1]
201093.151 SET_BUTTON_PRESS BLOCK.RECORDING_SEQUENCE.SET_BUTTON_PRESS
201093.293 ADD_TO_RESULTS_FILE[1] BLOCK.RECORDING_SEQUENCE.ADD_TO_RESULTS_FILE[1]
201093.345 SetValueAction 
201112.220 TRIAL_IMAGE BLOCK.RECORDING_SEQUENCE.TRIAL_IMAGE (BEGIN) 
201126.953 TRIAL_IMAGE BLOCK.RECORDING_SEQUENCE.TRIAL_IMAGE
201602.048 TIMER[2] BLOCK.RECORDING_SEQUENCE.TIMER[2]
201612.614 DISPLAY_SCREEN[1] BLOCK.RECORDING_SEQUENCE.DISPLAY_SCREEN[1] (BEGIN) 
201627.070 DISPLAY_SCREEN[1] BLOCK.RECORDING_SEQUENCE.DISPLAY_SCREEN[1]
204127.124 TIMER[1] BLOCK.RECORDING_SEQUENCE.TIMER[1]
204127.278 SET_BUTTON_PRESS BLOCK.RECORDING_SEQUENCE.SET_BUTTON_PRESS
204127.441 ADD_TO_RESULTS_FILE[1] BLOCK.RECORDING_SEQUENCE.ADD_TO_RESULTS_FILE[1]
204127.493 SetValueAction 
204134.818 TRIAL_IMAGE BLOCK.RECORDING_SEQUENCE.TRIAL_IMAGE (BEGIN) 
204144.372 TRIAL_IMAGE BLOCK.RECORDING_SEQUENCE.TRIAL_IMAGE
204619.519 TIMER[2] BLOCK.RECORDING_SEQUENCE.TIMER[2]
204629.614 DISPLAY_SCREEN[1] BLOCK.RECORDING_SEQUENCE.DISPLAY_SCREEN[1] (BEGIN) 
204644.513 DISPLAY_SCREEN[1] BLOCK.RECORDING_SEQUENCE.DISPLAY_SCREEN[1]
207144.543 TIMER[1] BLOCK.RECORDING_SEQUENCE.TIMER[1]
207144.681 SET_BUTTON_PRESS BLOCK.RECORDING_SEQUENCE.SET_BUTTON_PRESS
207144.823 ADD_TO_RESULTS_FILE[1] BLOCK.RECORDING_SEQUENCE.ADD_TO_RESULTS_FILE[1]
207144.875 SetValueAction 
207152.381 TRIAL_IMAGE BLOCK.RECORDING_SEQUENCE.TRIAL_IMAGE (BEGIN) 
207161.818 TRIAL_IMAGE BLOCK.RECORDING_SEQUENCE.TRIAL_IMAGE
207636.866 TIMER[2] BLOCK.RECORDING_SEQUENCE.TIMER[2]
207646.613 DISPLAY_SCREEN[1] BLOCK.RECORDING_SEQUENCE.DISPLAY_SCREEN[1] (BEGIN) 
207661.944 DISPLAY_SCREEN[1] BLOCK.RECORDING_SEQUENCE.DISPLAY_SCREEN[1]
210161.954 TIMER[1] BLOCK.RECORDING_SEQUENCE.TIMER[1]
210162.092 SET_BUTTON_PRESS BLOCK.RECORDING_SEQUENCE.SET_BUTTON_PRESS
210162.234 ADD_TO_RESULTS_FILE[1] BLOCK.RECORDING_SEQUENCE.ADD_TO_RESULTS_FILE[1]
210162.286 SetValueAction 
210184.298 TRIAL_IMAGE BLOCK.RECORDING_SEQUENCE.TRIAL_IMAGE (BEGIN) 
210195.915 TRIAL_IMAGE BLOCK.RECORDING_SEQUENCE.TRIAL_IMAGE
210670.965 TIMER[2] BLOCK.RECORDING_SEQUENCE.TIMER[2]
210681.613 DISPLAY_SCREEN[1] BLOCK.RECORDING_SEQUENCE.DISPLAY_SCREEN[1] (BEGIN) 
210696.053 DISPLAY_SCREEN[1] BLOCK.RECORDING_SEQUENCE.DISPLAY_SCREEN[1]
213196.093 TIMER[1] BLOCK.RECORDING_SEQUENCE.TIMER[1]
213196.233 SET_BUTTON_PRESS BLOCK.RECORDING_SEQUENCE.SET_BUTTON_PRESS
213196.386 ADD_TO_RESULTS_FILE[1] BLOCK.RECORDING_SEQUENCE.ADD_TO_RESULTS_FILE[1]
213196.439 SetValueAction 
213219.638 TRIAL_IMAGE BLOCK.RECORDING_SEQUENCE.TRIAL_IMAGE (BEGIN) 
213230.025 TRIAL_IMAGE BLOCK.RECORDING_SEQUENCE.TRIAL_IMAGE
213705.151 TIMER[2] BLOCK.RECORDING_SEQUENCE.TIMER[2]
213715.612 DISPLAY_SCREEN[1] BLOCK.RECORDING_SEQUENCE.DISPLAY_SCREEN[1] (BEGIN) 
213730.158 DISPLAY_SCREEN[1] BLOCK.RECORDING_SEQUENCE.DISPLAY_SCREEN[1]
216230.228 TIMER[1] BLOCK.RECORDING_SEQUENCE.TIMER[1]
216230.389 SET_BUTTON_PRESS BLOCK.RECORDING_SEQUENCE.SET_BUTTON_PRESS
216230.531 ADD_TO_RESULTS_FILE[1] BLOCK.RECORDING_SEQUENCE.ADD_TO_RESULTS_FILE[1]
216230.583 SetValueAction 
216250.907 TRIAL_IMAGE BLOCK.RECORDING_SEQUENCE.TRIAL_IMAGE (BEGIN) 
216264.124 TRIAL_IMAGE BLOCK.RECORDING_SEQUENCE.TRIAL_IMAGE
216739.197 TIMER[2] BLOCK.RECORDING_SEQUENCE.TIMER[2]
216749.612 DISPLAY_SCREEN[1] BLOCK.RECORDING_SEQUENCE.DISPLAY_SCREEN[1] (BEGIN) 
216764.261 DISPLAY_SCREEN[1] BLOCK.RECORDING_SEQUENCE.DISPLAY_SCREEN[1]
219264.280 TIMER[1] BLOCK.RECORDING_SEQUENCE.TIMER[1]
219264.451 SET_BUTTON_PRESS BLOCK.RECORDING_SEQUENCE.SET_BUTTON_PRESS
219264.593 ADD_TO_RESULTS_FILE[1] BLOCK.RECORDING_SEQUENCE.ADD_TO_RESULTS_FILE[1]
219264.645 SetValueAction 
219285.516 TRIAL_IMAGE BLOCK.RECORDING_SEQUENCE.TRIAL_IMAGE (BEGIN) 
219298.230 TRIAL_IMAGE BLOCK.RECORDING_SEQUENCE.TRIAL_IMAGE
219773.301 TIMER[2] BLOCK.RECORDING_SEQUENCE.TIMER[2]
219783.612 DISPLAY_SCREEN[1] BLOCK.RECORDING_SEQUENCE.DISPLAY_SCREEN[1] (BEGIN) 
219798.363 DISPLAY_SCREEN[1] BLOCK.RECORDING_SEQUENCE.DISPLAY_SCREEN[1]
222298.370 TIMER[1] BLOCK.RECORDING_SEQUENCE.TIMER[1]
222298.507 SET_BUTTON_PRESS BLOCK.RECORDING_SEQUENCE.SET_BUTTON_PRESS
222298.650 ADD_TO_RESULTS_FILE[1] BLOCK.RECORDING_SEQUENCE.ADD_TO_RESULTS_FILE[1]
222298.701 SetValueAction 
222307.292 TRIAL_IMAGE BLOCK.RECORDING_SEQUENCE.TRIAL_IMAGE (BEGIN) 
222315.663 TRIAL_IMAGE BLOCK.RECORDING_SEQUENCE.TRIAL_IMAGE
222790.794 TIMER[2] BLOCK.RECORDING_SEQUENCE.TIMER[2]
222800.612 DISPLAY_SCREEN[1] BLOCK.RECORDING_SEQUENCE.DISPLAY_SCREEN[1] (BEGIN) 
222815.793 DISPLAY_SCREEN[1] BLOCK.RECORDING_SEQUENCE.DISPLAY_SCREEN[1]
225315.844 TIMER[1] BLOCK.RECORDING_SEQUENCE.TIMER[1]
225315.981 SET_BUTTON_PRESS BLOCK.RECORDING_SEQUENCE.SET_BUTTON_PRESS
225316.125 ADD_TO_RESULTS_FILE[1] BLOCK.RECORDING_SEQUENCE.ADD_TO_RESULTS_FILE[1]
225316.177 SetValueAction 
225323.753 TRIAL_IMAGE BLOCK.RECORDING_SEQUENCE.TRIAL_IMAGE (BEGIN) 
225333.100 TRIAL_IMAGE BLOCK.RECORDING_SEQUENCE.TRIAL_IMAGE
225808.190 TIMER[2] BLOCK.RECORDING_SEQUENCE.TIMER[2]
225818.612 DISPLAY_SCREEN[1] BLOCK.RECORDING_SEQUENCE.DISPLAY_SCREEN[1] (BEGIN) 
225833.231 DISPLAY_SCREEN[1] BLOCK.RECORDING_SEQUENCE.DISPLAY_SCREEN[1]
228333.258 TIMER[1] BLOCK.RECORDING_SEQUENCE.TIMER[1]
228333.425 SET_BUTTON_PRESS BLOCK.RECORDING_SEQUENCE.SET_BUTTON_PRESS
228333.567 ADD_TO_RESULTS_FILE[1] BLOCK.RECORDING_SEQUENCE.ADD_TO_RESULTS_FILE[1]
228333.619 SetValueAction 
228334.286 TRIAL_IMAGE BLOCK.RECORDING_SEQUENCE.TRIAL_IMAGE (BEGIN) 
228350.534 TRIAL_IMAGE BLOCK.RECORDING_SEQUENCE.TRIAL_IMAGE
228825.590 TIMER[2] BLOCK.RECORDING_SEQUENCE.TIMER[2]
228835.616 DISPLAY_SCREEN[1] BLOCK.RECORDING_SEQUENCE.DISPLAY_SCREEN[1] (BEGIN) 
228850.667 DISPLAY_SCREEN[1] BLOCK.RECORDING_SEQUENCE.DISPLAY_SCREEN[1]
231350.667 TIMER[1] BLOCK.RECORDING_SEQUENCE.TIMER[1]
231350.803 SET_BUTTON_PRESS BLOCK.RECORDING_SEQUENCE.SET_BUTTON_PRESS
231350.945 ADD_TO_RESULTS_FILE[1] BLOCK.RECORDING_SEQUENCE.ADD_TO_RESULTS_FILE[1]
231350.997 SetValueAction 
231351.681 TRIAL_IMAGE BLOCK.RECORDING_SEQUENCE.TRIAL_IMAGE (BEGIN) 
231367.971 TRIAL_IMAGE BLOCK.RECORDING_SEQUENCE.TRIAL_IMAGE
231843.062 TIMER[2] BLOCK.RECORDING_SEQUENCE.TIMER[2]
231853.613 DISPLAY_SCREEN[1] BLOCK.RECORDING_SEQUENCE.DISPLAY_SCREEN[1] (BEGIN) 
231868.097 DISPLAY_SCREEN[1] BLOCK.RECORDING_SEQUENCE.DISPLAY_SCREEN[1]
234368.137 TIMER[1] BLOCK.RECORDING_SEQUENCE.TIMER[1]
234368.290 SET_BUTTON_PRESS BLOCK.RECORDING_SEQUENCE.SET_BUTTON_PRESS
234368.434 ADD_TO_RESULTS_FILE[1] BLOCK.RECORDING_SEQUENCE.ADD_TO_RESULTS_FILE[1]
234368.486 SetValueAction 
234369.160 TRIAL_IMAGE BLOCK.RECORDING_SEQUENCE.TRIAL_IMAGE (BEGIN) 
234385.406 TRIAL_IMAGE BLOCK.RECORDING_SEQUENCE.TRIAL_IMAGE
234860.536 TIMER[2] BLOCK.RECORDING_SEQUENCE.TIMER[2]
234870.613 DISPLAY_SCREEN[1] BLOCK.RECORDING_SEQUENCE.DISPLAY_SCREEN[1] (BEGIN) 
234885.529 DISPLAY_SCREEN[1] BLOCK.RECORDING_SEQUENCE.DISPLAY_SCREEN[1]
237385.546 TIMER[1] BLOCK.RECORDING_SEQUENCE.TIMER[1]
237385.683 SET_BUTTON_PRESS BLOCK.RECORDING_SEQUENCE.SET_BUTTON_PRESS
237385.825 ADD_TO_RESULTS_FILE[1] BLOCK.RECORDING_SEQUENCE.ADD_TO_RESULTS_FILE[1]
237385.878 SetValueAction 
237407.620 TRIAL_IMAGE BLOCK.RECORDING_SEQUENCE.TRIAL_IMAGE (BEGIN) 
237419.504 TRIAL_IMAGE BLOCK.RECORDING_SEQUENCE.TRIAL_IMAGE
237894.570 TIMER[2] BLOCK.RECORDING_SEQUENCE.TIMER[2]
237904.612 DISPLAY_SCREEN[1] BLOCK.RECORDING_SEQUENCE.DISPLAY_SCREEN[1] (BEGIN) 
237919.645 DISPLAY_SCREEN[1] BLOCK.RECORDING_SEQUENCE.DISPLAY_SCREEN[1]
240419.701 TIMER[1] BLOCK.RECORDING_SEQUENCE.TIMER[1]
240419.837 SET_BUTTON_PRESS BLOCK.RECORDING_SEQUENCE.SET_BUTTON_PRESS
240419.997 ADD_TO_RESULTS_FILE[1] BLOCK.RECORDING_SEQUENCE.ADD_TO_RESULTS_FILE[1]
240420.048 SetValueAction 
240444.850 TRIAL_IMAGE BLOCK.RECORDING_SEQUENCE.TRIAL_IMAGE (BEGIN) 
240453.605 TRIAL_IMAGE BLOCK.RECORDING_SEQUENCE.TRIAL_IMAGE
240928.736 TIMER[2] BLOCK.RECORDING_SEQUENCE.TIMER[2]
240938.613 DISPLAY_SCREEN[1] BLOCK.RECORDING_SEQUENCE.DISPLAY_SCREEN[1] (BEGIN) 
240953.750 DISPLAY_SCREEN[1] BLOCK.RECORDING_SEQUENCE.DISPLAY_SCREEN[1]
243453.787 TIMER[1] BLOCK.RECORDING_SEQUENCE.TIMER[1]
243453.924 SET_BUTTON_PRESS BLOCK.RECORDING_SEQUENCE.SET_BUTTON_PRESS
243454.066 ADD_TO_RESULTS_FILE[1] BLOCK.RECORDING_SEQUENCE.ADD_TO_RESULTS_FILE[1]
243454.118 SetValueAction 
243472.413 TRIAL_IMAGE BLOCK.RECORDING_SEQUENCE.TRIAL_IMAGE (BEGIN) 
243487.724 TRIAL_IMAGE BLOCK.RECORDING_SEQUENCE.TRIAL_IMAGE
243962.772 TIMER[2] BLOCK.RECORDING_SEQUENCE.TIMER[2]
243972.612 DISPLAY_SCREEN[1] BLOCK.RECORDING_SEQUENCE.DISPLAY_SCREEN[1] (BEGIN) 
243987.856 DISPLAY_SCREEN[1] BLOCK.RECORDING_SEQUENCE.DISPLAY_SCREEN[1]
246487.887 TIMER[1] BLOCK.RECORDING_SEQUENCE.TIMER[1]
246488.022 SET_BUTTON_PRESS BLOCK.RECORDING_SEQUENCE.SET_BUTTON_PRESS
246488.163 ADD_TO_RESULTS_FILE[1] BLOCK.RECORDING_SEQUENCE.ADD_TO_RESULTS_FILE[1]
246488.215 SetValueAction 
246497.040 TRIAL_IMAGE BLOCK.RECORDING_SEQUENCE.TRIAL_IMAGE (BEGIN) 
246505.156 TRIAL_IMAGE BLOCK.RECORDING_SEQUENCE.TRIAL_IMAGE
246980.260 TIMER[2] BLOCK.RECORDING_SEQUENCE.TIMER[2]
246990.612 DISPLAY_SCREEN[1] BLOCK.RECORDING_SEQUENCE.DISPLAY_SCREEN[1] (BEGIN) 
247005.306 DISPLAY_SCREEN[1] BLOCK.RECORDING_SEQUENCE.DISPLAY_SCREEN[1]
249505.348 TIMER[1] BLOCK.RECORDING_SEQUENCE.TIMER[1]
249505.487 SET_BUTTON_PRESS BLOCK.RECORDING_SEQUENCE.SET_BUTTON_PRESS
249505.631 ADD_TO_RESULTS_FILE[1] BLOCK.RECORDING_SEQUENCE.ADD_TO_RESULTS_FILE[1]
249505.685 SetValueAction 
249506.362 TRIAL_IMAGE BLOCK.RECORDING_SEQUENCE.TRIAL_IMAGE (BEGIN) 
249522.595 TRIAL_IMAGE BLOCK.RECORDING_SEQUENCE.TRIAL_IMAGE
249997.691 TIMER[2] BLOCK.RECORDING_SEQUENCE.TIMER[2]
250007.613 DISPLAY_SCREEN[1] BLOCK.RECORDING_SEQUENCE.DISPLAY_SCREEN[1] (BEGIN) 
250022.720 DISPLAY_SCREEN[1] BLOCK.RECORDING_SEQUENCE.DISPLAY_SCREEN[1]
252522.747 TIMER[1] BLOCK.RECORDING_SEQUENCE.TIMER[1]
252522.883 SET_BUTTON_PRESS BLOCK.RECORDING_SEQUENCE.SET_BUTTON_PRESS
252523.041 ADD_TO_RESULTS_FILE[1] BLOCK.RECORDING_SEQUENCE.ADD_TO_RESULTS_FILE[1]
252523.094 SetValueAction 
252523.787 TRIAL_IMAGE BLOCK.RECORDING_SEQUENCE.TRIAL_IMAGE (BEGIN) 
252540.018 TRIAL_IMAGE BLOCK.RECORDING_SEQUENCE.TRIAL_IMAGE
253015.097 TIMER[2] BLOCK.RECORDING_SEQUENCE.TIMER[2]
253025.613 DISPLAY_SCREEN[1] BLOCK.RECORDING_SEQUENCE.DISPLAY_SCREEN[1] (BEGIN) 
253040.158 DISPLAY_SCREEN[1] BLOCK.RECORDING_SEQUENCE.DISPLAY_SCREEN[1]
255540.193 TIMER[1] BLOCK.RECORDING_SEQUENCE.TIMER[1]
255540.370 SET_BUTTON_PRESS BLOCK.RECORDING_SEQUENCE.SET_BUTTON_PRESS
255540.513 ADD_TO_RESULTS_FILE[1] BLOCK.RECORDING_SEQUENCE.ADD_TO_RESULTS_FILE[1]
255540.567 SetValueAction 
255563.251 TRIAL_IMAGE BLOCK.RECORDING_SEQUENCE.TRIAL_IMAGE (BEGIN) 
255574.127 TRIAL_IMAGE BLOCK.RECORDING_SEQUENCE.TRIAL_IMAGE
256049.234 TIMER[2] BLOCK.RECORDING_SEQUENCE.TIMER[2]
256059.613 DISPLAY_SCREEN[1] BLOCK.RECORDING_SEQUENCE.DISPLAY_SCREEN[1] (BEGIN) 
256074.261 DISPLAY_SCREEN[1] BLOCK.RECORDING_SEQUENCE.DISPLAY_SCREEN[1]
258574.324 TIMER[1] BLOCK.RECORDING_SEQUENCE.TIMER[1]
258574.458 SET_BUTTON_PRESS BLOCK.RECORDING_SEQUENCE.SET_BUTTON_PRESS
258574.599 ADD_TO_RESULTS_FILE[1] BLOCK.RECORDING_SEQUENCE.ADD_TO_RESULTS_FILE[1]
258574.651 SetValueAction 
258593.325 TRIAL_IMAGE BLOCK.RECORDING_SEQUENCE.TRIAL_IMAGE (BEGIN) 
258608.234 TRIAL_IMAGE BLOCK.RECORDING_SEQUENCE.TRIAL_IMAGE
259083.331 TIMER[2] BLOCK.RECORDING_SEQUENCE.TIMER[2]
259093.612 DISPLAY_SCREEN[1] BLOCK.RECORDING_SEQUENCE.DISPLAY_SCREEN[1] (BEGIN) 
259108.364 DISPLAY_SCREEN[1] BLOCK.RECORDING_SEQUENCE.DISPLAY_SCREEN[1]
261608.387 TIMER[1] BLOCK.RECORDING_SEQUENCE.TIMER[1]
261608.523 SET_BUTTON_PRESS BLOCK.RECORDING_SEQUENCE.SET_BUTTON_PRESS
261608.665 ADD_TO_RESULTS_FILE[1] BLOCK.RECORDING_SEQUENCE.ADD_TO_RESULTS_FILE[1]
261608.717 SetValueAction 
261609.413 TRIAL_IMAGE BLOCK.RECORDING_SEQUENCE.TRIAL_IMAGE (BEGIN) 
261625.675 TRIAL_IMAGE BLOCK.RECORDING_SEQUENCE.TRIAL_IMAGE
262100.797 TIMER[2] BLOCK.RECORDING_SEQUENCE.TIMER[2]
262110.613 DISPLAY_SCREEN[1] BLOCK.RECORDING_SEQUENCE.DISPLAY_SCREEN[1] (BEGIN) 
262125.796 DISPLAY_SCREEN[1] BLOCK.RECORDING_SEQUENCE.DISPLAY_SCREEN[1]
264625.814 TIMER[1] BLOCK.RECORDING_SEQUENCE.TIMER[1]
264625.950 SET_BUTTON_PRESS BLOCK.RECORDING_SEQUENCE.SET_BUTTON_PRESS
264626.095 ADD_TO_RESULTS_FILE[1] BLOCK.RECORDING_SEQUENCE.ADD_TO_RESULTS_FILE[1]
264626.146 SetValueAction 
264645.879 TRIAL_IMAGE BLOCK.RECORDING_SEQUENCE.TRIAL_IMAGE (BEGIN) 
264659.782 TRIAL_IMAGE BLOCK.RECORDING_SEQUENCE.TRIAL_IMAGE
265134.862 TIMER[2] BLOCK.RECORDING_SEQUENCE.TIMER[2]
265144.613 DISPLAY_SCREEN[1] BLOCK.RECORDING_SEQUENCE.DISPLAY_SCREEN[1] (BEGIN) 
265159.899 DISPLAY_SCREEN[1] BLOCK.RECORDING_SEQUENCE.DISPLAY_SCREEN[1]
267659.923 TIMER[1] BLOCK.RECORDING_SEQUENCE.TIMER[1]
267660.058 SET_BUTTON_PRESS BLOCK.RECORDING_SEQUENCE.SET_BUTTON_PRESS
267660.200 ADD_TO_RESULTS_FILE[1] BLOCK.RECORDING_SEQUENCE.ADD_TO_RESULTS_FILE[1]
267660.265 SetValueAction 
267676.610 TRIAL_IMAGE BLOCK.RECORDING_SEQUENCE.TRIAL_IMAGE (BEGIN) 
267693.878 TRIAL_IMAGE BLOCK.RECORDING_SEQUENCE.TRIAL_IMAGE
268168.924 TIMER[2] BLOCK.RECORDING_SEQUENCE.TIMER[2]
268178.614 DISPLAY_SCREEN[1] BLOCK.RECORDING_SEQUENCE.DISPLAY_SCREEN[1] (BEGIN) 
268194.012 DISPLAY_SCREEN[1] BLOCK.RECORDING_SEQUENCE.DISPLAY_SCREEN[1]
270694.069 TIMER[1] BLOCK.RECORDING_SEQUENCE.TIMER[1]
270694.209 SET_BUTTON_PRESS BLOCK.RECORDING_SEQUENCE.SET_BUTTON_PRESS
270694.371 ADD_TO_RESULTS_FILE[1] BLOCK.RECORDING_SEQUENCE.ADD_TO_RESULTS_FILE[1]
270694.425 SetValueAction 
270714.557 TRIAL_IMAGE BLOCK.RECORDING_SEQUENCE.TRIAL_IMAGE (BEGIN) 
270727.984 TRIAL_IMAGE BLOCK.RECORDING_SEQUENCE.TRIAL_IMAGE
271203.105 TIMER[2] BLOCK.RECORDING_SEQUENCE.TIMER[2]
271213.614 DISPLAY_SCREEN[1] BLOCK.RECORDING_SEQUENCE.DISPLAY_SCREEN[1] (BEGIN) 
271228.113 DISPLAY_SCREEN[1] BLOCK.RECORDING_SEQUENCE.DISPLAY_SCREEN[1]
273728.120 TIMER[1] BLOCK.RECORDING_SEQUENCE.TIMER[1]
273728.284 SET_BUTTON_PRESS BLOCK.RECORDING_SEQUENCE.SET_BUTTON_PRESS
273728.430 ADD_TO_RESULTS_FILE[1] BLOCK.RECORDING_SEQUENCE.ADD_TO_RESULTS_FILE[1]
273728.485 SetValueAction 
273746.188 TRIAL_IMAGE BLOCK.RECORDING_SEQUENCE.TRIAL_IMAGE (BEGIN) 
273762.092 TRIAL_IMAGE BLOCK.RECORDING_SEQUENCE.TRIAL_IMAGE
274237.198 TIMER[2] BLOCK.RECORDING_SEQUENCE.TIMER[2]
274247.618 DISPLAY_SCREEN[1] BLOCK.RECORDING_SEQUENCE.DISPLAY_SCREEN[1] (BEGIN) 
274262.211 DISPLAY_SCREEN[1] BLOCK.RECORDING_SEQUENCE.DISPLAY_SCREEN[1]
276762.211 TIMER[1] BLOCK.RECORDING_SEQUENCE.TIMER[1]
276762.352 SET_BUTTON_PRESS BLOCK.RECORDING_SEQUENCE.SET_BUTTON_PRESS
276762.497 ADD_TO_RESULTS_FILE[1] BLOCK.RECORDING_SEQUENCE.ADD_TO_RESULTS_FILE[1]
276762.550 SetValueAction 
276786.359 TRIAL_IMAGE BLOCK.RECORDING_SEQUENCE.TRIAL_IMAGE (BEGIN) 
276796.196 TRIAL_IMAGE BLOCK.RECORDING_SEQUENCE.TRIAL_IMAGE
277271.343 TIMER[2] BLOCK.RECORDING_SEQUENCE.TIMER[2]
277281.614 DISPLAY_SCREEN[1] BLOCK.RECORDING_SEQUENCE.DISPLAY_SCREEN[1] (BEGIN) 
277296.322 DISPLAY_SCREEN[1] BLOCK.RECORDING_SEQUENCE.DISPLAY_SCREEN[1]
279796.385 TIMER[1] BLOCK.RECORDING_SEQUENCE.TIMER[1]
279796.532 SET_BUTTON_PRESS BLOCK.RECORDING_SEQUENCE.SET_BUTTON_PRESS
279796.690 ADD_TO_RESULTS_FILE[1] BLOCK.RECORDING_SEQUENCE.ADD_TO_RESULTS_FILE[1]
279796.746 SetValueAction 
279820.400 TRIAL_IMAGE BLOCK.RECORDING_SEQUENCE.TRIAL_IMAGE (BEGIN) 
279830.297 TRIAL_IMAGE BLOCK.RECORDING_SEQUENCE.TRIAL_IMAGE
280305.378 TIMER[2] BLOCK.RECORDING_SEQUENCE.TIMER[2]
280315.613 DISPLAY_SCREEN[1] BLOCK.RECORDING_SEQUENCE.DISPLAY_SCREEN[1] (BEGIN) 
280330.499 DISPLAY_SCREEN[1] BLOCK.RECORDING_SEQUENCE.DISPLAY_SCREEN[1]
282830.486 TIMER[1] BLOCK.RECORDING_SEQUENCE.TIMER[1]
282830.624 SET_BUTTON_PRESS BLOCK.RECORDING_SEQUENCE.SET_BUTTON_PRESS
282830.767 ADD_TO_RESULTS_FILE[1] BLOCK.RECORDING_SEQUENCE.ADD_TO_RESULTS_FILE[1]
282830.819 SetValueAction 
282831.517 TRIAL_IMAGE BLOCK.RECORDING_SEQUENCE.TRIAL_IMAGE (BEGIN) 
282847.734 TRIAL_IMAGE BLOCK.RECORDING_SEQUENCE.TRIAL_IMAGE
283322.852 TIMER[2] BLOCK.RECORDING_SEQUENCE.TIMER[2]
283332.612 DISPLAY_SCREEN[1] BLOCK.RECORDING_SEQUENCE.DISPLAY_SCREEN[1] (BEGIN) 
283347.868 DISPLAY_SCREEN[1] BLOCK.RECORDING_SEQUENCE.DISPLAY_SCREEN[1]
285847.927 TIMER[1] BLOCK.RECORDING_SEQUENCE.TIMER[1]
285848.067 SET_BUTTON_PRESS BLOCK.RECORDING_SEQUENCE.SET_BUTTON_PRESS
285848.210 ADD_TO_RESULTS_FILE[1] BLOCK.RECORDING_SEQUENCE.ADD_TO_RESULTS_FILE[1]
285848.266 SetValueAction 
285867.985 TRIAL_IMAGE BLOCK.RECORDING_SEQUENCE.TRIAL_IMAGE (BEGIN) 
285881.841 TRIAL_IMAGE BLOCK.RECORDING_SEQUENCE.TRIAL_IMAGE
286356.913 TIMER[2] BLOCK.RECORDING_SEQUENCE.TIMER[2]
286366.612 DISPLAY_SCREEN[1] BLOCK.RECORDING_SEQUENCE.DISPLAY_SCREEN[1] (BEGIN) 
286381.972 DISPLAY_SCREEN[1] BLOCK.RECORDING_SEQUENCE.DISPLAY_SCREEN[1]
288881.988 TIMER[1] BLOCK.RECORDING_SEQUENCE.TIMER[1]
288882.127 SET_BUTTON_PRESS BLOCK.RECORDING_SEQUENCE.SET_BUTTON_PRESS
288882.311 ADD_TO_RESULTS_FILE[1] BLOCK.RECORDING_SEQUENCE.ADD_TO_RESULTS_FILE[1]
288882.367 SetValueAction 
288883.035 TRIAL_IMAGE BLOCK.RECORDING_SEQUENCE.TRIAL_IMAGE (BEGIN) 
288899.267 TRIAL_IMAGE BLOCK.RECORDING_SEQUENCE.TRIAL_IMAGE
289374.341 TIMER[2] BLOCK.RECORDING_SEQUENCE.TIMER[2]
289384.612 DISPLAY_SCREEN[1] BLOCK.RECORDING_SEQUENCE.DISPLAY_SCREEN[1] (BEGIN) 
289399.396 DISPLAY_SCREEN[1] BLOCK.RECORDING_SEQUENCE.DISPLAY_SCREEN[1]
291899.407 TIMER[1] BLOCK.RECORDING_SEQUENCE.TIMER[1]
291899.558 SET_BUTTON_PRESS BLOCK.RECORDING_SEQUENCE.SET_BUTTON_PRESS
291899.703 ADD_TO_RESULTS_FILE[1] BLOCK.RECORDING_SEQUENCE.ADD_TO_RESULTS_FILE[1]
291899.757 SetValueAction 
291921.301 TRIAL_IMAGE BLOCK.RECORDING_SEQUENCE.TRIAL_IMAGE (BEGIN) 
291933.376 TRIAL_IMAGE BLOCK.RECORDING_SEQUENCE.TRIAL_IMAGE
292408.508 TIMER[2] BLOCK.RECORDING_SEQUENCE.TIMER[2]
292418.613 DISPLAY_SCREEN[1] BLOCK.RECORDING_SEQUENCE.DISPLAY_SCREEN[1] (BEGIN) 
292433.512 DISPLAY_SCREEN[1] BLOCK.RECORDING_SEQUENCE.DISPLAY_SCREEN[1]
294933.515 TIMER[1] BLOCK.RECORDING_SEQUENCE.TIMER[1]
294933.653 SET_BUTTON_PRESS BLOCK.RECORDING_SEQUENCE.SET_BUTTON_PRESS
294933.798 ADD_TO_RESULTS_FILE[1] BLOCK.RECORDING_SEQUENCE.ADD_TO_RESULTS_FILE[1]
294933.852 SetValueAction 
294934.614 TRIAL_IMAGE BLOCK.RECORDING_SEQUENCE.TRIAL_IMAGE (BEGIN) 
294950.817 TRIAL_IMAGE BLOCK.RECORDING_SEQUENCE.TRIAL_IMAGE
295425.919 TIMER[2] BLOCK.RECORDING_SEQUENCE.TIMER[2]
295435.612 DISPLAY_SCREEN[1] BLOCK.RECORDING_SEQUENCE.DISPLAY_SCREEN[1] (BEGIN) 
295450.941 DISPLAY_SCREEN[1] BLOCK.RECORDING_SEQUENCE.DISPLAY_SCREEN[1]
297950.995 TIMER[1] BLOCK.RECORDING_SEQUENCE.TIMER[1]
297951.131 SET_BUTTON_PRESS BLOCK.RECORDING_SEQUENCE.SET_BUTTON_PRESS
297951.274 ADD_TO_RESULTS_FILE[1] BLOCK.RECORDING_SEQUENCE.ADD_TO_RESULTS_FILE[1]
297951.326 SetValueAction 
297952.001 TRIAL_IMAGE BLOCK.RECORDING_SEQUENCE.TRIAL_IMAGE (BEGIN) 
297968.262 TRIAL_IMAGE BLOCK.RECORDING_SEQUENCE.TRIAL_IMAGE
298443.338 TIMER[2] BLOCK.RECORDING_SEQUENCE.TIMER[2]
298453.612 DISPLAY_SCREEN[1] BLOCK.RECORDING_SEQUENCE.DISPLAY_SCREEN[1] (BEGIN) 
298468.378 DISPLAY_SCREEN[1] BLOCK.RECORDING_SEQUENCE.DISPLAY_SCREEN[1]
300968.435 TIMER[1] BLOCK.RECORDING_SEQUENCE.TIMER[1]
300968.567 SET_BUTTON_PRESS BLOCK.RECORDING_SEQUENCE.SET_BUTTON_PRESS
300968.708 ADD_TO_RESULTS_FILE[1] BLOCK.RECORDING_SEQUENCE.ADD_TO_RESULTS_FILE[1]
300968.760 SetValueAction 
300969.426 TRIAL_IMAGE BLOCK.RECORDING_SEQUENCE.TRIAL_IMAGE (BEGIN) 
300985.688 TRIAL_IMAGE BLOCK.RECORDING_SEQUENCE.TRIAL_IMAGE
301460.781 TIMER[2] BLOCK.RECORDING_SEQUENCE.TIMER[2]
301470.612 DISPLAY_SCREEN[1] BLOCK.RECORDING_SEQUENCE.DISPLAY_SCREEN[1] (BEGIN) 
301485.808 DISPLAY_SCREEN[1] BLOCK.RECORDING_SEQUENCE.DISPLAY_SCREEN[1]
303985.829 TIMER[1] BLOCK.RECORDING_SEQUENCE.TIMER[1]
303985.965 SET_BUTTON_PRESS BLOCK.RECORDING_SEQUENCE.SET_BUTTON_PRESS
303986.108 ADD_TO_RESULTS_FILE[1] BLOCK.RECORDING_SEQUENCE.ADD_TO_RESULTS_FILE[1]
303986.162 SetValueAction 
303986.874 TRIAL_IMAGE BLOCK.RECORDING_SEQUENCE.TRIAL_IMAGE (BEGIN) 
304003.122 TRIAL_IMAGE BLOCK.RECORDING_SEQUENCE.TRIAL_IMAGE
304478.183 TIMER[2] BLOCK.RECORDING_SEQUENCE.TIMER[2]
304488.613 DISPLAY_SCREEN[1] BLOCK.RECORDING_SEQUENCE.DISPLAY_SCREEN[1] (BEGIN) 
304503.247 DISPLAY_SCREEN[1] BLOCK.RECORDING_SEQUENCE.DISPLAY_SCREEN[1]
307003.273 TIMER[1] BLOCK.RECORDING_SEQUENCE.TIMER[1]
307003.413 SET_BUTTON_PRESS BLOCK.RECORDING_SEQUENCE.SET_BUTTON_PRESS
307003.556 ADD_TO_RESULTS_FILE[1] BLOCK.RECORDING_SEQUENCE.ADD_TO_RESULTS_FILE[1]
307003.609 SetValueAction 
307004.320 TRIAL_IMAGE BLOCK.RECORDING_SEQUENCE.TRIAL_IMAGE (BEGIN) 
307020.552 TRIAL_IMAGE BLOCK.RECORDING_SEQUENCE.TRIAL_IMAGE
307495.597 TIMER[2] BLOCK.RECORDING_SEQUENCE.TIMER[2]
307505.613 DISPLAY_SCREEN[1] BLOCK.RECORDING_SEQUENCE.DISPLAY_SCREEN[1] (BEGIN) 
307520.676 DISPLAY_SCREEN[1] BLOCK.RECORDING_SEQUENCE.DISPLAY_SCREEN[1]
310020.719 TIMER[1] BLOCK.RECORDING_SEQUENCE.TIMER[1]
310020.856 SET_BUTTON_PRESS BLOCK.RECORDING_SEQUENCE.SET_BUTTON_PRESS
310021.000 ADD_TO_RESULTS_FILE[1] BLOCK.RECORDING_SEQUENCE.ADD_TO_RESULTS_FILE[1]
310021.052 SetValueAction 
310044.718 TRIAL_IMAGE BLOCK.RECORDING_SEQUENCE.TRIAL_IMAGE (BEGIN) 
310054.644 TRIAL_IMAGE BLOCK.RECORDING_SEQUENCE.TRIAL_IMAGE
310529.762 TIMER[2] BLOCK.RECORDING_SEQUENCE.TIMER[2]
310539.612 DISPLAY_SCREEN[1] BLOCK.RECORDING_SEQUENCE.DISPLAY_SCREEN[1] (BEGIN) 
310554.780 DISPLAY_SCREEN[1] BLOCK.RECORDING_SEQUENCE.DISPLAY_SCREEN[1]
313054.821 TIMER[1] BLOCK.RECORDING_SEQUENCE.TIMER[1]
313054.958 SET_BUTTON_PRESS BLOCK.RECORDING_SEQUENCE.SET_BUTTON_PRESS
313055.102 ADD_TO_RESULTS_FILE[1] BLOCK.RECORDING_SEQUENCE.ADD_TO_RESULTS_FILE[1]
313055.154 SetValueAction 
313077.470 TRIAL_IMAGE BLOCK.RECORDING_SEQUENCE.TRIAL_IMAGE (BEGIN) 
313088.763 TRIAL_IMAGE BLOCK.RECORDING_SEQUENCE.TRIAL_IMAGE
313563.825 TIMER[2] BLOCK.RECORDING_SEQUENCE.TIMER[2]
313573.613 DISPLAY_SCREEN[1] BLOCK.RECORDING_SEQUENCE.DISPLAY_SCREEN[1] (BEGIN) 
313588.884 DISPLAY_SCREEN[1] BLOCK.RECORDING_SEQUENCE.DISPLAY_SCREEN[1]
316088.948 TIMER[1] BLOCK.RECORDING_SEQUENCE.TIMER[1]
316089.085 SET_BUTTON_PRESS BLOCK.RECORDING_SEQUENCE.SET_BUTTON_PRESS
316089.227 ADD_TO_RESULTS_FILE[1] BLOCK.RECORDING_SEQUENCE.ADD_TO_RESULTS_FILE[1]
316089.279 SetValueAction 
316107.605 TRIAL_IMAGE BLOCK.RECORDING_SEQUENCE.TRIAL_IMAGE (BEGIN) 
316122.871 TRIAL_IMAGE BLOCK.RECORDING_SEQUENCE.TRIAL_IMAGE
316597.955 TIMER[2] BLOCK.RECORDING_SEQUENCE.TIMER[2]
316607.613 DISPLAY_SCREEN[1] BLOCK.RECORDING_SEQUENCE.DISPLAY_SCREEN[1] (BEGIN) 
316622.987 DISPLAY_SCREEN[1] BLOCK.RECORDING_SEQUENCE.DISPLAY_SCREEN[1]
319123.005 TIMER[1] BLOCK.RECORDING_SEQUENCE.TIMER[1]
319123.140 SET_BUTTON_PRESS BLOCK.RECORDING_SEQUENCE.SET_BUTTON_PRESS
319123.313 ADD_TO_RESULTS_FILE[1] BLOCK.RECORDING_SEQUENCE.ADD_TO_RESULTS_FILE[1]
319123.366 SetValueAction 
319149.483 TRIAL_IMAGE BLOCK.RECORDING_SEQUENCE.TRIAL_IMAGE (BEGIN) 
319156.970 TRIAL_IMAGE BLOCK.RECORDING_SEQUENCE.TRIAL_IMAGE
319632.068 TIMER[2] BLOCK.RECORDING_SEQUENCE.TIMER[2]
319642.613 DISPLAY_SCREEN[1] BLOCK.RECORDING_SEQUENCE.DISPLAY_SCREEN[1] (BEGIN) 
319657.096 DISPLAY_SCREEN[1] BLOCK.RECORDING_SEQUENCE.DISPLAY_SCREEN[1]
322157.145 TIMER[1] BLOCK.RECORDING_SEQUENCE.TIMER[1]
322157.323 SET_BUTTON_PRESS BLOCK.RECORDING_SEQUENCE.SET_BUTTON_PRESS
322157.466 ADD_TO_RESULTS_FILE[1] BLOCK.RECORDING_SEQUENCE.ADD_TO_RESULTS_FILE[1]
322157.520 SetValueAction 
322178.132 TRIAL_IMAGE BLOCK.RECORDING_SEQUENCE.TRIAL_IMAGE (BEGIN) 
322191.070 TRIAL_IMAGE BLOCK.RECORDING_SEQUENCE.TRIAL_IMAGE
322666.143 TIMER[2] BLOCK.RECORDING_SEQUENCE.TIMER[2]
322676.625 DISPLAY_SCREEN[1] BLOCK.RECORDING_SEQUENCE.DISPLAY_SCREEN[1] (BEGIN) 
322691.224 DISPLAY_SCREEN[1] BLOCK.RECORDING_SEQUENCE.DISPLAY_SCREEN[1]
325191.228 TIMER[1] BLOCK.RECORDING_SEQUENCE.TIMER[1]
325191.368 SET_BUTTON_PRESS BLOCK.RECORDING_SEQUENCE.SET_BUTTON_PRESS
325191.531 ADD_TO_RESULTS_FILE[1] BLOCK.RECORDING_SEQUENCE.ADD_TO_RESULTS_FILE[1]
325191.584 SetValueAction 
325192.290 TRIAL_IMAGE BLOCK.RECORDING_SEQUENCE.TRIAL_IMAGE (BEGIN) 
325208.508 TRIAL_IMAGE BLOCK.RECORDING_SEQUENCE.TRIAL_IMAGE
325683.556 TIMER[2] BLOCK.RECORDING_SEQUENCE.TIMER[2]
325693.612 DISPLAY_SCREEN[1] BLOCK.RECORDING_SEQUENCE.DISPLAY_SCREEN[1] (BEGIN) 
325708.630 DISPLAY_SCREEN[1] BLOCK.RECORDING_SEQUENCE.DISPLAY_SCREEN[1]
328208.672 TIMER[1] BLOCK.RECORDING_SEQUENCE.TIMER[1]
328208.824 SET_BUTTON_PRESS BLOCK.RECORDING_SEQUENCE.SET_BUTTON_PRESS
328208.966 ADD_TO_RESULTS_FILE[1] BLOCK.RECORDING_SEQUENCE.ADD_TO_RESULTS_FILE[1]
328209.019 SetValueAction 
328230.782 TRIAL_IMAGE BLOCK.RECORDING_SEQUENCE.TRIAL_IMAGE (BEGIN) 
328242.606 TRIAL_IMAGE BLOCK.RECORDING_SEQUENCE.TRIAL_IMAGE
328717.665 TIMER[2] BLOCK.RECORDING_SEQUENCE.TIMER[2]
328727.613 DISPLAY_SCREEN[1] BLOCK.RECORDING_SEQUENCE.DISPLAY_SCREEN[1] (BEGIN) 
328742.735 DISPLAY_SCREEN[1] BLOCK.RECORDING_SEQUENCE.DISPLAY_SCREEN[1]
331242.759 TIMER[1] BLOCK.RECORDING_SEQUENCE.TIMER[1]
331242.896 SET_BUTTON_PRESS BLOCK.RECORDING_SEQUENCE.SET_BUTTON_PRESS
331243.039 ADD_TO_RESULTS_FILE[1] BLOCK.RECORDING_SEQUENCE.ADD_TO_RESULTS_FILE[1]
331243.092 SetValueAction 
331251.554 TRIAL_IMAGE BLOCK.RECORDING_SEQUENCE.TRIAL_IMAGE (BEGIN) 
331260.042 TRIAL_IMAGE BLOCK.RECORDING_SEQUENCE.TRIAL_IMAGE
331735.178 TIMER[2] BLOCK.RECORDING_SEQUENCE.TIMER[2]
331745.612 DISPLAY_SCREEN[1] BLOCK.RECORDING_SEQUENCE.DISPLAY_SCREEN[1] (BEGIN) 
331760.186 DISPLAY_SCREEN[1] BLOCK.RECORDING_SEQUENCE.DISPLAY_SCREEN[1]
334260.227 TIMER[1] BLOCK.RECORDING_SEQUENCE.TIMER[1]
334260.364 SET_BUTTON_PRESS BLOCK.RECORDING_SEQUENCE.SET_BUTTON_PRESS
334260.508 ADD_TO_RESULTS_FILE[1] BLOCK.RECORDING_SEQUENCE.ADD_TO_RESULTS_FILE[1]
334260.562 SetValueAction 
334267.733 TRIAL_IMAGE BLOCK.RECORDING_SEQUENCE.TRIAL_IMAGE (BEGIN) 
334277.480 TRIAL_IMAGE BLOCK.RECORDING_SEQUENCE.TRIAL_IMAGE
334752.594 TIMER[2] BLOCK.RECORDING_SEQUENCE.TIMER[2]
334762.613 DISPLAY_SCREEN[1] BLOCK.RECORDING_SEQUENCE.DISPLAY_SCREEN[1] (BEGIN) 
334777.617 DISPLAY_SCREEN[1] BLOCK.RECORDING_SEQUENCE.DISPLAY_SCREEN[1]
337277.631 TIMER[1] BLOCK.RECORDING_SEQUENCE.TIMER[1]
337277.769 SET_BUTTON_PRESS BLOCK.RECORDING_SEQUENCE.SET_BUTTON_PRESS
337277.911 ADD_TO_RESULTS_FILE[1] BLOCK.RECORDING_SEQUENCE.ADD_TO_RESULTS_FILE[1]
337277.963 SetValueAction 
337286.605 TRIAL_IMAGE BLOCK.RECORDING_SEQUENCE.TRIAL_IMAGE (BEGIN) 
337294.912 TRIAL_IMAGE BLOCK.RECORDING_SEQUENCE.TRIAL_IMAGE
337770.044 TIMER[2] BLOCK.RECORDING_SEQUENCE.TIMER[2]
337780.612 DISPLAY_SCREEN[1] BLOCK.RECORDING_SEQUENCE.DISPLAY_SCREEN[1] (BEGIN) 
337795.038 DISPLAY_SCREEN[1] BLOCK.RECORDING_SEQUENCE.DISPLAY_SCREEN[1]
340295.064 TIMER[1] BLOCK.RECORDING_SEQUENCE.TIMER[1]
340295.201 SET_BUTTON_PRESS BLOCK.RECORDING_SEQUENCE.SET_BUTTON_PRESS
340295.344 ADD_TO_RESULTS_FILE[1] BLOCK.RECORDING_SEQUENCE.ADD_TO_RESULTS_FILE[1]
340295.396 SetValueAction 
340315.178 TRIAL_IMAGE BLOCK.RECORDING_SEQUENCE.TRIAL_IMAGE (BEGIN) 
340329.019 TRIAL_IMAGE BLOCK.RECORDING_SEQUENCE.TRIAL_IMAGE
340804.099 TIMER[2] BLOCK.RECORDING_SEQUENCE.TIMER[2]
340814.612 DISPLAY_SCREEN[1] BLOCK.RECORDING_SEQUENCE.DISPLAY_SCREEN[1] (BEGIN) 
340829.166 DISPLAY_SCREEN[1] BLOCK.RECORDING_SEQUENCE.DISPLAY_SCREEN[1]
343329.228 TIMER[1] BLOCK.RECORDING_SEQUENCE.TIMER[1]
343329.509 SET_BUTTON_PRESS BLOCK.RECORDING_SEQUENCE.SET_BUTTON_PRESS
343329.667 ADD_TO_RESULTS_FILE[1] BLOCK.RECORDING_SEQUENCE.ADD_TO_RESULTS_FILE[1]
343329.720 SetValueAction 
343330.404 TRIAL_IMAGE BLOCK.RECORDING_SEQUENCE.TRIAL_IMAGE (BEGIN) 
343346.457 TRIAL_IMAGE BLOCK.RECORDING_SEQUENCE.TRIAL_IMAGE
343821.534 TIMER[2] BLOCK.RECORDING_SEQUENCE.TIMER[2]
343831.612 DISPLAY_SCREEN[1] BLOCK.RECORDING_SEQUENCE.DISPLAY_SCREEN[1] (BEGIN) 
343846.586 DISPLAY_SCREEN[1] BLOCK.RECORDING_SEQUENCE.DISPLAY_SCREEN[1]
346346.599 TIMER[1] BLOCK.RECORDING_SEQUENCE.TIMER[1]
346346.735 SET_BUTTON_PRESS BLOCK.RECORDING_SEQUENCE.SET_BUTTON_PRESS
346346.878 ADD_TO_RESULTS_FILE[1] BLOCK.RECORDING_SEQUENCE.ADD_TO_RESULTS_FILE[1]
346346.929 SetValueAction 
346347.602 TRIAL_IMAGE BLOCK.RECORDING_SEQUENCE.TRIAL_IMAGE (BEGIN) 
346363.893 TRIAL_IMAGE BLOCK.RECORDING_SEQUENCE.TRIAL_IMAGE
346839.018 TIMER[2] BLOCK.RECORDING_SEQUENCE.TIMER[2]
346848.612 DISPLAY_SCREEN[1] BLOCK.RECORDING_SEQUENCE.DISPLAY_SCREEN[1] (BEGIN) 
346864.016 DISPLAY_SCREEN[1] BLOCK.RECORDING_SEQUENCE.DISPLAY_SCREEN[1]
349364.083 TIMER[1] BLOCK.RECORDING_SEQUENCE.TIMER[1]
349364.240 SET_BUTTON_PRESS BLOCK.RECORDING_SEQUENCE.SET_BUTTON_PRESS
349364.381 ADD_TO_RESULTS_FILE[1] BLOCK.RECORDING_SEQUENCE.ADD_TO_RESULTS_FILE[1]
349364.435 SetValueAction 
349383.361 TRIAL_IMAGE BLOCK.RECORDING_SEQUENCE.TRIAL_IMAGE (BEGIN) 
349398.003 TRIAL_IMAGE BLOCK.RECORDING_SEQUENCE.TRIAL_IMAGE
349873.064 TIMER[2] BLOCK.RECORDING_SEQUENCE.TIMER[2]
349883.612 DISPLAY_SCREEN[1] BLOCK.RECORDING_SEQUENCE.DISPLAY_SCREEN[1] (BEGIN) 
349898.148 DISPLAY_SCREEN[1] BLOCK.RECORDING_SEQUENCE.DISPLAY_SCREEN[1]
352398.194 TIMER[1] BLOCK.RECORDING_SEQUENCE.TIMER[1]
352398.331 SET_BUTTON_PRESS BLOCK.RECORDING_SEQUENCE.SET_BUTTON_PRESS
352398.473 ADD_TO_RESULTS_FILE[1] BLOCK.RECORDING_SEQUENCE.ADD_TO_RESULTS_FILE[1]
352398.525 SetValueAction 
352399.223 TRIAL_IMAGE BLOCK.RECORDING_SEQUENCE.TRIAL_IMAGE (BEGIN) 
352415.425 TRIAL_IMAGE BLOCK.RECORDING_SEQUENCE.TRIAL_IMAGE
352890.581 TIMER[2] BLOCK.RECORDING_SEQUENCE.TIMER[2]
352900.612 DISPLAY_SCREEN[1] BLOCK.RECORDING_SEQUENCE.DISPLAY_SCREEN[1] (BEGIN) 
352915.558 DISPLAY_SCREEN[1] BLOCK.RECORDING_SEQUENCE.DISPLAY_SCREEN[1]
355415.595 TIMER[1] BLOCK.RECORDING_SEQUENCE.TIMER[1]
355415.730 SET_BUTTON_PRESS BLOCK.RECORDING_SEQUENCE.SET_BUTTON_PRESS
355415.871 ADD_TO_RESULTS_FILE[1] BLOCK.RECORDING_SEQUENCE.ADD_TO_RESULTS_FILE[1]
355415.924 SetValueAction 
355423.316 TRIAL_IMAGE BLOCK.RECORDING_SEQUENCE.TRIAL_IMAGE (BEGIN) 
355432.858 TRIAL_IMAGE BLOCK.RECORDING_SEQUENCE.TRIAL_IMAGE
355907.960 TIMER[2] BLOCK.RECORDING_SEQUENCE.TIMER[2]
355917.612 DISPLAY_SCREEN[1] BLOCK.RECORDING_SEQUENCE.DISPLAY_SCREEN[1] (BEGIN) 
355932.986 DISPLAY_SCREEN[1] BLOCK.RECORDING_SEQUENCE.DISPLAY_SCREEN[1]
358432.992 TIMER[1] BLOCK.RECORDING_SEQUENCE.TIMER[1]
358433.156 SET_BUTTON_PRESS BLOCK.RECORDING_SEQUENCE.SET_BUTTON_PRESS
358433.335 ADD_TO_RESULTS_FILE[1] BLOCK.RECORDING_SEQUENCE.ADD_TO_RESULTS_FILE[1]
358433.387 SetValueAction 
358450.876 TRIAL_IMAGE BLOCK.RECORDING_SEQUENCE.TRIAL_IMAGE (BEGIN) 
358466.972 TRIAL_IMAGE BLOCK.RECORDING_SEQUENCE.TRIAL_IMAGE
358942.046 TIMER[2] BLOCK.RECORDING_SEQUENCE.TIMER[2]
358952.612 DISPLAY_SCREEN[1] BLOCK.RECORDING_SEQUENCE.DISPLAY_SCREEN[1] (BEGIN) 
358967.098 DISPLAY_SCREEN[1] BLOCK.RECORDING_SEQUENCE.DISPLAY_SCREEN[1]
361467.097 TIMER[1] BLOCK.RECORDING_SEQUENCE.TIMER[1]
361467.251 SET_BUTTON_PRESS BLOCK.RECORDING_SEQUENCE.SET_BUTTON_PRESS
361467.393 ADD_TO_RESULTS_FILE[1] BLOCK.RECORDING_SEQUENCE.ADD_TO_RESULTS_FILE[1]
361467.444 SetValueAction 
361468.123 TRIAL_IMAGE BLOCK.RECORDING_SEQUENCE.TRIAL_IMAGE (BEGIN) 
361484.409 TRIAL_IMAGE BLOCK.RECORDING_SEQUENCE.TRIAL_IMAGE
361959.473 TIMER[2] BLOCK.RECORDING_SEQUENCE.TIMER[2]
361969.612 DISPLAY_SCREEN[1] BLOCK.RECORDING_SEQUENCE.DISPLAY_SCREEN[1] (BEGIN) 
361984.528 DISPLAY_SCREEN[1] BLOCK.RECORDING_SEQUENCE.DISPLAY_SCREEN[1]
364484.542 TIMER[1] BLOCK.RECORDING_SEQUENCE.TIMER[1]
364484.678 SET_BUTTON_PRESS BLOCK.RECORDING_SEQUENCE.SET_BUTTON_PRESS
364484.822 ADD_TO_RESULTS_FILE[1] BLOCK.RECORDING_SEQUENCE.ADD_TO_RESULTS_FILE[1]
364484.875 SetValueAction 
364493.380 TRIAL_IMAGE BLOCK.RECORDING_SEQUENCE.TRIAL_IMAGE (BEGIN) 
364501.838 TRIAL_IMAGE BLOCK.RECORDING_SEQUENCE.TRIAL_IMAGE
364976.897 TIMER[2] BLOCK.RECORDING_SEQUENCE.TIMER[2]
364986.617 DISPLAY_SCREEN[1] BLOCK.RECORDING_SEQUENCE.DISPLAY_SCREEN[1] (BEGIN) 
365001.980 DISPLAY_SCREEN[1] BLOCK.RECORDING_SEQUENCE.DISPLAY_SCREEN[1]
367501.989 TIMER[1] BLOCK.RECORDING_SEQUENCE.TIMER[1]
367502.127 SET_BUTTON_PRESS BLOCK.RECORDING_SEQUENCE.SET_BUTTON_PRESS
367502.268 ADD_TO_RESULTS_FILE[1] BLOCK.RECORDING_SEQUENCE.ADD_TO_RESULTS_FILE[1]
367502.320 SetValueAction 
367502.981 TRIAL_IMAGE BLOCK.RECORDING_SEQUENCE.TRIAL_IMAGE (BEGIN) 
367519.274 TRIAL_IMAGE BLOCK.RECORDING_SEQUENCE.TRIAL_IMAGE
367994.386 TIMER[2] BLOCK.RECORDING_SEQUENCE.TIMER[2]
368004.614 DISPLAY_SCREEN[1] BLOCK.RECORDING_SEQUENCE.DISPLAY_SCREEN[1] (BEGIN) 
368019.395 DISPLAY_SCREEN[1] BLOCK.RECORDING_SEQUENCE.DISPLAY_SCREEN[1]
370519.444 TIMER[1] BLOCK.RECORDING_SEQUENCE.TIMER[1]
370519.583 SET_BUTTON_PRESS BLOCK.RECORDING_SEQUENCE.SET_BUTTON_PRESS
370519.725 ADD_TO_RESULTS_FILE[1] BLOCK.RECORDING_SEQUENCE.ADD_TO_RESULTS_FILE[1]
370519.777 SetValueAction 
370544.171 TRIAL_IMAGE BLOCK.RECORDING_SEQUENCE.TRIAL_IMAGE (BEGIN) 
370553.371 TRIAL_IMAGE BLOCK.RECORDING_SEQUENCE.TRIAL_IMAGE
371028.426 TIMER[2] BLOCK.RECORDING_SEQUENCE.TIMER[2]
371038.613 DISPLAY_SCREEN[1] BLOCK.RECORDING_SEQUENCE.DISPLAY_SCREEN[1] (BEGIN) 
371053.499 DISPLAY_SCREEN[1] BLOCK.RECORDING_SEQUENCE.DISPLAY_SCREEN[1]
373553.557 TIMER[1] BLOCK.RECORDING_SEQUENCE.TIMER[1]
373553.698 SET_BUTTON_PRESS BLOCK.RECORDING_SEQUENCE.SET_BUTTON_PRESS
373553.842 ADD_TO_RESULTS_FILE[1] BLOCK.RECORDING_SEQUENCE.ADD_TO_RESULTS_FILE[1]
373553.895 SetValueAction 
373554.554 TRIAL_IMAGE BLOCK.RECORDING_SEQUENCE.TRIAL_IMAGE (BEGIN) 
373570.818 TRIAL_IMAGE BLOCK.RECORDING_SEQUENCE.TRIAL_IMAGE
374045.926 TIMER[2] BLOCK.RECORDING_SEQUENCE.TIMER[2]
374055.613 DISPLAY_SCREEN[1] BLOCK.RECORDING_SEQUENCE.DISPLAY_SCREEN[1] (BEGIN) 
374070.942 DISPLAY_SCREEN[1] BLOCK.RECORDING_SEQUENCE.DISPLAY_SCREEN[1]
376571.011 TIMER[1] BLOCK.RECORDING_SEQUENCE.TIMER[1]
376571.168 SET_BUTTON_PRESS BLOCK.RECORDING_SEQUENCE.SET_BUTTON_PRESS
376571.309 ADD_TO_RESULTS_FILE[1] BLOCK.RECORDING_SEQUENCE.ADD_TO_RESULTS_FILE[1]
376571.362 SetValueAction 
376572.026 TRIAL_IMAGE BLOCK.RECORDING_SEQUENCE.TRIAL_IMAGE (BEGIN) 
376588.243 TRIAL_IMAGE BLOCK.RECORDING_SEQUENCE.TRIAL_IMAGE
377063.368 TIMER[2] BLOCK.RECORDING_SEQUENCE.TIMER[2]
377073.635 DISPLAY_SCREEN[1] BLOCK.RECORDING_SEQUENCE.DISPLAY_SCREEN[1] (BEGIN) 
377088.394 DISPLAY_SCREEN[1] BLOCK.RECORDING_SEQUENCE.DISPLAY_SCREEN[1]
379588.401 TIMER[1] BLOCK.RECORDING_SEQUENCE.TIMER[1]
379588.539 SET_BUTTON_PRESS BLOCK.RECORDING_SEQUENCE.SET_BUTTON_PRESS
379588.680 ADD_TO_RESULTS_FILE[1] BLOCK.RECORDING_SEQUENCE.ADD_TO_RESULTS_FILE[1]
379588.732 SetValueAction 
379589.422 TRIAL_IMAGE BLOCK.RECORDING_SEQUENCE.TRIAL_IMAGE (BEGIN) 
379605.683 TRIAL_IMAGE BLOCK.RECORDING_SEQUENCE.TRIAL_IMAGE
380080.818 TIMER[2] BLOCK.RECORDING_SEQUENCE.TIMER[2]
380090.612 DISPLAY_SCREEN[1] BLOCK.RECORDING_SEQUENCE.DISPLAY_SCREEN[1] (BEGIN) 
380105.807 DISPLAY_SCREEN[1] BLOCK.RECORDING_SEQUENCE.DISPLAY_SCREEN[1]
382605.828 TIMER[1] BLOCK.RECORDING_SEQUENCE.TIMER[1]
382605.967 SET_BUTTON_PRESS BLOCK.RECORDING_SEQUENCE.SET_BUTTON_PRESS
382606.139 ADD_TO_RESULTS_FILE[1] BLOCK.RECORDING_SEQUENCE.ADD_TO_RESULTS_FILE[1]
382606.192 SetValueAction 
382614.629 TRIAL_IMAGE BLOCK.RECORDING_SEQUENCE.TRIAL_IMAGE (BEGIN) 
382623.123 TRIAL_IMAGE BLOCK.RECORDING_SEQUENCE.TRIAL_IMAGE
383098.247 TIMER[2] BLOCK.RECORDING_SEQUENCE.TIMER[2]
383108.612 DISPLAY_SCREEN[1] BLOCK.RECORDING_SEQUENCE.DISPLAY_SCREEN[1] (BEGIN) 
383123.246 DISPLAY_SCREEN[1] BLOCK.RECORDING_SEQUENCE.DISPLAY_SCREEN[1]
385623.295 TIMER[1] BLOCK.RECORDING_SEQUENCE.TIMER[1]
385623.433 SET_BUTTON_PRESS BLOCK.RECORDING_SEQUENCE.SET_BUTTON_PRESS
385623.574 ADD_TO_RESULTS_FILE[1] BLOCK.RECORDING_SEQUENCE.ADD_TO_RESULTS_FILE[1]
385623.626 SetValueAction 
385713.676 TRIAL_IMAGE BLOCK.RECORDING_SEQUENCE.TRIAL_IMAGE (BEGIN) 
385723.952 TRIAL_IMAGE BLOCK.RECORDING_SEQUENCE.TRIAL_IMAGE
386198.996 TIMER[2] BLOCK.RECORDING_SEQUENCE.TIMER[2]
386208.613 DISPLAY_SCREEN[1] BLOCK.RECORDING_SEQUENCE.DISPLAY_SCREEN[1] (BEGIN) 
386224.033 DISPLAY_SCREEN[1] BLOCK.RECORDING_SEQUENCE.DISPLAY_SCREEN[1]
388724.107 TIMER[1] BLOCK.RECORDING_SEQUENCE.TIMER[1]
388724.250 SET_BUTTON_PRESS BLOCK.RECORDING_SEQUENCE.SET_BUTTON_PRESS
388724.412 ADD_TO_RESULTS_FILE[1] BLOCK.RECORDING_SEQUENCE.ADD_TO_RESULTS_FILE[1]
388724.466 SetValueAction 
388732.685 TRIAL_IMAGE BLOCK.RECORDING_SEQUENCE.TRIAL_IMAGE (BEGIN) 
388741.340 TRIAL_IMAGE BLOCK.RECORDING_SEQUENCE.TRIAL_IMAGE
389216.421 TIMER[2] BLOCK.RECORDING_SEQUENCE.TIMER[2]
389226.613 DISPLAY_SCREEN[1] BLOCK.RECORDING_SEQUENCE.DISPLAY_SCREEN[1] (BEGIN) 
389241.469 DISPLAY_SCREEN[1] BLOCK.RECORDING_SEQUENCE.DISPLAY_SCREEN[1]
391741.480 TIMER[1] BLOCK.RECORDING_SEQUENCE.TIMER[1]
391741.619 SET_BUTTON_PRESS BLOCK.RECORDING_SEQUENCE.SET_BUTTON_PRESS
391741.763 ADD_TO_RESULTS_FILE[1] BLOCK.RECORDING_SEQUENCE.ADD_TO_RESULTS_FILE[1]
391741.816 SetValueAction 
391742.517 TRIAL_IMAGE BLOCK.RECORDING_SEQUENCE.TRIAL_IMAGE (BEGIN) 
391758.785 TRIAL_IMAGE BLOCK.RECORDING_SEQUENCE.TRIAL_IMAGE
392233.871 TIMER[2] BLOCK.RECORDING_SEQUENCE.TIMER[2]
392243.616 DISPLAY_SCREEN[1] BLOCK.RECORDING_SEQUENCE.DISPLAY_SCREEN[1] (BEGIN) 
392258.924 DISPLAY_SCREEN[1] BLOCK.RECORDING_SEQUENCE.DISPLAY_SCREEN[1]
394758.962 TIMER[1] BLOCK.RECORDING_SEQUENCE.TIMER[1]
394759.131 SET_BUTTON_PRESS BLOCK.RECORDING_SEQUENCE.SET_BUTTON_PRESS
394759.272 ADD_TO_RESULTS_FILE[1] BLOCK.RECORDING_SEQUENCE.ADD_TO_RESULTS_FILE[1]
394759.324 SetValueAction 
394759.997 TRIAL_IMAGE BLOCK.RECORDING_SEQUENCE.TRIAL_IMAGE (BEGIN) 
394776.200 TRIAL_IMAGE BLOCK.RECORDING_SEQUENCE.TRIAL_IMAGE
395251.301 TIMER[2] BLOCK.RECORDING_SEQUENCE.TIMER[2]
395261.613 DISPLAY_SCREEN[1] BLOCK.RECORDING_SEQUENCE.DISPLAY_SCREEN[1] (BEGIN) 
395276.335 DISPLAY_SCREEN[1] BLOCK.RECORDING_SEQUENCE.DISPLAY_SCREEN[1]
397776.346 TIMER[1] BLOCK.RECORDING_SEQUENCE.TIMER[1]
397776.503 SET_BUTTON_PRESS BLOCK.RECORDING_SEQUENCE.SET_BUTTON_PRESS
397776.644 ADD_TO_RESULTS_FILE[1] BLOCK.RECORDING_SEQUENCE.ADD_TO_RESULTS_FILE[1]
397776.695 SetValueAction 
397777.457 TRIAL_IMAGE BLOCK.RECORDING_SEQUENCE.TRIAL_IMAGE (BEGIN) 
397793.644 TRIAL_IMAGE BLOCK.RECORDING_SEQUENCE.TRIAL_IMAGE
398268.789 TIMER[2] BLOCK.RECORDING_SEQUENCE.TIMER[2]
398278.612 DISPLAY_SCREEN[1] BLOCK.RECORDING_SEQUENCE.DISPLAY_SCREEN[1] (BEGIN) 
398293.764 DISPLAY_SCREEN[1] BLOCK.RECORDING_SEQUENCE.DISPLAY_SCREEN[1]
400793.824 TIMER[1] BLOCK.RECORDING_SEQUENCE.TIMER[1]
400793.963 SET_BUTTON_PRESS BLOCK.RECORDING_SEQUENCE.SET_BUTTON_PRESS
400794.120 ADD_TO_RESULTS_FILE[1] BLOCK.RECORDING_SEQUENCE.ADD_TO_RESULTS_FILE[1]
400794.178 SetValueAction 
400815.798 TRIAL_IMAGE BLOCK.RECORDING_SEQUENCE.TRIAL_IMAGE (BEGIN) 
400827.742 TRIAL_IMAGE BLOCK.RECORDING_SEQUENCE.TRIAL_IMAGE
401302.806 TIMER[2] BLOCK.RECORDING_SEQUENCE.TIMER[2]
401312.612 DISPLAY_SCREEN[1] BLOCK.RECORDING_SEQUENCE.DISPLAY_SCREEN[1] (BEGIN) 
401327.867 DISPLAY_SCREEN[1] BLOCK.RECORDING_SEQUENCE.DISPLAY_SCREEN[1]
403827.924 TIMER[1] BLOCK.RECORDING_SEQUENCE.TIMER[1]
403828.063 SET_BUTTON_PRESS BLOCK.RECORDING_SEQUENCE.SET_BUTTON_PRESS
403828.207 ADD_TO_RESULTS_FILE[1] BLOCK.RECORDING_SEQUENCE.ADD_TO_RESULTS_FILE[1]
403828.259 SetValueAction 
403828.980 TRIAL_IMAGE BLOCK.RECORDING_SEQUENCE.TRIAL_IMAGE (BEGIN) 
403845.182 TRIAL_IMAGE BLOCK.RECORDING_SEQUENCE.TRIAL_IMAGE
404320.257 TIMER[2] BLOCK.RECORDING_SEQUENCE.TIMER[2]
404330.618 DISPLAY_SCREEN[1] BLOCK.RECORDING_SEQUENCE.DISPLAY_SCREEN[1] (BEGIN) 
404345.309 DISPLAY_SCREEN[1] BLOCK.RECORDING_SEQUENCE.DISPLAY_SCREEN[1]
406845.357 TIMER[1] BLOCK.RECORDING_SEQUENCE.TIMER[1]
406845.501 SET_BUTTON_PRESS BLOCK.RECORDING_SEQUENCE.SET_BUTTON_PRESS
406845.644 ADD_TO_RESULTS_FILE[1] BLOCK.RECORDING_SEQUENCE.ADD_TO_RESULTS_FILE[1]
406845.697 SetValueAction 
406846.383 TRIAL_IMAGE BLOCK.RECORDING_SEQUENCE.TRIAL_IMAGE (BEGIN) 
406862.615 TRIAL_IMAGE BLOCK.RECORDING_SEQUENCE.TRIAL_IMAGE
407337.676 TIMER[2] BLOCK.RECORDING_SEQUENCE.TIMER[2]
407347.636 DISPLAY_SCREEN[1] BLOCK.RECORDING_SEQUENCE.DISPLAY_SCREEN[1] (BEGIN) 
407362.755 DISPLAY_SCREEN[1] BLOCK.RECORDING_SEQUENCE.DISPLAY_SCREEN[1]
409862.753 TIMER[1] BLOCK.RECORDING_SEQUENCE.TIMER[1]
409862.899 SET_BUTTON_PRESS BLOCK.RECORDING_SEQUENCE.SET_BUTTON_PRESS
409863.065 ADD_TO_RESULTS_FILE[1] BLOCK.RECORDING_SEQUENCE.ADD_TO_RESULTS_FILE[1]
409863.118 SetValueAction 
409863.829 TRIAL_IMAGE BLOCK.RECORDING_SEQUENCE.TRIAL_IMAGE (BEGIN) 
409880.050 TRIAL_IMAGE BLOCK.RECORDING_SEQUENCE.TRIAL_IMAGE
410355.119 TIMER[2] BLOCK.RECORDING_SEQUENCE.TIMER[2]
410365.614 DISPLAY_SCREEN[1] BLOCK.RECORDING_SEQUENCE.DISPLAY_SCREEN[1] (BEGIN) 
410380.178 DISPLAY_SCREEN[1] BLOCK.RECORDING_SEQUENCE.DISPLAY_SCREEN[1]
412880.233 TIMER[1] BLOCK.RECORDING_SEQUENCE.TIMER[1]
412880.375 SET_BUTTON_PRESS BLOCK.RECORDING_SEQUENCE.SET_BUTTON_PRESS
412880.520 ADD_TO_RESULTS_FILE[1] BLOCK.RECORDING_SEQUENCE.ADD_TO_RESULTS_FILE[1]
412880.574 SetValueAction 
412881.283 TRIAL_IMAGE BLOCK.RECORDING_SEQUENCE.TRIAL_IMAGE (BEGIN) 
412897.492 TRIAL_IMAGE BLOCK.RECORDING_SEQUENCE.TRIAL_IMAGE
413372.611 TIMER[2] BLOCK.RECORDING_SEQUENCE.TIMER[2]
413382.615 DISPLAY_SCREEN[1] BLOCK.RECORDING_SEQUENCE.DISPLAY_SCREEN[1] (BEGIN) 
413397.608 DISPLAY_SCREEN[1] BLOCK.RECORDING_SEQUENCE.DISPLAY_SCREEN[1]
415897.627 TIMER[1] BLOCK.RECORDING_SEQUENCE.TIMER[1]
415897.770 SET_BUTTON_PRESS BLOCK.RECORDING_SEQUENCE.SET_BUTTON_PRESS
415897.914 ADD_TO_RESULTS_FILE[1] BLOCK.RECORDING_SEQUENCE.ADD_TO_RESULTS_FILE[1]
415897.968 SetValueAction 
415898.712 TRIAL_IMAGE BLOCK.RECORDING_SEQUENCE.TRIAL_IMAGE (BEGIN) 
415914.914 TRIAL_IMAGE BLOCK.RECORDING_SEQUENCE.TRIAL_IMAGE
416390.027 TIMER[2] BLOCK.RECORDING_SEQUENCE.TIMER[2]
416400.615 DISPLAY_SCREEN[1] BLOCK.RECORDING_SEQUENCE.DISPLAY_SCREEN[1] (BEGIN) 
416415.046 DISPLAY_SCREEN[1] BLOCK.RECORDING_SEQUENCE.DISPLAY_SCREEN[1]
418915.118 TIMER[1] BLOCK.RECORDING_SEQUENCE.TIMER[1]
418915.264 SET_BUTTON_PRESS BLOCK.RECORDING_SEQUENCE.SET_BUTTON_PRESS
418915.409 ADD_TO_RESULTS_FILE[1] BLOCK.RECORDING_SEQUENCE.ADD_TO_RESULTS_FILE[1]
418915.464 SetValueAction 
418916.221 TRIAL_IMAGE BLOCK.RECORDING_SEQUENCE.TRIAL_IMAGE (BEGIN) 
418932.367 TRIAL_IMAGE BLOCK.RECORDING_SEQUENCE.TRIAL_IMAGE
419407.465 TIMER[2] BLOCK.RECORDING_SEQUENCE.TIMER[2]
419417.614 DISPLAY_SCREEN[1] BLOCK.RECORDING_SEQUENCE.DISPLAY_SCREEN[1] (BEGIN) 
419432.473 DISPLAY_SCREEN[1] BLOCK.RECORDING_SEQUENCE.DISPLAY_SCREEN[1]
421932.541 TIMER[1] BLOCK.RECORDING_SEQUENCE.TIMER[1]
421932.688 SET_BUTTON_PRESS BLOCK.RECORDING_SEQUENCE.SET_BUTTON_PRESS
421932.835 ADD_TO_RESULTS_FILE[1] BLOCK.RECORDING_SEQUENCE.ADD_TO_RESULTS_FILE[1]
421932.890 SetValueAction 
421952.803 TRIAL_IMAGE BLOCK.RECORDING_SEQUENCE.TRIAL_IMAGE (BEGIN) 
421966.452 TRIAL_IMAGE BLOCK.RECORDING_SEQUENCE.TRIAL_IMAGE
422441.586 TIMER[2] BLOCK.RECORDING_SEQUENCE.TIMER[2]
422451.614 DISPLAY_SCREEN[1] BLOCK.RECORDING_SEQUENCE.DISPLAY_SCREEN[1] (BEGIN) 
422466.593 DISPLAY_SCREEN[1] BLOCK.RECORDING_SEQUENCE.DISPLAY_SCREEN[1]
424966.602 TIMER[1] BLOCK.RECORDING_SEQUENCE.TIMER[1]
424966.747 SET_BUTTON_PRESS BLOCK.RECORDING_SEQUENCE.SET_BUTTON_PRESS
424966.891 ADD_TO_RESULTS_FILE[1] BLOCK.RECORDING_SEQUENCE.ADD_TO_RESULTS_FILE[1]
424966.945 SetValueAction 
424967.691 TRIAL_IMAGE BLOCK.RECORDING_SEQUENCE.TRIAL_IMAGE (BEGIN) 
424983.900 TRIAL_IMAGE BLOCK.RECORDING_SEQUENCE.TRIAL_IMAGE
425459.023 TIMER[2] BLOCK.RECORDING_SEQUENCE.TIMER[2]
425468.615 DISPLAY_SCREEN[1] BLOCK.RECORDING_SEQUENCE.DISPLAY_SCREEN[1] (BEGIN) 
425484.021 DISPLAY_SCREEN[1] BLOCK.RECORDING_SEQUENCE.DISPLAY_SCREEN[1]
427984.035 TIMER[1] BLOCK.RECORDING_SEQUENCE.TIMER[1]
427984.188 SET_BUTTON_PRESS BLOCK.RECORDING_SEQUENCE.SET_BUTTON_PRESS
427984.334 ADD_TO_RESULTS_FILE[1] BLOCK.RECORDING_SEQUENCE.ADD_TO_RESULTS_FILE[1]
427984.388 SetValueAction 
427992.811 TRIAL_IMAGE BLOCK.RECORDING_SEQUENCE.TRIAL_IMAGE (BEGIN) 
428001.314 TRIAL_IMAGE BLOCK.RECORDING_SEQUENCE.TRIAL_IMAGE
428476.425 TIMER[2] BLOCK.RECORDING_SEQUENCE.TIMER[2]
428486.614 DISPLAY_SCREEN[1] BLOCK.RECORDING_SEQUENCE.DISPLAY_SCREEN[1] (BEGIN) 
428501.458 DISPLAY_SCREEN[1] BLOCK.RECORDING_SEQUENCE.DISPLAY_SCREEN[1]
431001.503 TIMER[1] BLOCK.RECORDING_SEQUENCE.TIMER[1]
431001.649 SET_BUTTON_PRESS BLOCK.RECORDING_SEQUENCE.SET_BUTTON_PRESS
431001.793 ADD_TO_RESULTS_FILE[1] BLOCK.RECORDING_SEQUENCE.ADD_TO_RESULTS_FILE[1]
431001.846 SetValueAction 
431002.604 TRIAL_IMAGE BLOCK.RECORDING_SEQUENCE.TRIAL_IMAGE (BEGIN) 
431018.777 TRIAL_IMAGE BLOCK.RECORDING_SEQUENCE.TRIAL_IMAGE
431493.852 TIMER[2] BLOCK.RECORDING_SEQUENCE.TIMER[2]
431503.617 DISPLAY_SCREEN[1] BLOCK.RECORDING_SEQUENCE.DISPLAY_SCREEN[1] (BEGIN) 
431518.894 DISPLAY_SCREEN[1] BLOCK.RECORDING_SEQUENCE.DISPLAY_SCREEN[1]
434018.944 TIMER[1] BLOCK.RECORDING_SEQUENCE.TIMER[1]
434019.091 SET_BUTTON_PRESS BLOCK.RECORDING_SEQUENCE.SET_BUTTON_PRESS
434019.238 ADD_TO_RESULTS_FILE[1] BLOCK.RECORDING_SEQUENCE.ADD_TO_RESULTS_FILE[1]
434019.291 SetValueAction 
434020.014 TRIAL_IMAGE BLOCK.RECORDING_SEQUENCE.TRIAL_IMAGE (BEGIN) 
434036.195 TRIAL_IMAGE BLOCK.RECORDING_SEQUENCE.TRIAL_IMAGE
434511.261 TIMER[2] BLOCK.RECORDING_SEQUENCE.TIMER[2]
434521.621 DISPLAY_SCREEN[1] BLOCK.RECORDING_SEQUENCE.DISPLAY_SCREEN[1] (BEGIN) 
434536.322 DISPLAY_SCREEN[1] BLOCK.RECORDING_SEQUENCE.DISPLAY_SCREEN[1]
437036.354 TIMER[1] BLOCK.RECORDING_SEQUENCE.TIMER[1]
437036.496 SET_BUTTON_PRESS BLOCK.RECORDING_SEQUENCE.SET_BUTTON_PRESS
437036.639 ADD_TO_RESULTS_FILE[1] BLOCK.RECORDING_SEQUENCE.ADD_TO_RESULTS_FILE[1]
437036.692 SetValueAction 
437045.058 TRIAL_IMAGE BLOCK.RECORDING_SEQUENCE.TRIAL_IMAGE (BEGIN) 
437053.619 TRIAL_IMAGE BLOCK.RECORDING_SEQUENCE.TRIAL_IMAGE
437528.755 TIMER[2] BLOCK.RECORDING_SEQUENCE.TIMER[2]
437538.615 DISPLAY_SCREEN[1] BLOCK.RECORDING_SEQUENCE.DISPLAY_SCREEN[1] (BEGIN) 
437553.759 DISPLAY_SCREEN[1] BLOCK.RECORDING_SEQUENCE.DISPLAY_SCREEN[1]
440053.804 TIMER[1] BLOCK.RECORDING_SEQUENCE.TIMER[1]
440053.947 SET_BUTTON_PRESS BLOCK.RECORDING_SEQUENCE.SET_BUTTON_PRESS
440054.107 ADD_TO_RESULTS_FILE[1] BLOCK.RECORDING_SEQUENCE.ADD_TO_RESULTS_FILE[1]
440054.160 SetValueAction 
440054.866 TRIAL_IMAGE BLOCK.RECORDING_SEQUENCE.TRIAL_IMAGE (BEGIN) 
440071.067 TRIAL_IMAGE BLOCK.RECORDING_SEQUENCE.TRIAL_IMAGE
440546.175 TIMER[2] BLOCK.RECORDING_SEQUENCE.TIMER[2]
440556.614 DISPLAY_SCREEN[1] BLOCK.RECORDING_SEQUENCE.DISPLAY_SCREEN[1] (BEGIN) 
440571.187 DISPLAY_SCREEN[1] BLOCK.RECORDING_SEQUENCE.DISPLAY_SCREEN[1]
443071.209 TIMER[1] BLOCK.RECORDING_SEQUENCE.TIMER[1]
443071.353 SET_BUTTON_PRESS BLOCK.RECORDING_SEQUENCE.SET_BUTTON_PRESS
443071.498 ADD_TO_RESULTS_FILE[1] BLOCK.RECORDING_SEQUENCE.ADD_TO_RESULTS_FILE[1]
443071.551 SetValueAction 
443072.268 TRIAL_IMAGE BLOCK.RECORDING_SEQUENCE.TRIAL_IMAGE (BEGIN) 
443088.498 TRIAL_IMAGE BLOCK.RECORDING_SEQUENCE.TRIAL_IMAGE
443563.582 TIMER[2] BLOCK.RECORDING_SEQUENCE.TIMER[2]
443573.615 DISPLAY_SCREEN[1] BLOCK.RECORDING_SEQUENCE.DISPLAY_SCREEN[1] (BEGIN) 
443588.621 DISPLAY_SCREEN[1] BLOCK.RECORDING_SEQUENCE.DISPLAY_SCREEN[1]
446088.689 TIMER[1] BLOCK.RECORDING_SEQUENCE.TIMER[1]
446088.831 SET_BUTTON_PRESS BLOCK.RECORDING_SEQUENCE.SET_BUTTON_PRESS
446088.974 ADD_TO_RESULTS_FILE[1] BLOCK.RECORDING_SEQUENCE.ADD_TO_RESULTS_FILE[1]
446089.027 SetValueAction 
446089.735 TRIAL_IMAGE BLOCK.RECORDING_SEQUENCE.TRIAL_IMAGE (BEGIN) 
446105.936 TRIAL_IMAGE BLOCK.RECORDING_SEQUENCE.TRIAL_IMAGE
446581.058 TIMER[2] BLOCK.RECORDING_SEQUENCE.TIMER[2]
446591.615 DISPLAY_SCREEN[1] BLOCK.RECORDING_SEQUENCE.DISPLAY_SCREEN[1] (BEGIN) 
446606.058 DISPLAY_SCREEN[1] BLOCK.RECORDING_SEQUENCE.DISPLAY_SCREEN[1]
449106.068 TIMER[1] BLOCK.RECORDING_SEQUENCE.TIMER[1]
449106.228 SET_BUTTON_PRESS BLOCK.RECORDING_SEQUENCE.SET_BUTTON_PRESS
449106.372 ADD_TO_RESULTS_FILE[1] BLOCK.RECORDING_SEQUENCE.ADD_TO_RESULTS_FILE[1]
449106.425 SetValueAction 
449107.167 TRIAL_IMAGE BLOCK.RECORDING_SEQUENCE.TRIAL_IMAGE (BEGIN) 
449123.375 TRIAL_IMAGE BLOCK.RECORDING_SEQUENCE.TRIAL_IMAGE
449598.506 TIMER[2] BLOCK.RECORDING_SEQUENCE.TIMER[2]
449608.614 DISPLAY_SCREEN[1] BLOCK.RECORDING_SEQUENCE.DISPLAY_SCREEN[1] (BEGIN) 
449623.488 DISPLAY_SCREEN[1] BLOCK.RECORDING_SEQUENCE.DISPLAY_SCREEN[1]
452123.537 TIMER[1] BLOCK.RECORDING_SEQUENCE.TIMER[1]
452123.680 SET_BUTTON_PRESS BLOCK.RECORDING_SEQUENCE.SET_BUTTON_PRESS
452123.827 ADD_TO_RESULTS_FILE[1] BLOCK.RECORDING_SEQUENCE.ADD_TO_RESULTS_FILE[1]
452123.881 SetValueAction 
452124.591 TRIAL_IMAGE BLOCK.RECORDING_SEQUENCE.TRIAL_IMAGE (BEGIN) 
452140.800 TRIAL_IMAGE BLOCK.RECORDING_SEQUENCE.TRIAL_IMAGE
452615.882 TIMER[2] BLOCK.RECORDING_SEQUENCE.TIMER[2]
452625.615 DISPLAY_SCREEN[1] BLOCK.RECORDING_SEQUENCE.DISPLAY_SCREEN[1] (BEGIN) 
452640.936 DISPLAY_SCREEN[1] BLOCK.RECORDING_SEQUENCE.DISPLAY_SCREEN[1]
455141.011 TIMER[1] BLOCK.RECORDING_SEQUENCE.TIMER[1]
455141.154 SET_BUTTON_PRESS BLOCK.RECORDING_SEQUENCE.SET_BUTTON_PRESS
455141.297 ADD_TO_RESULTS_FILE[1] BLOCK.RECORDING_SEQUENCE.ADD_TO_RESULTS_FILE[1]
455141.349 SetValueAction 
455141.605 TRIAL_IMAGE BLOCK.RECORDING_SEQUENCE.TRIAL_IMAGE (BEGIN) 
455158.252 TRIAL_IMAGE BLOCK.RECORDING_SEQUENCE.TRIAL_IMAGE
455633.289 TIMER[2] BLOCK.RECORDING_SEQUENCE.TIMER[2]
455643.615 DISPLAY_SCREEN[1] BLOCK.RECORDING_SEQUENCE.DISPLAY_SCREEN[1] (BEGIN) 
455658.359 DISPLAY_SCREEN[1] BLOCK.RECORDING_SEQUENCE.DISPLAY_SCREEN[1]
458158.382 TIMER[1] BLOCK.RECORDING_SEQUENCE.TIMER[1]
458158.526 SET_BUTTON_PRESS BLOCK.RECORDING_SEQUENCE.SET_BUTTON_PRESS
458158.671 ADD_TO_RESULTS_FILE[1] BLOCK.RECORDING_SEQUENCE.ADD_TO_RESULTS_FILE[1]
458158.725 SetValueAction 
458159.491 TRIAL_IMAGE BLOCK.RECORDING_SEQUENCE.TRIAL_IMAGE (BEGIN) 
458175.685 TRIAL_IMAGE BLOCK.RECORDING_SEQUENCE.TRIAL_IMAGE
458650.760 TIMER[2] BLOCK.RECORDING_SEQUENCE.TIMER[2]
458660.615 DISPLAY_SCREEN[1] BLOCK.RECORDING_SEQUENCE.DISPLAY_SCREEN[1] (BEGIN) 
458675.797 DISPLAY_SCREEN[1] BLOCK.RECORDING_SEQUENCE.DISPLAY_SCREEN[1]
461175.837 TIMER[1] BLOCK.RECORDING_SEQUENCE.TIMER[1]
461176.004 SET_BUTTON_PRESS BLOCK.RECORDING_SEQUENCE.SET_BUTTON_PRESS
461176.170 ADD_TO_RESULTS_FILE[1] BLOCK.RECORDING_SEQUENCE.ADD_TO_RESULTS_FILE[1]
461176.224 SetValueAction 
461176.922 TRIAL_IMAGE BLOCK.RECORDING_SEQUENCE.TRIAL_IMAGE (BEGIN) 
461193.098 TRIAL_IMAGE BLOCK.RECORDING_SEQUENCE.TRIAL_IMAGE
461668.247 TIMER[2] BLOCK.RECORDING_SEQUENCE.TIMER[2]
461678.643 DISPLAY_SCREEN[1] BLOCK.RECORDING_SEQUENCE.DISPLAY_SCREEN[1] (BEGIN) 
461693.258 DISPLAY_SCREEN[1] BLOCK.RECORDING_SEQUENCE.DISPLAY_SCREEN[1]
464193.265 TIMER[1] BLOCK.RECORDING_SEQUENCE.TIMER[1]
464193.408 SET_BUTTON_PRESS BLOCK.RECORDING_SEQUENCE.SET_BUTTON_PRESS
464193.552 ADD_TO_RESULTS_FILE[1] BLOCK.RECORDING_SEQUENCE.ADD_TO_RESULTS_FILE[1]
464193.605 SetValueAction 
464194.351 TRIAL_IMAGE BLOCK.RECORDING_SEQUENCE.TRIAL_IMAGE (BEGIN) 
464210.548 TRIAL_IMAGE BLOCK.RECORDING_SEQUENCE.TRIAL_IMAGE
464685.674 TIMER[2] BLOCK.RECORDING_SEQUENCE.TIMER[2]
464695.614 DISPLAY_SCREEN[1] BLOCK.RECORDING_SEQUENCE.DISPLAY_SCREEN[1] (BEGIN) 
464710.667 DISPLAY_SCREEN[1] BLOCK.RECORDING_SEQUENCE.DISPLAY_SCREEN[1]
467210.715 TIMER[1] BLOCK.RECORDING_SEQUENCE.TIMER[1]
467210.879 SET_BUTTON_PRESS BLOCK.RECORDING_SEQUENCE.SET_BUTTON_PRESS
467211.049 ADD_TO_RESULTS_FILE[1] BLOCK.RECORDING_SEQUENCE.ADD_TO_RESULTS_FILE[1]
467211.108 SetValueAction 
467232.684 TRIAL_IMAGE BLOCK.RECORDING_SEQUENCE.TRIAL_IMAGE (BEGIN) 
467244.669 TRIAL_IMAGE BLOCK.RECORDING_SEQUENCE.TRIAL_IMAGE
467719.711 TIMER[2] BLOCK.RECORDING_SEQUENCE.TIMER[2]
467729.613 DISPLAY_SCREEN[1] BLOCK.RECORDING_SEQUENCE.DISPLAY_SCREEN[1] (BEGIN) 
467744.768 DISPLAY_SCREEN[1] BLOCK.RECORDING_SEQUENCE.DISPLAY_SCREEN[1]
470244.792 TIMER[1] BLOCK.RECORDING_SEQUENCE.TIMER[1]
470244.951 SET_BUTTON_PRESS BLOCK.RECORDING_SEQUENCE.SET_BUTTON_PRESS
470245.093 ADD_TO_RESULTS_FILE[1] BLOCK.RECORDING_SEQUENCE.ADD_TO_RESULTS_FILE[1]
470245.146 SetValueAction 
470245.850 TRIAL_IMAGE BLOCK.RECORDING_SEQUENCE.TRIAL_IMAGE (BEGIN) 
470262.082 TRIAL_IMAGE BLOCK.RECORDING_SEQUENCE.TRIAL_IMAGE
470737.191 TIMER[2] BLOCK.RECORDING_SEQUENCE.TIMER[2]
470747.614 DISPLAY_SCREEN[1] BLOCK.RECORDING_SEQUENCE.DISPLAY_SCREEN[1] (BEGIN) 
470762.215 DISPLAY_SCREEN[1] BLOCK.RECORDING_SEQUENCE.DISPLAY_SCREEN[1]
473262.254 TIMER[1] BLOCK.RECORDING_SEQUENCE.TIMER[1]
473262.408 SET_BUTTON_PRESS BLOCK.RECORDING_SEQUENCE.SET_BUTTON_PRESS
473262.559 ADD_TO_RESULTS_FILE[1] BLOCK.RECORDING_SEQUENCE.ADD_TO_RESULTS_FILE[1]
473262.614 SetValueAction 
473263.299 TRIAL_IMAGE BLOCK.RECORDING_SEQUENCE.TRIAL_IMAGE (BEGIN) 
473279.542 TRIAL_IMAGE BLOCK.RECORDING_SEQUENCE.TRIAL_IMAGE
473754.573 TIMER[2] BLOCK.RECORDING_SEQUENCE.TIMER[2]
473764.617 DISPLAY_SCREEN[1] BLOCK.RECORDING_SEQUENCE.DISPLAY_SCREEN[1] (BEGIN) 
473779.663 DISPLAY_SCREEN[1] BLOCK.RECORDING_SEQUENCE.DISPLAY_SCREEN[1]
476279.658 TIMER[1] BLOCK.RECORDING_SEQUENCE.TIMER[1]
476279.799 SET_BUTTON_PRESS BLOCK.RECORDING_SEQUENCE.SET_BUTTON_PRESS
476279.963 ADD_TO_RESULTS_FILE[1] BLOCK.RECORDING_SEQUENCE.ADD_TO_RESULTS_FILE[1]
476280.015 SetValueAction 
476288.278 TRIAL_IMAGE BLOCK.RECORDING_SEQUENCE.TRIAL_IMAGE (BEGIN) 
476296.943 TRIAL_IMAGE BLOCK.RECORDING_SEQUENCE.TRIAL_IMAGE
476772.033 TIMER[2] BLOCK.RECORDING_SEQUENCE.TIMER[2]
476782.614 DISPLAY_SCREEN[1] BLOCK.RECORDING_SEQUENCE.DISPLAY_SCREEN[1] (BEGIN) 
476797.068 DISPLAY_SCREEN[1] BLOCK.RECORDING_SEQUENCE.DISPLAY_SCREEN[1]
479297.101 TIMER[1] BLOCK.RECORDING_SEQUENCE.TIMER[1]
479297.246 SET_BUTTON_PRESS BLOCK.RECORDING_SEQUENCE.SET_BUTTON_PRESS
479297.389 ADD_TO_RESULTS_FILE[1] BLOCK.RECORDING_SEQUENCE.ADD_TO_RESULTS_FILE[1]
479297.442 SetValueAction 
479298.204 TRIAL_IMAGE BLOCK.RECORDING_SEQUENCE.TRIAL_IMAGE (BEGIN) 
479314.377 TRIAL_IMAGE BLOCK.RECORDING_SEQUENCE.TRIAL_IMAGE
479789.518 TIMER[2] BLOCK.RECORDING_SEQUENCE.TIMER[2]
479799.634 DISPLAY_SCREEN[1] BLOCK.RECORDING_SEQUENCE.DISPLAY_SCREEN[1] (BEGIN) 
479814.530 DISPLAY_SCREEN[1] BLOCK.RECORDING_SEQUENCE.DISPLAY_SCREEN[1]
482314.563 TIMER[1] BLOCK.RECORDING_SEQUENCE.TIMER[1]
482314.705 SET_BUTTON_PRESS BLOCK.RECORDING_SEQUENCE.SET_BUTTON_PRESS
482314.852 ADD_TO_RESULTS_FILE[1] BLOCK.RECORDING_SEQUENCE.ADD_TO_RESULTS_FILE[1]
482314.928 SetValueAction 
482315.629 TRIAL_IMAGE BLOCK.RECORDING_SEQUENCE.TRIAL_IMAGE (BEGIN) 
482331.825 TRIAL_IMAGE BLOCK.RECORDING_SEQUENCE.TRIAL_IMAGE
482806.939 TIMER[2] BLOCK.RECORDING_SEQUENCE.TIMER[2]
482816.619 DISPLAY_SCREEN[1] BLOCK.RECORDING_SEQUENCE.DISPLAY_SCREEN[1] (BEGIN) 
482831.936 DISPLAY_SCREEN[1] BLOCK.RECORDING_SEQUENCE.DISPLAY_SCREEN[1]
485331.976 TIMER[1] BLOCK.RECORDING_SEQUENCE.TIMER[1]
485332.120 SET_BUTTON_PRESS BLOCK.RECORDING_SEQUENCE.SET_BUTTON_PRESS
485332.266 ADD_TO_RESULTS_FILE[1] BLOCK.RECORDING_SEQUENCE.ADD_TO_RESULTS_FILE[1]
485332.320 SetValueAction 
485332.995 TRIAL_IMAGE BLOCK.RECORDING_SEQUENCE.TRIAL_IMAGE (BEGIN) 
485349.244 TRIAL_IMAGE BLOCK.RECORDING_SEQUENCE.TRIAL_IMAGE
485824.386 TIMER[2] BLOCK.RECORDING_SEQUENCE.TIMER[2]
485834.616 DISPLAY_SCREEN[1] BLOCK.RECORDING_SEQUENCE.DISPLAY_SCREEN[1] (BEGIN) 
485849.387 DISPLAY_SCREEN[1] BLOCK.RECORDING_SEQUENCE.DISPLAY_SCREEN[1]
488349.432 TIMER[1] BLOCK.RECORDING_SEQUENCE.TIMER[1]
488349.578 SET_BUTTON_PRESS BLOCK.RECORDING_SEQUENCE.SET_BUTTON_PRESS
488349.729 ADD_TO_RESULTS_FILE[1] BLOCK.RECORDING_SEQUENCE.ADD_TO_RESULTS_FILE[1]
488349.783 SetValueAction 
488363.166 TRIAL_IMAGE BLOCK.RECORDING_SEQUENCE.TRIAL_IMAGE (BEGIN) 
488366.670 TRIAL_IMAGE BLOCK.RECORDING_SEQUENCE.TRIAL_IMAGE
488841.795 TIMER[2] BLOCK.RECORDING_SEQUENCE.TIMER[2]
488851.616 DISPLAY_SCREEN[1] BLOCK.RECORDING_SEQUENCE.DISPLAY_SCREEN[1] (BEGIN) 
488866.806 DISPLAY_SCREEN[1] BLOCK.RECORDING_SEQUENCE.DISPLAY_SCREEN[1]
491366.855 TIMER[1] BLOCK.RECORDING_SEQUENCE.TIMER[1]
491366.998 SET_BUTTON_PRESS BLOCK.RECORDING_SEQUENCE.SET_BUTTON_PRESS
491367.140 ADD_TO_RESULTS_FILE[1] BLOCK.RECORDING_SEQUENCE.ADD_TO_RESULTS_FILE[1]
491367.193 SetValueAction 
491367.911 TRIAL_IMAGE BLOCK.RECORDING_SEQUENCE.TRIAL_IMAGE (BEGIN) 
491384.114 TRIAL_IMAGE BLOCK.RECORDING_SEQUENCE.TRIAL_IMAGE
491859.193 TIMER[2] BLOCK.RECORDING_SEQUENCE.TIMER[2]
491869.614 DISPLAY_SCREEN[1] BLOCK.RECORDING_SEQUENCE.DISPLAY_SCREEN[1] (BEGIN) 
491884.235 DISPLAY_SCREEN[1] BLOCK.RECORDING_SEQUENCE.DISPLAY_SCREEN[1]
494384.296 TIMER[1] BLOCK.RECORDING_SEQUENCE.TIMER[1]
494384.435 SET_BUTTON_PRESS BLOCK.RECORDING_SEQUENCE.SET_BUTTON_PRESS
494384.580 ADD_TO_RESULTS_FILE[1] BLOCK.RECORDING_SEQUENCE.ADD_TO_RESULTS_FILE[1]
494387.094 DISPLAY_SCREEN BLOCK.DISPLAY_SCREEN (BEGIN) 
494401.550 DISPLAY_SCREEN BLOCK.DISPLAY_SCREEN
513231.204 MOUSE BLOCK.MOUSE
513418.415 GOODBYE_SCREEN GOODBYE_SCREEN (BEGIN) 
513423.069 GOODBYE_SCREEN GOODBYE_SCREEN
516101.532 MOUSE[1] MOUSE[1]
el_logger: Quit logger.
******** END OF THE LOG FILE ********
