4800.245 ********************************************************
4800.314 ** Session beginning Monday February 18, 2019 11:31:00 AM **
4800.323 ** ExperimentBuilder Project : 23255_P31 **
4800.330 ** ExperimentBuilder Version : 2.1.140 **
4800.336 ** ExperimentBuilder Build   : Nov 10 2017 **
4800.343 ********************************************************
5431.656 WELCOME_SCREEN WELCOME_SCREEN (BEGIN) 
5440.241 WELCOME_SCREEN WELCOME_SCREEN
49585.016 KEYBOARD KEYBOARD
50012.370 PREPARE_SEQUENCE BLOCK.PREPARE_SEQUENCE
50012.697 SetValueAction 
50035.948 TRIAL_IMAGE BLOCK.RECORDING_SEQUENCE.TRIAL_IMAGE (BEGIN) 
50052.100 TRIAL_IMAGE BLOCK.RECORDING_SEQUENCE.TRIAL_IMAGE
50527.195 TIMER[2] BLOCK.RECORDING_SEQUENCE.TIMER[2]
50537.617 DISPLAY_SCREEN[1] BLOCK.RECORDING_SEQUENCE.DISPLAY_SCREEN[1] (BEGIN) 
50552.236 DISPLAY_SCREEN[1] BLOCK.RECORDING_SEQUENCE.DISPLAY_SCREEN[1]
53052.258 TIMER[1] BLOCK.RECORDING_SEQUENCE.TIMER[1]
53052.395 SET_BUTTON_PRESS BLOCK.RECORDING_SEQUENCE.SET_BUTTON_PRESS
53052.537 ADD_TO_RESULTS_FILE[1] BLOCK.RECORDING_SEQUENCE.ADD_TO_RESULTS_FILE[1]
53052.589 SetValueAction 
53078.421 TRIAL_IMAGE BLOCK.RECORDING_SEQUENCE.TRIAL_IMAGE (BEGIN) 
53086.238 TRIAL_IMAGE BLOCK.RECORDING_SEQUENCE.TRIAL_IMAGE
53561.341 TIMER[2] BLOCK.RECORDING_SEQUENCE.TIMER[2]
53571.613 DISPLAY_SCREEN[1] BLOCK.RECORDING_SEQUENCE.DISPLAY_SCREEN[1] (BEGIN) 
53586.377 DISPLAY_SCREEN[1] BLOCK.RECORDING_SEQUENCE.DISPLAY_SCREEN[1]
56086.425 TIMER[1] BLOCK.RECORDING_SEQUENCE.TIMER[1]
56086.560 SET_BUTTON_PRESS BLOCK.RECORDING_SEQUENCE.SET_BUTTON_PRESS
56086.700 ADD_TO_RESULTS_FILE[1] BLOCK.RECORDING_SEQUENCE.ADD_TO_RESULTS_FILE[1]
56086.752 SetValueAction 
56103.398 TRIAL_IMAGE BLOCK.RECORDING_SEQUENCE.TRIAL_IMAGE (BEGIN) 
56120.379 TRIAL_IMAGE BLOCK.RECORDING_SEQUENCE.TRIAL_IMAGE
56595.469 TIMER[2] BLOCK.RECORDING_SEQUENCE.TIMER[2]
56605.614 DISPLAY_SCREEN[1] BLOCK.RECORDING_SEQUENCE.DISPLAY_SCREEN[1] (BEGIN) 
56620.515 DISPLAY_SCREEN[1] BLOCK.RECORDING_SEQUENCE.DISPLAY_SCREEN[1]
59120.578 TIMER[1] BLOCK.RECORDING_SEQUENCE.TIMER[1]
59120.714 SET_BUTTON_PRESS BLOCK.RECORDING_SEQUENCE.SET_BUTTON_PRESS
59120.874 ADD_TO_RESULTS_FILE[1] BLOCK.RECORDING_SEQUENCE.ADD_TO_RESULTS_FILE[1]
59120.925 SetValueAction 
59140.220 TRIAL_IMAGE BLOCK.RECORDING_SEQUENCE.TRIAL_IMAGE (BEGIN) 
59154.521 TRIAL_IMAGE BLOCK.RECORDING_SEQUENCE.TRIAL_IMAGE
59629.594 TIMER[2] BLOCK.RECORDING_SEQUENCE.TIMER[2]
59639.613 DISPLAY_SCREEN[1] BLOCK.RECORDING_SEQUENCE.DISPLAY_SCREEN[1] (BEGIN) 
59654.645 DISPLAY_SCREEN[1] BLOCK.RECORDING_SEQUENCE.DISPLAY_SCREEN[1]
62154.648 TIMER[1] BLOCK.RECORDING_SEQUENCE.TIMER[1]
62154.788 SET_BUTTON_PRESS BLOCK.RECORDING_SEQUENCE.SET_BUTTON_PRESS
62154.931 ADD_TO_RESULTS_FILE[1] BLOCK.RECORDING_SEQUENCE.ADD_TO_RESULTS_FILE[1]
62154.983 SetValueAction 
62215.459 TRIAL_IMAGE BLOCK.RECORDING_SEQUENCE.TRIAL_IMAGE (BEGIN) 
62222.014 TRIAL_IMAGE BLOCK.RECORDING_SEQUENCE.TRIAL_IMAGE
62697.087 TIMER[2] BLOCK.RECORDING_SEQUENCE.TIMER[2]
62707.614 DISPLAY_SCREEN[1] BLOCK.RECORDING_SEQUENCE.DISPLAY_SCREEN[1] (BEGIN) 
62722.129 DISPLAY_SCREEN[1] BLOCK.RECORDING_SEQUENCE.DISPLAY_SCREEN[1]
65222.162 TIMER[1] BLOCK.RECORDING_SEQUENCE.TIMER[1]
65222.300 SET_BUTTON_PRESS BLOCK.RECORDING_SEQUENCE.SET_BUTTON_PRESS
65222.441 ADD_TO_RESULTS_FILE[1] BLOCK.RECORDING_SEQUENCE.ADD_TO_RESULTS_FILE[1]
65222.492 SetValueAction 
65231.535 TRIAL_IMAGE BLOCK.RECORDING_SEQUENCE.TRIAL_IMAGE (BEGIN) 
65239.458 TRIAL_IMAGE BLOCK.RECORDING_SEQUENCE.TRIAL_IMAGE
65714.545 TIMER[2] BLOCK.RECORDING_SEQUENCE.TIMER[2]
65724.613 DISPLAY_SCREEN[1] BLOCK.RECORDING_SEQUENCE.DISPLAY_SCREEN[1] (BEGIN) 
65739.600 DISPLAY_SCREEN[1] BLOCK.RECORDING_SEQUENCE.DISPLAY_SCREEN[1]
68239.660 TIMER[1] BLOCK.RECORDING_SEQUENCE.TIMER[1]
68239.799 SET_BUTTON_PRESS BLOCK.RECORDING_SEQUENCE.SET_BUTTON_PRESS
68239.942 ADD_TO_RESULTS_FILE[1] BLOCK.RECORDING_SEQUENCE.ADD_TO_RESULTS_FILE[1]
68239.994 SetValueAction 
68258.733 TRIAL_IMAGE BLOCK.RECORDING_SEQUENCE.TRIAL_IMAGE (BEGIN) 
68273.613 TRIAL_IMAGE BLOCK.RECORDING_SEQUENCE.TRIAL_IMAGE
68748.659 TIMER[2] BLOCK.RECORDING_SEQUENCE.TIMER[2]
68758.612 DISPLAY_SCREEN[1] BLOCK.RECORDING_SEQUENCE.DISPLAY_SCREEN[1] (BEGIN) 
68773.747 DISPLAY_SCREEN[1] BLOCK.RECORDING_SEQUENCE.DISPLAY_SCREEN[1]
71273.819 TIMER[1] BLOCK.RECORDING_SEQUENCE.TIMER[1]
71273.982 SET_BUTTON_PRESS BLOCK.RECORDING_SEQUENCE.SET_BUTTON_PRESS
71274.123 ADD_TO_RESULTS_FILE[1] BLOCK.RECORDING_SEQUENCE.ADD_TO_RESULTS_FILE[1]
71274.175 SetValueAction 
71286.607 TRIAL_IMAGE BLOCK.RECORDING_SEQUENCE.TRIAL_IMAGE (BEGIN) 
71291.073 TRIAL_IMAGE BLOCK.RECORDING_SEQUENCE.TRIAL_IMAGE
71766.118 TIMER[2] BLOCK.RECORDING_SEQUENCE.TIMER[2]
71776.611 DISPLAY_SCREEN[1] BLOCK.RECORDING_SEQUENCE.DISPLAY_SCREEN[1] (BEGIN) 
71791.213 DISPLAY_SCREEN[1] BLOCK.RECORDING_SEQUENCE.DISPLAY_SCREEN[1]
74291.283 TIMER[1] BLOCK.RECORDING_SEQUENCE.TIMER[1]
74291.421 SET_BUTTON_PRESS BLOCK.RECORDING_SEQUENCE.SET_BUTTON_PRESS
74291.563 ADD_TO_RESULTS_FILE[1] BLOCK.RECORDING_SEQUENCE.ADD_TO_RESULTS_FILE[1]
74291.615 SetValueAction 
74309.756 TRIAL_IMAGE BLOCK.RECORDING_SEQUENCE.TRIAL_IMAGE (BEGIN) 
74325.215 TRIAL_IMAGE BLOCK.RECORDING_SEQUENCE.TRIAL_IMAGE
74800.306 TIMER[2] BLOCK.RECORDING_SEQUENCE.TIMER[2]
74810.612 DISPLAY_SCREEN[1] BLOCK.RECORDING_SEQUENCE.DISPLAY_SCREEN[1] (BEGIN) 
74825.346 DISPLAY_SCREEN[1] BLOCK.RECORDING_SEQUENCE.DISPLAY_SCREEN[1]
77325.407 TIMER[1] BLOCK.RECORDING_SEQUENCE.TIMER[1]
77325.541 SET_BUTTON_PRESS BLOCK.RECORDING_SEQUENCE.SET_BUTTON_PRESS
77325.681 ADD_TO_RESULTS_FILE[1] BLOCK.RECORDING_SEQUENCE.ADD_TO_RESULTS_FILE[1]
77325.733 SetValueAction 
77343.209 TRIAL_IMAGE BLOCK.RECORDING_SEQUENCE.TRIAL_IMAGE (BEGIN) 
77359.363 TRIAL_IMAGE BLOCK.RECORDING_SEQUENCE.TRIAL_IMAGE
77834.478 TIMER[2] BLOCK.RECORDING_SEQUENCE.TIMER[2]
77844.612 DISPLAY_SCREEN[1] BLOCK.RECORDING_SEQUENCE.DISPLAY_SCREEN[1] (BEGIN) 
77859.497 DISPLAY_SCREEN[1] BLOCK.RECORDING_SEQUENCE.DISPLAY_SCREEN[1]
80359.569 TIMER[1] BLOCK.RECORDING_SEQUENCE.TIMER[1]
80359.706 SET_BUTTON_PRESS BLOCK.RECORDING_SEQUENCE.SET_BUTTON_PRESS
80359.847 ADD_TO_RESULTS_FILE[1] BLOCK.RECORDING_SEQUENCE.ADD_TO_RESULTS_FILE[1]
80359.898 SetValueAction 
80383.171 TRIAL_IMAGE BLOCK.RECORDING_SEQUENCE.TRIAL_IMAGE (BEGIN) 
80393.497 TRIAL_IMAGE BLOCK.RECORDING_SEQUENCE.TRIAL_IMAGE
80868.600 TIMER[2] BLOCK.RECORDING_SEQUENCE.TIMER[2]
80878.612 DISPLAY_SCREEN[1] BLOCK.RECORDING_SEQUENCE.DISPLAY_SCREEN[1] (BEGIN) 
80893.629 DISPLAY_SCREEN[1] BLOCK.RECORDING_SEQUENCE.DISPLAY_SCREEN[1]
83393.694 TIMER[1] BLOCK.RECORDING_SEQUENCE.TIMER[1]
83393.831 SET_BUTTON_PRESS BLOCK.RECORDING_SEQUENCE.SET_BUTTON_PRESS
83393.972 ADD_TO_RESULTS_FILE[1] BLOCK.RECORDING_SEQUENCE.ADD_TO_RESULTS_FILE[1]
83394.024 SetValueAction 
83418.716 TRIAL_IMAGE BLOCK.RECORDING_SEQUENCE.TRIAL_IMAGE (BEGIN) 
83427.632 TRIAL_IMAGE BLOCK.RECORDING_SEQUENCE.TRIAL_IMAGE
83902.683 TIMER[2] BLOCK.RECORDING_SEQUENCE.TIMER[2]
83912.611 DISPLAY_SCREEN[1] BLOCK.RECORDING_SEQUENCE.DISPLAY_SCREEN[1] (BEGIN) 
83927.778 DISPLAY_SCREEN[1] BLOCK.RECORDING_SEQUENCE.DISPLAY_SCREEN[1]
86427.788 TIMER[1] BLOCK.RECORDING_SEQUENCE.TIMER[1]
86427.926 SET_BUTTON_PRESS BLOCK.RECORDING_SEQUENCE.SET_BUTTON_PRESS
86428.068 ADD_TO_RESULTS_FILE[1] BLOCK.RECORDING_SEQUENCE.ADD_TO_RESULTS_FILE[1]
86428.121 SetValueAction 
86449.641 TRIAL_IMAGE BLOCK.RECORDING_SEQUENCE.TRIAL_IMAGE (BEGIN) 
86461.778 TRIAL_IMAGE BLOCK.RECORDING_SEQUENCE.TRIAL_IMAGE
86936.823 TIMER[2] BLOCK.RECORDING_SEQUENCE.TIMER[2]
86946.613 DISPLAY_SCREEN[1] BLOCK.RECORDING_SEQUENCE.DISPLAY_SCREEN[1] (BEGIN) 
86961.914 DISPLAY_SCREEN[1] BLOCK.RECORDING_SEQUENCE.DISPLAY_SCREEN[1]
89461.915 TIMER[1] BLOCK.RECORDING_SEQUENCE.TIMER[1]
89462.057 SET_BUTTON_PRESS BLOCK.RECORDING_SEQUENCE.SET_BUTTON_PRESS
89462.199 ADD_TO_RESULTS_FILE[1] BLOCK.RECORDING_SEQUENCE.ADD_TO_RESULTS_FILE[1]
89462.251 SetValueAction 
89462.956 TRIAL_IMAGE BLOCK.RECORDING_SEQUENCE.TRIAL_IMAGE (BEGIN) 
89479.247 TRIAL_IMAGE BLOCK.RECORDING_SEQUENCE.TRIAL_IMAGE
89954.289 TIMER[2] BLOCK.RECORDING_SEQUENCE.TIMER[2]
89964.611 DISPLAY_SCREEN[1] BLOCK.RECORDING_SEQUENCE.DISPLAY_SCREEN[1] (BEGIN) 
89979.375 DISPLAY_SCREEN[1] BLOCK.RECORDING_SEQUENCE.DISPLAY_SCREEN[1]
92479.442 TIMER[1] BLOCK.RECORDING_SEQUENCE.TIMER[1]
92479.578 SET_BUTTON_PRESS BLOCK.RECORDING_SEQUENCE.SET_BUTTON_PRESS
92479.718 ADD_TO_RESULTS_FILE[1] BLOCK.RECORDING_SEQUENCE.ADD_TO_RESULTS_FILE[1]
92479.770 SetValueAction 
92499.172 TRIAL_IMAGE BLOCK.RECORDING_SEQUENCE.TRIAL_IMAGE (BEGIN) 
92513.386 TRIAL_IMAGE BLOCK.RECORDING_SEQUENCE.TRIAL_IMAGE
92988.494 TIMER[2] BLOCK.RECORDING_SEQUENCE.TIMER[2]
92998.612 DISPLAY_SCREEN[1] BLOCK.RECORDING_SEQUENCE.DISPLAY_SCREEN[1] (BEGIN) 
93013.513 DISPLAY_SCREEN[1] BLOCK.RECORDING_SEQUENCE.DISPLAY_SCREEN[1]
95513.535 TIMER[1] BLOCK.RECORDING_SEQUENCE.TIMER[1]
95513.672 SET_BUTTON_PRESS BLOCK.RECORDING_SEQUENCE.SET_BUTTON_PRESS
95513.812 ADD_TO_RESULTS_FILE[1] BLOCK.RECORDING_SEQUENCE.ADD_TO_RESULTS_FILE[1]
95513.863 SetValueAction 
95534.392 TRIAL_IMAGE BLOCK.RECORDING_SEQUENCE.TRIAL_IMAGE (BEGIN) 
95547.522 TRIAL_IMAGE BLOCK.RECORDING_SEQUENCE.TRIAL_IMAGE
96022.607 TIMER[2] BLOCK.RECORDING_SEQUENCE.TIMER[2]
96032.613 DISPLAY_SCREEN[1] BLOCK.RECORDING_SEQUENCE.DISPLAY_SCREEN[1] (BEGIN) 
96047.659 DISPLAY_SCREEN[1] BLOCK.RECORDING_SEQUENCE.DISPLAY_SCREEN[1]
98547.696 TIMER[1] BLOCK.RECORDING_SEQUENCE.TIMER[1]
98547.833 SET_BUTTON_PRESS BLOCK.RECORDING_SEQUENCE.SET_BUTTON_PRESS
98547.974 ADD_TO_RESULTS_FILE[1] BLOCK.RECORDING_SEQUENCE.ADD_TO_RESULTS_FILE[1]
98548.026 SetValueAction 
98578.247 TRIAL_IMAGE BLOCK.RECORDING_SEQUENCE.TRIAL_IMAGE (BEGIN) 
98581.663 TRIAL_IMAGE BLOCK.RECORDING_SEQUENCE.TRIAL_IMAGE
99056.732 TIMER[2] BLOCK.RECORDING_SEQUENCE.TIMER[2]
99066.612 DISPLAY_SCREEN[1] BLOCK.RECORDING_SEQUENCE.DISPLAY_SCREEN[1] (BEGIN) 
99081.792 DISPLAY_SCREEN[1] BLOCK.RECORDING_SEQUENCE.DISPLAY_SCREEN[1]
101581.820 TIMER[1] BLOCK.RECORDING_SEQUENCE.TIMER[1]
101581.958 SET_BUTTON_PRESS BLOCK.RECORDING_SEQUENCE.SET_BUTTON_PRESS
101582.101 ADD_TO_RESULTS_FILE[1] BLOCK.RECORDING_SEQUENCE.ADD_TO_RESULTS_FILE[1]
101582.154 SetValueAction 
101607.309 TRIAL_IMAGE BLOCK.RECORDING_SEQUENCE.TRIAL_IMAGE (BEGIN) 
101615.796 TRIAL_IMAGE BLOCK.RECORDING_SEQUENCE.TRIAL_IMAGE
102090.897 TIMER[2] BLOCK.RECORDING_SEQUENCE.TIMER[2]
102100.611 DISPLAY_SCREEN[1] BLOCK.RECORDING_SEQUENCE.DISPLAY_SCREEN[1] (BEGIN) 
102115.942 DISPLAY_SCREEN[1] BLOCK.RECORDING_SEQUENCE.DISPLAY_SCREEN[1]
104615.984 TIMER[1] BLOCK.RECORDING_SEQUENCE.TIMER[1]
104616.121 SET_BUTTON_PRESS BLOCK.RECORDING_SEQUENCE.SET_BUTTON_PRESS
104616.261 ADD_TO_RESULTS_FILE[1] BLOCK.RECORDING_SEQUENCE.ADD_TO_RESULTS_FILE[1]
104616.313 SetValueAction 
104642.035 TRIAL_IMAGE BLOCK.RECORDING_SEQUENCE.TRIAL_IMAGE (BEGIN) 
104649.943 TRIAL_IMAGE BLOCK.RECORDING_SEQUENCE.TRIAL_IMAGE
105125.065 TIMER[2] BLOCK.RECORDING_SEQUENCE.TIMER[2]
105135.612 DISPLAY_SCREEN[1] BLOCK.RECORDING_SEQUENCE.DISPLAY_SCREEN[1] (BEGIN) 
105150.082 DISPLAY_SCREEN[1] BLOCK.RECORDING_SEQUENCE.DISPLAY_SCREEN[1]
107650.099 TIMER[1] BLOCK.RECORDING_SEQUENCE.TIMER[1]
107650.241 SET_BUTTON_PRESS BLOCK.RECORDING_SEQUENCE.SET_BUTTON_PRESS
107650.387 ADD_TO_RESULTS_FILE[1] BLOCK.RECORDING_SEQUENCE.ADD_TO_RESULTS_FILE[1]
107650.440 SetValueAction 
107660.231 TRIAL_IMAGE BLOCK.RECORDING_SEQUENCE.TRIAL_IMAGE (BEGIN) 
107667.413 TRIAL_IMAGE BLOCK.RECORDING_SEQUENCE.TRIAL_IMAGE
108142.469 TIMER[2] BLOCK.RECORDING_SEQUENCE.TIMER[2]
108152.611 DISPLAY_SCREEN[1] BLOCK.RECORDING_SEQUENCE.DISPLAY_SCREEN[1] (BEGIN) 
108167.553 DISPLAY_SCREEN[1] BLOCK.RECORDING_SEQUENCE.DISPLAY_SCREEN[1]
110667.566 TIMER[1] BLOCK.RECORDING_SEQUENCE.TIMER[1]
110667.704 SET_BUTTON_PRESS BLOCK.RECORDING_SEQUENCE.SET_BUTTON_PRESS
110667.845 ADD_TO_RESULTS_FILE[1] BLOCK.RECORDING_SEQUENCE.ADD_TO_RESULTS_FILE[1]
110667.898 SetValueAction 
110693.048 TRIAL_IMAGE BLOCK.RECORDING_SEQUENCE.TRIAL_IMAGE (BEGIN) 
110701.550 TRIAL_IMAGE BLOCK.RECORDING_SEQUENCE.TRIAL_IMAGE
111176.683 TIMER[2] BLOCK.RECORDING_SEQUENCE.TIMER[2]
111186.614 DISPLAY_SCREEN[1] BLOCK.RECORDING_SEQUENCE.DISPLAY_SCREEN[1] (BEGIN) 
111201.692 DISPLAY_SCREEN[1] BLOCK.RECORDING_SEQUENCE.DISPLAY_SCREEN[1]
113701.735 TIMER[1] BLOCK.RECORDING_SEQUENCE.TIMER[1]
113701.873 SET_BUTTON_PRESS BLOCK.RECORDING_SEQUENCE.SET_BUTTON_PRESS
113702.014 ADD_TO_RESULTS_FILE[1] BLOCK.RECORDING_SEQUENCE.ADD_TO_RESULTS_FILE[1]
113702.065 SetValueAction 
113730.985 TRIAL_IMAGE BLOCK.RECORDING_SEQUENCE.TRIAL_IMAGE (BEGIN) 
113735.689 TRIAL_IMAGE BLOCK.RECORDING_SEQUENCE.TRIAL_IMAGE
114210.765 TIMER[2] BLOCK.RECORDING_SEQUENCE.TIMER[2]
114220.612 DISPLAY_SCREEN[1] BLOCK.RECORDING_SEQUENCE.DISPLAY_SCREEN[1] (BEGIN) 
114235.836 DISPLAY_SCREEN[1] BLOCK.RECORDING_SEQUENCE.DISPLAY_SCREEN[1]
116735.895 TIMER[1] BLOCK.RECORDING_SEQUENCE.TIMER[1]
116736.033 SET_BUTTON_PRESS BLOCK.RECORDING_SEQUENCE.SET_BUTTON_PRESS
116736.175 ADD_TO_RESULTS_FILE[1] BLOCK.RECORDING_SEQUENCE.ADD_TO_RESULTS_FILE[1]
116736.227 SetValueAction 
116736.945 TRIAL_IMAGE BLOCK.RECORDING_SEQUENCE.TRIAL_IMAGE (BEGIN) 
116753.161 TRIAL_IMAGE BLOCK.RECORDING_SEQUENCE.TRIAL_IMAGE
117228.284 TIMER[2] BLOCK.RECORDING_SEQUENCE.TIMER[2]
117238.612 DISPLAY_SCREEN[1] BLOCK.RECORDING_SEQUENCE.DISPLAY_SCREEN[1] (BEGIN) 
117253.314 DISPLAY_SCREEN[1] BLOCK.RECORDING_SEQUENCE.DISPLAY_SCREEN[1]
119753.373 TIMER[1] BLOCK.RECORDING_SEQUENCE.TIMER[1]
119753.511 SET_BUTTON_PRESS BLOCK.RECORDING_SEQUENCE.SET_BUTTON_PRESS
119753.653 ADD_TO_RESULTS_FILE[1] BLOCK.RECORDING_SEQUENCE.ADD_TO_RESULTS_FILE[1]
119756.222 DISPLAY_SCREEN BLOCK.DISPLAY_SCREEN (BEGIN) 
119770.628 DISPLAY_SCREEN BLOCK.DISPLAY_SCREEN
128004.032 KEYBOARD BLOCK.KEYBOARD
128222.360 PREPARE_SEQUENCE BLOCK.PREPARE_SEQUENCE
128222.470 SetValueAction 
128245.769 TRIAL_IMAGE BLOCK.RECORDING_SEQUENCE.TRIAL_IMAGE (BEGIN) 
128256.214 TRIAL_IMAGE BLOCK.RECORDING_SEQUENCE.TRIAL_IMAGE
128731.313 TIMER[2] BLOCK.RECORDING_SEQUENCE.TIMER[2]
128741.616 DISPLAY_SCREEN[1] BLOCK.RECORDING_SEQUENCE.DISPLAY_SCREEN[1] (BEGIN) 
128756.353 DISPLAY_SCREEN[1] BLOCK.RECORDING_SEQUENCE.DISPLAY_SCREEN[1]
131256.378 TIMER[1] BLOCK.RECORDING_SEQUENCE.TIMER[1]
131256.516 SET_BUTTON_PRESS BLOCK.RECORDING_SEQUENCE.SET_BUTTON_PRESS
131256.658 ADD_TO_RESULTS_FILE[1] BLOCK.RECORDING_SEQUENCE.ADD_TO_RESULTS_FILE[1]
131256.709 SetValueAction 
131281.213 TRIAL_IMAGE BLOCK.RECORDING_SEQUENCE.TRIAL_IMAGE (BEGIN) 
131290.352 TRIAL_IMAGE BLOCK.RECORDING_SEQUENCE.TRIAL_IMAGE
131765.409 TIMER[2] BLOCK.RECORDING_SEQUENCE.TIMER[2]
131775.613 DISPLAY_SCREEN[1] BLOCK.RECORDING_SEQUENCE.DISPLAY_SCREEN[1] (BEGIN) 
131790.497 DISPLAY_SCREEN[1] BLOCK.RECORDING_SEQUENCE.DISPLAY_SCREEN[1]
134290.546 TIMER[1] BLOCK.RECORDING_SEQUENCE.TIMER[1]
134290.685 SET_BUTTON_PRESS BLOCK.RECORDING_SEQUENCE.SET_BUTTON_PRESS
134290.826 ADD_TO_RESULTS_FILE[1] BLOCK.RECORDING_SEQUENCE.ADD_TO_RESULTS_FILE[1]
134290.879 SetValueAction 
134312.559 TRIAL_IMAGE BLOCK.RECORDING_SEQUENCE.TRIAL_IMAGE (BEGIN) 
134324.502 TRIAL_IMAGE BLOCK.RECORDING_SEQUENCE.TRIAL_IMAGE
134799.604 TIMER[2] BLOCK.RECORDING_SEQUENCE.TIMER[2]
134809.612 DISPLAY_SCREEN[1] BLOCK.RECORDING_SEQUENCE.DISPLAY_SCREEN[1] (BEGIN) 
134824.629 DISPLAY_SCREEN[1] BLOCK.RECORDING_SEQUENCE.DISPLAY_SCREEN[1]
137324.680 TIMER[1] BLOCK.RECORDING_SEQUENCE.TIMER[1]
137324.817 SET_BUTTON_PRESS BLOCK.RECORDING_SEQUENCE.SET_BUTTON_PRESS
137324.958 ADD_TO_RESULTS_FILE[1] BLOCK.RECORDING_SEQUENCE.ADD_TO_RESULTS_FILE[1]
137325.010 SetValueAction 
137332.096 TRIAL_IMAGE BLOCK.RECORDING_SEQUENCE.TRIAL_IMAGE (BEGIN) 
137341.964 TRIAL_IMAGE BLOCK.RECORDING_SEQUENCE.TRIAL_IMAGE
137817.011 TIMER[2] BLOCK.RECORDING_SEQUENCE.TIMER[2]
137827.613 DISPLAY_SCREEN[1] BLOCK.RECORDING_SEQUENCE.DISPLAY_SCREEN[1] (BEGIN) 
137842.096 DISPLAY_SCREEN[1] BLOCK.RECORDING_SEQUENCE.DISPLAY_SCREEN[1]
140342.156 TIMER[1] BLOCK.RECORDING_SEQUENCE.TIMER[1]
140342.298 SET_BUTTON_PRESS BLOCK.RECORDING_SEQUENCE.SET_BUTTON_PRESS
140342.441 ADD_TO_RESULTS_FILE[1] BLOCK.RECORDING_SEQUENCE.ADD_TO_RESULTS_FILE[1]
140342.494 SetValueAction 
140356.265 TRIAL_IMAGE BLOCK.RECORDING_SEQUENCE.TRIAL_IMAGE (BEGIN) 
140359.426 TRIAL_IMAGE BLOCK.RECORDING_SEQUENCE.TRIAL_IMAGE
140834.546 TIMER[2] BLOCK.RECORDING_SEQUENCE.TIMER[2]
140844.612 DISPLAY_SCREEN[1] BLOCK.RECORDING_SEQUENCE.DISPLAY_SCREEN[1] (BEGIN) 
140859.581 DISPLAY_SCREEN[1] BLOCK.RECORDING_SEQUENCE.DISPLAY_SCREEN[1]
143359.653 TIMER[1] BLOCK.RECORDING_SEQUENCE.TIMER[1]
143359.795 SET_BUTTON_PRESS BLOCK.RECORDING_SEQUENCE.SET_BUTTON_PRESS
143359.938 ADD_TO_RESULTS_FILE[1] BLOCK.RECORDING_SEQUENCE.ADD_TO_RESULTS_FILE[1]
143359.990 SetValueAction 
143360.790 TRIAL_IMAGE BLOCK.RECORDING_SEQUENCE.TRIAL_IMAGE (BEGIN) 
143376.904 TRIAL_IMAGE BLOCK.RECORDING_SEQUENCE.TRIAL_IMAGE
143852.030 TIMER[2] BLOCK.RECORDING_SEQUENCE.TIMER[2]
143862.611 DISPLAY_SCREEN[1] BLOCK.RECORDING_SEQUENCE.DISPLAY_SCREEN[1] (BEGIN) 
143877.033 DISPLAY_SCREEN[1] BLOCK.RECORDING_SEQUENCE.DISPLAY_SCREEN[1]
146377.065 TIMER[1] BLOCK.RECORDING_SEQUENCE.TIMER[1]
146377.203 SET_BUTTON_PRESS BLOCK.RECORDING_SEQUENCE.SET_BUTTON_PRESS
146377.343 ADD_TO_RESULTS_FILE[1] BLOCK.RECORDING_SEQUENCE.ADD_TO_RESULTS_FILE[1]
146377.395 SetValueAction 
146403.604 TRIAL_IMAGE BLOCK.RECORDING_SEQUENCE.TRIAL_IMAGE (BEGIN) 
146411.037 TRIAL_IMAGE BLOCK.RECORDING_SEQUENCE.TRIAL_IMAGE
146886.148 TIMER[2] BLOCK.RECORDING_SEQUENCE.TIMER[2]
146896.620 DISPLAY_SCREEN[1] BLOCK.RECORDING_SEQUENCE.DISPLAY_SCREEN[1] (BEGIN) 
146911.178 DISPLAY_SCREEN[1] BLOCK.RECORDING_SEQUENCE.DISPLAY_SCREEN[1]
149411.244 TIMER[1] BLOCK.RECORDING_SEQUENCE.TIMER[1]
149411.382 SET_BUTTON_PRESS BLOCK.RECORDING_SEQUENCE.SET_BUTTON_PRESS
149411.523 ADD_TO_RESULTS_FILE[1] BLOCK.RECORDING_SEQUENCE.ADD_TO_RESULTS_FILE[1]
149411.575 SetValueAction 
149419.201 TRIAL_IMAGE BLOCK.RECORDING_SEQUENCE.TRIAL_IMAGE (BEGIN) 
149428.506 TRIAL_IMAGE BLOCK.RECORDING_SEQUENCE.TRIAL_IMAGE
149903.600 TIMER[2] BLOCK.RECORDING_SEQUENCE.TIMER[2]
149913.611 DISPLAY_SCREEN[1] BLOCK.RECORDING_SEQUENCE.DISPLAY_SCREEN[1] (BEGIN) 
149928.641 DISPLAY_SCREEN[1] BLOCK.RECORDING_SEQUENCE.DISPLAY_SCREEN[1]
152428.645 TIMER[1] BLOCK.RECORDING_SEQUENCE.TIMER[1]
152428.784 SET_BUTTON_PRESS BLOCK.RECORDING_SEQUENCE.SET_BUTTON_PRESS
152428.925 ADD_TO_RESULTS_FILE[1] BLOCK.RECORDING_SEQUENCE.ADD_TO_RESULTS_FILE[1]
152428.980 SetValueAction 
152450.555 TRIAL_IMAGE BLOCK.RECORDING_SEQUENCE.TRIAL_IMAGE (BEGIN) 
152462.662 TRIAL_IMAGE BLOCK.RECORDING_SEQUENCE.TRIAL_IMAGE
152937.746 TIMER[2] BLOCK.RECORDING_SEQUENCE.TIMER[2]
152947.612 DISPLAY_SCREEN[1] BLOCK.RECORDING_SEQUENCE.DISPLAY_SCREEN[1] (BEGIN) 
152962.793 DISPLAY_SCREEN[1] BLOCK.RECORDING_SEQUENCE.DISPLAY_SCREEN[1]
155462.793 TIMER[1] BLOCK.RECORDING_SEQUENCE.TIMER[1]
155462.938 SET_BUTTON_PRESS BLOCK.RECORDING_SEQUENCE.SET_BUTTON_PRESS
155463.082 ADD_TO_RESULTS_FILE[1] BLOCK.RECORDING_SEQUENCE.ADD_TO_RESULTS_FILE[1]
155463.136 SetValueAction 
155463.853 TRIAL_IMAGE BLOCK.RECORDING_SEQUENCE.TRIAL_IMAGE (BEGIN) 
155480.129 TRIAL_IMAGE BLOCK.RECORDING_SEQUENCE.TRIAL_IMAGE
155955.188 TIMER[2] BLOCK.RECORDING_SEQUENCE.TIMER[2]
155965.612 DISPLAY_SCREEN[1] BLOCK.RECORDING_SEQUENCE.DISPLAY_SCREEN[1] (BEGIN) 
155980.260 DISPLAY_SCREEN[1] BLOCK.RECORDING_SEQUENCE.DISPLAY_SCREEN[1]
158480.306 TIMER[1] BLOCK.RECORDING_SEQUENCE.TIMER[1]
158480.449 SET_BUTTON_PRESS BLOCK.RECORDING_SEQUENCE.SET_BUTTON_PRESS
158480.595 ADD_TO_RESULTS_FILE[1] BLOCK.RECORDING_SEQUENCE.ADD_TO_RESULTS_FILE[1]
158480.649 SetValueAction 
158500.660 TRIAL_IMAGE BLOCK.RECORDING_SEQUENCE.TRIAL_IMAGE (BEGIN) 
158514.262 TRIAL_IMAGE BLOCK.RECORDING_SEQUENCE.TRIAL_IMAGE
158989.364 TIMER[2] BLOCK.RECORDING_SEQUENCE.TIMER[2]
158999.612 DISPLAY_SCREEN[1] BLOCK.RECORDING_SEQUENCE.DISPLAY_SCREEN[1] (BEGIN) 
159014.392 DISPLAY_SCREEN[1] BLOCK.RECORDING_SEQUENCE.DISPLAY_SCREEN[1]
161514.425 TIMER[1] BLOCK.RECORDING_SEQUENCE.TIMER[1]
161514.563 SET_BUTTON_PRESS BLOCK.RECORDING_SEQUENCE.SET_BUTTON_PRESS
161514.705 ADD_TO_RESULTS_FILE[1] BLOCK.RECORDING_SEQUENCE.ADD_TO_RESULTS_FILE[1]
161514.781 SetValueAction 
161523.075 TRIAL_IMAGE BLOCK.RECORDING_SEQUENCE.TRIAL_IMAGE (BEGIN) 
161531.735 TRIAL_IMAGE BLOCK.RECORDING_SEQUENCE.TRIAL_IMAGE
162006.808 TIMER[2] BLOCK.RECORDING_SEQUENCE.TIMER[2]
162016.612 DISPLAY_SCREEN[1] BLOCK.RECORDING_SEQUENCE.DISPLAY_SCREEN[1] (BEGIN) 
162031.868 DISPLAY_SCREEN[1] BLOCK.RECORDING_SEQUENCE.DISPLAY_SCREEN[1]
164531.916 TIMER[1] BLOCK.RECORDING_SEQUENCE.TIMER[1]
164532.052 SET_BUTTON_PRESS BLOCK.RECORDING_SEQUENCE.SET_BUTTON_PRESS
164532.192 ADD_TO_RESULTS_FILE[1] BLOCK.RECORDING_SEQUENCE.ADD_TO_RESULTS_FILE[1]
164532.245 SetValueAction 
164540.402 TRIAL_IMAGE BLOCK.RECORDING_SEQUENCE.TRIAL_IMAGE (BEGIN) 
164549.188 TRIAL_IMAGE BLOCK.RECORDING_SEQUENCE.TRIAL_IMAGE
165024.293 TIMER[2] BLOCK.RECORDING_SEQUENCE.TIMER[2]
165034.612 DISPLAY_SCREEN[1] BLOCK.RECORDING_SEQUENCE.DISPLAY_SCREEN[1] (BEGIN) 
165049.334 DISPLAY_SCREEN[1] BLOCK.RECORDING_SEQUENCE.DISPLAY_SCREEN[1]
167549.340 TIMER[1] BLOCK.RECORDING_SEQUENCE.TIMER[1]
167549.483 SET_BUTTON_PRESS BLOCK.RECORDING_SEQUENCE.SET_BUTTON_PRESS
167549.624 ADD_TO_RESULTS_FILE[1] BLOCK.RECORDING_SEQUENCE.ADD_TO_RESULTS_FILE[1]
167549.676 SetValueAction 
167571.191 TRIAL_IMAGE BLOCK.RECORDING_SEQUENCE.TRIAL_IMAGE (BEGIN) 
167583.340 TRIAL_IMAGE BLOCK.RECORDING_SEQUENCE.TRIAL_IMAGE
168058.385 TIMER[2] BLOCK.RECORDING_SEQUENCE.TIMER[2]
168068.613 DISPLAY_SCREEN[1] BLOCK.RECORDING_SEQUENCE.DISPLAY_SCREEN[1] (BEGIN) 
168083.471 DISPLAY_SCREEN[1] BLOCK.RECORDING_SEQUENCE.DISPLAY_SCREEN[1]
170583.516 TIMER[1] BLOCK.RECORDING_SEQUENCE.TIMER[1]
170583.656 SET_BUTTON_PRESS BLOCK.RECORDING_SEQUENCE.SET_BUTTON_PRESS
170583.799 ADD_TO_RESULTS_FILE[1] BLOCK.RECORDING_SEQUENCE.ADD_TO_RESULTS_FILE[1]
170583.873 SetValueAction 
170592.176 TRIAL_IMAGE BLOCK.RECORDING_SEQUENCE.TRIAL_IMAGE (BEGIN) 
170600.796 TRIAL_IMAGE BLOCK.RECORDING_SEQUENCE.TRIAL_IMAGE
171075.937 TIMER[2] BLOCK.RECORDING_SEQUENCE.TIMER[2]
171085.612 DISPLAY_SCREEN[1] BLOCK.RECORDING_SEQUENCE.DISPLAY_SCREEN[1] (BEGIN) 
171100.941 DISPLAY_SCREEN[1] BLOCK.RECORDING_SEQUENCE.DISPLAY_SCREEN[1]
173600.983 TIMER[1] BLOCK.RECORDING_SEQUENCE.TIMER[1]
173601.121 SET_BUTTON_PRESS BLOCK.RECORDING_SEQUENCE.SET_BUTTON_PRESS
173601.262 ADD_TO_RESULTS_FILE[1] BLOCK.RECORDING_SEQUENCE.ADD_TO_RESULTS_FILE[1]
173601.315 SetValueAction 
173622.477 TRIAL_IMAGE BLOCK.RECORDING_SEQUENCE.TRIAL_IMAGE (BEGIN) 
173634.955 TRIAL_IMAGE BLOCK.RECORDING_SEQUENCE.TRIAL_IMAGE
174110.020 TIMER[2] BLOCK.RECORDING_SEQUENCE.TIMER[2]
174120.612 DISPLAY_SCREEN[1] BLOCK.RECORDING_SEQUENCE.DISPLAY_SCREEN[1] (BEGIN) 
174135.080 DISPLAY_SCREEN[1] BLOCK.RECORDING_SEQUENCE.DISPLAY_SCREEN[1]
176635.106 TIMER[1] BLOCK.RECORDING_SEQUENCE.TIMER[1]
176635.249 SET_BUTTON_PRESS BLOCK.RECORDING_SEQUENCE.SET_BUTTON_PRESS
176635.393 ADD_TO_RESULTS_FILE[1] BLOCK.RECORDING_SEQUENCE.ADD_TO_RESULTS_FILE[1]
176635.447 SetValueAction 
176651.618 TRIAL_IMAGE BLOCK.RECORDING_SEQUENCE.TRIAL_IMAGE (BEGIN) 
176669.083 TRIAL_IMAGE BLOCK.RECORDING_SEQUENCE.TRIAL_IMAGE
177144.228 TIMER[2] BLOCK.RECORDING_SEQUENCE.TIMER[2]
177154.611 DISPLAY_SCREEN[1] BLOCK.RECORDING_SEQUENCE.DISPLAY_SCREEN[1] (BEGIN) 
177169.230 DISPLAY_SCREEN[1] BLOCK.RECORDING_SEQUENCE.DISPLAY_SCREEN[1]
179669.272 TIMER[1] BLOCK.RECORDING_SEQUENCE.TIMER[1]
179669.410 SET_BUTTON_PRESS BLOCK.RECORDING_SEQUENCE.SET_BUTTON_PRESS
179669.551 ADD_TO_RESULTS_FILE[1] BLOCK.RECORDING_SEQUENCE.ADD_TO_RESULTS_FILE[1]
179669.603 SetValueAction 
179687.370 TRIAL_IMAGE BLOCK.RECORDING_SEQUENCE.TRIAL_IMAGE (BEGIN) 
179703.228 TRIAL_IMAGE BLOCK.RECORDING_SEQUENCE.TRIAL_IMAGE
180178.364 TIMER[2] BLOCK.RECORDING_SEQUENCE.TIMER[2]
180188.614 DISPLAY_SCREEN[1] BLOCK.RECORDING_SEQUENCE.DISPLAY_SCREEN[1] (BEGIN) 
180203.364 DISPLAY_SCREEN[1] BLOCK.RECORDING_SEQUENCE.DISPLAY_SCREEN[1]
182703.426 TIMER[1] BLOCK.RECORDING_SEQUENCE.TIMER[1]
182703.565 SET_BUTTON_PRESS BLOCK.RECORDING_SEQUENCE.SET_BUTTON_PRESS
182703.706 ADD_TO_RESULTS_FILE[1] BLOCK.RECORDING_SEQUENCE.ADD_TO_RESULTS_FILE[1]
182703.759 SetValueAction 
182734.278 TRIAL_IMAGE BLOCK.RECORDING_SEQUENCE.TRIAL_IMAGE (BEGIN) 
182737.352 TRIAL_IMAGE BLOCK.RECORDING_SEQUENCE.TRIAL_IMAGE
183212.440 TIMER[2] BLOCK.RECORDING_SEQUENCE.TIMER[2]
183222.614 DISPLAY_SCREEN[1] BLOCK.RECORDING_SEQUENCE.DISPLAY_SCREEN[1] (BEGIN) 
183237.498 DISPLAY_SCREEN[1] BLOCK.RECORDING_SEQUENCE.DISPLAY_SCREEN[1]
185737.517 TIMER[1] BLOCK.RECORDING_SEQUENCE.TIMER[1]
185737.655 SET_BUTTON_PRESS BLOCK.RECORDING_SEQUENCE.SET_BUTTON_PRESS
185737.797 ADD_TO_RESULTS_FILE[1] BLOCK.RECORDING_SEQUENCE.ADD_TO_RESULTS_FILE[1]
185737.849 SetValueAction 
185754.832 TRIAL_IMAGE BLOCK.RECORDING_SEQUENCE.TRIAL_IMAGE (BEGIN) 
185771.506 TRIAL_IMAGE BLOCK.RECORDING_SEQUENCE.TRIAL_IMAGE
186246.641 TIMER[2] BLOCK.RECORDING_SEQUENCE.TIMER[2]
186256.613 DISPLAY_SCREEN[1] BLOCK.RECORDING_SEQUENCE.DISPLAY_SCREEN[1] (BEGIN) 
186271.649 DISPLAY_SCREEN[1] BLOCK.RECORDING_SEQUENCE.DISPLAY_SCREEN[1]
188771.692 TIMER[1] BLOCK.RECORDING_SEQUENCE.TIMER[1]
188771.831 SET_BUTTON_PRESS BLOCK.RECORDING_SEQUENCE.SET_BUTTON_PRESS
188771.973 ADD_TO_RESULTS_FILE[1] BLOCK.RECORDING_SEQUENCE.ADD_TO_RESULTS_FILE[1]
188772.027 SetValueAction 
188779.043 TRIAL_IMAGE BLOCK.RECORDING_SEQUENCE.TRIAL_IMAGE (BEGIN) 
188788.967 TRIAL_IMAGE BLOCK.RECORDING_SEQUENCE.TRIAL_IMAGE
189264.053 TIMER[2] BLOCK.RECORDING_SEQUENCE.TIMER[2]
189274.612 DISPLAY_SCREEN[1] BLOCK.RECORDING_SEQUENCE.DISPLAY_SCREEN[1] (BEGIN) 
189289.110 DISPLAY_SCREEN[1] BLOCK.RECORDING_SEQUENCE.DISPLAY_SCREEN[1]
191789.110 TIMER[1] BLOCK.RECORDING_SEQUENCE.TIMER[1]
191789.263 SET_BUTTON_PRESS BLOCK.RECORDING_SEQUENCE.SET_BUTTON_PRESS
191789.405 ADD_TO_RESULTS_FILE[1] BLOCK.RECORDING_SEQUENCE.ADD_TO_RESULTS_FILE[1]
191789.458 SetValueAction 
191820.384 TRIAL_IMAGE BLOCK.RECORDING_SEQUENCE.TRIAL_IMAGE (BEGIN) 
191823.100 TRIAL_IMAGE BLOCK.RECORDING_SEQUENCE.TRIAL_IMAGE
192298.161 TIMER[2] BLOCK.RECORDING_SEQUENCE.TIMER[2]
192308.614 DISPLAY_SCREEN[1] BLOCK.RECORDING_SEQUENCE.DISPLAY_SCREEN[1] (BEGIN) 
192323.247 DISPLAY_SCREEN[1] BLOCK.RECORDING_SEQUENCE.DISPLAY_SCREEN[1]
194823.316 TIMER[1] BLOCK.RECORDING_SEQUENCE.TIMER[1]
194823.454 SET_BUTTON_PRESS BLOCK.RECORDING_SEQUENCE.SET_BUTTON_PRESS
194823.595 ADD_TO_RESULTS_FILE[1] BLOCK.RECORDING_SEQUENCE.ADD_TO_RESULTS_FILE[1]
194823.647 SetValueAction 
194824.369 TRIAL_IMAGE BLOCK.RECORDING_SEQUENCE.TRIAL_IMAGE (BEGIN) 
194840.591 TRIAL_IMAGE BLOCK.RECORDING_SEQUENCE.TRIAL_IMAGE
195315.725 TIMER[2] BLOCK.RECORDING_SEQUENCE.TIMER[2]
195325.613 DISPLAY_SCREEN[1] BLOCK.RECORDING_SEQUENCE.DISPLAY_SCREEN[1] (BEGIN) 
195340.731 DISPLAY_SCREEN[1] BLOCK.RECORDING_SEQUENCE.DISPLAY_SCREEN[1]
197840.778 TIMER[1] BLOCK.RECORDING_SEQUENCE.TIMER[1]
197840.918 SET_BUTTON_PRESS BLOCK.RECORDING_SEQUENCE.SET_BUTTON_PRESS
197841.059 ADD_TO_RESULTS_FILE[1] BLOCK.RECORDING_SEQUENCE.ADD_TO_RESULTS_FILE[1]
197841.133 SetValueAction 
197858.684 TRIAL_IMAGE BLOCK.RECORDING_SEQUENCE.TRIAL_IMAGE (BEGIN) 
197874.720 TRIAL_IMAGE BLOCK.RECORDING_SEQUENCE.TRIAL_IMAGE
198349.793 TIMER[2] BLOCK.RECORDING_SEQUENCE.TIMER[2]
198359.612 DISPLAY_SCREEN[1] BLOCK.RECORDING_SEQUENCE.DISPLAY_SCREEN[1] (BEGIN) 
198374.851 DISPLAY_SCREEN[1] BLOCK.RECORDING_SEQUENCE.DISPLAY_SCREEN[1]
200874.853 TIMER[1] BLOCK.RECORDING_SEQUENCE.TIMER[1]
200874.994 SET_BUTTON_PRESS BLOCK.RECORDING_SEQUENCE.SET_BUTTON_PRESS
200875.137 ADD_TO_RESULTS_FILE[1] BLOCK.RECORDING_SEQUENCE.ADD_TO_RESULTS_FILE[1]
200875.189 SetValueAction 
200875.921 TRIAL_IMAGE BLOCK.RECORDING_SEQUENCE.TRIAL_IMAGE (BEGIN) 
200892.195 TRIAL_IMAGE BLOCK.RECORDING_SEQUENCE.TRIAL_IMAGE
201367.274 TIMER[2] BLOCK.RECORDING_SEQUENCE.TIMER[2]
201377.612 DISPLAY_SCREEN[1] BLOCK.RECORDING_SEQUENCE.DISPLAY_SCREEN[1] (BEGIN) 
201392.332 DISPLAY_SCREEN[1] BLOCK.RECORDING_SEQUENCE.DISPLAY_SCREEN[1]
203892.364 TIMER[1] BLOCK.RECORDING_SEQUENCE.TIMER[1]
203892.500 SET_BUTTON_PRESS BLOCK.RECORDING_SEQUENCE.SET_BUTTON_PRESS
203892.641 ADD_TO_RESULTS_FILE[1] BLOCK.RECORDING_SEQUENCE.ADD_TO_RESULTS_FILE[1]
203892.693 SetValueAction 
203893.426 TRIAL_IMAGE BLOCK.RECORDING_SEQUENCE.TRIAL_IMAGE (BEGIN) 
203909.660 TRIAL_IMAGE BLOCK.RECORDING_SEQUENCE.TRIAL_IMAGE
204384.772 TIMER[2] BLOCK.RECORDING_SEQUENCE.TIMER[2]
204394.613 DISPLAY_SCREEN[1] BLOCK.RECORDING_SEQUENCE.DISPLAY_SCREEN[1] (BEGIN) 
204409.797 DISPLAY_SCREEN[1] BLOCK.RECORDING_SEQUENCE.DISPLAY_SCREEN[1]
206909.810 TIMER[1] BLOCK.RECORDING_SEQUENCE.TIMER[1]
206909.949 SET_BUTTON_PRESS BLOCK.RECORDING_SEQUENCE.SET_BUTTON_PRESS
206910.091 ADD_TO_RESULTS_FILE[1] BLOCK.RECORDING_SEQUENCE.ADD_TO_RESULTS_FILE[1]
206910.143 SetValueAction 
206919.818 TRIAL_IMAGE BLOCK.RECORDING_SEQUENCE.TRIAL_IMAGE (BEGIN) 
206927.120 TRIAL_IMAGE BLOCK.RECORDING_SEQUENCE.TRIAL_IMAGE
207402.215 TIMER[2] BLOCK.RECORDING_SEQUENCE.TIMER[2]
207412.612 DISPLAY_SCREEN[1] BLOCK.RECORDING_SEQUENCE.DISPLAY_SCREEN[1] (BEGIN) 
207427.260 DISPLAY_SCREEN[1] BLOCK.RECORDING_SEQUENCE.DISPLAY_SCREEN[1]
209927.289 TIMER[1] BLOCK.RECORDING_SEQUENCE.TIMER[1]
209927.429 SET_BUTTON_PRESS BLOCK.RECORDING_SEQUENCE.SET_BUTTON_PRESS
209927.571 ADD_TO_RESULTS_FILE[1] BLOCK.RECORDING_SEQUENCE.ADD_TO_RESULTS_FILE[1]
209927.624 SetValueAction 
209951.410 TRIAL_IMAGE BLOCK.RECORDING_SEQUENCE.TRIAL_IMAGE (BEGIN) 
209961.262 TRIAL_IMAGE BLOCK.RECORDING_SEQUENCE.TRIAL_IMAGE
210436.334 TIMER[2] BLOCK.RECORDING_SEQUENCE.TIMER[2]
210446.613 DISPLAY_SCREEN[1] BLOCK.RECORDING_SEQUENCE.DISPLAY_SCREEN[1] (BEGIN) 
210461.411 DISPLAY_SCREEN[1] BLOCK.RECORDING_SEQUENCE.DISPLAY_SCREEN[1]
212961.421 TIMER[1] BLOCK.RECORDING_SEQUENCE.TIMER[1]
212961.558 SET_BUTTON_PRESS BLOCK.RECORDING_SEQUENCE.SET_BUTTON_PRESS
212961.700 ADD_TO_RESULTS_FILE[1] BLOCK.RECORDING_SEQUENCE.ADD_TO_RESULTS_FILE[1]
212961.752 SetValueAction 
212992.360 TRIAL_IMAGE BLOCK.RECORDING_SEQUENCE.TRIAL_IMAGE (BEGIN) 
212995.426 TRIAL_IMAGE BLOCK.RECORDING_SEQUENCE.TRIAL_IMAGE
213470.492 TIMER[2] BLOCK.RECORDING_SEQUENCE.TIMER[2]
213480.612 DISPLAY_SCREEN[1] BLOCK.RECORDING_SEQUENCE.DISPLAY_SCREEN[1] (BEGIN) 
213495.540 DISPLAY_SCREEN[1] BLOCK.RECORDING_SEQUENCE.DISPLAY_SCREEN[1]
215995.601 TIMER[1] BLOCK.RECORDING_SEQUENCE.TIMER[1]
215995.737 SET_BUTTON_PRESS BLOCK.RECORDING_SEQUENCE.SET_BUTTON_PRESS
215995.878 ADD_TO_RESULTS_FILE[1] BLOCK.RECORDING_SEQUENCE.ADD_TO_RESULTS_FILE[1]
215995.930 SetValueAction 
216012.618 TRIAL_IMAGE BLOCK.RECORDING_SEQUENCE.TRIAL_IMAGE (BEGIN) 
216029.546 TRIAL_IMAGE BLOCK.RECORDING_SEQUENCE.TRIAL_IMAGE
216504.658 TIMER[2] BLOCK.RECORDING_SEQUENCE.TIMER[2]
216514.612 DISPLAY_SCREEN[1] BLOCK.RECORDING_SEQUENCE.DISPLAY_SCREEN[1] (BEGIN) 
216529.690 DISPLAY_SCREEN[1] BLOCK.RECORDING_SEQUENCE.DISPLAY_SCREEN[1]
219029.707 TIMER[1] BLOCK.RECORDING_SEQUENCE.TIMER[1]
219029.843 SET_BUTTON_PRESS BLOCK.RECORDING_SEQUENCE.SET_BUTTON_PRESS
219029.984 ADD_TO_RESULTS_FILE[1] BLOCK.RECORDING_SEQUENCE.ADD_TO_RESULTS_FILE[1]
219030.037 SetValueAction 
219030.754 TRIAL_IMAGE BLOCK.RECORDING_SEQUENCE.TRIAL_IMAGE (BEGIN) 
219047.015 TRIAL_IMAGE BLOCK.RECORDING_SEQUENCE.TRIAL_IMAGE
219522.124 TIMER[2] BLOCK.RECORDING_SEQUENCE.TIMER[2]
219532.612 DISPLAY_SCREEN[1] BLOCK.RECORDING_SEQUENCE.DISPLAY_SCREEN[1] (BEGIN) 
219547.155 DISPLAY_SCREEN[1] BLOCK.RECORDING_SEQUENCE.DISPLAY_SCREEN[1]
222047.191 TIMER[1] BLOCK.RECORDING_SEQUENCE.TIMER[1]
222047.337 SET_BUTTON_PRESS BLOCK.RECORDING_SEQUENCE.SET_BUTTON_PRESS
222047.482 ADD_TO_RESULTS_FILE[1] BLOCK.RECORDING_SEQUENCE.ADD_TO_RESULTS_FILE[1]
222047.538 SetValueAction 
222048.257 TRIAL_IMAGE BLOCK.RECORDING_SEQUENCE.TRIAL_IMAGE (BEGIN) 
222064.490 TRIAL_IMAGE BLOCK.RECORDING_SEQUENCE.TRIAL_IMAGE
222539.605 TIMER[2] BLOCK.RECORDING_SEQUENCE.TIMER[2]
222549.611 DISPLAY_SCREEN[1] BLOCK.RECORDING_SEQUENCE.DISPLAY_SCREEN[1] (BEGIN) 
222564.630 DISPLAY_SCREEN[1] BLOCK.RECORDING_SEQUENCE.DISPLAY_SCREEN[1]
225064.634 TIMER[1] BLOCK.RECORDING_SEQUENCE.TIMER[1]
225064.771 SET_BUTTON_PRESS BLOCK.RECORDING_SEQUENCE.SET_BUTTON_PRESS
225064.912 ADD_TO_RESULTS_FILE[1] BLOCK.RECORDING_SEQUENCE.ADD_TO_RESULTS_FILE[1]
225064.964 SetValueAction 
225081.619 TRIAL_IMAGE BLOCK.RECORDING_SEQUENCE.TRIAL_IMAGE (BEGIN) 
225098.626 TRIAL_IMAGE BLOCK.RECORDING_SEQUENCE.TRIAL_IMAGE
225573.732 TIMER[2] BLOCK.RECORDING_SEQUENCE.TIMER[2]
225583.611 DISPLAY_SCREEN[1] BLOCK.RECORDING_SEQUENCE.DISPLAY_SCREEN[1] (BEGIN) 
225598.762 DISPLAY_SCREEN[1] BLOCK.RECORDING_SEQUENCE.DISPLAY_SCREEN[1]
228098.797 TIMER[1] BLOCK.RECORDING_SEQUENCE.TIMER[1]
228098.937 SET_BUTTON_PRESS BLOCK.RECORDING_SEQUENCE.SET_BUTTON_PRESS
228099.080 ADD_TO_RESULTS_FILE[1] BLOCK.RECORDING_SEQUENCE.ADD_TO_RESULTS_FILE[1]
228099.133 SetValueAction 
228099.882 TRIAL_IMAGE BLOCK.RECORDING_SEQUENCE.TRIAL_IMAGE (BEGIN) 
228116.099 TRIAL_IMAGE BLOCK.RECORDING_SEQUENCE.TRIAL_IMAGE
228591.179 TIMER[2] BLOCK.RECORDING_SEQUENCE.TIMER[2]
228601.612 DISPLAY_SCREEN[1] BLOCK.RECORDING_SEQUENCE.DISPLAY_SCREEN[1] (BEGIN) 
228616.228 DISPLAY_SCREEN[1] BLOCK.RECORDING_SEQUENCE.DISPLAY_SCREEN[1]
231116.270 TIMER[1] BLOCK.RECORDING_SEQUENCE.TIMER[1]
231116.422 SET_BUTTON_PRESS BLOCK.RECORDING_SEQUENCE.SET_BUTTON_PRESS
231116.583 ADD_TO_RESULTS_FILE[1] BLOCK.RECORDING_SEQUENCE.ADD_TO_RESULTS_FILE[1]
231116.635 SetValueAction 
231125.218 TRIAL_IMAGE BLOCK.RECORDING_SEQUENCE.TRIAL_IMAGE (BEGIN) 
231133.556 TRIAL_IMAGE BLOCK.RECORDING_SEQUENCE.TRIAL_IMAGE
231608.634 TIMER[2] BLOCK.RECORDING_SEQUENCE.TIMER[2]
231618.617 DISPLAY_SCREEN[1] BLOCK.RECORDING_SEQUENCE.DISPLAY_SCREEN[1] (BEGIN) 
231633.696 DISPLAY_SCREEN[1] BLOCK.RECORDING_SEQUENCE.DISPLAY_SCREEN[1]
234133.759 TIMER[1] BLOCK.RECORDING_SEQUENCE.TIMER[1]
234133.913 SET_BUTTON_PRESS BLOCK.RECORDING_SEQUENCE.SET_BUTTON_PRESS
234134.055 ADD_TO_RESULTS_FILE[1] BLOCK.RECORDING_SEQUENCE.ADD_TO_RESULTS_FILE[1]
234134.108 SetValueAction 
234156.713 TRIAL_IMAGE BLOCK.RECORDING_SEQUENCE.TRIAL_IMAGE (BEGIN) 
234167.706 TRIAL_IMAGE BLOCK.RECORDING_SEQUENCE.TRIAL_IMAGE
234642.780 TIMER[2] BLOCK.RECORDING_SEQUENCE.TIMER[2]
234652.612 DISPLAY_SCREEN[1] BLOCK.RECORDING_SEQUENCE.DISPLAY_SCREEN[1] (BEGIN) 
234667.838 DISPLAY_SCREEN[1] BLOCK.RECORDING_SEQUENCE.DISPLAY_SCREEN[1]
237167.878 TIMER[1] BLOCK.RECORDING_SEQUENCE.TIMER[1]
237168.016 SET_BUTTON_PRESS BLOCK.RECORDING_SEQUENCE.SET_BUTTON_PRESS
237168.158 ADD_TO_RESULTS_FILE[1] BLOCK.RECORDING_SEQUENCE.ADD_TO_RESULTS_FILE[1]
237168.210 SetValueAction 
237168.898 TRIAL_IMAGE BLOCK.RECORDING_SEQUENCE.TRIAL_IMAGE (BEGIN) 
237185.179 TRIAL_IMAGE BLOCK.RECORDING_SEQUENCE.TRIAL_IMAGE
237660.293 TIMER[2] BLOCK.RECORDING_SEQUENCE.TIMER[2]
237670.613 DISPLAY_SCREEN[1] BLOCK.RECORDING_SEQUENCE.DISPLAY_SCREEN[1] (BEGIN) 
237685.305 DISPLAY_SCREEN[1] BLOCK.RECORDING_SEQUENCE.DISPLAY_SCREEN[1]
240185.377 TIMER[1] BLOCK.RECORDING_SEQUENCE.TIMER[1]
240185.532 SET_BUTTON_PRESS BLOCK.RECORDING_SEQUENCE.SET_BUTTON_PRESS
240185.674 ADD_TO_RESULTS_FILE[1] BLOCK.RECORDING_SEQUENCE.ADD_TO_RESULTS_FILE[1]
240185.725 SetValueAction 
240186.415 TRIAL_IMAGE BLOCK.RECORDING_SEQUENCE.TRIAL_IMAGE (BEGIN) 
240202.648 TRIAL_IMAGE BLOCK.RECORDING_SEQUENCE.TRIAL_IMAGE
240677.733 TIMER[2] BLOCK.RECORDING_SEQUENCE.TIMER[2]
240687.612 DISPLAY_SCREEN[1] BLOCK.RECORDING_SEQUENCE.DISPLAY_SCREEN[1] (BEGIN) 
240702.777 DISPLAY_SCREEN[1] BLOCK.RECORDING_SEQUENCE.DISPLAY_SCREEN[1]
243202.842 TIMER[1] BLOCK.RECORDING_SEQUENCE.TIMER[1]
243202.981 SET_BUTTON_PRESS BLOCK.RECORDING_SEQUENCE.SET_BUTTON_PRESS
243203.123 ADD_TO_RESULTS_FILE[1] BLOCK.RECORDING_SEQUENCE.ADD_TO_RESULTS_FILE[1]
243203.174 SetValueAction 
243223.400 TRIAL_IMAGE BLOCK.RECORDING_SEQUENCE.TRIAL_IMAGE (BEGIN) 
243236.786 TRIAL_IMAGE BLOCK.RECORDING_SEQUENCE.TRIAL_IMAGE
243711.879 TIMER[2] BLOCK.RECORDING_SEQUENCE.TIMER[2]
243721.612 DISPLAY_SCREEN[1] BLOCK.RECORDING_SEQUENCE.DISPLAY_SCREEN[1] (BEGIN) 
243736.911 DISPLAY_SCREEN[1] BLOCK.RECORDING_SEQUENCE.DISPLAY_SCREEN[1]
246236.964 TIMER[1] BLOCK.RECORDING_SEQUENCE.TIMER[1]
246237.103 SET_BUTTON_PRESS BLOCK.RECORDING_SEQUENCE.SET_BUTTON_PRESS
246237.262 ADD_TO_RESULTS_FILE[1] BLOCK.RECORDING_SEQUENCE.ADD_TO_RESULTS_FILE[1]
246237.314 SetValueAction 
246253.769 TRIAL_IMAGE BLOCK.RECORDING_SEQUENCE.TRIAL_IMAGE (BEGIN) 
246270.923 TRIAL_IMAGE BLOCK.RECORDING_SEQUENCE.TRIAL_IMAGE
246745.978 TIMER[2] BLOCK.RECORDING_SEQUENCE.TIMER[2]
246756.612 DISPLAY_SCREEN[1] BLOCK.RECORDING_SEQUENCE.DISPLAY_SCREEN[1] (BEGIN) 
246771.051 DISPLAY_SCREEN[1] BLOCK.RECORDING_SEQUENCE.DISPLAY_SCREEN[1]
249271.127 TIMER[1] BLOCK.RECORDING_SEQUENCE.TIMER[1]
249271.264 SET_BUTTON_PRESS BLOCK.RECORDING_SEQUENCE.SET_BUTTON_PRESS
249271.406 ADD_TO_RESULTS_FILE[1] BLOCK.RECORDING_SEQUENCE.ADD_TO_RESULTS_FILE[1]
249271.458 SetValueAction 
249299.421 TRIAL_IMAGE BLOCK.RECORDING_SEQUENCE.TRIAL_IMAGE (BEGIN) 
249305.061 TRIAL_IMAGE BLOCK.RECORDING_SEQUENCE.TRIAL_IMAGE
249780.189 TIMER[2] BLOCK.RECORDING_SEQUENCE.TIMER[2]
249790.612 DISPLAY_SCREEN[1] BLOCK.RECORDING_SEQUENCE.DISPLAY_SCREEN[1] (BEGIN) 
249805.198 DISPLAY_SCREEN[1] BLOCK.RECORDING_SEQUENCE.DISPLAY_SCREEN[1]
252305.237 TIMER[1] BLOCK.RECORDING_SEQUENCE.TIMER[1]
252305.374 SET_BUTTON_PRESS BLOCK.RECORDING_SEQUENCE.SET_BUTTON_PRESS
252305.515 ADD_TO_RESULTS_FILE[1] BLOCK.RECORDING_SEQUENCE.ADD_TO_RESULTS_FILE[1]
252305.566 SetValueAction 
252306.304 TRIAL_IMAGE BLOCK.RECORDING_SEQUENCE.TRIAL_IMAGE (BEGIN) 
252322.535 TRIAL_IMAGE BLOCK.RECORDING_SEQUENCE.TRIAL_IMAGE
252797.587 TIMER[2] BLOCK.RECORDING_SEQUENCE.TIMER[2]
252807.612 DISPLAY_SCREEN[1] BLOCK.RECORDING_SEQUENCE.DISPLAY_SCREEN[1] (BEGIN) 
252822.659 DISPLAY_SCREEN[1] BLOCK.RECORDING_SEQUENCE.DISPLAY_SCREEN[1]
255322.720 TIMER[1] BLOCK.RECORDING_SEQUENCE.TIMER[1]
255322.900 SET_BUTTON_PRESS BLOCK.RECORDING_SEQUENCE.SET_BUTTON_PRESS
255323.040 ADD_TO_RESULTS_FILE[1] BLOCK.RECORDING_SEQUENCE.ADD_TO_RESULTS_FILE[1]
255323.093 SetValueAction 
255323.795 TRIAL_IMAGE BLOCK.RECORDING_SEQUENCE.TRIAL_IMAGE (BEGIN) 
255340.010 TRIAL_IMAGE BLOCK.RECORDING_SEQUENCE.TRIAL_IMAGE
255815.095 TIMER[2] BLOCK.RECORDING_SEQUENCE.TIMER[2]
255825.612 DISPLAY_SCREEN[1] BLOCK.RECORDING_SEQUENCE.DISPLAY_SCREEN[1] (BEGIN) 
255840.139 DISPLAY_SCREEN[1] BLOCK.RECORDING_SEQUENCE.DISPLAY_SCREEN[1]
258340.189 TIMER[1] BLOCK.RECORDING_SEQUENCE.TIMER[1]
258340.342 SET_BUTTON_PRESS BLOCK.RECORDING_SEQUENCE.SET_BUTTON_PRESS
258340.498 ADD_TO_RESULTS_FILE[1] BLOCK.RECORDING_SEQUENCE.ADD_TO_RESULTS_FILE[1]
258340.556 SetValueAction 
258349.144 TRIAL_IMAGE BLOCK.RECORDING_SEQUENCE.TRIAL_IMAGE (BEGIN) 
258357.470 TRIAL_IMAGE BLOCK.RECORDING_SEQUENCE.TRIAL_IMAGE
258832.504 TIMER[2] BLOCK.RECORDING_SEQUENCE.TIMER[2]
258842.612 DISPLAY_SCREEN[1] BLOCK.RECORDING_SEQUENCE.DISPLAY_SCREEN[1] (BEGIN) 
258857.601 DISPLAY_SCREEN[1] BLOCK.RECORDING_SEQUENCE.DISPLAY_SCREEN[1]
261357.649 TIMER[1] BLOCK.RECORDING_SEQUENCE.TIMER[1]
261357.788 SET_BUTTON_PRESS BLOCK.RECORDING_SEQUENCE.SET_BUTTON_PRESS
261357.931 ADD_TO_RESULTS_FILE[1] BLOCK.RECORDING_SEQUENCE.ADD_TO_RESULTS_FILE[1]
261357.983 SetValueAction 
261358.698 TRIAL_IMAGE BLOCK.RECORDING_SEQUENCE.TRIAL_IMAGE (BEGIN) 
261374.947 TRIAL_IMAGE BLOCK.RECORDING_SEQUENCE.TRIAL_IMAGE
261850.053 TIMER[2] BLOCK.RECORDING_SEQUENCE.TIMER[2]
261860.612 DISPLAY_SCREEN[1] BLOCK.RECORDING_SEQUENCE.DISPLAY_SCREEN[1] (BEGIN) 
261875.065 DISPLAY_SCREEN[1] BLOCK.RECORDING_SEQUENCE.DISPLAY_SCREEN[1]
264375.126 TIMER[1] BLOCK.RECORDING_SEQUENCE.TIMER[1]
264375.265 SET_BUTTON_PRESS BLOCK.RECORDING_SEQUENCE.SET_BUTTON_PRESS
264375.408 ADD_TO_RESULTS_FILE[1] BLOCK.RECORDING_SEQUENCE.ADD_TO_RESULTS_FILE[1]
264375.459 SetValueAction 
264399.963 TRIAL_IMAGE BLOCK.RECORDING_SEQUENCE.TRIAL_IMAGE (BEGIN) 
264409.071 TRIAL_IMAGE BLOCK.RECORDING_SEQUENCE.TRIAL_IMAGE
264884.148 TIMER[2] BLOCK.RECORDING_SEQUENCE.TIMER[2]
264894.613 DISPLAY_SCREEN[1] BLOCK.RECORDING_SEQUENCE.DISPLAY_SCREEN[1] (BEGIN) 
264909.214 DISPLAY_SCREEN[1] BLOCK.RECORDING_SEQUENCE.DISPLAY_SCREEN[1]
267409.286 TIMER[1] BLOCK.RECORDING_SEQUENCE.TIMER[1]
267409.425 SET_BUTTON_PRESS BLOCK.RECORDING_SEQUENCE.SET_BUTTON_PRESS
267409.567 ADD_TO_RESULTS_FILE[1] BLOCK.RECORDING_SEQUENCE.ADD_TO_RESULTS_FILE[1]
267409.619 SetValueAction 
267410.329 TRIAL_IMAGE BLOCK.RECORDING_SEQUENCE.TRIAL_IMAGE (BEGIN) 
267426.549 TRIAL_IMAGE BLOCK.RECORDING_SEQUENCE.TRIAL_IMAGE
267901.645 TIMER[2] BLOCK.RECORDING_SEQUENCE.TIMER[2]
267911.613 DISPLAY_SCREEN[1] BLOCK.RECORDING_SEQUENCE.DISPLAY_SCREEN[1] (BEGIN) 
267926.674 DISPLAY_SCREEN[1] BLOCK.RECORDING_SEQUENCE.DISPLAY_SCREEN[1]
270426.722 TIMER[1] BLOCK.RECORDING_SEQUENCE.TIMER[1]
270426.862 SET_BUTTON_PRESS BLOCK.RECORDING_SEQUENCE.SET_BUTTON_PRESS
270427.002 ADD_TO_RESULTS_FILE[1] BLOCK.RECORDING_SEQUENCE.ADD_TO_RESULTS_FILE[1]
270427.055 SetValueAction 
270427.838 TRIAL_IMAGE BLOCK.RECORDING_SEQUENCE.TRIAL_IMAGE (BEGIN) 
270444.010 TRIAL_IMAGE BLOCK.RECORDING_SEQUENCE.TRIAL_IMAGE
270919.087 TIMER[2] BLOCK.RECORDING_SEQUENCE.TIMER[2]
270929.612 DISPLAY_SCREEN[1] BLOCK.RECORDING_SEQUENCE.DISPLAY_SCREEN[1] (BEGIN) 
270944.140 DISPLAY_SCREEN[1] BLOCK.RECORDING_SEQUENCE.DISPLAY_SCREEN[1]
273444.142 TIMER[1] BLOCK.RECORDING_SEQUENCE.TIMER[1]
273444.286 SET_BUTTON_PRESS BLOCK.RECORDING_SEQUENCE.SET_BUTTON_PRESS
273444.431 ADD_TO_RESULTS_FILE[1] BLOCK.RECORDING_SEQUENCE.ADD_TO_RESULTS_FILE[1]
273444.484 SetValueAction 
273445.266 TRIAL_IMAGE BLOCK.RECORDING_SEQUENCE.TRIAL_IMAGE (BEGIN) 
273461.482 TRIAL_IMAGE BLOCK.RECORDING_SEQUENCE.TRIAL_IMAGE
273936.567 TIMER[2] BLOCK.RECORDING_SEQUENCE.TIMER[2]
273946.613 DISPLAY_SCREEN[1] BLOCK.RECORDING_SEQUENCE.DISPLAY_SCREEN[1] (BEGIN) 
273961.615 DISPLAY_SCREEN[1] BLOCK.RECORDING_SEQUENCE.DISPLAY_SCREEN[1]
276461.617 TIMER[1] BLOCK.RECORDING_SEQUENCE.TIMER[1]
276461.758 SET_BUTTON_PRESS BLOCK.RECORDING_SEQUENCE.SET_BUTTON_PRESS
276461.936 ADD_TO_RESULTS_FILE[1] BLOCK.RECORDING_SEQUENCE.ADD_TO_RESULTS_FILE[1]
276461.988 SetValueAction 
276470.666 TRIAL_IMAGE BLOCK.RECORDING_SEQUENCE.TRIAL_IMAGE (BEGIN) 
276478.949 TRIAL_IMAGE BLOCK.RECORDING_SEQUENCE.TRIAL_IMAGE
276954.032 TIMER[2] BLOCK.RECORDING_SEQUENCE.TIMER[2]
276964.614 DISPLAY_SCREEN[1] BLOCK.RECORDING_SEQUENCE.DISPLAY_SCREEN[1] (BEGIN) 
276979.086 DISPLAY_SCREEN[1] BLOCK.RECORDING_SEQUENCE.DISPLAY_SCREEN[1]
279479.143 TIMER[1] BLOCK.RECORDING_SEQUENCE.TIMER[1]
279479.280 SET_BUTTON_PRESS BLOCK.RECORDING_SEQUENCE.SET_BUTTON_PRESS
279479.438 ADD_TO_RESULTS_FILE[1] BLOCK.RECORDING_SEQUENCE.ADD_TO_RESULTS_FILE[1]
279479.490 SetValueAction 
279487.871 TRIAL_IMAGE BLOCK.RECORDING_SEQUENCE.TRIAL_IMAGE (BEGIN) 
279496.418 TRIAL_IMAGE BLOCK.RECORDING_SEQUENCE.TRIAL_IMAGE
279971.499 TIMER[2] BLOCK.RECORDING_SEQUENCE.TIMER[2]
279981.613 DISPLAY_SCREEN[1] BLOCK.RECORDING_SEQUENCE.DISPLAY_SCREEN[1] (BEGIN) 
279996.557 DISPLAY_SCREEN[1] BLOCK.RECORDING_SEQUENCE.DISPLAY_SCREEN[1]
282496.623 TIMER[1] BLOCK.RECORDING_SEQUENCE.TIMER[1]
282496.760 SET_BUTTON_PRESS BLOCK.RECORDING_SEQUENCE.SET_BUTTON_PRESS
282496.902 ADD_TO_RESULTS_FILE[1] BLOCK.RECORDING_SEQUENCE.ADD_TO_RESULTS_FILE[1]
282496.974 SetValueAction 
282497.708 TRIAL_IMAGE BLOCK.RECORDING_SEQUENCE.TRIAL_IMAGE (BEGIN) 
282513.887 TRIAL_IMAGE BLOCK.RECORDING_SEQUENCE.TRIAL_IMAGE
282988.998 TIMER[2] BLOCK.RECORDING_SEQUENCE.TIMER[2]
282998.611 DISPLAY_SCREEN[1] BLOCK.RECORDING_SEQUENCE.DISPLAY_SCREEN[1] (BEGIN) 
283014.029 DISPLAY_SCREEN[1] BLOCK.RECORDING_SEQUENCE.DISPLAY_SCREEN[1]
285514.047 TIMER[1] BLOCK.RECORDING_SEQUENCE.TIMER[1]
285514.189 SET_BUTTON_PRESS BLOCK.RECORDING_SEQUENCE.SET_BUTTON_PRESS
285514.331 ADD_TO_RESULTS_FILE[1] BLOCK.RECORDING_SEQUENCE.ADD_TO_RESULTS_FILE[1]
285514.386 SetValueAction 
285522.638 TRIAL_IMAGE BLOCK.RECORDING_SEQUENCE.TRIAL_IMAGE (BEGIN) 
285531.350 TRIAL_IMAGE BLOCK.RECORDING_SEQUENCE.TRIAL_IMAGE
286006.466 TIMER[2] BLOCK.RECORDING_SEQUENCE.TIMER[2]
286016.612 DISPLAY_SCREEN[1] BLOCK.RECORDING_SEQUENCE.DISPLAY_SCREEN[1] (BEGIN) 
286031.496 DISPLAY_SCREEN[1] BLOCK.RECORDING_SEQUENCE.DISPLAY_SCREEN[1]
288531.556 TIMER[1] BLOCK.RECORDING_SEQUENCE.TIMER[1]
288531.699 SET_BUTTON_PRESS BLOCK.RECORDING_SEQUENCE.SET_BUTTON_PRESS
288531.843 ADD_TO_RESULTS_FILE[1] BLOCK.RECORDING_SEQUENCE.ADD_TO_RESULTS_FILE[1]
288531.898 SetValueAction 
288532.591 TRIAL_IMAGE BLOCK.RECORDING_SEQUENCE.TRIAL_IMAGE (BEGIN) 
288548.823 TRIAL_IMAGE BLOCK.RECORDING_SEQUENCE.TRIAL_IMAGE
289023.890 TIMER[2] BLOCK.RECORDING_SEQUENCE.TIMER[2]
289033.611 DISPLAY_SCREEN[1] BLOCK.RECORDING_SEQUENCE.DISPLAY_SCREEN[1] (BEGIN) 
289048.954 DISPLAY_SCREEN[1] BLOCK.RECORDING_SEQUENCE.DISPLAY_SCREEN[1]
291548.997 TIMER[1] BLOCK.RECORDING_SEQUENCE.TIMER[1]
291549.137 SET_BUTTON_PRESS BLOCK.RECORDING_SEQUENCE.SET_BUTTON_PRESS
291549.279 ADD_TO_RESULTS_FILE[1] BLOCK.RECORDING_SEQUENCE.ADD_TO_RESULTS_FILE[1]
291549.330 SetValueAction 
291550.122 TRIAL_IMAGE BLOCK.RECORDING_SEQUENCE.TRIAL_IMAGE (BEGIN) 
291566.294 TRIAL_IMAGE BLOCK.RECORDING_SEQUENCE.TRIAL_IMAGE
292041.367 TIMER[2] BLOCK.RECORDING_SEQUENCE.TIMER[2]
292051.612 DISPLAY_SCREEN[1] BLOCK.RECORDING_SEQUENCE.DISPLAY_SCREEN[1] (BEGIN) 
292066.421 DISPLAY_SCREEN[1] BLOCK.RECORDING_SEQUENCE.DISPLAY_SCREEN[1]
294566.488 TIMER[1] BLOCK.RECORDING_SEQUENCE.TIMER[1]
294566.628 SET_BUTTON_PRESS BLOCK.RECORDING_SEQUENCE.SET_BUTTON_PRESS
294566.791 ADD_TO_RESULTS_FILE[1] BLOCK.RECORDING_SEQUENCE.ADD_TO_RESULTS_FILE[1]
294566.844 SetValueAction 
294575.077 TRIAL_IMAGE BLOCK.RECORDING_SEQUENCE.TRIAL_IMAGE (BEGIN) 
294583.762 TRIAL_IMAGE BLOCK.RECORDING_SEQUENCE.TRIAL_IMAGE
295058.888 TIMER[2] BLOCK.RECORDING_SEQUENCE.TIMER[2]
295068.612 DISPLAY_SCREEN[1] BLOCK.RECORDING_SEQUENCE.DISPLAY_SCREEN[1] (BEGIN) 
295083.897 DISPLAY_SCREEN[1] BLOCK.RECORDING_SEQUENCE.DISPLAY_SCREEN[1]
297583.964 TIMER[1] BLOCK.RECORDING_SEQUENCE.TIMER[1]
297584.122 SET_BUTTON_PRESS BLOCK.RECORDING_SEQUENCE.SET_BUTTON_PRESS
297584.264 ADD_TO_RESULTS_FILE[1] BLOCK.RECORDING_SEQUENCE.ADD_TO_RESULTS_FILE[1]
297584.317 SetValueAction 
297585.151 TRIAL_IMAGE BLOCK.RECORDING_SEQUENCE.TRIAL_IMAGE (BEGIN) 
297601.237 TRIAL_IMAGE BLOCK.RECORDING_SEQUENCE.TRIAL_IMAGE
298076.346 TIMER[2] BLOCK.RECORDING_SEQUENCE.TIMER[2]
298086.612 DISPLAY_SCREEN[1] BLOCK.RECORDING_SEQUENCE.DISPLAY_SCREEN[1] (BEGIN) 
298101.363 DISPLAY_SCREEN[1] BLOCK.RECORDING_SEQUENCE.DISPLAY_SCREEN[1]
300601.390 TIMER[1] BLOCK.RECORDING_SEQUENCE.TIMER[1]
300601.529 SET_BUTTON_PRESS BLOCK.RECORDING_SEQUENCE.SET_BUTTON_PRESS
300601.670 ADD_TO_RESULTS_FILE[1] BLOCK.RECORDING_SEQUENCE.ADD_TO_RESULTS_FILE[1]
300601.722 SetValueAction 
300623.312 TRIAL_IMAGE BLOCK.RECORDING_SEQUENCE.TRIAL_IMAGE (BEGIN) 
300635.374 TRIAL_IMAGE BLOCK.RECORDING_SEQUENCE.TRIAL_IMAGE
301110.500 TIMER[2] BLOCK.RECORDING_SEQUENCE.TIMER[2]
301120.613 DISPLAY_SCREEN[1] BLOCK.RECORDING_SEQUENCE.DISPLAY_SCREEN[1] (BEGIN) 
301135.511 DISPLAY_SCREEN[1] BLOCK.RECORDING_SEQUENCE.DISPLAY_SCREEN[1]
303635.571 TIMER[1] BLOCK.RECORDING_SEQUENCE.TIMER[1]
303635.712 SET_BUTTON_PRESS BLOCK.RECORDING_SEQUENCE.SET_BUTTON_PRESS
303635.855 ADD_TO_RESULTS_FILE[1] BLOCK.RECORDING_SEQUENCE.ADD_TO_RESULTS_FILE[1]
303635.907 SetValueAction 
303636.679 TRIAL_IMAGE BLOCK.RECORDING_SEQUENCE.TRIAL_IMAGE (BEGIN) 
303652.837 TRIAL_IMAGE BLOCK.RECORDING_SEQUENCE.TRIAL_IMAGE
304127.904 TIMER[2] BLOCK.RECORDING_SEQUENCE.TIMER[2]
304137.611 DISPLAY_SCREEN[1] BLOCK.RECORDING_SEQUENCE.DISPLAY_SCREEN[1] (BEGIN) 
304152.969 DISPLAY_SCREEN[1] BLOCK.RECORDING_SEQUENCE.DISPLAY_SCREEN[1]
306653.039 TIMER[1] BLOCK.RECORDING_SEQUENCE.TIMER[1]
306653.201 SET_BUTTON_PRESS BLOCK.RECORDING_SEQUENCE.SET_BUTTON_PRESS
306653.342 ADD_TO_RESULTS_FILE[1] BLOCK.RECORDING_SEQUENCE.ADD_TO_RESULTS_FILE[1]
306653.394 SetValueAction 
306654.117 TRIAL_IMAGE BLOCK.RECORDING_SEQUENCE.TRIAL_IMAGE (BEGIN) 
306670.305 TRIAL_IMAGE BLOCK.RECORDING_SEQUENCE.TRIAL_IMAGE
307145.379 TIMER[2] BLOCK.RECORDING_SEQUENCE.TIMER[2]
307155.612 DISPLAY_SCREEN[1] BLOCK.RECORDING_SEQUENCE.DISPLAY_SCREEN[1] (BEGIN) 
307170.437 DISPLAY_SCREEN[1] BLOCK.RECORDING_SEQUENCE.DISPLAY_SCREEN[1]
309670.503 TIMER[1] BLOCK.RECORDING_SEQUENCE.TIMER[1]
309670.641 SET_BUTTON_PRESS BLOCK.RECORDING_SEQUENCE.SET_BUTTON_PRESS
309670.782 ADD_TO_RESULTS_FILE[1] BLOCK.RECORDING_SEQUENCE.ADD_TO_RESULTS_FILE[1]
309670.835 SetValueAction 
309671.648 TRIAL_IMAGE BLOCK.RECORDING_SEQUENCE.TRIAL_IMAGE (BEGIN) 
309687.776 TRIAL_IMAGE BLOCK.RECORDING_SEQUENCE.TRIAL_IMAGE
310162.856 TIMER[2] BLOCK.RECORDING_SEQUENCE.TIMER[2]
310172.611 DISPLAY_SCREEN[1] BLOCK.RECORDING_SEQUENCE.DISPLAY_SCREEN[1] (BEGIN) 
310187.911 DISPLAY_SCREEN[1] BLOCK.RECORDING_SEQUENCE.DISPLAY_SCREEN[1]
312687.957 TIMER[1] BLOCK.RECORDING_SEQUENCE.TIMER[1]
312688.112 SET_BUTTON_PRESS BLOCK.RECORDING_SEQUENCE.SET_BUTTON_PRESS
312688.255 ADD_TO_RESULTS_FILE[1] BLOCK.RECORDING_SEQUENCE.ADD_TO_RESULTS_FILE[1]
312688.308 SetValueAction 
312689.035 TRIAL_IMAGE BLOCK.RECORDING_SEQUENCE.TRIAL_IMAGE (BEGIN) 
312705.253 TRIAL_IMAGE BLOCK.RECORDING_SEQUENCE.TRIAL_IMAGE
313180.339 TIMER[2] BLOCK.RECORDING_SEQUENCE.TIMER[2]
313190.614 DISPLAY_SCREEN[1] BLOCK.RECORDING_SEQUENCE.DISPLAY_SCREEN[1] (BEGIN) 
313205.380 DISPLAY_SCREEN[1] BLOCK.RECORDING_SEQUENCE.DISPLAY_SCREEN[1]
315705.442 TIMER[1] BLOCK.RECORDING_SEQUENCE.TIMER[1]
315705.579 SET_BUTTON_PRESS BLOCK.RECORDING_SEQUENCE.SET_BUTTON_PRESS
315705.720 ADD_TO_RESULTS_FILE[1] BLOCK.RECORDING_SEQUENCE.ADD_TO_RESULTS_FILE[1]
315705.771 SetValueAction 
315724.975 TRIAL_IMAGE BLOCK.RECORDING_SEQUENCE.TRIAL_IMAGE (BEGIN) 
315739.395 TRIAL_IMAGE BLOCK.RECORDING_SEQUENCE.TRIAL_IMAGE
316214.461 TIMER[2] BLOCK.RECORDING_SEQUENCE.TIMER[2]
316224.612 DISPLAY_SCREEN[1] BLOCK.RECORDING_SEQUENCE.DISPLAY_SCREEN[1] (BEGIN) 
316239.528 DISPLAY_SCREEN[1] BLOCK.RECORDING_SEQUENCE.DISPLAY_SCREEN[1]
318739.555 TIMER[1] BLOCK.RECORDING_SEQUENCE.TIMER[1]
318739.692 SET_BUTTON_PRESS BLOCK.RECORDING_SEQUENCE.SET_BUTTON_PRESS
318739.833 ADD_TO_RESULTS_FILE[1] BLOCK.RECORDING_SEQUENCE.ADD_TO_RESULTS_FILE[1]
318739.887 SetValueAction 
318740.623 TRIAL_IMAGE BLOCK.RECORDING_SEQUENCE.TRIAL_IMAGE (BEGIN) 
318756.857 TRIAL_IMAGE BLOCK.RECORDING_SEQUENCE.TRIAL_IMAGE
319231.967 TIMER[2] BLOCK.RECORDING_SEQUENCE.TIMER[2]
319241.613 DISPLAY_SCREEN[1] BLOCK.RECORDING_SEQUENCE.DISPLAY_SCREEN[1] (BEGIN) 
319256.987 DISPLAY_SCREEN[1] BLOCK.RECORDING_SEQUENCE.DISPLAY_SCREEN[1]
321757.018 TIMER[1] BLOCK.RECORDING_SEQUENCE.TIMER[1]
321757.155 SET_BUTTON_PRESS BLOCK.RECORDING_SEQUENCE.SET_BUTTON_PRESS
321757.297 ADD_TO_RESULTS_FILE[1] BLOCK.RECORDING_SEQUENCE.ADD_TO_RESULTS_FILE[1]
321757.371 SetValueAction 
321758.093 TRIAL_IMAGE BLOCK.RECORDING_SEQUENCE.TRIAL_IMAGE (BEGIN) 
321774.326 TRIAL_IMAGE BLOCK.RECORDING_SEQUENCE.TRIAL_IMAGE
322249.408 TIMER[2] BLOCK.RECORDING_SEQUENCE.TIMER[2]
322259.611 DISPLAY_SCREEN[1] BLOCK.RECORDING_SEQUENCE.DISPLAY_SCREEN[1] (BEGIN) 
322274.464 DISPLAY_SCREEN[1] BLOCK.RECORDING_SEQUENCE.DISPLAY_SCREEN[1]
324774.503 TIMER[1] BLOCK.RECORDING_SEQUENCE.TIMER[1]
324774.640 SET_BUTTON_PRESS BLOCK.RECORDING_SEQUENCE.SET_BUTTON_PRESS
324774.781 ADD_TO_RESULTS_FILE[1] BLOCK.RECORDING_SEQUENCE.ADD_TO_RESULTS_FILE[1]
324774.833 SetValueAction 
324802.913 TRIAL_IMAGE BLOCK.RECORDING_SEQUENCE.TRIAL_IMAGE (BEGIN) 
324808.465 TRIAL_IMAGE BLOCK.RECORDING_SEQUENCE.TRIAL_IMAGE
325283.518 TIMER[2] BLOCK.RECORDING_SEQUENCE.TIMER[2]
325293.612 DISPLAY_SCREEN[1] BLOCK.RECORDING_SEQUENCE.DISPLAY_SCREEN[1] (BEGIN) 
325308.599 DISPLAY_SCREEN[1] BLOCK.RECORDING_SEQUENCE.DISPLAY_SCREEN[1]
327808.640 TIMER[1] BLOCK.RECORDING_SEQUENCE.TIMER[1]
327808.779 SET_BUTTON_PRESS BLOCK.RECORDING_SEQUENCE.SET_BUTTON_PRESS
327808.920 ADD_TO_RESULTS_FILE[1] BLOCK.RECORDING_SEQUENCE.ADD_TO_RESULTS_FILE[1]
327808.972 SetValueAction 
327809.709 TRIAL_IMAGE BLOCK.RECORDING_SEQUENCE.TRIAL_IMAGE (BEGIN) 
327825.942 TRIAL_IMAGE BLOCK.RECORDING_SEQUENCE.TRIAL_IMAGE
328301.028 TIMER[2] BLOCK.RECORDING_SEQUENCE.TIMER[2]
328311.612 DISPLAY_SCREEN[1] BLOCK.RECORDING_SEQUENCE.DISPLAY_SCREEN[1] (BEGIN) 
328326.067 DISPLAY_SCREEN[1] BLOCK.RECORDING_SEQUENCE.DISPLAY_SCREEN[1]
330826.105 TIMER[1] BLOCK.RECORDING_SEQUENCE.TIMER[1]
330826.242 SET_BUTTON_PRESS BLOCK.RECORDING_SEQUENCE.SET_BUTTON_PRESS
330826.383 ADD_TO_RESULTS_FILE[1] BLOCK.RECORDING_SEQUENCE.ADD_TO_RESULTS_FILE[1]
330826.435 SetValueAction 
330835.178 TRIAL_IMAGE BLOCK.RECORDING_SEQUENCE.TRIAL_IMAGE (BEGIN) 
330843.409 TRIAL_IMAGE BLOCK.RECORDING_SEQUENCE.TRIAL_IMAGE
331318.442 TIMER[2] BLOCK.RECORDING_SEQUENCE.TIMER[2]
331328.614 DISPLAY_SCREEN[1] BLOCK.RECORDING_SEQUENCE.DISPLAY_SCREEN[1] (BEGIN) 
331343.528 DISPLAY_SCREEN[1] BLOCK.RECORDING_SEQUENCE.DISPLAY_SCREEN[1]
333843.557 TIMER[1] BLOCK.RECORDING_SEQUENCE.TIMER[1]
333843.697 SET_BUTTON_PRESS BLOCK.RECORDING_SEQUENCE.SET_BUTTON_PRESS
333843.837 ADD_TO_RESULTS_FILE[1] BLOCK.RECORDING_SEQUENCE.ADD_TO_RESULTS_FILE[1]
333843.890 SetValueAction 
333844.585 TRIAL_IMAGE BLOCK.RECORDING_SEQUENCE.TRIAL_IMAGE (BEGIN) 
333860.880 TRIAL_IMAGE BLOCK.RECORDING_SEQUENCE.TRIAL_IMAGE
334335.969 TIMER[2] BLOCK.RECORDING_SEQUENCE.TIMER[2]
334345.612 DISPLAY_SCREEN[1] BLOCK.RECORDING_SEQUENCE.DISPLAY_SCREEN[1] (BEGIN) 
334361.001 DISPLAY_SCREEN[1] BLOCK.RECORDING_SEQUENCE.DISPLAY_SCREEN[1]
336861.000 TIMER[1] BLOCK.RECORDING_SEQUENCE.TIMER[1]
336861.139 SET_BUTTON_PRESS BLOCK.RECORDING_SEQUENCE.SET_BUTTON_PRESS
336861.280 ADD_TO_RESULTS_FILE[1] BLOCK.RECORDING_SEQUENCE.ADD_TO_RESULTS_FILE[1]
336861.331 SetValueAction 
336862.111 TRIAL_IMAGE BLOCK.RECORDING_SEQUENCE.TRIAL_IMAGE (BEGIN) 
336878.343 TRIAL_IMAGE BLOCK.RECORDING_SEQUENCE.TRIAL_IMAGE
337353.398 TIMER[2] BLOCK.RECORDING_SEQUENCE.TIMER[2]
337363.613 DISPLAY_SCREEN[1] BLOCK.RECORDING_SEQUENCE.DISPLAY_SCREEN[1] (BEGIN) 
337378.485 DISPLAY_SCREEN[1] BLOCK.RECORDING_SEQUENCE.DISPLAY_SCREEN[1]
339878.529 TIMER[1] BLOCK.RECORDING_SEQUENCE.TIMER[1]
339878.665 SET_BUTTON_PRESS BLOCK.RECORDING_SEQUENCE.SET_BUTTON_PRESS
339878.805 ADD_TO_RESULTS_FILE[1] BLOCK.RECORDING_SEQUENCE.ADD_TO_RESULTS_FILE[1]
339878.857 SetValueAction 
339879.541 TRIAL_IMAGE BLOCK.RECORDING_SEQUENCE.TRIAL_IMAGE (BEGIN) 
339895.805 TRIAL_IMAGE BLOCK.RECORDING_SEQUENCE.TRIAL_IMAGE
340370.929 TIMER[2] BLOCK.RECORDING_SEQUENCE.TIMER[2]
340380.612 DISPLAY_SCREEN[1] BLOCK.RECORDING_SEQUENCE.DISPLAY_SCREEN[1] (BEGIN) 
340395.941 DISPLAY_SCREEN[1] BLOCK.RECORDING_SEQUENCE.DISPLAY_SCREEN[1]
342896.007 TIMER[1] BLOCK.RECORDING_SEQUENCE.TIMER[1]
342896.142 SET_BUTTON_PRESS BLOCK.RECORDING_SEQUENCE.SET_BUTTON_PRESS
342896.282 ADD_TO_RESULTS_FILE[1] BLOCK.RECORDING_SEQUENCE.ADD_TO_RESULTS_FILE[1]
342896.334 SetValueAction 
342904.771 TRIAL_IMAGE BLOCK.RECORDING_SEQUENCE.TRIAL_IMAGE (BEGIN) 
342913.276 TRIAL_IMAGE BLOCK.RECORDING_SEQUENCE.TRIAL_IMAGE
343388.359 TIMER[2] BLOCK.RECORDING_SEQUENCE.TIMER[2]
343398.612 DISPLAY_SCREEN[1] BLOCK.RECORDING_SEQUENCE.DISPLAY_SCREEN[1] (BEGIN) 
343413.408 DISPLAY_SCREEN[1] BLOCK.RECORDING_SEQUENCE.DISPLAY_SCREEN[1]
345913.459 TIMER[1] BLOCK.RECORDING_SEQUENCE.TIMER[1]
345913.595 SET_BUTTON_PRESS BLOCK.RECORDING_SEQUENCE.SET_BUTTON_PRESS
345913.737 ADD_TO_RESULTS_FILE[1] BLOCK.RECORDING_SEQUENCE.ADD_TO_RESULTS_FILE[1]
345913.789 SetValueAction 
345922.047 TRIAL_IMAGE BLOCK.RECORDING_SEQUENCE.TRIAL_IMAGE (BEGIN) 
345930.744 TRIAL_IMAGE BLOCK.RECORDING_SEQUENCE.TRIAL_IMAGE
346405.805 TIMER[2] BLOCK.RECORDING_SEQUENCE.TIMER[2]
346415.613 DISPLAY_SCREEN[1] BLOCK.RECORDING_SEQUENCE.DISPLAY_SCREEN[1] (BEGIN) 
346430.883 DISPLAY_SCREEN[1] BLOCK.RECORDING_SEQUENCE.DISPLAY_SCREEN[1]
348930.949 TIMER[1] BLOCK.RECORDING_SEQUENCE.TIMER[1]
348931.085 SET_BUTTON_PRESS BLOCK.RECORDING_SEQUENCE.SET_BUTTON_PRESS
348931.225 ADD_TO_RESULTS_FILE[1] BLOCK.RECORDING_SEQUENCE.ADD_TO_RESULTS_FILE[1]
348931.277 SetValueAction 
348931.995 TRIAL_IMAGE BLOCK.RECORDING_SEQUENCE.TRIAL_IMAGE (BEGIN) 
348948.211 TRIAL_IMAGE BLOCK.RECORDING_SEQUENCE.TRIAL_IMAGE
349423.297 TIMER[2] BLOCK.RECORDING_SEQUENCE.TIMER[2]
349433.612 DISPLAY_SCREEN[1] BLOCK.RECORDING_SEQUENCE.DISPLAY_SCREEN[1] (BEGIN) 
349448.346 DISPLAY_SCREEN[1] BLOCK.RECORDING_SEQUENCE.DISPLAY_SCREEN[1]
351948.380 TIMER[1] BLOCK.RECORDING_SEQUENCE.TIMER[1]
351948.520 SET_BUTTON_PRESS BLOCK.RECORDING_SEQUENCE.SET_BUTTON_PRESS
351948.699 ADD_TO_RESULTS_FILE[1] BLOCK.RECORDING_SEQUENCE.ADD_TO_RESULTS_FILE[1]
351948.753 SetValueAction 
351949.477 TRIAL_IMAGE BLOCK.RECORDING_SEQUENCE.TRIAL_IMAGE (BEGIN) 
351965.679 TRIAL_IMAGE BLOCK.RECORDING_SEQUENCE.TRIAL_IMAGE
352440.745 TIMER[2] BLOCK.RECORDING_SEQUENCE.TIMER[2]
352450.613 DISPLAY_SCREEN[1] BLOCK.RECORDING_SEQUENCE.DISPLAY_SCREEN[1] (BEGIN) 
352465.816 DISPLAY_SCREEN[1] BLOCK.RECORDING_SEQUENCE.DISPLAY_SCREEN[1]
354965.882 TIMER[1] BLOCK.RECORDING_SEQUENCE.TIMER[1]
354966.016 SET_BUTTON_PRESS BLOCK.RECORDING_SEQUENCE.SET_BUTTON_PRESS
354966.158 ADD_TO_RESULTS_FILE[1] BLOCK.RECORDING_SEQUENCE.ADD_TO_RESULTS_FILE[1]
354966.209 SetValueAction 
354997.970 TRIAL_IMAGE BLOCK.RECORDING_SEQUENCE.TRIAL_IMAGE (BEGIN) 
355016.490 TRIAL_IMAGE BLOCK.RECORDING_SEQUENCE.TRIAL_IMAGE
355491.553 TIMER[2] BLOCK.RECORDING_SEQUENCE.TIMER[2]
355501.612 DISPLAY_SCREEN[1] BLOCK.RECORDING_SEQUENCE.DISPLAY_SCREEN[1] (BEGIN) 
355516.668 DISPLAY_SCREEN[1] BLOCK.RECORDING_SEQUENCE.DISPLAY_SCREEN[1]
358016.644 TIMER[1] BLOCK.RECORDING_SEQUENCE.TIMER[1]
358016.817 SET_BUTTON_PRESS BLOCK.RECORDING_SEQUENCE.SET_BUTTON_PRESS
358016.958 ADD_TO_RESULTS_FILE[1] BLOCK.RECORDING_SEQUENCE.ADD_TO_RESULTS_FILE[1]
358017.009 SetValueAction 
358017.764 TRIAL_IMAGE BLOCK.RECORDING_SEQUENCE.TRIAL_IMAGE (BEGIN) 
358033.968 TRIAL_IMAGE BLOCK.RECORDING_SEQUENCE.TRIAL_IMAGE
358509.031 TIMER[2] BLOCK.RECORDING_SEQUENCE.TIMER[2]
358519.612 DISPLAY_SCREEN[1] BLOCK.RECORDING_SEQUENCE.DISPLAY_SCREEN[1] (BEGIN) 
358534.093 DISPLAY_SCREEN[1] BLOCK.RECORDING_SEQUENCE.DISPLAY_SCREEN[1]
361034.095 TIMER[1] BLOCK.RECORDING_SEQUENCE.TIMER[1]
361034.231 SET_BUTTON_PRESS BLOCK.RECORDING_SEQUENCE.SET_BUTTON_PRESS
361034.371 ADD_TO_RESULTS_FILE[1] BLOCK.RECORDING_SEQUENCE.ADD_TO_RESULTS_FILE[1]
361034.423 SetValueAction 
361035.130 TRIAL_IMAGE BLOCK.RECORDING_SEQUENCE.TRIAL_IMAGE (BEGIN) 
361051.435 TRIAL_IMAGE BLOCK.RECORDING_SEQUENCE.TRIAL_IMAGE
361526.526 TIMER[2] BLOCK.RECORDING_SEQUENCE.TIMER[2]
361536.612 DISPLAY_SCREEN[1] BLOCK.RECORDING_SEQUENCE.DISPLAY_SCREEN[1] (BEGIN) 
361551.569 DISPLAY_SCREEN[1] BLOCK.RECORDING_SEQUENCE.DISPLAY_SCREEN[1]
364051.582 TIMER[1] BLOCK.RECORDING_SEQUENCE.TIMER[1]
364051.720 SET_BUTTON_PRESS BLOCK.RECORDING_SEQUENCE.SET_BUTTON_PRESS
364051.861 ADD_TO_RESULTS_FILE[1] BLOCK.RECORDING_SEQUENCE.ADD_TO_RESULTS_FILE[1]
364051.913 SetValueAction 
364052.643 TRIAL_IMAGE BLOCK.RECORDING_SEQUENCE.TRIAL_IMAGE (BEGIN) 
364068.904 TRIAL_IMAGE BLOCK.RECORDING_SEQUENCE.TRIAL_IMAGE
364544.001 TIMER[2] BLOCK.RECORDING_SEQUENCE.TIMER[2]
364553.613 DISPLAY_SCREEN[1] BLOCK.RECORDING_SEQUENCE.DISPLAY_SCREEN[1] (BEGIN) 
364569.031 DISPLAY_SCREEN[1] BLOCK.RECORDING_SEQUENCE.DISPLAY_SCREEN[1]
367069.075 TIMER[1] BLOCK.RECORDING_SEQUENCE.TIMER[1]
367069.211 SET_BUTTON_PRESS BLOCK.RECORDING_SEQUENCE.SET_BUTTON_PRESS
367069.352 ADD_TO_RESULTS_FILE[1] BLOCK.RECORDING_SEQUENCE.ADD_TO_RESULTS_FILE[1]
367069.404 SetValueAction 
367079.821 TRIAL_IMAGE BLOCK.RECORDING_SEQUENCE.TRIAL_IMAGE (BEGIN) 
367086.366 TRIAL_IMAGE BLOCK.RECORDING_SEQUENCE.TRIAL_IMAGE
367561.458 TIMER[2] BLOCK.RECORDING_SEQUENCE.TIMER[2]
367571.612 DISPLAY_SCREEN[1] BLOCK.RECORDING_SEQUENCE.DISPLAY_SCREEN[1] (BEGIN) 
367586.497 DISPLAY_SCREEN[1] BLOCK.RECORDING_SEQUENCE.DISPLAY_SCREEN[1]
370086.499 TIMER[1] BLOCK.RECORDING_SEQUENCE.TIMER[1]
370086.639 SET_BUTTON_PRESS BLOCK.RECORDING_SEQUENCE.SET_BUTTON_PRESS
370086.783 ADD_TO_RESULTS_FILE[1] BLOCK.RECORDING_SEQUENCE.ADD_TO_RESULTS_FILE[1]
370086.836 SetValueAction 
370087.555 TRIAL_IMAGE BLOCK.RECORDING_SEQUENCE.TRIAL_IMAGE (BEGIN) 
370103.847 TRIAL_IMAGE BLOCK.RECORDING_SEQUENCE.TRIAL_IMAGE
370578.946 TIMER[2] BLOCK.RECORDING_SEQUENCE.TIMER[2]
370588.612 DISPLAY_SCREEN[1] BLOCK.RECORDING_SEQUENCE.DISPLAY_SCREEN[1] (BEGIN) 
370603.972 DISPLAY_SCREEN[1] BLOCK.RECORDING_SEQUENCE.DISPLAY_SCREEN[1]
373104.026 TIMER[1] BLOCK.RECORDING_SEQUENCE.TIMER[1]
373104.166 SET_BUTTON_PRESS BLOCK.RECORDING_SEQUENCE.SET_BUTTON_PRESS
373104.324 ADD_TO_RESULTS_FILE[1] BLOCK.RECORDING_SEQUENCE.ADD_TO_RESULTS_FILE[1]
373104.376 SetValueAction 
373105.110 TRIAL_IMAGE BLOCK.RECORDING_SEQUENCE.TRIAL_IMAGE (BEGIN) 
373121.316 TRIAL_IMAGE BLOCK.RECORDING_SEQUENCE.TRIAL_IMAGE
373596.426 TIMER[2] BLOCK.RECORDING_SEQUENCE.TIMER[2]
373606.612 DISPLAY_SCREEN[1] BLOCK.RECORDING_SEQUENCE.DISPLAY_SCREEN[1] (BEGIN) 
373621.447 DISPLAY_SCREEN[1] BLOCK.RECORDING_SEQUENCE.DISPLAY_SCREEN[1]
376121.472 TIMER[1] BLOCK.RECORDING_SEQUENCE.TIMER[1]
376121.608 SET_BUTTON_PRESS BLOCK.RECORDING_SEQUENCE.SET_BUTTON_PRESS
376121.751 ADD_TO_RESULTS_FILE[1] BLOCK.RECORDING_SEQUENCE.ADD_TO_RESULTS_FILE[1]
376121.803 SetValueAction 
376150.091 TRIAL_IMAGE BLOCK.RECORDING_SEQUENCE.TRIAL_IMAGE (BEGIN) 
376155.435 TRIAL_IMAGE BLOCK.RECORDING_SEQUENCE.TRIAL_IMAGE
376630.567 TIMER[2] BLOCK.RECORDING_SEQUENCE.TIMER[2]
376640.612 DISPLAY_SCREEN[1] BLOCK.RECORDING_SEQUENCE.DISPLAY_SCREEN[1] (BEGIN) 
376655.586 DISPLAY_SCREEN[1] BLOCK.RECORDING_SEQUENCE.DISPLAY_SCREEN[1]
379155.636 TIMER[1] BLOCK.RECORDING_SEQUENCE.TIMER[1]
379155.776 SET_BUTTON_PRESS BLOCK.RECORDING_SEQUENCE.SET_BUTTON_PRESS
379155.920 ADD_TO_RESULTS_FILE[1] BLOCK.RECORDING_SEQUENCE.ADD_TO_RESULTS_FILE[1]
379155.973 SetValueAction 
379156.699 TRIAL_IMAGE BLOCK.RECORDING_SEQUENCE.TRIAL_IMAGE (BEGIN) 
379172.916 TRIAL_IMAGE BLOCK.RECORDING_SEQUENCE.TRIAL_IMAGE
379647.977 TIMER[2] BLOCK.RECORDING_SEQUENCE.TIMER[2]
379658.613 DISPLAY_SCREEN[1] BLOCK.RECORDING_SEQUENCE.DISPLAY_SCREEN[1] (BEGIN) 
379673.052 DISPLAY_SCREEN[1] BLOCK.RECORDING_SEQUENCE.DISPLAY_SCREEN[1]
382173.075 TIMER[1] BLOCK.RECORDING_SEQUENCE.TIMER[1]
382173.209 SET_BUTTON_PRESS BLOCK.RECORDING_SEQUENCE.SET_BUTTON_PRESS
382173.350 ADD_TO_RESULTS_FILE[1] BLOCK.RECORDING_SEQUENCE.ADD_TO_RESULTS_FILE[1]
382173.401 SetValueAction 
382174.083 TRIAL_IMAGE BLOCK.RECORDING_SEQUENCE.TRIAL_IMAGE (BEGIN) 
382190.390 TRIAL_IMAGE BLOCK.RECORDING_SEQUENCE.TRIAL_IMAGE
382665.457 TIMER[2] BLOCK.RECORDING_SEQUENCE.TIMER[2]
382675.612 DISPLAY_SCREEN[1] BLOCK.RECORDING_SEQUENCE.DISPLAY_SCREEN[1] (BEGIN) 
382690.513 DISPLAY_SCREEN[1] BLOCK.RECORDING_SEQUENCE.DISPLAY_SCREEN[1]
385190.553 TIMER[1] BLOCK.RECORDING_SEQUENCE.TIMER[1]
385190.688 SET_BUTTON_PRESS BLOCK.RECORDING_SEQUENCE.SET_BUTTON_PRESS
385190.830 ADD_TO_RESULTS_FILE[1] BLOCK.RECORDING_SEQUENCE.ADD_TO_RESULTS_FILE[1]
385190.881 SetValueAction 
385191.572 TRIAL_IMAGE BLOCK.RECORDING_SEQUENCE.TRIAL_IMAGE (BEGIN) 
385207.850 TRIAL_IMAGE BLOCK.RECORDING_SEQUENCE.TRIAL_IMAGE
385682.986 TIMER[2] BLOCK.RECORDING_SEQUENCE.TIMER[2]
385692.612 DISPLAY_SCREEN[1] BLOCK.RECORDING_SEQUENCE.DISPLAY_SCREEN[1] (BEGIN) 
385707.984 DISPLAY_SCREEN[1] BLOCK.RECORDING_SEQUENCE.DISPLAY_SCREEN[1]
388208.013 TIMER[1] BLOCK.RECORDING_SEQUENCE.TIMER[1]
388208.152 SET_BUTTON_PRESS BLOCK.RECORDING_SEQUENCE.SET_BUTTON_PRESS
388208.293 ADD_TO_RESULTS_FILE[1] BLOCK.RECORDING_SEQUENCE.ADD_TO_RESULTS_FILE[1]
388208.345 SetValueAction 
388209.181 TRIAL_IMAGE BLOCK.RECORDING_SEQUENCE.TRIAL_IMAGE (BEGIN) 
388225.321 TRIAL_IMAGE BLOCK.RECORDING_SEQUENCE.TRIAL_IMAGE
388700.375 TIMER[2] BLOCK.RECORDING_SEQUENCE.TIMER[2]
388710.613 DISPLAY_SCREEN[1] BLOCK.RECORDING_SEQUENCE.DISPLAY_SCREEN[1] (BEGIN) 
388725.453 DISPLAY_SCREEN[1] BLOCK.RECORDING_SEQUENCE.DISPLAY_SCREEN[1]
391225.468 TIMER[1] BLOCK.RECORDING_SEQUENCE.TIMER[1]
391225.604 SET_BUTTON_PRESS BLOCK.RECORDING_SEQUENCE.SET_BUTTON_PRESS
391225.744 ADD_TO_RESULTS_FILE[1] BLOCK.RECORDING_SEQUENCE.ADD_TO_RESULTS_FILE[1]
391225.795 SetValueAction 
391226.528 TRIAL_IMAGE BLOCK.RECORDING_SEQUENCE.TRIAL_IMAGE (BEGIN) 
391242.789 TRIAL_IMAGE BLOCK.RECORDING_SEQUENCE.TRIAL_IMAGE
391717.841 TIMER[2] BLOCK.RECORDING_SEQUENCE.TIMER[2]
391727.612 DISPLAY_SCREEN[1] BLOCK.RECORDING_SEQUENCE.DISPLAY_SCREEN[1] (BEGIN) 
391742.927 DISPLAY_SCREEN[1] BLOCK.RECORDING_SEQUENCE.DISPLAY_SCREEN[1]
394242.980 TIMER[1] BLOCK.RECORDING_SEQUENCE.TIMER[1]
394243.117 SET_BUTTON_PRESS BLOCK.RECORDING_SEQUENCE.SET_BUTTON_PRESS
394243.256 ADD_TO_RESULTS_FILE[1] BLOCK.RECORDING_SEQUENCE.ADD_TO_RESULTS_FILE[1]
394243.308 SetValueAction 
394253.069 TRIAL_IMAGE BLOCK.RECORDING_SEQUENCE.TRIAL_IMAGE (BEGIN) 
394260.251 TRIAL_IMAGE BLOCK.RECORDING_SEQUENCE.TRIAL_IMAGE
394735.379 TIMER[2] BLOCK.RECORDING_SEQUENCE.TIMER[2]
394745.612 DISPLAY_SCREEN[1] BLOCK.RECORDING_SEQUENCE.DISPLAY_SCREEN[1] (BEGIN) 
394760.392 DISPLAY_SCREEN[1] BLOCK.RECORDING_SEQUENCE.DISPLAY_SCREEN[1]
397260.429 TIMER[1] BLOCK.RECORDING_SEQUENCE.TIMER[1]
397260.565 SET_BUTTON_PRESS BLOCK.RECORDING_SEQUENCE.SET_BUTTON_PRESS
397260.705 ADD_TO_RESULTS_FILE[1] BLOCK.RECORDING_SEQUENCE.ADD_TO_RESULTS_FILE[1]
397260.757 SetValueAction 
397261.504 TRIAL_IMAGE BLOCK.RECORDING_SEQUENCE.TRIAL_IMAGE (BEGIN) 
397277.724 TRIAL_IMAGE BLOCK.RECORDING_SEQUENCE.TRIAL_IMAGE
397752.857 TIMER[2] BLOCK.RECORDING_SEQUENCE.TIMER[2]
397762.613 DISPLAY_SCREEN[1] BLOCK.RECORDING_SEQUENCE.DISPLAY_SCREEN[1] (BEGIN) 
397777.869 DISPLAY_SCREEN[1] BLOCK.RECORDING_SEQUENCE.DISPLAY_SCREEN[1]
400277.895 TIMER[1] BLOCK.RECORDING_SEQUENCE.TIMER[1]
400278.033 SET_BUTTON_PRESS BLOCK.RECORDING_SEQUENCE.SET_BUTTON_PRESS
400278.174 ADD_TO_RESULTS_FILE[1] BLOCK.RECORDING_SEQUENCE.ADD_TO_RESULTS_FILE[1]
400278.226 SetValueAction 
400294.617 TRIAL_IMAGE BLOCK.RECORDING_SEQUENCE.TRIAL_IMAGE (BEGIN) 
400311.863 TRIAL_IMAGE BLOCK.RECORDING_SEQUENCE.TRIAL_IMAGE
400786.926 TIMER[2] BLOCK.RECORDING_SEQUENCE.TIMER[2]
400796.612 DISPLAY_SCREEN[1] BLOCK.RECORDING_SEQUENCE.DISPLAY_SCREEN[1] (BEGIN) 
400812.000 DISPLAY_SCREEN[1] BLOCK.RECORDING_SEQUENCE.DISPLAY_SCREEN[1]
403312.070 TIMER[1] BLOCK.RECORDING_SEQUENCE.TIMER[1]
403312.226 SET_BUTTON_PRESS BLOCK.RECORDING_SEQUENCE.SET_BUTTON_PRESS
403312.368 ADD_TO_RESULTS_FILE[1] BLOCK.RECORDING_SEQUENCE.ADD_TO_RESULTS_FILE[1]
403312.420 SetValueAction 
403320.290 TRIAL_IMAGE BLOCK.RECORDING_SEQUENCE.TRIAL_IMAGE (BEGIN) 
403329.326 TRIAL_IMAGE BLOCK.RECORDING_SEQUENCE.TRIAL_IMAGE
403804.402 TIMER[2] BLOCK.RECORDING_SEQUENCE.TIMER[2]
403814.612 DISPLAY_SCREEN[1] BLOCK.RECORDING_SEQUENCE.DISPLAY_SCREEN[1] (BEGIN) 
403829.467 DISPLAY_SCREEN[1] BLOCK.RECORDING_SEQUENCE.DISPLAY_SCREEN[1]
406329.535 TIMER[1] BLOCK.RECORDING_SEQUENCE.TIMER[1]
406329.675 SET_BUTTON_PRESS BLOCK.RECORDING_SEQUENCE.SET_BUTTON_PRESS
406329.818 ADD_TO_RESULTS_FILE[1] BLOCK.RECORDING_SEQUENCE.ADD_TO_RESULTS_FILE[1]
406329.871 SetValueAction 
406330.620 TRIAL_IMAGE BLOCK.RECORDING_SEQUENCE.TRIAL_IMAGE (BEGIN) 
406346.808 TRIAL_IMAGE BLOCK.RECORDING_SEQUENCE.TRIAL_IMAGE
406821.891 TIMER[2] BLOCK.RECORDING_SEQUENCE.TIMER[2]
406831.611 DISPLAY_SCREEN[1] BLOCK.RECORDING_SEQUENCE.DISPLAY_SCREEN[1] (BEGIN) 
406846.940 DISPLAY_SCREEN[1] BLOCK.RECORDING_SEQUENCE.DISPLAY_SCREEN[1]
409347.010 TIMER[1] BLOCK.RECORDING_SEQUENCE.TIMER[1]
409347.183 SET_BUTTON_PRESS BLOCK.RECORDING_SEQUENCE.SET_BUTTON_PRESS
409347.324 ADD_TO_RESULTS_FILE[1] BLOCK.RECORDING_SEQUENCE.ADD_TO_RESULTS_FILE[1]
409347.376 SetValueAction 
409348.081 TRIAL_IMAGE BLOCK.RECORDING_SEQUENCE.TRIAL_IMAGE (BEGIN) 
409364.273 TRIAL_IMAGE BLOCK.RECORDING_SEQUENCE.TRIAL_IMAGE
409839.392 TIMER[2] BLOCK.RECORDING_SEQUENCE.TIMER[2]
409849.612 DISPLAY_SCREEN[1] BLOCK.RECORDING_SEQUENCE.DISPLAY_SCREEN[1] (BEGIN) 
409864.406 DISPLAY_SCREEN[1] BLOCK.RECORDING_SEQUENCE.DISPLAY_SCREEN[1]
412364.414 TIMER[1] BLOCK.RECORDING_SEQUENCE.TIMER[1]
412364.556 SET_BUTTON_PRESS BLOCK.RECORDING_SEQUENCE.SET_BUTTON_PRESS
412364.698 ADD_TO_RESULTS_FILE[1] BLOCK.RECORDING_SEQUENCE.ADD_TO_RESULTS_FILE[1]
412364.750 SetValueAction 
412365.467 TRIAL_IMAGE BLOCK.RECORDING_SEQUENCE.TRIAL_IMAGE (BEGIN) 
412381.746 TRIAL_IMAGE BLOCK.RECORDING_SEQUENCE.TRIAL_IMAGE
412856.843 TIMER[2] BLOCK.RECORDING_SEQUENCE.TIMER[2]
412866.611 DISPLAY_SCREEN[1] BLOCK.RECORDING_SEQUENCE.DISPLAY_SCREEN[1] (BEGIN) 
412881.882 DISPLAY_SCREEN[1] BLOCK.RECORDING_SEQUENCE.DISPLAY_SCREEN[1]
415381.952 TIMER[1] BLOCK.RECORDING_SEQUENCE.TIMER[1]
415382.091 SET_BUTTON_PRESS BLOCK.RECORDING_SEQUENCE.SET_BUTTON_PRESS
415382.232 ADD_TO_RESULTS_FILE[1] BLOCK.RECORDING_SEQUENCE.ADD_TO_RESULTS_FILE[1]
415382.287 SetValueAction 
415382.979 TRIAL_IMAGE BLOCK.RECORDING_SEQUENCE.TRIAL_IMAGE (BEGIN) 
415399.213 TRIAL_IMAGE BLOCK.RECORDING_SEQUENCE.TRIAL_IMAGE
415874.278 TIMER[2] BLOCK.RECORDING_SEQUENCE.TIMER[2]
415884.611 DISPLAY_SCREEN[1] BLOCK.RECORDING_SEQUENCE.DISPLAY_SCREEN[1] (BEGIN) 
415899.349 DISPLAY_SCREEN[1] BLOCK.RECORDING_SEQUENCE.DISPLAY_SCREEN[1]
418399.396 TIMER[1] BLOCK.RECORDING_SEQUENCE.TIMER[1]
418399.538 SET_BUTTON_PRESS BLOCK.RECORDING_SEQUENCE.SET_BUTTON_PRESS
418399.682 ADD_TO_RESULTS_FILE[1] BLOCK.RECORDING_SEQUENCE.ADD_TO_RESULTS_FILE[1]
418399.737 SetValueAction 
418409.160 TRIAL_IMAGE BLOCK.RECORDING_SEQUENCE.TRIAL_IMAGE (BEGIN) 
418416.673 TRIAL_IMAGE BLOCK.RECORDING_SEQUENCE.TRIAL_IMAGE
418891.769 TIMER[2] BLOCK.RECORDING_SEQUENCE.TIMER[2]
418901.613 DISPLAY_SCREEN[1] BLOCK.RECORDING_SEQUENCE.DISPLAY_SCREEN[1] (BEGIN) 
418916.811 DISPLAY_SCREEN[1] BLOCK.RECORDING_SEQUENCE.DISPLAY_SCREEN[1]
421416.852 TIMER[1] BLOCK.RECORDING_SEQUENCE.TIMER[1]
421416.988 SET_BUTTON_PRESS BLOCK.RECORDING_SEQUENCE.SET_BUTTON_PRESS
421417.129 ADD_TO_RESULTS_FILE[1] BLOCK.RECORDING_SEQUENCE.ADD_TO_RESULTS_FILE[1]
421417.180 SetValueAction 
421417.876 TRIAL_IMAGE BLOCK.RECORDING_SEQUENCE.TRIAL_IMAGE (BEGIN) 
421434.155 TRIAL_IMAGE BLOCK.RECORDING_SEQUENCE.TRIAL_IMAGE
421909.210 TIMER[2] BLOCK.RECORDING_SEQUENCE.TIMER[2]
421919.611 DISPLAY_SCREEN[1] BLOCK.RECORDING_SEQUENCE.DISPLAY_SCREEN[1] (BEGIN) 
421934.286 DISPLAY_SCREEN[1] BLOCK.RECORDING_SEQUENCE.DISPLAY_SCREEN[1]
424434.355 TIMER[1] BLOCK.RECORDING_SEQUENCE.TIMER[1]
424434.493 SET_BUTTON_PRESS BLOCK.RECORDING_SEQUENCE.SET_BUTTON_PRESS
424434.637 ADD_TO_RESULTS_FILE[1] BLOCK.RECORDING_SEQUENCE.ADD_TO_RESULTS_FILE[1]
424434.690 SetValueAction 
424435.413 TRIAL_IMAGE BLOCK.RECORDING_SEQUENCE.TRIAL_IMAGE (BEGIN) 
424451.617 TRIAL_IMAGE BLOCK.RECORDING_SEQUENCE.TRIAL_IMAGE
424926.677 TIMER[2] BLOCK.RECORDING_SEQUENCE.TIMER[2]
424936.612 DISPLAY_SCREEN[1] BLOCK.RECORDING_SEQUENCE.DISPLAY_SCREEN[1] (BEGIN) 
424951.748 DISPLAY_SCREEN[1] BLOCK.RECORDING_SEQUENCE.DISPLAY_SCREEN[1]
427451.814 TIMER[1] BLOCK.RECORDING_SEQUENCE.TIMER[1]
427451.951 SET_BUTTON_PRESS BLOCK.RECORDING_SEQUENCE.SET_BUTTON_PRESS
427452.091 ADD_TO_RESULTS_FILE[1] BLOCK.RECORDING_SEQUENCE.ADD_TO_RESULTS_FILE[1]
427452.142 SetValueAction 
427452.945 TRIAL_IMAGE BLOCK.RECORDING_SEQUENCE.TRIAL_IMAGE (BEGIN) 
427469.088 TRIAL_IMAGE BLOCK.RECORDING_SEQUENCE.TRIAL_IMAGE
427944.216 TIMER[2] BLOCK.RECORDING_SEQUENCE.TIMER[2]
427954.612 DISPLAY_SCREEN[1] BLOCK.RECORDING_SEQUENCE.DISPLAY_SCREEN[1] (BEGIN) 
427969.214 DISPLAY_SCREEN[1] BLOCK.RECORDING_SEQUENCE.DISPLAY_SCREEN[1]
430469.253 TIMER[1] BLOCK.RECORDING_SEQUENCE.TIMER[1]
430469.417 SET_BUTTON_PRESS BLOCK.RECORDING_SEQUENCE.SET_BUTTON_PRESS
430469.559 ADD_TO_RESULTS_FILE[1] BLOCK.RECORDING_SEQUENCE.ADD_TO_RESULTS_FILE[1]
430469.611 SetValueAction 
430470.310 TRIAL_IMAGE BLOCK.RECORDING_SEQUENCE.TRIAL_IMAGE (BEGIN) 
430486.561 TRIAL_IMAGE BLOCK.RECORDING_SEQUENCE.TRIAL_IMAGE
430961.623 TIMER[2] BLOCK.RECORDING_SEQUENCE.TIMER[2]
430971.611 DISPLAY_SCREEN[1] BLOCK.RECORDING_SEQUENCE.DISPLAY_SCREEN[1] (BEGIN) 
430986.688 DISPLAY_SCREEN[1] BLOCK.RECORDING_SEQUENCE.DISPLAY_SCREEN[1]
433486.758 TIMER[1] BLOCK.RECORDING_SEQUENCE.TIMER[1]
433486.893 SET_BUTTON_PRESS BLOCK.RECORDING_SEQUENCE.SET_BUTTON_PRESS
433487.034 ADD_TO_RESULTS_FILE[1] BLOCK.RECORDING_SEQUENCE.ADD_TO_RESULTS_FILE[1]
433487.085 SetValueAction 
433512.572 TRIAL_IMAGE BLOCK.RECORDING_SEQUENCE.TRIAL_IMAGE (BEGIN) 
433520.686 TRIAL_IMAGE BLOCK.RECORDING_SEQUENCE.TRIAL_IMAGE
433995.755 TIMER[2] BLOCK.RECORDING_SEQUENCE.TIMER[2]
434005.611 DISPLAY_SCREEN[1] BLOCK.RECORDING_SEQUENCE.DISPLAY_SCREEN[1] (BEGIN) 
434020.822 DISPLAY_SCREEN[1] BLOCK.RECORDING_SEQUENCE.DISPLAY_SCREEN[1]
436520.871 TIMER[1] BLOCK.RECORDING_SEQUENCE.TIMER[1]
436521.009 SET_BUTTON_PRESS BLOCK.RECORDING_SEQUENCE.SET_BUTTON_PRESS
436521.150 ADD_TO_RESULTS_FILE[1] BLOCK.RECORDING_SEQUENCE.ADD_TO_RESULTS_FILE[1]
436521.202 SetValueAction 
436542.870 TRIAL_IMAGE BLOCK.RECORDING_SEQUENCE.TRIAL_IMAGE (BEGIN) 
436554.827 TRIAL_IMAGE BLOCK.RECORDING_SEQUENCE.TRIAL_IMAGE
437029.887 TIMER[2] BLOCK.RECORDING_SEQUENCE.TIMER[2]
437039.611 DISPLAY_SCREEN[1] BLOCK.RECORDING_SEQUENCE.DISPLAY_SCREEN[1] (BEGIN) 
437054.969 DISPLAY_SCREEN[1] BLOCK.RECORDING_SEQUENCE.DISPLAY_SCREEN[1]
439554.985 TIMER[1] BLOCK.RECORDING_SEQUENCE.TIMER[1]
439555.122 SET_BUTTON_PRESS BLOCK.RECORDING_SEQUENCE.SET_BUTTON_PRESS
439555.262 ADD_TO_RESULTS_FILE[1] BLOCK.RECORDING_SEQUENCE.ADD_TO_RESULTS_FILE[1]
439557.727 DISPLAY_SCREEN BLOCK.DISPLAY_SCREEN (BEGIN) 
439572.298 DISPLAY_SCREEN BLOCK.DISPLAY_SCREEN
447438.669 KEYBOARD BLOCK.KEYBOARD
447471.693 GOODBYE_SCREEN GOODBYE_SCREEN (BEGIN) 
447474.396 GOODBYE_SCREEN GOODBYE_SCREEN
480324.446 KEYBOARD[1] KEYBOARD[1]
el_logger: Quit logger.
******** END OF THE LOG FILE ********
