4568.089 ********************************************************
4568.158 ** Session beginning Wednesday February 06, 2019 03:06:00 AM **
4568.167 ** ExperimentBuilder Project : 23255_P22SY **
4568.174 ** ExperimentBuilder Version : 2.1.140 **
4568.181 ** ExperimentBuilder Build   : Nov 10 2017 **
4568.188 ********************************************************
5232.768 WELCOME_SCREEN WELCOME_SCREEN (BEGIN) 
5239.779 WELCOME_SCREEN WELCOME_SCREEN
66908.109 KEYBOARD KEYBOARD
67279.957 PREPARE_SEQUENCE BLOCK.PREPARE_SEQUENCE
67280.248 SetValueAction 
67291.620 TRIAL_IMAGE BLOCK.RECORDING_SEQUENCE.TRIAL_IMAGE (BEGIN) 
67306.111 TRIAL_IMAGE BLOCK.RECORDING_SEQUENCE.TRIAL_IMAGE
67781.205 TIMER[2] BLOCK.RECORDING_SEQUENCE.TIMER[2]
67791.618 DISPLAY_SCREEN[1] BLOCK.RECORDING_SEQUENCE.DISPLAY_SCREEN[1] (BEGIN) 
67806.226 DISPLAY_SCREEN[1] BLOCK.RECORDING_SEQUENCE.DISPLAY_SCREEN[1]
70306.249 TIMER[1] BLOCK.RECORDING_SEQUENCE.TIMER[1]
70306.404 SET_BUTTON_PRESS BLOCK.RECORDING_SEQUENCE.SET_BUTTON_PRESS
70306.566 ADD_TO_RESULTS_FILE[1] BLOCK.RECORDING_SEQUENCE.ADD_TO_RESULTS_FILE[1]
70306.619 SetValueAction 
70316.785 TRIAL_IMAGE BLOCK.RECORDING_SEQUENCE.TRIAL_IMAGE (BEGIN) 
70323.553 TRIAL_IMAGE BLOCK.RECORDING_SEQUENCE.TRIAL_IMAGE
70798.639 TIMER[2] BLOCK.RECORDING_SEQUENCE.TIMER[2]
70808.613 DISPLAY_SCREEN[1] BLOCK.RECORDING_SEQUENCE.DISPLAY_SCREEN[1] (BEGIN) 
70823.691 DISPLAY_SCREEN[1] BLOCK.RECORDING_SEQUENCE.DISPLAY_SCREEN[1]
73323.722 TIMER[1] BLOCK.RECORDING_SEQUENCE.TIMER[1]
73323.865 SET_BUTTON_PRESS BLOCK.RECORDING_SEQUENCE.SET_BUTTON_PRESS
73324.008 ADD_TO_RESULTS_FILE[1] BLOCK.RECORDING_SEQUENCE.ADD_TO_RESULTS_FILE[1]
73324.061 SetValueAction 
73337.579 TRIAL_IMAGE BLOCK.RECORDING_SEQUENCE.TRIAL_IMAGE (BEGIN) 
73341.030 TRIAL_IMAGE BLOCK.RECORDING_SEQUENCE.TRIAL_IMAGE
73816.165 TIMER[2] BLOCK.RECORDING_SEQUENCE.TIMER[2]
73826.630 DISPLAY_SCREEN[1] BLOCK.RECORDING_SEQUENCE.DISPLAY_SCREEN[1] (BEGIN) 
73841.146 DISPLAY_SCREEN[1] BLOCK.RECORDING_SEQUENCE.DISPLAY_SCREEN[1]
76341.160 TIMER[1] BLOCK.RECORDING_SEQUENCE.TIMER[1]
76341.299 SET_BUTTON_PRESS BLOCK.RECORDING_SEQUENCE.SET_BUTTON_PRESS
76341.440 ADD_TO_RESULTS_FILE[1] BLOCK.RECORDING_SEQUENCE.ADD_TO_RESULTS_FILE[1]
76341.492 SetValueAction 
76349.979 TRIAL_IMAGE BLOCK.RECORDING_SEQUENCE.TRIAL_IMAGE (BEGIN) 
76358.465 TRIAL_IMAGE BLOCK.RECORDING_SEQUENCE.TRIAL_IMAGE
76833.555 TIMER[2] BLOCK.RECORDING_SEQUENCE.TIMER[2]
76843.613 DISPLAY_SCREEN[1] BLOCK.RECORDING_SEQUENCE.DISPLAY_SCREEN[1] (BEGIN) 
76858.602 DISPLAY_SCREEN[1] BLOCK.RECORDING_SEQUENCE.DISPLAY_SCREEN[1]
77954.472 MOUSE_R BLOCK.RECORDING_SEQUENCE.MOUSE_R
77954.644 SET_BUTTON_PRESS2 BLOCK.RECORDING_SEQUENCE.SET_BUTTON_PRESS2
77954.790 ADD_TO_RESULTS_FILE[1] BLOCK.RECORDING_SEQUENCE.ADD_TO_RESULTS_FILE[1]
77954.843 SetValueAction 
77963.764 TRIAL_IMAGE BLOCK.RECORDING_SEQUENCE.TRIAL_IMAGE (BEGIN) 
77975.565 TRIAL_IMAGE BLOCK.RECORDING_SEQUENCE.TRIAL_IMAGE
78450.647 TIMER[2] BLOCK.RECORDING_SEQUENCE.TIMER[2]
78460.613 DISPLAY_SCREEN[1] BLOCK.RECORDING_SEQUENCE.DISPLAY_SCREEN[1] (BEGIN) 
78475.706 DISPLAY_SCREEN[1] BLOCK.RECORDING_SEQUENCE.DISPLAY_SCREEN[1]
80975.728 TIMER[1] BLOCK.RECORDING_SEQUENCE.TIMER[1]
80975.865 SET_BUTTON_PRESS BLOCK.RECORDING_SEQUENCE.SET_BUTTON_PRESS
80976.006 ADD_TO_RESULTS_FILE[1] BLOCK.RECORDING_SEQUENCE.ADD_TO_RESULTS_FILE[1]
80976.058 SetValueAction 
80984.285 TRIAL_IMAGE BLOCK.RECORDING_SEQUENCE.TRIAL_IMAGE (BEGIN) 
80993.025 TRIAL_IMAGE BLOCK.RECORDING_SEQUENCE.TRIAL_IMAGE
81468.086 TIMER[2] BLOCK.RECORDING_SEQUENCE.TIMER[2]
81478.613 DISPLAY_SCREEN[1] BLOCK.RECORDING_SEQUENCE.DISPLAY_SCREEN[1] (BEGIN) 
81493.157 DISPLAY_SCREEN[1] BLOCK.RECORDING_SEQUENCE.DISPLAY_SCREEN[1]
83993.185 TIMER[1] BLOCK.RECORDING_SEQUENCE.TIMER[1]
83993.322 SET_BUTTON_PRESS BLOCK.RECORDING_SEQUENCE.SET_BUTTON_PRESS
83993.462 ADD_TO_RESULTS_FILE[1] BLOCK.RECORDING_SEQUENCE.ADD_TO_RESULTS_FILE[1]
83993.514 SetValueAction 
84002.365 TRIAL_IMAGE BLOCK.RECORDING_SEQUENCE.TRIAL_IMAGE (BEGIN) 
84010.482 TRIAL_IMAGE BLOCK.RECORDING_SEQUENCE.TRIAL_IMAGE
84485.550 TIMER[2] BLOCK.RECORDING_SEQUENCE.TIMER[2]
84495.612 DISPLAY_SCREEN[1] BLOCK.RECORDING_SEQUENCE.DISPLAY_SCREEN[1] (BEGIN) 
84510.621 DISPLAY_SCREEN[1] BLOCK.RECORDING_SEQUENCE.DISPLAY_SCREEN[1]
87010.669 TIMER[1] BLOCK.RECORDING_SEQUENCE.TIMER[1]
87010.805 SET_BUTTON_PRESS BLOCK.RECORDING_SEQUENCE.SET_BUTTON_PRESS
87010.946 ADD_TO_RESULTS_FILE[1] BLOCK.RECORDING_SEQUENCE.ADD_TO_RESULTS_FILE[1]
87010.999 SetValueAction 
87019.350 TRIAL_IMAGE BLOCK.RECORDING_SEQUENCE.TRIAL_IMAGE (BEGIN) 
87027.941 TRIAL_IMAGE BLOCK.RECORDING_SEQUENCE.TRIAL_IMAGE
87503.076 TIMER[2] BLOCK.RECORDING_SEQUENCE.TIMER[2]
87513.630 DISPLAY_SCREEN[1] BLOCK.RECORDING_SEQUENCE.DISPLAY_SCREEN[1] (BEGIN) 
87528.071 DISPLAY_SCREEN[1] BLOCK.RECORDING_SEQUENCE.DISPLAY_SCREEN[1]
90028.106 TIMER[1] BLOCK.RECORDING_SEQUENCE.TIMER[1]
90028.241 SET_BUTTON_PRESS BLOCK.RECORDING_SEQUENCE.SET_BUTTON_PRESS
90028.380 ADD_TO_RESULTS_FILE[1] BLOCK.RECORDING_SEQUENCE.ADD_TO_RESULTS_FILE[1]
90028.433 SetValueAction 
90038.014 TRIAL_IMAGE BLOCK.RECORDING_SEQUENCE.TRIAL_IMAGE (BEGIN) 
90045.410 TRIAL_IMAGE BLOCK.RECORDING_SEQUENCE.TRIAL_IMAGE
90520.485 TIMER[2] BLOCK.RECORDING_SEQUENCE.TIMER[2]
90530.628 DISPLAY_SCREEN[1] BLOCK.RECORDING_SEQUENCE.DISPLAY_SCREEN[1] (BEGIN) 
90545.545 DISPLAY_SCREEN[1] BLOCK.RECORDING_SEQUENCE.DISPLAY_SCREEN[1]
93045.608 TIMER[1] BLOCK.RECORDING_SEQUENCE.TIMER[1]
93045.747 SET_BUTTON_PRESS BLOCK.RECORDING_SEQUENCE.SET_BUTTON_PRESS
93045.889 ADD_TO_RESULTS_FILE[1] BLOCK.RECORDING_SEQUENCE.ADD_TO_RESULTS_FILE[1]
93045.942 SetValueAction 
93063.737 TRIAL_IMAGE BLOCK.RECORDING_SEQUENCE.TRIAL_IMAGE (BEGIN) 
93079.538 TRIAL_IMAGE BLOCK.RECORDING_SEQUENCE.TRIAL_IMAGE
93554.677 TIMER[2] BLOCK.RECORDING_SEQUENCE.TIMER[2]
93564.612 DISPLAY_SCREEN[1] BLOCK.RECORDING_SEQUENCE.DISPLAY_SCREEN[1] (BEGIN) 
93579.682 DISPLAY_SCREEN[1] BLOCK.RECORDING_SEQUENCE.DISPLAY_SCREEN[1]
96079.685 TIMER[1] BLOCK.RECORDING_SEQUENCE.TIMER[1]
96079.822 SET_BUTTON_PRESS BLOCK.RECORDING_SEQUENCE.SET_BUTTON_PRESS
96079.962 ADD_TO_RESULTS_FILE[1] BLOCK.RECORDING_SEQUENCE.ADD_TO_RESULTS_FILE[1]
96080.015 SetValueAction 
96080.267 TRIAL_IMAGE BLOCK.RECORDING_SEQUENCE.TRIAL_IMAGE (BEGIN) 
96096.993 TRIAL_IMAGE BLOCK.RECORDING_SEQUENCE.TRIAL_IMAGE
96572.080 TIMER[2] BLOCK.RECORDING_SEQUENCE.TIMER[2]
96582.620 DISPLAY_SCREEN[1] BLOCK.RECORDING_SEQUENCE.DISPLAY_SCREEN[1] (BEGIN) 
96597.124 DISPLAY_SCREEN[1] BLOCK.RECORDING_SEQUENCE.DISPLAY_SCREEN[1]
99097.170 TIMER[1] BLOCK.RECORDING_SEQUENCE.TIMER[1]
99097.307 SET_BUTTON_PRESS BLOCK.RECORDING_SEQUENCE.SET_BUTTON_PRESS
99097.450 ADD_TO_RESULTS_FILE[1] BLOCK.RECORDING_SEQUENCE.ADD_TO_RESULTS_FILE[1]
99097.503 SetValueAction 
99105.238 TRIAL_IMAGE BLOCK.RECORDING_SEQUENCE.TRIAL_IMAGE (BEGIN) 
99114.451 TRIAL_IMAGE BLOCK.RECORDING_SEQUENCE.TRIAL_IMAGE
99589.589 TIMER[2] BLOCK.RECORDING_SEQUENCE.TIMER[2]
99599.617 DISPLAY_SCREEN[1] BLOCK.RECORDING_SEQUENCE.DISPLAY_SCREEN[1] (BEGIN) 
99614.592 DISPLAY_SCREEN[1] BLOCK.RECORDING_SEQUENCE.DISPLAY_SCREEN[1]
102114.595 TIMER[1] BLOCK.RECORDING_SEQUENCE.TIMER[1]
102114.752 SET_BUTTON_PRESS BLOCK.RECORDING_SEQUENCE.SET_BUTTON_PRESS
102114.895 ADD_TO_RESULTS_FILE[1] BLOCK.RECORDING_SEQUENCE.ADD_TO_RESULTS_FILE[1]
102114.947 SetValueAction 
102123.570 TRIAL_IMAGE BLOCK.RECORDING_SEQUENCE.TRIAL_IMAGE (BEGIN) 
102131.907 TRIAL_IMAGE BLOCK.RECORDING_SEQUENCE.TRIAL_IMAGE
102607.028 TIMER[2] BLOCK.RECORDING_SEQUENCE.TIMER[2]
102617.617 DISPLAY_SCREEN[1] BLOCK.RECORDING_SEQUENCE.DISPLAY_SCREEN[1] (BEGIN) 
102632.042 DISPLAY_SCREEN[1] BLOCK.RECORDING_SEQUENCE.DISPLAY_SCREEN[1]
105132.097 TIMER[1] BLOCK.RECORDING_SEQUENCE.TIMER[1]
105132.234 SET_BUTTON_PRESS BLOCK.RECORDING_SEQUENCE.SET_BUTTON_PRESS
105132.375 ADD_TO_RESULTS_FILE[1] BLOCK.RECORDING_SEQUENCE.ADD_TO_RESULTS_FILE[1]
105132.427 SetValueAction 
105140.906 TRIAL_IMAGE BLOCK.RECORDING_SEQUENCE.TRIAL_IMAGE (BEGIN) 
105149.365 TRIAL_IMAGE BLOCK.RECORDING_SEQUENCE.TRIAL_IMAGE
105624.442 TIMER[2] BLOCK.RECORDING_SEQUENCE.TIMER[2]
105634.613 DISPLAY_SCREEN[1] BLOCK.RECORDING_SEQUENCE.DISPLAY_SCREEN[1] (BEGIN) 
105649.513 DISPLAY_SCREEN[1] BLOCK.RECORDING_SEQUENCE.DISPLAY_SCREEN[1]
108149.588 TIMER[1] BLOCK.RECORDING_SEQUENCE.TIMER[1]
108149.726 SET_BUTTON_PRESS BLOCK.RECORDING_SEQUENCE.SET_BUTTON_PRESS
108149.867 ADD_TO_RESULTS_FILE[1] BLOCK.RECORDING_SEQUENCE.ADD_TO_RESULTS_FILE[1]
108149.920 SetValueAction 
108170.938 TRIAL_IMAGE BLOCK.RECORDING_SEQUENCE.TRIAL_IMAGE (BEGIN) 
108183.503 TRIAL_IMAGE BLOCK.RECORDING_SEQUENCE.TRIAL_IMAGE
108658.587 TIMER[2] BLOCK.RECORDING_SEQUENCE.TIMER[2]
108668.614 DISPLAY_SCREEN[1] BLOCK.RECORDING_SEQUENCE.DISPLAY_SCREEN[1] (BEGIN) 
108683.631 DISPLAY_SCREEN[1] BLOCK.RECORDING_SEQUENCE.DISPLAY_SCREEN[1]
111183.709 TIMER[1] BLOCK.RECORDING_SEQUENCE.TIMER[1]
111183.866 SET_BUTTON_PRESS BLOCK.RECORDING_SEQUENCE.SET_BUTTON_PRESS
111184.007 ADD_TO_RESULTS_FILE[1] BLOCK.RECORDING_SEQUENCE.ADD_TO_RESULTS_FILE[1]
111184.060 SetValueAction 
111192.890 TRIAL_IMAGE BLOCK.RECORDING_SEQUENCE.TRIAL_IMAGE (BEGIN) 
111200.962 TRIAL_IMAGE BLOCK.RECORDING_SEQUENCE.TRIAL_IMAGE
111676.081 TIMER[2] BLOCK.RECORDING_SEQUENCE.TIMER[2]
111686.613 DISPLAY_SCREEN[1] BLOCK.RECORDING_SEQUENCE.DISPLAY_SCREEN[1] (BEGIN) 
111701.097 DISPLAY_SCREEN[1] BLOCK.RECORDING_SEQUENCE.DISPLAY_SCREEN[1]
114201.159 TIMER[1] BLOCK.RECORDING_SEQUENCE.TIMER[1]
114201.315 SET_BUTTON_PRESS BLOCK.RECORDING_SEQUENCE.SET_BUTTON_PRESS
114201.475 ADD_TO_RESULTS_FILE[1] BLOCK.RECORDING_SEQUENCE.ADD_TO_RESULTS_FILE[1]
114201.528 SetValueAction 
114219.583 TRIAL_IMAGE BLOCK.RECORDING_SEQUENCE.TRIAL_IMAGE (BEGIN) 
114235.100 TRIAL_IMAGE BLOCK.RECORDING_SEQUENCE.TRIAL_IMAGE
114710.160 TIMER[2] BLOCK.RECORDING_SEQUENCE.TIMER[2]
114720.612 DISPLAY_SCREEN[1] BLOCK.RECORDING_SEQUENCE.DISPLAY_SCREEN[1] (BEGIN) 
114735.234 DISPLAY_SCREEN[1] BLOCK.RECORDING_SEQUENCE.DISPLAY_SCREEN[1]
115495.843 MOUSE_R BLOCK.RECORDING_SEQUENCE.MOUSE_R
115496.003 SET_BUTTON_PRESS2 BLOCK.RECORDING_SEQUENCE.SET_BUTTON_PRESS2
115496.148 ADD_TO_RESULTS_FILE[1] BLOCK.RECORDING_SEQUENCE.ADD_TO_RESULTS_FILE[1]
115496.212 SetValueAction 
115504.568 TRIAL_IMAGE BLOCK.RECORDING_SEQUENCE.TRIAL_IMAGE (BEGIN) 
115518.765 TRIAL_IMAGE BLOCK.RECORDING_SEQUENCE.TRIAL_IMAGE
115993.841 TIMER[2] BLOCK.RECORDING_SEQUENCE.TIMER[2]
116003.613 DISPLAY_SCREEN[1] BLOCK.RECORDING_SEQUENCE.DISPLAY_SCREEN[1] (BEGIN) 
116018.896 DISPLAY_SCREEN[1] BLOCK.RECORDING_SEQUENCE.DISPLAY_SCREEN[1]
116489.074 MOUSE_R BLOCK.RECORDING_SEQUENCE.MOUSE_R
116489.207 SET_BUTTON_PRESS2 BLOCK.RECORDING_SEQUENCE.SET_BUTTON_PRESS2
116489.346 ADD_TO_RESULTS_FILE[1] BLOCK.RECORDING_SEQUENCE.ADD_TO_RESULTS_FILE[1]
116489.399 SetValueAction 
116498.001 TRIAL_IMAGE BLOCK.RECORDING_SEQUENCE.TRIAL_IMAGE (BEGIN) 
116502.352 TRIAL_IMAGE BLOCK.RECORDING_SEQUENCE.TRIAL_IMAGE
116977.464 TIMER[2] BLOCK.RECORDING_SEQUENCE.TIMER[2]
116987.613 DISPLAY_SCREEN[1] BLOCK.RECORDING_SEQUENCE.DISPLAY_SCREEN[1] (BEGIN) 
117002.497 DISPLAY_SCREEN[1] BLOCK.RECORDING_SEQUENCE.DISPLAY_SCREEN[1]
117504.629 MOUSE_R BLOCK.RECORDING_SEQUENCE.MOUSE_R
117504.761 SET_BUTTON_PRESS2 BLOCK.RECORDING_SEQUENCE.SET_BUTTON_PRESS2
117504.903 ADD_TO_RESULTS_FILE[1] BLOCK.RECORDING_SEQUENCE.ADD_TO_RESULTS_FILE[1]
117504.953 SetValueAction 
117513.249 TRIAL_IMAGE BLOCK.RECORDING_SEQUENCE.TRIAL_IMAGE (BEGIN) 
117519.289 TRIAL_IMAGE BLOCK.RECORDING_SEQUENCE.TRIAL_IMAGE
117994.395 TIMER[2] BLOCK.RECORDING_SEQUENCE.TIMER[2]
118004.613 DISPLAY_SCREEN[1] BLOCK.RECORDING_SEQUENCE.DISPLAY_SCREEN[1] (BEGIN) 
118019.426 DISPLAY_SCREEN[1] BLOCK.RECORDING_SEQUENCE.DISPLAY_SCREEN[1]
118311.680 MOUSE_R BLOCK.RECORDING_SEQUENCE.MOUSE_R
118311.809 SET_BUTTON_PRESS2 BLOCK.RECORDING_SEQUENCE.SET_BUTTON_PRESS2
118311.948 ADD_TO_RESULTS_FILE[1] BLOCK.RECORDING_SEQUENCE.ADD_TO_RESULTS_FILE[1]
118312.000 SetValueAction 
118312.643 TRIAL_IMAGE BLOCK.RECORDING_SEQUENCE.TRIAL_IMAGE (BEGIN) 
118319.494 TRIAL_IMAGE BLOCK.RECORDING_SEQUENCE.TRIAL_IMAGE
118794.614 TIMER[2] BLOCK.RECORDING_SEQUENCE.TIMER[2]
118804.612 DISPLAY_SCREEN[1] BLOCK.RECORDING_SEQUENCE.DISPLAY_SCREEN[1] (BEGIN) 
118819.629 DISPLAY_SCREEN[1] BLOCK.RECORDING_SEQUENCE.DISPLAY_SCREEN[1]
119105.295 MOUSE_R BLOCK.RECORDING_SEQUENCE.MOUSE_R
119105.438 SET_BUTTON_PRESS2 BLOCK.RECORDING_SEQUENCE.SET_BUTTON_PRESS2
119105.580 ADD_TO_RESULTS_FILE[1] BLOCK.RECORDING_SEQUENCE.ADD_TO_RESULTS_FILE[1]
119105.633 SetValueAction 
119114.677 TRIAL_IMAGE BLOCK.RECORDING_SEQUENCE.TRIAL_IMAGE (BEGIN) 
119119.711 TRIAL_IMAGE BLOCK.RECORDING_SEQUENCE.TRIAL_IMAGE
119594.776 TIMER[2] BLOCK.RECORDING_SEQUENCE.TIMER[2]
119604.612 DISPLAY_SCREEN[1] BLOCK.RECORDING_SEQUENCE.DISPLAY_SCREEN[1] (BEGIN) 
119619.857 DISPLAY_SCREEN[1] BLOCK.RECORDING_SEQUENCE.DISPLAY_SCREEN[1]
122119.896 TIMER[1] BLOCK.RECORDING_SEQUENCE.TIMER[1]
122120.035 SET_BUTTON_PRESS BLOCK.RECORDING_SEQUENCE.SET_BUTTON_PRESS
122120.175 ADD_TO_RESULTS_FILE[1] BLOCK.RECORDING_SEQUENCE.ADD_TO_RESULTS_FILE[1]
122120.228 SetValueAction 
122129.667 TRIAL_IMAGE BLOCK.RECORDING_SEQUENCE.TRIAL_IMAGE (BEGIN) 
122137.176 TRIAL_IMAGE BLOCK.RECORDING_SEQUENCE.TRIAL_IMAGE
122612.299 TIMER[2] BLOCK.RECORDING_SEQUENCE.TIMER[2]
122622.612 DISPLAY_SCREEN[1] BLOCK.RECORDING_SEQUENCE.DISPLAY_SCREEN[1] (BEGIN) 
122637.302 DISPLAY_SCREEN[1] BLOCK.RECORDING_SEQUENCE.DISPLAY_SCREEN[1]
125137.321 TIMER[1] BLOCK.RECORDING_SEQUENCE.TIMER[1]
125137.458 SET_BUTTON_PRESS BLOCK.RECORDING_SEQUENCE.SET_BUTTON_PRESS
125137.598 ADD_TO_RESULTS_FILE[1] BLOCK.RECORDING_SEQUENCE.ADD_TO_RESULTS_FILE[1]
125140.105 DISPLAY_SCREEN BLOCK.DISPLAY_SCREEN (BEGIN) 
125154.634 DISPLAY_SCREEN BLOCK.DISPLAY_SCREEN
133272.647 KEYBOARD BLOCK.KEYBOARD
133488.378 PREPARE_SEQUENCE BLOCK.PREPARE_SEQUENCE
133488.538 SetValueAction 
133497.626 TRIAL_IMAGE BLOCK.RECORDING_SEQUENCE.TRIAL_IMAGE (BEGIN) 
133506.825 TRIAL_IMAGE BLOCK.RECORDING_SEQUENCE.TRIAL_IMAGE
133981.920 TIMER[2] BLOCK.RECORDING_SEQUENCE.TIMER[2]
133991.618 DISPLAY_SCREEN[1] BLOCK.RECORDING_SEQUENCE.DISPLAY_SCREEN[1] (BEGIN) 
134006.971 DISPLAY_SCREEN[1] BLOCK.RECORDING_SEQUENCE.DISPLAY_SCREEN[1]
136506.973 TIMER[1] BLOCK.RECORDING_SEQUENCE.TIMER[1]
136507.111 SET_BUTTON_PRESS BLOCK.RECORDING_SEQUENCE.SET_BUTTON_PRESS
136507.251 ADD_TO_RESULTS_FILE[1] BLOCK.RECORDING_SEQUENCE.ADD_TO_RESULTS_FILE[1]
136507.305 SetValueAction 
136514.483 TRIAL_IMAGE BLOCK.RECORDING_SEQUENCE.TRIAL_IMAGE (BEGIN) 
136524.294 TRIAL_IMAGE BLOCK.RECORDING_SEQUENCE.TRIAL_IMAGE
136999.417 TIMER[2] BLOCK.RECORDING_SEQUENCE.TIMER[2]
137009.612 DISPLAY_SCREEN[1] BLOCK.RECORDING_SEQUENCE.DISPLAY_SCREEN[1] (BEGIN) 
137024.424 DISPLAY_SCREEN[1] BLOCK.RECORDING_SEQUENCE.DISPLAY_SCREEN[1]
137495.118 MOUSE_R BLOCK.RECORDING_SEQUENCE.MOUSE_R
137495.254 SET_BUTTON_PRESS2 BLOCK.RECORDING_SEQUENCE.SET_BUTTON_PRESS2
137495.393 ADD_TO_RESULTS_FILE[1] BLOCK.RECORDING_SEQUENCE.ADD_TO_RESULTS_FILE[1]
137495.446 SetValueAction 
137502.927 TRIAL_IMAGE BLOCK.RECORDING_SEQUENCE.TRIAL_IMAGE (BEGIN) 
137507.873 TRIAL_IMAGE BLOCK.RECORDING_SEQUENCE.TRIAL_IMAGE
137982.993 TIMER[2] BLOCK.RECORDING_SEQUENCE.TIMER[2]
137992.616 DISPLAY_SCREEN[1] BLOCK.RECORDING_SEQUENCE.DISPLAY_SCREEN[1] (BEGIN) 
138008.007 DISPLAY_SCREEN[1] BLOCK.RECORDING_SEQUENCE.DISPLAY_SCREEN[1]
140508.037 TIMER[1] BLOCK.RECORDING_SEQUENCE.TIMER[1]
140508.191 SET_BUTTON_PRESS BLOCK.RECORDING_SEQUENCE.SET_BUTTON_PRESS
140508.334 ADD_TO_RESULTS_FILE[1] BLOCK.RECORDING_SEQUENCE.ADD_TO_RESULTS_FILE[1]
140508.386 SetValueAction 
140515.715 TRIAL_IMAGE BLOCK.RECORDING_SEQUENCE.TRIAL_IMAGE (BEGIN) 
140525.348 TRIAL_IMAGE BLOCK.RECORDING_SEQUENCE.TRIAL_IMAGE
141000.422 TIMER[2] BLOCK.RECORDING_SEQUENCE.TIMER[2]
141010.613 DISPLAY_SCREEN[1] BLOCK.RECORDING_SEQUENCE.DISPLAY_SCREEN[1] (BEGIN) 
141025.467 DISPLAY_SCREEN[1] BLOCK.RECORDING_SEQUENCE.DISPLAY_SCREEN[1]
143525.502 TIMER[1] BLOCK.RECORDING_SEQUENCE.TIMER[1]
143525.640 SET_BUTTON_PRESS BLOCK.RECORDING_SEQUENCE.SET_BUTTON_PRESS
143525.781 ADD_TO_RESULTS_FILE[1] BLOCK.RECORDING_SEQUENCE.ADD_TO_RESULTS_FILE[1]
143525.834 SetValueAction 
143542.933 TRIAL_IMAGE BLOCK.RECORDING_SEQUENCE.TRIAL_IMAGE (BEGIN) 
143559.473 TRIAL_IMAGE BLOCK.RECORDING_SEQUENCE.TRIAL_IMAGE
144034.544 TIMER[2] BLOCK.RECORDING_SEQUENCE.TIMER[2]
144044.613 DISPLAY_SCREEN[1] BLOCK.RECORDING_SEQUENCE.DISPLAY_SCREEN[1] (BEGIN) 
144059.601 DISPLAY_SCREEN[1] BLOCK.RECORDING_SEQUENCE.DISPLAY_SCREEN[1]
144302.840 MOUSE_R BLOCK.RECORDING_SEQUENCE.MOUSE_R
144302.972 SET_BUTTON_PRESS2 BLOCK.RECORDING_SEQUENCE.SET_BUTTON_PRESS2
144303.112 ADD_TO_RESULTS_FILE[1] BLOCK.RECORDING_SEQUENCE.ADD_TO_RESULTS_FILE[1]
144303.165 SetValueAction 
144310.167 TRIAL_IMAGE BLOCK.RECORDING_SEQUENCE.TRIAL_IMAGE (BEGIN) 
144326.338 TRIAL_IMAGE BLOCK.RECORDING_SEQUENCE.TRIAL_IMAGE
144801.394 TIMER[2] BLOCK.RECORDING_SEQUENCE.TIMER[2]
144811.613 DISPLAY_SCREEN[1] BLOCK.RECORDING_SEQUENCE.DISPLAY_SCREEN[1] (BEGIN) 
144826.468 DISPLAY_SCREEN[1] BLOCK.RECORDING_SEQUENCE.DISPLAY_SCREEN[1]
145246.684 MOUSE_R BLOCK.RECORDING_SEQUENCE.MOUSE_R
145246.822 SET_BUTTON_PRESS2 BLOCK.RECORDING_SEQUENCE.SET_BUTTON_PRESS2
145246.962 ADD_TO_RESULTS_FILE[1] BLOCK.RECORDING_SEQUENCE.ADD_TO_RESULTS_FILE[1]
145247.037 SetValueAction 
145255.071 TRIAL_IMAGE BLOCK.RECORDING_SEQUENCE.TRIAL_IMAGE (BEGIN) 
145259.906 TRIAL_IMAGE BLOCK.RECORDING_SEQUENCE.TRIAL_IMAGE
145734.987 TIMER[2] BLOCK.RECORDING_SEQUENCE.TIMER[2]
145745.612 DISPLAY_SCREEN[1] BLOCK.RECORDING_SEQUENCE.DISPLAY_SCREEN[1] (BEGIN) 
145760.050 DISPLAY_SCREEN[1] BLOCK.RECORDING_SEQUENCE.DISPLAY_SCREEN[1]
146206.344 MOUSE_R BLOCK.RECORDING_SEQUENCE.MOUSE_R
146206.483 SET_BUTTON_PRESS2 BLOCK.RECORDING_SEQUENCE.SET_BUTTON_PRESS2
146206.623 ADD_TO_RESULTS_FILE[1] BLOCK.RECORDING_SEQUENCE.ADD_TO_RESULTS_FILE[1]
146206.678 SetValueAction 
146214.910 TRIAL_IMAGE BLOCK.RECORDING_SEQUENCE.TRIAL_IMAGE (BEGIN) 
146226.834 TRIAL_IMAGE BLOCK.RECORDING_SEQUENCE.TRIAL_IMAGE
146701.897 TIMER[2] BLOCK.RECORDING_SEQUENCE.TIMER[2]
146711.615 DISPLAY_SCREEN[1] BLOCK.RECORDING_SEQUENCE.DISPLAY_SCREEN[1] (BEGIN) 
146726.974 DISPLAY_SCREEN[1] BLOCK.RECORDING_SEQUENCE.DISPLAY_SCREEN[1]
149038.889 MOUSE_R BLOCK.RECORDING_SEQUENCE.MOUSE_R
149039.045 SET_BUTTON_PRESS2 BLOCK.RECORDING_SEQUENCE.SET_BUTTON_PRESS2
149039.199 ADD_TO_RESULTS_FILE[1] BLOCK.RECORDING_SEQUENCE.ADD_TO_RESULTS_FILE[1]
149039.254 SetValueAction 
149046.700 TRIAL_IMAGE BLOCK.RECORDING_SEQUENCE.TRIAL_IMAGE (BEGIN) 
149060.932 TRIAL_IMAGE BLOCK.RECORDING_SEQUENCE.TRIAL_IMAGE
149536.054 TIMER[2] BLOCK.RECORDING_SEQUENCE.TIMER[2]
149546.617 DISPLAY_SCREEN[1] BLOCK.RECORDING_SEQUENCE.DISPLAY_SCREEN[1] (BEGIN) 
149561.053 DISPLAY_SCREEN[1] BLOCK.RECORDING_SEQUENCE.DISPLAY_SCREEN[1]
149671.771 MOUSE_R BLOCK.RECORDING_SEQUENCE.MOUSE_R
149671.906 SET_BUTTON_PRESS2 BLOCK.RECORDING_SEQUENCE.SET_BUTTON_PRESS2
149672.048 ADD_TO_RESULTS_FILE[1] BLOCK.RECORDING_SEQUENCE.ADD_TO_RESULTS_FILE[1]
149672.103 SetValueAction 
149679.295 TRIAL_IMAGE BLOCK.RECORDING_SEQUENCE.TRIAL_IMAGE (BEGIN) 
149694.432 TRIAL_IMAGE BLOCK.RECORDING_SEQUENCE.TRIAL_IMAGE
150169.482 TIMER[2] BLOCK.RECORDING_SEQUENCE.TIMER[2]
150179.617 DISPLAY_SCREEN[1] BLOCK.RECORDING_SEQUENCE.DISPLAY_SCREEN[1] (BEGIN) 
150194.548 DISPLAY_SCREEN[1] BLOCK.RECORDING_SEQUENCE.DISPLAY_SCREEN[1]
150974.054 MOUSE_R BLOCK.RECORDING_SEQUENCE.MOUSE_R
150974.200 SET_BUTTON_PRESS2 BLOCK.RECORDING_SEQUENCE.SET_BUTTON_PRESS2
150974.342 ADD_TO_RESULTS_FILE[1] BLOCK.RECORDING_SEQUENCE.ADD_TO_RESULTS_FILE[1]
150974.395 SetValueAction 
150982.178 TRIAL_IMAGE BLOCK.RECORDING_SEQUENCE.TRIAL_IMAGE (BEGIN) 
150994.766 TRIAL_IMAGE BLOCK.RECORDING_SEQUENCE.TRIAL_IMAGE
151469.818 TIMER[2] BLOCK.RECORDING_SEQUENCE.TIMER[2]
151479.613 DISPLAY_SCREEN[1] BLOCK.RECORDING_SEQUENCE.DISPLAY_SCREEN[1] (BEGIN) 
151494.897 DISPLAY_SCREEN[1] BLOCK.RECORDING_SEQUENCE.DISPLAY_SCREEN[1]
151727.726 MOUSE_R BLOCK.RECORDING_SEQUENCE.MOUSE_R
151727.861 SET_BUTTON_PRESS2 BLOCK.RECORDING_SEQUENCE.SET_BUTTON_PRESS2
151728.000 ADD_TO_RESULTS_FILE[1] BLOCK.RECORDING_SEQUENCE.ADD_TO_RESULTS_FILE[1]
151728.054 SetValueAction 
151735.116 TRIAL_IMAGE BLOCK.RECORDING_SEQUENCE.TRIAL_IMAGE (BEGIN) 
151744.952 TRIAL_IMAGE BLOCK.RECORDING_SEQUENCE.TRIAL_IMAGE
152220.073 TIMER[2] BLOCK.RECORDING_SEQUENCE.TIMER[2]
152230.613 DISPLAY_SCREEN[1] BLOCK.RECORDING_SEQUENCE.DISPLAY_SCREEN[1] (BEGIN) 
152245.096 DISPLAY_SCREEN[1] BLOCK.RECORDING_SEQUENCE.DISPLAY_SCREEN[1]
152822.113 MOUSE_R BLOCK.RECORDING_SEQUENCE.MOUSE_R
152822.261 SET_BUTTON_PRESS2 BLOCK.RECORDING_SEQUENCE.SET_BUTTON_PRESS2
152822.404 ADD_TO_RESULTS_FILE[1] BLOCK.RECORDING_SEQUENCE.ADD_TO_RESULTS_FILE[1]
152822.459 SetValueAction 
152829.436 TRIAL_IMAGE BLOCK.RECORDING_SEQUENCE.TRIAL_IMAGE (BEGIN) 
152845.252 TRIAL_IMAGE BLOCK.RECORDING_SEQUENCE.TRIAL_IMAGE
153320.333 TIMER[2] BLOCK.RECORDING_SEQUENCE.TIMER[2]
153330.613 DISPLAY_SCREEN[1] BLOCK.RECORDING_SEQUENCE.DISPLAY_SCREEN[1] (BEGIN) 
153345.377 DISPLAY_SCREEN[1] BLOCK.RECORDING_SEQUENCE.DISPLAY_SCREEN[1]
153518.954 MOUSE_R BLOCK.RECORDING_SEQUENCE.MOUSE_R
153519.108 SET_BUTTON_PRESS2 BLOCK.RECORDING_SEQUENCE.SET_BUTTON_PRESS2
153519.249 ADD_TO_RESULTS_FILE[1] BLOCK.RECORDING_SEQUENCE.ADD_TO_RESULTS_FILE[1]
153519.302 SetValueAction 
153526.497 TRIAL_IMAGE BLOCK.RECORDING_SEQUENCE.TRIAL_IMAGE (BEGIN) 
153528.755 TRIAL_IMAGE BLOCK.RECORDING_SEQUENCE.TRIAL_IMAGE
154003.866 TIMER[2] BLOCK.RECORDING_SEQUENCE.TIMER[2]
154013.613 DISPLAY_SCREEN[1] BLOCK.RECORDING_SEQUENCE.DISPLAY_SCREEN[1] (BEGIN) 
154028.897 DISPLAY_SCREEN[1] BLOCK.RECORDING_SEQUENCE.DISPLAY_SCREEN[1]
154918.941 MOUSE_R BLOCK.RECORDING_SEQUENCE.MOUSE_R
154919.089 SET_BUTTON_PRESS2 BLOCK.RECORDING_SEQUENCE.SET_BUTTON_PRESS2
154919.234 ADD_TO_RESULTS_FILE[1] BLOCK.RECORDING_SEQUENCE.ADD_TO_RESULTS_FILE[1]
154919.291 SetValueAction 
154927.037 TRIAL_IMAGE BLOCK.RECORDING_SEQUENCE.TRIAL_IMAGE (BEGIN) 
154929.118 TRIAL_IMAGE BLOCK.RECORDING_SEQUENCE.TRIAL_IMAGE
155404.227 TIMER[2] BLOCK.RECORDING_SEQUENCE.TIMER[2]
155414.612 DISPLAY_SCREEN[1] BLOCK.RECORDING_SEQUENCE.DISPLAY_SCREEN[1] (BEGIN) 
155429.259 DISPLAY_SCREEN[1] BLOCK.RECORDING_SEQUENCE.DISPLAY_SCREEN[1]
155735.234 MOUSE_R BLOCK.RECORDING_SEQUENCE.MOUSE_R
155735.367 SET_BUTTON_PRESS2 BLOCK.RECORDING_SEQUENCE.SET_BUTTON_PRESS2
155735.507 ADD_TO_RESULTS_FILE[1] BLOCK.RECORDING_SEQUENCE.ADD_TO_RESULTS_FILE[1]
155735.560 SetValueAction 
155736.269 TRIAL_IMAGE BLOCK.RECORDING_SEQUENCE.TRIAL_IMAGE (BEGIN) 
155746.006 TRIAL_IMAGE BLOCK.RECORDING_SEQUENCE.TRIAL_IMAGE
156221.071 TIMER[2] BLOCK.RECORDING_SEQUENCE.TIMER[2]
156231.612 DISPLAY_SCREEN[1] BLOCK.RECORDING_SEQUENCE.DISPLAY_SCREEN[1] (BEGIN) 
156246.139 DISPLAY_SCREEN[1] BLOCK.RECORDING_SEQUENCE.DISPLAY_SCREEN[1]
156383.289 MOUSE_R BLOCK.RECORDING_SEQUENCE.MOUSE_R
156383.419 SET_BUTTON_PRESS2 BLOCK.RECORDING_SEQUENCE.SET_BUTTON_PRESS2
156383.556 ADD_TO_RESULTS_FILE[1] BLOCK.RECORDING_SEQUENCE.ADD_TO_RESULTS_FILE[1]
156383.609 SetValueAction 
156384.342 TRIAL_IMAGE BLOCK.RECORDING_SEQUENCE.TRIAL_IMAGE (BEGIN) 
156396.185 TRIAL_IMAGE BLOCK.RECORDING_SEQUENCE.TRIAL_IMAGE
156871.278 TIMER[2] BLOCK.RECORDING_SEQUENCE.TIMER[2]
156881.614 DISPLAY_SCREEN[1] BLOCK.RECORDING_SEQUENCE.DISPLAY_SCREEN[1] (BEGIN) 
156896.305 DISPLAY_SCREEN[1] BLOCK.RECORDING_SEQUENCE.DISPLAY_SCREEN[1]
158215.113 MOUSE_R BLOCK.RECORDING_SEQUENCE.MOUSE_R
158215.255 SET_BUTTON_PRESS2 BLOCK.RECORDING_SEQUENCE.SET_BUTTON_PRESS2
158215.397 ADD_TO_RESULTS_FILE[1] BLOCK.RECORDING_SEQUENCE.ADD_TO_RESULTS_FILE[1]
158215.452 SetValueAction 
158216.179 TRIAL_IMAGE BLOCK.RECORDING_SEQUENCE.TRIAL_IMAGE (BEGIN) 
158229.996 TRIAL_IMAGE BLOCK.RECORDING_SEQUENCE.TRIAL_IMAGE
158705.153 TIMER[2] BLOCK.RECORDING_SEQUENCE.TIMER[2]
158715.613 DISPLAY_SCREEN[1] BLOCK.RECORDING_SEQUENCE.DISPLAY_SCREEN[1] (BEGIN) 
158730.126 DISPLAY_SCREEN[1] BLOCK.RECORDING_SEQUENCE.DISPLAY_SCREEN[1]
159429.711 MOUSE_R BLOCK.RECORDING_SEQUENCE.MOUSE_R
159429.854 SET_BUTTON_PRESS2 BLOCK.RECORDING_SEQUENCE.SET_BUTTON_PRESS2
159429.996 ADD_TO_RESULTS_FILE[1] BLOCK.RECORDING_SEQUENCE.ADD_TO_RESULTS_FILE[1]
159430.051 SetValueAction 
159451.270 TRIAL_IMAGE BLOCK.RECORDING_SEQUENCE.TRIAL_IMAGE (BEGIN) 
159463.657 TRIAL_IMAGE BLOCK.RECORDING_SEQUENCE.TRIAL_IMAGE
159938.731 TIMER[2] BLOCK.RECORDING_SEQUENCE.TIMER[2]
159948.613 DISPLAY_SCREEN[1] BLOCK.RECORDING_SEQUENCE.DISPLAY_SCREEN[1] (BEGIN) 
159963.780 DISPLAY_SCREEN[1] BLOCK.RECORDING_SEQUENCE.DISPLAY_SCREEN[1]
160181.945 MOUSE_R BLOCK.RECORDING_SEQUENCE.MOUSE_R
160182.074 SET_BUTTON_PRESS2 BLOCK.RECORDING_SEQUENCE.SET_BUTTON_PRESS2
160182.239 ADD_TO_RESULTS_FILE[1] BLOCK.RECORDING_SEQUENCE.ADD_TO_RESULTS_FILE[1]
160182.293 SetValueAction 
160189.765 TRIAL_IMAGE BLOCK.RECORDING_SEQUENCE.TRIAL_IMAGE (BEGIN) 
160197.175 TRIAL_IMAGE BLOCK.RECORDING_SEQUENCE.TRIAL_IMAGE
160672.273 TIMER[2] BLOCK.RECORDING_SEQUENCE.TIMER[2]
160682.616 DISPLAY_SCREEN[1] BLOCK.RECORDING_SEQUENCE.DISPLAY_SCREEN[1] (BEGIN) 
160697.309 DISPLAY_SCREEN[1] BLOCK.RECORDING_SEQUENCE.DISPLAY_SCREEN[1]
161183.357 MOUSE_R BLOCK.RECORDING_SEQUENCE.MOUSE_R
161183.493 SET_BUTTON_PRESS2 BLOCK.RECORDING_SEQUENCE.SET_BUTTON_PRESS2
161183.635 ADD_TO_RESULTS_FILE[1] BLOCK.RECORDING_SEQUENCE.ADD_TO_RESULTS_FILE[1]
161183.690 SetValueAction 
161191.213 TRIAL_IMAGE BLOCK.RECORDING_SEQUENCE.TRIAL_IMAGE (BEGIN) 
161197.431 TRIAL_IMAGE BLOCK.RECORDING_SEQUENCE.TRIAL_IMAGE
161672.521 TIMER[2] BLOCK.RECORDING_SEQUENCE.TIMER[2]
161682.613 DISPLAY_SCREEN[1] BLOCK.RECORDING_SEQUENCE.DISPLAY_SCREEN[1] (BEGIN) 
161697.570 DISPLAY_SCREEN[1] BLOCK.RECORDING_SEQUENCE.DISPLAY_SCREEN[1]
162613.522 MOUSE_R BLOCK.RECORDING_SEQUENCE.MOUSE_R
162613.664 SET_BUTTON_PRESS2 BLOCK.RECORDING_SEQUENCE.SET_BUTTON_PRESS2
162613.806 ADD_TO_RESULTS_FILE[1] BLOCK.RECORDING_SEQUENCE.ADD_TO_RESULTS_FILE[1]
162613.863 SetValueAction 
162622.027 TRIAL_IMAGE BLOCK.RECORDING_SEQUENCE.TRIAL_IMAGE (BEGIN) 
162631.153 TRIAL_IMAGE BLOCK.RECORDING_SEQUENCE.TRIAL_IMAGE
163106.242 TIMER[2] BLOCK.RECORDING_SEQUENCE.TIMER[2]
163116.613 DISPLAY_SCREEN[1] BLOCK.RECORDING_SEQUENCE.DISPLAY_SCREEN[1] (BEGIN) 
163131.288 DISPLAY_SCREEN[1] BLOCK.RECORDING_SEQUENCE.DISPLAY_SCREEN[1]
164063.083 MOUSE_R BLOCK.RECORDING_SEQUENCE.MOUSE_R
164063.250 SET_BUTTON_PRESS2 BLOCK.RECORDING_SEQUENCE.SET_BUTTON_PRESS2
164063.394 ADD_TO_RESULTS_FILE[1] BLOCK.RECORDING_SEQUENCE.ADD_TO_RESULTS_FILE[1]
164063.448 SetValueAction 
164066.614 TRIAL_IMAGE BLOCK.RECORDING_SEQUENCE.TRIAL_IMAGE (BEGIN) 
164081.532 TRIAL_IMAGE BLOCK.RECORDING_SEQUENCE.TRIAL_IMAGE
164556.649 TIMER[2] BLOCK.RECORDING_SEQUENCE.TIMER[2]
164566.616 DISPLAY_SCREEN[1] BLOCK.RECORDING_SEQUENCE.DISPLAY_SCREEN[1] (BEGIN) 
164581.668 DISPLAY_SCREEN[1] BLOCK.RECORDING_SEQUENCE.DISPLAY_SCREEN[1]
164822.811 MOUSE_R BLOCK.RECORDING_SEQUENCE.MOUSE_R
164822.946 SET_BUTTON_PRESS2 BLOCK.RECORDING_SEQUENCE.SET_BUTTON_PRESS2
164823.086 ADD_TO_RESULTS_FILE[1] BLOCK.RECORDING_SEQUENCE.ADD_TO_RESULTS_FILE[1]
164823.155 SetValueAction 
164823.869 TRIAL_IMAGE BLOCK.RECORDING_SEQUENCE.TRIAL_IMAGE (BEGIN) 
164831.729 TRIAL_IMAGE BLOCK.RECORDING_SEQUENCE.TRIAL_IMAGE
165306.802 TIMER[2] BLOCK.RECORDING_SEQUENCE.TIMER[2]
165316.612 DISPLAY_SCREEN[1] BLOCK.RECORDING_SEQUENCE.DISPLAY_SCREEN[1] (BEGIN) 
165331.867 DISPLAY_SCREEN[1] BLOCK.RECORDING_SEQUENCE.DISPLAY_SCREEN[1]
165885.372 MOUSE_R BLOCK.RECORDING_SEQUENCE.MOUSE_R
165885.509 SET_BUTTON_PRESS2 BLOCK.RECORDING_SEQUENCE.SET_BUTTON_PRESS2
165885.648 ADD_TO_RESULTS_FILE[1] BLOCK.RECORDING_SEQUENCE.ADD_TO_RESULTS_FILE[1]
165885.702 SetValueAction 
165893.034 TRIAL_IMAGE BLOCK.RECORDING_SEQUENCE.TRIAL_IMAGE (BEGIN) 
165898.683 TRIAL_IMAGE BLOCK.RECORDING_SEQUENCE.TRIAL_IMAGE
166373.785 TIMER[2] BLOCK.RECORDING_SEQUENCE.TIMER[2]
166383.612 DISPLAY_SCREEN[1] BLOCK.RECORDING_SEQUENCE.DISPLAY_SCREEN[1] (BEGIN) 
166398.808 DISPLAY_SCREEN[1] BLOCK.RECORDING_SEQUENCE.DISPLAY_SCREEN[1]
168898.836 TIMER[1] BLOCK.RECORDING_SEQUENCE.TIMER[1]
168898.989 SET_BUTTON_PRESS BLOCK.RECORDING_SEQUENCE.SET_BUTTON_PRESS
168899.146 ADD_TO_RESULTS_FILE[1] BLOCK.RECORDING_SEQUENCE.ADD_TO_RESULTS_FILE[1]
168899.206 SetValueAction 
168907.353 TRIAL_IMAGE BLOCK.RECORDING_SEQUENCE.TRIAL_IMAGE (BEGIN) 
168916.138 TRIAL_IMAGE BLOCK.RECORDING_SEQUENCE.TRIAL_IMAGE
169391.215 TIMER[2] BLOCK.RECORDING_SEQUENCE.TIMER[2]
169401.612 DISPLAY_SCREEN[1] BLOCK.RECORDING_SEQUENCE.DISPLAY_SCREEN[1] (BEGIN) 
169416.274 DISPLAY_SCREEN[1] BLOCK.RECORDING_SEQUENCE.DISPLAY_SCREEN[1]
170445.731 MOUSE_R BLOCK.RECORDING_SEQUENCE.MOUSE_R
170445.876 SET_BUTTON_PRESS2 BLOCK.RECORDING_SEQUENCE.SET_BUTTON_PRESS2
170446.018 ADD_TO_RESULTS_FILE[1] BLOCK.RECORDING_SEQUENCE.ADD_TO_RESULTS_FILE[1]
170446.073 SetValueAction 
170446.839 TRIAL_IMAGE BLOCK.RECORDING_SEQUENCE.TRIAL_IMAGE (BEGIN) 
170449.857 TRIAL_IMAGE BLOCK.RECORDING_SEQUENCE.TRIAL_IMAGE
170924.990 TIMER[2] BLOCK.RECORDING_SEQUENCE.TIMER[2]
170934.613 DISPLAY_SCREEN[1] BLOCK.RECORDING_SEQUENCE.DISPLAY_SCREEN[1] (BEGIN) 
170950.000 DISPLAY_SCREEN[1] BLOCK.RECORDING_SEQUENCE.DISPLAY_SCREEN[1]
171621.992 MOUSE_R BLOCK.RECORDING_SEQUENCE.MOUSE_R
171622.133 SET_BUTTON_PRESS2 BLOCK.RECORDING_SEQUENCE.SET_BUTTON_PRESS2
171622.278 ADD_TO_RESULTS_FILE[1] BLOCK.RECORDING_SEQUENCE.ADD_TO_RESULTS_FILE[1]
171622.332 SetValueAction 
171630.366 TRIAL_IMAGE BLOCK.RECORDING_SEQUENCE.TRIAL_IMAGE (BEGIN) 
171633.513 TRIAL_IMAGE BLOCK.RECORDING_SEQUENCE.TRIAL_IMAGE
172108.613 TIMER[2] BLOCK.RECORDING_SEQUENCE.TIMER[2]
172118.613 DISPLAY_SCREEN[1] BLOCK.RECORDING_SEQUENCE.DISPLAY_SCREEN[1] (BEGIN) 
172133.647 DISPLAY_SCREEN[1] BLOCK.RECORDING_SEQUENCE.DISPLAY_SCREEN[1]
174633.697 TIMER[1] BLOCK.RECORDING_SEQUENCE.TIMER[1]
174633.834 SET_BUTTON_PRESS BLOCK.RECORDING_SEQUENCE.SET_BUTTON_PRESS
174633.977 ADD_TO_RESULTS_FILE[1] BLOCK.RECORDING_SEQUENCE.ADD_TO_RESULTS_FILE[1]
174634.030 SetValueAction 
174668.578 TRIAL_IMAGE BLOCK.RECORDING_SEQUENCE.TRIAL_IMAGE (BEGIN) 
174684.317 TRIAL_IMAGE BLOCK.RECORDING_SEQUENCE.TRIAL_IMAGE
175159.427 TIMER[2] BLOCK.RECORDING_SEQUENCE.TIMER[2]
175169.617 DISPLAY_SCREEN[1] BLOCK.RECORDING_SEQUENCE.DISPLAY_SCREEN[1] (BEGIN) 
175184.460 DISPLAY_SCREEN[1] BLOCK.RECORDING_SEQUENCE.DISPLAY_SCREEN[1]
175445.082 MOUSE_R BLOCK.RECORDING_SEQUENCE.MOUSE_R
175445.240 SET_BUTTON_PRESS2 BLOCK.RECORDING_SEQUENCE.SET_BUTTON_PRESS2
175445.381 ADD_TO_RESULTS_FILE[1] BLOCK.RECORDING_SEQUENCE.ADD_TO_RESULTS_FILE[1]
175445.434 SetValueAction 
175466.514 TRIAL_IMAGE BLOCK.RECORDING_SEQUENCE.TRIAL_IMAGE (BEGIN) 
175484.532 TRIAL_IMAGE BLOCK.RECORDING_SEQUENCE.TRIAL_IMAGE
175959.662 TIMER[2] BLOCK.RECORDING_SEQUENCE.TIMER[2]
175969.613 DISPLAY_SCREEN[1] BLOCK.RECORDING_SEQUENCE.DISPLAY_SCREEN[1] (BEGIN) 
175984.662 DISPLAY_SCREEN[1] BLOCK.RECORDING_SEQUENCE.DISPLAY_SCREEN[1]
176558.526 MOUSE_R BLOCK.RECORDING_SEQUENCE.MOUSE_R
176558.666 SET_BUTTON_PRESS2 BLOCK.RECORDING_SEQUENCE.SET_BUTTON_PRESS2
176558.806 ADD_TO_RESULTS_FILE[1] BLOCK.RECORDING_SEQUENCE.ADD_TO_RESULTS_FILE[1]
176558.861 SetValueAction 
176569.617 TRIAL_IMAGE BLOCK.RECORDING_SEQUENCE.TRIAL_IMAGE (BEGIN) 
176584.823 TRIAL_IMAGE BLOCK.RECORDING_SEQUENCE.TRIAL_IMAGE
177059.911 TIMER[2] BLOCK.RECORDING_SEQUENCE.TIMER[2]
177069.612 DISPLAY_SCREEN[1] BLOCK.RECORDING_SEQUENCE.DISPLAY_SCREEN[1] (BEGIN) 
177084.957 DISPLAY_SCREEN[1] BLOCK.RECORDING_SEQUENCE.DISPLAY_SCREEN[1]
177301.660 MOUSE_R BLOCK.RECORDING_SEQUENCE.MOUSE_R
177301.790 SET_BUTTON_PRESS2 BLOCK.RECORDING_SEQUENCE.SET_BUTTON_PRESS2
177301.930 ADD_TO_RESULTS_FILE[1] BLOCK.RECORDING_SEQUENCE.ADD_TO_RESULTS_FILE[1]
177301.984 SetValueAction 
177310.241 TRIAL_IMAGE BLOCK.RECORDING_SEQUENCE.TRIAL_IMAGE (BEGIN) 
177318.344 TRIAL_IMAGE BLOCK.RECORDING_SEQUENCE.TRIAL_IMAGE
177793.483 TIMER[2] BLOCK.RECORDING_SEQUENCE.TIMER[2]
177803.612 DISPLAY_SCREEN[1] BLOCK.RECORDING_SEQUENCE.DISPLAY_SCREEN[1] (BEGIN) 
177818.481 DISPLAY_SCREEN[1] BLOCK.RECORDING_SEQUENCE.DISPLAY_SCREEN[1]
179093.859 MOUSE_R BLOCK.RECORDING_SEQUENCE.MOUSE_R
179094.004 SET_BUTTON_PRESS2 BLOCK.RECORDING_SEQUENCE.SET_BUTTON_PRESS2
179094.148 ADD_TO_RESULTS_FILE[1] BLOCK.RECORDING_SEQUENCE.ADD_TO_RESULTS_FILE[1]
179094.202 SetValueAction 
179102.589 TRIAL_IMAGE BLOCK.RECORDING_SEQUENCE.TRIAL_IMAGE (BEGIN) 
179118.818 TRIAL_IMAGE BLOCK.RECORDING_SEQUENCE.TRIAL_IMAGE
179593.938 TIMER[2] BLOCK.RECORDING_SEQUENCE.TIMER[2]
179603.612 DISPLAY_SCREEN[1] BLOCK.RECORDING_SEQUENCE.DISPLAY_SCREEN[1] (BEGIN) 
179618.956 DISPLAY_SCREEN[1] BLOCK.RECORDING_SEQUENCE.DISPLAY_SCREEN[1]
179957.734 MOUSE_R BLOCK.RECORDING_SEQUENCE.MOUSE_R
179957.872 SET_BUTTON_PRESS2 BLOCK.RECORDING_SEQUENCE.SET_BUTTON_PRESS2
179958.014 ADD_TO_RESULTS_FILE[1] BLOCK.RECORDING_SEQUENCE.ADD_TO_RESULTS_FILE[1]
179958.067 SetValueAction 
179958.756 TRIAL_IMAGE BLOCK.RECORDING_SEQUENCE.TRIAL_IMAGE (BEGIN) 
179969.039 TRIAL_IMAGE BLOCK.RECORDING_SEQUENCE.TRIAL_IMAGE
180444.132 TIMER[2] BLOCK.RECORDING_SEQUENCE.TIMER[2]
180454.612 DISPLAY_SCREEN[1] BLOCK.RECORDING_SEQUENCE.DISPLAY_SCREEN[1] (BEGIN) 
180469.169 DISPLAY_SCREEN[1] BLOCK.RECORDING_SEQUENCE.DISPLAY_SCREEN[1]
180942.144 MOUSE_R BLOCK.RECORDING_SEQUENCE.MOUSE_R
180942.312 SET_BUTTON_PRESS2 BLOCK.RECORDING_SEQUENCE.SET_BUTTON_PRESS2
180942.458 ADD_TO_RESULTS_FILE[1] BLOCK.RECORDING_SEQUENCE.ADD_TO_RESULTS_FILE[1]
180942.512 SetValueAction 
180954.618 TRIAL_IMAGE BLOCK.RECORDING_SEQUENCE.TRIAL_IMAGE (BEGIN) 
180969.301 TRIAL_IMAGE BLOCK.RECORDING_SEQUENCE.TRIAL_IMAGE
181444.399 TIMER[2] BLOCK.RECORDING_SEQUENCE.TIMER[2]
181454.613 DISPLAY_SCREEN[1] BLOCK.RECORDING_SEQUENCE.DISPLAY_SCREEN[1] (BEGIN) 
181469.437 DISPLAY_SCREEN[1] BLOCK.RECORDING_SEQUENCE.DISPLAY_SCREEN[1]
181669.811 MOUSE_R BLOCK.RECORDING_SEQUENCE.MOUSE_R
181669.945 SET_BUTTON_PRESS2 BLOCK.RECORDING_SEQUENCE.SET_BUTTON_PRESS2
181670.086 ADD_TO_RESULTS_FILE[1] BLOCK.RECORDING_SEQUENCE.ADD_TO_RESULTS_FILE[1]
181670.138 SetValueAction 
181670.824 TRIAL_IMAGE BLOCK.RECORDING_SEQUENCE.TRIAL_IMAGE (BEGIN) 
181686.158 TRIAL_IMAGE BLOCK.RECORDING_SEQUENCE.TRIAL_IMAGE
182161.240 TIMER[2] BLOCK.RECORDING_SEQUENCE.TIMER[2]
182171.614 DISPLAY_SCREEN[1] BLOCK.RECORDING_SEQUENCE.DISPLAY_SCREEN[1] (BEGIN) 
182186.292 DISPLAY_SCREEN[1] BLOCK.RECORDING_SEQUENCE.DISPLAY_SCREEN[1]
182749.452 MOUSE_R BLOCK.RECORDING_SEQUENCE.MOUSE_R
182749.593 SET_BUTTON_PRESS2 BLOCK.RECORDING_SEQUENCE.SET_BUTTON_PRESS2
182749.735 ADD_TO_RESULTS_FILE[1] BLOCK.RECORDING_SEQUENCE.ADD_TO_RESULTS_FILE[1]
182749.789 SetValueAction 
182758.266 TRIAL_IMAGE BLOCK.RECORDING_SEQUENCE.TRIAL_IMAGE (BEGIN) 
182769.783 TRIAL_IMAGE BLOCK.RECORDING_SEQUENCE.TRIAL_IMAGE
183244.890 TIMER[2] BLOCK.RECORDING_SEQUENCE.TIMER[2]
183254.613 DISPLAY_SCREEN[1] BLOCK.RECORDING_SEQUENCE.DISPLAY_SCREEN[1] (BEGIN) 
183269.912 DISPLAY_SCREEN[1] BLOCK.RECORDING_SEQUENCE.DISPLAY_SCREEN[1]
185769.938 TIMER[1] BLOCK.RECORDING_SEQUENCE.TIMER[1]
185770.074 SET_BUTTON_PRESS BLOCK.RECORDING_SEQUENCE.SET_BUTTON_PRESS
185770.215 ADD_TO_RESULTS_FILE[1] BLOCK.RECORDING_SEQUENCE.ADD_TO_RESULTS_FILE[1]
185770.268 SetValueAction 
185770.990 TRIAL_IMAGE BLOCK.RECORDING_SEQUENCE.TRIAL_IMAGE (BEGIN) 
185787.236 TRIAL_IMAGE BLOCK.RECORDING_SEQUENCE.TRIAL_IMAGE
186262.332 TIMER[2] BLOCK.RECORDING_SEQUENCE.TIMER[2]
186272.614 DISPLAY_SCREEN[1] BLOCK.RECORDING_SEQUENCE.DISPLAY_SCREEN[1] (BEGIN) 
186287.368 DISPLAY_SCREEN[1] BLOCK.RECORDING_SEQUENCE.DISPLAY_SCREEN[1]
187140.863 MOUSE_R BLOCK.RECORDING_SEQUENCE.MOUSE_R
187141.003 SET_BUTTON_PRESS2 BLOCK.RECORDING_SEQUENCE.SET_BUTTON_PRESS2
187141.145 ADD_TO_RESULTS_FILE[1] BLOCK.RECORDING_SEQUENCE.ADD_TO_RESULTS_FILE[1]
187141.198 SetValueAction 
187141.882 TRIAL_IMAGE BLOCK.RECORDING_SEQUENCE.TRIAL_IMAGE (BEGIN) 
187154.268 TRIAL_IMAGE BLOCK.RECORDING_SEQUENCE.TRIAL_IMAGE
187629.428 TIMER[2] BLOCK.RECORDING_SEQUENCE.TIMER[2]
187639.612 DISPLAY_SCREEN[1] BLOCK.RECORDING_SEQUENCE.DISPLAY_SCREEN[1] (BEGIN) 
187654.391 DISPLAY_SCREEN[1] BLOCK.RECORDING_SEQUENCE.DISPLAY_SCREEN[1]
189516.391 MOUSE_R BLOCK.RECORDING_SEQUENCE.MOUSE_R
189516.534 SET_BUTTON_PRESS2 BLOCK.RECORDING_SEQUENCE.SET_BUTTON_PRESS2
189516.676 ADD_TO_RESULTS_FILE[1] BLOCK.RECORDING_SEQUENCE.ADD_TO_RESULTS_FILE[1]
189516.730 SetValueAction 
189517.500 TRIAL_IMAGE BLOCK.RECORDING_SEQUENCE.TRIAL_IMAGE (BEGIN) 
189521.540 TRIAL_IMAGE BLOCK.RECORDING_SEQUENCE.TRIAL_IMAGE
189996.665 TIMER[2] BLOCK.RECORDING_SEQUENCE.TIMER[2]
190006.613 DISPLAY_SCREEN[1] BLOCK.RECORDING_SEQUENCE.DISPLAY_SCREEN[1] (BEGIN) 
190021.691 DISPLAY_SCREEN[1] BLOCK.RECORDING_SEQUENCE.DISPLAY_SCREEN[1]
190524.187 MOUSE_R BLOCK.RECORDING_SEQUENCE.MOUSE_R
190524.348 SET_BUTTON_PRESS2 BLOCK.RECORDING_SEQUENCE.SET_BUTTON_PRESS2
190524.491 ADD_TO_RESULTS_FILE[1] BLOCK.RECORDING_SEQUENCE.ADD_TO_RESULTS_FILE[1]
190524.544 SetValueAction 
190525.272 TRIAL_IMAGE BLOCK.RECORDING_SEQUENCE.TRIAL_IMAGE (BEGIN) 
190538.494 TRIAL_IMAGE BLOCK.RECORDING_SEQUENCE.TRIAL_IMAGE
191013.531 TIMER[2] BLOCK.RECORDING_SEQUENCE.TIMER[2]
191023.613 DISPLAY_SCREEN[1] BLOCK.RECORDING_SEQUENCE.DISPLAY_SCREEN[1] (BEGIN) 
191038.617 DISPLAY_SCREEN[1] BLOCK.RECORDING_SEQUENCE.DISPLAY_SCREEN[1]
191365.248 MOUSE_R BLOCK.RECORDING_SEQUENCE.MOUSE_R
191365.412 SET_BUTTON_PRESS2 BLOCK.RECORDING_SEQUENCE.SET_BUTTON_PRESS2
191365.556 ADD_TO_RESULTS_FILE[1] BLOCK.RECORDING_SEQUENCE.ADD_TO_RESULTS_FILE[1]
191365.608 SetValueAction 
191366.295 TRIAL_IMAGE BLOCK.RECORDING_SEQUENCE.TRIAL_IMAGE (BEGIN) 
191372.030 TRIAL_IMAGE BLOCK.RECORDING_SEQUENCE.TRIAL_IMAGE
191847.091 TIMER[2] BLOCK.RECORDING_SEQUENCE.TIMER[2]
191857.613 DISPLAY_SCREEN[1] BLOCK.RECORDING_SEQUENCE.DISPLAY_SCREEN[1] (BEGIN) 
191872.170 DISPLAY_SCREEN[1] BLOCK.RECORDING_SEQUENCE.DISPLAY_SCREEN[1]
192053.193 MOUSE_R BLOCK.RECORDING_SEQUENCE.MOUSE_R
192053.342 SET_BUTTON_PRESS2 BLOCK.RECORDING_SEQUENCE.SET_BUTTON_PRESS2
192053.492 ADD_TO_RESULTS_FILE[1] BLOCK.RECORDING_SEQUENCE.ADD_TO_RESULTS_FILE[1]
192053.546 SetValueAction 
192075.264 TRIAL_IMAGE BLOCK.RECORDING_SEQUENCE.TRIAL_IMAGE (BEGIN) 
192088.897 TRIAL_IMAGE BLOCK.RECORDING_SEQUENCE.TRIAL_IMAGE
192564.028 TIMER[2] BLOCK.RECORDING_SEQUENCE.TIMER[2]
192573.624 DISPLAY_SCREEN[1] BLOCK.RECORDING_SEQUENCE.DISPLAY_SCREEN[1] (BEGIN) 
192589.038 DISPLAY_SCREEN[1] BLOCK.RECORDING_SEQUENCE.DISPLAY_SCREEN[1]
192908.018 MOUSE_R BLOCK.RECORDING_SEQUENCE.MOUSE_R
192908.181 SET_BUTTON_PRESS2 BLOCK.RECORDING_SEQUENCE.SET_BUTTON_PRESS2
192908.349 ADD_TO_RESULTS_FILE[1] BLOCK.RECORDING_SEQUENCE.ADD_TO_RESULTS_FILE[1]
192908.405 SetValueAction 
192917.038 TRIAL_IMAGE BLOCK.RECORDING_SEQUENCE.TRIAL_IMAGE (BEGIN) 
192922.440 TRIAL_IMAGE BLOCK.RECORDING_SEQUENCE.TRIAL_IMAGE
193397.566 TIMER[2] BLOCK.RECORDING_SEQUENCE.TIMER[2]
193407.613 DISPLAY_SCREEN[1] BLOCK.RECORDING_SEQUENCE.DISPLAY_SCREEN[1] (BEGIN) 
193422.589 DISPLAY_SCREEN[1] BLOCK.RECORDING_SEQUENCE.DISPLAY_SCREEN[1]
193620.318 MOUSE_R BLOCK.RECORDING_SEQUENCE.MOUSE_R
193620.474 SET_BUTTON_PRESS2 BLOCK.RECORDING_SEQUENCE.SET_BUTTON_PRESS2
193620.614 ADD_TO_RESULTS_FILE[1] BLOCK.RECORDING_SEQUENCE.ADD_TO_RESULTS_FILE[1]
193620.668 SetValueAction 
193641.725 TRIAL_IMAGE BLOCK.RECORDING_SEQUENCE.TRIAL_IMAGE (BEGIN) 
193655.982 TRIAL_IMAGE BLOCK.RECORDING_SEQUENCE.TRIAL_IMAGE
194131.049 TIMER[2] BLOCK.RECORDING_SEQUENCE.TIMER[2]
194141.613 DISPLAY_SCREEN[1] BLOCK.RECORDING_SEQUENCE.DISPLAY_SCREEN[1] (BEGIN) 
194156.111 DISPLAY_SCREEN[1] BLOCK.RECORDING_SEQUENCE.DISPLAY_SCREEN[1]
194509.719 MOUSE_R BLOCK.RECORDING_SEQUENCE.MOUSE_R
194509.856 SET_BUTTON_PRESS2 BLOCK.RECORDING_SEQUENCE.SET_BUTTON_PRESS2
194509.999 ADD_TO_RESULTS_FILE[1] BLOCK.RECORDING_SEQUENCE.ADD_TO_RESULTS_FILE[1]
194510.052 SetValueAction 
194518.805 TRIAL_IMAGE BLOCK.RECORDING_SEQUENCE.TRIAL_IMAGE (BEGIN) 
194522.870 TRIAL_IMAGE BLOCK.RECORDING_SEQUENCE.TRIAL_IMAGE
194997.968 TIMER[2] BLOCK.RECORDING_SEQUENCE.TIMER[2]
195007.613 DISPLAY_SCREEN[1] BLOCK.RECORDING_SEQUENCE.DISPLAY_SCREEN[1] (BEGIN) 
195023.002 DISPLAY_SCREEN[1] BLOCK.RECORDING_SEQUENCE.DISPLAY_SCREEN[1]
195228.638 MOUSE_R BLOCK.RECORDING_SEQUENCE.MOUSE_R
195228.776 SET_BUTTON_PRESS2 BLOCK.RECORDING_SEQUENCE.SET_BUTTON_PRESS2
195228.917 ADD_TO_RESULTS_FILE[1] BLOCK.RECORDING_SEQUENCE.ADD_TO_RESULTS_FILE[1]
195228.970 SetValueAction 
195246.880 TRIAL_IMAGE BLOCK.RECORDING_SEQUENCE.TRIAL_IMAGE (BEGIN) 
195256.395 TRIAL_IMAGE BLOCK.RECORDING_SEQUENCE.TRIAL_IMAGE
195731.463 TIMER[2] BLOCK.RECORDING_SEQUENCE.TIMER[2]
195741.617 DISPLAY_SCREEN[1] BLOCK.RECORDING_SEQUENCE.DISPLAY_SCREEN[1] (BEGIN) 
195756.551 DISPLAY_SCREEN[1] BLOCK.RECORDING_SEQUENCE.DISPLAY_SCREEN[1]
196028.684 MOUSE_R BLOCK.RECORDING_SEQUENCE.MOUSE_R
196028.823 SET_BUTTON_PRESS2 BLOCK.RECORDING_SEQUENCE.SET_BUTTON_PRESS2
196028.966 ADD_TO_RESULTS_FILE[1] BLOCK.RECORDING_SEQUENCE.ADD_TO_RESULTS_FILE[1]
196029.021 SetValueAction 
196029.717 TRIAL_IMAGE BLOCK.RECORDING_SEQUENCE.TRIAL_IMAGE (BEGIN) 
196039.930 TRIAL_IMAGE BLOCK.RECORDING_SEQUENCE.TRIAL_IMAGE
196515.067 TIMER[2] BLOCK.RECORDING_SEQUENCE.TIMER[2]
196525.612 DISPLAY_SCREEN[1] BLOCK.RECORDING_SEQUENCE.DISPLAY_SCREEN[1] (BEGIN) 
196540.067 DISPLAY_SCREEN[1] BLOCK.RECORDING_SEQUENCE.DISPLAY_SCREEN[1]
197469.516 MOUSE_R BLOCK.RECORDING_SEQUENCE.MOUSE_R
197469.657 SET_BUTTON_PRESS2 BLOCK.RECORDING_SEQUENCE.SET_BUTTON_PRESS2
197469.800 ADD_TO_RESULTS_FILE[1] BLOCK.RECORDING_SEQUENCE.ADD_TO_RESULTS_FILE[1]
197469.854 SetValueAction 
197478.708 TRIAL_IMAGE BLOCK.RECORDING_SEQUENCE.TRIAL_IMAGE (BEGIN) 
197490.309 TRIAL_IMAGE BLOCK.RECORDING_SEQUENCE.TRIAL_IMAGE
197965.440 TIMER[2] BLOCK.RECORDING_SEQUENCE.TIMER[2]
197975.613 DISPLAY_SCREEN[1] BLOCK.RECORDING_SEQUENCE.DISPLAY_SCREEN[1] (BEGIN) 
197990.456 DISPLAY_SCREEN[1] BLOCK.RECORDING_SEQUENCE.DISPLAY_SCREEN[1]
198140.308 MOUSE_R BLOCK.RECORDING_SEQUENCE.MOUSE_R
198140.439 SET_BUTTON_PRESS2 BLOCK.RECORDING_SEQUENCE.SET_BUTTON_PRESS2
198140.579 ADD_TO_RESULTS_FILE[1] BLOCK.RECORDING_SEQUENCE.ADD_TO_RESULTS_FILE[1]
198140.631 SetValueAction 
198148.868 TRIAL_IMAGE BLOCK.RECORDING_SEQUENCE.TRIAL_IMAGE (BEGIN) 
198157.148 TRIAL_IMAGE BLOCK.RECORDING_SEQUENCE.TRIAL_IMAGE
198632.222 TIMER[2] BLOCK.RECORDING_SEQUENCE.TIMER[2]
198642.614 DISPLAY_SCREEN[1] BLOCK.RECORDING_SEQUENCE.DISPLAY_SCREEN[1] (BEGIN) 
198657.290 DISPLAY_SCREEN[1] BLOCK.RECORDING_SEQUENCE.DISPLAY_SCREEN[1]
199180.807 MOUSE_R BLOCK.RECORDING_SEQUENCE.MOUSE_R
199180.946 SET_BUTTON_PRESS2 BLOCK.RECORDING_SEQUENCE.SET_BUTTON_PRESS2
199181.087 ADD_TO_RESULTS_FILE[1] BLOCK.RECORDING_SEQUENCE.ADD_TO_RESULTS_FILE[1]
199181.141 SetValueAction 
199192.617 TRIAL_IMAGE BLOCK.RECORDING_SEQUENCE.TRIAL_IMAGE (BEGIN) 
199207.434 TRIAL_IMAGE BLOCK.RECORDING_SEQUENCE.TRIAL_IMAGE
199682.499 TIMER[2] BLOCK.RECORDING_SEQUENCE.TIMER[2]
199692.613 DISPLAY_SCREEN[1] BLOCK.RECORDING_SEQUENCE.DISPLAY_SCREEN[1] (BEGIN) 
199707.570 DISPLAY_SCREEN[1] BLOCK.RECORDING_SEQUENCE.DISPLAY_SCREEN[1]
199885.252 MOUSE_R BLOCK.RECORDING_SEQUENCE.MOUSE_R
199885.383 SET_BUTTON_PRESS2 BLOCK.RECORDING_SEQUENCE.SET_BUTTON_PRESS2
199885.524 ADD_TO_RESULTS_FILE[1] BLOCK.RECORDING_SEQUENCE.ADD_TO_RESULTS_FILE[1]
199885.576 SetValueAction 
199894.347 TRIAL_IMAGE BLOCK.RECORDING_SEQUENCE.TRIAL_IMAGE (BEGIN) 
199907.612 TRIAL_IMAGE BLOCK.RECORDING_SEQUENCE.TRIAL_IMAGE
200382.714 TIMER[2] BLOCK.RECORDING_SEQUENCE.TIMER[2]
200392.612 DISPLAY_SCREEN[1] BLOCK.RECORDING_SEQUENCE.DISPLAY_SCREEN[1] (BEGIN) 
200407.749 DISPLAY_SCREEN[1] BLOCK.RECORDING_SEQUENCE.DISPLAY_SCREEN[1]
200635.839 MOUSE_R BLOCK.RECORDING_SEQUENCE.MOUSE_R
200635.982 SET_BUTTON_PRESS2 BLOCK.RECORDING_SEQUENCE.SET_BUTTON_PRESS2
200636.123 ADD_TO_RESULTS_FILE[1] BLOCK.RECORDING_SEQUENCE.ADD_TO_RESULTS_FILE[1]
200636.177 SetValueAction 
200644.413 TRIAL_IMAGE BLOCK.RECORDING_SEQUENCE.TRIAL_IMAGE (BEGIN) 
200657.810 TRIAL_IMAGE BLOCK.RECORDING_SEQUENCE.TRIAL_IMAGE
201132.931 TIMER[2] BLOCK.RECORDING_SEQUENCE.TIMER[2]
201142.616 DISPLAY_SCREEN[1] BLOCK.RECORDING_SEQUENCE.DISPLAY_SCREEN[1] (BEGIN) 
201157.952 DISPLAY_SCREEN[1] BLOCK.RECORDING_SEQUENCE.DISPLAY_SCREEN[1]
201323.538 MOUSE_R BLOCK.RECORDING_SEQUENCE.MOUSE_R
201323.680 SET_BUTTON_PRESS2 BLOCK.RECORDING_SEQUENCE.SET_BUTTON_PRESS2
201323.821 ADD_TO_RESULTS_FILE[1] BLOCK.RECORDING_SEQUENCE.ADD_TO_RESULTS_FILE[1]
201323.873 SetValueAction 
201324.561 TRIAL_IMAGE BLOCK.RECORDING_SEQUENCE.TRIAL_IMAGE (BEGIN) 
201341.323 TRIAL_IMAGE BLOCK.RECORDING_SEQUENCE.TRIAL_IMAGE
201816.483 TIMER[2] BLOCK.RECORDING_SEQUENCE.TIMER[2]
201826.613 DISPLAY_SCREEN[1] BLOCK.RECORDING_SEQUENCE.DISPLAY_SCREEN[1] (BEGIN) 
201841.459 DISPLAY_SCREEN[1] BLOCK.RECORDING_SEQUENCE.DISPLAY_SCREEN[1]
202196.191 MOUSE_R BLOCK.RECORDING_SEQUENCE.MOUSE_R
202196.331 SET_BUTTON_PRESS2 BLOCK.RECORDING_SEQUENCE.SET_BUTTON_PRESS2
202196.475 ADD_TO_RESULTS_FILE[1] BLOCK.RECORDING_SEQUENCE.ADD_TO_RESULTS_FILE[1]
202196.527 SetValueAction 
202197.196 TRIAL_IMAGE BLOCK.RECORDING_SEQUENCE.TRIAL_IMAGE (BEGIN) 
202208.218 TRIAL_IMAGE BLOCK.RECORDING_SEQUENCE.TRIAL_IMAGE
202683.265 TIMER[2] BLOCK.RECORDING_SEQUENCE.TIMER[2]
202693.613 DISPLAY_SCREEN[1] BLOCK.RECORDING_SEQUENCE.DISPLAY_SCREEN[1] (BEGIN) 
202708.350 DISPLAY_SCREEN[1] BLOCK.RECORDING_SEQUENCE.DISPLAY_SCREEN[1]
203091.692 MOUSE_R BLOCK.RECORDING_SEQUENCE.MOUSE_R
203091.832 SET_BUTTON_PRESS2 BLOCK.RECORDING_SEQUENCE.SET_BUTTON_PRESS2
203091.975 ADD_TO_RESULTS_FILE[1] BLOCK.RECORDING_SEQUENCE.ADD_TO_RESULTS_FILE[1]
203092.030 SetValueAction 
203099.140 TRIAL_IMAGE BLOCK.RECORDING_SEQUENCE.TRIAL_IMAGE (BEGIN) 
203108.447 TRIAL_IMAGE BLOCK.RECORDING_SEQUENCE.TRIAL_IMAGE
203583.585 TIMER[2] BLOCK.RECORDING_SEQUENCE.TIMER[2]
203593.613 DISPLAY_SCREEN[1] BLOCK.RECORDING_SEQUENCE.DISPLAY_SCREEN[1] (BEGIN) 
203608.587 DISPLAY_SCREEN[1] BLOCK.RECORDING_SEQUENCE.DISPLAY_SCREEN[1]
204181.102 MOUSE_R BLOCK.RECORDING_SEQUENCE.MOUSE_R
204181.243 SET_BUTTON_PRESS2 BLOCK.RECORDING_SEQUENCE.SET_BUTTON_PRESS2
204181.384 ADD_TO_RESULTS_FILE[1] BLOCK.RECORDING_SEQUENCE.ADD_TO_RESULTS_FILE[1]
204181.439 SetValueAction 
204182.132 TRIAL_IMAGE BLOCK.RECORDING_SEQUENCE.TRIAL_IMAGE (BEGIN) 
204192.073 TRIAL_IMAGE BLOCK.RECORDING_SEQUENCE.TRIAL_IMAGE
204667.196 TIMER[2] BLOCK.RECORDING_SEQUENCE.TIMER[2]
204677.613 DISPLAY_SCREEN[1] BLOCK.RECORDING_SEQUENCE.DISPLAY_SCREEN[1] (BEGIN) 
204692.220 DISPLAY_SCREEN[1] BLOCK.RECORDING_SEQUENCE.DISPLAY_SCREEN[1]
204700.559 MOUSE_R BLOCK.RECORDING_SEQUENCE.MOUSE_R
204700.688 SET_BUTTON_PRESS2 BLOCK.RECORDING_SEQUENCE.SET_BUTTON_PRESS2
204700.827 ADD_TO_RESULTS_FILE[1] BLOCK.RECORDING_SEQUENCE.ADD_TO_RESULTS_FILE[1]
204700.880 SetValueAction 
204708.922 TRIAL_IMAGE BLOCK.RECORDING_SEQUENCE.TRIAL_IMAGE (BEGIN) 
204725.556 TRIAL_IMAGE BLOCK.RECORDING_SEQUENCE.TRIAL_IMAGE
205200.611 TIMER[2] BLOCK.RECORDING_SEQUENCE.TIMER[2]
205210.613 DISPLAY_SCREEN[1] BLOCK.RECORDING_SEQUENCE.DISPLAY_SCREEN[1] (BEGIN) 
205225.692 DISPLAY_SCREEN[1] BLOCK.RECORDING_SEQUENCE.DISPLAY_SCREEN[1]
205460.523 MOUSE_R BLOCK.RECORDING_SEQUENCE.MOUSE_R
205460.659 SET_BUTTON_PRESS2 BLOCK.RECORDING_SEQUENCE.SET_BUTTON_PRESS2
205460.799 ADD_TO_RESULTS_FILE[1] BLOCK.RECORDING_SEQUENCE.ADD_TO_RESULTS_FILE[1]
205460.851 SetValueAction 
205468.882 TRIAL_IMAGE BLOCK.RECORDING_SEQUENCE.TRIAL_IMAGE (BEGIN) 
205475.740 TRIAL_IMAGE BLOCK.RECORDING_SEQUENCE.TRIAL_IMAGE
205950.836 TIMER[2] BLOCK.RECORDING_SEQUENCE.TIMER[2]
205960.614 DISPLAY_SCREEN[1] BLOCK.RECORDING_SEQUENCE.DISPLAY_SCREEN[1] (BEGIN) 
205975.885 DISPLAY_SCREEN[1] BLOCK.RECORDING_SEQUENCE.DISPLAY_SCREEN[1]
206940.315 MOUSE_R BLOCK.RECORDING_SEQUENCE.MOUSE_R
206940.488 SET_BUTTON_PRESS2 BLOCK.RECORDING_SEQUENCE.SET_BUTTON_PRESS2
206940.628 ADD_TO_RESULTS_FILE[1] BLOCK.RECORDING_SEQUENCE.ADD_TO_RESULTS_FILE[1]
206940.682 SetValueAction 
206944.615 TRIAL_IMAGE BLOCK.RECORDING_SEQUENCE.TRIAL_IMAGE (BEGIN) 
206959.480 TRIAL_IMAGE BLOCK.RECORDING_SEQUENCE.TRIAL_IMAGE
207434.593 TIMER[2] BLOCK.RECORDING_SEQUENCE.TIMER[2]
207444.613 DISPLAY_SCREEN[1] BLOCK.RECORDING_SEQUENCE.DISPLAY_SCREEN[1] (BEGIN) 
207459.600 DISPLAY_SCREEN[1] BLOCK.RECORDING_SEQUENCE.DISPLAY_SCREEN[1]
207828.193 MOUSE_R BLOCK.RECORDING_SEQUENCE.MOUSE_R
207828.330 SET_BUTTON_PRESS2 BLOCK.RECORDING_SEQUENCE.SET_BUTTON_PRESS2
207828.472 ADD_TO_RESULTS_FILE[1] BLOCK.RECORDING_SEQUENCE.ADD_TO_RESULTS_FILE[1]
207828.525 SetValueAction 
207836.058 TRIAL_IMAGE BLOCK.RECORDING_SEQUENCE.TRIAL_IMAGE (BEGIN) 
207843.031 TRIAL_IMAGE BLOCK.RECORDING_SEQUENCE.TRIAL_IMAGE
208318.087 TIMER[2] BLOCK.RECORDING_SEQUENCE.TIMER[2]
208328.618 DISPLAY_SCREEN[1] BLOCK.RECORDING_SEQUENCE.DISPLAY_SCREEN[1] (BEGIN) 
208343.164 DISPLAY_SCREEN[1] BLOCK.RECORDING_SEQUENCE.DISPLAY_SCREEN[1]
208435.186 MOUSE_R BLOCK.RECORDING_SEQUENCE.MOUSE_R
208435.316 SET_BUTTON_PRESS2 BLOCK.RECORDING_SEQUENCE.SET_BUTTON_PRESS2
208435.476 ADD_TO_RESULTS_FILE[1] BLOCK.RECORDING_SEQUENCE.ADD_TO_RESULTS_FILE[1]
208435.529 SetValueAction 
208436.203 TRIAL_IMAGE BLOCK.RECORDING_SEQUENCE.TRIAL_IMAGE (BEGIN) 
208443.187 TRIAL_IMAGE BLOCK.RECORDING_SEQUENCE.TRIAL_IMAGE
208918.284 TIMER[2] BLOCK.RECORDING_SEQUENCE.TIMER[2]
208928.613 DISPLAY_SCREEN[1] BLOCK.RECORDING_SEQUENCE.DISPLAY_SCREEN[1] (BEGIN) 
208943.320 DISPLAY_SCREEN[1] BLOCK.RECORDING_SEQUENCE.DISPLAY_SCREEN[1]
209644.807 MOUSE_R BLOCK.RECORDING_SEQUENCE.MOUSE_R
209644.947 SET_BUTTON_PRESS2 BLOCK.RECORDING_SEQUENCE.SET_BUTTON_PRESS2
209645.089 ADD_TO_RESULTS_FILE[1] BLOCK.RECORDING_SEQUENCE.ADD_TO_RESULTS_FILE[1]
209645.142 SetValueAction 
209668.424 TRIAL_IMAGE BLOCK.RECORDING_SEQUENCE.TRIAL_IMAGE (BEGIN) 
209676.851 TRIAL_IMAGE BLOCK.RECORDING_SEQUENCE.TRIAL_IMAGE
210151.944 TIMER[2] BLOCK.RECORDING_SEQUENCE.TIMER[2]
210161.614 DISPLAY_SCREEN[1] BLOCK.RECORDING_SEQUENCE.DISPLAY_SCREEN[1] (BEGIN) 
210176.993 DISPLAY_SCREEN[1] BLOCK.RECORDING_SEQUENCE.DISPLAY_SCREEN[1]
210587.326 MOUSE_R BLOCK.RECORDING_SEQUENCE.MOUSE_R
210587.500 SET_BUTTON_PRESS2 BLOCK.RECORDING_SEQUENCE.SET_BUTTON_PRESS2
210587.642 ADD_TO_RESULTS_FILE[1] BLOCK.RECORDING_SEQUENCE.ADD_TO_RESULTS_FILE[1]
210587.697 SetValueAction 
210588.392 TRIAL_IMAGE BLOCK.RECORDING_SEQUENCE.TRIAL_IMAGE (BEGIN) 
210593.763 TRIAL_IMAGE BLOCK.RECORDING_SEQUENCE.TRIAL_IMAGE
211068.823 TIMER[2] BLOCK.RECORDING_SEQUENCE.TIMER[2]
211078.612 DISPLAY_SCREEN[1] BLOCK.RECORDING_SEQUENCE.DISPLAY_SCREEN[1] (BEGIN) 
211093.900 DISPLAY_SCREEN[1] BLOCK.RECORDING_SEQUENCE.DISPLAY_SCREEN[1]
211371.775 MOUSE_R BLOCK.RECORDING_SEQUENCE.MOUSE_R
211371.909 SET_BUTTON_PRESS2 BLOCK.RECORDING_SEQUENCE.SET_BUTTON_PRESS2
211372.051 ADD_TO_RESULTS_FILE[1] BLOCK.RECORDING_SEQUENCE.ADD_TO_RESULTS_FILE[1]
211372.103 SetValueAction 
211372.824 TRIAL_IMAGE BLOCK.RECORDING_SEQUENCE.TRIAL_IMAGE (BEGIN) 
211377.296 TRIAL_IMAGE BLOCK.RECORDING_SEQUENCE.TRIAL_IMAGE
211852.417 TIMER[2] BLOCK.RECORDING_SEQUENCE.TIMER[2]
211862.612 DISPLAY_SCREEN[1] BLOCK.RECORDING_SEQUENCE.DISPLAY_SCREEN[1] (BEGIN) 
211877.439 DISPLAY_SCREEN[1] BLOCK.RECORDING_SEQUENCE.DISPLAY_SCREEN[1]
211979.943 MOUSE_R BLOCK.RECORDING_SEQUENCE.MOUSE_R
211980.079 SET_BUTTON_PRESS2 BLOCK.RECORDING_SEQUENCE.SET_BUTTON_PRESS2
211980.231 ADD_TO_RESULTS_FILE[1] BLOCK.RECORDING_SEQUENCE.ADD_TO_RESULTS_FILE[1]
211980.284 SetValueAction 
211980.959 TRIAL_IMAGE BLOCK.RECORDING_SEQUENCE.TRIAL_IMAGE (BEGIN) 
211994.133 TRIAL_IMAGE BLOCK.RECORDING_SEQUENCE.TRIAL_IMAGE
212469.189 TIMER[2] BLOCK.RECORDING_SEQUENCE.TIMER[2]
212479.615 DISPLAY_SCREEN[1] BLOCK.RECORDING_SEQUENCE.DISPLAY_SCREEN[1] (BEGIN) 
212494.268 DISPLAY_SCREEN[1] BLOCK.RECORDING_SEQUENCE.DISPLAY_SCREEN[1]
214396.147 MOUSE_R BLOCK.RECORDING_SEQUENCE.MOUSE_R
214396.288 SET_BUTTON_PRESS2 BLOCK.RECORDING_SEQUENCE.SET_BUTTON_PRESS2
214396.429 ADD_TO_RESULTS_FILE[1] BLOCK.RECORDING_SEQUENCE.ADD_TO_RESULTS_FILE[1]
214396.484 SetValueAction 
214404.431 TRIAL_IMAGE BLOCK.RECORDING_SEQUENCE.TRIAL_IMAGE (BEGIN) 
214411.421 TRIAL_IMAGE BLOCK.RECORDING_SEQUENCE.TRIAL_IMAGE
214886.538 TIMER[2] BLOCK.RECORDING_SEQUENCE.TIMER[2]
214896.623 DISPLAY_SCREEN[1] BLOCK.RECORDING_SEQUENCE.DISPLAY_SCREEN[1] (BEGIN) 
214911.568 DISPLAY_SCREEN[1] BLOCK.RECORDING_SEQUENCE.DISPLAY_SCREEN[1]
214962.853 MOUSE_R BLOCK.RECORDING_SEQUENCE.MOUSE_R
214962.996 SET_BUTTON_PRESS2 BLOCK.RECORDING_SEQUENCE.SET_BUTTON_PRESS2
214963.139 ADD_TO_RESULTS_FILE[1] BLOCK.RECORDING_SEQUENCE.ADD_TO_RESULTS_FILE[1]
214963.191 SetValueAction 
214971.558 TRIAL_IMAGE BLOCK.RECORDING_SEQUENCE.TRIAL_IMAGE (BEGIN) 
214978.237 TRIAL_IMAGE BLOCK.RECORDING_SEQUENCE.TRIAL_IMAGE
215453.358 TIMER[2] BLOCK.RECORDING_SEQUENCE.TIMER[2]
215463.614 DISPLAY_SCREEN[1] BLOCK.RECORDING_SEQUENCE.DISPLAY_SCREEN[1] (BEGIN) 
215478.380 DISPLAY_SCREEN[1] BLOCK.RECORDING_SEQUENCE.DISPLAY_SCREEN[1]
216675.707 MOUSE_R BLOCK.RECORDING_SEQUENCE.MOUSE_R
216675.852 SET_BUTTON_PRESS2 BLOCK.RECORDING_SEQUENCE.SET_BUTTON_PRESS2
216675.993 ADD_TO_RESULTS_FILE[1] BLOCK.RECORDING_SEQUENCE.ADD_TO_RESULTS_FILE[1]
216676.047 SetValueAction 
216684.613 TRIAL_IMAGE BLOCK.RECORDING_SEQUENCE.TRIAL_IMAGE (BEGIN) 
216695.368 TRIAL_IMAGE BLOCK.RECORDING_SEQUENCE.TRIAL_IMAGE
217170.446 TIMER[2] BLOCK.RECORDING_SEQUENCE.TIMER[2]
217180.613 DISPLAY_SCREEN[1] BLOCK.RECORDING_SEQUENCE.DISPLAY_SCREEN[1] (BEGIN) 
217195.498 DISPLAY_SCREEN[1] BLOCK.RECORDING_SEQUENCE.DISPLAY_SCREEN[1]
217395.779 MOUSE_R BLOCK.RECORDING_SEQUENCE.MOUSE_R
217395.909 SET_BUTTON_PRESS2 BLOCK.RECORDING_SEQUENCE.SET_BUTTON_PRESS2
217396.049 ADD_TO_RESULTS_FILE[1] BLOCK.RECORDING_SEQUENCE.ADD_TO_RESULTS_FILE[1]
217396.101 SetValueAction 
217396.739 TRIAL_IMAGE BLOCK.RECORDING_SEQUENCE.TRIAL_IMAGE (BEGIN) 
217412.220 TRIAL_IMAGE BLOCK.RECORDING_SEQUENCE.TRIAL_IMAGE
217887.273 TIMER[2] BLOCK.RECORDING_SEQUENCE.TIMER[2]
217897.614 DISPLAY_SCREEN[1] BLOCK.RECORDING_SEQUENCE.DISPLAY_SCREEN[1] (BEGIN) 
217912.354 DISPLAY_SCREEN[1] BLOCK.RECORDING_SEQUENCE.DISPLAY_SCREEN[1]
218067.811 MOUSE_R BLOCK.RECORDING_SEQUENCE.MOUSE_R
218067.952 SET_BUTTON_PRESS2 BLOCK.RECORDING_SEQUENCE.SET_BUTTON_PRESS2
218068.089 ADD_TO_RESULTS_FILE[1] BLOCK.RECORDING_SEQUENCE.ADD_TO_RESULTS_FILE[1]
218068.139 SetValueAction 
218068.792 TRIAL_IMAGE BLOCK.RECORDING_SEQUENCE.TRIAL_IMAGE (BEGIN) 
218079.051 TRIAL_IMAGE BLOCK.RECORDING_SEQUENCE.TRIAL_IMAGE
218554.123 TIMER[2] BLOCK.RECORDING_SEQUENCE.TIMER[2]
218564.612 DISPLAY_SCREEN[1] BLOCK.RECORDING_SEQUENCE.DISPLAY_SCREEN[1] (BEGIN) 
218579.204 DISPLAY_SCREEN[1] BLOCK.RECORDING_SEQUENCE.DISPLAY_SCREEN[1]
218779.696 MOUSE_R BLOCK.RECORDING_SEQUENCE.MOUSE_R
218779.830 SET_BUTTON_PRESS2 BLOCK.RECORDING_SEQUENCE.SET_BUTTON_PRESS2
218779.969 ADD_TO_RESULTS_FILE[1] BLOCK.RECORDING_SEQUENCE.ADD_TO_RESULTS_FILE[1]
218780.022 SetValueAction 
218780.711 TRIAL_IMAGE BLOCK.RECORDING_SEQUENCE.TRIAL_IMAGE (BEGIN) 
218795.922 TRIAL_IMAGE BLOCK.RECORDING_SEQUENCE.TRIAL_IMAGE
219270.989 TIMER[2] BLOCK.RECORDING_SEQUENCE.TIMER[2]
219281.612 DISPLAY_SCREEN[1] BLOCK.RECORDING_SEQUENCE.DISPLAY_SCREEN[1] (BEGIN) 
219296.050 DISPLAY_SCREEN[1] BLOCK.RECORDING_SEQUENCE.DISPLAY_SCREEN[1]
219603.050 MOUSE_R BLOCK.RECORDING_SEQUENCE.MOUSE_R
219603.187 SET_BUTTON_PRESS2 BLOCK.RECORDING_SEQUENCE.SET_BUTTON_PRESS2
219603.326 ADD_TO_RESULTS_FILE[1] BLOCK.RECORDING_SEQUENCE.ADD_TO_RESULTS_FILE[1]
219603.379 SetValueAction 
219610.548 TRIAL_IMAGE BLOCK.RECORDING_SEQUENCE.TRIAL_IMAGE (BEGIN) 
219612.784 TRIAL_IMAGE BLOCK.RECORDING_SEQUENCE.TRIAL_IMAGE
220087.899 TIMER[2] BLOCK.RECORDING_SEQUENCE.TIMER[2]
220097.613 DISPLAY_SCREEN[1] BLOCK.RECORDING_SEQUENCE.DISPLAY_SCREEN[1] (BEGIN) 
220112.927 DISPLAY_SCREEN[1] BLOCK.RECORDING_SEQUENCE.DISPLAY_SCREEN[1]
220315.388 MOUSE_R BLOCK.RECORDING_SEQUENCE.MOUSE_R
220315.541 SET_BUTTON_PRESS2 BLOCK.RECORDING_SEQUENCE.SET_BUTTON_PRESS2
220315.681 ADD_TO_RESULTS_FILE[1] BLOCK.RECORDING_SEQUENCE.ADD_TO_RESULTS_FILE[1]
220315.733 SetValueAction 
220316.428 TRIAL_IMAGE BLOCK.RECORDING_SEQUENCE.TRIAL_IMAGE (BEGIN) 
220329.652 TRIAL_IMAGE BLOCK.RECORDING_SEQUENCE.TRIAL_IMAGE
220804.712 TIMER[2] BLOCK.RECORDING_SEQUENCE.TIMER[2]
220814.614 DISPLAY_SCREEN[1] BLOCK.RECORDING_SEQUENCE.DISPLAY_SCREEN[1] (BEGIN) 
220829.781 DISPLAY_SCREEN[1] BLOCK.RECORDING_SEQUENCE.DISPLAY_SCREEN[1]
221771.648 MOUSE_R BLOCK.RECORDING_SEQUENCE.MOUSE_R
221771.788 SET_BUTTON_PRESS2 BLOCK.RECORDING_SEQUENCE.SET_BUTTON_PRESS2
221771.928 ADD_TO_RESULTS_FILE[1] BLOCK.RECORDING_SEQUENCE.ADD_TO_RESULTS_FILE[1]
221771.982 SetValueAction 
221772.671 TRIAL_IMAGE BLOCK.RECORDING_SEQUENCE.TRIAL_IMAGE (BEGIN) 
221780.030 TRIAL_IMAGE BLOCK.RECORDING_SEQUENCE.TRIAL_IMAGE
222255.144 TIMER[2] BLOCK.RECORDING_SEQUENCE.TIMER[2]
222265.612 DISPLAY_SCREEN[1] BLOCK.RECORDING_SEQUENCE.DISPLAY_SCREEN[1] (BEGIN) 
222280.170 DISPLAY_SCREEN[1] BLOCK.RECORDING_SEQUENCE.DISPLAY_SCREEN[1]
222827.435 MOUSE_R BLOCK.RECORDING_SEQUENCE.MOUSE_R
222827.576 SET_BUTTON_PRESS2 BLOCK.RECORDING_SEQUENCE.SET_BUTTON_PRESS2
222827.718 ADD_TO_RESULTS_FILE[1] BLOCK.RECORDING_SEQUENCE.ADD_TO_RESULTS_FILE[1]
222827.772 SetValueAction 
222831.614 TRIAL_IMAGE BLOCK.RECORDING_SEQUENCE.TRIAL_IMAGE (BEGIN) 
222846.977 TRIAL_IMAGE BLOCK.RECORDING_SEQUENCE.TRIAL_IMAGE
223322.121 TIMER[2] BLOCK.RECORDING_SEQUENCE.TIMER[2]
223332.612 DISPLAY_SCREEN[1] BLOCK.RECORDING_SEQUENCE.DISPLAY_SCREEN[1] (BEGIN) 
223347.110 DISPLAY_SCREEN[1] BLOCK.RECORDING_SEQUENCE.DISPLAY_SCREEN[1]
223738.911 MOUSE_R BLOCK.RECORDING_SEQUENCE.MOUSE_R
223739.046 SET_BUTTON_PRESS2 BLOCK.RECORDING_SEQUENCE.SET_BUTTON_PRESS2
223739.185 ADD_TO_RESULTS_FILE[1] BLOCK.RECORDING_SEQUENCE.ADD_TO_RESULTS_FILE[1]
223739.236 SetValueAction 
223739.947 TRIAL_IMAGE BLOCK.RECORDING_SEQUENCE.TRIAL_IMAGE (BEGIN) 
223747.206 TRIAL_IMAGE BLOCK.RECORDING_SEQUENCE.TRIAL_IMAGE
224222.281 TIMER[2] BLOCK.RECORDING_SEQUENCE.TIMER[2]
224232.612 DISPLAY_SCREEN[1] BLOCK.RECORDING_SEQUENCE.DISPLAY_SCREEN[1] (BEGIN) 
224247.347 DISPLAY_SCREEN[1] BLOCK.RECORDING_SEQUENCE.DISPLAY_SCREEN[1]
224554.832 MOUSE_R BLOCK.RECORDING_SEQUENCE.MOUSE_R
224554.961 SET_BUTTON_PRESS2 BLOCK.RECORDING_SEQUENCE.SET_BUTTON_PRESS2
224555.099 ADD_TO_RESULTS_FILE[1] BLOCK.RECORDING_SEQUENCE.ADD_TO_RESULTS_FILE[1]
224555.149 SetValueAction 
224555.862 TRIAL_IMAGE BLOCK.RECORDING_SEQUENCE.TRIAL_IMAGE (BEGIN) 
224564.087 TRIAL_IMAGE BLOCK.RECORDING_SEQUENCE.TRIAL_IMAGE
225039.164 TIMER[2] BLOCK.RECORDING_SEQUENCE.TIMER[2]
225049.626 DISPLAY_SCREEN[1] BLOCK.RECORDING_SEQUENCE.DISPLAY_SCREEN[1] (BEGIN) 
225064.237 DISPLAY_SCREEN[1] BLOCK.RECORDING_SEQUENCE.DISPLAY_SCREEN[1]
225491.729 MOUSE_R BLOCK.RECORDING_SEQUENCE.MOUSE_R
225491.863 SET_BUTTON_PRESS2 BLOCK.RECORDING_SEQUENCE.SET_BUTTON_PRESS2
225492.003 ADD_TO_RESULTS_FILE[1] BLOCK.RECORDING_SEQUENCE.ADD_TO_RESULTS_FILE[1]
225492.056 SetValueAction 
225492.754 TRIAL_IMAGE BLOCK.RECORDING_SEQUENCE.TRIAL_IMAGE (BEGIN) 
225497.672 TRIAL_IMAGE BLOCK.RECORDING_SEQUENCE.TRIAL_IMAGE
225972.794 TIMER[2] BLOCK.RECORDING_SEQUENCE.TIMER[2]
225982.612 DISPLAY_SCREEN[1] BLOCK.RECORDING_SEQUENCE.DISPLAY_SCREEN[1] (BEGIN) 
225997.808 DISPLAY_SCREEN[1] BLOCK.RECORDING_SEQUENCE.DISPLAY_SCREEN[1]
226403.929 MOUSE_R BLOCK.RECORDING_SEQUENCE.MOUSE_R
226404.064 SET_BUTTON_PRESS2 BLOCK.RECORDING_SEQUENCE.SET_BUTTON_PRESS2
226404.207 ADD_TO_RESULTS_FILE[1] BLOCK.RECORDING_SEQUENCE.ADD_TO_RESULTS_FILE[1]
226404.261 SetValueAction 
226419.837 TRIAL_IMAGE BLOCK.RECORDING_SEQUENCE.TRIAL_IMAGE (BEGIN) 
226431.259 TRIAL_IMAGE BLOCK.RECORDING_SEQUENCE.TRIAL_IMAGE
226906.311 TIMER[2] BLOCK.RECORDING_SEQUENCE.TIMER[2]
226916.624 DISPLAY_SCREEN[1] BLOCK.RECORDING_SEQUENCE.DISPLAY_SCREEN[1] (BEGIN) 
226931.393 DISPLAY_SCREEN[1] BLOCK.RECORDING_SEQUENCE.DISPLAY_SCREEN[1]
227283.856 MOUSE_R BLOCK.RECORDING_SEQUENCE.MOUSE_R
227283.988 SET_BUTTON_PRESS2 BLOCK.RECORDING_SEQUENCE.SET_BUTTON_PRESS2
227284.129 ADD_TO_RESULTS_FILE[1] BLOCK.RECORDING_SEQUENCE.ADD_TO_RESULTS_FILE[1]
227284.182 SetValueAction 
227284.952 TRIAL_IMAGE BLOCK.RECORDING_SEQUENCE.TRIAL_IMAGE (BEGIN) 
227298.144 TRIAL_IMAGE BLOCK.RECORDING_SEQUENCE.TRIAL_IMAGE
227773.243 TIMER[2] BLOCK.RECORDING_SEQUENCE.TIMER[2]
227783.612 DISPLAY_SCREEN[1] BLOCK.RECORDING_SEQUENCE.DISPLAY_SCREEN[1] (BEGIN) 
227798.287 DISPLAY_SCREEN[1] BLOCK.RECORDING_SEQUENCE.DISPLAY_SCREEN[1]
227939.516 MOUSE_R BLOCK.RECORDING_SEQUENCE.MOUSE_R
227939.683 SET_BUTTON_PRESS2 BLOCK.RECORDING_SEQUENCE.SET_BUTTON_PRESS2
227939.825 ADD_TO_RESULTS_FILE[1] BLOCK.RECORDING_SEQUENCE.ADD_TO_RESULTS_FILE[1]
227939.879 SetValueAction 
227949.616 TRIAL_IMAGE BLOCK.RECORDING_SEQUENCE.TRIAL_IMAGE (BEGIN) 
227964.995 TRIAL_IMAGE BLOCK.RECORDING_SEQUENCE.TRIAL_IMAGE
228440.043 TIMER[2] BLOCK.RECORDING_SEQUENCE.TIMER[2]
228450.612 DISPLAY_SCREEN[1] BLOCK.RECORDING_SEQUENCE.DISPLAY_SCREEN[1] (BEGIN) 
228465.125 DISPLAY_SCREEN[1] BLOCK.RECORDING_SEQUENCE.DISPLAY_SCREEN[1]
230075.255 MOUSE_R BLOCK.RECORDING_SEQUENCE.MOUSE_R
230075.417 SET_BUTTON_PRESS2 BLOCK.RECORDING_SEQUENCE.SET_BUTTON_PRESS2
230075.577 ADD_TO_RESULTS_FILE[1] BLOCK.RECORDING_SEQUENCE.ADD_TO_RESULTS_FILE[1]
230075.635 SetValueAction 
230076.388 TRIAL_IMAGE BLOCK.RECORDING_SEQUENCE.TRIAL_IMAGE (BEGIN) 
230082.208 TRIAL_IMAGE BLOCK.RECORDING_SEQUENCE.TRIAL_IMAGE
230557.311 TIMER[2] BLOCK.RECORDING_SEQUENCE.TIMER[2]
230567.660 DISPLAY_SCREEN[1] BLOCK.RECORDING_SEQUENCE.DISPLAY_SCREEN[1] (BEGIN) 
230582.361 DISPLAY_SCREEN[1] BLOCK.RECORDING_SEQUENCE.DISPLAY_SCREEN[1]
230786.914 MOUSE_R BLOCK.RECORDING_SEQUENCE.MOUSE_R
230787.055 SET_BUTTON_PRESS2 BLOCK.RECORDING_SEQUENCE.SET_BUTTON_PRESS2
230787.197 ADD_TO_RESULTS_FILE[1] BLOCK.RECORDING_SEQUENCE.ADD_TO_RESULTS_FILE[1]
230787.251 SetValueAction 
230787.925 TRIAL_IMAGE BLOCK.RECORDING_SEQUENCE.TRIAL_IMAGE (BEGIN) 
230799.073 TRIAL_IMAGE BLOCK.RECORDING_SEQUENCE.TRIAL_IMAGE
231274.177 TIMER[2] BLOCK.RECORDING_SEQUENCE.TIMER[2]
231284.613 DISPLAY_SCREEN[1] BLOCK.RECORDING_SEQUENCE.DISPLAY_SCREEN[1] (BEGIN) 
231299.202 DISPLAY_SCREEN[1] BLOCK.RECORDING_SEQUENCE.DISPLAY_SCREEN[1]
231474.862 MOUSE_R BLOCK.RECORDING_SEQUENCE.MOUSE_R
231475.003 SET_BUTTON_PRESS2 BLOCK.RECORDING_SEQUENCE.SET_BUTTON_PRESS2
231475.144 ADD_TO_RESULTS_FILE[1] BLOCK.RECORDING_SEQUENCE.ADD_TO_RESULTS_FILE[1]
231475.199 SetValueAction 
231484.341 TRIAL_IMAGE BLOCK.RECORDING_SEQUENCE.TRIAL_IMAGE (BEGIN) 
231499.251 TRIAL_IMAGE BLOCK.RECORDING_SEQUENCE.TRIAL_IMAGE
231974.320 TIMER[2] BLOCK.RECORDING_SEQUENCE.TIMER[2]
231984.622 DISPLAY_SCREEN[1] BLOCK.RECORDING_SEQUENCE.DISPLAY_SCREEN[1] (BEGIN) 
231999.388 DISPLAY_SCREEN[1] BLOCK.RECORDING_SEQUENCE.DISPLAY_SCREEN[1]
232931.087 MOUSE_R BLOCK.RECORDING_SEQUENCE.MOUSE_R
232931.229 SET_BUTTON_PRESS2 BLOCK.RECORDING_SEQUENCE.SET_BUTTON_PRESS2
232931.372 ADD_TO_RESULTS_FILE[1] BLOCK.RECORDING_SEQUENCE.ADD_TO_RESULTS_FILE[1]
232931.426 SetValueAction 
232934.627 TRIAL_IMAGE BLOCK.RECORDING_SEQUENCE.TRIAL_IMAGE (BEGIN) 
232949.645 TRIAL_IMAGE BLOCK.RECORDING_SEQUENCE.TRIAL_IMAGE
233424.724 TIMER[2] BLOCK.RECORDING_SEQUENCE.TIMER[2]
233434.624 DISPLAY_SCREEN[1] BLOCK.RECORDING_SEQUENCE.DISPLAY_SCREEN[1] (BEGIN) 
233449.768 DISPLAY_SCREEN[1] BLOCK.RECORDING_SEQUENCE.DISPLAY_SCREEN[1]
233754.977 MOUSE_R BLOCK.RECORDING_SEQUENCE.MOUSE_R
233755.115 SET_BUTTON_PRESS2 BLOCK.RECORDING_SEQUENCE.SET_BUTTON_PRESS2
233755.255 ADD_TO_RESULTS_FILE[1] BLOCK.RECORDING_SEQUENCE.ADD_TO_RESULTS_FILE[1]
233755.307 SetValueAction 
233755.991 TRIAL_IMAGE BLOCK.RECORDING_SEQUENCE.TRIAL_IMAGE (BEGIN) 
233766.520 TRIAL_IMAGE BLOCK.RECORDING_SEQUENCE.TRIAL_IMAGE
234241.577 TIMER[2] BLOCK.RECORDING_SEQUENCE.TIMER[2]
234251.625 DISPLAY_SCREEN[1] BLOCK.RECORDING_SEQUENCE.DISPLAY_SCREEN[1] (BEGIN) 
234266.653 DISPLAY_SCREEN[1] BLOCK.RECORDING_SEQUENCE.DISPLAY_SCREEN[1]
234474.302 MOUSE_R BLOCK.RECORDING_SEQUENCE.MOUSE_R
234474.431 SET_BUTTON_PRESS2 BLOCK.RECORDING_SEQUENCE.SET_BUTTON_PRESS2
234474.569 ADD_TO_RESULTS_FILE[1] BLOCK.RECORDING_SEQUENCE.ADD_TO_RESULTS_FILE[1]
234474.642 SetValueAction 
234475.323 TRIAL_IMAGE BLOCK.RECORDING_SEQUENCE.TRIAL_IMAGE (BEGIN) 
234483.367 TRIAL_IMAGE BLOCK.RECORDING_SEQUENCE.TRIAL_IMAGE
234958.436 TIMER[2] BLOCK.RECORDING_SEQUENCE.TIMER[2]
234968.613 DISPLAY_SCREEN[1] BLOCK.RECORDING_SEQUENCE.DISPLAY_SCREEN[1] (BEGIN) 
234983.509 DISPLAY_SCREEN[1] BLOCK.RECORDING_SEQUENCE.DISPLAY_SCREEN[1]
235633.996 MOUSE_R BLOCK.RECORDING_SEQUENCE.MOUSE_R
235634.133 SET_BUTTON_PRESS2 BLOCK.RECORDING_SEQUENCE.SET_BUTTON_PRESS2
235634.274 ADD_TO_RESULTS_FILE[1] BLOCK.RECORDING_SEQUENCE.ADD_TO_RESULTS_FILE[1]
235634.326 SetValueAction 
235635.052 TRIAL_IMAGE BLOCK.RECORDING_SEQUENCE.TRIAL_IMAGE (BEGIN) 
235650.350 TRIAL_IMAGE BLOCK.RECORDING_SEQUENCE.TRIAL_IMAGE
236125.399 TIMER[2] BLOCK.RECORDING_SEQUENCE.TIMER[2]
236135.613 DISPLAY_SCREEN[1] BLOCK.RECORDING_SEQUENCE.DISPLAY_SCREEN[1] (BEGIN) 
236150.482 DISPLAY_SCREEN[1] BLOCK.RECORDING_SEQUENCE.DISPLAY_SCREEN[1]
236753.827 MOUSE_R BLOCK.RECORDING_SEQUENCE.MOUSE_R
236753.966 SET_BUTTON_PRESS2 BLOCK.RECORDING_SEQUENCE.SET_BUTTON_PRESS2
236754.107 ADD_TO_RESULTS_FILE[1] BLOCK.RECORDING_SEQUENCE.ADD_TO_RESULTS_FILE[1]
236754.160 SetValueAction 
236754.865 TRIAL_IMAGE BLOCK.RECORDING_SEQUENCE.TRIAL_IMAGE (BEGIN) 
236767.301 TRIAL_IMAGE BLOCK.RECORDING_SEQUENCE.TRIAL_IMAGE
237242.399 TIMER[2] BLOCK.RECORDING_SEQUENCE.TIMER[2]
237252.613 DISPLAY_SCREEN[1] BLOCK.RECORDING_SEQUENCE.DISPLAY_SCREEN[1] (BEGIN) 
237267.434 DISPLAY_SCREEN[1] BLOCK.RECORDING_SEQUENCE.DISPLAY_SCREEN[1]
237426.148 MOUSE_R BLOCK.RECORDING_SEQUENCE.MOUSE_R
237426.276 SET_BUTTON_PRESS2 BLOCK.RECORDING_SEQUENCE.SET_BUTTON_PRESS2
237426.414 ADD_TO_RESULTS_FILE[1] BLOCK.RECORDING_SEQUENCE.ADD_TO_RESULTS_FILE[1]
237426.465 SetValueAction 
237426.710 TRIAL_IMAGE BLOCK.RECORDING_SEQUENCE.TRIAL_IMAGE (BEGIN) 
237434.156 TRIAL_IMAGE BLOCK.RECORDING_SEQUENCE.TRIAL_IMAGE
237909.285 TIMER[2] BLOCK.RECORDING_SEQUENCE.TIMER[2]
237919.612 DISPLAY_SCREEN[1] BLOCK.RECORDING_SEQUENCE.DISPLAY_SCREEN[1] (BEGIN) 
237934.287 DISPLAY_SCREEN[1] BLOCK.RECORDING_SEQUENCE.DISPLAY_SCREEN[1]
240434.293 TIMER[1] BLOCK.RECORDING_SEQUENCE.TIMER[1]
240434.431 SET_BUTTON_PRESS BLOCK.RECORDING_SEQUENCE.SET_BUTTON_PRESS
240434.572 ADD_TO_RESULTS_FILE[1] BLOCK.RECORDING_SEQUENCE.ADD_TO_RESULTS_FILE[1]
240434.625 SetValueAction 
240435.342 TRIAL_IMAGE BLOCK.RECORDING_SEQUENCE.TRIAL_IMAGE (BEGIN) 
240451.605 TRIAL_IMAGE BLOCK.RECORDING_SEQUENCE.TRIAL_IMAGE
240926.656 TIMER[2] BLOCK.RECORDING_SEQUENCE.TIMER[2]
240936.613 DISPLAY_SCREEN[1] BLOCK.RECORDING_SEQUENCE.DISPLAY_SCREEN[1] (BEGIN) 
240951.750 DISPLAY_SCREEN[1] BLOCK.RECORDING_SEQUENCE.DISPLAY_SCREEN[1]
241915.043 MOUSE_R BLOCK.RECORDING_SEQUENCE.MOUSE_R
241915.192 SET_BUTTON_PRESS2 BLOCK.RECORDING_SEQUENCE.SET_BUTTON_PRESS2
241915.337 ADD_TO_RESULTS_FILE[1] BLOCK.RECORDING_SEQUENCE.ADD_TO_RESULTS_FILE[1]
241915.393 SetValueAction 
241916.170 TRIAL_IMAGE BLOCK.RECORDING_SEQUENCE.TRIAL_IMAGE (BEGIN) 
241918.654 TRIAL_IMAGE BLOCK.RECORDING_SEQUENCE.TRIAL_IMAGE
242393.700 TIMER[2] BLOCK.RECORDING_SEQUENCE.TIMER[2]
242403.613 DISPLAY_SCREEN[1] BLOCK.RECORDING_SEQUENCE.DISPLAY_SCREEN[1] (BEGIN) 
242418.797 DISPLAY_SCREEN[1] BLOCK.RECORDING_SEQUENCE.DISPLAY_SCREEN[1]
242682.497 MOUSE_R BLOCK.RECORDING_SEQUENCE.MOUSE_R
242682.634 SET_BUTTON_PRESS2 BLOCK.RECORDING_SEQUENCE.SET_BUTTON_PRESS2
242682.777 ADD_TO_RESULTS_FILE[1] BLOCK.RECORDING_SEQUENCE.ADD_TO_RESULTS_FILE[1]
242682.830 SetValueAction 
242683.498 TRIAL_IMAGE BLOCK.RECORDING_SEQUENCE.TRIAL_IMAGE (BEGIN) 
242702.195 TRIAL_IMAGE BLOCK.RECORDING_SEQUENCE.TRIAL_IMAGE
243177.310 TIMER[2] BLOCK.RECORDING_SEQUENCE.TIMER[2]
243187.612 DISPLAY_SCREEN[1] BLOCK.RECORDING_SEQUENCE.DISPLAY_SCREEN[1] (BEGIN) 
243202.332 DISPLAY_SCREEN[1] BLOCK.RECORDING_SEQUENCE.DISPLAY_SCREEN[1]
243610.215 MOUSE_R BLOCK.RECORDING_SEQUENCE.MOUSE_R
243610.353 SET_BUTTON_PRESS2 BLOCK.RECORDING_SEQUENCE.SET_BUTTON_PRESS2
243610.494 ADD_TO_RESULTS_FILE[1] BLOCK.RECORDING_SEQUENCE.ADD_TO_RESULTS_FILE[1]
243610.548 SetValueAction 
243619.730 TRIAL_IMAGE BLOCK.RECORDING_SEQUENCE.TRIAL_IMAGE (BEGIN) 
243635.781 TRIAL_IMAGE BLOCK.RECORDING_SEQUENCE.TRIAL_IMAGE
244110.858 TIMER[2] BLOCK.RECORDING_SEQUENCE.TIMER[2]
244120.613 DISPLAY_SCREEN[1] BLOCK.RECORDING_SEQUENCE.DISPLAY_SCREEN[1] (BEGIN) 
244135.910 DISPLAY_SCREEN[1] BLOCK.RECORDING_SEQUENCE.DISPLAY_SCREEN[1]
244346.269 MOUSE_R BLOCK.RECORDING_SEQUENCE.MOUSE_R
244346.401 SET_BUTTON_PRESS2 BLOCK.RECORDING_SEQUENCE.SET_BUTTON_PRESS2
244346.541 ADD_TO_RESULTS_FILE[1] BLOCK.RECORDING_SEQUENCE.ADD_TO_RESULTS_FILE[1]
244346.593 SetValueAction 
244347.293 TRIAL_IMAGE BLOCK.RECORDING_SEQUENCE.TRIAL_IMAGE (BEGIN) 
244352.624 TRIAL_IMAGE BLOCK.RECORDING_SEQUENCE.TRIAL_IMAGE
244827.707 TIMER[2] BLOCK.RECORDING_SEQUENCE.TIMER[2]
244837.613 DISPLAY_SCREEN[1] BLOCK.RECORDING_SEQUENCE.DISPLAY_SCREEN[1] (BEGIN) 
244852.769 DISPLAY_SCREEN[1] BLOCK.RECORDING_SEQUENCE.DISPLAY_SCREEN[1]
247352.835 TIMER[1] BLOCK.RECORDING_SEQUENCE.TIMER[1]
247352.972 SET_BUTTON_PRESS BLOCK.RECORDING_SEQUENCE.SET_BUTTON_PRESS
247353.112 ADD_TO_RESULTS_FILE[1] BLOCK.RECORDING_SEQUENCE.ADD_TO_RESULTS_FILE[1]
247353.165 SetValueAction 
247353.884 TRIAL_IMAGE BLOCK.RECORDING_SEQUENCE.TRIAL_IMAGE (BEGIN) 
247370.092 TRIAL_IMAGE BLOCK.RECORDING_SEQUENCE.TRIAL_IMAGE
247845.228 TIMER[2] BLOCK.RECORDING_SEQUENCE.TIMER[2]
247855.612 DISPLAY_SCREEN[1] BLOCK.RECORDING_SEQUENCE.DISPLAY_SCREEN[1] (BEGIN) 
247870.228 DISPLAY_SCREEN[1] BLOCK.RECORDING_SEQUENCE.DISPLAY_SCREEN[1]
248098.419 MOUSE_R BLOCK.RECORDING_SEQUENCE.MOUSE_R
248098.553 SET_BUTTON_PRESS2 BLOCK.RECORDING_SEQUENCE.SET_BUTTON_PRESS2
248098.692 ADD_TO_RESULTS_FILE[1] BLOCK.RECORDING_SEQUENCE.ADD_TO_RESULTS_FILE[1]
248098.767 SetValueAction 
248107.672 TRIAL_IMAGE BLOCK.RECORDING_SEQUENCE.TRIAL_IMAGE (BEGIN) 
248120.302 TRIAL_IMAGE BLOCK.RECORDING_SEQUENCE.TRIAL_IMAGE
248595.406 TIMER[2] BLOCK.RECORDING_SEQUENCE.TIMER[2]
248605.612 DISPLAY_SCREEN[1] BLOCK.RECORDING_SEQUENCE.DISPLAY_SCREEN[1] (BEGIN) 
248620.422 DISPLAY_SCREEN[1] BLOCK.RECORDING_SEQUENCE.DISPLAY_SCREEN[1]
249386.862 MOUSE_R BLOCK.RECORDING_SEQUENCE.MOUSE_R
249387.001 SET_BUTTON_PRESS2 BLOCK.RECORDING_SEQUENCE.SET_BUTTON_PRESS2
249387.141 ADD_TO_RESULTS_FILE[1] BLOCK.RECORDING_SEQUENCE.ADD_TO_RESULTS_FILE[1]
249387.193 SetValueAction 
249387.976 TRIAL_IMAGE BLOCK.RECORDING_SEQUENCE.TRIAL_IMAGE (BEGIN) 
249403.982 TRIAL_IMAGE BLOCK.RECORDING_SEQUENCE.TRIAL_IMAGE
249879.077 TIMER[2] BLOCK.RECORDING_SEQUENCE.TIMER[2]
249889.612 DISPLAY_SCREEN[1] BLOCK.RECORDING_SEQUENCE.DISPLAY_SCREEN[1] (BEGIN) 
249904.102 DISPLAY_SCREEN[1] BLOCK.RECORDING_SEQUENCE.DISPLAY_SCREEN[1]
251057.567 MOUSE_R BLOCK.RECORDING_SEQUENCE.MOUSE_R
251057.710 SET_BUTTON_PRESS2 BLOCK.RECORDING_SEQUENCE.SET_BUTTON_PRESS2
251057.875 ADD_TO_RESULTS_FILE[1] BLOCK.RECORDING_SEQUENCE.ADD_TO_RESULTS_FILE[1]
251057.928 SetValueAction 
251058.656 TRIAL_IMAGE BLOCK.RECORDING_SEQUENCE.TRIAL_IMAGE (BEGIN) 
251071.062 TRIAL_IMAGE BLOCK.RECORDING_SEQUENCE.TRIAL_IMAGE
251546.121 TIMER[2] BLOCK.RECORDING_SEQUENCE.TIMER[2]
251556.613 DISPLAY_SCREEN[1] BLOCK.RECORDING_SEQUENCE.DISPLAY_SCREEN[1] (BEGIN) 
251571.212 DISPLAY_SCREEN[1] BLOCK.RECORDING_SEQUENCE.DISPLAY_SCREEN[1]
252090.547 MOUSE_R BLOCK.RECORDING_SEQUENCE.MOUSE_R
252090.689 SET_BUTTON_PRESS2 BLOCK.RECORDING_SEQUENCE.SET_BUTTON_PRESS2
252090.842 ADD_TO_RESULTS_FILE[1] BLOCK.RECORDING_SEQUENCE.ADD_TO_RESULTS_FILE[1]
252090.896 SetValueAction 
252091.577 TRIAL_IMAGE BLOCK.RECORDING_SEQUENCE.TRIAL_IMAGE (BEGIN) 
252104.668 TRIAL_IMAGE BLOCK.RECORDING_SEQUENCE.TRIAL_IMAGE
252579.856 TIMER[2] BLOCK.RECORDING_SEQUENCE.TIMER[2]
252589.612 DISPLAY_SCREEN[1] BLOCK.RECORDING_SEQUENCE.DISPLAY_SCREEN[1] (BEGIN) 
252604.807 DISPLAY_SCREEN[1] BLOCK.RECORDING_SEQUENCE.DISPLAY_SCREEN[1]
252833.744 MOUSE_R BLOCK.RECORDING_SEQUENCE.MOUSE_R
252833.888 SET_BUTTON_PRESS2 BLOCK.RECORDING_SEQUENCE.SET_BUTTON_PRESS2
252834.028 ADD_TO_RESULTS_FILE[1] BLOCK.RECORDING_SEQUENCE.ADD_TO_RESULTS_FILE[1]
252834.080 SetValueAction 
252842.983 TRIAL_IMAGE BLOCK.RECORDING_SEQUENCE.TRIAL_IMAGE (BEGIN) 
252854.868 TRIAL_IMAGE BLOCK.RECORDING_SEQUENCE.TRIAL_IMAGE
253330.001 TIMER[2] BLOCK.RECORDING_SEQUENCE.TIMER[2]
253339.612 DISPLAY_SCREEN[1] BLOCK.RECORDING_SEQUENCE.DISPLAY_SCREEN[1] (BEGIN) 
253355.001 DISPLAY_SCREEN[1] BLOCK.RECORDING_SEQUENCE.DISPLAY_SCREEN[1]
253457.317 MOUSE_R BLOCK.RECORDING_SEQUENCE.MOUSE_R
253457.447 SET_BUTTON_PRESS2 BLOCK.RECORDING_SEQUENCE.SET_BUTTON_PRESS2
253457.587 ADD_TO_RESULTS_FILE[1] BLOCK.RECORDING_SEQUENCE.ADD_TO_RESULTS_FILE[1]
253457.639 SetValueAction 
253458.308 TRIAL_IMAGE BLOCK.RECORDING_SEQUENCE.TRIAL_IMAGE (BEGIN) 
253471.699 TRIAL_IMAGE BLOCK.RECORDING_SEQUENCE.TRIAL_IMAGE
253946.764 TIMER[2] BLOCK.RECORDING_SEQUENCE.TIMER[2]
253956.613 DISPLAY_SCREEN[1] BLOCK.RECORDING_SEQUENCE.DISPLAY_SCREEN[1] (BEGIN) 
253971.839 DISPLAY_SCREEN[1] BLOCK.RECORDING_SEQUENCE.DISPLAY_SCREEN[1]
254049.363 MOUSE_R BLOCK.RECORDING_SEQUENCE.MOUSE_R
254049.492 SET_BUTTON_PRESS2 BLOCK.RECORDING_SEQUENCE.SET_BUTTON_PRESS2
254049.632 ADD_TO_RESULTS_FILE[1] BLOCK.RECORDING_SEQUENCE.ADD_TO_RESULTS_FILE[1]
254052.098 DISPLAY_SCREEN BLOCK.DISPLAY_SCREEN (BEGIN) 
254055.172 DISPLAY_SCREEN BLOCK.DISPLAY_SCREEN
254185.594 MOUSE BLOCK.MOUSE
254191.551 GOODBYE_SCREEN GOODBYE_SCREEN (BEGIN) 
254205.234 GOODBYE_SCREEN GOODBYE_SCREEN
328445.356 MOUSE[1] MOUSE[1]
el_logger: Quit logger.
******** END OF THE LOG FILE ********
