4546.046 ********************************************************
4546.130 ** Session beginning Wednesday February 06, 2019 02:06:39 AM **
4546.140 ** ExperimentBuilder Project : P02PVP **
4546.148 ** ExperimentBuilder Version : 2.1.140 **
4546.156 ** ExperimentBuilder Build   : Nov 10 2017 **
4546.164 ********************************************************
5206.345 WELCOME_SCREEN WELCOME_SCREEN (BEGIN) 
5210.122 WELCOME_SCREEN WELCOME_SCREEN
29227.371 KEYBOARD KEYBOARD
29631.137 PREPARE_SEQUENCE BLOCK.PREPARE_SEQUENCE
29631.445 SetValueAction 
29643.526 TRIAL_IMAGE BLOCK.RECORDING_SEQUENCE.TRIAL_IMAGE (BEGIN) 
29649.609 TRIAL_IMAGE BLOCK.RECORDING_SEQUENCE.TRIAL_IMAGE
30124.663 TIMER[2] BLOCK.RECORDING_SEQUENCE.TIMER[2]
30134.614 DISPLAY_SCREEN[1] BLOCK.RECORDING_SEQUENCE.DISPLAY_SCREEN[1] (BEGIN) 
30149.737 DISPLAY_SCREEN[1] BLOCK.RECORDING_SEQUENCE.DISPLAY_SCREEN[1]
32649.743 TIMER[1] BLOCK.RECORDING_SEQUENCE.TIMER[1]
32649.903 SET_BUTTON_PRESS BLOCK.RECORDING_SEQUENCE.SET_BUTTON_PRESS
32650.045 ADD_TO_RESULTS_FILE[1] BLOCK.RECORDING_SEQUENCE.ADD_TO_RESULTS_FILE[1]
32650.099 SetValueAction 
32660.565 TRIAL_IMAGE BLOCK.RECORDING_SEQUENCE.TRIAL_IMAGE (BEGIN) 
32667.036 TRIAL_IMAGE BLOCK.RECORDING_SEQUENCE.TRIAL_IMAGE
33142.103 TIMER[2] BLOCK.RECORDING_SEQUENCE.TIMER[2]
33152.614 DISPLAY_SCREEN[1] BLOCK.RECORDING_SEQUENCE.DISPLAY_SCREEN[1] (BEGIN) 
33167.159 DISPLAY_SCREEN[1] BLOCK.RECORDING_SEQUENCE.DISPLAY_SCREEN[1]
35667.222 TIMER[1] BLOCK.RECORDING_SEQUENCE.TIMER[1]
35667.361 SET_BUTTON_PRESS BLOCK.RECORDING_SEQUENCE.SET_BUTTON_PRESS
35667.503 ADD_TO_RESULTS_FILE[1] BLOCK.RECORDING_SEQUENCE.ADD_TO_RESULTS_FILE[1]
35667.554 SetValueAction 
35677.254 TRIAL_IMAGE BLOCK.RECORDING_SEQUENCE.TRIAL_IMAGE (BEGIN) 
35684.453 TRIAL_IMAGE BLOCK.RECORDING_SEQUENCE.TRIAL_IMAGE
36159.565 TIMER[2] BLOCK.RECORDING_SEQUENCE.TIMER[2]
36169.614 DISPLAY_SCREEN[1] BLOCK.RECORDING_SEQUENCE.DISPLAY_SCREEN[1] (BEGIN) 
36184.587 DISPLAY_SCREEN[1] BLOCK.RECORDING_SEQUENCE.DISPLAY_SCREEN[1]
38684.650 TIMER[1] BLOCK.RECORDING_SEQUENCE.TIMER[1]
38684.789 SET_BUTTON_PRESS BLOCK.RECORDING_SEQUENCE.SET_BUTTON_PRESS
38684.931 ADD_TO_RESULTS_FILE[1] BLOCK.RECORDING_SEQUENCE.ADD_TO_RESULTS_FILE[1]
38684.984 SetValueAction 
38694.087 TRIAL_IMAGE BLOCK.RECORDING_SEQUENCE.TRIAL_IMAGE (BEGIN) 
38701.879 TRIAL_IMAGE BLOCK.RECORDING_SEQUENCE.TRIAL_IMAGE
39176.961 TIMER[2] BLOCK.RECORDING_SEQUENCE.TIMER[2]
39186.614 DISPLAY_SCREEN[1] BLOCK.RECORDING_SEQUENCE.DISPLAY_SCREEN[1] (BEGIN) 
39202.019 DISPLAY_SCREEN[1] BLOCK.RECORDING_SEQUENCE.DISPLAY_SCREEN[1]
41702.045 TIMER[1] BLOCK.RECORDING_SEQUENCE.TIMER[1]
41702.238 SET_BUTTON_PRESS BLOCK.RECORDING_SEQUENCE.SET_BUTTON_PRESS
41702.385 ADD_TO_RESULTS_FILE[1] BLOCK.RECORDING_SEQUENCE.ADD_TO_RESULTS_FILE[1]
41702.438 SetValueAction 
41711.559 TRIAL_IMAGE BLOCK.RECORDING_SEQUENCE.TRIAL_IMAGE (BEGIN) 
41719.304 TRIAL_IMAGE BLOCK.RECORDING_SEQUENCE.TRIAL_IMAGE
42194.382 TIMER[2] BLOCK.RECORDING_SEQUENCE.TIMER[2]
42204.614 DISPLAY_SCREEN[1] BLOCK.RECORDING_SEQUENCE.DISPLAY_SCREEN[1] (BEGIN) 
42219.440 DISPLAY_SCREEN[1] BLOCK.RECORDING_SEQUENCE.DISPLAY_SCREEN[1]
44719.476 TIMER[1] BLOCK.RECORDING_SEQUENCE.TIMER[1]
44719.613 SET_BUTTON_PRESS BLOCK.RECORDING_SEQUENCE.SET_BUTTON_PRESS
44719.756 ADD_TO_RESULTS_FILE[1] BLOCK.RECORDING_SEQUENCE.ADD_TO_RESULTS_FILE[1]
44719.830 SetValueAction 
44729.610 TRIAL_IMAGE BLOCK.RECORDING_SEQUENCE.TRIAL_IMAGE (BEGIN) 
44736.737 TRIAL_IMAGE BLOCK.RECORDING_SEQUENCE.TRIAL_IMAGE
45211.814 TIMER[2] BLOCK.RECORDING_SEQUENCE.TIMER[2]
45221.615 DISPLAY_SCREEN[1] BLOCK.RECORDING_SEQUENCE.DISPLAY_SCREEN[1] (BEGIN) 
45236.873 DISPLAY_SCREEN[1] BLOCK.RECORDING_SEQUENCE.DISPLAY_SCREEN[1]
47736.894 TIMER[1] BLOCK.RECORDING_SEQUENCE.TIMER[1]
47737.031 SET_BUTTON_PRESS BLOCK.RECORDING_SEQUENCE.SET_BUTTON_PRESS
47737.172 ADD_TO_RESULTS_FILE[1] BLOCK.RECORDING_SEQUENCE.ADD_TO_RESULTS_FILE[1]
47737.224 SetValueAction 
47746.627 TRIAL_IMAGE BLOCK.RECORDING_SEQUENCE.TRIAL_IMAGE (BEGIN) 
47754.168 TRIAL_IMAGE BLOCK.RECORDING_SEQUENCE.TRIAL_IMAGE
48229.221 TIMER[2] BLOCK.RECORDING_SEQUENCE.TIMER[2]
48239.615 DISPLAY_SCREEN[1] BLOCK.RECORDING_SEQUENCE.DISPLAY_SCREEN[1] (BEGIN) 
48254.295 DISPLAY_SCREEN[1] BLOCK.RECORDING_SEQUENCE.DISPLAY_SCREEN[1]
50754.368 TIMER[1] BLOCK.RECORDING_SEQUENCE.TIMER[1]
50754.506 SET_BUTTON_PRESS BLOCK.RECORDING_SEQUENCE.SET_BUTTON_PRESS
50754.648 ADD_TO_RESULTS_FILE[1] BLOCK.RECORDING_SEQUENCE.ADD_TO_RESULTS_FILE[1]
50754.700 SetValueAction 
50764.393 TRIAL_IMAGE BLOCK.RECORDING_SEQUENCE.TRIAL_IMAGE (BEGIN) 
50771.591 TRIAL_IMAGE BLOCK.RECORDING_SEQUENCE.TRIAL_IMAGE
51246.643 TIMER[2] BLOCK.RECORDING_SEQUENCE.TIMER[2]
51256.614 DISPLAY_SCREEN[1] BLOCK.RECORDING_SEQUENCE.DISPLAY_SCREEN[1] (BEGIN) 
51271.723 DISPLAY_SCREEN[1] BLOCK.RECORDING_SEQUENCE.DISPLAY_SCREEN[1]
53771.724 TIMER[1] BLOCK.RECORDING_SEQUENCE.TIMER[1]
53771.887 SET_BUTTON_PRESS BLOCK.RECORDING_SEQUENCE.SET_BUTTON_PRESS
53772.029 ADD_TO_RESULTS_FILE[1] BLOCK.RECORDING_SEQUENCE.ADD_TO_RESULTS_FILE[1]
53772.081 SetValueAction 
53781.642 TRIAL_IMAGE BLOCK.RECORDING_SEQUENCE.TRIAL_IMAGE (BEGIN) 
53789.017 TRIAL_IMAGE BLOCK.RECORDING_SEQUENCE.TRIAL_IMAGE
54264.058 TIMER[2] BLOCK.RECORDING_SEQUENCE.TIMER[2]
54274.614 DISPLAY_SCREEN[1] BLOCK.RECORDING_SEQUENCE.DISPLAY_SCREEN[1] (BEGIN) 
54289.144 DISPLAY_SCREEN[1] BLOCK.RECORDING_SEQUENCE.DISPLAY_SCREEN[1]
56789.217 TIMER[1] BLOCK.RECORDING_SEQUENCE.TIMER[1]
56789.357 SET_BUTTON_PRESS BLOCK.RECORDING_SEQUENCE.SET_BUTTON_PRESS
56789.499 ADD_TO_RESULTS_FILE[1] BLOCK.RECORDING_SEQUENCE.ADD_TO_RESULTS_FILE[1]
56789.552 SetValueAction 
56817.119 TRIAL_IMAGE BLOCK.RECORDING_SEQUENCE.TRIAL_IMAGE (BEGIN) 
56823.100 TRIAL_IMAGE BLOCK.RECORDING_SEQUENCE.TRIAL_IMAGE
57298.221 TIMER[2] BLOCK.RECORDING_SEQUENCE.TIMER[2]
57308.613 DISPLAY_SCREEN[1] BLOCK.RECORDING_SEQUENCE.DISPLAY_SCREEN[1] (BEGIN) 
57323.232 DISPLAY_SCREEN[1] BLOCK.RECORDING_SEQUENCE.DISPLAY_SCREEN[1]
59823.262 TIMER[1] BLOCK.RECORDING_SEQUENCE.TIMER[1]
59823.402 SET_BUTTON_PRESS BLOCK.RECORDING_SEQUENCE.SET_BUTTON_PRESS
59823.543 ADD_TO_RESULTS_FILE[1] BLOCK.RECORDING_SEQUENCE.ADD_TO_RESULTS_FILE[1]
59823.596 SetValueAction 
59823.904 TRIAL_IMAGE BLOCK.RECORDING_SEQUENCE.TRIAL_IMAGE (BEGIN) 
59840.537 TRIAL_IMAGE BLOCK.RECORDING_SEQUENCE.TRIAL_IMAGE
60315.608 TIMER[2] BLOCK.RECORDING_SEQUENCE.TIMER[2]
60325.614 DISPLAY_SCREEN[1] BLOCK.RECORDING_SEQUENCE.DISPLAY_SCREEN[1] (BEGIN) 
60340.661 DISPLAY_SCREEN[1] BLOCK.RECORDING_SEQUENCE.DISPLAY_SCREEN[1]
62840.675 TIMER[1] BLOCK.RECORDING_SEQUENCE.TIMER[1]
62840.845 SET_BUTTON_PRESS BLOCK.RECORDING_SEQUENCE.SET_BUTTON_PRESS
62841.009 ADD_TO_RESULTS_FILE[1] BLOCK.RECORDING_SEQUENCE.ADD_TO_RESULTS_FILE[1]
62841.060 SetValueAction 
62850.468 TRIAL_IMAGE BLOCK.RECORDING_SEQUENCE.TRIAL_IMAGE (BEGIN) 
62857.963 TRIAL_IMAGE BLOCK.RECORDING_SEQUENCE.TRIAL_IMAGE
63333.044 TIMER[2] BLOCK.RECORDING_SEQUENCE.TIMER[2]
63343.627 DISPLAY_SCREEN[1] BLOCK.RECORDING_SEQUENCE.DISPLAY_SCREEN[1] (BEGIN) 
63358.088 DISPLAY_SCREEN[1] BLOCK.RECORDING_SEQUENCE.DISPLAY_SCREEN[1]
65858.117 TIMER[1] BLOCK.RECORDING_SEQUENCE.TIMER[1]
65858.255 SET_BUTTON_PRESS BLOCK.RECORDING_SEQUENCE.SET_BUTTON_PRESS
65858.397 ADD_TO_RESULTS_FILE[1] BLOCK.RECORDING_SEQUENCE.ADD_TO_RESULTS_FILE[1]
65858.449 SetValueAction 
65868.125 TRIAL_IMAGE BLOCK.RECORDING_SEQUENCE.TRIAL_IMAGE (BEGIN) 
65875.381 TRIAL_IMAGE BLOCK.RECORDING_SEQUENCE.TRIAL_IMAGE
66350.506 TIMER[2] BLOCK.RECORDING_SEQUENCE.TIMER[2]
66360.613 DISPLAY_SCREEN[1] BLOCK.RECORDING_SEQUENCE.DISPLAY_SCREEN[1] (BEGIN) 
66375.514 DISPLAY_SCREEN[1] BLOCK.RECORDING_SEQUENCE.DISPLAY_SCREEN[1]
68875.585 TIMER[1] BLOCK.RECORDING_SEQUENCE.TIMER[1]
68875.756 SET_BUTTON_PRESS BLOCK.RECORDING_SEQUENCE.SET_BUTTON_PRESS
68875.898 ADD_TO_RESULTS_FILE[1] BLOCK.RECORDING_SEQUENCE.ADD_TO_RESULTS_FILE[1]
68875.952 SetValueAction 
68886.134 TRIAL_IMAGE BLOCK.RECORDING_SEQUENCE.TRIAL_IMAGE (BEGIN) 
68892.814 TRIAL_IMAGE BLOCK.RECORDING_SEQUENCE.TRIAL_IMAGE
69367.892 TIMER[2] BLOCK.RECORDING_SEQUENCE.TIMER[2]
69377.613 DISPLAY_SCREEN[1] BLOCK.RECORDING_SEQUENCE.DISPLAY_SCREEN[1] (BEGIN) 
69392.943 DISPLAY_SCREEN[1] BLOCK.RECORDING_SEQUENCE.DISPLAY_SCREEN[1]
71892.972 TIMER[1] BLOCK.RECORDING_SEQUENCE.TIMER[1]
71893.109 SET_BUTTON_PRESS BLOCK.RECORDING_SEQUENCE.SET_BUTTON_PRESS
71893.251 ADD_TO_RESULTS_FILE[1] BLOCK.RECORDING_SEQUENCE.ADD_TO_RESULTS_FILE[1]
71893.304 SetValueAction 
71918.948 TRIAL_IMAGE BLOCK.RECORDING_SEQUENCE.TRIAL_IMAGE (BEGIN) 
71926.899 TRIAL_IMAGE BLOCK.RECORDING_SEQUENCE.TRIAL_IMAGE
72401.986 TIMER[2] BLOCK.RECORDING_SEQUENCE.TIMER[2]
72411.613 DISPLAY_SCREEN[1] BLOCK.RECORDING_SEQUENCE.DISPLAY_SCREEN[1] (BEGIN) 
72427.034 DISPLAY_SCREEN[1] BLOCK.RECORDING_SEQUENCE.DISPLAY_SCREEN[1]
74927.095 TIMER[1] BLOCK.RECORDING_SEQUENCE.TIMER[1]
74927.234 SET_BUTTON_PRESS BLOCK.RECORDING_SEQUENCE.SET_BUTTON_PRESS
74927.377 ADD_TO_RESULTS_FILE[1] BLOCK.RECORDING_SEQUENCE.ADD_TO_RESULTS_FILE[1]
74927.430 SetValueAction 
74936.284 TRIAL_IMAGE BLOCK.RECORDING_SEQUENCE.TRIAL_IMAGE (BEGIN) 
74944.324 TRIAL_IMAGE BLOCK.RECORDING_SEQUENCE.TRIAL_IMAGE
75419.462 TIMER[2] BLOCK.RECORDING_SEQUENCE.TIMER[2]
75429.613 DISPLAY_SCREEN[1] BLOCK.RECORDING_SEQUENCE.DISPLAY_SCREEN[1] (BEGIN) 
75444.468 DISPLAY_SCREEN[1] BLOCK.RECORDING_SEQUENCE.DISPLAY_SCREEN[1]
77944.478 TIMER[1] BLOCK.RECORDING_SEQUENCE.TIMER[1]
77944.617 SET_BUTTON_PRESS BLOCK.RECORDING_SEQUENCE.SET_BUTTON_PRESS
77944.796 ADD_TO_RESULTS_FILE[1] BLOCK.RECORDING_SEQUENCE.ADD_TO_RESULTS_FILE[1]
77944.848 SetValueAction 
77964.440 TRIAL_IMAGE BLOCK.RECORDING_SEQUENCE.TRIAL_IMAGE (BEGIN) 
77978.427 TRIAL_IMAGE BLOCK.RECORDING_SEQUENCE.TRIAL_IMAGE
78453.516 TIMER[2] BLOCK.RECORDING_SEQUENCE.TIMER[2]
78463.633 DISPLAY_SCREEN[1] BLOCK.RECORDING_SEQUENCE.DISPLAY_SCREEN[1] (BEGIN) 
78478.565 DISPLAY_SCREEN[1] BLOCK.RECORDING_SEQUENCE.DISPLAY_SCREEN[1]
80978.660 TIMER[1] BLOCK.RECORDING_SEQUENCE.TIMER[1]
80978.799 SET_BUTTON_PRESS BLOCK.RECORDING_SEQUENCE.SET_BUTTON_PRESS
80978.941 ADD_TO_RESULTS_FILE[1] BLOCK.RECORDING_SEQUENCE.ADD_TO_RESULTS_FILE[1]
80978.993 SetValueAction 
80988.717 TRIAL_IMAGE BLOCK.RECORDING_SEQUENCE.TRIAL_IMAGE (BEGIN) 
80995.854 TRIAL_IMAGE BLOCK.RECORDING_SEQUENCE.TRIAL_IMAGE
81470.964 TIMER[2] BLOCK.RECORDING_SEQUENCE.TIMER[2]
81480.637 DISPLAY_SCREEN[1] BLOCK.RECORDING_SEQUENCE.DISPLAY_SCREEN[1] (BEGIN) 
81495.976 DISPLAY_SCREEN[1] BLOCK.RECORDING_SEQUENCE.DISPLAY_SCREEN[1]
83996.053 TIMER[1] BLOCK.RECORDING_SEQUENCE.TIMER[1]
83996.193 SET_BUTTON_PRESS BLOCK.RECORDING_SEQUENCE.SET_BUTTON_PRESS
83996.335 ADD_TO_RESULTS_FILE[1] BLOCK.RECORDING_SEQUENCE.ADD_TO_RESULTS_FILE[1]
83996.388 SetValueAction 
84005.921 TRIAL_IMAGE BLOCK.RECORDING_SEQUENCE.TRIAL_IMAGE (BEGIN) 
84013.282 TRIAL_IMAGE BLOCK.RECORDING_SEQUENCE.TRIAL_IMAGE
84488.382 TIMER[2] BLOCK.RECORDING_SEQUENCE.TIMER[2]
84498.624 DISPLAY_SCREEN[1] BLOCK.RECORDING_SEQUENCE.DISPLAY_SCREEN[1] (BEGIN) 
84513.403 DISPLAY_SCREEN[1] BLOCK.RECORDING_SEQUENCE.DISPLAY_SCREEN[1]
87013.468 TIMER[1] BLOCK.RECORDING_SEQUENCE.TIMER[1]
87013.628 SET_BUTTON_PRESS BLOCK.RECORDING_SEQUENCE.SET_BUTTON_PRESS
87013.772 ADD_TO_RESULTS_FILE[1] BLOCK.RECORDING_SEQUENCE.ADD_TO_RESULTS_FILE[1]
87013.824 SetValueAction 
87023.276 TRIAL_IMAGE BLOCK.RECORDING_SEQUENCE.TRIAL_IMAGE (BEGIN) 
87030.707 TRIAL_IMAGE BLOCK.RECORDING_SEQUENCE.TRIAL_IMAGE
87505.818 TIMER[2] BLOCK.RECORDING_SEQUENCE.TIMER[2]
87515.619 DISPLAY_SCREEN[1] BLOCK.RECORDING_SEQUENCE.DISPLAY_SCREEN[1] (BEGIN) 
87530.830 DISPLAY_SCREEN[1] BLOCK.RECORDING_SEQUENCE.DISPLAY_SCREEN[1]
90030.845 TIMER[1] BLOCK.RECORDING_SEQUENCE.TIMER[1]
90030.984 SET_BUTTON_PRESS BLOCK.RECORDING_SEQUENCE.SET_BUTTON_PRESS
90031.127 ADD_TO_RESULTS_FILE[1] BLOCK.RECORDING_SEQUENCE.ADD_TO_RESULTS_FILE[1]
90031.179 SetValueAction 
90031.923 TRIAL_IMAGE BLOCK.RECORDING_SEQUENCE.TRIAL_IMAGE (BEGIN) 
90048.140 TRIAL_IMAGE BLOCK.RECORDING_SEQUENCE.TRIAL_IMAGE
90523.226 TIMER[2] BLOCK.RECORDING_SEQUENCE.TIMER[2]
90533.613 DISPLAY_SCREEN[1] BLOCK.RECORDING_SEQUENCE.DISPLAY_SCREEN[1] (BEGIN) 
90548.260 DISPLAY_SCREEN[1] BLOCK.RECORDING_SEQUENCE.DISPLAY_SCREEN[1]
93048.327 TIMER[1] BLOCK.RECORDING_SEQUENCE.TIMER[1]
93048.466 SET_BUTTON_PRESS BLOCK.RECORDING_SEQUENCE.SET_BUTTON_PRESS
93048.630 ADD_TO_RESULTS_FILE[1] BLOCK.RECORDING_SEQUENCE.ADD_TO_RESULTS_FILE[1]
93048.682 SetValueAction 
93057.403 TRIAL_IMAGE BLOCK.RECORDING_SEQUENCE.TRIAL_IMAGE (BEGIN) 
93065.551 TRIAL_IMAGE BLOCK.RECORDING_SEQUENCE.TRIAL_IMAGE
93540.637 TIMER[2] BLOCK.RECORDING_SEQUENCE.TIMER[2]
93550.613 DISPLAY_SCREEN[1] BLOCK.RECORDING_SEQUENCE.DISPLAY_SCREEN[1] (BEGIN) 
93565.691 DISPLAY_SCREEN[1] BLOCK.RECORDING_SEQUENCE.DISPLAY_SCREEN[1]
96065.753 TIMER[1] BLOCK.RECORDING_SEQUENCE.TIMER[1]
96065.893 SET_BUTTON_PRESS BLOCK.RECORDING_SEQUENCE.SET_BUTTON_PRESS
96066.037 ADD_TO_RESULTS_FILE[1] BLOCK.RECORDING_SEQUENCE.ADD_TO_RESULTS_FILE[1]
96066.089 SetValueAction 
96075.629 TRIAL_IMAGE BLOCK.RECORDING_SEQUENCE.TRIAL_IMAGE (BEGIN) 
96082.975 TRIAL_IMAGE BLOCK.RECORDING_SEQUENCE.TRIAL_IMAGE
96558.086 TIMER[2] BLOCK.RECORDING_SEQUENCE.TIMER[2]
96568.613 DISPLAY_SCREEN[1] BLOCK.RECORDING_SEQUENCE.DISPLAY_SCREEN[1] (BEGIN) 
96583.134 DISPLAY_SCREEN[1] BLOCK.RECORDING_SEQUENCE.DISPLAY_SCREEN[1]
99083.149 TIMER[1] BLOCK.RECORDING_SEQUENCE.TIMER[1]
99083.287 SET_BUTTON_PRESS BLOCK.RECORDING_SEQUENCE.SET_BUTTON_PRESS
99083.429 ADD_TO_RESULTS_FILE[1] BLOCK.RECORDING_SEQUENCE.ADD_TO_RESULTS_FILE[1]
99085.984 DISPLAY_SCREEN BLOCK.DISPLAY_SCREEN (BEGIN) 
99100.403 DISPLAY_SCREEN BLOCK.DISPLAY_SCREEN
115902.216 KEYBOARD BLOCK.KEYBOARD
116221.406 PREPARE_SEQUENCE BLOCK.PREPARE_SEQUENCE
116221.600 SetValueAction 
116230.272 TRIAL_IMAGE BLOCK.RECORDING_SEQUENCE.TRIAL_IMAGE (BEGIN) 
116238.046 TRIAL_IMAGE BLOCK.RECORDING_SEQUENCE.TRIAL_IMAGE
116713.112 TIMER[2] BLOCK.RECORDING_SEQUENCE.TIMER[2]
116723.615 DISPLAY_SCREEN[1] BLOCK.RECORDING_SEQUENCE.DISPLAY_SCREEN[1] (BEGIN) 
116738.174 DISPLAY_SCREEN[1] BLOCK.RECORDING_SEQUENCE.DISPLAY_SCREEN[1]
119238.248 TIMER[1] BLOCK.RECORDING_SEQUENCE.TIMER[1]
119238.388 SET_BUTTON_PRESS BLOCK.RECORDING_SEQUENCE.SET_BUTTON_PRESS
119238.530 ADD_TO_RESULTS_FILE[1] BLOCK.RECORDING_SEQUENCE.ADD_TO_RESULTS_FILE[1]
119238.582 SetValueAction 
119246.302 TRIAL_IMAGE BLOCK.RECORDING_SEQUENCE.TRIAL_IMAGE (BEGIN) 
119255.474 TRIAL_IMAGE BLOCK.RECORDING_SEQUENCE.TRIAL_IMAGE
119730.596 TIMER[2] BLOCK.RECORDING_SEQUENCE.TIMER[2]
119740.613 DISPLAY_SCREEN[1] BLOCK.RECORDING_SEQUENCE.DISPLAY_SCREEN[1] (BEGIN) 
119755.602 DISPLAY_SCREEN[1] BLOCK.RECORDING_SEQUENCE.DISPLAY_SCREEN[1]
122255.608 TIMER[1] BLOCK.RECORDING_SEQUENCE.TIMER[1]
122255.747 SET_BUTTON_PRESS BLOCK.RECORDING_SEQUENCE.SET_BUTTON_PRESS
122255.889 ADD_TO_RESULTS_FILE[1] BLOCK.RECORDING_SEQUENCE.ADD_TO_RESULTS_FILE[1]
122255.943 SetValueAction 
122263.213 TRIAL_IMAGE BLOCK.RECORDING_SEQUENCE.TRIAL_IMAGE (BEGIN) 
122272.903 TRIAL_IMAGE BLOCK.RECORDING_SEQUENCE.TRIAL_IMAGE
122748.029 TIMER[2] BLOCK.RECORDING_SEQUENCE.TIMER[2]
122757.613 DISPLAY_SCREEN[1] BLOCK.RECORDING_SEQUENCE.DISPLAY_SCREEN[1] (BEGIN) 
122773.031 DISPLAY_SCREEN[1] BLOCK.RECORDING_SEQUENCE.DISPLAY_SCREEN[1]
125273.091 TIMER[1] BLOCK.RECORDING_SEQUENCE.TIMER[1]
125273.229 SET_BUTTON_PRESS BLOCK.RECORDING_SEQUENCE.SET_BUTTON_PRESS
125273.371 ADD_TO_RESULTS_FILE[1] BLOCK.RECORDING_SEQUENCE.ADD_TO_RESULTS_FILE[1]
125273.445 SetValueAction 
125280.971 TRIAL_IMAGE BLOCK.RECORDING_SEQUENCE.TRIAL_IMAGE (BEGIN) 
125290.316 TRIAL_IMAGE BLOCK.RECORDING_SEQUENCE.TRIAL_IMAGE
125765.393 TIMER[2] BLOCK.RECORDING_SEQUENCE.TIMER[2]
125775.613 DISPLAY_SCREEN[1] BLOCK.RECORDING_SEQUENCE.DISPLAY_SCREEN[1] (BEGIN) 
125790.452 DISPLAY_SCREEN[1] BLOCK.RECORDING_SEQUENCE.DISPLAY_SCREEN[1]
128290.489 TIMER[1] BLOCK.RECORDING_SEQUENCE.TIMER[1]
128290.696 SET_BUTTON_PRESS BLOCK.RECORDING_SEQUENCE.SET_BUTTON_PRESS
128290.838 ADD_TO_RESULTS_FILE[1] BLOCK.RECORDING_SEQUENCE.ADD_TO_RESULTS_FILE[1]
128290.891 SetValueAction 
128382.126 TRIAL_IMAGE BLOCK.RECORDING_SEQUENCE.TRIAL_IMAGE (BEGIN) 
128391.146 TRIAL_IMAGE BLOCK.RECORDING_SEQUENCE.TRIAL_IMAGE
128866.176 TIMER[2] BLOCK.RECORDING_SEQUENCE.TIMER[2]
128876.613 DISPLAY_SCREEN[1] BLOCK.RECORDING_SEQUENCE.DISPLAY_SCREEN[1] (BEGIN) 
128891.232 DISPLAY_SCREEN[1] BLOCK.RECORDING_SEQUENCE.DISPLAY_SCREEN[1]
131391.248 TIMER[1] BLOCK.RECORDING_SEQUENCE.TIMER[1]
131391.407 SET_BUTTON_PRESS BLOCK.RECORDING_SEQUENCE.SET_BUTTON_PRESS
131391.549 ADD_TO_RESULTS_FILE[1] BLOCK.RECORDING_SEQUENCE.ADD_TO_RESULTS_FILE[1]
131391.602 SetValueAction 
131399.880 TRIAL_IMAGE BLOCK.RECORDING_SEQUENCE.TRIAL_IMAGE (BEGIN) 
131408.532 TRIAL_IMAGE BLOCK.RECORDING_SEQUENCE.TRIAL_IMAGE
131883.663 TIMER[2] BLOCK.RECORDING_SEQUENCE.TIMER[2]
131893.614 DISPLAY_SCREEN[1] BLOCK.RECORDING_SEQUENCE.DISPLAY_SCREEN[1] (BEGIN) 
131908.662 DISPLAY_SCREEN[1] BLOCK.RECORDING_SEQUENCE.DISPLAY_SCREEN[1]
134408.683 TIMER[1] BLOCK.RECORDING_SEQUENCE.TIMER[1]
134408.823 SET_BUTTON_PRESS BLOCK.RECORDING_SEQUENCE.SET_BUTTON_PRESS
134408.965 ADD_TO_RESULTS_FILE[1] BLOCK.RECORDING_SEQUENCE.ADD_TO_RESULTS_FILE[1]
134409.017 SetValueAction 
134417.662 TRIAL_IMAGE BLOCK.RECORDING_SEQUENCE.TRIAL_IMAGE (BEGIN) 
134425.954 TRIAL_IMAGE BLOCK.RECORDING_SEQUENCE.TRIAL_IMAGE
134901.048 TIMER[2] BLOCK.RECORDING_SEQUENCE.TIMER[2]
134911.613 DISPLAY_SCREEN[1] BLOCK.RECORDING_SEQUENCE.DISPLAY_SCREEN[1] (BEGIN) 
134926.082 DISPLAY_SCREEN[1] BLOCK.RECORDING_SEQUENCE.DISPLAY_SCREEN[1]
137426.087 TIMER[1] BLOCK.RECORDING_SEQUENCE.TIMER[1]
137426.225 SET_BUTTON_PRESS BLOCK.RECORDING_SEQUENCE.SET_BUTTON_PRESS
137426.368 ADD_TO_RESULTS_FILE[1] BLOCK.RECORDING_SEQUENCE.ADD_TO_RESULTS_FILE[1]
137426.421 SetValueAction 
137435.627 TRIAL_IMAGE BLOCK.RECORDING_SEQUENCE.TRIAL_IMAGE (BEGIN) 
137443.379 TRIAL_IMAGE BLOCK.RECORDING_SEQUENCE.TRIAL_IMAGE
137918.434 TIMER[2] BLOCK.RECORDING_SEQUENCE.TIMER[2]
137928.613 DISPLAY_SCREEN[1] BLOCK.RECORDING_SEQUENCE.DISPLAY_SCREEN[1] (BEGIN) 
137943.514 DISPLAY_SCREEN[1] BLOCK.RECORDING_SEQUENCE.DISPLAY_SCREEN[1]
140443.525 TIMER[1] BLOCK.RECORDING_SEQUENCE.TIMER[1]
140443.667 SET_BUTTON_PRESS BLOCK.RECORDING_SEQUENCE.SET_BUTTON_PRESS
140443.813 ADD_TO_RESULTS_FILE[1] BLOCK.RECORDING_SEQUENCE.ADD_TO_RESULTS_FILE[1]
140443.867 SetValueAction 
140452.080 TRIAL_IMAGE BLOCK.RECORDING_SEQUENCE.TRIAL_IMAGE (BEGIN) 
140460.805 TRIAL_IMAGE BLOCK.RECORDING_SEQUENCE.TRIAL_IMAGE
140935.902 TIMER[2] BLOCK.RECORDING_SEQUENCE.TIMER[2]
140945.613 DISPLAY_SCREEN[1] BLOCK.RECORDING_SEQUENCE.DISPLAY_SCREEN[1] (BEGIN) 
140960.930 DISPLAY_SCREEN[1] BLOCK.RECORDING_SEQUENCE.DISPLAY_SCREEN[1]
143460.976 TIMER[1] BLOCK.RECORDING_SEQUENCE.TIMER[1]
143461.115 SET_BUTTON_PRESS BLOCK.RECORDING_SEQUENCE.SET_BUTTON_PRESS
143461.259 ADD_TO_RESULTS_FILE[1] BLOCK.RECORDING_SEQUENCE.ADD_TO_RESULTS_FILE[1]
143461.311 SetValueAction 
143469.584 TRIAL_IMAGE BLOCK.RECORDING_SEQUENCE.TRIAL_IMAGE (BEGIN) 
143478.235 TRIAL_IMAGE BLOCK.RECORDING_SEQUENCE.TRIAL_IMAGE
143953.316 TIMER[2] BLOCK.RECORDING_SEQUENCE.TIMER[2]
143963.613 DISPLAY_SCREEN[1] BLOCK.RECORDING_SEQUENCE.DISPLAY_SCREEN[1] (BEGIN) 
143978.373 DISPLAY_SCREEN[1] BLOCK.RECORDING_SEQUENCE.DISPLAY_SCREEN[1]
146478.425 TIMER[1] BLOCK.RECORDING_SEQUENCE.TIMER[1]
146478.586 SET_BUTTON_PRESS BLOCK.RECORDING_SEQUENCE.SET_BUTTON_PRESS
146478.728 ADD_TO_RESULTS_FILE[1] BLOCK.RECORDING_SEQUENCE.ADD_TO_RESULTS_FILE[1]
146478.781 SetValueAction 
146486.741 TRIAL_IMAGE BLOCK.RECORDING_SEQUENCE.TRIAL_IMAGE (BEGIN) 
146495.660 TRIAL_IMAGE BLOCK.RECORDING_SEQUENCE.TRIAL_IMAGE
146970.741 TIMER[2] BLOCK.RECORDING_SEQUENCE.TIMER[2]
146980.620 DISPLAY_SCREEN[1] BLOCK.RECORDING_SEQUENCE.DISPLAY_SCREEN[1] (BEGIN) 
146995.792 DISPLAY_SCREEN[1] BLOCK.RECORDING_SEQUENCE.DISPLAY_SCREEN[1]
149495.808 TIMER[1] BLOCK.RECORDING_SEQUENCE.TIMER[1]
149495.949 SET_BUTTON_PRESS BLOCK.RECORDING_SEQUENCE.SET_BUTTON_PRESS
149496.091 ADD_TO_RESULTS_FILE[1] BLOCK.RECORDING_SEQUENCE.ADD_TO_RESULTS_FILE[1]
149496.144 SetValueAction 
149503.960 TRIAL_IMAGE BLOCK.RECORDING_SEQUENCE.TRIAL_IMAGE (BEGIN) 
149513.085 TRIAL_IMAGE BLOCK.RECORDING_SEQUENCE.TRIAL_IMAGE
149988.133 TIMER[2] BLOCK.RECORDING_SEQUENCE.TIMER[2]
149998.613 DISPLAY_SCREEN[1] BLOCK.RECORDING_SEQUENCE.DISPLAY_SCREEN[1] (BEGIN) 
150013.218 DISPLAY_SCREEN[1] BLOCK.RECORDING_SEQUENCE.DISPLAY_SCREEN[1]
152513.271 TIMER[1] BLOCK.RECORDING_SEQUENCE.TIMER[1]
152513.454 SET_BUTTON_PRESS BLOCK.RECORDING_SEQUENCE.SET_BUTTON_PRESS
152513.596 ADD_TO_RESULTS_FILE[1] BLOCK.RECORDING_SEQUENCE.ADD_TO_RESULTS_FILE[1]
152513.651 SetValueAction 
152521.938 TRIAL_IMAGE BLOCK.RECORDING_SEQUENCE.TRIAL_IMAGE (BEGIN) 
152530.501 TRIAL_IMAGE BLOCK.RECORDING_SEQUENCE.TRIAL_IMAGE
153005.616 TIMER[2] BLOCK.RECORDING_SEQUENCE.TIMER[2]
153015.614 DISPLAY_SCREEN[1] BLOCK.RECORDING_SEQUENCE.DISPLAY_SCREEN[1] (BEGIN) 
153030.632 DISPLAY_SCREEN[1] BLOCK.RECORDING_SEQUENCE.DISPLAY_SCREEN[1]
155530.640 TIMER[1] BLOCK.RECORDING_SEQUENCE.TIMER[1]
155530.785 SET_BUTTON_PRESS BLOCK.RECORDING_SEQUENCE.SET_BUTTON_PRESS
155530.939 ADD_TO_RESULTS_FILE[1] BLOCK.RECORDING_SEQUENCE.ADD_TO_RESULTS_FILE[1]
155530.993 SetValueAction 
155539.341 TRIAL_IMAGE BLOCK.RECORDING_SEQUENCE.TRIAL_IMAGE (BEGIN) 
155547.932 TRIAL_IMAGE BLOCK.RECORDING_SEQUENCE.TRIAL_IMAGE
156023.044 TIMER[2] BLOCK.RECORDING_SEQUENCE.TIMER[2]
156033.613 DISPLAY_SCREEN[1] BLOCK.RECORDING_SEQUENCE.DISPLAY_SCREEN[1] (BEGIN) 
156048.055 DISPLAY_SCREEN[1] BLOCK.RECORDING_SEQUENCE.DISPLAY_SCREEN[1]
158548.060 TIMER[1] BLOCK.RECORDING_SEQUENCE.TIMER[1]
158548.199 SET_BUTTON_PRESS BLOCK.RECORDING_SEQUENCE.SET_BUTTON_PRESS
158548.373 ADD_TO_RESULTS_FILE[1] BLOCK.RECORDING_SEQUENCE.ADD_TO_RESULTS_FILE[1]
158548.426 SetValueAction 
158556.788 TRIAL_IMAGE BLOCK.RECORDING_SEQUENCE.TRIAL_IMAGE (BEGIN) 
158565.350 TRIAL_IMAGE BLOCK.RECORDING_SEQUENCE.TRIAL_IMAGE
159040.434 TIMER[2] BLOCK.RECORDING_SEQUENCE.TIMER[2]
159050.613 DISPLAY_SCREEN[1] BLOCK.RECORDING_SEQUENCE.DISPLAY_SCREEN[1] (BEGIN) 
159065.485 DISPLAY_SCREEN[1] BLOCK.RECORDING_SEQUENCE.DISPLAY_SCREEN[1]
161565.491 TIMER[1] BLOCK.RECORDING_SEQUENCE.TIMER[1]
161565.631 SET_BUTTON_PRESS BLOCK.RECORDING_SEQUENCE.SET_BUTTON_PRESS
161565.773 ADD_TO_RESULTS_FILE[1] BLOCK.RECORDING_SEQUENCE.ADD_TO_RESULTS_FILE[1]
161565.827 SetValueAction 
161566.609 TRIAL_IMAGE BLOCK.RECORDING_SEQUENCE.TRIAL_IMAGE (BEGIN) 
161582.785 TRIAL_IMAGE BLOCK.RECORDING_SEQUENCE.TRIAL_IMAGE
162057.892 TIMER[2] BLOCK.RECORDING_SEQUENCE.TIMER[2]
162067.613 DISPLAY_SCREEN[1] BLOCK.RECORDING_SEQUENCE.DISPLAY_SCREEN[1] (BEGIN) 
162082.913 DISPLAY_SCREEN[1] BLOCK.RECORDING_SEQUENCE.DISPLAY_SCREEN[1]
164582.936 TIMER[1] BLOCK.RECORDING_SEQUENCE.TIMER[1]
164583.102 SET_BUTTON_PRESS BLOCK.RECORDING_SEQUENCE.SET_BUTTON_PRESS
164583.262 ADD_TO_RESULTS_FILE[1] BLOCK.RECORDING_SEQUENCE.ADD_TO_RESULTS_FILE[1]
164583.321 SetValueAction 
164584.128 TRIAL_IMAGE BLOCK.RECORDING_SEQUENCE.TRIAL_IMAGE (BEGIN) 
164600.229 TRIAL_IMAGE BLOCK.RECORDING_SEQUENCE.TRIAL_IMAGE
165075.313 TIMER[2] BLOCK.RECORDING_SEQUENCE.TIMER[2]
165085.613 DISPLAY_SCREEN[1] BLOCK.RECORDING_SEQUENCE.DISPLAY_SCREEN[1] (BEGIN) 
165100.345 DISPLAY_SCREEN[1] BLOCK.RECORDING_SEQUENCE.DISPLAY_SCREEN[1]
167600.372 TIMER[1] BLOCK.RECORDING_SEQUENCE.TIMER[1]
167600.517 SET_BUTTON_PRESS BLOCK.RECORDING_SEQUENCE.SET_BUTTON_PRESS
167600.662 ADD_TO_RESULTS_FILE[1] BLOCK.RECORDING_SEQUENCE.ADD_TO_RESULTS_FILE[1]
167600.716 SetValueAction 
167601.602 TRIAL_IMAGE BLOCK.RECORDING_SEQUENCE.TRIAL_IMAGE (BEGIN) 
167617.634 TRIAL_IMAGE BLOCK.RECORDING_SEQUENCE.TRIAL_IMAGE
168092.693 TIMER[2] BLOCK.RECORDING_SEQUENCE.TIMER[2]
168102.613 DISPLAY_SCREEN[1] BLOCK.RECORDING_SEQUENCE.DISPLAY_SCREEN[1] (BEGIN) 
168117.767 DISPLAY_SCREEN[1] BLOCK.RECORDING_SEQUENCE.DISPLAY_SCREEN[1]
170617.779 TIMER[1] BLOCK.RECORDING_SEQUENCE.TIMER[1]
170617.918 SET_BUTTON_PRESS BLOCK.RECORDING_SEQUENCE.SET_BUTTON_PRESS
170618.061 ADD_TO_RESULTS_FILE[1] BLOCK.RECORDING_SEQUENCE.ADD_TO_RESULTS_FILE[1]
170618.114 SetValueAction 
170641.993 TRIAL_IMAGE BLOCK.RECORDING_SEQUENCE.TRIAL_IMAGE (BEGIN) 
170651.725 TRIAL_IMAGE BLOCK.RECORDING_SEQUENCE.TRIAL_IMAGE
171126.836 TIMER[2] BLOCK.RECORDING_SEQUENCE.TIMER[2]
171136.613 DISPLAY_SCREEN[1] BLOCK.RECORDING_SEQUENCE.DISPLAY_SCREEN[1] (BEGIN) 
171151.854 DISPLAY_SCREEN[1] BLOCK.RECORDING_SEQUENCE.DISPLAY_SCREEN[1]
173651.891 TIMER[1] BLOCK.RECORDING_SEQUENCE.TIMER[1]
173652.032 SET_BUTTON_PRESS BLOCK.RECORDING_SEQUENCE.SET_BUTTON_PRESS
173652.176 ADD_TO_RESULTS_FILE[1] BLOCK.RECORDING_SEQUENCE.ADD_TO_RESULTS_FILE[1]
173652.250 SetValueAction 
173660.843 TRIAL_IMAGE BLOCK.RECORDING_SEQUENCE.TRIAL_IMAGE (BEGIN) 
173669.149 TRIAL_IMAGE BLOCK.RECORDING_SEQUENCE.TRIAL_IMAGE
174144.235 TIMER[2] BLOCK.RECORDING_SEQUENCE.TIMER[2]
174154.613 DISPLAY_SCREEN[1] BLOCK.RECORDING_SEQUENCE.DISPLAY_SCREEN[1] (BEGIN) 
174169.292 DISPLAY_SCREEN[1] BLOCK.RECORDING_SEQUENCE.DISPLAY_SCREEN[1]
176669.323 TIMER[1] BLOCK.RECORDING_SEQUENCE.TIMER[1]
176669.464 SET_BUTTON_PRESS BLOCK.RECORDING_SEQUENCE.SET_BUTTON_PRESS
176669.607 ADD_TO_RESULTS_FILE[1] BLOCK.RECORDING_SEQUENCE.ADD_TO_RESULTS_FILE[1]
176669.659 SetValueAction 
176678.346 TRIAL_IMAGE BLOCK.RECORDING_SEQUENCE.TRIAL_IMAGE (BEGIN) 
176686.580 TRIAL_IMAGE BLOCK.RECORDING_SEQUENCE.TRIAL_IMAGE
177161.702 TIMER[2] BLOCK.RECORDING_SEQUENCE.TIMER[2]
177171.613 DISPLAY_SCREEN[1] BLOCK.RECORDING_SEQUENCE.DISPLAY_SCREEN[1] (BEGIN) 
177186.709 DISPLAY_SCREEN[1] BLOCK.RECORDING_SEQUENCE.DISPLAY_SCREEN[1]
179686.736 TIMER[1] BLOCK.RECORDING_SEQUENCE.TIMER[1]
179686.875 SET_BUTTON_PRESS BLOCK.RECORDING_SEQUENCE.SET_BUTTON_PRESS
179687.039 ADD_TO_RESULTS_FILE[1] BLOCK.RECORDING_SEQUENCE.ADD_TO_RESULTS_FILE[1]
179687.093 SetValueAction 
179696.508 TRIAL_IMAGE BLOCK.RECORDING_SEQUENCE.TRIAL_IMAGE (BEGIN) 
179704.002 TRIAL_IMAGE BLOCK.RECORDING_SEQUENCE.TRIAL_IMAGE
180179.142 TIMER[2] BLOCK.RECORDING_SEQUENCE.TIMER[2]
180189.616 DISPLAY_SCREEN[1] BLOCK.RECORDING_SEQUENCE.DISPLAY_SCREEN[1] (BEGIN) 
180204.133 DISPLAY_SCREEN[1] BLOCK.RECORDING_SEQUENCE.DISPLAY_SCREEN[1]
182704.154 TIMER[1] BLOCK.RECORDING_SEQUENCE.TIMER[1]
182704.303 SET_BUTTON_PRESS BLOCK.RECORDING_SEQUENCE.SET_BUTTON_PRESS
182704.446 ADD_TO_RESULTS_FILE[1] BLOCK.RECORDING_SEQUENCE.ADD_TO_RESULTS_FILE[1]
182704.499 SetValueAction 
182705.277 TRIAL_IMAGE BLOCK.RECORDING_SEQUENCE.TRIAL_IMAGE (BEGIN) 
182721.433 TRIAL_IMAGE BLOCK.RECORDING_SEQUENCE.TRIAL_IMAGE
183196.476 TIMER[2] BLOCK.RECORDING_SEQUENCE.TIMER[2]
183206.613 DISPLAY_SCREEN[1] BLOCK.RECORDING_SEQUENCE.DISPLAY_SCREEN[1] (BEGIN) 
183221.557 DISPLAY_SCREEN[1] BLOCK.RECORDING_SEQUENCE.DISPLAY_SCREEN[1]
185721.591 TIMER[1] BLOCK.RECORDING_SEQUENCE.TIMER[1]
185721.732 SET_BUTTON_PRESS BLOCK.RECORDING_SEQUENCE.SET_BUTTON_PRESS
185721.874 ADD_TO_RESULTS_FILE[1] BLOCK.RECORDING_SEQUENCE.ADD_TO_RESULTS_FILE[1]
185721.928 SetValueAction 
185722.635 TRIAL_IMAGE BLOCK.RECORDING_SEQUENCE.TRIAL_IMAGE (BEGIN) 
185738.854 TRIAL_IMAGE BLOCK.RECORDING_SEQUENCE.TRIAL_IMAGE
186213.914 TIMER[2] BLOCK.RECORDING_SEQUENCE.TIMER[2]
186223.613 DISPLAY_SCREEN[1] BLOCK.RECORDING_SEQUENCE.DISPLAY_SCREEN[1] (BEGIN) 
186238.990 DISPLAY_SCREEN[1] BLOCK.RECORDING_SEQUENCE.DISPLAY_SCREEN[1]
188739.014 TIMER[1] BLOCK.RECORDING_SEQUENCE.TIMER[1]
188739.185 SET_BUTTON_PRESS BLOCK.RECORDING_SEQUENCE.SET_BUTTON_PRESS
188739.329 ADD_TO_RESULTS_FILE[1] BLOCK.RECORDING_SEQUENCE.ADD_TO_RESULTS_FILE[1]
188739.381 SetValueAction 
188747.354 TRIAL_IMAGE BLOCK.RECORDING_SEQUENCE.TRIAL_IMAGE (BEGIN) 
188756.285 TRIAL_IMAGE BLOCK.RECORDING_SEQUENCE.TRIAL_IMAGE
189231.376 TIMER[2] BLOCK.RECORDING_SEQUENCE.TIMER[2]
189241.613 DISPLAY_SCREEN[1] BLOCK.RECORDING_SEQUENCE.DISPLAY_SCREEN[1] (BEGIN) 
189256.409 DISPLAY_SCREEN[1] BLOCK.RECORDING_SEQUENCE.DISPLAY_SCREEN[1]
191756.429 TIMER[1] BLOCK.RECORDING_SEQUENCE.TIMER[1]
191756.569 SET_BUTTON_PRESS BLOCK.RECORDING_SEQUENCE.SET_BUTTON_PRESS
191756.711 ADD_TO_RESULTS_FILE[1] BLOCK.RECORDING_SEQUENCE.ADD_TO_RESULTS_FILE[1]
191756.763 SetValueAction 
191764.718 TRIAL_IMAGE BLOCK.RECORDING_SEQUENCE.TRIAL_IMAGE (BEGIN) 
191773.710 TRIAL_IMAGE BLOCK.RECORDING_SEQUENCE.TRIAL_IMAGE
192248.818 TIMER[2] BLOCK.RECORDING_SEQUENCE.TIMER[2]
192258.613 DISPLAY_SCREEN[1] BLOCK.RECORDING_SEQUENCE.DISPLAY_SCREEN[1] (BEGIN) 
192273.839 DISPLAY_SCREEN[1] BLOCK.RECORDING_SEQUENCE.DISPLAY_SCREEN[1]
194773.843 TIMER[1] BLOCK.RECORDING_SEQUENCE.TIMER[1]
194773.982 SET_BUTTON_PRESS BLOCK.RECORDING_SEQUENCE.SET_BUTTON_PRESS
194774.155 ADD_TO_RESULTS_FILE[1] BLOCK.RECORDING_SEQUENCE.ADD_TO_RESULTS_FILE[1]
194774.207 SetValueAction 
194774.919 TRIAL_IMAGE BLOCK.RECORDING_SEQUENCE.TRIAL_IMAGE (BEGIN) 
194791.138 TRIAL_IMAGE BLOCK.RECORDING_SEQUENCE.TRIAL_IMAGE
195266.186 TIMER[2] BLOCK.RECORDING_SEQUENCE.TIMER[2]
195276.616 DISPLAY_SCREEN[1] BLOCK.RECORDING_SEQUENCE.DISPLAY_SCREEN[1] (BEGIN) 
195291.267 DISPLAY_SCREEN[1] BLOCK.RECORDING_SEQUENCE.DISPLAY_SCREEN[1]
197791.331 TIMER[1] BLOCK.RECORDING_SEQUENCE.TIMER[1]
197791.470 SET_BUTTON_PRESS BLOCK.RECORDING_SEQUENCE.SET_BUTTON_PRESS
197791.613 ADD_TO_RESULTS_FILE[1] BLOCK.RECORDING_SEQUENCE.ADD_TO_RESULTS_FILE[1]
197791.665 SetValueAction 
197799.966 TRIAL_IMAGE BLOCK.RECORDING_SEQUENCE.TRIAL_IMAGE (BEGIN) 
197808.558 TRIAL_IMAGE BLOCK.RECORDING_SEQUENCE.TRIAL_IMAGE
198283.617 TIMER[2] BLOCK.RECORDING_SEQUENCE.TIMER[2]
198293.613 DISPLAY_SCREEN[1] BLOCK.RECORDING_SEQUENCE.DISPLAY_SCREEN[1] (BEGIN) 
198308.693 DISPLAY_SCREEN[1] BLOCK.RECORDING_SEQUENCE.DISPLAY_SCREEN[1]
200808.762 TIMER[1] BLOCK.RECORDING_SEQUENCE.TIMER[1]
200808.901 SET_BUTTON_PRESS BLOCK.RECORDING_SEQUENCE.SET_BUTTON_PRESS
200809.045 ADD_TO_RESULTS_FILE[1] BLOCK.RECORDING_SEQUENCE.ADD_TO_RESULTS_FILE[1]
200809.119 SetValueAction 
200849.345 TRIAL_IMAGE BLOCK.RECORDING_SEQUENCE.TRIAL_IMAGE (BEGIN) 
200859.321 TRIAL_IMAGE BLOCK.RECORDING_SEQUENCE.TRIAL_IMAGE
201334.449 TIMER[2] BLOCK.RECORDING_SEQUENCE.TIMER[2]
201344.613 DISPLAY_SCREEN[1] BLOCK.RECORDING_SEQUENCE.DISPLAY_SCREEN[1] (BEGIN) 
201359.455 DISPLAY_SCREEN[1] BLOCK.RECORDING_SEQUENCE.DISPLAY_SCREEN[1]
203859.461 TIMER[1] BLOCK.RECORDING_SEQUENCE.TIMER[1]
203859.600 SET_BUTTON_PRESS BLOCK.RECORDING_SEQUENCE.SET_BUTTON_PRESS
203859.741 ADD_TO_RESULTS_FILE[1] BLOCK.RECORDING_SEQUENCE.ADD_TO_RESULTS_FILE[1]
203859.794 SetValueAction 
203883.231 TRIAL_IMAGE BLOCK.RECORDING_SEQUENCE.TRIAL_IMAGE (BEGIN) 
203893.424 TRIAL_IMAGE BLOCK.RECORDING_SEQUENCE.TRIAL_IMAGE
204368.503 TIMER[2] BLOCK.RECORDING_SEQUENCE.TIMER[2]
204378.613 DISPLAY_SCREEN[1] BLOCK.RECORDING_SEQUENCE.DISPLAY_SCREEN[1] (BEGIN) 
204393.559 DISPLAY_SCREEN[1] BLOCK.RECORDING_SEQUENCE.DISPLAY_SCREEN[1]
206893.580 TIMER[1] BLOCK.RECORDING_SEQUENCE.TIMER[1]
206893.719 SET_BUTTON_PRESS BLOCK.RECORDING_SEQUENCE.SET_BUTTON_PRESS
206893.861 ADD_TO_RESULTS_FILE[1] BLOCK.RECORDING_SEQUENCE.ADD_TO_RESULTS_FILE[1]
206893.914 SetValueAction 
206903.594 TRIAL_IMAGE BLOCK.RECORDING_SEQUENCE.TRIAL_IMAGE (BEGIN) 
206910.836 TRIAL_IMAGE BLOCK.RECORDING_SEQUENCE.TRIAL_IMAGE
207385.937 TIMER[2] BLOCK.RECORDING_SEQUENCE.TIMER[2]
207395.612 DISPLAY_SCREEN[1] BLOCK.RECORDING_SEQUENCE.DISPLAY_SCREEN[1] (BEGIN) 
207410.970 DISPLAY_SCREEN[1] BLOCK.RECORDING_SEQUENCE.DISPLAY_SCREEN[1]
209911.062 TIMER[1] BLOCK.RECORDING_SEQUENCE.TIMER[1]
209911.201 SET_BUTTON_PRESS BLOCK.RECORDING_SEQUENCE.SET_BUTTON_PRESS
209911.345 ADD_TO_RESULTS_FILE[1] BLOCK.RECORDING_SEQUENCE.ADD_TO_RESULTS_FILE[1]
209911.400 SetValueAction 
209921.452 TRIAL_IMAGE BLOCK.RECORDING_SEQUENCE.TRIAL_IMAGE (BEGIN) 
209928.267 TRIAL_IMAGE BLOCK.RECORDING_SEQUENCE.TRIAL_IMAGE
210403.329 TIMER[2] BLOCK.RECORDING_SEQUENCE.TIMER[2]
210413.614 DISPLAY_SCREEN[1] BLOCK.RECORDING_SEQUENCE.DISPLAY_SCREEN[1] (BEGIN) 
210428.396 DISPLAY_SCREEN[1] BLOCK.RECORDING_SEQUENCE.DISPLAY_SCREEN[1]
212928.419 TIMER[1] BLOCK.RECORDING_SEQUENCE.TIMER[1]
212928.558 SET_BUTTON_PRESS BLOCK.RECORDING_SEQUENCE.SET_BUTTON_PRESS
212928.701 ADD_TO_RESULTS_FILE[1] BLOCK.RECORDING_SEQUENCE.ADD_TO_RESULTS_FILE[1]
212928.754 SetValueAction 
212936.795 TRIAL_IMAGE BLOCK.RECORDING_SEQUENCE.TRIAL_IMAGE (BEGIN) 
212945.698 TRIAL_IMAGE BLOCK.RECORDING_SEQUENCE.TRIAL_IMAGE
213420.832 TIMER[2] BLOCK.RECORDING_SEQUENCE.TIMER[2]
213430.614 DISPLAY_SCREEN[1] BLOCK.RECORDING_SEQUENCE.DISPLAY_SCREEN[1] (BEGIN) 
213445.824 DISPLAY_SCREEN[1] BLOCK.RECORDING_SEQUENCE.DISPLAY_SCREEN[1]
215945.849 TIMER[1] BLOCK.RECORDING_SEQUENCE.TIMER[1]
215946.002 SET_BUTTON_PRESS BLOCK.RECORDING_SEQUENCE.SET_BUTTON_PRESS
215946.165 ADD_TO_RESULTS_FILE[1] BLOCK.RECORDING_SEQUENCE.ADD_TO_RESULTS_FILE[1]
215946.217 SetValueAction 
215946.924 TRIAL_IMAGE BLOCK.RECORDING_SEQUENCE.TRIAL_IMAGE (BEGIN) 
215963.127 TRIAL_IMAGE BLOCK.RECORDING_SEQUENCE.TRIAL_IMAGE
216438.237 TIMER[2] BLOCK.RECORDING_SEQUENCE.TIMER[2]
216448.613 DISPLAY_SCREEN[1] BLOCK.RECORDING_SEQUENCE.DISPLAY_SCREEN[1] (BEGIN) 
216463.246 DISPLAY_SCREEN[1] BLOCK.RECORDING_SEQUENCE.DISPLAY_SCREEN[1]
218963.269 TIMER[1] BLOCK.RECORDING_SEQUENCE.TIMER[1]
218963.410 SET_BUTTON_PRESS BLOCK.RECORDING_SEQUENCE.SET_BUTTON_PRESS
218963.555 ADD_TO_RESULTS_FILE[1] BLOCK.RECORDING_SEQUENCE.ADD_TO_RESULTS_FILE[1]
218963.608 SetValueAction 
218973.247 TRIAL_IMAGE BLOCK.RECORDING_SEQUENCE.TRIAL_IMAGE (BEGIN) 
218980.560 TRIAL_IMAGE BLOCK.RECORDING_SEQUENCE.TRIAL_IMAGE
219455.604 TIMER[2] BLOCK.RECORDING_SEQUENCE.TIMER[2]
219465.614 DISPLAY_SCREEN[1] BLOCK.RECORDING_SEQUENCE.DISPLAY_SCREEN[1] (BEGIN) 
219480.680 DISPLAY_SCREEN[1] BLOCK.RECORDING_SEQUENCE.DISPLAY_SCREEN[1]
221980.687 TIMER[1] BLOCK.RECORDING_SEQUENCE.TIMER[1]
221980.827 SET_BUTTON_PRESS BLOCK.RECORDING_SEQUENCE.SET_BUTTON_PRESS
221980.982 ADD_TO_RESULTS_FILE[1] BLOCK.RECORDING_SEQUENCE.ADD_TO_RESULTS_FILE[1]
221981.043 SetValueAction 
221981.771 TRIAL_IMAGE BLOCK.RECORDING_SEQUENCE.TRIAL_IMAGE (BEGIN) 
221997.994 TRIAL_IMAGE BLOCK.RECORDING_SEQUENCE.TRIAL_IMAGE
222473.148 TIMER[2] BLOCK.RECORDING_SEQUENCE.TIMER[2]
222483.613 DISPLAY_SCREEN[1] BLOCK.RECORDING_SEQUENCE.DISPLAY_SCREEN[1] (BEGIN) 
222498.100 DISPLAY_SCREEN[1] BLOCK.RECORDING_SEQUENCE.DISPLAY_SCREEN[1]
224998.130 TIMER[1] BLOCK.RECORDING_SEQUENCE.TIMER[1]
224998.271 SET_BUTTON_PRESS BLOCK.RECORDING_SEQUENCE.SET_BUTTON_PRESS
224998.414 ADD_TO_RESULTS_FILE[1] BLOCK.RECORDING_SEQUENCE.ADD_TO_RESULTS_FILE[1]
224998.466 SetValueAction 
225008.337 TRIAL_IMAGE BLOCK.RECORDING_SEQUENCE.TRIAL_IMAGE (BEGIN) 
225015.402 TRIAL_IMAGE BLOCK.RECORDING_SEQUENCE.TRIAL_IMAGE
225490.438 TIMER[2] BLOCK.RECORDING_SEQUENCE.TIMER[2]
225500.612 DISPLAY_SCREEN[1] BLOCK.RECORDING_SEQUENCE.DISPLAY_SCREEN[1] (BEGIN) 
225515.527 DISPLAY_SCREEN[1] BLOCK.RECORDING_SEQUENCE.DISPLAY_SCREEN[1]
228015.582 TIMER[1] BLOCK.RECORDING_SEQUENCE.TIMER[1]
228015.722 SET_BUTTON_PRESS BLOCK.RECORDING_SEQUENCE.SET_BUTTON_PRESS
228015.864 ADD_TO_RESULTS_FILE[1] BLOCK.RECORDING_SEQUENCE.ADD_TO_RESULTS_FILE[1]
228015.917 SetValueAction 
228016.705 TRIAL_IMAGE BLOCK.RECORDING_SEQUENCE.TRIAL_IMAGE (BEGIN) 
228032.832 TRIAL_IMAGE BLOCK.RECORDING_SEQUENCE.TRIAL_IMAGE
228507.910 TIMER[2] BLOCK.RECORDING_SEQUENCE.TIMER[2]
228517.615 DISPLAY_SCREEN[1] BLOCK.RECORDING_SEQUENCE.DISPLAY_SCREEN[1] (BEGIN) 
228532.973 DISPLAY_SCREEN[1] BLOCK.RECORDING_SEQUENCE.DISPLAY_SCREEN[1]
231032.976 TIMER[1] BLOCK.RECORDING_SEQUENCE.TIMER[1]
231033.116 SET_BUTTON_PRESS BLOCK.RECORDING_SEQUENCE.SET_BUTTON_PRESS
231033.259 ADD_TO_RESULTS_FILE[1] BLOCK.RECORDING_SEQUENCE.ADD_TO_RESULTS_FILE[1]
231033.312 SetValueAction 
231034.080 TRIAL_IMAGE BLOCK.RECORDING_SEQUENCE.TRIAL_IMAGE (BEGIN) 
231050.252 TRIAL_IMAGE BLOCK.RECORDING_SEQUENCE.TRIAL_IMAGE
231525.358 TIMER[2] BLOCK.RECORDING_SEQUENCE.TIMER[2]
231535.614 DISPLAY_SCREEN[1] BLOCK.RECORDING_SEQUENCE.DISPLAY_SCREEN[1] (BEGIN) 
231550.381 DISPLAY_SCREEN[1] BLOCK.RECORDING_SEQUENCE.DISPLAY_SCREEN[1]
234050.432 TIMER[1] BLOCK.RECORDING_SEQUENCE.TIMER[1]
234050.573 SET_BUTTON_PRESS BLOCK.RECORDING_SEQUENCE.SET_BUTTON_PRESS
234050.716 ADD_TO_RESULTS_FILE[1] BLOCK.RECORDING_SEQUENCE.ADD_TO_RESULTS_FILE[1]
234050.769 SetValueAction 
234051.530 TRIAL_IMAGE BLOCK.RECORDING_SEQUENCE.TRIAL_IMAGE (BEGIN) 
234067.686 TRIAL_IMAGE BLOCK.RECORDING_SEQUENCE.TRIAL_IMAGE
234542.788 TIMER[2] BLOCK.RECORDING_SEQUENCE.TIMER[2]
234552.613 DISPLAY_SCREEN[1] BLOCK.RECORDING_SEQUENCE.DISPLAY_SCREEN[1] (BEGIN) 
234567.810 DISPLAY_SCREEN[1] BLOCK.RECORDING_SEQUENCE.DISPLAY_SCREEN[1]
237067.871 TIMER[1] BLOCK.RECORDING_SEQUENCE.TIMER[1]
237068.039 SET_BUTTON_PRESS BLOCK.RECORDING_SEQUENCE.SET_BUTTON_PRESS
237068.182 ADD_TO_RESULTS_FILE[1] BLOCK.RECORDING_SEQUENCE.ADD_TO_RESULTS_FILE[1]
237068.235 SetValueAction 
237069.064 TRIAL_IMAGE BLOCK.RECORDING_SEQUENCE.TRIAL_IMAGE (BEGIN) 
237085.100 TRIAL_IMAGE BLOCK.RECORDING_SEQUENCE.TRIAL_IMAGE
237560.217 TIMER[2] BLOCK.RECORDING_SEQUENCE.TIMER[2]
237570.614 DISPLAY_SCREEN[1] BLOCK.RECORDING_SEQUENCE.DISPLAY_SCREEN[1] (BEGIN) 
237585.244 DISPLAY_SCREEN[1] BLOCK.RECORDING_SEQUENCE.DISPLAY_SCREEN[1]
240085.286 TIMER[1] BLOCK.RECORDING_SEQUENCE.TIMER[1]
240085.426 SET_BUTTON_PRESS BLOCK.RECORDING_SEQUENCE.SET_BUTTON_PRESS
240085.570 ADD_TO_RESULTS_FILE[1] BLOCK.RECORDING_SEQUENCE.ADD_TO_RESULTS_FILE[1]
240085.622 SetValueAction 
240086.372 TRIAL_IMAGE BLOCK.RECORDING_SEQUENCE.TRIAL_IMAGE (BEGIN) 
240102.532 TRIAL_IMAGE BLOCK.RECORDING_SEQUENCE.TRIAL_IMAGE
240577.673 TIMER[2] BLOCK.RECORDING_SEQUENCE.TIMER[2]
240587.613 DISPLAY_SCREEN[1] BLOCK.RECORDING_SEQUENCE.DISPLAY_SCREEN[1] (BEGIN) 
240602.676 DISPLAY_SCREEN[1] BLOCK.RECORDING_SEQUENCE.DISPLAY_SCREEN[1]
243102.724 TIMER[1] BLOCK.RECORDING_SEQUENCE.TIMER[1]
243102.864 SET_BUTTON_PRESS BLOCK.RECORDING_SEQUENCE.SET_BUTTON_PRESS
243103.027 ADD_TO_RESULTS_FILE[1] BLOCK.RECORDING_SEQUENCE.ADD_TO_RESULTS_FILE[1]
243103.079 SetValueAction 
243129.072 TRIAL_IMAGE BLOCK.RECORDING_SEQUENCE.TRIAL_IMAGE (BEGIN) 
243136.625 TRIAL_IMAGE BLOCK.RECORDING_SEQUENCE.TRIAL_IMAGE
243611.701 TIMER[2] BLOCK.RECORDING_SEQUENCE.TIMER[2]
243621.614 DISPLAY_SCREEN[1] BLOCK.RECORDING_SEQUENCE.DISPLAY_SCREEN[1] (BEGIN) 
243636.753 DISPLAY_SCREEN[1] BLOCK.RECORDING_SEQUENCE.DISPLAY_SCREEN[1]
246136.761 TIMER[1] BLOCK.RECORDING_SEQUENCE.TIMER[1]
246136.902 SET_BUTTON_PRESS BLOCK.RECORDING_SEQUENCE.SET_BUTTON_PRESS
246137.044 ADD_TO_RESULTS_FILE[1] BLOCK.RECORDING_SEQUENCE.ADD_TO_RESULTS_FILE[1]
246137.096 SetValueAction 
246146.483 TRIAL_IMAGE BLOCK.RECORDING_SEQUENCE.TRIAL_IMAGE (BEGIN) 
246154.049 TRIAL_IMAGE BLOCK.RECORDING_SEQUENCE.TRIAL_IMAGE
246629.121 TIMER[2] BLOCK.RECORDING_SEQUENCE.TIMER[2]
246639.613 DISPLAY_SCREEN[1] BLOCK.RECORDING_SEQUENCE.DISPLAY_SCREEN[1] (BEGIN) 
246654.172 DISPLAY_SCREEN[1] BLOCK.RECORDING_SEQUENCE.DISPLAY_SCREEN[1]
249154.208 TIMER[1] BLOCK.RECORDING_SEQUENCE.TIMER[1]
249154.348 SET_BUTTON_PRESS BLOCK.RECORDING_SEQUENCE.SET_BUTTON_PRESS
249154.492 ADD_TO_RESULTS_FILE[1] BLOCK.RECORDING_SEQUENCE.ADD_TO_RESULTS_FILE[1]
249154.544 SetValueAction 
249178.013 TRIAL_IMAGE BLOCK.RECORDING_SEQUENCE.TRIAL_IMAGE (BEGIN) 
249188.145 TRIAL_IMAGE BLOCK.RECORDING_SEQUENCE.TRIAL_IMAGE
249663.222 TIMER[2] BLOCK.RECORDING_SEQUENCE.TIMER[2]
249673.613 DISPLAY_SCREEN[1] BLOCK.RECORDING_SEQUENCE.DISPLAY_SCREEN[1] (BEGIN) 
249688.276 DISPLAY_SCREEN[1] BLOCK.RECORDING_SEQUENCE.DISPLAY_SCREEN[1]
252188.337 TIMER[1] BLOCK.RECORDING_SEQUENCE.TIMER[1]
252188.477 SET_BUTTON_PRESS BLOCK.RECORDING_SEQUENCE.SET_BUTTON_PRESS
252188.620 ADD_TO_RESULTS_FILE[1] BLOCK.RECORDING_SEQUENCE.ADD_TO_RESULTS_FILE[1]
252188.673 SetValueAction 
252198.069 TRIAL_IMAGE BLOCK.RECORDING_SEQUENCE.TRIAL_IMAGE (BEGIN) 
252205.565 TRIAL_IMAGE BLOCK.RECORDING_SEQUENCE.TRIAL_IMAGE
252680.659 TIMER[2] BLOCK.RECORDING_SEQUENCE.TIMER[2]
252690.613 DISPLAY_SCREEN[1] BLOCK.RECORDING_SEQUENCE.DISPLAY_SCREEN[1] (BEGIN) 
252705.707 DISPLAY_SCREEN[1] BLOCK.RECORDING_SEQUENCE.DISPLAY_SCREEN[1]
255205.710 TIMER[1] BLOCK.RECORDING_SEQUENCE.TIMER[1]
255205.874 SET_BUTTON_PRESS BLOCK.RECORDING_SEQUENCE.SET_BUTTON_PRESS
255206.018 ADD_TO_RESULTS_FILE[1] BLOCK.RECORDING_SEQUENCE.ADD_TO_RESULTS_FILE[1]
255206.070 SetValueAction 
255230.295 TRIAL_IMAGE BLOCK.RECORDING_SEQUENCE.TRIAL_IMAGE (BEGIN) 
255239.673 TRIAL_IMAGE BLOCK.RECORDING_SEQUENCE.TRIAL_IMAGE
255714.743 TIMER[2] BLOCK.RECORDING_SEQUENCE.TIMER[2]
255724.614 DISPLAY_SCREEN[1] BLOCK.RECORDING_SEQUENCE.DISPLAY_SCREEN[1] (BEGIN) 
255739.795 DISPLAY_SCREEN[1] BLOCK.RECORDING_SEQUENCE.DISPLAY_SCREEN[1]
258239.861 TIMER[1] BLOCK.RECORDING_SEQUENCE.TIMER[1]
258240.001 SET_BUTTON_PRESS BLOCK.RECORDING_SEQUENCE.SET_BUTTON_PRESS
258240.144 ADD_TO_RESULTS_FILE[1] BLOCK.RECORDING_SEQUENCE.ADD_TO_RESULTS_FILE[1]
258240.196 SetValueAction 
258240.931 TRIAL_IMAGE BLOCK.RECORDING_SEQUENCE.TRIAL_IMAGE (BEGIN) 
258257.091 TRIAL_IMAGE BLOCK.RECORDING_SEQUENCE.TRIAL_IMAGE
258732.211 TIMER[2] BLOCK.RECORDING_SEQUENCE.TIMER[2]
258742.613 DISPLAY_SCREEN[1] BLOCK.RECORDING_SEQUENCE.DISPLAY_SCREEN[1] (BEGIN) 
258757.216 DISPLAY_SCREEN[1] BLOCK.RECORDING_SEQUENCE.DISPLAY_SCREEN[1]
261257.268 TIMER[1] BLOCK.RECORDING_SEQUENCE.TIMER[1]
261257.408 SET_BUTTON_PRESS BLOCK.RECORDING_SEQUENCE.SET_BUTTON_PRESS
261257.551 ADD_TO_RESULTS_FILE[1] BLOCK.RECORDING_SEQUENCE.ADD_TO_RESULTS_FILE[1]
261257.603 SetValueAction 
261266.859 TRIAL_IMAGE BLOCK.RECORDING_SEQUENCE.TRIAL_IMAGE (BEGIN) 
261274.520 TRIAL_IMAGE BLOCK.RECORDING_SEQUENCE.TRIAL_IMAGE
261749.577 TIMER[2] BLOCK.RECORDING_SEQUENCE.TIMER[2]
261759.613 DISPLAY_SCREEN[1] BLOCK.RECORDING_SEQUENCE.DISPLAY_SCREEN[1] (BEGIN) 
261774.646 DISPLAY_SCREEN[1] BLOCK.RECORDING_SEQUENCE.DISPLAY_SCREEN[1]
264274.717 TIMER[1] BLOCK.RECORDING_SEQUENCE.TIMER[1]
264274.880 SET_BUTTON_PRESS BLOCK.RECORDING_SEQUENCE.SET_BUTTON_PRESS
264275.023 ADD_TO_RESULTS_FILE[1] BLOCK.RECORDING_SEQUENCE.ADD_TO_RESULTS_FILE[1]
264275.075 SetValueAction 
264285.194 TRIAL_IMAGE BLOCK.RECORDING_SEQUENCE.TRIAL_IMAGE (BEGIN) 
264291.942 TRIAL_IMAGE BLOCK.RECORDING_SEQUENCE.TRIAL_IMAGE
264767.025 TIMER[2] BLOCK.RECORDING_SEQUENCE.TIMER[2]
264777.614 DISPLAY_SCREEN[1] BLOCK.RECORDING_SEQUENCE.DISPLAY_SCREEN[1] (BEGIN) 
264792.069 DISPLAY_SCREEN[1] BLOCK.RECORDING_SEQUENCE.DISPLAY_SCREEN[1]
267292.134 TIMER[1] BLOCK.RECORDING_SEQUENCE.TIMER[1]
267292.273 SET_BUTTON_PRESS BLOCK.RECORDING_SEQUENCE.SET_BUTTON_PRESS
267292.416 ADD_TO_RESULTS_FILE[1] BLOCK.RECORDING_SEQUENCE.ADD_TO_RESULTS_FILE[1]
267292.469 SetValueAction 
267302.252 TRIAL_IMAGE BLOCK.RECORDING_SEQUENCE.TRIAL_IMAGE (BEGIN) 
267309.361 TRIAL_IMAGE BLOCK.RECORDING_SEQUENCE.TRIAL_IMAGE
267784.429 TIMER[2] BLOCK.RECORDING_SEQUENCE.TIMER[2]
267794.614 DISPLAY_SCREEN[1] BLOCK.RECORDING_SEQUENCE.DISPLAY_SCREEN[1] (BEGIN) 
267809.499 DISPLAY_SCREEN[1] BLOCK.RECORDING_SEQUENCE.DISPLAY_SCREEN[1]
270309.508 TIMER[1] BLOCK.RECORDING_SEQUENCE.TIMER[1]
270309.648 SET_BUTTON_PRESS BLOCK.RECORDING_SEQUENCE.SET_BUTTON_PRESS
270309.813 ADD_TO_RESULTS_FILE[1] BLOCK.RECORDING_SEQUENCE.ADD_TO_RESULTS_FILE[1]
270309.890 SetValueAction 
270319.207 TRIAL_IMAGE BLOCK.RECORDING_SEQUENCE.TRIAL_IMAGE (BEGIN) 
270326.790 TRIAL_IMAGE BLOCK.RECORDING_SEQUENCE.TRIAL_IMAGE
270801.885 TIMER[2] BLOCK.RECORDING_SEQUENCE.TIMER[2]
270811.619 DISPLAY_SCREEN[1] BLOCK.RECORDING_SEQUENCE.DISPLAY_SCREEN[1] (BEGIN) 
270826.924 DISPLAY_SCREEN[1] BLOCK.RECORDING_SEQUENCE.DISPLAY_SCREEN[1]
273326.995 TIMER[1] BLOCK.RECORDING_SEQUENCE.TIMER[1]
273327.174 SET_BUTTON_PRESS BLOCK.RECORDING_SEQUENCE.SET_BUTTON_PRESS
273327.319 ADD_TO_RESULTS_FILE[1] BLOCK.RECORDING_SEQUENCE.ADD_TO_RESULTS_FILE[1]
273327.371 SetValueAction 
273337.065 TRIAL_IMAGE BLOCK.RECORDING_SEQUENCE.TRIAL_IMAGE (BEGIN) 
273344.223 TRIAL_IMAGE BLOCK.RECORDING_SEQUENCE.TRIAL_IMAGE
273819.344 TIMER[2] BLOCK.RECORDING_SEQUENCE.TIMER[2]
273829.615 DISPLAY_SCREEN[1] BLOCK.RECORDING_SEQUENCE.DISPLAY_SCREEN[1] (BEGIN) 
273844.353 DISPLAY_SCREEN[1] BLOCK.RECORDING_SEQUENCE.DISPLAY_SCREEN[1]
276344.412 TIMER[1] BLOCK.RECORDING_SEQUENCE.TIMER[1]
276344.572 SET_BUTTON_PRESS BLOCK.RECORDING_SEQUENCE.SET_BUTTON_PRESS
276344.728 ADD_TO_RESULTS_FILE[1] BLOCK.RECORDING_SEQUENCE.ADD_TO_RESULTS_FILE[1]
276344.791 SetValueAction 
276345.500 TRIAL_IMAGE BLOCK.RECORDING_SEQUENCE.TRIAL_IMAGE (BEGIN) 
276361.645 TRIAL_IMAGE BLOCK.RECORDING_SEQUENCE.TRIAL_IMAGE
276836.731 TIMER[2] BLOCK.RECORDING_SEQUENCE.TIMER[2]
276846.614 DISPLAY_SCREEN[1] BLOCK.RECORDING_SEQUENCE.DISPLAY_SCREEN[1] (BEGIN) 
276861.778 DISPLAY_SCREEN[1] BLOCK.RECORDING_SEQUENCE.DISPLAY_SCREEN[1]
279361.839 TIMER[1] BLOCK.RECORDING_SEQUENCE.TIMER[1]
279361.979 SET_BUTTON_PRESS BLOCK.RECORDING_SEQUENCE.SET_BUTTON_PRESS
279362.122 ADD_TO_RESULTS_FILE[1] BLOCK.RECORDING_SEQUENCE.ADD_TO_RESULTS_FILE[1]
279362.174 SetValueAction 
279362.927 TRIAL_IMAGE BLOCK.RECORDING_SEQUENCE.TRIAL_IMAGE (BEGIN) 
279379.070 TRIAL_IMAGE BLOCK.RECORDING_SEQUENCE.TRIAL_IMAGE
279854.153 TIMER[2] BLOCK.RECORDING_SEQUENCE.TIMER[2]
279864.613 DISPLAY_SCREEN[1] BLOCK.RECORDING_SEQUENCE.DISPLAY_SCREEN[1] (BEGIN) 
279879.203 DISPLAY_SCREEN[1] BLOCK.RECORDING_SEQUENCE.DISPLAY_SCREEN[1]
282379.237 TIMER[1] BLOCK.RECORDING_SEQUENCE.TIMER[1]
282379.377 SET_BUTTON_PRESS BLOCK.RECORDING_SEQUENCE.SET_BUTTON_PRESS
282379.521 ADD_TO_RESULTS_FILE[1] BLOCK.RECORDING_SEQUENCE.ADD_TO_RESULTS_FILE[1]
282379.576 SetValueAction 
282389.338 TRIAL_IMAGE BLOCK.RECORDING_SEQUENCE.TRIAL_IMAGE (BEGIN) 
282396.487 TRIAL_IMAGE BLOCK.RECORDING_SEQUENCE.TRIAL_IMAGE
282871.586 TIMER[2] BLOCK.RECORDING_SEQUENCE.TIMER[2]
282881.613 DISPLAY_SCREEN[1] BLOCK.RECORDING_SEQUENCE.DISPLAY_SCREEN[1] (BEGIN) 
282896.632 DISPLAY_SCREEN[1] BLOCK.RECORDING_SEQUENCE.DISPLAY_SCREEN[1]
285396.712 TIMER[1] BLOCK.RECORDING_SEQUENCE.TIMER[1]
285396.886 SET_BUTTON_PRESS BLOCK.RECORDING_SEQUENCE.SET_BUTTON_PRESS
285397.030 ADD_TO_RESULTS_FILE[1] BLOCK.RECORDING_SEQUENCE.ADD_TO_RESULTS_FILE[1]
285397.084 SetValueAction 
285397.849 TRIAL_IMAGE BLOCK.RECORDING_SEQUENCE.TRIAL_IMAGE (BEGIN) 
285413.921 TRIAL_IMAGE BLOCK.RECORDING_SEQUENCE.TRIAL_IMAGE
285889.030 TIMER[2] BLOCK.RECORDING_SEQUENCE.TIMER[2]
285899.613 DISPLAY_SCREEN[1] BLOCK.RECORDING_SEQUENCE.DISPLAY_SCREEN[1] (BEGIN) 
285914.055 DISPLAY_SCREEN[1] BLOCK.RECORDING_SEQUENCE.DISPLAY_SCREEN[1]
288414.109 TIMER[1] BLOCK.RECORDING_SEQUENCE.TIMER[1]
288414.272 SET_BUTTON_PRESS BLOCK.RECORDING_SEQUENCE.SET_BUTTON_PRESS
288414.418 ADD_TO_RESULTS_FILE[1] BLOCK.RECORDING_SEQUENCE.ADD_TO_RESULTS_FILE[1]
288414.472 SetValueAction 
288422.459 TRIAL_IMAGE BLOCK.RECORDING_SEQUENCE.TRIAL_IMAGE (BEGIN) 
288431.348 TRIAL_IMAGE BLOCK.RECORDING_SEQUENCE.TRIAL_IMAGE
288906.415 TIMER[2] BLOCK.RECORDING_SEQUENCE.TIMER[2]
288916.613 DISPLAY_SCREEN[1] BLOCK.RECORDING_SEQUENCE.DISPLAY_SCREEN[1] (BEGIN) 
288931.469 DISPLAY_SCREEN[1] BLOCK.RECORDING_SEQUENCE.DISPLAY_SCREEN[1]
291431.501 TIMER[1] BLOCK.RECORDING_SEQUENCE.TIMER[1]
291431.641 SET_BUTTON_PRESS BLOCK.RECORDING_SEQUENCE.SET_BUTTON_PRESS
291431.806 ADD_TO_RESULTS_FILE[1] BLOCK.RECORDING_SEQUENCE.ADD_TO_RESULTS_FILE[1]
291431.860 SetValueAction 
291441.754 TRIAL_IMAGE BLOCK.RECORDING_SEQUENCE.TRIAL_IMAGE (BEGIN) 
291448.774 TRIAL_IMAGE BLOCK.RECORDING_SEQUENCE.TRIAL_IMAGE
291923.830 TIMER[2] BLOCK.RECORDING_SEQUENCE.TIMER[2]
291933.614 DISPLAY_SCREEN[1] BLOCK.RECORDING_SEQUENCE.DISPLAY_SCREEN[1] (BEGIN) 
291948.903 DISPLAY_SCREEN[1] BLOCK.RECORDING_SEQUENCE.DISPLAY_SCREEN[1]
294448.951 TIMER[1] BLOCK.RECORDING_SEQUENCE.TIMER[1]
294449.092 SET_BUTTON_PRESS BLOCK.RECORDING_SEQUENCE.SET_BUTTON_PRESS
294449.238 ADD_TO_RESULTS_FILE[1] BLOCK.RECORDING_SEQUENCE.ADD_TO_RESULTS_FILE[1]
294449.292 SetValueAction 
294450.107 TRIAL_IMAGE BLOCK.RECORDING_SEQUENCE.TRIAL_IMAGE (BEGIN) 
294466.203 TRIAL_IMAGE BLOCK.RECORDING_SEQUENCE.TRIAL_IMAGE
294941.320 TIMER[2] BLOCK.RECORDING_SEQUENCE.TIMER[2]
294951.613 DISPLAY_SCREEN[1] BLOCK.RECORDING_SEQUENCE.DISPLAY_SCREEN[1] (BEGIN) 
294966.320 DISPLAY_SCREEN[1] BLOCK.RECORDING_SEQUENCE.DISPLAY_SCREEN[1]
297466.390 TIMER[1] BLOCK.RECORDING_SEQUENCE.TIMER[1]
297466.529 SET_BUTTON_PRESS BLOCK.RECORDING_SEQUENCE.SET_BUTTON_PRESS
297466.702 ADD_TO_RESULTS_FILE[1] BLOCK.RECORDING_SEQUENCE.ADD_TO_RESULTS_FILE[1]
297466.755 SetValueAction 
297476.281 TRIAL_IMAGE BLOCK.RECORDING_SEQUENCE.TRIAL_IMAGE (BEGIN) 
297483.614 TRIAL_IMAGE BLOCK.RECORDING_SEQUENCE.TRIAL_IMAGE
297958.708 TIMER[2] BLOCK.RECORDING_SEQUENCE.TIMER[2]
297968.614 DISPLAY_SCREEN[1] BLOCK.RECORDING_SEQUENCE.DISPLAY_SCREEN[1] (BEGIN) 
297983.750 DISPLAY_SCREEN[1] BLOCK.RECORDING_SEQUENCE.DISPLAY_SCREEN[1]
300483.821 TIMER[1] BLOCK.RECORDING_SEQUENCE.TIMER[1]
300483.960 SET_BUTTON_PRESS BLOCK.RECORDING_SEQUENCE.SET_BUTTON_PRESS
300484.104 ADD_TO_RESULTS_FILE[1] BLOCK.RECORDING_SEQUENCE.ADD_TO_RESULTS_FILE[1]
300484.157 SetValueAction 
300484.907 TRIAL_IMAGE BLOCK.RECORDING_SEQUENCE.TRIAL_IMAGE (BEGIN) 
300501.052 TRIAL_IMAGE BLOCK.RECORDING_SEQUENCE.TRIAL_IMAGE
300976.138 TIMER[2] BLOCK.RECORDING_SEQUENCE.TIMER[2]
300986.630 DISPLAY_SCREEN[1] BLOCK.RECORDING_SEQUENCE.DISPLAY_SCREEN[1] (BEGIN) 
301001.184 DISPLAY_SCREEN[1] BLOCK.RECORDING_SEQUENCE.DISPLAY_SCREEN[1]
303501.214 TIMER[1] BLOCK.RECORDING_SEQUENCE.TIMER[1]
303501.354 SET_BUTTON_PRESS BLOCK.RECORDING_SEQUENCE.SET_BUTTON_PRESS
303501.499 ADD_TO_RESULTS_FILE[1] BLOCK.RECORDING_SEQUENCE.ADD_TO_RESULTS_FILE[1]
303501.551 SetValueAction 
303531.959 TRIAL_IMAGE BLOCK.RECORDING_SEQUENCE.TRIAL_IMAGE (BEGIN) 
303535.133 TRIAL_IMAGE BLOCK.RECORDING_SEQUENCE.TRIAL_IMAGE
304010.203 TIMER[2] BLOCK.RECORDING_SEQUENCE.TIMER[2]
304020.623 DISPLAY_SCREEN[1] BLOCK.RECORDING_SEQUENCE.DISPLAY_SCREEN[1] (BEGIN) 
304035.265 DISPLAY_SCREEN[1] BLOCK.RECORDING_SEQUENCE.DISPLAY_SCREEN[1]
306535.307 TIMER[1] BLOCK.RECORDING_SEQUENCE.TIMER[1]
306535.447 SET_BUTTON_PRESS BLOCK.RECORDING_SEQUENCE.SET_BUTTON_PRESS
306535.610 ADD_TO_RESULTS_FILE[1] BLOCK.RECORDING_SEQUENCE.ADD_TO_RESULTS_FILE[1]
306535.662 SetValueAction 
306536.416 TRIAL_IMAGE BLOCK.RECORDING_SEQUENCE.TRIAL_IMAGE (BEGIN) 
306552.575 TRIAL_IMAGE BLOCK.RECORDING_SEQUENCE.TRIAL_IMAGE
307027.719 TIMER[2] BLOCK.RECORDING_SEQUENCE.TIMER[2]
307037.613 DISPLAY_SCREEN[1] BLOCK.RECORDING_SEQUENCE.DISPLAY_SCREEN[1] (BEGIN) 
307052.692 DISPLAY_SCREEN[1] BLOCK.RECORDING_SEQUENCE.DISPLAY_SCREEN[1]
309552.718 TIMER[1] BLOCK.RECORDING_SEQUENCE.TIMER[1]
309552.910 SET_BUTTON_PRESS BLOCK.RECORDING_SEQUENCE.SET_BUTTON_PRESS
309553.053 ADD_TO_RESULTS_FILE[1] BLOCK.RECORDING_SEQUENCE.ADD_TO_RESULTS_FILE[1]
309553.106 SetValueAction 
309553.884 TRIAL_IMAGE BLOCK.RECORDING_SEQUENCE.TRIAL_IMAGE (BEGIN) 
309570.006 TRIAL_IMAGE BLOCK.RECORDING_SEQUENCE.TRIAL_IMAGE
310045.099 TIMER[2] BLOCK.RECORDING_SEQUENCE.TIMER[2]
310055.613 DISPLAY_SCREEN[1] BLOCK.RECORDING_SEQUENCE.DISPLAY_SCREEN[1] (BEGIN) 
310070.129 DISPLAY_SCREEN[1] BLOCK.RECORDING_SEQUENCE.DISPLAY_SCREEN[1]
312570.148 TIMER[1] BLOCK.RECORDING_SEQUENCE.TIMER[1]
312570.315 SET_BUTTON_PRESS BLOCK.RECORDING_SEQUENCE.SET_BUTTON_PRESS
312570.480 ADD_TO_RESULTS_FILE[1] BLOCK.RECORDING_SEQUENCE.ADD_TO_RESULTS_FILE[1]
312570.545 SetValueAction 
312571.278 TRIAL_IMAGE BLOCK.RECORDING_SEQUENCE.TRIAL_IMAGE (BEGIN) 
312587.422 TRIAL_IMAGE BLOCK.RECORDING_SEQUENCE.TRIAL_IMAGE
313062.583 TIMER[2] BLOCK.RECORDING_SEQUENCE.TIMER[2]
313072.613 DISPLAY_SCREEN[1] BLOCK.RECORDING_SEQUENCE.DISPLAY_SCREEN[1] (BEGIN) 
313087.544 DISPLAY_SCREEN[1] BLOCK.RECORDING_SEQUENCE.DISPLAY_SCREEN[1]
315587.624 TIMER[1] BLOCK.RECORDING_SEQUENCE.TIMER[1]
315587.785 SET_BUTTON_PRESS BLOCK.RECORDING_SEQUENCE.SET_BUTTON_PRESS
315587.929 ADD_TO_RESULTS_FILE[1] BLOCK.RECORDING_SEQUENCE.ADD_TO_RESULTS_FILE[1]
315587.981 SetValueAction 
315597.425 TRIAL_IMAGE BLOCK.RECORDING_SEQUENCE.TRIAL_IMAGE (BEGIN) 
315604.846 TRIAL_IMAGE BLOCK.RECORDING_SEQUENCE.TRIAL_IMAGE
316079.920 TIMER[2] BLOCK.RECORDING_SEQUENCE.TIMER[2]
316089.612 DISPLAY_SCREEN[1] BLOCK.RECORDING_SEQUENCE.DISPLAY_SCREEN[1] (BEGIN) 
316104.972 DISPLAY_SCREEN[1] BLOCK.RECORDING_SEQUENCE.DISPLAY_SCREEN[1]
318605.038 TIMER[1] BLOCK.RECORDING_SEQUENCE.TIMER[1]
318605.185 SET_BUTTON_PRESS BLOCK.RECORDING_SEQUENCE.SET_BUTTON_PRESS
318605.335 ADD_TO_RESULTS_FILE[1] BLOCK.RECORDING_SEQUENCE.ADD_TO_RESULTS_FILE[1]
318605.390 SetValueAction 
318613.079 TRIAL_IMAGE BLOCK.RECORDING_SEQUENCE.TRIAL_IMAGE (BEGIN) 
318622.294 TRIAL_IMAGE BLOCK.RECORDING_SEQUENCE.TRIAL_IMAGE
319097.354 TIMER[2] BLOCK.RECORDING_SEQUENCE.TIMER[2]
319107.613 DISPLAY_SCREEN[1] BLOCK.RECORDING_SEQUENCE.DISPLAY_SCREEN[1] (BEGIN) 
319122.397 DISPLAY_SCREEN[1] BLOCK.RECORDING_SEQUENCE.DISPLAY_SCREEN[1]
321622.470 TIMER[1] BLOCK.RECORDING_SEQUENCE.TIMER[1]
321622.610 SET_BUTTON_PRESS BLOCK.RECORDING_SEQUENCE.SET_BUTTON_PRESS
321622.752 ADD_TO_RESULTS_FILE[1] BLOCK.RECORDING_SEQUENCE.ADD_TO_RESULTS_FILE[1]
321622.804 SetValueAction 
321631.392 TRIAL_IMAGE BLOCK.RECORDING_SEQUENCE.TRIAL_IMAGE (BEGIN) 
321639.687 TRIAL_IMAGE BLOCK.RECORDING_SEQUENCE.TRIAL_IMAGE
322114.805 TIMER[2] BLOCK.RECORDING_SEQUENCE.TIMER[2]
322124.612 DISPLAY_SCREEN[1] BLOCK.RECORDING_SEQUENCE.DISPLAY_SCREEN[1] (BEGIN) 
322139.823 DISPLAY_SCREEN[1] BLOCK.RECORDING_SEQUENCE.DISPLAY_SCREEN[1]
324639.836 TIMER[1] BLOCK.RECORDING_SEQUENCE.TIMER[1]
324639.976 SET_BUTTON_PRESS BLOCK.RECORDING_SEQUENCE.SET_BUTTON_PRESS
324640.119 ADD_TO_RESULTS_FILE[1] BLOCK.RECORDING_SEQUENCE.ADD_TO_RESULTS_FILE[1]
324640.171 SetValueAction 
324640.920 TRIAL_IMAGE BLOCK.RECORDING_SEQUENCE.TRIAL_IMAGE (BEGIN) 
324657.122 TRIAL_IMAGE BLOCK.RECORDING_SEQUENCE.TRIAL_IMAGE
325132.251 TIMER[2] BLOCK.RECORDING_SEQUENCE.TIMER[2]
325142.614 DISPLAY_SCREEN[1] BLOCK.RECORDING_SEQUENCE.DISPLAY_SCREEN[1] (BEGIN) 
325157.249 DISPLAY_SCREEN[1] BLOCK.RECORDING_SEQUENCE.DISPLAY_SCREEN[1]
327657.298 TIMER[1] BLOCK.RECORDING_SEQUENCE.TIMER[1]
327657.439 SET_BUTTON_PRESS BLOCK.RECORDING_SEQUENCE.SET_BUTTON_PRESS
327657.604 ADD_TO_RESULTS_FILE[1] BLOCK.RECORDING_SEQUENCE.ADD_TO_RESULTS_FILE[1]
327657.657 SetValueAction 
327658.379 TRIAL_IMAGE BLOCK.RECORDING_SEQUENCE.TRIAL_IMAGE (BEGIN) 
327674.553 TRIAL_IMAGE BLOCK.RECORDING_SEQUENCE.TRIAL_IMAGE
328149.610 TIMER[2] BLOCK.RECORDING_SEQUENCE.TIMER[2]
328159.614 DISPLAY_SCREEN[1] BLOCK.RECORDING_SEQUENCE.DISPLAY_SCREEN[1] (BEGIN) 
328174.678 DISPLAY_SCREEN[1] BLOCK.RECORDING_SEQUENCE.DISPLAY_SCREEN[1]
330674.685 TIMER[1] BLOCK.RECORDING_SEQUENCE.TIMER[1]
330674.825 SET_BUTTON_PRESS BLOCK.RECORDING_SEQUENCE.SET_BUTTON_PRESS
330674.969 ADD_TO_RESULTS_FILE[1] BLOCK.RECORDING_SEQUENCE.ADD_TO_RESULTS_FILE[1]
330675.021 SetValueAction 
330675.810 TRIAL_IMAGE BLOCK.RECORDING_SEQUENCE.TRIAL_IMAGE (BEGIN) 
330691.983 TRIAL_IMAGE BLOCK.RECORDING_SEQUENCE.TRIAL_IMAGE
331167.089 TIMER[2] BLOCK.RECORDING_SEQUENCE.TIMER[2]
331177.613 DISPLAY_SCREEN[1] BLOCK.RECORDING_SEQUENCE.DISPLAY_SCREEN[1] (BEGIN) 
331192.097 DISPLAY_SCREEN[1] BLOCK.RECORDING_SEQUENCE.DISPLAY_SCREEN[1]
333692.102 TIMER[1] BLOCK.RECORDING_SEQUENCE.TIMER[1]
333692.242 SET_BUTTON_PRESS BLOCK.RECORDING_SEQUENCE.SET_BUTTON_PRESS
333692.387 ADD_TO_RESULTS_FILE[1] BLOCK.RECORDING_SEQUENCE.ADD_TO_RESULTS_FILE[1]
333692.439 SetValueAction 
333702.121 TRIAL_IMAGE BLOCK.RECORDING_SEQUENCE.TRIAL_IMAGE (BEGIN) 
333709.393 TRIAL_IMAGE BLOCK.RECORDING_SEQUENCE.TRIAL_IMAGE
334184.513 TIMER[2] BLOCK.RECORDING_SEQUENCE.TIMER[2]
334194.613 DISPLAY_SCREEN[1] BLOCK.RECORDING_SEQUENCE.DISPLAY_SCREEN[1] (BEGIN) 
334209.529 DISPLAY_SCREEN[1] BLOCK.RECORDING_SEQUENCE.DISPLAY_SCREEN[1]
336709.595 TIMER[1] BLOCK.RECORDING_SEQUENCE.TIMER[1]
336709.756 SET_BUTTON_PRESS BLOCK.RECORDING_SEQUENCE.SET_BUTTON_PRESS
336709.900 ADD_TO_RESULTS_FILE[1] BLOCK.RECORDING_SEQUENCE.ADD_TO_RESULTS_FILE[1]
336709.952 SetValueAction 
336710.689 TRIAL_IMAGE BLOCK.RECORDING_SEQUENCE.TRIAL_IMAGE (BEGIN) 
336726.819 TRIAL_IMAGE BLOCK.RECORDING_SEQUENCE.TRIAL_IMAGE
337201.940 TIMER[2] BLOCK.RECORDING_SEQUENCE.TIMER[2]
337211.619 DISPLAY_SCREEN[1] BLOCK.RECORDING_SEQUENCE.DISPLAY_SCREEN[1] (BEGIN) 
337226.955 DISPLAY_SCREEN[1] BLOCK.RECORDING_SEQUENCE.DISPLAY_SCREEN[1]
339726.956 TIMER[1] BLOCK.RECORDING_SEQUENCE.TIMER[1]
339727.118 SET_BUTTON_PRESS BLOCK.RECORDING_SEQUENCE.SET_BUTTON_PRESS
339727.260 ADD_TO_RESULTS_FILE[1] BLOCK.RECORDING_SEQUENCE.ADD_TO_RESULTS_FILE[1]
339727.312 SetValueAction 
339728.056 TRIAL_IMAGE BLOCK.RECORDING_SEQUENCE.TRIAL_IMAGE (BEGIN) 
339744.257 TRIAL_IMAGE BLOCK.RECORDING_SEQUENCE.TRIAL_IMAGE
340219.346 TIMER[2] BLOCK.RECORDING_SEQUENCE.TIMER[2]
340229.614 DISPLAY_SCREEN[1] BLOCK.RECORDING_SEQUENCE.DISPLAY_SCREEN[1] (BEGIN) 
340244.386 DISPLAY_SCREEN[1] BLOCK.RECORDING_SEQUENCE.DISPLAY_SCREEN[1]
342744.423 TIMER[1] BLOCK.RECORDING_SEQUENCE.TIMER[1]
342744.639 SET_BUTTON_PRESS BLOCK.RECORDING_SEQUENCE.SET_BUTTON_PRESS
342744.787 ADD_TO_RESULTS_FILE[1] BLOCK.RECORDING_SEQUENCE.ADD_TO_RESULTS_FILE[1]
342744.850 SetValueAction 
342745.676 TRIAL_IMAGE BLOCK.RECORDING_SEQUENCE.TRIAL_IMAGE (BEGIN) 
342761.672 TRIAL_IMAGE BLOCK.RECORDING_SEQUENCE.TRIAL_IMAGE
343236.736 TIMER[2] BLOCK.RECORDING_SEQUENCE.TIMER[2]
343246.614 DISPLAY_SCREEN[1] BLOCK.RECORDING_SEQUENCE.DISPLAY_SCREEN[1] (BEGIN) 
343261.794 DISPLAY_SCREEN[1] BLOCK.RECORDING_SEQUENCE.DISPLAY_SCREEN[1]
345761.827 TIMER[1] BLOCK.RECORDING_SEQUENCE.TIMER[1]
345761.969 SET_BUTTON_PRESS BLOCK.RECORDING_SEQUENCE.SET_BUTTON_PRESS
345762.113 ADD_TO_RESULTS_FILE[1] BLOCK.RECORDING_SEQUENCE.ADD_TO_RESULTS_FILE[1]
345762.166 SetValueAction 
345762.979 TRIAL_IMAGE BLOCK.RECORDING_SEQUENCE.TRIAL_IMAGE (BEGIN) 
345779.108 TRIAL_IMAGE BLOCK.RECORDING_SEQUENCE.TRIAL_IMAGE
346254.175 TIMER[2] BLOCK.RECORDING_SEQUENCE.TIMER[2]
346264.614 DISPLAY_SCREEN[1] BLOCK.RECORDING_SEQUENCE.DISPLAY_SCREEN[1] (BEGIN) 
346279.236 DISPLAY_SCREEN[1] BLOCK.RECORDING_SEQUENCE.DISPLAY_SCREEN[1]
348779.240 TIMER[1] BLOCK.RECORDING_SEQUENCE.TIMER[1]
348779.380 SET_BUTTON_PRESS BLOCK.RECORDING_SEQUENCE.SET_BUTTON_PRESS
348779.544 ADD_TO_RESULTS_FILE[1] BLOCK.RECORDING_SEQUENCE.ADD_TO_RESULTS_FILE[1]
348779.596 SetValueAction 
348780.301 TRIAL_IMAGE BLOCK.RECORDING_SEQUENCE.TRIAL_IMAGE (BEGIN) 
348796.533 TRIAL_IMAGE BLOCK.RECORDING_SEQUENCE.TRIAL_IMAGE
349271.625 TIMER[2] BLOCK.RECORDING_SEQUENCE.TIMER[2]
349281.614 DISPLAY_SCREEN[1] BLOCK.RECORDING_SEQUENCE.DISPLAY_SCREEN[1] (BEGIN) 
349296.651 DISPLAY_SCREEN[1] BLOCK.RECORDING_SEQUENCE.DISPLAY_SCREEN[1]
351796.659 TIMER[1] BLOCK.RECORDING_SEQUENCE.TIMER[1]
351796.799 SET_BUTTON_PRESS BLOCK.RECORDING_SEQUENCE.SET_BUTTON_PRESS
351796.942 ADD_TO_RESULTS_FILE[1] BLOCK.RECORDING_SEQUENCE.ADD_TO_RESULTS_FILE[1]
351796.995 SetValueAction 
351797.722 TRIAL_IMAGE BLOCK.RECORDING_SEQUENCE.TRIAL_IMAGE (BEGIN) 
351813.955 TRIAL_IMAGE BLOCK.RECORDING_SEQUENCE.TRIAL_IMAGE
352289.033 TIMER[2] BLOCK.RECORDING_SEQUENCE.TIMER[2]
352299.613 DISPLAY_SCREEN[1] BLOCK.RECORDING_SEQUENCE.DISPLAY_SCREEN[1] (BEGIN) 
352314.084 DISPLAY_SCREEN[1] BLOCK.RECORDING_SEQUENCE.DISPLAY_SCREEN[1]
354814.083 TIMER[1] BLOCK.RECORDING_SEQUENCE.TIMER[1]
354814.223 SET_BUTTON_PRESS BLOCK.RECORDING_SEQUENCE.SET_BUTTON_PRESS
354814.367 ADD_TO_RESULTS_FILE[1] BLOCK.RECORDING_SEQUENCE.ADD_TO_RESULTS_FILE[1]
354814.420 SetValueAction 
354838.988 TRIAL_IMAGE BLOCK.RECORDING_SEQUENCE.TRIAL_IMAGE (BEGIN) 
354848.040 TRIAL_IMAGE BLOCK.RECORDING_SEQUENCE.TRIAL_IMAGE
355323.156 TIMER[2] BLOCK.RECORDING_SEQUENCE.TIMER[2]
355333.613 DISPLAY_SCREEN[1] BLOCK.RECORDING_SEQUENCE.DISPLAY_SCREEN[1] (BEGIN) 
355348.171 DISPLAY_SCREEN[1] BLOCK.RECORDING_SEQUENCE.DISPLAY_SCREEN[1]
357848.239 TIMER[1] BLOCK.RECORDING_SEQUENCE.TIMER[1]
357848.436 SET_BUTTON_PRESS BLOCK.RECORDING_SEQUENCE.SET_BUTTON_PRESS
357848.580 ADD_TO_RESULTS_FILE[1] BLOCK.RECORDING_SEQUENCE.ADD_TO_RESULTS_FILE[1]
357848.633 SetValueAction 
357849.420 TRIAL_IMAGE BLOCK.RECORDING_SEQUENCE.TRIAL_IMAGE (BEGIN) 
357865.472 TRIAL_IMAGE BLOCK.RECORDING_SEQUENCE.TRIAL_IMAGE
358340.516 TIMER[2] BLOCK.RECORDING_SEQUENCE.TIMER[2]
358350.613 DISPLAY_SCREEN[1] BLOCK.RECORDING_SEQUENCE.DISPLAY_SCREEN[1] (BEGIN) 
358365.604 DISPLAY_SCREEN[1] BLOCK.RECORDING_SEQUENCE.DISPLAY_SCREEN[1]
360865.667 TIMER[1] BLOCK.RECORDING_SEQUENCE.TIMER[1]
360865.828 SET_BUTTON_PRESS BLOCK.RECORDING_SEQUENCE.SET_BUTTON_PRESS
360865.971 ADD_TO_RESULTS_FILE[1] BLOCK.RECORDING_SEQUENCE.ADD_TO_RESULTS_FILE[1]
360866.024 SetValueAction 
360876.343 TRIAL_IMAGE BLOCK.RECORDING_SEQUENCE.TRIAL_IMAGE (BEGIN) 
360882.894 TRIAL_IMAGE BLOCK.RECORDING_SEQUENCE.TRIAL_IMAGE
361357.969 TIMER[2] BLOCK.RECORDING_SEQUENCE.TIMER[2]
361367.613 DISPLAY_SCREEN[1] BLOCK.RECORDING_SEQUENCE.DISPLAY_SCREEN[1] (BEGIN) 
361383.034 DISPLAY_SCREEN[1] BLOCK.RECORDING_SEQUENCE.DISPLAY_SCREEN[1]
363883.075 TIMER[1] BLOCK.RECORDING_SEQUENCE.TIMER[1]
363883.217 SET_BUTTON_PRESS BLOCK.RECORDING_SEQUENCE.SET_BUTTON_PRESS
363883.383 ADD_TO_RESULTS_FILE[1] BLOCK.RECORDING_SEQUENCE.ADD_TO_RESULTS_FILE[1]
363883.436 SetValueAction 
363884.150 TRIAL_IMAGE BLOCK.RECORDING_SEQUENCE.TRIAL_IMAGE (BEGIN) 
363900.324 TRIAL_IMAGE BLOCK.RECORDING_SEQUENCE.TRIAL_IMAGE
364375.426 TIMER[2] BLOCK.RECORDING_SEQUENCE.TIMER[2]
364385.613 DISPLAY_SCREEN[1] BLOCK.RECORDING_SEQUENCE.DISPLAY_SCREEN[1] (BEGIN) 
364400.454 DISPLAY_SCREEN[1] BLOCK.RECORDING_SEQUENCE.DISPLAY_SCREEN[1]
366900.501 TIMER[1] BLOCK.RECORDING_SEQUENCE.TIMER[1]
366900.707 SET_BUTTON_PRESS BLOCK.RECORDING_SEQUENCE.SET_BUTTON_PRESS
366900.851 ADD_TO_RESULTS_FILE[1] BLOCK.RECORDING_SEQUENCE.ADD_TO_RESULTS_FILE[1]
366900.904 SetValueAction 
366901.648 TRIAL_IMAGE BLOCK.RECORDING_SEQUENCE.TRIAL_IMAGE (BEGIN) 
366917.749 TRIAL_IMAGE BLOCK.RECORDING_SEQUENCE.TRIAL_IMAGE
367392.799 TIMER[2] BLOCK.RECORDING_SEQUENCE.TIMER[2]
367402.613 DISPLAY_SCREEN[1] BLOCK.RECORDING_SEQUENCE.DISPLAY_SCREEN[1] (BEGIN) 
367417.868 DISPLAY_SCREEN[1] BLOCK.RECORDING_SEQUENCE.DISPLAY_SCREEN[1]
369917.890 TIMER[1] BLOCK.RECORDING_SEQUENCE.TIMER[1]
369918.031 SET_BUTTON_PRESS BLOCK.RECORDING_SEQUENCE.SET_BUTTON_PRESS
369918.174 ADD_TO_RESULTS_FILE[1] BLOCK.RECORDING_SEQUENCE.ADD_TO_RESULTS_FILE[1]
369918.227 SetValueAction 
369928.517 TRIAL_IMAGE BLOCK.RECORDING_SEQUENCE.TRIAL_IMAGE (BEGIN) 
369935.164 TRIAL_IMAGE BLOCK.RECORDING_SEQUENCE.TRIAL_IMAGE
370410.300 TIMER[2] BLOCK.RECORDING_SEQUENCE.TIMER[2]
370420.612 DISPLAY_SCREEN[1] BLOCK.RECORDING_SEQUENCE.DISPLAY_SCREEN[1] (BEGIN) 
370435.316 DISPLAY_SCREEN[1] BLOCK.RECORDING_SEQUENCE.DISPLAY_SCREEN[1]
372935.352 TIMER[1] BLOCK.RECORDING_SEQUENCE.TIMER[1]
372935.533 SET_BUTTON_PRESS BLOCK.RECORDING_SEQUENCE.SET_BUTTON_PRESS
372935.675 ADD_TO_RESULTS_FILE[1] BLOCK.RECORDING_SEQUENCE.ADD_TO_RESULTS_FILE[1]
372935.728 SetValueAction 
372936.465 TRIAL_IMAGE BLOCK.RECORDING_SEQUENCE.TRIAL_IMAGE (BEGIN) 
372952.596 TRIAL_IMAGE BLOCK.RECORDING_SEQUENCE.TRIAL_IMAGE
373427.701 TIMER[2] BLOCK.RECORDING_SEQUENCE.TIMER[2]
373437.612 DISPLAY_SCREEN[1] BLOCK.RECORDING_SEQUENCE.DISPLAY_SCREEN[1] (BEGIN) 
373452.718 DISPLAY_SCREEN[1] BLOCK.RECORDING_SEQUENCE.DISPLAY_SCREEN[1]
375952.741 TIMER[1] BLOCK.RECORDING_SEQUENCE.TIMER[1]
375952.880 SET_BUTTON_PRESS BLOCK.RECORDING_SEQUENCE.SET_BUTTON_PRESS
375953.021 ADD_TO_RESULTS_FILE[1] BLOCK.RECORDING_SEQUENCE.ADD_TO_RESULTS_FILE[1]
375953.073 SetValueAction 
375953.804 TRIAL_IMAGE BLOCK.RECORDING_SEQUENCE.TRIAL_IMAGE (BEGIN) 
375970.025 TRIAL_IMAGE BLOCK.RECORDING_SEQUENCE.TRIAL_IMAGE
376445.115 TIMER[2] BLOCK.RECORDING_SEQUENCE.TIMER[2]
376455.613 DISPLAY_SCREEN[1] BLOCK.RECORDING_SEQUENCE.DISPLAY_SCREEN[1] (BEGIN) 
376470.159 DISPLAY_SCREEN[1] BLOCK.RECORDING_SEQUENCE.DISPLAY_SCREEN[1]
378970.192 TIMER[1] BLOCK.RECORDING_SEQUENCE.TIMER[1]
378970.360 SET_BUTTON_PRESS BLOCK.RECORDING_SEQUENCE.SET_BUTTON_PRESS
378970.503 ADD_TO_RESULTS_FILE[1] BLOCK.RECORDING_SEQUENCE.ADD_TO_RESULTS_FILE[1]
378970.556 SetValueAction 
378971.336 TRIAL_IMAGE BLOCK.RECORDING_SEQUENCE.TRIAL_IMAGE (BEGIN) 
378987.452 TRIAL_IMAGE BLOCK.RECORDING_SEQUENCE.TRIAL_IMAGE
379462.561 TIMER[2] BLOCK.RECORDING_SEQUENCE.TIMER[2]
379472.613 DISPLAY_SCREEN[1] BLOCK.RECORDING_SEQUENCE.DISPLAY_SCREEN[1] (BEGIN) 
379487.571 DISPLAY_SCREEN[1] BLOCK.RECORDING_SEQUENCE.DISPLAY_SCREEN[1]
381987.603 TIMER[1] BLOCK.RECORDING_SEQUENCE.TIMER[1]
381987.743 SET_BUTTON_PRESS BLOCK.RECORDING_SEQUENCE.SET_BUTTON_PRESS
381987.887 ADD_TO_RESULTS_FILE[1] BLOCK.RECORDING_SEQUENCE.ADD_TO_RESULTS_FILE[1]
381987.941 SetValueAction 
381988.678 TRIAL_IMAGE BLOCK.RECORDING_SEQUENCE.TRIAL_IMAGE (BEGIN) 
382004.880 TRIAL_IMAGE BLOCK.RECORDING_SEQUENCE.TRIAL_IMAGE
382479.943 TIMER[2] BLOCK.RECORDING_SEQUENCE.TIMER[2]
382489.613 DISPLAY_SCREEN[1] BLOCK.RECORDING_SEQUENCE.DISPLAY_SCREEN[1] (BEGIN) 
382505.003 DISPLAY_SCREEN[1] BLOCK.RECORDING_SEQUENCE.DISPLAY_SCREEN[1]
385005.031 TIMER[1] BLOCK.RECORDING_SEQUENCE.TIMER[1]
385005.172 SET_BUTTON_PRESS BLOCK.RECORDING_SEQUENCE.SET_BUTTON_PRESS
385005.319 ADD_TO_RESULTS_FILE[1] BLOCK.RECORDING_SEQUENCE.ADD_TO_RESULTS_FILE[1]
385005.372 SetValueAction 
385006.074 TRIAL_IMAGE BLOCK.RECORDING_SEQUENCE.TRIAL_IMAGE (BEGIN) 
385022.308 TRIAL_IMAGE BLOCK.RECORDING_SEQUENCE.TRIAL_IMAGE
385497.367 TIMER[2] BLOCK.RECORDING_SEQUENCE.TIMER[2]
385507.613 DISPLAY_SCREEN[1] BLOCK.RECORDING_SEQUENCE.DISPLAY_SCREEN[1] (BEGIN) 
385522.426 DISPLAY_SCREEN[1] BLOCK.RECORDING_SEQUENCE.DISPLAY_SCREEN[1]
388022.485 TIMER[1] BLOCK.RECORDING_SEQUENCE.TIMER[1]
388022.626 SET_BUTTON_PRESS BLOCK.RECORDING_SEQUENCE.SET_BUTTON_PRESS
388022.768 ADD_TO_RESULTS_FILE[1] BLOCK.RECORDING_SEQUENCE.ADD_TO_RESULTS_FILE[1]
388022.821 SetValueAction 
388023.098 TRIAL_IMAGE BLOCK.RECORDING_SEQUENCE.TRIAL_IMAGE (BEGIN) 
388039.731 TRIAL_IMAGE BLOCK.RECORDING_SEQUENCE.TRIAL_IMAGE
388514.804 TIMER[2] BLOCK.RECORDING_SEQUENCE.TIMER[2]
388524.613 DISPLAY_SCREEN[1] BLOCK.RECORDING_SEQUENCE.DISPLAY_SCREEN[1] (BEGIN) 
388539.855 DISPLAY_SCREEN[1] BLOCK.RECORDING_SEQUENCE.DISPLAY_SCREEN[1]
391039.921 TIMER[1] BLOCK.RECORDING_SEQUENCE.TIMER[1]
391040.082 SET_BUTTON_PRESS BLOCK.RECORDING_SEQUENCE.SET_BUTTON_PRESS
391040.254 ADD_TO_RESULTS_FILE[1] BLOCK.RECORDING_SEQUENCE.ADD_TO_RESULTS_FILE[1]
391040.308 SetValueAction 
391041.015 TRIAL_IMAGE BLOCK.RECORDING_SEQUENCE.TRIAL_IMAGE (BEGIN) 
391057.159 TRIAL_IMAGE BLOCK.RECORDING_SEQUENCE.TRIAL_IMAGE
391532.229 TIMER[2] BLOCK.RECORDING_SEQUENCE.TIMER[2]
391542.612 DISPLAY_SCREEN[1] BLOCK.RECORDING_SEQUENCE.DISPLAY_SCREEN[1] (BEGIN) 
391557.273 DISPLAY_SCREEN[1] BLOCK.RECORDING_SEQUENCE.DISPLAY_SCREEN[1]
394057.277 TIMER[1] BLOCK.RECORDING_SEQUENCE.TIMER[1]
394057.419 SET_BUTTON_PRESS BLOCK.RECORDING_SEQUENCE.SET_BUTTON_PRESS
394057.562 ADD_TO_RESULTS_FILE[1] BLOCK.RECORDING_SEQUENCE.ADD_TO_RESULTS_FILE[1]
394057.614 SetValueAction 
394058.393 TRIAL_IMAGE BLOCK.RECORDING_SEQUENCE.TRIAL_IMAGE (BEGIN) 
394074.580 TRIAL_IMAGE BLOCK.RECORDING_SEQUENCE.TRIAL_IMAGE
394549.691 TIMER[2] BLOCK.RECORDING_SEQUENCE.TIMER[2]
394559.613 DISPLAY_SCREEN[1] BLOCK.RECORDING_SEQUENCE.DISPLAY_SCREEN[1] (BEGIN) 
394574.707 DISPLAY_SCREEN[1] BLOCK.RECORDING_SEQUENCE.DISPLAY_SCREEN[1]
397074.764 TIMER[1] BLOCK.RECORDING_SEQUENCE.TIMER[1]
397074.904 SET_BUTTON_PRESS BLOCK.RECORDING_SEQUENCE.SET_BUTTON_PRESS
397075.046 ADD_TO_RESULTS_FILE[1] BLOCK.RECORDING_SEQUENCE.ADD_TO_RESULTS_FILE[1]
397075.099 SetValueAction 
397075.807 TRIAL_IMAGE BLOCK.RECORDING_SEQUENCE.TRIAL_IMAGE (BEGIN) 
397092.009 TRIAL_IMAGE BLOCK.RECORDING_SEQUENCE.TRIAL_IMAGE
397567.125 TIMER[2] BLOCK.RECORDING_SEQUENCE.TIMER[2]
397577.613 DISPLAY_SCREEN[1] BLOCK.RECORDING_SEQUENCE.DISPLAY_SCREEN[1] (BEGIN) 
397592.136 DISPLAY_SCREEN[1] BLOCK.RECORDING_SEQUENCE.DISPLAY_SCREEN[1]
400092.181 TIMER[1] BLOCK.RECORDING_SEQUENCE.TIMER[1]
400092.322 SET_BUTTON_PRESS BLOCK.RECORDING_SEQUENCE.SET_BUTTON_PRESS
400092.465 ADD_TO_RESULTS_FILE[1] BLOCK.RECORDING_SEQUENCE.ADD_TO_RESULTS_FILE[1]
400092.518 SetValueAction 
400102.038 TRIAL_IMAGE BLOCK.RECORDING_SEQUENCE.TRIAL_IMAGE (BEGIN) 
400109.429 TRIAL_IMAGE BLOCK.RECORDING_SEQUENCE.TRIAL_IMAGE
400584.521 TIMER[2] BLOCK.RECORDING_SEQUENCE.TIMER[2]
400594.618 DISPLAY_SCREEN[1] BLOCK.RECORDING_SEQUENCE.DISPLAY_SCREEN[1] (BEGIN) 
400609.549 DISPLAY_SCREEN[1] BLOCK.RECORDING_SEQUENCE.DISPLAY_SCREEN[1]
403109.565 TIMER[1] BLOCK.RECORDING_SEQUENCE.TIMER[1]
403109.707 SET_BUTTON_PRESS BLOCK.RECORDING_SEQUENCE.SET_BUTTON_PRESS
403109.851 ADD_TO_RESULTS_FILE[1] BLOCK.RECORDING_SEQUENCE.ADD_TO_RESULTS_FILE[1]
403109.905 SetValueAction 
403110.660 TRIAL_IMAGE BLOCK.RECORDING_SEQUENCE.TRIAL_IMAGE (BEGIN) 
403126.860 TRIAL_IMAGE BLOCK.RECORDING_SEQUENCE.TRIAL_IMAGE
403601.990 TIMER[2] BLOCK.RECORDING_SEQUENCE.TIMER[2]
403611.617 DISPLAY_SCREEN[1] BLOCK.RECORDING_SEQUENCE.DISPLAY_SCREEN[1] (BEGIN) 
403626.978 DISPLAY_SCREEN[1] BLOCK.RECORDING_SEQUENCE.DISPLAY_SCREEN[1]
406127.034 TIMER[1] BLOCK.RECORDING_SEQUENCE.TIMER[1]
406127.372 SET_BUTTON_PRESS BLOCK.RECORDING_SEQUENCE.SET_BUTTON_PRESS
406127.536 ADD_TO_RESULTS_FILE[1] BLOCK.RECORDING_SEQUENCE.ADD_TO_RESULTS_FILE[1]
406127.589 SetValueAction 
406128.346 TRIAL_IMAGE BLOCK.RECORDING_SEQUENCE.TRIAL_IMAGE (BEGIN) 
406144.279 TRIAL_IMAGE BLOCK.RECORDING_SEQUENCE.TRIAL_IMAGE
406619.378 TIMER[2] BLOCK.RECORDING_SEQUENCE.TIMER[2]
406629.613 DISPLAY_SCREEN[1] BLOCK.RECORDING_SEQUENCE.DISPLAY_SCREEN[1] (BEGIN) 
406644.413 DISPLAY_SCREEN[1] BLOCK.RECORDING_SEQUENCE.DISPLAY_SCREEN[1]
409144.426 TIMER[1] BLOCK.RECORDING_SEQUENCE.TIMER[1]
409144.567 SET_BUTTON_PRESS BLOCK.RECORDING_SEQUENCE.SET_BUTTON_PRESS
409144.710 ADD_TO_RESULTS_FILE[1] BLOCK.RECORDING_SEQUENCE.ADD_TO_RESULTS_FILE[1]
409144.763 SetValueAction 
409154.257 TRIAL_IMAGE BLOCK.RECORDING_SEQUENCE.TRIAL_IMAGE (BEGIN) 
409161.707 TRIAL_IMAGE BLOCK.RECORDING_SEQUENCE.TRIAL_IMAGE
409636.819 TIMER[2] BLOCK.RECORDING_SEQUENCE.TIMER[2]
409646.613 DISPLAY_SCREEN[1] BLOCK.RECORDING_SEQUENCE.DISPLAY_SCREEN[1] (BEGIN) 
409661.826 DISPLAY_SCREEN[1] BLOCK.RECORDING_SEQUENCE.DISPLAY_SCREEN[1]
412161.825 TIMER[1] BLOCK.RECORDING_SEQUENCE.TIMER[1]
412161.965 SET_BUTTON_PRESS BLOCK.RECORDING_SEQUENCE.SET_BUTTON_PRESS
412162.132 ADD_TO_RESULTS_FILE[1] BLOCK.RECORDING_SEQUENCE.ADD_TO_RESULTS_FILE[1]
412162.185 SetValueAction 
412162.927 TRIAL_IMAGE BLOCK.RECORDING_SEQUENCE.TRIAL_IMAGE (BEGIN) 
412179.146 TRIAL_IMAGE BLOCK.RECORDING_SEQUENCE.TRIAL_IMAGE
412654.201 TIMER[2] BLOCK.RECORDING_SEQUENCE.TIMER[2]
412664.613 DISPLAY_SCREEN[1] BLOCK.RECORDING_SEQUENCE.DISPLAY_SCREEN[1] (BEGIN) 
412679.260 DISPLAY_SCREEN[1] BLOCK.RECORDING_SEQUENCE.DISPLAY_SCREEN[1]
415179.277 TIMER[1] BLOCK.RECORDING_SEQUENCE.TIMER[1]
415179.423 SET_BUTTON_PRESS BLOCK.RECORDING_SEQUENCE.SET_BUTTON_PRESS
415179.568 ADD_TO_RESULTS_FILE[1] BLOCK.RECORDING_SEQUENCE.ADD_TO_RESULTS_FILE[1]
415179.624 SetValueAction 
415180.364 TRIAL_IMAGE BLOCK.RECORDING_SEQUENCE.TRIAL_IMAGE (BEGIN) 
415196.554 TRIAL_IMAGE BLOCK.RECORDING_SEQUENCE.TRIAL_IMAGE
415671.626 TIMER[2] BLOCK.RECORDING_SEQUENCE.TIMER[2]
415681.613 DISPLAY_SCREEN[1] BLOCK.RECORDING_SEQUENCE.DISPLAY_SCREEN[1] (BEGIN) 
415696.677 DISPLAY_SCREEN[1] BLOCK.RECORDING_SEQUENCE.DISPLAY_SCREEN[1]
418196.725 TIMER[1] BLOCK.RECORDING_SEQUENCE.TIMER[1]
418196.866 SET_BUTTON_PRESS BLOCK.RECORDING_SEQUENCE.SET_BUTTON_PRESS
418197.010 ADD_TO_RESULTS_FILE[1] BLOCK.RECORDING_SEQUENCE.ADD_TO_RESULTS_FILE[1]
418197.064 SetValueAction 
418197.787 TRIAL_IMAGE BLOCK.RECORDING_SEQUENCE.TRIAL_IMAGE (BEGIN) 
418213.977 TRIAL_IMAGE BLOCK.RECORDING_SEQUENCE.TRIAL_IMAGE
418689.061 TIMER[2] BLOCK.RECORDING_SEQUENCE.TIMER[2]
418699.614 DISPLAY_SCREEN[1] BLOCK.RECORDING_SEQUENCE.DISPLAY_SCREEN[1] (BEGIN) 
418714.121 DISPLAY_SCREEN[1] BLOCK.RECORDING_SEQUENCE.DISPLAY_SCREEN[1]
421214.190 TIMER[1] BLOCK.RECORDING_SEQUENCE.TIMER[1]
421214.329 SET_BUTTON_PRESS BLOCK.RECORDING_SEQUENCE.SET_BUTTON_PRESS
421214.473 ADD_TO_RESULTS_FILE[1] BLOCK.RECORDING_SEQUENCE.ADD_TO_RESULTS_FILE[1]
421214.526 SetValueAction 
421225.098 TRIAL_IMAGE BLOCK.RECORDING_SEQUENCE.TRIAL_IMAGE (BEGIN) 
421231.408 TRIAL_IMAGE BLOCK.RECORDING_SEQUENCE.TRIAL_IMAGE
421706.531 TIMER[2] BLOCK.RECORDING_SEQUENCE.TIMER[2]
421716.613 DISPLAY_SCREEN[1] BLOCK.RECORDING_SEQUENCE.DISPLAY_SCREEN[1] (BEGIN) 
421731.528 DISPLAY_SCREEN[1] BLOCK.RECORDING_SEQUENCE.DISPLAY_SCREEN[1]
424231.578 TIMER[1] BLOCK.RECORDING_SEQUENCE.TIMER[1]
424231.739 SET_BUTTON_PRESS BLOCK.RECORDING_SEQUENCE.SET_BUTTON_PRESS
424231.885 ADD_TO_RESULTS_FILE[1] BLOCK.RECORDING_SEQUENCE.ADD_TO_RESULTS_FILE[1]
424231.939 SetValueAction 
424232.693 TRIAL_IMAGE BLOCK.RECORDING_SEQUENCE.TRIAL_IMAGE (BEGIN) 
424248.838 TRIAL_IMAGE BLOCK.RECORDING_SEQUENCE.TRIAL_IMAGE
424723.917 TIMER[2] BLOCK.RECORDING_SEQUENCE.TIMER[2]
424733.613 DISPLAY_SCREEN[1] BLOCK.RECORDING_SEQUENCE.DISPLAY_SCREEN[1] (BEGIN) 
424748.960 DISPLAY_SCREEN[1] BLOCK.RECORDING_SEQUENCE.DISPLAY_SCREEN[1]
427248.993 TIMER[1] BLOCK.RECORDING_SEQUENCE.TIMER[1]
427249.154 SET_BUTTON_PRESS BLOCK.RECORDING_SEQUENCE.SET_BUTTON_PRESS
427249.298 ADD_TO_RESULTS_FILE[1] BLOCK.RECORDING_SEQUENCE.ADD_TO_RESULTS_FILE[1]
427251.855 DISPLAY_SCREEN BLOCK.DISPLAY_SCREEN (BEGIN) 
427266.260 DISPLAY_SCREEN BLOCK.DISPLAY_SCREEN
446441.803 KEYBOARD BLOCK.KEYBOARD
446447.872 GOODBYE_SCREEN GOODBYE_SCREEN (BEGIN) 
446454.404 GOODBYE_SCREEN GOODBYE_SCREEN
467296.425 KEYBOARD[1] KEYBOARD[1]
el_logger: Quit logger.
******** END OF THE LOG FILE ********
