5137.955 ********************************************************
5138.036 ** Session beginning Wednesday February 12, 2020 12:33:24 AM **
5138.047 ** ExperimentBuilder Project : 23255_P67 **
5138.055 ** ExperimentBuilder Version : 2.1.140 **
5138.063 ** ExperimentBuilder Build   : Nov 10 2017 **
5138.071 ********************************************************
5840.504 WELCOME_SCREEN WELCOME_SCREEN (BEGIN) 
5846.397 WELCOME_SCREEN WELCOME_SCREEN
67819.552 KEYBOARD KEYBOARD
68269.967 PREPARE_SEQUENCE BLOCK.PREPARE_SEQUENCE
68270.273 SetValueAction 
68291.707 TRIAL_IMAGE BLOCK.RECORDING_SEQUENCE.TRIAL_IMAGE (BEGIN) 
68295.252 TRIAL_IMAGE BLOCK.RECORDING_SEQUENCE.TRIAL_IMAGE
68770.316 TIMER[2] BLOCK.RECORDING_SEQUENCE.TIMER[2]
68780.617 DISPLAY_SCREEN[1] BLOCK.RECORDING_SEQUENCE.DISPLAY_SCREEN[1] (BEGIN) 
68795.387 DISPLAY_SCREEN[1] BLOCK.RECORDING_SEQUENCE.DISPLAY_SCREEN[1]
71295.402 TIMER[1] BLOCK.RECORDING_SEQUENCE.TIMER[1]
71295.540 SET_BUTTON_PRESS BLOCK.RECORDING_SEQUENCE.SET_BUTTON_PRESS
71295.680 ADD_TO_RESULTS_FILE[1] BLOCK.RECORDING_SEQUENCE.ADD_TO_RESULTS_FILE[1]
71295.733 SetValueAction 
71321.118 TRIAL_IMAGE BLOCK.RECORDING_SEQUENCE.TRIAL_IMAGE (BEGIN) 
71329.351 TRIAL_IMAGE BLOCK.RECORDING_SEQUENCE.TRIAL_IMAGE
71804.500 TIMER[2] BLOCK.RECORDING_SEQUENCE.TIMER[2]
71814.616 DISPLAY_SCREEN[1] BLOCK.RECORDING_SEQUENCE.DISPLAY_SCREEN[1] (BEGIN) 
71829.476 DISPLAY_SCREEN[1] BLOCK.RECORDING_SEQUENCE.DISPLAY_SCREEN[1]
74283.873 MOUSE_R BLOCK.RECORDING_SEQUENCE.MOUSE_R
74284.018 SET_BUTTON_PRESS2 BLOCK.RECORDING_SEQUENCE.SET_BUTTON_PRESS2
74284.160 ADD_TO_RESULTS_FILE[1] BLOCK.RECORDING_SEQUENCE.ADD_TO_RESULTS_FILE[1]
74284.213 SetValueAction 
74309.258 TRIAL_IMAGE BLOCK.RECORDING_SEQUENCE.TRIAL_IMAGE (BEGIN) 
74313.414 TRIAL_IMAGE BLOCK.RECORDING_SEQUENCE.TRIAL_IMAGE
74788.472 TIMER[2] BLOCK.RECORDING_SEQUENCE.TIMER[2]
74798.616 DISPLAY_SCREEN[1] BLOCK.RECORDING_SEQUENCE.DISPLAY_SCREEN[1] (BEGIN) 
74813.564 DISPLAY_SCREEN[1] BLOCK.RECORDING_SEQUENCE.DISPLAY_SCREEN[1]
75899.303 MOUSE_R BLOCK.RECORDING_SEQUENCE.MOUSE_R
75899.465 SET_BUTTON_PRESS2 BLOCK.RECORDING_SEQUENCE.SET_BUTTON_PRESS2
75899.608 ADD_TO_RESULTS_FILE[1] BLOCK.RECORDING_SEQUENCE.ADD_TO_RESULTS_FILE[1]
75899.672 SetValueAction 
75920.648 TRIAL_IMAGE BLOCK.RECORDING_SEQUENCE.TRIAL_IMAGE (BEGIN) 
75930.499 TRIAL_IMAGE BLOCK.RECORDING_SEQUENCE.TRIAL_IMAGE
76405.574 TIMER[2] BLOCK.RECORDING_SEQUENCE.TIMER[2]
76415.613 DISPLAY_SCREEN[1] BLOCK.RECORDING_SEQUENCE.DISPLAY_SCREEN[1] (BEGIN) 
76430.632 DISPLAY_SCREEN[1] BLOCK.RECORDING_SEQUENCE.DISPLAY_SCREEN[1]
77258.528 MOUSE_R BLOCK.RECORDING_SEQUENCE.MOUSE_R
77258.666 SET_BUTTON_PRESS2 BLOCK.RECORDING_SEQUENCE.SET_BUTTON_PRESS2
77258.810 ADD_TO_RESULTS_FILE[1] BLOCK.RECORDING_SEQUENCE.ADD_TO_RESULTS_FILE[1]
77258.861 SetValueAction 
77287.064 TRIAL_IMAGE BLOCK.RECORDING_SEQUENCE.TRIAL_IMAGE (BEGIN) 
77297.510 TRIAL_IMAGE BLOCK.RECORDING_SEQUENCE.TRIAL_IMAGE
77772.564 TIMER[2] BLOCK.RECORDING_SEQUENCE.TIMER[2]
77782.613 DISPLAY_SCREEN[1] BLOCK.RECORDING_SEQUENCE.DISPLAY_SCREEN[1] (BEGIN) 
77797.631 DISPLAY_SCREEN[1] BLOCK.RECORDING_SEQUENCE.DISPLAY_SCREEN[1]
78275.713 MOUSE_R BLOCK.RECORDING_SEQUENCE.MOUSE_R
78275.847 SET_BUTTON_PRESS2 BLOCK.RECORDING_SEQUENCE.SET_BUTTON_PRESS2
78275.987 ADD_TO_RESULTS_FILE[1] BLOCK.RECORDING_SEQUENCE.ADD_TO_RESULTS_FILE[1]
78276.039 SetValueAction 
78296.830 TRIAL_IMAGE BLOCK.RECORDING_SEQUENCE.TRIAL_IMAGE (BEGIN) 
78314.422 TRIAL_IMAGE BLOCK.RECORDING_SEQUENCE.TRIAL_IMAGE
78789.472 TIMER[2] BLOCK.RECORDING_SEQUENCE.TIMER[2]
78799.615 DISPLAY_SCREEN[1] BLOCK.RECORDING_SEQUENCE.DISPLAY_SCREEN[1] (BEGIN) 
78814.545 DISPLAY_SCREEN[1] BLOCK.RECORDING_SEQUENCE.DISPLAY_SCREEN[1]
79995.335 MOUSE_R BLOCK.RECORDING_SEQUENCE.MOUSE_R
79995.500 SET_BUTTON_PRESS2 BLOCK.RECORDING_SEQUENCE.SET_BUTTON_PRESS2
79995.642 ADD_TO_RESULTS_FILE[1] BLOCK.RECORDING_SEQUENCE.ADD_TO_RESULTS_FILE[1]
79995.694 SetValueAction 
80015.250 TRIAL_IMAGE BLOCK.RECORDING_SEQUENCE.TRIAL_IMAGE (BEGIN) 
80031.524 TRIAL_IMAGE BLOCK.RECORDING_SEQUENCE.TRIAL_IMAGE
80506.639 TIMER[2] BLOCK.RECORDING_SEQUENCE.TIMER[2]
80516.614 DISPLAY_SCREEN[1] BLOCK.RECORDING_SEQUENCE.DISPLAY_SCREEN[1] (BEGIN) 
80531.647 DISPLAY_SCREEN[1] BLOCK.RECORDING_SEQUENCE.DISPLAY_SCREEN[1]
82706.949 MOUSE_R BLOCK.RECORDING_SEQUENCE.MOUSE_R
82707.092 SET_BUTTON_PRESS2 BLOCK.RECORDING_SEQUENCE.SET_BUTTON_PRESS2
82707.236 ADD_TO_RESULTS_FILE[1] BLOCK.RECORDING_SEQUENCE.ADD_TO_RESULTS_FILE[1]
82707.289 SetValueAction 
82728.404 TRIAL_IMAGE BLOCK.RECORDING_SEQUENCE.TRIAL_IMAGE (BEGIN) 
82732.190 TRIAL_IMAGE BLOCK.RECORDING_SEQUENCE.TRIAL_IMAGE
83207.287 TIMER[2] BLOCK.RECORDING_SEQUENCE.TIMER[2]
83217.613 DISPLAY_SCREEN[1] BLOCK.RECORDING_SEQUENCE.DISPLAY_SCREEN[1] (BEGIN) 
83232.322 DISPLAY_SCREEN[1] BLOCK.RECORDING_SEQUENCE.DISPLAY_SCREEN[1]
83626.972 MOUSE_R BLOCK.RECORDING_SEQUENCE.MOUSE_R
83627.119 SET_BUTTON_PRESS2 BLOCK.RECORDING_SEQUENCE.SET_BUTTON_PRESS2
83627.261 ADD_TO_RESULTS_FILE[1] BLOCK.RECORDING_SEQUENCE.ADD_TO_RESULTS_FILE[1]
83627.314 SetValueAction 
83647.089 TRIAL_IMAGE BLOCK.RECORDING_SEQUENCE.TRIAL_IMAGE (BEGIN) 
83665.754 TRIAL_IMAGE BLOCK.RECORDING_SEQUENCE.TRIAL_IMAGE
84140.855 TIMER[2] BLOCK.RECORDING_SEQUENCE.TIMER[2]
84150.612 DISPLAY_SCREEN[1] BLOCK.RECORDING_SEQUENCE.DISPLAY_SCREEN[1] (BEGIN) 
84165.881 DISPLAY_SCREEN[1] BLOCK.RECORDING_SEQUENCE.DISPLAY_SCREEN[1]
84882.246 MOUSE_R BLOCK.RECORDING_SEQUENCE.MOUSE_R
84882.408 SET_BUTTON_PRESS2 BLOCK.RECORDING_SEQUENCE.SET_BUTTON_PRESS2
84882.549 ADD_TO_RESULTS_FILE[1] BLOCK.RECORDING_SEQUENCE.ADD_TO_RESULTS_FILE[1]
84882.600 SetValueAction 
84909.705 TRIAL_IMAGE BLOCK.RECORDING_SEQUENCE.TRIAL_IMAGE (BEGIN) 
84916.055 TRIAL_IMAGE BLOCK.RECORDING_SEQUENCE.TRIAL_IMAGE
85391.127 TIMER[2] BLOCK.RECORDING_SEQUENCE.TIMER[2]
85401.614 DISPLAY_SCREEN[1] BLOCK.RECORDING_SEQUENCE.DISPLAY_SCREEN[1] (BEGIN) 
85416.186 DISPLAY_SCREEN[1] BLOCK.RECORDING_SEQUENCE.DISPLAY_SCREEN[1]
85883.621 MOUSE_R BLOCK.RECORDING_SEQUENCE.MOUSE_R
85883.760 SET_BUTTON_PRESS2 BLOCK.RECORDING_SEQUENCE.SET_BUTTON_PRESS2
85883.902 ADD_TO_RESULTS_FILE[1] BLOCK.RECORDING_SEQUENCE.ADD_TO_RESULTS_FILE[1]
85883.956 SetValueAction 
85884.189 TRIAL_IMAGE BLOCK.RECORDING_SEQUENCE.TRIAL_IMAGE (BEGIN) 
85899.641 TRIAL_IMAGE BLOCK.RECORDING_SEQUENCE.TRIAL_IMAGE
86374.749 TIMER[2] BLOCK.RECORDING_SEQUENCE.TIMER[2]
86384.613 DISPLAY_SCREEN[1] BLOCK.RECORDING_SEQUENCE.DISPLAY_SCREEN[1] (BEGIN) 
86399.765 DISPLAY_SCREEN[1] BLOCK.RECORDING_SEQUENCE.DISPLAY_SCREEN[1]
88033.941 MOUSE_R BLOCK.RECORDING_SEQUENCE.MOUSE_R
88034.087 SET_BUTTON_PRESS2 BLOCK.RECORDING_SEQUENCE.SET_BUTTON_PRESS2
88034.230 ADD_TO_RESULTS_FILE[1] BLOCK.RECORDING_SEQUENCE.ADD_TO_RESULTS_FILE[1]
88034.284 SetValueAction 
88055.673 TRIAL_IMAGE BLOCK.RECORDING_SEQUENCE.TRIAL_IMAGE (BEGIN) 
88066.850 TRIAL_IMAGE BLOCK.RECORDING_SEQUENCE.TRIAL_IMAGE
88541.911 TIMER[2] BLOCK.RECORDING_SEQUENCE.TIMER[2]
88551.614 DISPLAY_SCREEN[1] BLOCK.RECORDING_SEQUENCE.DISPLAY_SCREEN[1] (BEGIN) 
88566.983 DISPLAY_SCREEN[1] BLOCK.RECORDING_SEQUENCE.DISPLAY_SCREEN[1]
88658.942 MOUSE_R BLOCK.RECORDING_SEQUENCE.MOUSE_R
88659.072 SET_BUTTON_PRESS2 BLOCK.RECORDING_SEQUENCE.SET_BUTTON_PRESS2
88659.213 ADD_TO_RESULTS_FILE[1] BLOCK.RECORDING_SEQUENCE.ADD_TO_RESULTS_FILE[1]
88659.265 SetValueAction 
88677.644 TRIAL_IMAGE BLOCK.RECORDING_SEQUENCE.TRIAL_IMAGE (BEGIN) 
88683.669 TRIAL_IMAGE BLOCK.RECORDING_SEQUENCE.TRIAL_IMAGE
89158.734 TIMER[2] BLOCK.RECORDING_SEQUENCE.TIMER[2]
89168.613 DISPLAY_SCREEN[1] BLOCK.RECORDING_SEQUENCE.DISPLAY_SCREEN[1] (BEGIN) 
89183.794 DISPLAY_SCREEN[1] BLOCK.RECORDING_SEQUENCE.DISPLAY_SCREEN[1]
89802.583 MOUSE_R BLOCK.RECORDING_SEQUENCE.MOUSE_R
89802.724 SET_BUTTON_PRESS2 BLOCK.RECORDING_SEQUENCE.SET_BUTTON_PRESS2
89802.866 ADD_TO_RESULTS_FILE[1] BLOCK.RECORDING_SEQUENCE.ADD_TO_RESULTS_FILE[1]
89802.919 SetValueAction 
89822.947 TRIAL_IMAGE BLOCK.RECORDING_SEQUENCE.TRIAL_IMAGE (BEGIN) 
89833.955 TRIAL_IMAGE BLOCK.RECORDING_SEQUENCE.TRIAL_IMAGE
90309.091 TIMER[2] BLOCK.RECORDING_SEQUENCE.TIMER[2]
90319.613 DISPLAY_SCREEN[1] BLOCK.RECORDING_SEQUENCE.DISPLAY_SCREEN[1] (BEGIN) 
90334.081 DISPLAY_SCREEN[1] BLOCK.RECORDING_SEQUENCE.DISPLAY_SCREEN[1]
90833.981 MOUSE_R BLOCK.RECORDING_SEQUENCE.MOUSE_R
90834.122 SET_BUTTON_PRESS2 BLOCK.RECORDING_SEQUENCE.SET_BUTTON_PRESS2
90834.266 ADD_TO_RESULTS_FILE[1] BLOCK.RECORDING_SEQUENCE.ADD_TO_RESULTS_FILE[1]
90834.319 SetValueAction 
90858.339 TRIAL_IMAGE BLOCK.RECORDING_SEQUENCE.TRIAL_IMAGE (BEGIN) 
90867.538 TRIAL_IMAGE BLOCK.RECORDING_SEQUENCE.TRIAL_IMAGE
91342.648 TIMER[2] BLOCK.RECORDING_SEQUENCE.TIMER[2]
91352.613 DISPLAY_SCREEN[1] BLOCK.RECORDING_SEQUENCE.DISPLAY_SCREEN[1] (BEGIN) 
91367.677 DISPLAY_SCREEN[1] BLOCK.RECORDING_SEQUENCE.DISPLAY_SCREEN[1]
91714.021 MOUSE_R BLOCK.RECORDING_SEQUENCE.MOUSE_R
91714.162 SET_BUTTON_PRESS2 BLOCK.RECORDING_SEQUENCE.SET_BUTTON_PRESS2
91714.305 ADD_TO_RESULTS_FILE[1] BLOCK.RECORDING_SEQUENCE.ADD_TO_RESULTS_FILE[1]
91714.358 SetValueAction 
91739.665 TRIAL_IMAGE BLOCK.RECORDING_SEQUENCE.TRIAL_IMAGE (BEGIN) 
91751.103 TRIAL_IMAGE BLOCK.RECORDING_SEQUENCE.TRIAL_IMAGE
92226.173 TIMER[2] BLOCK.RECORDING_SEQUENCE.TIMER[2]
92236.612 DISPLAY_SCREEN[1] BLOCK.RECORDING_SEQUENCE.DISPLAY_SCREEN[1] (BEGIN) 
92251.230 DISPLAY_SCREEN[1] BLOCK.RECORDING_SEQUENCE.DISPLAY_SCREEN[1]
94751.230 TIMER[1] BLOCK.RECORDING_SEQUENCE.TIMER[1]
94751.410 SET_BUTTON_PRESS BLOCK.RECORDING_SEQUENCE.SET_BUTTON_PRESS
94751.552 ADD_TO_RESULTS_FILE[1] BLOCK.RECORDING_SEQUENCE.ADD_TO_RESULTS_FILE[1]
94751.606 SetValueAction 
94775.304 TRIAL_IMAGE BLOCK.RECORDING_SEQUENCE.TRIAL_IMAGE (BEGIN) 
94785.196 TRIAL_IMAGE BLOCK.RECORDING_SEQUENCE.TRIAL_IMAGE
95260.323 TIMER[2] BLOCK.RECORDING_SEQUENCE.TIMER[2]
95270.614 DISPLAY_SCREEN[1] BLOCK.RECORDING_SEQUENCE.DISPLAY_SCREEN[1] (BEGIN) 
95285.323 DISPLAY_SCREEN[1] BLOCK.RECORDING_SEQUENCE.DISPLAY_SCREEN[1]
97785.375 TIMER[1] BLOCK.RECORDING_SEQUENCE.TIMER[1]
97785.515 SET_BUTTON_PRESS BLOCK.RECORDING_SEQUENCE.SET_BUTTON_PRESS
97785.660 ADD_TO_RESULTS_FILE[1] BLOCK.RECORDING_SEQUENCE.ADD_TO_RESULTS_FILE[1]
97785.714 SetValueAction 
97814.063 TRIAL_IMAGE BLOCK.RECORDING_SEQUENCE.TRIAL_IMAGE (BEGIN) 
97819.271 TRIAL_IMAGE BLOCK.RECORDING_SEQUENCE.TRIAL_IMAGE
98294.336 TIMER[2] BLOCK.RECORDING_SEQUENCE.TIMER[2]
98304.613 DISPLAY_SCREEN[1] BLOCK.RECORDING_SEQUENCE.DISPLAY_SCREEN[1] (BEGIN) 
98319.409 DISPLAY_SCREEN[1] BLOCK.RECORDING_SEQUENCE.DISPLAY_SCREEN[1]
99610.297 MOUSE_R BLOCK.RECORDING_SEQUENCE.MOUSE_R
99610.438 SET_BUTTON_PRESS2 BLOCK.RECORDING_SEQUENCE.SET_BUTTON_PRESS2
99610.582 ADD_TO_RESULTS_FILE[1] BLOCK.RECORDING_SEQUENCE.ADD_TO_RESULTS_FILE[1]
99610.635 SetValueAction 
99632.143 TRIAL_IMAGE BLOCK.RECORDING_SEQUENCE.TRIAL_IMAGE (BEGIN) 
99636.387 TRIAL_IMAGE BLOCK.RECORDING_SEQUENCE.TRIAL_IMAGE
100111.503 TIMER[2] BLOCK.RECORDING_SEQUENCE.TIMER[2]
100121.614 DISPLAY_SCREEN[1] BLOCK.RECORDING_SEQUENCE.DISPLAY_SCREEN[1] (BEGIN) 
100136.531 DISPLAY_SCREEN[1] BLOCK.RECORDING_SEQUENCE.DISPLAY_SCREEN[1]
101017.311 MOUSE_R BLOCK.RECORDING_SEQUENCE.MOUSE_R
101017.455 SET_BUTTON_PRESS2 BLOCK.RECORDING_SEQUENCE.SET_BUTTON_PRESS2
101017.599 ADD_TO_RESULTS_FILE[1] BLOCK.RECORDING_SEQUENCE.ADD_TO_RESULTS_FILE[1]
101017.653 SetValueAction 
101040.796 TRIAL_IMAGE BLOCK.RECORDING_SEQUENCE.TRIAL_IMAGE (BEGIN) 
101053.421 TRIAL_IMAGE BLOCK.RECORDING_SEQUENCE.TRIAL_IMAGE
101528.516 TIMER[2] BLOCK.RECORDING_SEQUENCE.TIMER[2]
101538.613 DISPLAY_SCREEN[1] BLOCK.RECORDING_SEQUENCE.DISPLAY_SCREEN[1] (BEGIN) 
101553.542 DISPLAY_SCREEN[1] BLOCK.RECORDING_SEQUENCE.DISPLAY_SCREEN[1]
104053.592 TIMER[1] BLOCK.RECORDING_SEQUENCE.TIMER[1]
104053.732 SET_BUTTON_PRESS BLOCK.RECORDING_SEQUENCE.SET_BUTTON_PRESS
104053.874 ADD_TO_RESULTS_FILE[1] BLOCK.RECORDING_SEQUENCE.ADD_TO_RESULTS_FILE[1]
104053.927 SetValueAction 
104054.698 TRIAL_IMAGE BLOCK.RECORDING_SEQUENCE.TRIAL_IMAGE (BEGIN) 
104070.839 TRIAL_IMAGE BLOCK.RECORDING_SEQUENCE.TRIAL_IMAGE
104545.951 TIMER[2] BLOCK.RECORDING_SEQUENCE.TIMER[2]
104555.613 DISPLAY_SCREEN[1] BLOCK.RECORDING_SEQUENCE.DISPLAY_SCREEN[1] (BEGIN) 
104570.968 DISPLAY_SCREEN[1] BLOCK.RECORDING_SEQUENCE.DISPLAY_SCREEN[1]
105465.943 MOUSE_R BLOCK.RECORDING_SEQUENCE.MOUSE_R
105466.081 SET_BUTTON_PRESS2 BLOCK.RECORDING_SEQUENCE.SET_BUTTON_PRESS2
105466.223 ADD_TO_RESULTS_FILE[1] BLOCK.RECORDING_SEQUENCE.ADD_TO_RESULTS_FILE[1]
105466.273 SetValueAction 
105492.200 TRIAL_IMAGE BLOCK.RECORDING_SEQUENCE.TRIAL_IMAGE (BEGIN) 
105504.530 TRIAL_IMAGE BLOCK.RECORDING_SEQUENCE.TRIAL_IMAGE
105979.655 TIMER[2] BLOCK.RECORDING_SEQUENCE.TIMER[2]
105989.613 DISPLAY_SCREEN[1] BLOCK.RECORDING_SEQUENCE.DISPLAY_SCREEN[1] (BEGIN) 
106004.645 DISPLAY_SCREEN[1] BLOCK.RECORDING_SEQUENCE.DISPLAY_SCREEN[1]
108504.687 TIMER[1] BLOCK.RECORDING_SEQUENCE.TIMER[1]
108504.830 SET_BUTTON_PRESS BLOCK.RECORDING_SEQUENCE.SET_BUTTON_PRESS
108504.976 ADD_TO_RESULTS_FILE[1] BLOCK.RECORDING_SEQUENCE.ADD_TO_RESULTS_FILE[1]
108505.030 SetValueAction 
108530.898 TRIAL_IMAGE BLOCK.RECORDING_SEQUENCE.TRIAL_IMAGE (BEGIN) 
108538.614 TRIAL_IMAGE BLOCK.RECORDING_SEQUENCE.TRIAL_IMAGE
109013.681 TIMER[2] BLOCK.RECORDING_SEQUENCE.TIMER[2]
109023.612 DISPLAY_SCREEN[1] BLOCK.RECORDING_SEQUENCE.DISPLAY_SCREEN[1] (BEGIN) 
109038.733 DISPLAY_SCREEN[1] BLOCK.RECORDING_SEQUENCE.DISPLAY_SCREEN[1]
111538.790 TIMER[1] BLOCK.RECORDING_SEQUENCE.TIMER[1]
111538.930 SET_BUTTON_PRESS BLOCK.RECORDING_SEQUENCE.SET_BUTTON_PRESS
111539.074 ADD_TO_RESULTS_FILE[1] BLOCK.RECORDING_SEQUENCE.ADD_TO_RESULTS_FILE[1]
111541.681 DISPLAY_SCREEN BLOCK.DISPLAY_SCREEN (BEGIN) 
111556.028 DISPLAY_SCREEN BLOCK.DISPLAY_SCREEN
147206.128 MOUSE BLOCK.MOUSE
147437.333 PREPARE_SEQUENCE BLOCK.PREPARE_SEQUENCE
147437.495 SetValueAction 
147460.952 TRIAL_IMAGE BLOCK.RECORDING_SEQUENCE.TRIAL_IMAGE (BEGIN) 
147464.958 TRIAL_IMAGE BLOCK.RECORDING_SEQUENCE.TRIAL_IMAGE
147940.011 TIMER[2] BLOCK.RECORDING_SEQUENCE.TIMER[2]
147950.617 DISPLAY_SCREEN[1] BLOCK.RECORDING_SEQUENCE.DISPLAY_SCREEN[1] (BEGIN) 
147965.090 DISPLAY_SCREEN[1] BLOCK.RECORDING_SEQUENCE.DISPLAY_SCREEN[1]
150465.133 TIMER[1] BLOCK.RECORDING_SEQUENCE.TIMER[1]
150465.273 SET_BUTTON_PRESS BLOCK.RECORDING_SEQUENCE.SET_BUTTON_PRESS
150465.417 ADD_TO_RESULTS_FILE[1] BLOCK.RECORDING_SEQUENCE.ADD_TO_RESULTS_FILE[1]
150465.470 SetValueAction 
150473.439 TRIAL_IMAGE BLOCK.RECORDING_SEQUENCE.TRIAL_IMAGE (BEGIN) 
150482.371 TRIAL_IMAGE BLOCK.RECORDING_SEQUENCE.TRIAL_IMAGE
150957.466 TIMER[2] BLOCK.RECORDING_SEQUENCE.TIMER[2]
150967.613 DISPLAY_SCREEN[1] BLOCK.RECORDING_SEQUENCE.DISPLAY_SCREEN[1] (BEGIN) 
150982.498 DISPLAY_SCREEN[1] BLOCK.RECORDING_SEQUENCE.DISPLAY_SCREEN[1]
153295.233 MOUSE_R BLOCK.RECORDING_SEQUENCE.MOUSE_R
153295.379 SET_BUTTON_PRESS2 BLOCK.RECORDING_SEQUENCE.SET_BUTTON_PRESS2
153295.523 ADD_TO_RESULTS_FILE[1] BLOCK.RECORDING_SEQUENCE.ADD_TO_RESULTS_FILE[1]
153295.576 SetValueAction 
153318.028 TRIAL_IMAGE BLOCK.RECORDING_SEQUENCE.TRIAL_IMAGE (BEGIN) 
153333.098 TRIAL_IMAGE BLOCK.RECORDING_SEQUENCE.TRIAL_IMAGE
153808.216 TIMER[2] BLOCK.RECORDING_SEQUENCE.TIMER[2]
153818.614 DISPLAY_SCREEN[1] BLOCK.RECORDING_SEQUENCE.DISPLAY_SCREEN[1] (BEGIN) 
153833.217 DISPLAY_SCREEN[1] BLOCK.RECORDING_SEQUENCE.DISPLAY_SCREEN[1]
155703.447 MOUSE_R BLOCK.RECORDING_SEQUENCE.MOUSE_R
155703.592 SET_BUTTON_PRESS2 BLOCK.RECORDING_SEQUENCE.SET_BUTTON_PRESS2
155703.734 ADD_TO_RESULTS_FILE[1] BLOCK.RECORDING_SEQUENCE.ADD_TO_RESULTS_FILE[1]
155703.789 SetValueAction 
155723.033 TRIAL_IMAGE BLOCK.RECORDING_SEQUENCE.TRIAL_IMAGE (BEGIN) 
155733.684 TRIAL_IMAGE BLOCK.RECORDING_SEQUENCE.TRIAL_IMAGE
156208.758 TIMER[2] BLOCK.RECORDING_SEQUENCE.TIMER[2]
156218.613 DISPLAY_SCREEN[1] BLOCK.RECORDING_SEQUENCE.DISPLAY_SCREEN[1] (BEGIN) 
156233.810 DISPLAY_SCREEN[1] BLOCK.RECORDING_SEQUENCE.DISPLAY_SCREEN[1]
157469.720 MOUSE_R BLOCK.RECORDING_SEQUENCE.MOUSE_R
157469.867 SET_BUTTON_PRESS2 BLOCK.RECORDING_SEQUENCE.SET_BUTTON_PRESS2
157470.009 ADD_TO_RESULTS_FILE[1] BLOCK.RECORDING_SEQUENCE.ADD_TO_RESULTS_FILE[1]
157470.064 SetValueAction 
157494.088 TRIAL_IMAGE BLOCK.RECORDING_SEQUENCE.TRIAL_IMAGE (BEGIN) 
157500.814 TRIAL_IMAGE BLOCK.RECORDING_SEQUENCE.TRIAL_IMAGE
157975.887 TIMER[2] BLOCK.RECORDING_SEQUENCE.TIMER[2]
157985.613 DISPLAY_SCREEN[1] BLOCK.RECORDING_SEQUENCE.DISPLAY_SCREEN[1] (BEGIN) 
158000.914 DISPLAY_SCREEN[1] BLOCK.RECORDING_SEQUENCE.DISPLAY_SCREEN[1]
158382.941 MOUSE_R BLOCK.RECORDING_SEQUENCE.MOUSE_R
158383.075 SET_BUTTON_PRESS2 BLOCK.RECORDING_SEQUENCE.SET_BUTTON_PRESS2
158383.217 ADD_TO_RESULTS_FILE[1] BLOCK.RECORDING_SEQUENCE.ADD_TO_RESULTS_FILE[1]
158383.270 SetValueAction 
158405.727 TRIAL_IMAGE BLOCK.RECORDING_SEQUENCE.TRIAL_IMAGE (BEGIN) 
158417.683 TRIAL_IMAGE BLOCK.RECORDING_SEQUENCE.TRIAL_IMAGE
158892.787 TIMER[2] BLOCK.RECORDING_SEQUENCE.TIMER[2]
158902.613 DISPLAY_SCREEN[1] BLOCK.RECORDING_SEQUENCE.DISPLAY_SCREEN[1] (BEGIN) 
158917.821 DISPLAY_SCREEN[1] BLOCK.RECORDING_SEQUENCE.DISPLAY_SCREEN[1]
160270.841 MOUSE_R BLOCK.RECORDING_SEQUENCE.MOUSE_R
160270.996 SET_BUTTON_PRESS2 BLOCK.RECORDING_SEQUENCE.SET_BUTTON_PRESS2
160271.153 ADD_TO_RESULTS_FILE[1] BLOCK.RECORDING_SEQUENCE.ADD_TO_RESULTS_FILE[1]
160271.209 SetValueAction 
160292.403 TRIAL_IMAGE BLOCK.RECORDING_SEQUENCE.TRIAL_IMAGE (BEGIN) 
160301.482 TRIAL_IMAGE BLOCK.RECORDING_SEQUENCE.TRIAL_IMAGE
160776.587 TIMER[2] BLOCK.RECORDING_SEQUENCE.TIMER[2]
160786.614 DISPLAY_SCREEN[1] BLOCK.RECORDING_SEQUENCE.DISPLAY_SCREEN[1] (BEGIN) 
160801.618 DISPLAY_SCREEN[1] BLOCK.RECORDING_SEQUENCE.DISPLAY_SCREEN[1]
163301.699 TIMER[1] BLOCK.RECORDING_SEQUENCE.TIMER[1]
163301.858 SET_BUTTON_PRESS BLOCK.RECORDING_SEQUENCE.SET_BUTTON_PRESS
163302.019 ADD_TO_RESULTS_FILE[1] BLOCK.RECORDING_SEQUENCE.ADD_TO_RESULTS_FILE[1]
163302.076 SetValueAction 
163310.924 TRIAL_IMAGE BLOCK.RECORDING_SEQUENCE.TRIAL_IMAGE (BEGIN) 
163318.908 TRIAL_IMAGE BLOCK.RECORDING_SEQUENCE.TRIAL_IMAGE
163793.962 TIMER[2] BLOCK.RECORDING_SEQUENCE.TIMER[2]
163803.614 DISPLAY_SCREEN[1] BLOCK.RECORDING_SEQUENCE.DISPLAY_SCREEN[1] (BEGIN) 
163819.036 DISPLAY_SCREEN[1] BLOCK.RECORDING_SEQUENCE.DISPLAY_SCREEN[1]
164917.289 MOUSE_R BLOCK.RECORDING_SEQUENCE.MOUSE_R
164917.434 SET_BUTTON_PRESS2 BLOCK.RECORDING_SEQUENCE.SET_BUTTON_PRESS2
164917.578 ADD_TO_RESULTS_FILE[1] BLOCK.RECORDING_SEQUENCE.ADD_TO_RESULTS_FILE[1]
164917.632 SetValueAction 
164925.619 TRIAL_IMAGE BLOCK.RECORDING_SEQUENCE.TRIAL_IMAGE (BEGIN) 
164935.976 TRIAL_IMAGE BLOCK.RECORDING_SEQUENCE.TRIAL_IMAGE
165411.034 TIMER[2] BLOCK.RECORDING_SEQUENCE.TIMER[2]
165421.616 DISPLAY_SCREEN[1] BLOCK.RECORDING_SEQUENCE.DISPLAY_SCREEN[1] (BEGIN) 
165436.102 DISPLAY_SCREEN[1] BLOCK.RECORDING_SEQUENCE.DISPLAY_SCREEN[1]
166460.840 MOUSE_R BLOCK.RECORDING_SEQUENCE.MOUSE_R
166460.981 SET_BUTTON_PRESS2 BLOCK.RECORDING_SEQUENCE.SET_BUTTON_PRESS2
166461.124 ADD_TO_RESULTS_FILE[1] BLOCK.RECORDING_SEQUENCE.ADD_TO_RESULTS_FILE[1]
166461.178 SetValueAction 
166488.253 TRIAL_IMAGE BLOCK.RECORDING_SEQUENCE.TRIAL_IMAGE (BEGIN) 
166503.038 TRIAL_IMAGE BLOCK.RECORDING_SEQUENCE.TRIAL_IMAGE
166978.115 TIMER[2] BLOCK.RECORDING_SEQUENCE.TIMER[2]
166988.612 DISPLAY_SCREEN[1] BLOCK.RECORDING_SEQUENCE.DISPLAY_SCREEN[1] (BEGIN) 
167003.156 DISPLAY_SCREEN[1] BLOCK.RECORDING_SEQUENCE.DISPLAY_SCREEN[1]
167358.622 MOUSE_R BLOCK.RECORDING_SEQUENCE.MOUSE_R
167358.774 SET_BUTTON_PRESS2 BLOCK.RECORDING_SEQUENCE.SET_BUTTON_PRESS2
167358.913 ADD_TO_RESULTS_FILE[1] BLOCK.RECORDING_SEQUENCE.ADD_TO_RESULTS_FILE[1]
167358.965 SetValueAction 
167384.176 TRIAL_IMAGE BLOCK.RECORDING_SEQUENCE.TRIAL_IMAGE (BEGIN) 
167386.581 TRIAL_IMAGE BLOCK.RECORDING_SEQUENCE.TRIAL_IMAGE
167861.703 TIMER[2] BLOCK.RECORDING_SEQUENCE.TIMER[2]
167871.613 DISPLAY_SCREEN[1] BLOCK.RECORDING_SEQUENCE.DISPLAY_SCREEN[1] (BEGIN) 
167886.705 DISPLAY_SCREEN[1] BLOCK.RECORDING_SEQUENCE.DISPLAY_SCREEN[1]
169973.567 MOUSE_R BLOCK.RECORDING_SEQUENCE.MOUSE_R
169973.724 SET_BUTTON_PRESS2 BLOCK.RECORDING_SEQUENCE.SET_BUTTON_PRESS2
169973.876 ADD_TO_RESULTS_FILE[1] BLOCK.RECORDING_SEQUENCE.ADD_TO_RESULTS_FILE[1]
169973.930 SetValueAction 
169998.865 TRIAL_IMAGE BLOCK.RECORDING_SEQUENCE.TRIAL_IMAGE (BEGIN) 
170003.895 TRIAL_IMAGE BLOCK.RECORDING_SEQUENCE.TRIAL_IMAGE
170478.963 TIMER[2] BLOCK.RECORDING_SEQUENCE.TIMER[2]
170488.613 DISPLAY_SCREEN[1] BLOCK.RECORDING_SEQUENCE.DISPLAY_SCREEN[1] (BEGIN) 
170504.033 DISPLAY_SCREEN[1] BLOCK.RECORDING_SEQUENCE.DISPLAY_SCREEN[1]
173004.087 TIMER[1] BLOCK.RECORDING_SEQUENCE.TIMER[1]
173004.223 SET_BUTTON_PRESS BLOCK.RECORDING_SEQUENCE.SET_BUTTON_PRESS
173004.364 ADD_TO_RESULTS_FILE[1] BLOCK.RECORDING_SEQUENCE.ADD_TO_RESULTS_FILE[1]
173004.418 SetValueAction 
173025.992 TRIAL_IMAGE BLOCK.RECORDING_SEQUENCE.TRIAL_IMAGE (BEGIN) 
173037.992 TRIAL_IMAGE BLOCK.RECORDING_SEQUENCE.TRIAL_IMAGE
173513.041 TIMER[2] BLOCK.RECORDING_SEQUENCE.TIMER[2]
173523.613 DISPLAY_SCREEN[1] BLOCK.RECORDING_SEQUENCE.DISPLAY_SCREEN[1] (BEGIN) 
173538.111 DISPLAY_SCREEN[1] BLOCK.RECORDING_SEQUENCE.DISPLAY_SCREEN[1]
175093.312 MOUSE_R BLOCK.RECORDING_SEQUENCE.MOUSE_R
175093.457 SET_BUTTON_PRESS2 BLOCK.RECORDING_SEQUENCE.SET_BUTTON_PRESS2
175093.601 ADD_TO_RESULTS_FILE[1] BLOCK.RECORDING_SEQUENCE.ADD_TO_RESULTS_FILE[1]
175093.656 SetValueAction 
175115.207 TRIAL_IMAGE BLOCK.RECORDING_SEQUENCE.TRIAL_IMAGE (BEGIN) 
175121.840 TRIAL_IMAGE BLOCK.RECORDING_SEQUENCE.TRIAL_IMAGE
175596.930 TIMER[2] BLOCK.RECORDING_SEQUENCE.TIMER[2]
175606.613 DISPLAY_SCREEN[1] BLOCK.RECORDING_SEQUENCE.DISPLAY_SCREEN[1] (BEGIN) 
175621.973 DISPLAY_SCREEN[1] BLOCK.RECORDING_SEQUENCE.DISPLAY_SCREEN[1]
176005.187 MOUSE_R BLOCK.RECORDING_SEQUENCE.MOUSE_R
176005.324 SET_BUTTON_PRESS2 BLOCK.RECORDING_SEQUENCE.SET_BUTTON_PRESS2
176005.464 ADD_TO_RESULTS_FILE[1] BLOCK.RECORDING_SEQUENCE.ADD_TO_RESULTS_FILE[1]
176005.516 SetValueAction 
176014.007 TRIAL_IMAGE BLOCK.RECORDING_SEQUENCE.TRIAL_IMAGE (BEGIN) 
176022.064 TRIAL_IMAGE BLOCK.RECORDING_SEQUENCE.TRIAL_IMAGE
176497.194 TIMER[2] BLOCK.RECORDING_SEQUENCE.TIMER[2]
176507.635 DISPLAY_SCREEN[1] BLOCK.RECORDING_SEQUENCE.DISPLAY_SCREEN[1] (BEGIN) 
176522.210 DISPLAY_SCREEN[1] BLOCK.RECORDING_SEQUENCE.DISPLAY_SCREEN[1]
178853.308 MOUSE_R BLOCK.RECORDING_SEQUENCE.MOUSE_R
178853.455 SET_BUTTON_PRESS2 BLOCK.RECORDING_SEQUENCE.SET_BUTTON_PRESS2
178853.596 ADD_TO_RESULTS_FILE[1] BLOCK.RECORDING_SEQUENCE.ADD_TO_RESULTS_FILE[1]
178853.651 SetValueAction 
178857.617 TRIAL_IMAGE BLOCK.RECORDING_SEQUENCE.TRIAL_IMAGE (BEGIN) 
178872.775 TRIAL_IMAGE BLOCK.RECORDING_SEQUENCE.TRIAL_IMAGE
179347.891 TIMER[2] BLOCK.RECORDING_SEQUENCE.TIMER[2]
179357.613 DISPLAY_SCREEN[1] BLOCK.RECORDING_SEQUENCE.DISPLAY_SCREEN[1] (BEGIN) 
179372.897 DISPLAY_SCREEN[1] BLOCK.RECORDING_SEQUENCE.DISPLAY_SCREEN[1]
181872.907 TIMER[1] BLOCK.RECORDING_SEQUENCE.TIMER[1]
181873.043 SET_BUTTON_PRESS BLOCK.RECORDING_SEQUENCE.SET_BUTTON_PRESS
181873.185 ADD_TO_RESULTS_FILE[1] BLOCK.RECORDING_SEQUENCE.ADD_TO_RESULTS_FILE[1]
181873.239 SetValueAction 
181874.003 TRIAL_IMAGE BLOCK.RECORDING_SEQUENCE.TRIAL_IMAGE (BEGIN) 
181890.203 TRIAL_IMAGE BLOCK.RECORDING_SEQUENCE.TRIAL_IMAGE
182365.312 TIMER[2] BLOCK.RECORDING_SEQUENCE.TIMER[2]
182375.613 DISPLAY_SCREEN[1] BLOCK.RECORDING_SEQUENCE.DISPLAY_SCREEN[1] (BEGIN) 
182390.319 DISPLAY_SCREEN[1] BLOCK.RECORDING_SEQUENCE.DISPLAY_SCREEN[1]
182900.048 MOUSE_R BLOCK.RECORDING_SEQUENCE.MOUSE_R
182900.184 SET_BUTTON_PRESS2 BLOCK.RECORDING_SEQUENCE.SET_BUTTON_PRESS2
182900.324 ADD_TO_RESULTS_FILE[1] BLOCK.RECORDING_SEQUENCE.ADD_TO_RESULTS_FILE[1]
182900.376 SetValueAction 
182901.117 TRIAL_IMAGE BLOCK.RECORDING_SEQUENCE.TRIAL_IMAGE (BEGIN) 
182907.102 TRIAL_IMAGE BLOCK.RECORDING_SEQUENCE.TRIAL_IMAGE
183382.158 TIMER[2] BLOCK.RECORDING_SEQUENCE.TIMER[2]
183392.632 DISPLAY_SCREEN[1] BLOCK.RECORDING_SEQUENCE.DISPLAY_SCREEN[1] (BEGIN) 
183407.234 DISPLAY_SCREEN[1] BLOCK.RECORDING_SEQUENCE.DISPLAY_SCREEN[1]
185755.728 MOUSE_R BLOCK.RECORDING_SEQUENCE.MOUSE_R
185755.872 SET_BUTTON_PRESS2 BLOCK.RECORDING_SEQUENCE.SET_BUTTON_PRESS2
185756.015 ADD_TO_RESULTS_FILE[1] BLOCK.RECORDING_SEQUENCE.ADD_TO_RESULTS_FILE[1]
185756.069 SetValueAction 
185774.698 TRIAL_IMAGE BLOCK.RECORDING_SEQUENCE.TRIAL_IMAGE (BEGIN) 
185791.163 TRIAL_IMAGE BLOCK.RECORDING_SEQUENCE.TRIAL_IMAGE
186266.298 TIMER[2] BLOCK.RECORDING_SEQUENCE.TIMER[2]
186276.622 DISPLAY_SCREEN[1] BLOCK.RECORDING_SEQUENCE.DISPLAY_SCREEN[1] (BEGIN) 
186291.283 DISPLAY_SCREEN[1] BLOCK.RECORDING_SEQUENCE.DISPLAY_SCREEN[1]
186747.658 MOUSE_R BLOCK.RECORDING_SEQUENCE.MOUSE_R
186747.829 SET_BUTTON_PRESS2 BLOCK.RECORDING_SEQUENCE.SET_BUTTON_PRESS2
186747.987 ADD_TO_RESULTS_FILE[1] BLOCK.RECORDING_SEQUENCE.ADD_TO_RESULTS_FILE[1]
186748.044 SetValueAction 
186765.266 TRIAL_IMAGE BLOCK.RECORDING_SEQUENCE.TRIAL_IMAGE (BEGIN) 
186774.746 TRIAL_IMAGE BLOCK.RECORDING_SEQUENCE.TRIAL_IMAGE
187249.804 TIMER[2] BLOCK.RECORDING_SEQUENCE.TIMER[2]
187259.617 DISPLAY_SCREEN[1] BLOCK.RECORDING_SEQUENCE.DISPLAY_SCREEN[1] (BEGIN) 
187274.871 DISPLAY_SCREEN[1] BLOCK.RECORDING_SEQUENCE.DISPLAY_SCREEN[1]
189774.880 TIMER[1] BLOCK.RECORDING_SEQUENCE.TIMER[1]
189775.017 SET_BUTTON_PRESS BLOCK.RECORDING_SEQUENCE.SET_BUTTON_PRESS
189775.160 ADD_TO_RESULTS_FILE[1] BLOCK.RECORDING_SEQUENCE.ADD_TO_RESULTS_FILE[1]
189775.213 SetValueAction 
189795.056 TRIAL_IMAGE BLOCK.RECORDING_SEQUENCE.TRIAL_IMAGE (BEGIN) 
189808.838 TRIAL_IMAGE BLOCK.RECORDING_SEQUENCE.TRIAL_IMAGE
190283.952 TIMER[2] BLOCK.RECORDING_SEQUENCE.TIMER[2]
190293.613 DISPLAY_SCREEN[1] BLOCK.RECORDING_SEQUENCE.DISPLAY_SCREEN[1] (BEGIN) 
190308.957 DISPLAY_SCREEN[1] BLOCK.RECORDING_SEQUENCE.DISPLAY_SCREEN[1]
190892.901 MOUSE_R BLOCK.RECORDING_SEQUENCE.MOUSE_R
190893.043 SET_BUTTON_PRESS2 BLOCK.RECORDING_SEQUENCE.SET_BUTTON_PRESS2
190893.186 ADD_TO_RESULTS_FILE[1] BLOCK.RECORDING_SEQUENCE.ADD_TO_RESULTS_FILE[1]
190893.241 SetValueAction 
190901.811 TRIAL_IMAGE BLOCK.RECORDING_SEQUENCE.TRIAL_IMAGE (BEGIN) 
190909.096 TRIAL_IMAGE BLOCK.RECORDING_SEQUENCE.TRIAL_IMAGE
191384.219 TIMER[2] BLOCK.RECORDING_SEQUENCE.TIMER[2]
191394.612 DISPLAY_SCREEN[1] BLOCK.RECORDING_SEQUENCE.DISPLAY_SCREEN[1] (BEGIN) 
191409.230 DISPLAY_SCREEN[1] BLOCK.RECORDING_SEQUENCE.DISPLAY_SCREEN[1]
193909.260 TIMER[1] BLOCK.RECORDING_SEQUENCE.TIMER[1]
193909.400 SET_BUTTON_PRESS BLOCK.RECORDING_SEQUENCE.SET_BUTTON_PRESS
193909.566 ADD_TO_RESULTS_FILE[1] BLOCK.RECORDING_SEQUENCE.ADD_TO_RESULTS_FILE[1]
193909.628 SetValueAction 
193910.369 TRIAL_IMAGE BLOCK.RECORDING_SEQUENCE.TRIAL_IMAGE (BEGIN) 
193926.526 TRIAL_IMAGE BLOCK.RECORDING_SEQUENCE.TRIAL_IMAGE
194401.635 TIMER[2] BLOCK.RECORDING_SEQUENCE.TIMER[2]
194411.613 DISPLAY_SCREEN[1] BLOCK.RECORDING_SEQUENCE.DISPLAY_SCREEN[1] (BEGIN) 
194426.656 DISPLAY_SCREEN[1] BLOCK.RECORDING_SEQUENCE.DISPLAY_SCREEN[1]
196235.558 MOUSE_R BLOCK.RECORDING_SEQUENCE.MOUSE_R
196235.704 SET_BUTTON_PRESS2 BLOCK.RECORDING_SEQUENCE.SET_BUTTON_PRESS2
196235.847 ADD_TO_RESULTS_FILE[1] BLOCK.RECORDING_SEQUENCE.ADD_TO_RESULTS_FILE[1]
196235.900 SetValueAction 
196236.629 TRIAL_IMAGE BLOCK.RECORDING_SEQUENCE.TRIAL_IMAGE (BEGIN) 
196243.755 TRIAL_IMAGE BLOCK.RECORDING_SEQUENCE.TRIAL_IMAGE
196718.846 TIMER[2] BLOCK.RECORDING_SEQUENCE.TIMER[2]
196728.612 DISPLAY_SCREEN[1] BLOCK.RECORDING_SEQUENCE.DISPLAY_SCREEN[1] (BEGIN) 
196743.897 DISPLAY_SCREEN[1] BLOCK.RECORDING_SEQUENCE.DISPLAY_SCREEN[1]
197731.439 MOUSE_R BLOCK.RECORDING_SEQUENCE.MOUSE_R
197731.576 SET_BUTTON_PRESS2 BLOCK.RECORDING_SEQUENCE.SET_BUTTON_PRESS2
197731.717 ADD_TO_RESULTS_FILE[1] BLOCK.RECORDING_SEQUENCE.ADD_TO_RESULTS_FILE[1]
197731.769 SetValueAction 
197760.128 TRIAL_IMAGE BLOCK.RECORDING_SEQUENCE.TRIAL_IMAGE (BEGIN) 
197777.479 TRIAL_IMAGE BLOCK.RECORDING_SEQUENCE.TRIAL_IMAGE
198252.615 TIMER[2] BLOCK.RECORDING_SEQUENCE.TIMER[2]
198262.612 DISPLAY_SCREEN[1] BLOCK.RECORDING_SEQUENCE.DISPLAY_SCREEN[1] (BEGIN) 
198277.599 DISPLAY_SCREEN[1] BLOCK.RECORDING_SEQUENCE.DISPLAY_SCREEN[1]
199450.758 MOUSE_R BLOCK.RECORDING_SEQUENCE.MOUSE_R
199450.900 SET_BUTTON_PRESS2 BLOCK.RECORDING_SEQUENCE.SET_BUTTON_PRESS2
199451.041 ADD_TO_RESULTS_FILE[1] BLOCK.RECORDING_SEQUENCE.ADD_TO_RESULTS_FILE[1]
199451.093 SetValueAction 
199469.455 TRIAL_IMAGE BLOCK.RECORDING_SEQUENCE.TRIAL_IMAGE (BEGIN) 
199477.895 TRIAL_IMAGE BLOCK.RECORDING_SEQUENCE.TRIAL_IMAGE
199952.985 TIMER[2] BLOCK.RECORDING_SEQUENCE.TIMER[2]
199963.613 DISPLAY_SCREEN[1] BLOCK.RECORDING_SEQUENCE.DISPLAY_SCREEN[1] (BEGIN) 
199978.025 DISPLAY_SCREEN[1] BLOCK.RECORDING_SEQUENCE.DISPLAY_SCREEN[1]
201195.416 MOUSE_R BLOCK.RECORDING_SEQUENCE.MOUSE_R
201195.561 SET_BUTTON_PRESS2 BLOCK.RECORDING_SEQUENCE.SET_BUTTON_PRESS2
201195.704 ADD_TO_RESULTS_FILE[1] BLOCK.RECORDING_SEQUENCE.ADD_TO_RESULTS_FILE[1]
201195.759 SetValueAction 
201196.452 TRIAL_IMAGE BLOCK.RECORDING_SEQUENCE.TRIAL_IMAGE (BEGIN) 
201211.675 TRIAL_IMAGE BLOCK.RECORDING_SEQUENCE.TRIAL_IMAGE
201686.764 TIMER[2] BLOCK.RECORDING_SEQUENCE.TIMER[2]
201696.613 DISPLAY_SCREEN[1] BLOCK.RECORDING_SEQUENCE.DISPLAY_SCREEN[1] (BEGIN) 
201711.795 DISPLAY_SCREEN[1] BLOCK.RECORDING_SEQUENCE.DISPLAY_SCREEN[1]
204012.386 MOUSE_R BLOCK.RECORDING_SEQUENCE.MOUSE_R
204012.531 SET_BUTTON_PRESS2 BLOCK.RECORDING_SEQUENCE.SET_BUTTON_PRESS2
204012.673 ADD_TO_RESULTS_FILE[1] BLOCK.RECORDING_SEQUENCE.ADD_TO_RESULTS_FILE[1]
204012.727 SetValueAction 
204034.421 TRIAL_IMAGE BLOCK.RECORDING_SEQUENCE.TRIAL_IMAGE (BEGIN) 
204045.735 TRIAL_IMAGE BLOCK.RECORDING_SEQUENCE.TRIAL_IMAGE
204520.781 TIMER[2] BLOCK.RECORDING_SEQUENCE.TIMER[2]
204530.614 DISPLAY_SCREEN[1] BLOCK.RECORDING_SEQUENCE.DISPLAY_SCREEN[1] (BEGIN) 
204545.827 DISPLAY_SCREEN[1] BLOCK.RECORDING_SEQUENCE.DISPLAY_SCREEN[1]
205290.574 MOUSE_R BLOCK.RECORDING_SEQUENCE.MOUSE_R
205290.760 SET_BUTTON_PRESS2 BLOCK.RECORDING_SEQUENCE.SET_BUTTON_PRESS2
205290.904 ADD_TO_RESULTS_FILE[1] BLOCK.RECORDING_SEQUENCE.ADD_TO_RESULTS_FILE[1]
205290.958 SetValueAction 
205314.734 TRIAL_IMAGE BLOCK.RECORDING_SEQUENCE.TRIAL_IMAGE (BEGIN) 
205329.361 TRIAL_IMAGE BLOCK.RECORDING_SEQUENCE.TRIAL_IMAGE
205804.492 TIMER[2] BLOCK.RECORDING_SEQUENCE.TIMER[2]
205814.613 DISPLAY_SCREEN[1] BLOCK.RECORDING_SEQUENCE.DISPLAY_SCREEN[1] (BEGIN) 
205829.492 DISPLAY_SCREEN[1] BLOCK.RECORDING_SEQUENCE.DISPLAY_SCREEN[1]
208329.552 TIMER[1] BLOCK.RECORDING_SEQUENCE.TIMER[1]
208329.689 SET_BUTTON_PRESS BLOCK.RECORDING_SEQUENCE.SET_BUTTON_PRESS
208329.830 ADD_TO_RESULTS_FILE[1] BLOCK.RECORDING_SEQUENCE.ADD_TO_RESULTS_FILE[1]
208329.882 SetValueAction 
208354.760 TRIAL_IMAGE BLOCK.RECORDING_SEQUENCE.TRIAL_IMAGE (BEGIN) 
208363.453 TRIAL_IMAGE BLOCK.RECORDING_SEQUENCE.TRIAL_IMAGE
208838.536 TIMER[2] BLOCK.RECORDING_SEQUENCE.TIMER[2]
208848.613 DISPLAY_SCREEN[1] BLOCK.RECORDING_SEQUENCE.DISPLAY_SCREEN[1] (BEGIN) 
208863.573 DISPLAY_SCREEN[1] BLOCK.RECORDING_SEQUENCE.DISPLAY_SCREEN[1]
211363.583 TIMER[1] BLOCK.RECORDING_SEQUENCE.TIMER[1]
211363.721 SET_BUTTON_PRESS BLOCK.RECORDING_SEQUENCE.SET_BUTTON_PRESS
211363.862 ADD_TO_RESULTS_FILE[1] BLOCK.RECORDING_SEQUENCE.ADD_TO_RESULTS_FILE[1]
211363.915 SetValueAction 
211387.051 TRIAL_IMAGE BLOCK.RECORDING_SEQUENCE.TRIAL_IMAGE (BEGIN) 
211397.540 TRIAL_IMAGE BLOCK.RECORDING_SEQUENCE.TRIAL_IMAGE
211872.590 TIMER[2] BLOCK.RECORDING_SEQUENCE.TIMER[2]
211882.614 DISPLAY_SCREEN[1] BLOCK.RECORDING_SEQUENCE.DISPLAY_SCREEN[1] (BEGIN) 
211897.662 DISPLAY_SCREEN[1] BLOCK.RECORDING_SEQUENCE.DISPLAY_SCREEN[1]
212722.678 MOUSE_R BLOCK.RECORDING_SEQUENCE.MOUSE_R
212722.820 SET_BUTTON_PRESS2 BLOCK.RECORDING_SEQUENCE.SET_BUTTON_PRESS2
212722.963 ADD_TO_RESULTS_FILE[1] BLOCK.RECORDING_SEQUENCE.ADD_TO_RESULTS_FILE[1]
212723.019 SetValueAction 
212744.120 TRIAL_IMAGE BLOCK.RECORDING_SEQUENCE.TRIAL_IMAGE (BEGIN) 
212747.861 TRIAL_IMAGE BLOCK.RECORDING_SEQUENCE.TRIAL_IMAGE
213222.977 TIMER[2] BLOCK.RECORDING_SEQUENCE.TIMER[2]
213232.612 DISPLAY_SCREEN[1] BLOCK.RECORDING_SEQUENCE.DISPLAY_SCREEN[1] (BEGIN) 
213248.001 DISPLAY_SCREEN[1] BLOCK.RECORDING_SEQUENCE.DISPLAY_SCREEN[1]
215019.353 MOUSE_R BLOCK.RECORDING_SEQUENCE.MOUSE_R
215019.501 SET_BUTTON_PRESS2 BLOCK.RECORDING_SEQUENCE.SET_BUTTON_PRESS2
215019.650 ADD_TO_RESULTS_FILE[1] BLOCK.RECORDING_SEQUENCE.ADD_TO_RESULTS_FILE[1]
215019.707 SetValueAction 
215045.963 TRIAL_IMAGE BLOCK.RECORDING_SEQUENCE.TRIAL_IMAGE (BEGIN) 
215048.444 TRIAL_IMAGE BLOCK.RECORDING_SEQUENCE.TRIAL_IMAGE
215523.548 TIMER[2] BLOCK.RECORDING_SEQUENCE.TIMER[2]
215533.615 DISPLAY_SCREEN[1] BLOCK.RECORDING_SEQUENCE.DISPLAY_SCREEN[1] (BEGIN) 
215548.577 DISPLAY_SCREEN[1] BLOCK.RECORDING_SEQUENCE.DISPLAY_SCREEN[1]
217817.974 MOUSE_R BLOCK.RECORDING_SEQUENCE.MOUSE_R
217818.117 SET_BUTTON_PRESS2 BLOCK.RECORDING_SEQUENCE.SET_BUTTON_PRESS2
217818.260 ADD_TO_RESULTS_FILE[1] BLOCK.RECORDING_SEQUENCE.ADD_TO_RESULTS_FILE[1]
217818.314 SetValueAction 
217819.081 TRIAL_IMAGE BLOCK.RECORDING_SEQUENCE.TRIAL_IMAGE (BEGIN) 
217832.477 TRIAL_IMAGE BLOCK.RECORDING_SEQUENCE.TRIAL_IMAGE
218307.605 TIMER[2] BLOCK.RECORDING_SEQUENCE.TIMER[2]
218317.612 DISPLAY_SCREEN[1] BLOCK.RECORDING_SEQUENCE.DISPLAY_SCREEN[1] (BEGIN) 
218332.602 DISPLAY_SCREEN[1] BLOCK.RECORDING_SEQUENCE.DISPLAY_SCREEN[1]
219298.075 MOUSE_R BLOCK.RECORDING_SEQUENCE.MOUSE_R
219298.214 SET_BUTTON_PRESS2 BLOCK.RECORDING_SEQUENCE.SET_BUTTON_PRESS2
219298.367 ADD_TO_RESULTS_FILE[1] BLOCK.RECORDING_SEQUENCE.ADD_TO_RESULTS_FILE[1]
219298.429 SetValueAction 
219317.584 TRIAL_IMAGE BLOCK.RECORDING_SEQUENCE.TRIAL_IMAGE (BEGIN) 
219332.850 TRIAL_IMAGE BLOCK.RECORDING_SEQUENCE.TRIAL_IMAGE
219807.898 TIMER[2] BLOCK.RECORDING_SEQUENCE.TIMER[2]
219817.614 DISPLAY_SCREEN[1] BLOCK.RECORDING_SEQUENCE.DISPLAY_SCREEN[1] (BEGIN) 
219832.974 DISPLAY_SCREEN[1] BLOCK.RECORDING_SEQUENCE.DISPLAY_SCREEN[1]
220554.940 MOUSE_R BLOCK.RECORDING_SEQUENCE.MOUSE_R
220555.078 SET_BUTTON_PRESS2 BLOCK.RECORDING_SEQUENCE.SET_BUTTON_PRESS2
220555.223 ADD_TO_RESULTS_FILE[1] BLOCK.RECORDING_SEQUENCE.ADD_TO_RESULTS_FILE[1]
220555.275 SetValueAction 
220556.052 TRIAL_IMAGE BLOCK.RECORDING_SEQUENCE.TRIAL_IMAGE (BEGIN) 
220566.487 TRIAL_IMAGE BLOCK.RECORDING_SEQUENCE.TRIAL_IMAGE
221041.556 TIMER[2] BLOCK.RECORDING_SEQUENCE.TIMER[2]
221051.613 DISPLAY_SCREEN[1] BLOCK.RECORDING_SEQUENCE.DISPLAY_SCREEN[1] (BEGIN) 
221066.620 DISPLAY_SCREEN[1] BLOCK.RECORDING_SEQUENCE.DISPLAY_SCREEN[1]
222114.551 MOUSE_R BLOCK.RECORDING_SEQUENCE.MOUSE_R
222114.686 SET_BUTTON_PRESS2 BLOCK.RECORDING_SEQUENCE.SET_BUTTON_PRESS2
222114.829 ADD_TO_RESULTS_FILE[1] BLOCK.RECORDING_SEQUENCE.ADD_TO_RESULTS_FILE[1]
222114.884 SetValueAction 
222134.594 TRIAL_IMAGE BLOCK.RECORDING_SEQUENCE.TRIAL_IMAGE (BEGIN) 
222150.217 TRIAL_IMAGE BLOCK.RECORDING_SEQUENCE.TRIAL_IMAGE
222625.321 TIMER[2] BLOCK.RECORDING_SEQUENCE.TIMER[2]
222635.613 DISPLAY_SCREEN[1] BLOCK.RECORDING_SEQUENCE.DISPLAY_SCREEN[1] (BEGIN) 
222650.348 DISPLAY_SCREEN[1] BLOCK.RECORDING_SEQUENCE.DISPLAY_SCREEN[1]
225150.413 TIMER[1] BLOCK.RECORDING_SEQUENCE.TIMER[1]
225150.551 SET_BUTTON_PRESS BLOCK.RECORDING_SEQUENCE.SET_BUTTON_PRESS
225150.694 ADD_TO_RESULTS_FILE[1] BLOCK.RECORDING_SEQUENCE.ADD_TO_RESULTS_FILE[1]
225150.746 SetValueAction 
225151.543 TRIAL_IMAGE BLOCK.RECORDING_SEQUENCE.TRIAL_IMAGE (BEGIN) 
225167.626 TRIAL_IMAGE BLOCK.RECORDING_SEQUENCE.TRIAL_IMAGE
225642.712 TIMER[2] BLOCK.RECORDING_SEQUENCE.TIMER[2]
225652.612 DISPLAY_SCREEN[1] BLOCK.RECORDING_SEQUENCE.DISPLAY_SCREEN[1] (BEGIN) 
225667.751 DISPLAY_SCREEN[1] BLOCK.RECORDING_SEQUENCE.DISPLAY_SCREEN[1]
228167.792 TIMER[1] BLOCK.RECORDING_SEQUENCE.TIMER[1]
228167.929 SET_BUTTON_PRESS BLOCK.RECORDING_SEQUENCE.SET_BUTTON_PRESS
228168.071 ADD_TO_RESULTS_FILE[1] BLOCK.RECORDING_SEQUENCE.ADD_TO_RESULTS_FILE[1]
228168.124 SetValueAction 
228168.898 TRIAL_IMAGE BLOCK.RECORDING_SEQUENCE.TRIAL_IMAGE (BEGIN) 
228185.055 TRIAL_IMAGE BLOCK.RECORDING_SEQUENCE.TRIAL_IMAGE
228660.115 TIMER[2] BLOCK.RECORDING_SEQUENCE.TIMER[2]
228670.614 DISPLAY_SCREEN[1] BLOCK.RECORDING_SEQUENCE.DISPLAY_SCREEN[1] (BEGIN) 
228685.172 DISPLAY_SCREEN[1] BLOCK.RECORDING_SEQUENCE.DISPLAY_SCREEN[1]
229482.062 MOUSE_R BLOCK.RECORDING_SEQUENCE.MOUSE_R
229482.197 SET_BUTTON_PRESS2 BLOCK.RECORDING_SEQUENCE.SET_BUTTON_PRESS2
229482.361 ADD_TO_RESULTS_FILE[1] BLOCK.RECORDING_SEQUENCE.ADD_TO_RESULTS_FILE[1]
229482.412 SetValueAction 
229483.131 TRIAL_IMAGE BLOCK.RECORDING_SEQUENCE.TRIAL_IMAGE (BEGIN) 
229485.362 TRIAL_IMAGE BLOCK.RECORDING_SEQUENCE.TRIAL_IMAGE
229960.452 TIMER[2] BLOCK.RECORDING_SEQUENCE.TIMER[2]
229970.613 DISPLAY_SCREEN[1] BLOCK.RECORDING_SEQUENCE.DISPLAY_SCREEN[1] (BEGIN) 
229985.496 DISPLAY_SCREEN[1] BLOCK.RECORDING_SEQUENCE.DISPLAY_SCREEN[1]
232485.569 TIMER[1] BLOCK.RECORDING_SEQUENCE.TIMER[1]
232485.705 SET_BUTTON_PRESS BLOCK.RECORDING_SEQUENCE.SET_BUTTON_PRESS
232485.846 ADD_TO_RESULTS_FILE[1] BLOCK.RECORDING_SEQUENCE.ADD_TO_RESULTS_FILE[1]
232485.899 SetValueAction 
232486.607 TRIAL_IMAGE BLOCK.RECORDING_SEQUENCE.TRIAL_IMAGE (BEGIN) 
232502.806 TRIAL_IMAGE BLOCK.RECORDING_SEQUENCE.TRIAL_IMAGE
232977.838 TIMER[2] BLOCK.RECORDING_SEQUENCE.TIMER[2]
232987.613 DISPLAY_SCREEN[1] BLOCK.RECORDING_SEQUENCE.DISPLAY_SCREEN[1] (BEGIN) 
233002.912 DISPLAY_SCREEN[1] BLOCK.RECORDING_SEQUENCE.DISPLAY_SCREEN[1]
234306.472 MOUSE_R BLOCK.RECORDING_SEQUENCE.MOUSE_R
234306.617 SET_BUTTON_PRESS2 BLOCK.RECORDING_SEQUENCE.SET_BUTTON_PRESS2
234306.760 ADD_TO_RESULTS_FILE[1] BLOCK.RECORDING_SEQUENCE.ADD_TO_RESULTS_FILE[1]
234306.814 SetValueAction 
234307.513 TRIAL_IMAGE BLOCK.RECORDING_SEQUENCE.TRIAL_IMAGE (BEGIN) 
234319.903 TRIAL_IMAGE BLOCK.RECORDING_SEQUENCE.TRIAL_IMAGE
234795.019 TIMER[2] BLOCK.RECORDING_SEQUENCE.TIMER[2]
234804.613 DISPLAY_SCREEN[1] BLOCK.RECORDING_SEQUENCE.DISPLAY_SCREEN[1] (BEGIN) 
234820.032 DISPLAY_SCREEN[1] BLOCK.RECORDING_SEQUENCE.DISPLAY_SCREEN[1]
237320.077 TIMER[1] BLOCK.RECORDING_SEQUENCE.TIMER[1]
237320.216 SET_BUTTON_PRESS BLOCK.RECORDING_SEQUENCE.SET_BUTTON_PRESS
237320.361 ADD_TO_RESULTS_FILE[1] BLOCK.RECORDING_SEQUENCE.ADD_TO_RESULTS_FILE[1]
237320.415 SetValueAction 
237343.148 TRIAL_IMAGE BLOCK.RECORDING_SEQUENCE.TRIAL_IMAGE (BEGIN) 
237353.992 TRIAL_IMAGE BLOCK.RECORDING_SEQUENCE.TRIAL_IMAGE
237829.055 TIMER[2] BLOCK.RECORDING_SEQUENCE.TIMER[2]
237839.613 DISPLAY_SCREEN[1] BLOCK.RECORDING_SEQUENCE.DISPLAY_SCREEN[1] (BEGIN) 
237854.114 DISPLAY_SCREEN[1] BLOCK.RECORDING_SEQUENCE.DISPLAY_SCREEN[1]
238488.766 MOUSE_R BLOCK.RECORDING_SEQUENCE.MOUSE_R
238488.905 SET_BUTTON_PRESS2 BLOCK.RECORDING_SEQUENCE.SET_BUTTON_PRESS2
238489.048 ADD_TO_RESULTS_FILE[1] BLOCK.RECORDING_SEQUENCE.ADD_TO_RESULTS_FILE[1]
238489.100 SetValueAction 
238510.804 TRIAL_IMAGE BLOCK.RECORDING_SEQUENCE.TRIAL_IMAGE (BEGIN) 
238520.951 TRIAL_IMAGE BLOCK.RECORDING_SEQUENCE.TRIAL_IMAGE
238996.066 TIMER[2] BLOCK.RECORDING_SEQUENCE.TIMER[2]
239006.613 DISPLAY_SCREEN[1] BLOCK.RECORDING_SEQUENCE.DISPLAY_SCREEN[1] (BEGIN) 
239021.083 DISPLAY_SCREEN[1] BLOCK.RECORDING_SEQUENCE.DISPLAY_SCREEN[1]
239553.673 MOUSE_R BLOCK.RECORDING_SEQUENCE.MOUSE_R
239553.812 SET_BUTTON_PRESS2 BLOCK.RECORDING_SEQUENCE.SET_BUTTON_PRESS2
239553.957 ADD_TO_RESULTS_FILE[1] BLOCK.RECORDING_SEQUENCE.ADD_TO_RESULTS_FILE[1]
239554.009 SetValueAction 
239576.448 TRIAL_IMAGE BLOCK.RECORDING_SEQUENCE.TRIAL_IMAGE (BEGIN) 
239587.885 TRIAL_IMAGE BLOCK.RECORDING_SEQUENCE.TRIAL_IMAGE
240063.009 TIMER[2] BLOCK.RECORDING_SEQUENCE.TIMER[2]
240072.615 DISPLAY_SCREEN[1] BLOCK.RECORDING_SEQUENCE.DISPLAY_SCREEN[1] (BEGIN) 
240088.005 DISPLAY_SCREEN[1] BLOCK.RECORDING_SEQUENCE.DISPLAY_SCREEN[1]
240873.819 MOUSE_R BLOCK.RECORDING_SEQUENCE.MOUSE_R
240873.966 SET_BUTTON_PRESS2 BLOCK.RECORDING_SEQUENCE.SET_BUTTON_PRESS2
240874.111 ADD_TO_RESULTS_FILE[1] BLOCK.RECORDING_SEQUENCE.ADD_TO_RESULTS_FILE[1]
240874.167 SetValueAction 
240901.121 TRIAL_IMAGE BLOCK.RECORDING_SEQUENCE.TRIAL_IMAGE (BEGIN) 
240904.876 TRIAL_IMAGE BLOCK.RECORDING_SEQUENCE.TRIAL_IMAGE
241379.914 TIMER[2] BLOCK.RECORDING_SEQUENCE.TIMER[2]
241389.613 DISPLAY_SCREEN[1] BLOCK.RECORDING_SEQUENCE.DISPLAY_SCREEN[1] (BEGIN) 
241405.001 DISPLAY_SCREEN[1] BLOCK.RECORDING_SEQUENCE.DISPLAY_SCREEN[1]
242217.357 MOUSE_R BLOCK.RECORDING_SEQUENCE.MOUSE_R
242217.501 SET_BUTTON_PRESS2 BLOCK.RECORDING_SEQUENCE.SET_BUTTON_PRESS2
242217.644 ADD_TO_RESULTS_FILE[1] BLOCK.RECORDING_SEQUENCE.ADD_TO_RESULTS_FILE[1]
242217.698 SetValueAction 
242233.139 TRIAL_IMAGE BLOCK.RECORDING_SEQUENCE.TRIAL_IMAGE (BEGIN) 
242238.539 TRIAL_IMAGE BLOCK.RECORDING_SEQUENCE.TRIAL_IMAGE
242713.608 TIMER[2] BLOCK.RECORDING_SEQUENCE.TIMER[2]
242723.613 DISPLAY_SCREEN[1] BLOCK.RECORDING_SEQUENCE.DISPLAY_SCREEN[1] (BEGIN) 
242738.678 DISPLAY_SCREEN[1] BLOCK.RECORDING_SEQUENCE.DISPLAY_SCREEN[1]
244456.099 MOUSE_R BLOCK.RECORDING_SEQUENCE.MOUSE_R
244456.275 SET_BUTTON_PRESS2 BLOCK.RECORDING_SEQUENCE.SET_BUTTON_PRESS2
244456.417 ADD_TO_RESULTS_FILE[1] BLOCK.RECORDING_SEQUENCE.ADD_TO_RESULTS_FILE[1]
244456.472 SetValueAction 
244457.249 TRIAL_IMAGE BLOCK.RECORDING_SEQUENCE.TRIAL_IMAGE (BEGIN) 
244472.431 TRIAL_IMAGE BLOCK.RECORDING_SEQUENCE.TRIAL_IMAGE
244947.491 TIMER[2] BLOCK.RECORDING_SEQUENCE.TIMER[2]
244957.613 DISPLAY_SCREEN[1] BLOCK.RECORDING_SEQUENCE.DISPLAY_SCREEN[1] (BEGIN) 
244972.560 DISPLAY_SCREEN[1] BLOCK.RECORDING_SEQUENCE.DISPLAY_SCREEN[1]
245648.660 MOUSE_R BLOCK.RECORDING_SEQUENCE.MOUSE_R
245648.798 SET_BUTTON_PRESS2 BLOCK.RECORDING_SEQUENCE.SET_BUTTON_PRESS2
245648.940 ADD_TO_RESULTS_FILE[1] BLOCK.RECORDING_SEQUENCE.ADD_TO_RESULTS_FILE[1]
245648.992 SetValueAction 
245669.394 TRIAL_IMAGE BLOCK.RECORDING_SEQUENCE.TRIAL_IMAGE (BEGIN) 
245672.720 TRIAL_IMAGE BLOCK.RECORDING_SEQUENCE.TRIAL_IMAGE
246147.829 TIMER[2] BLOCK.RECORDING_SEQUENCE.TIMER[2]
246157.614 DISPLAY_SCREEN[1] BLOCK.RECORDING_SEQUENCE.DISPLAY_SCREEN[1] (BEGIN) 
246172.853 DISPLAY_SCREEN[1] BLOCK.RECORDING_SEQUENCE.DISPLAY_SCREEN[1]
247728.876 MOUSE_R BLOCK.RECORDING_SEQUENCE.MOUSE_R
247729.017 SET_BUTTON_PRESS2 BLOCK.RECORDING_SEQUENCE.SET_BUTTON_PRESS2
247729.181 ADD_TO_RESULTS_FILE[1] BLOCK.RECORDING_SEQUENCE.ADD_TO_RESULTS_FILE[1]
247729.234 SetValueAction 
247737.355 TRIAL_IMAGE BLOCK.RECORDING_SEQUENCE.TRIAL_IMAGE (BEGIN) 
247739.908 TRIAL_IMAGE BLOCK.RECORDING_SEQUENCE.TRIAL_IMAGE
248215.017 TIMER[2] BLOCK.RECORDING_SEQUENCE.TIMER[2]
248225.612 DISPLAY_SCREEN[1] BLOCK.RECORDING_SEQUENCE.DISPLAY_SCREEN[1] (BEGIN) 
248240.038 DISPLAY_SCREEN[1] BLOCK.RECORDING_SEQUENCE.DISPLAY_SCREEN[1]
250740.062 TIMER[1] BLOCK.RECORDING_SEQUENCE.TIMER[1]
250740.197 SET_BUTTON_PRESS BLOCK.RECORDING_SEQUENCE.SET_BUTTON_PRESS
250740.339 ADD_TO_RESULTS_FILE[1] BLOCK.RECORDING_SEQUENCE.ADD_TO_RESULTS_FILE[1]
250740.392 SetValueAction 
250749.568 TRIAL_IMAGE BLOCK.RECORDING_SEQUENCE.TRIAL_IMAGE (BEGIN) 
250757.330 TRIAL_IMAGE BLOCK.RECORDING_SEQUENCE.TRIAL_IMAGE
251232.475 TIMER[2] BLOCK.RECORDING_SEQUENCE.TIMER[2]
251242.613 DISPLAY_SCREEN[1] BLOCK.RECORDING_SEQUENCE.DISPLAY_SCREEN[1] (BEGIN) 
251257.453 DISPLAY_SCREEN[1] BLOCK.RECORDING_SEQUENCE.DISPLAY_SCREEN[1]
253757.489 TIMER[1] BLOCK.RECORDING_SEQUENCE.TIMER[1]
253757.630 SET_BUTTON_PRESS BLOCK.RECORDING_SEQUENCE.SET_BUTTON_PRESS
253757.775 ADD_TO_RESULTS_FILE[1] BLOCK.RECORDING_SEQUENCE.ADD_TO_RESULTS_FILE[1]
253757.829 SetValueAction 
253765.832 TRIAL_IMAGE BLOCK.RECORDING_SEQUENCE.TRIAL_IMAGE (BEGIN) 
253774.749 TRIAL_IMAGE BLOCK.RECORDING_SEQUENCE.TRIAL_IMAGE
254249.828 TIMER[2] BLOCK.RECORDING_SEQUENCE.TIMER[2]
254259.614 DISPLAY_SCREEN[1] BLOCK.RECORDING_SEQUENCE.DISPLAY_SCREEN[1] (BEGIN) 
254274.873 DISPLAY_SCREEN[1] BLOCK.RECORDING_SEQUENCE.DISPLAY_SCREEN[1]
256774.875 TIMER[1] BLOCK.RECORDING_SEQUENCE.TIMER[1]
256775.011 SET_BUTTON_PRESS BLOCK.RECORDING_SEQUENCE.SET_BUTTON_PRESS
256775.175 ADD_TO_RESULTS_FILE[1] BLOCK.RECORDING_SEQUENCE.ADD_TO_RESULTS_FILE[1]
256775.227 SetValueAction 
256802.350 TRIAL_IMAGE BLOCK.RECORDING_SEQUENCE.TRIAL_IMAGE (BEGIN) 
256808.833 TRIAL_IMAGE BLOCK.RECORDING_SEQUENCE.TRIAL_IMAGE
257283.930 TIMER[2] BLOCK.RECORDING_SEQUENCE.TIMER[2]
257293.612 DISPLAY_SCREEN[1] BLOCK.RECORDING_SEQUENCE.DISPLAY_SCREEN[1] (BEGIN) 
257308.956 DISPLAY_SCREEN[1] BLOCK.RECORDING_SEQUENCE.DISPLAY_SCREEN[1]
257615.837 MOUSE_R BLOCK.RECORDING_SEQUENCE.MOUSE_R
257615.974 SET_BUTTON_PRESS2 BLOCK.RECORDING_SEQUENCE.SET_BUTTON_PRESS2
257616.116 ADD_TO_RESULTS_FILE[1] BLOCK.RECORDING_SEQUENCE.ADD_TO_RESULTS_FILE[1]
257616.168 SetValueAction 
257616.874 TRIAL_IMAGE BLOCK.RECORDING_SEQUENCE.TRIAL_IMAGE (BEGIN) 
257625.705 TRIAL_IMAGE BLOCK.RECORDING_SEQUENCE.TRIAL_IMAGE
258100.781 TIMER[2] BLOCK.RECORDING_SEQUENCE.TIMER[2]
258110.612 DISPLAY_SCREEN[1] BLOCK.RECORDING_SEQUENCE.DISPLAY_SCREEN[1] (BEGIN) 
258125.824 DISPLAY_SCREEN[1] BLOCK.RECORDING_SEQUENCE.DISPLAY_SCREEN[1]
258496.504 MOUSE_R BLOCK.RECORDING_SEQUENCE.MOUSE_R
258496.641 SET_BUTTON_PRESS2 BLOCK.RECORDING_SEQUENCE.SET_BUTTON_PRESS2
258496.788 ADD_TO_RESULTS_FILE[1] BLOCK.RECORDING_SEQUENCE.ADD_TO_RESULTS_FILE[1]
258496.842 SetValueAction 
258497.512 TRIAL_IMAGE BLOCK.RECORDING_SEQUENCE.TRIAL_IMAGE (BEGIN) 
258509.254 TRIAL_IMAGE BLOCK.RECORDING_SEQUENCE.TRIAL_IMAGE
258984.370 TIMER[2] BLOCK.RECORDING_SEQUENCE.TIMER[2]
258994.613 DISPLAY_SCREEN[1] BLOCK.RECORDING_SEQUENCE.DISPLAY_SCREEN[1] (BEGIN) 
259009.378 DISPLAY_SCREEN[1] BLOCK.RECORDING_SEQUENCE.DISPLAY_SCREEN[1]
259607.808 MOUSE_R BLOCK.RECORDING_SEQUENCE.MOUSE_R
259607.940 SET_BUTTON_PRESS2 BLOCK.RECORDING_SEQUENCE.SET_BUTTON_PRESS2
259608.100 ADD_TO_RESULTS_FILE[1] BLOCK.RECORDING_SEQUENCE.ADD_TO_RESULTS_FILE[1]
259608.153 SetValueAction 
259629.264 TRIAL_IMAGE BLOCK.RECORDING_SEQUENCE.TRIAL_IMAGE (BEGIN) 
259642.869 TRIAL_IMAGE BLOCK.RECORDING_SEQUENCE.TRIAL_IMAGE
260117.967 TIMER[2] BLOCK.RECORDING_SEQUENCE.TIMER[2]
260127.613 DISPLAY_SCREEN[1] BLOCK.RECORDING_SEQUENCE.DISPLAY_SCREEN[1] (BEGIN) 
260143.005 DISPLAY_SCREEN[1] BLOCK.RECORDING_SEQUENCE.DISPLAY_SCREEN[1]
261343.367 MOUSE_R BLOCK.RECORDING_SEQUENCE.MOUSE_R
261343.507 SET_BUTTON_PRESS2 BLOCK.RECORDING_SEQUENCE.SET_BUTTON_PRESS2
261343.650 ADD_TO_RESULTS_FILE[1] BLOCK.RECORDING_SEQUENCE.ADD_TO_RESULTS_FILE[1]
261343.703 SetValueAction 
261344.384 TRIAL_IMAGE BLOCK.RECORDING_SEQUENCE.TRIAL_IMAGE (BEGIN) 
261359.968 TRIAL_IMAGE BLOCK.RECORDING_SEQUENCE.TRIAL_IMAGE
261835.123 TIMER[2] BLOCK.RECORDING_SEQUENCE.TIMER[2]
261845.613 DISPLAY_SCREEN[1] BLOCK.RECORDING_SEQUENCE.DISPLAY_SCREEN[1] (BEGIN) 
261860.097 DISPLAY_SCREEN[1] BLOCK.RECORDING_SEQUENCE.DISPLAY_SCREEN[1]
262415.282 MOUSE_R BLOCK.RECORDING_SEQUENCE.MOUSE_R
262415.426 SET_BUTTON_PRESS2 BLOCK.RECORDING_SEQUENCE.SET_BUTTON_PRESS2
262415.569 ADD_TO_RESULTS_FILE[1] BLOCK.RECORDING_SEQUENCE.ADD_TO_RESULTS_FILE[1]
262415.623 SetValueAction 
262428.618 TRIAL_IMAGE BLOCK.RECORDING_SEQUENCE.TRIAL_IMAGE (BEGIN) 
262443.569 TRIAL_IMAGE BLOCK.RECORDING_SEQUENCE.TRIAL_IMAGE
262918.643 TIMER[2] BLOCK.RECORDING_SEQUENCE.TIMER[2]
262928.615 DISPLAY_SCREEN[1] BLOCK.RECORDING_SEQUENCE.DISPLAY_SCREEN[1] (BEGIN) 
262943.692 DISPLAY_SCREEN[1] BLOCK.RECORDING_SEQUENCE.DISPLAY_SCREEN[1]
263950.677 MOUSE_R BLOCK.RECORDING_SEQUENCE.MOUSE_R
263950.823 SET_BUTTON_PRESS2 BLOCK.RECORDING_SEQUENCE.SET_BUTTON_PRESS2
263950.966 ADD_TO_RESULTS_FILE[1] BLOCK.RECORDING_SEQUENCE.ADD_TO_RESULTS_FILE[1]
263951.022 SetValueAction 
263978.271 TRIAL_IMAGE BLOCK.RECORDING_SEQUENCE.TRIAL_IMAGE (BEGIN) 
263993.967 TRIAL_IMAGE BLOCK.RECORDING_SEQUENCE.TRIAL_IMAGE
264469.032 TIMER[2] BLOCK.RECORDING_SEQUENCE.TIMER[2]
264479.615 DISPLAY_SCREEN[1] BLOCK.RECORDING_SEQUENCE.DISPLAY_SCREEN[1] (BEGIN) 
264494.106 DISPLAY_SCREEN[1] BLOCK.RECORDING_SEQUENCE.DISPLAY_SCREEN[1]
266686.485 MOUSE_R BLOCK.RECORDING_SEQUENCE.MOUSE_R
266686.629 SET_BUTTON_PRESS2 BLOCK.RECORDING_SEQUENCE.SET_BUTTON_PRESS2
266686.774 ADD_TO_RESULTS_FILE[1] BLOCK.RECORDING_SEQUENCE.ADD_TO_RESULTS_FILE[1]
266686.828 SetValueAction 
266687.566 TRIAL_IMAGE BLOCK.RECORDING_SEQUENCE.TRIAL_IMAGE (BEGIN) 
266694.617 TRIAL_IMAGE BLOCK.RECORDING_SEQUENCE.TRIAL_IMAGE
267169.745 TIMER[2] BLOCK.RECORDING_SEQUENCE.TIMER[2]
267179.614 DISPLAY_SCREEN[1] BLOCK.RECORDING_SEQUENCE.DISPLAY_SCREEN[1] (BEGIN) 
267194.751 DISPLAY_SCREEN[1] BLOCK.RECORDING_SEQUENCE.DISPLAY_SCREEN[1]
267479.797 MOUSE_R BLOCK.RECORDING_SEQUENCE.MOUSE_R
267479.930 SET_BUTTON_PRESS2 BLOCK.RECORDING_SEQUENCE.SET_BUTTON_PRESS2
267480.090 ADD_TO_RESULTS_FILE[1] BLOCK.RECORDING_SEQUENCE.ADD_TO_RESULTS_FILE[1]
267480.141 SetValueAction 
267489.454 TRIAL_IMAGE BLOCK.RECORDING_SEQUENCE.TRIAL_IMAGE (BEGIN) 
267494.826 TRIAL_IMAGE BLOCK.RECORDING_SEQUENCE.TRIAL_IMAGE
267969.874 TIMER[2] BLOCK.RECORDING_SEQUENCE.TIMER[2]
267979.614 DISPLAY_SCREEN[1] BLOCK.RECORDING_SEQUENCE.DISPLAY_SCREEN[1] (BEGIN) 
267994.957 DISPLAY_SCREEN[1] BLOCK.RECORDING_SEQUENCE.DISPLAY_SCREEN[1]
269127.138 MOUSE_R BLOCK.RECORDING_SEQUENCE.MOUSE_R
269127.277 SET_BUTTON_PRESS2 BLOCK.RECORDING_SEQUENCE.SET_BUTTON_PRESS2
269127.419 ADD_TO_RESULTS_FILE[1] BLOCK.RECORDING_SEQUENCE.ADD_TO_RESULTS_FILE[1]
269127.473 SetValueAction 
269130.616 TRIAL_IMAGE BLOCK.RECORDING_SEQUENCE.TRIAL_IMAGE (BEGIN) 
269145.238 TRIAL_IMAGE BLOCK.RECORDING_SEQUENCE.TRIAL_IMAGE
269620.325 TIMER[2] BLOCK.RECORDING_SEQUENCE.TIMER[2]
269630.614 DISPLAY_SCREEN[1] BLOCK.RECORDING_SEQUENCE.DISPLAY_SCREEN[1] (BEGIN) 
269645.364 DISPLAY_SCREEN[1] BLOCK.RECORDING_SEQUENCE.DISPLAY_SCREEN[1]
270134.851 MOUSE_R BLOCK.RECORDING_SEQUENCE.MOUSE_R
270134.985 SET_BUTTON_PRESS2 BLOCK.RECORDING_SEQUENCE.SET_BUTTON_PRESS2
270135.157 ADD_TO_RESULTS_FILE[1] BLOCK.RECORDING_SEQUENCE.ADD_TO_RESULTS_FILE[1]
270135.208 SetValueAction 
270157.178 TRIAL_IMAGE BLOCK.RECORDING_SEQUENCE.TRIAL_IMAGE (BEGIN) 
270162.150 TRIAL_IMAGE BLOCK.RECORDING_SEQUENCE.TRIAL_IMAGE
270637.295 TIMER[2] BLOCK.RECORDING_SEQUENCE.TIMER[2]
270647.616 DISPLAY_SCREEN[1] BLOCK.RECORDING_SEQUENCE.DISPLAY_SCREEN[1] (BEGIN) 
270662.279 DISPLAY_SCREEN[1] BLOCK.RECORDING_SEQUENCE.DISPLAY_SCREEN[1]
272823.313 MOUSE_R BLOCK.RECORDING_SEQUENCE.MOUSE_R
272823.475 SET_BUTTON_PRESS2 BLOCK.RECORDING_SEQUENCE.SET_BUTTON_PRESS2
272823.634 ADD_TO_RESULTS_FILE[1] BLOCK.RECORDING_SEQUENCE.ADD_TO_RESULTS_FILE[1]
272823.694 SetValueAction 
272824.442 TRIAL_IMAGE BLOCK.RECORDING_SEQUENCE.TRIAL_IMAGE (BEGIN) 
272829.476 TRIAL_IMAGE BLOCK.RECORDING_SEQUENCE.TRIAL_IMAGE
273304.615 TIMER[2] BLOCK.RECORDING_SEQUENCE.TIMER[2]
273314.614 DISPLAY_SCREEN[1] BLOCK.RECORDING_SEQUENCE.DISPLAY_SCREEN[1] (BEGIN) 
273329.620 DISPLAY_SCREEN[1] BLOCK.RECORDING_SEQUENCE.DISPLAY_SCREEN[1]
275829.640 TIMER[1] BLOCK.RECORDING_SEQUENCE.TIMER[1]
275829.779 SET_BUTTON_PRESS BLOCK.RECORDING_SEQUENCE.SET_BUTTON_PRESS
275829.921 ADD_TO_RESULTS_FILE[1] BLOCK.RECORDING_SEQUENCE.ADD_TO_RESULTS_FILE[1]
275829.997 SetValueAction 
275830.738 TRIAL_IMAGE BLOCK.RECORDING_SEQUENCE.TRIAL_IMAGE (BEGIN) 
275846.910 TRIAL_IMAGE BLOCK.RECORDING_SEQUENCE.TRIAL_IMAGE
276322.038 TIMER[2] BLOCK.RECORDING_SEQUENCE.TIMER[2]
276331.615 DISPLAY_SCREEN[1] BLOCK.RECORDING_SEQUENCE.DISPLAY_SCREEN[1] (BEGIN) 
276347.043 DISPLAY_SCREEN[1] BLOCK.RECORDING_SEQUENCE.DISPLAY_SCREEN[1]
276989.954 MOUSE_R BLOCK.RECORDING_SEQUENCE.MOUSE_R
276990.104 SET_BUTTON_PRESS2 BLOCK.RECORDING_SEQUENCE.SET_BUTTON_PRESS2
276990.243 ADD_TO_RESULTS_FILE[1] BLOCK.RECORDING_SEQUENCE.ADD_TO_RESULTS_FILE[1]
276990.295 SetValueAction 
276991.029 TRIAL_IMAGE BLOCK.RECORDING_SEQUENCE.TRIAL_IMAGE (BEGIN) 
276997.179 TRIAL_IMAGE BLOCK.RECORDING_SEQUENCE.TRIAL_IMAGE
277472.288 TIMER[2] BLOCK.RECORDING_SEQUENCE.TIMER[2]
277482.614 DISPLAY_SCREEN[1] BLOCK.RECORDING_SEQUENCE.DISPLAY_SCREEN[1] (BEGIN) 
277497.332 DISPLAY_SCREEN[1] BLOCK.RECORDING_SEQUENCE.DISPLAY_SCREEN[1]
278254.366 MOUSE_R BLOCK.RECORDING_SEQUENCE.MOUSE_R
278254.501 SET_BUTTON_PRESS2 BLOCK.RECORDING_SEQUENCE.SET_BUTTON_PRESS2
278254.643 ADD_TO_RESULTS_FILE[1] BLOCK.RECORDING_SEQUENCE.ADD_TO_RESULTS_FILE[1]
278254.694 SetValueAction 
278264.255 TRIAL_IMAGE BLOCK.RECORDING_SEQUENCE.TRIAL_IMAGE (BEGIN) 
278280.843 TRIAL_IMAGE BLOCK.RECORDING_SEQUENCE.TRIAL_IMAGE
278756.006 TIMER[2] BLOCK.RECORDING_SEQUENCE.TIMER[2]
278765.615 DISPLAY_SCREEN[1] BLOCK.RECORDING_SEQUENCE.DISPLAY_SCREEN[1] (BEGIN) 
278780.975 DISPLAY_SCREEN[1] BLOCK.RECORDING_SEQUENCE.DISPLAY_SCREEN[1]
279679.345 MOUSE_R BLOCK.RECORDING_SEQUENCE.MOUSE_R
279679.487 SET_BUTTON_PRESS2 BLOCK.RECORDING_SEQUENCE.SET_BUTTON_PRESS2
279679.628 ADD_TO_RESULTS_FILE[1] BLOCK.RECORDING_SEQUENCE.ADD_TO_RESULTS_FILE[1]
279679.682 SetValueAction 
279705.344 TRIAL_IMAGE BLOCK.RECORDING_SEQUENCE.TRIAL_IMAGE (BEGIN) 
279714.527 TRIAL_IMAGE BLOCK.RECORDING_SEQUENCE.TRIAL_IMAGE
280189.595 TIMER[2] BLOCK.RECORDING_SEQUENCE.TIMER[2]
280199.613 DISPLAY_SCREEN[1] BLOCK.RECORDING_SEQUENCE.DISPLAY_SCREEN[1] (BEGIN) 
280214.661 DISPLAY_SCREEN[1] BLOCK.RECORDING_SEQUENCE.DISPLAY_SCREEN[1]
282714.674 TIMER[1] BLOCK.RECORDING_SEQUENCE.TIMER[1]
282714.814 SET_BUTTON_PRESS BLOCK.RECORDING_SEQUENCE.SET_BUTTON_PRESS
282714.977 ADD_TO_RESULTS_FILE[1] BLOCK.RECORDING_SEQUENCE.ADD_TO_RESULTS_FILE[1]
282715.030 SetValueAction 
282723.703 TRIAL_IMAGE BLOCK.RECORDING_SEQUENCE.TRIAL_IMAGE (BEGIN) 
282731.950 TRIAL_IMAGE BLOCK.RECORDING_SEQUENCE.TRIAL_IMAGE
283207.065 TIMER[2] BLOCK.RECORDING_SEQUENCE.TIMER[2]
283217.613 DISPLAY_SCREEN[1] BLOCK.RECORDING_SEQUENCE.DISPLAY_SCREEN[1] (BEGIN) 
283232.082 DISPLAY_SCREEN[1] BLOCK.RECORDING_SEQUENCE.DISPLAY_SCREEN[1]
285732.148 TIMER[1] BLOCK.RECORDING_SEQUENCE.TIMER[1]
285732.310 SET_BUTTON_PRESS BLOCK.RECORDING_SEQUENCE.SET_BUTTON_PRESS
285732.454 ADD_TO_RESULTS_FILE[1] BLOCK.RECORDING_SEQUENCE.ADD_TO_RESULTS_FILE[1]
285732.507 SetValueAction 
285733.321 TRIAL_IMAGE BLOCK.RECORDING_SEQUENCE.TRIAL_IMAGE (BEGIN) 
285749.373 TRIAL_IMAGE BLOCK.RECORDING_SEQUENCE.TRIAL_IMAGE
286224.479 TIMER[2] BLOCK.RECORDING_SEQUENCE.TIMER[2]
286234.613 DISPLAY_SCREEN[1] BLOCK.RECORDING_SEQUENCE.DISPLAY_SCREEN[1] (BEGIN) 
286249.498 DISPLAY_SCREEN[1] BLOCK.RECORDING_SEQUENCE.DISPLAY_SCREEN[1]
288749.538 TIMER[1] BLOCK.RECORDING_SEQUENCE.TIMER[1]
288749.674 SET_BUTTON_PRESS BLOCK.RECORDING_SEQUENCE.SET_BUTTON_PRESS
288749.816 ADD_TO_RESULTS_FILE[1] BLOCK.RECORDING_SEQUENCE.ADD_TO_RESULTS_FILE[1]
288749.900 SetValueAction 
288750.657 TRIAL_IMAGE BLOCK.RECORDING_SEQUENCE.TRIAL_IMAGE (BEGIN) 
288766.788 TRIAL_IMAGE BLOCK.RECORDING_SEQUENCE.TRIAL_IMAGE
289241.944 TIMER[2] BLOCK.RECORDING_SEQUENCE.TIMER[2]
289251.613 DISPLAY_SCREEN[1] BLOCK.RECORDING_SEQUENCE.DISPLAY_SCREEN[1] (BEGIN) 
289266.913 DISPLAY_SCREEN[1] BLOCK.RECORDING_SEQUENCE.DISPLAY_SCREEN[1]
290030.316 MOUSE_R BLOCK.RECORDING_SEQUENCE.MOUSE_R
290030.451 SET_BUTTON_PRESS2 BLOCK.RECORDING_SEQUENCE.SET_BUTTON_PRESS2
290030.590 ADD_TO_RESULTS_FILE[1] BLOCK.RECORDING_SEQUENCE.ADD_TO_RESULTS_FILE[1]
290030.641 SetValueAction 
290031.380 TRIAL_IMAGE BLOCK.RECORDING_SEQUENCE.TRIAL_IMAGE (BEGIN) 
290033.759 TRIAL_IMAGE BLOCK.RECORDING_SEQUENCE.TRIAL_IMAGE
290508.848 TIMER[2] BLOCK.RECORDING_SEQUENCE.TIMER[2]
290518.625 DISPLAY_SCREEN[1] BLOCK.RECORDING_SEQUENCE.DISPLAY_SCREEN[1] (BEGIN) 
290533.889 DISPLAY_SCREEN[1] BLOCK.RECORDING_SEQUENCE.DISPLAY_SCREEN[1]
291294.420 MOUSE_R BLOCK.RECORDING_SEQUENCE.MOUSE_R
291294.553 SET_BUTTON_PRESS2 BLOCK.RECORDING_SEQUENCE.SET_BUTTON_PRESS2
291294.695 ADD_TO_RESULTS_FILE[1] BLOCK.RECORDING_SEQUENCE.ADD_TO_RESULTS_FILE[1]
291294.747 SetValueAction 
291318.318 TRIAL_IMAGE BLOCK.RECORDING_SEQUENCE.TRIAL_IMAGE (BEGIN) 
291334.101 TRIAL_IMAGE BLOCK.RECORDING_SEQUENCE.TRIAL_IMAGE
291809.210 TIMER[2] BLOCK.RECORDING_SEQUENCE.TIMER[2]
291819.614 DISPLAY_SCREEN[1] BLOCK.RECORDING_SEQUENCE.DISPLAY_SCREEN[1] (BEGIN) 
291834.217 DISPLAY_SCREEN[1] BLOCK.RECORDING_SEQUENCE.DISPLAY_SCREEN[1]
292117.358 MOUSE_R BLOCK.RECORDING_SEQUENCE.MOUSE_R
292117.492 SET_BUTTON_PRESS2 BLOCK.RECORDING_SEQUENCE.SET_BUTTON_PRESS2
292117.634 ADD_TO_RESULTS_FILE[1] BLOCK.RECORDING_SEQUENCE.ADD_TO_RESULTS_FILE[1]
292117.686 SetValueAction 
292118.453 TRIAL_IMAGE BLOCK.RECORDING_SEQUENCE.TRIAL_IMAGE (BEGIN) 
292134.298 TRIAL_IMAGE BLOCK.RECORDING_SEQUENCE.TRIAL_IMAGE
292609.396 TIMER[2] BLOCK.RECORDING_SEQUENCE.TIMER[2]
292619.612 DISPLAY_SCREEN[1] BLOCK.RECORDING_SEQUENCE.DISPLAY_SCREEN[1] (BEGIN) 
292634.409 DISPLAY_SCREEN[1] BLOCK.RECORDING_SEQUENCE.DISPLAY_SCREEN[1]
293796.777 MOUSE_R BLOCK.RECORDING_SEQUENCE.MOUSE_R
293796.949 SET_BUTTON_PRESS2 BLOCK.RECORDING_SEQUENCE.SET_BUTTON_PRESS2
293797.090 ADD_TO_RESULTS_FILE[1] BLOCK.RECORDING_SEQUENCE.ADD_TO_RESULTS_FILE[1]
293797.143 SetValueAction 
293797.987 TRIAL_IMAGE BLOCK.RECORDING_SEQUENCE.TRIAL_IMAGE (BEGIN) 
293801.368 TRIAL_IMAGE BLOCK.RECORDING_SEQUENCE.TRIAL_IMAGE
294276.484 TIMER[2] BLOCK.RECORDING_SEQUENCE.TIMER[2]
294286.614 DISPLAY_SCREEN[1] BLOCK.RECORDING_SEQUENCE.DISPLAY_SCREEN[1] (BEGIN) 
294301.500 DISPLAY_SCREEN[1] BLOCK.RECORDING_SEQUENCE.DISPLAY_SCREEN[1]
296132.991 MOUSE_R BLOCK.RECORDING_SEQUENCE.MOUSE_R
296133.139 SET_BUTTON_PRESS2 BLOCK.RECORDING_SEQUENCE.SET_BUTTON_PRESS2
296133.283 ADD_TO_RESULTS_FILE[1] BLOCK.RECORDING_SEQUENCE.ADD_TO_RESULTS_FILE[1]
296133.337 SetValueAction 
296136.617 TRIAL_IMAGE BLOCK.RECORDING_SEQUENCE.TRIAL_IMAGE (BEGIN) 
296151.954 TRIAL_IMAGE BLOCK.RECORDING_SEQUENCE.TRIAL_IMAGE
296627.034 TIMER[2] BLOCK.RECORDING_SEQUENCE.TIMER[2]
296637.613 DISPLAY_SCREEN[1] BLOCK.RECORDING_SEQUENCE.DISPLAY_SCREEN[1] (BEGIN) 
296652.083 DISPLAY_SCREEN[1] BLOCK.RECORDING_SEQUENCE.DISPLAY_SCREEN[1]
296948.731 MOUSE_R BLOCK.RECORDING_SEQUENCE.MOUSE_R
296948.966 SET_BUTTON_PRESS2 BLOCK.RECORDING_SEQUENCE.SET_BUTTON_PRESS2
296949.120 ADD_TO_RESULTS_FILE[1] BLOCK.RECORDING_SEQUENCE.ADD_TO_RESULTS_FILE[1]
296949.173 SetValueAction 
296949.896 TRIAL_IMAGE BLOCK.RECORDING_SEQUENCE.TRIAL_IMAGE (BEGIN) 
296952.144 TRIAL_IMAGE BLOCK.RECORDING_SEQUENCE.TRIAL_IMAGE
297427.223 TIMER[2] BLOCK.RECORDING_SEQUENCE.TIMER[2]
297437.612 DISPLAY_SCREEN[1] BLOCK.RECORDING_SEQUENCE.DISPLAY_SCREEN[1] (BEGIN) 
297452.273 DISPLAY_SCREEN[1] BLOCK.RECORDING_SEQUENCE.DISPLAY_SCREEN[1]
298917.370 MOUSE_R BLOCK.RECORDING_SEQUENCE.MOUSE_R
298917.516 SET_BUTTON_PRESS2 BLOCK.RECORDING_SEQUENCE.SET_BUTTON_PRESS2
298917.661 ADD_TO_RESULTS_FILE[1] BLOCK.RECORDING_SEQUENCE.ADD_TO_RESULTS_FILE[1]
298917.715 SetValueAction 
298920.617 TRIAL_IMAGE BLOCK.RECORDING_SEQUENCE.TRIAL_IMAGE (BEGIN) 
298935.986 TRIAL_IMAGE BLOCK.RECORDING_SEQUENCE.TRIAL_IMAGE
299411.057 TIMER[2] BLOCK.RECORDING_SEQUENCE.TIMER[2]
299421.613 DISPLAY_SCREEN[1] BLOCK.RECORDING_SEQUENCE.DISPLAY_SCREEN[1] (BEGIN) 
299436.113 DISPLAY_SCREEN[1] BLOCK.RECORDING_SEQUENCE.DISPLAY_SCREEN[1]
300333.621 MOUSE_R BLOCK.RECORDING_SEQUENCE.MOUSE_R
300333.774 SET_BUTTON_PRESS2 BLOCK.RECORDING_SEQUENCE.SET_BUTTON_PRESS2
300333.926 ADD_TO_RESULTS_FILE[1] BLOCK.RECORDING_SEQUENCE.ADD_TO_RESULTS_FILE[1]
300333.981 SetValueAction 
300337.615 TRIAL_IMAGE BLOCK.RECORDING_SEQUENCE.TRIAL_IMAGE (BEGIN) 
300353.009 TRIAL_IMAGE BLOCK.RECORDING_SEQUENCE.TRIAL_IMAGE
300828.110 TIMER[2] BLOCK.RECORDING_SEQUENCE.TIMER[2]
300838.613 DISPLAY_SCREEN[1] BLOCK.RECORDING_SEQUENCE.DISPLAY_SCREEN[1] (BEGIN) 
300853.127 DISPLAY_SCREEN[1] BLOCK.RECORDING_SEQUENCE.DISPLAY_SCREEN[1]
301540.706 MOUSE_R BLOCK.RECORDING_SEQUENCE.MOUSE_R
301540.864 SET_BUTTON_PRESS2 BLOCK.RECORDING_SEQUENCE.SET_BUTTON_PRESS2
301541.008 ADD_TO_RESULTS_FILE[1] BLOCK.RECORDING_SEQUENCE.ADD_TO_RESULTS_FILE[1]
301541.061 SetValueAction 
301567.700 TRIAL_IMAGE BLOCK.RECORDING_SEQUENCE.TRIAL_IMAGE (BEGIN) 
301569.972 TRIAL_IMAGE BLOCK.RECORDING_SEQUENCE.TRIAL_IMAGE
302045.068 TIMER[2] BLOCK.RECORDING_SEQUENCE.TIMER[2]
302055.613 DISPLAY_SCREEN[1] BLOCK.RECORDING_SEQUENCE.DISPLAY_SCREEN[1] (BEGIN) 
302070.097 DISPLAY_SCREEN[1] BLOCK.RECORDING_SEQUENCE.DISPLAY_SCREEN[1]
302877.962 MOUSE_R BLOCK.RECORDING_SEQUENCE.MOUSE_R
302878.106 SET_BUTTON_PRESS2 BLOCK.RECORDING_SEQUENCE.SET_BUTTON_PRESS2
302878.247 ADD_TO_RESULTS_FILE[1] BLOCK.RECORDING_SEQUENCE.ADD_TO_RESULTS_FILE[1]
302878.301 SetValueAction 
302879.021 TRIAL_IMAGE BLOCK.RECORDING_SEQUENCE.TRIAL_IMAGE (BEGIN) 
302886.965 TRIAL_IMAGE BLOCK.RECORDING_SEQUENCE.TRIAL_IMAGE
303362.097 TIMER[2] BLOCK.RECORDING_SEQUENCE.TIMER[2]
303372.613 DISPLAY_SCREEN[1] BLOCK.RECORDING_SEQUENCE.DISPLAY_SCREEN[1] (BEGIN) 
303387.097 DISPLAY_SCREEN[1] BLOCK.RECORDING_SEQUENCE.DISPLAY_SCREEN[1]
304684.274 MOUSE_R BLOCK.RECORDING_SEQUENCE.MOUSE_R
304684.418 SET_BUTTON_PRESS2 BLOCK.RECORDING_SEQUENCE.SET_BUTTON_PRESS2
304684.558 ADD_TO_RESULTS_FILE[1] BLOCK.RECORDING_SEQUENCE.ADD_TO_RESULTS_FILE[1]
304684.612 SetValueAction 
304693.754 TRIAL_IMAGE BLOCK.RECORDING_SEQUENCE.TRIAL_IMAGE (BEGIN) 
304704.088 TRIAL_IMAGE BLOCK.RECORDING_SEQUENCE.TRIAL_IMAGE
305179.207 TIMER[2] BLOCK.RECORDING_SEQUENCE.TIMER[2]
305189.614 DISPLAY_SCREEN[1] BLOCK.RECORDING_SEQUENCE.DISPLAY_SCREEN[1] (BEGIN) 
305204.218 DISPLAY_SCREEN[1] BLOCK.RECORDING_SEQUENCE.DISPLAY_SCREEN[1]
306597.310 MOUSE_R BLOCK.RECORDING_SEQUENCE.MOUSE_R
306597.454 SET_BUTTON_PRESS2 BLOCK.RECORDING_SEQUENCE.SET_BUTTON_PRESS2
306597.598 ADD_TO_RESULTS_FILE[1] BLOCK.RECORDING_SEQUENCE.ADD_TO_RESULTS_FILE[1]
306597.651 SetValueAction 
306598.378 TRIAL_IMAGE BLOCK.RECORDING_SEQUENCE.TRIAL_IMAGE (BEGIN) 
306604.556 TRIAL_IMAGE BLOCK.RECORDING_SEQUENCE.TRIAL_IMAGE
307079.651 TIMER[2] BLOCK.RECORDING_SEQUENCE.TIMER[2]
307089.613 DISPLAY_SCREEN[1] BLOCK.RECORDING_SEQUENCE.DISPLAY_SCREEN[1] (BEGIN) 
307104.676 DISPLAY_SCREEN[1] BLOCK.RECORDING_SEQUENCE.DISPLAY_SCREEN[1]
307405.451 MOUSE_R BLOCK.RECORDING_SEQUENCE.MOUSE_R
307405.584 SET_BUTTON_PRESS2 BLOCK.RECORDING_SEQUENCE.SET_BUTTON_PRESS2
307405.734 ADD_TO_RESULTS_FILE[1] BLOCK.RECORDING_SEQUENCE.ADD_TO_RESULTS_FILE[1]
307405.793 SetValueAction 
307406.527 TRIAL_IMAGE BLOCK.RECORDING_SEQUENCE.TRIAL_IMAGE (BEGIN) 
307421.424 TRIAL_IMAGE BLOCK.RECORDING_SEQUENCE.TRIAL_IMAGE
307896.482 TIMER[2] BLOCK.RECORDING_SEQUENCE.TIMER[2]
307906.613 DISPLAY_SCREEN[1] BLOCK.RECORDING_SEQUENCE.DISPLAY_SCREEN[1] (BEGIN) 
307921.558 DISPLAY_SCREEN[1] BLOCK.RECORDING_SEQUENCE.DISPLAY_SCREEN[1]
308045.103 MOUSE_R BLOCK.RECORDING_SEQUENCE.MOUSE_R
308045.234 SET_BUTTON_PRESS2 BLOCK.RECORDING_SEQUENCE.SET_BUTTON_PRESS2
308045.373 ADD_TO_RESULTS_FILE[1] BLOCK.RECORDING_SEQUENCE.ADD_TO_RESULTS_FILE[1]
308045.423 SetValueAction 
308055.095 TRIAL_IMAGE BLOCK.RECORDING_SEQUENCE.TRIAL_IMAGE (BEGIN) 
308071.592 TRIAL_IMAGE BLOCK.RECORDING_SEQUENCE.TRIAL_IMAGE
308546.738 TIMER[2] BLOCK.RECORDING_SEQUENCE.TIMER[2]
308556.616 DISPLAY_SCREEN[1] BLOCK.RECORDING_SEQUENCE.DISPLAY_SCREEN[1] (BEGIN) 
308571.728 DISPLAY_SCREEN[1] BLOCK.RECORDING_SEQUENCE.DISPLAY_SCREEN[1]
309165.199 MOUSE_R BLOCK.RECORDING_SEQUENCE.MOUSE_R
309165.337 SET_BUTTON_PRESS2 BLOCK.RECORDING_SEQUENCE.SET_BUTTON_PRESS2
309165.479 ADD_TO_RESULTS_FILE[1] BLOCK.RECORDING_SEQUENCE.ADD_TO_RESULTS_FILE[1]
309165.532 SetValueAction 
309166.268 TRIAL_IMAGE BLOCK.RECORDING_SEQUENCE.TRIAL_IMAGE (BEGIN) 
309171.852 TRIAL_IMAGE BLOCK.RECORDING_SEQUENCE.TRIAL_IMAGE
309646.933 TIMER[2] BLOCK.RECORDING_SEQUENCE.TIMER[2]
309656.612 DISPLAY_SCREEN[1] BLOCK.RECORDING_SEQUENCE.DISPLAY_SCREEN[1] (BEGIN) 
309671.987 DISPLAY_SCREEN[1] BLOCK.RECORDING_SEQUENCE.DISPLAY_SCREEN[1]
309964.327 MOUSE_R BLOCK.RECORDING_SEQUENCE.MOUSE_R
309964.458 SET_BUTTON_PRESS2 BLOCK.RECORDING_SEQUENCE.SET_BUTTON_PRESS2
309964.597 ADD_TO_RESULTS_FILE[1] BLOCK.RECORDING_SEQUENCE.ADD_TO_RESULTS_FILE[1]
309964.647 SetValueAction 
309965.339 TRIAL_IMAGE BLOCK.RECORDING_SEQUENCE.TRIAL_IMAGE (BEGIN) 
309972.050 TRIAL_IMAGE BLOCK.RECORDING_SEQUENCE.TRIAL_IMAGE
310447.103 TIMER[2] BLOCK.RECORDING_SEQUENCE.TIMER[2]
310457.613 DISPLAY_SCREEN[1] BLOCK.RECORDING_SEQUENCE.DISPLAY_SCREEN[1] (BEGIN) 
310472.188 DISPLAY_SCREEN[1] BLOCK.RECORDING_SEQUENCE.DISPLAY_SCREEN[1]
312020.602 MOUSE_R BLOCK.RECORDING_SEQUENCE.MOUSE_R
312020.747 SET_BUTTON_PRESS2 BLOCK.RECORDING_SEQUENCE.SET_BUTTON_PRESS2
312020.891 ADD_TO_RESULTS_FILE[1] BLOCK.RECORDING_SEQUENCE.ADD_TO_RESULTS_FILE[1]
312020.945 SetValueAction 
312024.616 TRIAL_IMAGE BLOCK.RECORDING_SEQUENCE.TRIAL_IMAGE (BEGIN) 
312039.238 TRIAL_IMAGE BLOCK.RECORDING_SEQUENCE.TRIAL_IMAGE
312514.330 TIMER[2] BLOCK.RECORDING_SEQUENCE.TIMER[2]
312524.614 DISPLAY_SCREEN[1] BLOCK.RECORDING_SEQUENCE.DISPLAY_SCREEN[1] (BEGIN) 
312539.366 DISPLAY_SCREEN[1] BLOCK.RECORDING_SEQUENCE.DISPLAY_SCREEN[1]
315039.411 TIMER[1] BLOCK.RECORDING_SEQUENCE.TIMER[1]
315039.549 SET_BUTTON_PRESS BLOCK.RECORDING_SEQUENCE.SET_BUTTON_PRESS
315039.691 ADD_TO_RESULTS_FILE[1] BLOCK.RECORDING_SEQUENCE.ADD_TO_RESULTS_FILE[1]
315039.744 SetValueAction 
315040.445 TRIAL_IMAGE BLOCK.RECORDING_SEQUENCE.TRIAL_IMAGE (BEGIN) 
315056.663 TRIAL_IMAGE BLOCK.RECORDING_SEQUENCE.TRIAL_IMAGE
315531.740 TIMER[2] BLOCK.RECORDING_SEQUENCE.TIMER[2]
315541.613 DISPLAY_SCREEN[1] BLOCK.RECORDING_SEQUENCE.DISPLAY_SCREEN[1] (BEGIN) 
315556.788 DISPLAY_SCREEN[1] BLOCK.RECORDING_SEQUENCE.DISPLAY_SCREEN[1]
318056.787 TIMER[1] BLOCK.RECORDING_SEQUENCE.TIMER[1]
318056.924 SET_BUTTON_PRESS BLOCK.RECORDING_SEQUENCE.SET_BUTTON_PRESS
318057.065 ADD_TO_RESULTS_FILE[1] BLOCK.RECORDING_SEQUENCE.ADD_TO_RESULTS_FILE[1]
318057.117 SetValueAction 
318057.877 TRIAL_IMAGE BLOCK.RECORDING_SEQUENCE.TRIAL_IMAGE (BEGIN) 
318074.079 TRIAL_IMAGE BLOCK.RECORDING_SEQUENCE.TRIAL_IMAGE
318549.149 TIMER[2] BLOCK.RECORDING_SEQUENCE.TIMER[2]
318559.615 DISPLAY_SCREEN[1] BLOCK.RECORDING_SEQUENCE.DISPLAY_SCREEN[1] (BEGIN) 
318574.204 DISPLAY_SCREEN[1] BLOCK.RECORDING_SEQUENCE.DISPLAY_SCREEN[1]
318884.696 MOUSE_R BLOCK.RECORDING_SEQUENCE.MOUSE_R
318884.828 SET_BUTTON_PRESS2 BLOCK.RECORDING_SEQUENCE.SET_BUTTON_PRESS2
318884.967 ADD_TO_RESULTS_FILE[1] BLOCK.RECORDING_SEQUENCE.ADD_TO_RESULTS_FILE[1]
318885.015 SetValueAction 
318885.239 TRIAL_IMAGE BLOCK.RECORDING_SEQUENCE.TRIAL_IMAGE (BEGIN) 
318890.935 TRIAL_IMAGE BLOCK.RECORDING_SEQUENCE.TRIAL_IMAGE
319366.040 TIMER[2] BLOCK.RECORDING_SEQUENCE.TIMER[2]
319376.612 DISPLAY_SCREEN[1] BLOCK.RECORDING_SEQUENCE.DISPLAY_SCREEN[1] (BEGIN) 
319391.077 DISPLAY_SCREEN[1] BLOCK.RECORDING_SEQUENCE.DISPLAY_SCREEN[1]
320099.218 MOUSE_R BLOCK.RECORDING_SEQUENCE.MOUSE_R
320099.350 SET_BUTTON_PRESS2 BLOCK.RECORDING_SEQUENCE.SET_BUTTON_PRESS2
320099.487 ADD_TO_RESULTS_FILE[1] BLOCK.RECORDING_SEQUENCE.ADD_TO_RESULTS_FILE[1]
320099.537 SetValueAction 
320100.206 TRIAL_IMAGE BLOCK.RECORDING_SEQUENCE.TRIAL_IMAGE (BEGIN) 
320107.910 TRIAL_IMAGE BLOCK.RECORDING_SEQUENCE.TRIAL_IMAGE
320582.962 TIMER[2] BLOCK.RECORDING_SEQUENCE.TIMER[2]
320593.613 DISPLAY_SCREEN[1] BLOCK.RECORDING_SEQUENCE.DISPLAY_SCREEN[1] (BEGIN) 
320608.036 DISPLAY_SCREEN[1] BLOCK.RECORDING_SEQUENCE.DISPLAY_SCREEN[1]
320891.369 MOUSE_R BLOCK.RECORDING_SEQUENCE.MOUSE_R
320891.501 SET_BUTTON_PRESS2 BLOCK.RECORDING_SEQUENCE.SET_BUTTON_PRESS2
320891.660 ADD_TO_RESULTS_FILE[1] BLOCK.RECORDING_SEQUENCE.ADD_TO_RESULTS_FILE[1]
320891.710 SetValueAction 
320892.355 TRIAL_IMAGE BLOCK.RECORDING_SEQUENCE.TRIAL_IMAGE (BEGIN) 
320908.110 TRIAL_IMAGE BLOCK.RECORDING_SEQUENCE.TRIAL_IMAGE
321383.168 TIMER[2] BLOCK.RECORDING_SEQUENCE.TIMER[2]
321393.632 DISPLAY_SCREEN[1] BLOCK.RECORDING_SEQUENCE.DISPLAY_SCREEN[1] (BEGIN) 
321408.234 DISPLAY_SCREEN[1] BLOCK.RECORDING_SEQUENCE.DISPLAY_SCREEN[1]
321708.356 MOUSE_R BLOCK.RECORDING_SEQUENCE.MOUSE_R
321708.487 SET_BUTTON_PRESS2 BLOCK.RECORDING_SEQUENCE.SET_BUTTON_PRESS2
321708.646 ADD_TO_RESULTS_FILE[1] BLOCK.RECORDING_SEQUENCE.ADD_TO_RESULTS_FILE[1]
321708.705 SetValueAction 
321709.379 TRIAL_IMAGE BLOCK.RECORDING_SEQUENCE.TRIAL_IMAGE (BEGIN) 
321724.984 TRIAL_IMAGE BLOCK.RECORDING_SEQUENCE.TRIAL_IMAGE
322200.039 TIMER[2] BLOCK.RECORDING_SEQUENCE.TIMER[2]
322210.629 DISPLAY_SCREEN[1] BLOCK.RECORDING_SEQUENCE.DISPLAY_SCREEN[1] (BEGIN) 
322225.112 DISPLAY_SCREEN[1] BLOCK.RECORDING_SEQUENCE.DISPLAY_SCREEN[1]
324725.163 TIMER[1] BLOCK.RECORDING_SEQUENCE.TIMER[1]
324725.302 SET_BUTTON_PRESS BLOCK.RECORDING_SEQUENCE.SET_BUTTON_PRESS
324725.465 ADD_TO_RESULTS_FILE[1] BLOCK.RECORDING_SEQUENCE.ADD_TO_RESULTS_FILE[1]
324725.519 SetValueAction 
324748.376 TRIAL_IMAGE BLOCK.RECORDING_SEQUENCE.TRIAL_IMAGE (BEGIN) 
324759.076 TRIAL_IMAGE BLOCK.RECORDING_SEQUENCE.TRIAL_IMAGE
325234.188 TIMER[2] BLOCK.RECORDING_SEQUENCE.TIMER[2]
325244.623 DISPLAY_SCREEN[1] BLOCK.RECORDING_SEQUENCE.DISPLAY_SCREEN[1] (BEGIN) 
325259.205 DISPLAY_SCREEN[1] BLOCK.RECORDING_SEQUENCE.DISPLAY_SCREEN[1]
327759.260 TIMER[1] BLOCK.RECORDING_SEQUENCE.TIMER[1]
327759.398 SET_BUTTON_PRESS BLOCK.RECORDING_SEQUENCE.SET_BUTTON_PRESS
327759.540 ADD_TO_RESULTS_FILE[1] BLOCK.RECORDING_SEQUENCE.ADD_TO_RESULTS_FILE[1]
327759.616 SetValueAction 
327760.352 TRIAL_IMAGE BLOCK.RECORDING_SEQUENCE.TRIAL_IMAGE (BEGIN) 
327776.495 TRIAL_IMAGE BLOCK.RECORDING_SEQUENCE.TRIAL_IMAGE
328251.607 TIMER[2] BLOCK.RECORDING_SEQUENCE.TIMER[2]
328261.613 DISPLAY_SCREEN[1] BLOCK.RECORDING_SEQUENCE.DISPLAY_SCREEN[1] (BEGIN) 
328276.616 DISPLAY_SCREEN[1] BLOCK.RECORDING_SEQUENCE.DISPLAY_SCREEN[1]
329531.516 MOUSE_R BLOCK.RECORDING_SEQUENCE.MOUSE_R
329531.686 SET_BUTTON_PRESS2 BLOCK.RECORDING_SEQUENCE.SET_BUTTON_PRESS2
329531.828 ADD_TO_RESULTS_FILE[1] BLOCK.RECORDING_SEQUENCE.ADD_TO_RESULTS_FILE[1]
329531.882 SetValueAction 
329532.620 TRIAL_IMAGE BLOCK.RECORDING_SEQUENCE.TRIAL_IMAGE (BEGIN) 
329543.603 TRIAL_IMAGE BLOCK.RECORDING_SEQUENCE.TRIAL_IMAGE
330018.699 TIMER[2] BLOCK.RECORDING_SEQUENCE.TIMER[2]
330028.616 DISPLAY_SCREEN[1] BLOCK.RECORDING_SEQUENCE.DISPLAY_SCREEN[1] (BEGIN) 
330043.725 DISPLAY_SCREEN[1] BLOCK.RECORDING_SEQUENCE.DISPLAY_SCREEN[1]
330331.138 MOUSE_R BLOCK.RECORDING_SEQUENCE.MOUSE_R
330331.270 SET_BUTTON_PRESS2 BLOCK.RECORDING_SEQUENCE.SET_BUTTON_PRESS2
330331.408 ADD_TO_RESULTS_FILE[1] BLOCK.RECORDING_SEQUENCE.ADD_TO_RESULTS_FILE[1]
330331.459 SetValueAction 
330341.769 TRIAL_IMAGE BLOCK.RECORDING_SEQUENCE.TRIAL_IMAGE (BEGIN) 
330360.466 TRIAL_IMAGE BLOCK.RECORDING_SEQUENCE.TRIAL_IMAGE
330835.522 TIMER[2] BLOCK.RECORDING_SEQUENCE.TIMER[2]
330845.614 DISPLAY_SCREEN[1] BLOCK.RECORDING_SEQUENCE.DISPLAY_SCREEN[1] (BEGIN) 
330860.591 DISPLAY_SCREEN[1] BLOCK.RECORDING_SEQUENCE.DISPLAY_SCREEN[1]
333210.632 MOUSE_R BLOCK.RECORDING_SEQUENCE.MOUSE_R
333210.772 SET_BUTTON_PRESS2 BLOCK.RECORDING_SEQUENCE.SET_BUTTON_PRESS2
333210.915 ADD_TO_RESULTS_FILE[1] BLOCK.RECORDING_SEQUENCE.ADD_TO_RESULTS_FILE[1]
333210.968 SetValueAction 
333211.676 TRIAL_IMAGE BLOCK.RECORDING_SEQUENCE.TRIAL_IMAGE (BEGIN) 
333227.849 TRIAL_IMAGE BLOCK.RECORDING_SEQUENCE.TRIAL_IMAGE
333702.937 TIMER[2] BLOCK.RECORDING_SEQUENCE.TIMER[2]
333712.613 DISPLAY_SCREEN[1] BLOCK.RECORDING_SEQUENCE.DISPLAY_SCREEN[1] (BEGIN) 
333727.971 DISPLAY_SCREEN[1] BLOCK.RECORDING_SEQUENCE.DISPLAY_SCREEN[1]
334018.377 MOUSE_R BLOCK.RECORDING_SEQUENCE.MOUSE_R
334018.510 SET_BUTTON_PRESS2 BLOCK.RECORDING_SEQUENCE.SET_BUTTON_PRESS2
334018.671 ADD_TO_RESULTS_FILE[1] BLOCK.RECORDING_SEQUENCE.ADD_TO_RESULTS_FILE[1]
334018.722 SetValueAction 
334019.391 TRIAL_IMAGE BLOCK.RECORDING_SEQUENCE.TRIAL_IMAGE (BEGIN) 
334028.045 TRIAL_IMAGE BLOCK.RECORDING_SEQUENCE.TRIAL_IMAGE
334503.164 TIMER[2] BLOCK.RECORDING_SEQUENCE.TIMER[2]
334513.614 DISPLAY_SCREEN[1] BLOCK.RECORDING_SEQUENCE.DISPLAY_SCREEN[1] (BEGIN) 
334528.173 DISPLAY_SCREEN[1] BLOCK.RECORDING_SEQUENCE.DISPLAY_SCREEN[1]
335083.567 MOUSE_R BLOCK.RECORDING_SEQUENCE.MOUSE_R
335083.702 SET_BUTTON_PRESS2 BLOCK.RECORDING_SEQUENCE.SET_BUTTON_PRESS2
335083.840 ADD_TO_RESULTS_FILE[1] BLOCK.RECORDING_SEQUENCE.ADD_TO_RESULTS_FILE[1]
335083.892 SetValueAction 
335084.550 TRIAL_IMAGE BLOCK.RECORDING_SEQUENCE.TRIAL_IMAGE (BEGIN) 
335094.968 TRIAL_IMAGE BLOCK.RECORDING_SEQUENCE.TRIAL_IMAGE
335570.066 TIMER[2] BLOCK.RECORDING_SEQUENCE.TIMER[2]
335580.623 DISPLAY_SCREEN[1] BLOCK.RECORDING_SEQUENCE.DISPLAY_SCREEN[1] (BEGIN) 
335595.105 DISPLAY_SCREEN[1] BLOCK.RECORDING_SEQUENCE.DISPLAY_SCREEN[1]
338095.113 TIMER[1] BLOCK.RECORDING_SEQUENCE.TIMER[1]
338095.249 SET_BUTTON_PRESS BLOCK.RECORDING_SEQUENCE.SET_BUTTON_PRESS
338095.389 ADD_TO_RESULTS_FILE[1] BLOCK.RECORDING_SEQUENCE.ADD_TO_RESULTS_FILE[1]
338095.442 SetValueAction 
338105.534 TRIAL_IMAGE BLOCK.RECORDING_SEQUENCE.TRIAL_IMAGE (BEGIN) 
338112.394 TRIAL_IMAGE BLOCK.RECORDING_SEQUENCE.TRIAL_IMAGE
338587.529 TIMER[2] BLOCK.RECORDING_SEQUENCE.TIMER[2]
338597.613 DISPLAY_SCREEN[1] BLOCK.RECORDING_SEQUENCE.DISPLAY_SCREEN[1] (BEGIN) 
338612.527 DISPLAY_SCREEN[1] BLOCK.RECORDING_SEQUENCE.DISPLAY_SCREEN[1]
341112.549 TIMER[1] BLOCK.RECORDING_SEQUENCE.TIMER[1]
341112.688 SET_BUTTON_PRESS BLOCK.RECORDING_SEQUENCE.SET_BUTTON_PRESS
341112.832 ADD_TO_RESULTS_FILE[1] BLOCK.RECORDING_SEQUENCE.ADD_TO_RESULTS_FILE[1]
341112.886 SetValueAction 
341113.619 TRIAL_IMAGE BLOCK.RECORDING_SEQUENCE.TRIAL_IMAGE (BEGIN) 
341129.822 TRIAL_IMAGE BLOCK.RECORDING_SEQUENCE.TRIAL_IMAGE
341604.883 TIMER[2] BLOCK.RECORDING_SEQUENCE.TIMER[2]
341614.613 DISPLAY_SCREEN[1] BLOCK.RECORDING_SEQUENCE.DISPLAY_SCREEN[1] (BEGIN) 
341629.941 DISPLAY_SCREEN[1] BLOCK.RECORDING_SEQUENCE.DISPLAY_SCREEN[1]
343722.687 MOUSE_R BLOCK.RECORDING_SEQUENCE.MOUSE_R
343722.832 SET_BUTTON_PRESS2 BLOCK.RECORDING_SEQUENCE.SET_BUTTON_PRESS2
343722.977 ADD_TO_RESULTS_FILE[1] BLOCK.RECORDING_SEQUENCE.ADD_TO_RESULTS_FILE[1]
343725.494 DISPLAY_SCREEN BLOCK.DISPLAY_SCREEN (BEGIN) 
343730.450 DISPLAY_SCREEN BLOCK.DISPLAY_SCREEN
343906.143 MOUSE BLOCK.MOUSE
343924.885 GOODBYE_SCREEN GOODBYE_SCREEN (BEGIN) 
343930.509 GOODBYE_SCREEN GOODBYE_SCREEN
361665.012 MOUSE[1] MOUSE[1]
el_logger: Quit logger.
******** END OF THE LOG FILE ********
